INFO:root:Program started
INFO:root:Robot set up!
ERROR:root:get_sensor error: Invalid sensor data
ERROR:root:get_sensor error: Invalid sensor data
ERROR:root:get_sensor error: Invalid sensor data
ERROR:root:get_sensor error: Invalid sensor data
ERROR:root:get_sensor error: Invalid sensor data
ERROR:root:get_sensor error: Invalid sensor data
ERROR:root:get_sensor error: Invalid sensor data
ERROR:root:get_sensor error: Invalid sensor data
ERROR:root:get_sensor error: Invalid sensor data
ERROR:root:get_sensor error: Invalid sensor data
ERROR:root:get_sensor error: Invalid sensor data
ERROR:root:get_sensor error: Invalid sensor data
ERROR:root:get_sensor error: Invalid sensor data
ERROR:root:get_sensor error: Invalid sensor data
ERROR:root:get_sensor error: Invalid sensor data
ERROR:root:get_sensor error: Invalid sensor data
ERROR:root:get_sensor error: Invalid sensor data
ERROR:root:get_sensor error: Invalid sensor data
ERROR:root:get_sensor error: Invalid sensor data
ERROR:root:get_sensor error: Invalid sensor data
ERROR:root:get_sensor error: Invalid sensor data
ERROR:root:get_sensor error: Invalid sensor data
ERROR:root:get_sensor error: Invalid sensor data
ERROR:root:get_sensor error: Invalid sensor data
ERROR:root:get_sensor error: Invalid sensor data
ERROR:root:get_sensor error: Invalid sensor data
ERROR:root:get_sensor error: Invalid sensor data
ERROR:root:get_sensor error: Invalid sensor data
ERROR:root:get_sensor error: Invalid sensor data
ERROR:root:get_sensor error: Invalid sensor data
ERROR:root:get_sensor error: Invalid sensor data
ERROR:root:get_sensor error: Invalid sensor data
ERROR:root:get_sensor error: Invalid sensor data
ERROR:root:get_sensor error: Invalid sensor data
ERROR:root:get_sensor error: Invalid sensor data
ERROR:root:get_sensor error: Invalid sensor data
ERROR:root:get_sensor error: Invalid sensor data
ERROR:root:get_sensor error: Invalid sensor data
ERROR:root:get_sensor error: Invalid sensor data
ERROR:root:get_sensor error: Invalid sensor data
ERROR:root:get_sensor error: Invalid sensor data
ERROR:root:get_sensor error: Invalid sensor data
ERROR:root:get_sensor error: Invalid sensor data
ERROR:root:get_sensor error: Invalid sensor data
ERROR:root:get_sensor error: Invalid sensor data
ERROR:root:get_sensor error: Invalid sensor data
ERROR:root:get_sensor error: Invalid sensor data
ERROR:root:get_sensor error: Invalid sensor data
ERROR:root:get_sensor error: Invalid sensor data
ERROR:root:get_sensor error: Invalid sensor data
ERROR:root:get_sensor error: Invalid sensor data
ERROR:root:get_sensor error: Invalid sensor data
ERROR:root:get_sensor error: Invalid sensor data
ERROR:root:get_sensor error: Invalid sensor data
ERROR:root:get_sensor error: Invalid sensor data
ERROR:root:get_sensor error: Invalid sensor data
ERROR:root:get_sensor error: Invalid sensor data
ERROR:root:get_sensor error: Invalid sensor data
ERROR:root:get_sensor error: Invalid sensor data
ERROR:root:get_sensor error: Invalid sensor data
ERROR:root:get_sensor error: Invalid sensor data
ERROR:root:get_sensor error: Invalid sensor data
ERROR:root:get_sensor error: Invalid sensor data
ERROR:root:get_sensor error: Invalid sensor data
ERROR:root:get_sensor error: Invalid sensor data
ERROR:root:get_sensor error: Invalid sensor data
ERROR:root:get_sensor error: Invalid sensor data
ERROR:root:get_sensor error: Invalid sensor data
ERROR:root:get_sensor error: Invalid sensor data
ERROR:root:get_sensor error: Invalid sensor data
ERROR:root:get_sensor error: Invalid sensor data
ERROR:root:get_sensor error: Invalid sensor data
ERROR:root:get_sensor error: Invalid sensor data
ERROR:root:get_sensor error: Invalid sensor data
ERROR:root:get_sensor error: Invalid sensor data
ERROR:root:get_sensor error: Invalid sensor data
ERROR:root:get_sensor error: Invalid sensor data
ERROR:root:get_sensor error: Invalid sensor data
ERROR:root:get_sensor error: Invalid sensor data
ERROR:root:get_sensor error: Invalid sensor data
ERROR:root:get_sensor error: Invalid sensor data
ERROR:root:get_sensor error: Invalid sensor data
ERROR:root:get_sensor error: Invalid sensor data
ERROR:root:get_sensor error: Invalid sensor data
ERROR:root:get_sensor error: Invalid sensor data
ERROR:root:get_sensor error: Invalid sensor data
ERROR:root:get_sensor error: Invalid sensor data
ERROR:root:get_sensor error: Invalid sensor data
ERROR:root:get_sensor error: Invalid sensor data
ERROR:root:get_sensor error: Invalid sensor data
ERROR:root:get_sensor error: Invalid sensor data
ERROR:root:get_sensor error: Invalid sensor data
ERROR:root:get_sensor error: Invalid sensor data
ERROR:root:get_sensor error: Invalid sensor data
ERROR:root:get_sensor error: Invalid sensor data
ERROR:root:get_sensor error: Invalid sensor data
ERROR:root:get_sensor error: Invalid sensor data
ERROR:root:get_sensor error: Invalid sensor data
ERROR:root:get_sensor error: Invalid sensor data
ERROR:root:get_sensor error: Invalid sensor data
ERROR:root:get_sensor error: Invalid sensor data
ERROR:root:get_sensor error: Invalid sensor data
ERROR:root:get_sensor error: Invalid sensor data
ERROR:root:get_sensor error: Invalid sensor data
ERROR:root:get_sensor error: Invalid sensor data
ERROR:root:get_sensor error: Invalid sensor data
ERROR:root:get_sensor error: Invalid sensor data
ERROR:root:get_sensor error: Invalid sensor data
ERROR:root:get_sensor error: Invalid sensor data
ERROR:root:get_sensor error: Invalid sensor data
ERROR:root:get_sensor error: Invalid sensor data
ERROR:root:get_sensor error: Invalid sensor data
ERROR:root:get_sensor error: Invalid sensor data
ERROR:root:get_sensor error: Invalid sensor data
ERROR:root:get_sensor error: Invalid sensor data
ERROR:root:get_sensor error: Invalid sensor data
ERROR:root:get_sensor error: Invalid sensor data
ERROR:root:get_sensor error: Invalid sensor data
ERROR:root:get_sensor error: Invalid sensor data
ERROR:root:get_sensor error: Invalid sensor data
ERROR:root:get_sensor error: Invalid sensor data
ERROR:root:get_sensor error: Invalid sensor data
ERROR:root:get_sensor error: Invalid sensor data
ERROR:root:get_sensor error: Invalid sensor data
ERROR:root:get_sensor error: Invalid sensor data
ERROR:root:get_sensor error: Invalid sensor data
ERROR:root:get_sensor error: Invalid sensor data
ERROR:root:get_sensor error: Invalid sensor data
ERROR:root:get_sensor error: Invalid sensor data
ERROR:root:get_sensor error: Invalid sensor data
ERROR:root:get_sensor error: Invalid sensor data
ERROR:root:get_sensor error: Invalid sensor data
ERROR:root:get_sensor error: Invalid sensor data
ERROR:root:get_sensor error: Invalid sensor data
ERROR:root:get_sensor error: Invalid sensor data
ERROR:root:get_sensor error: Invalid sensor data
ERROR:root:get_sensor error: Invalid sensor data
ERROR:root:get_sensor error: Invalid sensor data
ERROR:root:get_sensor error: Invalid sensor data
ERROR:root:get_sensor error: Invalid sensor data
ERROR:root:get_sensor error: Invalid sensor data
ERROR:root:get_sensor error: Invalid sensor data
INFO:root:Odometry was started, PID: 11315:
INFO:root:Initial location: 0.0, 0.0, 0.0
INFO:root:The blob's size is: 26.767465591430664
INFO:root:Found the ball! Approaching...
INFO:root:The blob's size is: 30.96323013305664
INFO:root:The blob's size is: 30.43840789794922
INFO:root:The blob's size is: 27.894882202148438
INFO:root:The blob's size is: 24.193899154663086
INFO:root:The blob's size is: 22.68996810913086
INFO:root:The blob's size is: 21.883943557739258
INFO:root:The blob's size is: 24.03665542602539
INFO:root:The blob's size is: 24.454437255859375
INFO:root:The blob's size is: 26.360149383544922
INFO:root:The blob's size is: 26.67971420288086
INFO:root:The blob's size is: 27.458425521850586
INFO:root:The blob's size is: 27.73754119873047
INFO:root:The blob's size is: 28.73552703857422
INFO:root:The blob's size is: 29.703540802001953
INFO:root:The blob's size is: 31.03728675842285
INFO:root:The blob's size is: 30.90852928161621
INFO:root:The blob's size is: 31.459007263183594
INFO:root:The blob's size is: 32.703243255615234
INFO:root:The blob's size is: 32.893253326416016
INFO:root:The blob's size is: 33.7522087097168
INFO:root:The blob's size is: 33.237388610839844
INFO:root:The blob's size is: 34.341270446777344
INFO:root:The blob's size is: 35.98387908935547
INFO:root:The blob's size is: 36.41862487792969
INFO:root:The blob's size is: 37.678977966308594
INFO:root:The blob's size is: 37.776119232177734
INFO:root:The blob's size is: 38.07804870605469
INFO:root:The blob's size is: 39.912315368652344
INFO:root:The blob's size is: 40.69258499145508
INFO:root:The blob's size is: 40.72686004638672
INFO:root:The blob's size is: 42.767642974853516
INFO:root:The blob's size is: 42.93931198120117
INFO:root:The blob's size is: 43.981075286865234
INFO:root:The blob's size is: 45.72711944580078
INFO:root:The blob's size is: 46.318695068359375
INFO:root:The blob's size is: 49.147247314453125
INFO:root:The blob's size is: 49.28794479370117
INFO:root:The blob's size is: 50.37734603881836
INFO:root:The blob's size is: 52.762779235839844
INFO:root:The blob's size is: 53.42866516113281
INFO:root:The blob's size is: 56.2293701171875
INFO:root:The blob's size is: 57.90300750732422
INFO:root:The blob's size is: 57.79285430908203
INFO:root:The blob's size is: 59.67827606201172
INFO:root:The blob's size is: 61.060916900634766
INFO:root:The blob's size is: 64.4937744140625
INFO:root:The blob's size is: 65.86620330810547
INFO:root:The blob's size is: 65.39678955078125
INFO:root:The blob's size is: 69.86748504638672
INFO:root:The blob's size is: 68.4979248046875
INFO:root:The blob's size is: 25.21074867248535
INFO:root:The blob's size is: 71.91677856445312
INFO:root:The blob's size is: 74.00030517578125
INFO:root:The blob's size is: 75.84355926513672
INFO:root:The blob's size is: 77.78681945800781
INFO:root:The blob's size is: 22.97933578491211
INFO:root:The blob's size is: 82.35108184814453
INFO:root:The blob's size is: 88.19225311279297
INFO:root:The blob's size is: 89.26708984375
INFO:root:The blob's size is: 88.86767578125
INFO:root:The blob's size is: 91.39005279541016
INFO:root:The blob's size is: 93.63636016845703
INFO:root:The blob's size is: 97.14995574951172
INFO:root:The blob's size is: 99.0357894897461
INFO:root:Ready to grab the ball.
INFO:root:The blob's size is: 35.1531867980957
INFO:root:Ball centered and ready to be catched!
INFO:root:The distance to be covered is: 0.26 meters
