INFO:root:Program started
INFO:root:Robot set up!
ERROR:root:get_sensor error: Invalid sensor data
ERROR:root:get_sensor error: Invalid sensor data
ERROR:root:get_sensor error: Invalid sensor data
ERROR:root:get_sensor error: Invalid sensor data
ERROR:root:get_sensor error: Invalid sensor data
ERROR:root:get_sensor error: Invalid sensor data
ERROR:root:get_sensor error: Invalid sensor data
ERROR:root:get_sensor error: Invalid sensor data
ERROR:root:get_sensor error: Invalid sensor data
ERROR:root:get_sensor error: Invalid sensor data
ERROR:root:get_sensor error: Invalid sensor data
ERROR:root:get_sensor error: Invalid sensor data
ERROR:root:get_sensor error: Invalid sensor data
ERROR:root:get_sensor error: Invalid sensor data
ERROR:root:get_sensor error: Invalid sensor data
ERROR:root:get_sensor error: Invalid sensor data
ERROR:root:get_sensor error: Invalid sensor data
ERROR:root:get_sensor error: Invalid sensor data
ERROR:root:get_sensor error: Invalid sensor data
ERROR:root:get_sensor error: Invalid sensor data
ERROR:root:get_sensor error: Invalid sensor data
ERROR:root:get_sensor error: Invalid sensor data
ERROR:root:get_sensor error: Invalid sensor data
ERROR:root:get_sensor error: Invalid sensor data
ERROR:root:get_sensor error: Invalid sensor data
ERROR:root:get_sensor error: Invalid sensor data
ERROR:root:get_sensor error: Invalid sensor data
ERROR:root:get_sensor error: Invalid sensor data
ERROR:root:get_sensor error: Invalid sensor data
ERROR:root:get_sensor error: Invalid sensor data
INFO:root:Odometry was started, PID: 4251:
INFO:root:Initial location: 0.0, 0.0, 0.0
INFO:root:The blob's size is: 108.18699645996094
INFO:root:The blob's size is: 46.032772064208984
INFO:root:The blob's size is: 46.06568145751953
INFO:root:The blob's size is: 47.68668746948242
INFO:root:The blob's size is: 46.51326370239258
INFO:root:The blob's size is: 65.58355712890625
INFO:root:The blob's size is: 113.87348175048828
INFO:root:The blob's size is: 116.33799743652344
INFO:root:The blob's size is: 48.99107360839844
INFO:root:The blob's size is: 142.72523498535156
INFO:root:The blob's size is: 129.239501953125
INFO:root:The blob's size is: 32.653621673583984
INFO:root:The blob's size is: 45.78302001953125
INFO:root:The blob's size is: 92.68771362304688
INFO:root:The blob's size is: 46.722808837890625
INFO:root:The blob's size is: 46.664024353027344
INFO:root:The blob's size is: 43.898258209228516
INFO:root:The blob's size is: 48.58314895629883
INFO:root:The blob's size is: 48.91002655029297
INFO:root:The blob's size is: 130.6033477783203
INFO:root:The blob's size is: 46.38312911987305
INFO:root:The blob's size is: 166.03489685058594
INFO:root:The blob's size is: 166.55653381347656
INFO:root:The blob's size is: 171.43646240234375
INFO:root:The blob's size is: 188.72779846191406
INFO:root:The blob's size is: 165.70559692382812
INFO:root:The blob's size is: 490.8518981933594
WARNING:root:A keyboard interruption was detected!
