INFO:root:Program started
INFO:root:Robot set up!
ERROR:root:get_sensor error: Sensor not configured or not supported.
INFO:root:Odometry was started, PID: 6624:
INFO:root:Initial location: 0.0, 0.0, 0.0
INFO:root:The blob's size is: 68.42922973632812
INFO:root:Found the ball! Approaching...
INFO:root:The blob's size is: 77.98957061767578
INFO:root:The blob's size is: 75.78950500488281
INFO:root:The blob's size is: 73.62950134277344
INFO:root:The blob's size is: 71.04138946533203
INFO:root:The blob's size is: 70.71722412109375
INFO:root:The blob's size is: 68.37053680419922
INFO:root:The blob's size is: 67.12555694580078
INFO:root:The blob's size is: 67.28170013427734
INFO:root:The blob's size is: 67.59706115722656
INFO:root:The blob's size is: 68.3051986694336
INFO:root:The blob's size is: 69.26441192626953
INFO:root:The blob's size is: 70.7400131225586
INFO:root:The blob's size is: 72.41219329833984
INFO:root:The blob's size is: 73.99789428710938
INFO:root:The blob's size is: 75.90669250488281
INFO:root:The blob's size is: 77.581787109375
INFO:root:The blob's size is: 79.46246337890625
INFO:root:The blob's size is: 81.27959442138672
INFO:root:The blob's size is: 82.9256591796875
INFO:root:The blob's size is: 84.486328125
INFO:root:The blob's size is: 86.2016372680664
INFO:root:The blob's size is: 87.42446899414062
INFO:root:The blob's size is: 89.01078796386719
INFO:root:The blob's size is: 89.63306427001953
INFO:root:The blob's size is: 90.22821044921875
INFO:root:The blob's size is: 91.20506286621094
INFO:root:The blob's size is: 91.33930969238281
INFO:root:The blob's size is: 92.11091613769531
INFO:root:The blob's size is: 93.55397033691406
INFO:root:The blob's size is: 93.83157348632812
INFO:root:The blob's size is: 94.7149429321289
INFO:root:The blob's size is: 95.3492202758789
INFO:root:The blob's size is: 96.62022399902344
INFO:root:The blob's size is: 96.72698974609375
INFO:root:The blob's size is: 97.86068725585938
INFO:root:Ready to grab the ball.
INFO:root:The blob's size is: 98.47213745117188
INFO:root:Ball centered and ready to be catched!
ERROR:root:get_sensor error: Sensor not configured or not supported.
ERROR:root:get_sensor error: Sensor not configured or not supported.
ERROR:root:get_sensor error: Sensor not configured or not supported.
ERROR:root:get_sensor error: Sensor not configured or not supported.
ERROR:root:get_sensor error: Sensor not configured or not supported.
ERROR:root:get_sensor error: Sensor not configured or not supported.
ERROR:root:get_sensor error: Sensor not configured or not supported.
ERROR:root:get_sensor error: Sensor not configured or not supported.
ERROR:root:get_sensor error: Sensor not configured or not supported.
ERROR:root:get_sensor error: Sensor not configured or not supported.
ERROR:root:get_sensor error: Sensor not configured or not supported.
ERROR:root:get_sensor error: Sensor not configured or not supported.
ERROR:root:get_sensor error: Sensor not configured or not supported.
ERROR:root:get_sensor error: Sensor not configured or not supported.
ERROR:root:get_sensor error: Sensor not configured or not supported.
ERROR:root:get_sensor error: Sensor not configured or not supported.
ERROR:root:get_sensor error: Sensor not configured or not supported.
ERROR:root:get_sensor error: Sensor not configured or not supported.
ERROR:root:get_sensor error: Sensor not configured or not supported.
ERROR:root:get_sensor error: Sensor not configured or not supported.
ERROR:root:get_sensor error: Sensor not configured or not supported.
ERROR:root:get_sensor error: Sensor not configured or not supported.
ERROR:root:get_sensor error: Sensor not configured or not supported.
ERROR:root:get_sensor error: Sensor not configured or not supported.
ERROR:root:get_sensor error: Sensor not configured or not supported.
ERROR:root:get_sensor error: Sensor not configured or not supported.
ERROR:root:get_sensor error: Sensor not configured or not supported.
ERROR:root:get_sensor error: Sensor not configured or not supported.
ERROR:root:get_sensor error: Sensor not configured or not supported.
ERROR:root:get_sensor error: Sensor not configured or not supported.
ERROR:root:get_sensor error: Sensor not configured or not supported.
ERROR:root:get_sensor error: Sensor not configured or not supported.
ERROR:root:get_sensor error: Sensor not configured or not supported.
ERROR:root:get_sensor error: Sensor not configured or not supported.
ERROR:root:get_sensor error: Sensor not configured or not supported.
ERROR:root:get_sensor error: Sensor not configured or not supported.
ERROR:root:get_sensor error: Sensor not configured or not supported.
ERROR:root:get_sensor error: Sensor not configured or not supported.
ERROR:root:get_sensor error: Sensor not configured or not supported.
ERROR:root:get_sensor error: Sensor not configured or not supported.
ERROR:root:get_sensor error: Sensor not configured or not supported.
ERROR:root:get_sensor error: Sensor not configured or not supported.
ERROR:root:get_sensor error: Sensor not configured or not supported.
ERROR:root:get_sensor error: Sensor not configured or not supported.
ERROR:root:get_sensor error: Sensor not configured or not supported.
ERROR:root:get_sensor error: Sensor not configured or not supported.
ERROR:root:get_sensor error: Sensor not configured or not supported.
ERROR:root:get_sensor error: Sensor not configured or not supported.
ERROR:root:get_sensor error: Sensor not configured or not supported.
ERROR:root:get_sensor error: Sensor not configured or not supported.
ERROR:root:get_sensor error: Sensor not configured or not supported.
ERROR:root:get_sensor error: Sensor not configured or not supported.
ERROR:root:get_sensor error: Sensor not configured or not supported.
ERROR:root:get_sensor error: Sensor not configured or not supported.
ERROR:root:get_sensor error: Sensor not configured or not supported.
ERROR:root:get_sensor error: Sensor not configured or not supported.
ERROR:root:get_sensor error: Sensor not configured or not supported.
ERROR:root:get_sensor error: Sensor not configured or not supported.
ERROR:root:get_sensor error: Sensor not configured or not supported.
ERROR:root:get_sensor error: Sensor not configured or not supported.
ERROR:root:get_sensor error: Sensor not configured or not supported.
ERROR:root:get_sensor error: Sensor not configured or not supported.
ERROR:root:get_sensor error: Sensor not configured or not supported.
ERROR:root:get_sensor error: Sensor not configured or not supported.
ERROR:root:get_sensor error: Sensor not configured or not supported.
ERROR:root:get_sensor error: Sensor not configured or not supported.
ERROR:root:get_sensor error: Sensor not configured or not supported.
ERROR:root:get_sensor error: Sensor not configured or not supported.
ERROR:root:get_sensor error: Sensor not configured or not supported.
ERROR:root:get_sensor error: Sensor not configured or not supported.
ERROR:root:get_sensor error: Sensor not configured or not supported.
ERROR:root:get_sensor error: Sensor not configured or not supported.
ERROR:root:get_sensor error: Sensor not configured or not supported.
ERROR:root:get_sensor error: Sensor not configured or not supported.
ERROR:root:get_sensor error: Sensor not configured or not supported.
ERROR:root:get_sensor error: Sensor not configured or not supported.
ERROR:root:get_sensor error: Sensor not configured or not supported.
ERROR:root:get_sensor error: Sensor not configured or not supported.
ERROR:root:get_sensor error: Sensor not configured or not supported.
ERROR:root:get_sensor error: Sensor not configured or not supported.
ERROR:root:get_sensor error: Sensor not configured or not supported.
ERROR:root:get_sensor error: Sensor not configured or not supported.
ERROR:root:get_sensor error: Sensor not configured or not supported.
ERROR:root:get_sensor error: Sensor not configured or not supported.
ERROR:root:get_sensor error: Sensor not configured or not supported.
ERROR:root:get_sensor error: Sensor not configured or not supported.
ERROR:root:get_sensor error: Sensor not configured or not supported.
ERROR:root:get_sensor error: Sensor not configured or not supported.
ERROR:root:get_sensor error: Sensor not configured or not supported.
ERROR:root:get_sensor error: Sensor not configured or not supported.
ERROR:root:get_sensor error: Sensor not configured or not supported.
ERROR:root:get_sensor error: Sensor not configured or not supported.
ERROR:root:get_sensor error: Sensor not configured or not supported.
ERROR:root:get_sensor error: Sensor not configured or not supported.
ERROR:root:get_sensor error: Sensor not configured or not supported.
ERROR:root:get_sensor error: Sensor not configured or not supported.
ERROR:root:get_sensor error: Sensor not configured or not supported.
ERROR:root:get_sensor error: Sensor not configured or not supported.
ERROR:root:get_sensor error: Sensor not configured or not supported.
ERROR:root:get_sensor error: Sensor not configured or not supported.
ERROR:root:get_sensor error: Sensor not configured or not supported.
ERROR:root:get_sensor error: Sensor not configured or not supported.
ERROR:root:get_sensor error: Sensor not configured or not supported.
ERROR:root:get_sensor error: Sensor not configured or not supported.
ERROR:root:get_sensor error: Sensor not configured or not supported.
ERROR:root:get_sensor error: Sensor not configured or not supported.
ERROR:root:get_sensor error: Sensor not configured or not supported.
ERROR:root:get_sensor error: Sensor not configured or not supported.
ERROR:root:get_sensor error: Sensor not configured or not supported.
ERROR:root:get_sensor error: Sensor not configured or not supported.
ERROR:root:get_sensor error: Sensor not configured or not supported.
ERROR:root:get_sensor error: Sensor not configured or not supported.
ERROR:root:get_sensor error: Sensor not configured or not supported.
ERROR:root:get_sensor error: Sensor not configured or not supported.
ERROR:root:get_sensor error: Sensor not configured or not supported.
ERROR:root:get_sensor error: Sensor not configured or not supported.
ERROR:root:get_sensor error: Sensor not configured or not supported.
ERROR:root:get_sensor error: Sensor not configured or not supported.
ERROR:root:get_sensor error: Sensor not configured or not supported.
ERROR:root:get_sensor error: Sensor not configured or not supported.
ERROR:root:get_sensor error: Sensor not configured or not supported.
ERROR:root:get_sensor error: Sensor not configured or not supported.
ERROR:root:get_sensor error: Sensor not configured or not supported.
ERROR:root:get_sensor error: Sensor not configured or not supported.
ERROR:root:get_sensor error: Sensor not configured or not supported.
ERROR:root:get_sensor error: Sensor not configured or not supported.
ERROR:root:get_sensor error: Sensor not configured or not supported.
ERROR:root:get_sensor error: Sensor not configured or not supported.
ERROR:root:get_sensor error: Sensor not configured or not supported.
ERROR:root:get_sensor error: Sensor not configured or not supported.
ERROR:root:get_sensor error: Sensor not configured or not supported.
ERROR:root:get_sensor error: Sensor not configured or not supported.
ERROR:root:get_sensor error: Sensor not configured or not supported.
ERROR:root:get_sensor error: Sensor not configured or not supported.
ERROR:root:get_sensor error: Sensor not configured or not supported.
ERROR:root:get_sensor error: Sensor not configured or not supported.
ERROR:root:get_sensor error: Sensor not configured or not supported.
ERROR:root:get_sensor error: Sensor not configured or not supported.
ERROR:root:get_sensor error: Sensor not configured or not supported.
ERROR:root:get_sensor error: Sensor not configured or not supported.
ERROR:root:get_sensor error: Sensor not configured or not supported.
ERROR:root:get_sensor error: Sensor not configured or not supported.
ERROR:root:get_sensor error: Sensor not configured or not supported.
ERROR:root:get_sensor error: Sensor not configured or not supported.
ERROR:root:get_sensor error: Sensor not configured or not supported.
ERROR:root:get_sensor error: Sensor not configured or not supported.
ERROR:root:get_sensor error: Sensor not configured or not supported.
ERROR:root:get_sensor error: Sensor not configured or not supported.
ERROR:root:get_sensor error: Sensor not configured or not supported.
ERROR:root:get_sensor error: Sensor not configured or not supported.
ERROR:root:get_sensor error: Sensor not configured or not supported.
ERROR:root:get_sensor error: Sensor not configured or not supported.
ERROR:root:get_sensor error: Sensor not configured or not supported.
ERROR:root:get_sensor error: Sensor not configured or not supported.
ERROR:root:get_sensor error: Sensor not configured or not supported.
ERROR:root:get_sensor error: Sensor not configured or not supported.
ERROR:root:get_sensor error: Sensor not configured or not supported.
ERROR:root:get_sensor error: Sensor not configured or not supported.
ERROR:root:get_sensor error: Sensor not configured or not supported.
ERROR:root:get_sensor error: Sensor not configured or not supported.
ERROR:root:get_sensor error: Sensor not configured or not supported.
ERROR:root:get_sensor error: Sensor not configured or not supported.
ERROR:root:get_sensor error: Sensor not configured or not supported.
ERROR:root:get_sensor error: Sensor not configured or not supported.
ERROR:root:get_sensor error: Sensor not configured or not supported.
ERROR:root:get_sensor error: Sensor not configured or not supported.
ERROR:root:get_sensor error: Sensor not configured or not supported.
ERROR:root:get_sensor error: Sensor not configured or not supported.
ERROR:root:get_sensor error: Sensor not configured or not supported.
ERROR:root:get_sensor error: Sensor not configured or not supported.
ERROR:root:get_sensor error: Sensor not configured or not supported.
ERROR:root:get_sensor error: Sensor not configured or not supported.
ERROR:root:get_sensor error: Sensor not configured or not supported.
ERROR:root:get_sensor error: Sensor not configured or not supported.
ERROR:root:get_sensor error: Sensor not configured or not supported.
ERROR:root:get_sensor error: Sensor not configured or not supported.
ERROR:root:get_sensor error: Sensor not configured or not supported.
ERROR:root:get_sensor error: Sensor not configured or not supported.
ERROR:root:get_sensor error: Sensor not configured or not supported.
ERROR:root:get_sensor error: Sensor not configured or not supported.
ERROR:root:get_sensor error: Sensor not configured or not supported.
ERROR:root:get_sensor error: Sensor not configured or not supported.
ERROR:root:get_sensor error: Sensor not configured or not supported.
ERROR:root:get_sensor error: Sensor not configured or not supported.
ERROR:root:get_sensor error: Sensor not configured or not supported.
ERROR:root:get_sensor error: Sensor not configured or not supported.
ERROR:root:get_sensor error: Sensor not configured or not supported.
ERROR:root:get_sensor error: Sensor not configured or not supported.
ERROR:root:get_sensor error: Sensor not configured or not supported.
ERROR:root:get_sensor error: Sensor not configured or not supported.
ERROR:root:get_sensor error: Sensor not configured or not supported.
ERROR:root:get_sensor error: Sensor not configured or not supported.
ERROR:root:get_sensor error: Sensor not configured or not supported.
ERROR:root:get_sensor error: Sensor not configured or not supported.
ERROR:root:get_sensor error: Sensor not configured or not supported.
ERROR:root:get_sensor error: Sensor not configured or not supported.
ERROR:root:get_sensor error: Sensor not configured or not supported.
ERROR:root:get_sensor error: Sensor not configured or not supported.
ERROR:root:get_sensor error: Sensor not configured or not supported.
ERROR:root:get_sensor error: Sensor not configured or not supported.
ERROR:root:get_sensor error: Sensor not configured or not supported.
ERROR:root:get_sensor error: Sensor not configured or not supported.
ERROR:root:get_sensor error: Sensor not configured or not supported.
ERROR:root:get_sensor error: Sensor not configured or not supported.
ERROR:root:get_sensor error: Sensor not configured or not supported.
ERROR:root:get_sensor error: Sensor not configured or not supported.
ERROR:root:get_sensor error: Sensor not configured or not supported.
ERROR:root:get_sensor error: Sensor not configured or not supported.
ERROR:root:get_sensor error: Sensor not configured or not supported.
ERROR:root:get_sensor error: Sensor not configured or not supported.
ERROR:root:get_sensor error: Sensor not configured or not supported.
ERROR:root:get_sensor error: Sensor not configured or not supported.
ERROR:root:get_sensor error: Sensor not configured or not supported.
ERROR:root:get_sensor error: Sensor not configured or not supported.
ERROR:root:get_sensor error: Sensor not configured or not supported.
ERROR:root:get_sensor error: Sensor not configured or not supported.
ERROR:root:get_sensor error: Sensor not configured or not supported.
ERROR:root:get_sensor error: Sensor not configured or not supported.
ERROR:root:get_sensor error: Sensor not configured or not supported.
ERROR:root:get_sensor error: Sensor not configured or not supported.
ERROR:root:get_sensor error: Sensor not configured or not supported.
ERROR:root:get_sensor error: Sensor not configured or not supported.
ERROR:root:get_sensor error: Sensor not configured or not supported.
ERROR:root:get_sensor error: Sensor not configured or not supported.
ERROR:root:get_sensor error: Sensor not configured or not supported.
ERROR:root:get_sensor error: Sensor not configured or not supported.
ERROR:root:get_sensor error: Sensor not configured or not supported.
ERROR:root:get_sensor error: Sensor not configured or not supported.
ERROR:root:get_sensor error: Sensor not configured or not supported.
ERROR:root:get_sensor error: Sensor not configured or not supported.
ERROR:root:get_sensor error: Sensor not configured or not supported.
ERROR:root:get_sensor error: Sensor not configured or not supported.
ERROR:root:get_sensor error: Sensor not configured or not supported.
ERROR:root:get_sensor error: Sensor not configured or not supported.
ERROR:root:get_sensor error: Sensor not configured or not supported.
ERROR:root:get_sensor error: Sensor not configured or not supported.
ERROR:root:get_sensor error: Sensor not configured or not supported.
ERROR:root:get_sensor error: Sensor not configured or not supported.
ERROR:root:get_sensor error: Sensor not configured or not supported.
ERROR:root:get_sensor error: Sensor not configured or not supported.
ERROR:root:get_sensor error: Sensor not configured or not supported.
ERROR:root:get_sensor error: Sensor not configured or not supported.
ERROR:root:get_sensor error: Sensor not configured or not supported.
ERROR:root:get_sensor error: Sensor not configured or not supported.
ERROR:root:get_sensor error: Sensor not configured or not supported.
ERROR:root:get_sensor error: Sensor not configured or not supported.
ERROR:root:get_sensor error: Sensor not configured or not supported.
ERROR:root:get_sensor error: Sensor not configured or not supported.
ERROR:root:get_sensor error: Sensor not configured or not supported.
ERROR:root:get_sensor error: Sensor not configured or not supported.
ERROR:root:get_sensor error: Sensor not configured or not supported.
ERROR:root:get_sensor error: Sensor not configured or not supported.
ERROR:root:get_sensor error: Sensor not configured or not supported.
ERROR:root:get_sensor error: Sensor not configured or not supported.
ERROR:root:get_sensor error: Sensor not configured or not supported.
WARNING:root:A keyboard interruption was detected!
WARNING:root:Abruptly stopped the robot!
INFO:root:Odometry was stopped
