INFO:root:Program started
INFO:root:Robot set up!
ERROR:root:get_sensor error: Invalid sensor data
ERROR:root:get_sensor error: Invalid sensor data
ERROR:root:get_sensor error: Invalid sensor data
ERROR:root:get_sensor error: Invalid sensor data
ERROR:root:get_sensor error: Invalid sensor data
ERROR:root:get_sensor error: Invalid sensor data
ERROR:root:get_sensor error: Invalid sensor data
ERROR:root:get_sensor error: Invalid sensor data
ERROR:root:get_sensor error: Invalid sensor data
ERROR:root:get_sensor error: Invalid sensor data
ERROR:root:get_sensor error: Invalid sensor data
ERROR:root:get_sensor error: Invalid sensor data
ERROR:root:get_sensor error: Invalid sensor data
ERROR:root:get_sensor error: Invalid sensor data
ERROR:root:get_sensor error: Invalid sensor data
ERROR:root:get_sensor error: Invalid sensor data
ERROR:root:get_sensor error: Invalid sensor data
ERROR:root:get_sensor error: Invalid sensor data
ERROR:root:get_sensor error: Invalid sensor data
ERROR:root:get_sensor error: Invalid sensor data
ERROR:root:get_sensor error: Invalid sensor data
ERROR:root:get_sensor error: Invalid sensor data
ERROR:root:get_sensor error: Invalid sensor data
ERROR:root:get_sensor error: Invalid sensor data
ERROR:root:get_sensor error: Invalid sensor data
ERROR:root:get_sensor error: Invalid sensor data
ERROR:root:get_sensor error: Invalid sensor data
ERROR:root:get_sensor error: Invalid sensor data
ERROR:root:get_sensor error: Invalid sensor data
ERROR:root:get_sensor error: Invalid sensor data
INFO:root:Odometry was started, PID: 6450:
INFO:root:Initial location: 0.0, 0.0, 0.0
INFO:root:The blob's size is: 65.49336242675781
INFO:root:The blob's size is: 87.75109100341797
INFO:root:The blob's size is: 90.95845794677734
INFO:root:The blob's size is: 92.36766815185547
INFO:root:The blob's size is: 92.44608306884766
INFO:root:The blob's size is: 92.64315032958984
INFO:root:The blob's size is: 91.50853729248047
INFO:root:The blob's size is: 90.4141616821289
INFO:root:The blob's size is: 91.58431243896484
INFO:root:The blob's size is: 91.3652572631836
INFO:root:The blob's size is: 89.40653991699219
INFO:root:The blob's size is: 90.82964324951172
INFO:root:The blob's size is: 90.19969940185547
INFO:root:The blob's size is: 91.41140747070312
INFO:root:The blob's size is: 90.15597534179688
INFO:root:The blob's size is: 90.3717269897461
INFO:root:The blob's size is: 91.05162811279297
INFO:root:The blob's size is: 91.90006256103516
INFO:root:The blob's size is: 91.33379364013672
INFO:root:The blob's size is: 90.68248748779297
INFO:root:The blob's size is: 90.96857452392578
INFO:root:The blob's size is: 89.7081069946289
INFO:root:The blob's size is: 90.629150390625
WARNING:root:A keyboard interruption was detected!
WARNING:root:Abruptly stopped the robot!
INFO:root:Odometry was stopped
