INFO:root:Program started
INFO:root:Robot set up!
ERROR:root:get_sensor error: Invalid sensor data
ERROR:root:get_sensor error: Invalid sensor data
ERROR:root:get_sensor error: Invalid sensor data
ERROR:root:get_sensor error: Invalid sensor data
ERROR:root:get_sensor error: Invalid sensor data
ERROR:root:get_sensor error: Invalid sensor data
ERROR:root:get_sensor error: Invalid sensor data
ERROR:root:get_sensor error: Invalid sensor data
ERROR:root:get_sensor error: Invalid sensor data
ERROR:root:get_sensor error: Invalid sensor data
ERROR:root:get_sensor error: Invalid sensor data
ERROR:root:get_sensor error: Invalid sensor data
ERROR:root:get_sensor error: Invalid sensor data
ERROR:root:get_sensor error: Invalid sensor data
ERROR:root:get_sensor error: Invalid sensor data
ERROR:root:get_sensor error: Invalid sensor data
ERROR:root:get_sensor error: Invalid sensor data
ERROR:root:get_sensor error: Invalid sensor data
ERROR:root:get_sensor error: Invalid sensor data
ERROR:root:get_sensor error: Invalid sensor data
ERROR:root:get_sensor error: Invalid sensor data
ERROR:root:get_sensor error: Invalid sensor data
ERROR:root:get_sensor error: Invalid sensor data
ERROR:root:get_sensor error: Invalid sensor data
ERROR:root:get_sensor error: Invalid sensor data
ERROR:root:get_sensor error: Invalid sensor data
ERROR:root:get_sensor error: Invalid sensor data
ERROR:root:get_sensor error: Invalid sensor data
ERROR:root:get_sensor error: Invalid sensor data
ERROR:root:get_sensor error: Invalid sensor data
INFO:root:Odometry was started, PID: 7781:
INFO:root:Initial location: 0.0, 0.0, 0.0
INFO:root:transformation 0.04810900000000018
INFO:root:transformation 0.04553300000000071
INFO:root:transformation 0.04465399999999953
INFO:root:transformation 0.043997000000000064
INFO:root:transformation 0.04070099999999943
INFO:root:transformation 0.04454599999999953
INFO:root:transformation 0.040637000000000256
INFO:root:transformation 0.041526000000000174
INFO:root:transformation 0.04508200000000073
INFO:root:transformation 0.0411930000000007
INFO:root:transformation 0.04455600000000004
INFO:root:transformation 0.045125000000000526
INFO:root:transformation 0.04567300000000074
INFO:root:transformation 0.04548899999999989
INFO:root:transformation 0.0416369999999997
INFO:root:transformation 0.04416000000000153
INFO:root:transformation 0.04486200000000018
INFO:root:transformation 0.04574399999999912
INFO:root:transformation 0.041507999999998546
INFO:root:transformation 0.04145600000000016
INFO:root:transformation 0.042923000000000044
INFO:root:transformation 0.04175399999999918
INFO:root:transformation 0.044309999999999405
INFO:root:transformation 0.04302299999999981
INFO:root:transformation 0.04137900000000094
INFO:root:transformation 0.04226099999999988
INFO:root:transformation 0.045064999999999245
INFO:root:transformation 0.0414500000000011
INFO:root:transformation 0.04099399999999953
INFO:root:transformation 0.040613000000000454
INFO:root:transformation 0.041093000000000046
INFO:root:transformation 0.04110499999999995
INFO:root:transformation 0.04085899999999931
INFO:root:transformation 0.0411520000000003
INFO:root:transformation 0.04065799999999875
INFO:root:transformation 0.04040400000000055
INFO:root:transformation 0.041216999999999615
INFO:root:transformation 0.041527999999999565
INFO:root:transformation 0.041111000000000786
INFO:root:transformation 0.04203499999999849
INFO:root:transformation 0.04159999999999897
INFO:root:transformation 0.041705000000000325
INFO:root:transformation 0.041181999999999164
INFO:root:transformation 0.041442999999997454
WARNING:root:A keyboard interruption was detected!
WARNING:root:Abruptly stopped the robot!
INFO:root:Odometry was stopped
