INFO:root:Program started
INFO:root:Robot set up!
ERROR:root:get_sensor error: Invalid sensor data
ERROR:root:get_sensor error: Invalid sensor data
ERROR:root:get_sensor error: Invalid sensor data
ERROR:root:get_sensor error: Invalid sensor data
ERROR:root:get_sensor error: Invalid sensor data
ERROR:root:get_sensor error: Invalid sensor data
ERROR:root:get_sensor error: Invalid sensor data
ERROR:root:get_sensor error: Invalid sensor data
ERROR:root:get_sensor error: Invalid sensor data
ERROR:root:get_sensor error: Invalid sensor data
ERROR:root:get_sensor error: Invalid sensor data
ERROR:root:get_sensor error: Invalid sensor data
ERROR:root:get_sensor error: Invalid sensor data
ERROR:root:get_sensor error: Invalid sensor data
ERROR:root:get_sensor error: Invalid sensor data
ERROR:root:get_sensor error: Invalid sensor data
ERROR:root:get_sensor error: Invalid sensor data
ERROR:root:get_sensor error: Invalid sensor data
ERROR:root:get_sensor error: Invalid sensor data
ERROR:root:get_sensor error: Invalid sensor data
ERROR:root:get_sensor error: Invalid sensor data
ERROR:root:get_sensor error: Invalid sensor data
ERROR:root:get_sensor error: Invalid sensor data
ERROR:root:get_sensor error: Invalid sensor data
ERROR:root:get_sensor error: Invalid sensor data
ERROR:root:get_sensor error: Invalid sensor data
ERROR:root:get_sensor error: Invalid sensor data
ERROR:root:get_sensor error: Invalid sensor data
ERROR:root:get_sensor error: Invalid sensor data
ERROR:root:get_sensor error: Invalid sensor data
INFO:root:Odometry was started, PID: 6729:
INFO:root:Initial location: 0.0, 0.0, 0.0
INFO:root:The blob's size is: 21.16282081604004
INFO:root:The blob's size is: 5.9173078536987305
INFO:root:The blob's size is: 19.562469482421875
INFO:root:The blob's size is: 19.235689163208008
INFO:root:The blob's size is: 18.154808044433594
INFO:root:The blob's size is: 11.222919464111328
INFO:root:The blob's size is: 6.4031243324279785
INFO:root:The blob's size is: 5.9173078536987305
INFO:root:The blob's size is: 6.311243534088135
INFO:root:The blob's size is: 9.220237731933594
INFO:root:The blob's size is: 12.836069107055664
INFO:root:The blob's size is: 11.516374588012695
INFO:root:The blob's size is: 19.984853744506836
INFO:root:The blob's size is: 10.016469955444336
INFO:root:The blob's size is: 5.830951690673828
INFO:root:The blob's size is: 10.156590461730957
INFO:root:The blob's size is: 7.621853351593018
INFO:root:The blob's size is: 8.31578540802002
INFO:root:The blob's size is: 6.311243534088135
INFO:root:The blob's size is: 17.9237003326416
INFO:root:The blob's size is: 8.341382026672363
INFO:root:The blob's size is: 7.00092887878418
INFO:root:The blob's size is: 5.9895148277282715
INFO:root:The blob's size is: 12.250396728515625
INFO:root:The blob's size is: 7.00092887878418
INFO:root:The blob's size is: 20.54857635498047
INFO:root:The blob's size is: 30.02911949157715
INFO:root:The blob's size is: 28.06475257873535
INFO:root:The blob's size is: 7.472358703613281
INFO:root:The blob's size is: 7.97166109085083
INFO:root:The blob's size is: 21.900798797607422
INFO:root:The blob's size is: 18.147876739501953
INFO:root:The blob's size is: 5.8647685050964355
INFO:root:The blob's size is: 24.9434871673584
INFO:root:The blob's size is: 34.539485931396484
INFO:root:The blob's size is: 19.67069435119629
INFO:root:The blob's size is: 22.190549850463867
INFO:root:The blob's size is: 27.718679428100586
INFO:root:The blob's size is: 6.299373149871826
INFO:root:The blob's size is: 7.071067810058594
INFO:root:The blob's size is: 6.6822190284729
INFO:root:The blob's size is: 5.830951690673828
INFO:root:The blob's size is: 6.455158233642578
INFO:root:The blob's size is: 7.071067810058594
INFO:root:The blob's size is: 5.830951690673828
INFO:root:The blob's size is: 5.9173078536987305
INFO:root:The blob's size is: 5.9173078536987305
INFO:root:The blob's size is: 5.9173078536987305
INFO:root:The blob's size is: 5.982824325561523
INFO:root:The blob's size is: 5.830951690673828
INFO:root:The blob's size is: 6.311243534088135
INFO:root:The blob's size is: 8.5534029006958
INFO:root:The blob's size is: 6.785167217254639
INFO:root:The blob's size is: 5.9173078536987305
INFO:root:The blob's size is: 7.00092887878418
INFO:root:The blob's size is: 5.9173078536987305
INFO:root:The blob's size is: 5.9173078536987305
INFO:root:The blob's size is: 5.9173078536987305
INFO:root:The blob's size is: 9.398298263549805
INFO:root:The blob's size is: 5.9173078536987305
INFO:root:The blob's size is: 6.455158233642578
INFO:root:The blob's size is: 5.679900169372559
WARNING:root:A keyboard interruption was detected!
WARNING:root:Abruptly stopped the robot!
INFO:root:Odometry was stopped
