INFO:root:Program started
INFO:root:Robot set up!
ERROR:root:get_sensor error: Sensor not configured or not supported.
INFO:root:Odometry was started, PID: 6937:
INFO:root:Initial location: 0.0, 0.0, 0.0
INFO:root:The blob's size is: 32.24427032470703
INFO:root:Found the ball! Approaching...
WARNING:root:Lost the ball! Searching again...
INFO:root:The blob's size is: 35.79228210449219
INFO:root:Found the ball! Approaching...
INFO:root:The blob's size is: 38.605289459228516
INFO:root:The blob's size is: 38.5230827331543
INFO:root:The blob's size is: 25.161792755126953
WARNING:root:Lost the ball! Searching again...
INFO:root:The blob's size is: 44.09649658203125
INFO:root:Found the ball! Approaching...
WARNING:root:Lost the ball! Searching again...
INFO:root:The blob's size is: 27.79932403564453
INFO:root:Found the ball! Approaching...
WARNING:root:Lost the ball! Searching again...
INFO:root:The blob's size is: 42.64179992675781
INFO:root:Found the ball! Approaching...
INFO:root:The blob's size is: 44.66257095336914
WARNING:root:Lost the ball! Searching again...
WARNING:root:A keyboard interruption was detected!
WARNING:root:Abruptly stopped the robot!
INFO:root:Odometry was stopped
