INFO:root:Program started
INFO:root:Setting up the robot!
INFO:root:Odometry was started, PID: 2576
INFO:root:Initial location: 0.0, 0.0, 0.0
INFO:root:PRIMER VALOR: 0.0
INFO:root:holaquetal 0.0,0.0,0.0
INFO:root:0.0, 0.0, 0.0
INFO:root:-0.04022970607793558, -0.011524023029802918, 0.5579697097168571
INFO:root:-0.01211630502344304, 0.01972739142211101, 1.1184479537741243
INFO:root:spin: 0.5407057122631342
INFO:root:-0.005087275246880531, 0.06267314990649246, 1.698677093399899
INFO:root:-0.057980429105835854, 0.1273984354760742, 2.813191302847108
INFO:root:-0.10018627510152059, 0.14177964005753618, 2.813191302847108
INFO:root:-0.25278206346456455, 0.473309075044002, 1.1911380946739383
INFO:root:0.1157261703328436, 0.5981106011658183, -0.5380520493098742
INFO:root:primer cacho: -0.7235093895147094
INFO:root:0.1799527188901168, 0.2130736014993483, -2.2729717829026472
INFO:root:empieza media vuelta: 0.9119528443727214
INFO:root:-0.23083057222297168, 0.08779876363404696, 2.8649843563016573
INFO:root:tres cuartos vuelta: -0.537265045030231
INFO:root:-0.6266079867134329, -0.17637059710274397, -1.6878679184975631
INFO:root:final vuelta: 0.2397357319705473
INFO:root:-0.21799876931176976, -0.3825738372744384, 0.753152014361643
INFO:root:casi acaba el ocho: 0.2397357319705473
INFO:root:yyy acabamos: 0.2397357319705473
INFO:root:Odometry was stopped
DEBUG:matplotlib.axes._base:update_title_pos
DEBUG:matplotlib.font_manager:findfont: Matching :family=sans-serif:style=normal:variant=normal:weight=normal:stretch=normal:size=10.0 to DejaVu Sans ('/home/pi/.local/lib/python3.5/site-packages/matplotlib/mpl-data/fonts/ttf/DejaVuSans.ttf') with score of 0.050000.
DEBUG:matplotlib.axes._base:update_title_pos
