INFO:root:Program started
INFO:root:Robot set up!
ERROR:root:get_sensor error: Sensor not configured or not supported.
INFO:root:Odometry was started, PID: 7237:
INFO:root:Initial location: 0.0, 0.0, 0.0
INFO:root:The blob's size is: 35.98847961425781
INFO:root:Found the ball! Approaching...
INFO:root:The blob's size is: 35.33863067626953
WARNING:root:Lost the ball! Searching again...
INFO:root:The blob's size is: 40.48222732543945
INFO:root:Found the ball! Approaching...
INFO:root:The blob's size is: 42.56972885131836
INFO:root:The blob's size is: 44.86472702026367
INFO:root:The blob's size is: 43.71504592895508
INFO:root:The blob's size is: 44.143863677978516
INFO:root:The blob's size is: 44.06922912597656
INFO:root:The blob's size is: 44.398868560791016
INFO:root:The blob's size is: 45.779876708984375
INFO:root:The blob's size is: 47.74640655517578
INFO:root:The blob's size is: 50.7601203918457
INFO:root:The blob's size is: 53.55876159667969
INFO:root:The blob's size is: 58.628753662109375
INFO:root:The blob's size is: 62.00476837158203
INFO:root:The blob's size is: 69.23526000976562
INFO:root:The blob's size is: 82.82649230957031
INFO:root:The blob's size is: 84.27506256103516
WARNING:root:Lost the ball! Searching again...
INFO:root:The blob's size is: 44.60837936401367
INFO:root:Found the ball! Approaching...
INFO:root:The blob's size is: 74.76166534423828
INFO:root:The blob's size is: 96.50444030761719
INFO:root:Ready to grab the ball.
