INFO:root:Program started
INFO:root:Setting up the robot!
INFO:root:Odometry was started, PID: 4066
INFO:root:Initial location: 0.0, 0.0, 0.0
INFO:root:PRIMER VALOR: 0.0
INFO:root:holaquetal 0.0,0.0,0.0
INFO:root:0.00024434577108623103, 3.9803325248731136e-07, 0.0032579479370560822
INFO:root:2.5935386395469807e-09, -7.960622801639556e-07, 0.0065158958741121644
INFO:root:-0.0002443276164533956, -3.582235900539695e-06, 0.01628973968528041
INFO:root:0.00024423749593854946, 7.56173404852468e-06, 0.029321531433504737
INFO:root:0.00024423749593854946, 7.56173404852468e-06, 0.04235332318172907
INFO:root:0.00024423749593854946, 7.56173404852468e-06, 0.0553851149299534
INFO:root:0.00024423749593854946, 7.56173404852468e-06, 0.061901010804065563
INFO:root:4.3616662603873906e-07, -8.745506786379628e-06, 0.0716748546152338
INFO:root:4.3616662603873906e-07, -8.745506786379628e-06, 0.08470664636345814
INFO:root:4.3616662603873906e-07, -8.745506786379628e-06, 0.09773843811168247
INFO:root:4.3616662603873906e-07, -8.745506786379628e-06, 0.1107702298599068
INFO:root:0.00024314982567458782, 1.9451904255408298e-05, 0.12054407367107504
INFO:root:7.233522152828994e-07, -1.1116367600877465e-05, 0.13031791748224328
INFO:root:7.233522152828994e-07, -1.1116367600877465e-05, 0.1433497092304676
INFO:root:7.233522152828994e-07, -1.1116367600877465e-05, 0.15638150097869194
INFO:root:7.233522152828994e-07, -1.1116367600877465e-05, 0.16941329272691627
INFO:root:7.233522152828994e-07, -1.1116367600877465e-05, 0.1824450844751406
INFO:root:7.233522152828994e-07, -1.1116367600877465e-05, 0.19547687622336493
INFO:root:7.233522152828994e-07, -1.1116367600877465e-05, 0.20850866797158926
INFO:root:0.0002393571930693065, 4.1408905149022745e-05, 0.22479840765686968
INFO:root:0.0002393571930693065, 4.1408905149022745e-05, 0.237830199405094
INFO:root:0.0002393571930693065, 4.1408905149022745e-05, 0.2508619911533183
INFO:root:0.0002393571930693065, 4.1408905149022745e-05, 0.26389378290154264
INFO:root:3.784245568073881e-06, -2.34786952363851e-05, 0.2736676267127109
INFO:root:3.784245568073881e-06, -2.34786952363851e-05, 0.2866994184609352
INFO:root:3.784245568073881e-06, -2.34786952363851e-05, 0.29973121020915955
INFO:root:3.784245568073881e-06, -2.34786952363851e-05, 0.3127630019573839
INFO:root:3.784245568073881e-06, -2.34786952363851e-05, 0.3257947937056082
INFO:root:3.784245568073881e-06, -2.34786952363851e-05, 0.33882658545383254
INFO:root:3.784245568073881e-06, -2.34786952363851e-05, 0.35185837720205687
INFO:root:3.784245568073881e-06, -2.34786952363851e-05, 0.3648901689502812
INFO:root:3.784245568073881e-06, -2.34786952363851e-05, 0.37792196069850553
INFO:root:3.784245568073881e-06, -2.34786952363851e-05, 0.39095375244672986
INFO:root:0.0002292357267759031, 7.073724767876431e-05, 0.4007275962578981
INFO:root:4.715851198924467e-06, -2.5677687622219626e-05, 0.41050144006906636
INFO:root:4.715851198924467e-06, -2.5677687622219626e-05, 0.4235332318172907
INFO:root:4.715851198924467e-06, -2.5677687622219626e-05, 0.436565023565515
INFO:root:4.715851198924467e-06, -2.5677687622219626e-05, 0.44959681531373935
INFO:root:4.715851198924467e-06, -2.5677687622219626e-05, 0.4626286070619637
INFO:root:4.715851198924467e-06, -2.5677687622219626e-05, 0.475660398810188
INFO:root:4.715851198924467e-06, -2.5677687622219626e-05, 0.48869219055841234
INFO:root:4.715851198924467e-06, -2.5677687622219626e-05, 0.5017239823066366
INFO:root:4.715851198924467e-06, -2.5677687622219626e-05, 0.514755774054861
INFO:root:4.715851198924467e-06, -2.5677687622219626e-05, 0.5277875658030853
INFO:root:4.715851198924467e-06, -2.5677687622219626e-05, 0.5408193575513096
INFO:root:4.715851198924467e-06, -2.5677687622219626e-05, 0.5538511492995339
INFO:root:4.715851198924467e-06, -2.5677687622219626e-05, 0.5668829410477583
INFO:root:4.715851198924467e-06, -2.5677687622219626e-05, 0.5799147327959826
INFO:root:4.715851198924467e-06, -2.5677687622219626e-05, 0.5929465245442069
INFO:root:0.0002062326882184185, 0.0001125105125826226, 0.6092362642294873
INFO:root:0.0002062326882184185, 0.0001125105125826226, 0.6222680559777116
INFO:root:8.385565496072517e-06, -3.0882410215833016e-05, 0.6320418997888798
INFO:root:8.385565496072517e-06, -3.0882410215833016e-05, 0.6450736915371041
INFO:root:8.385565496072517e-06, -3.0882410215833016e-05, 0.6581054832853285
INFO:root:8.385565496072517e-06, -3.0882410215833016e-05, 0.6711372750335528
INFO:root:8.385565496072517e-06, -3.0882410215833016e-05, 0.6841690667817771
INFO:root:8.385565496072517e-06, -3.0882410215833016e-05, 0.6972008585300015
INFO:root:0.0001949427185470117, 0.000126919500177303, 0.7069747023411697
INFO:root:1.0457789975761684e-05, -3.3300116000790675e-05, 0.72326444202645
INFO:root:0.00019283916387877184, 0.00012930999663506384, 0.7330382858376182
INFO:root:0.00019283916387877184, 0.00012930999663506384, 0.7460700775858425
INFO:root:1.4757455671598173e-05, -3.79978617584077e-05, 0.7623598172711229
INFO:root:1.4757455671598173e-05, -3.79978617584077e-05, 0.7753916090193472
INFO:root:1.4757455671598173e-05, -3.79978617584077e-05, 0.7884234007675716
INFO:root:1.4757455671598173e-05, -3.79978617584077e-05, 0.8014551925157959
INFO:root:1.4757455671598173e-05, -3.79978617584077e-05, 0.8144869842640202
INFO:root:1.4757455671598173e-05, -3.79978617584077e-05, 0.8275187760122446
INFO:root:0.00017922646272998375, 0.00014270897263205908, 0.8372926198234127
INFO:root:0.00017922646272998375, 0.00014270897263205908, 0.8503244115716371
INFO:root:0.00017922646272998375, 0.00014270897263205908, 0.8633562033198614
INFO:root:0.00017922646272998375, 0.00014270897263205908, 0.8763879950680857
INFO:root:2.378129633808491e-05, -4.5816395749996504e-05, 0.8861618388792539
INFO:root:2.378129633808491e-05, -4.5816395749996504e-05, 0.8991936306274783
INFO:root:2.378129633808491e-05, -4.5816395749996504e-05, 0.9122254223757026
INFO:root:2.378129633808491e-05, -4.5816395749996504e-05, 0.9252572141239269
INFO:root:2.378129633808491e-05, -4.5816395749996504e-05, 0.9382890058721512
INFO:root:2.378129633808491e-05, -4.5816395749996504e-05, 0.9513207976203756
INFO:root:2.378129633808491e-05, -4.5816395749996504e-05, 0.9643525893685999
INFO:root:0.00016206327176737488, 0.00015563610373702433, 0.9741264331797681
INFO:root:2.5756835104305114e-05, -4.7158298558530734e-05, 0.9839002769909363
INFO:root:2.5756835104305114e-05, -4.7158298558530734e-05, 0.9969320687391606
INFO:root:2.5756835104305114e-05, -4.7158298558530734e-05, 1.0099638604873848
INFO:root:2.5756835104305114e-05, -4.7158298558530734e-05, 1.0229956522356092
INFO:root:2.5756835104305114e-05, -4.7158298558530734e-05, 1.0360274439838335
INFO:root:2.5756835104305114e-05, -4.7158298558530734e-05, 1.0490592357320578
INFO:root:2.5756835104305114e-05, -4.7158298558530734e-05, 1.0620910274802822
INFO:root:2.5756835104305114e-05, -4.7158298558530734e-05, 1.0751228192285065
INFO:root:2.5756835104305114e-05, -4.7158298558530734e-05, 1.0881546109767308
INFO:root:0.0001373963517963224, 0.00017019310491282408, 1.1044443506620112
INFO:root:0.0001373963517963224, 0.00017019310491282408, 1.1174761424102355
INFO:root:3.145906699624652e-05, -4.9993874646328095e-05, 1.1272499862214038
INFO:root:3.145906699624652e-05, -4.9993874646328095e-05, 1.1402817779696282
INFO:root:3.145906699624652e-05, -4.9993874646328095e-05, 1.1533135697178525
INFO:root:3.145906699624652e-05, -4.9993874646328095e-05, 1.1663453614660768
INFO:root:0.00012651379396439371, 0.00017510524387528197, 1.1761192052772451
INFO:root:0.00012651379396439371, 0.00017510524387528197, 1.1891509970254694
INFO:root:0.00012651379396439371, 0.00017510524387528197, 1.2021827887736938
INFO:root:0.00012651379396439371, 0.00017510524387528197, 1.215214580521918
INFO:root:4.331664722664961e-05, -5.46408095247561e-05, 1.2315043202071985
INFO:root:0.00012351281149909627, 0.00017616991274390634, 1.2412781640183668
INFO:root:4.6331249021001045e-05, -5.5666280917986686e-05, 1.2575679037036471
INFO:root:0.00012048510233102174, 0.00017715601251086605, 1.2673417475148154
INFO:root:0.00012048510233102174, 0.00017715601251086605, 1.2803735392630398
INFO:root:0.00012048510233102174, 0.00017715601251086605, 1.293405331011264
INFO:root:0.00012048510233102174, 0.00017715601251086605, 1.3064371227594884
INFO:root:0.00012048510233102174, 0.00017715601251086605, 1.3194689145077128
INFO:root:0.00012048510233102174, 0.00017715601251086605, 1.332500706255937
INFO:root:0.00012048510233102174, 0.00017715601251086605, 1.3455324980041614
INFO:root:0.00012048510233102174, 0.00017715601251086605, 1.3585642897523857
INFO:root:0.00012048510233102174, 0.00017715601251086605, 1.37159608150061
INFO:root:0.00012048510233102174, 0.00017715601251086605, 1.3846278732488344
INFO:root:0.00012048510233102174, 0.00017715601251086605, 1.3976596649970587
INFO:root:0.00012048510233102174, 0.00017715601251086605, 1.410691456745283
INFO:root:0.00012048510233102174, 0.00017715601251086605, 1.4237232484935074
INFO:root:0.00012048510233102174, 0.00017715601251086605, 1.4367550402417317
INFO:root:0.00015195580344390522, 0.00041946698884016574, 1.4465288840529
INFO:root:0.0001228548774158812, 0.00017686000134288374, 1.4563027278640683
INFO:root:0.0001228548774158812, 0.00017686000134288374, 1.4693345196122927
INFO:root:0.0001228548774158812, 0.00017686000134288374, 1.482366311360517
INFO:root:0.0001228548774158812, 0.00017686000134288374, 1.4953981031087413
INFO:root:0.0001228548774158812, 0.00017686000134288374, 1.5084298948569657
INFO:root:0.0001228548774158812, 0.00017686000134288374, 1.52146168660519
INFO:root:0.000132916591289816, 0.00042099884747785244, 1.5377514262904703
INFO:root:0.00012603720833040947, 0.00017674961335767614, 1.5475252701016387
INFO:root:0.00012603720833040947, 0.00017674961335767614, 1.560557061849863
INFO:root:0.00012603720833040947, 0.00017674961335767614, 1.5735888535980873
INFO:root:spin: 0.5008888888888888
INFO:root:0.00012308040661631039, 0.0006654328588617585, 1.5801047494721994
INFO:root:0.00010943374328499027, 0.00213144591562317, 1.5801047494721994
INFO:root:9.7606536428594e-05, 0.0040861788976394985, 1.5735888535980873
INFO:root:0.00010670442234480095, 0.006529622913018477, 1.560557061849863
INFO:root:0.00013968333365157573, 0.008972861300738454, 1.554041165975751
INFO:root:0.00019784853531886647, 0.011660038916188647, 1.5442673221645826
INFO:root:0.00027857776526340534, 0.014102165902905769, 1.5312355304163583
INFO:root:0.0003762912217288213, 0.016299108832742448, 1.52146168660519
INFO:root:0.0005399684230610811, 0.019226690057887894, 1.5084298948569657
INFO:root:0.0007081466331201112, 0.02166435646604977, 1.4953981031087413
INFO:root:0.0009080768245643508, 0.024099624284251407, 1.482366311360517
INFO:root:0.001158530882380614, 0.026775737042074768, 1.4725924675493487
INFO:root:0.001413942100830485, 0.029205812460103897, 1.4595606758011244
INFO:root:0.0017009989720817487, 0.031632353162521006, 1.4465288840529
INFO:root:0.0020196527466459185, 0.03405494706158364, 1.4334970923046757
INFO:root:0.0023698493090843157, 0.03647318273981598, 1.4204653005564514
INFO:root:0.0028278651628210116, 0.03936934287589028, 1.407433508808227
INFO:root:0.0031961224739034417, 0.041537404846722324, 1.3976596649970587
INFO:root:0.003680707886320001, 0.04418116801798685, 1.3813699253117784
INFO:root:0.004199704147241312, 0.04681839186301997, 1.37159608150061
INFO:root:0.004698825648616604, 0.049210332321034, 1.3585642897523857
INFO:root:0.005286373361766489, 0.05183313509906248, 1.3422745500671054
INFO:root:0.005855405626028616, 0.05420941448289937, 1.329242758318881
INFO:root:0.006519594359310491, 0.05681386453122877, 1.3129530186336007
INFO:root:0.007217666384582665, 0.05940943810467915, 1.3031791748224324
INFO:root:0.00787914170615379, 0.061761660846421915, 1.290147383074208
INFO:root:0.008571213669421079, 0.06410506389017663, 1.2771155913259837
INFO:root:0.00943827495787177, 0.06690608634244835, 1.2640837995777594
INFO:root:0.010191182434646949, 0.06923065764899834, 1.251052007829535
INFO:root:0.010974318451831043, 0.07154522011443507, 1.2380202160813107
INFO:root:0.011787550013199002, 0.07384938066774174, 1.2249884243330864
INFO:root:0.01271916609822525, 0.07637057050545368, 1.208698684647806
INFO:root:0.013683557768276412, 0.07887940597921386, 1.1989248408366378
INFO:root:0.01458622699316413, 0.08115002036705256, 1.1858930490884134
INFO:root:0.015518408906376234, 0.08340867888672739, 1.172861257340189
INFO:root:0.016479945199939654, 0.08565499796111994, 1.1598294655919648
INFO:root:0.017470672580768017, 0.08788859610866047, 1.1467976738437404
INFO:root:0.018588417487032036, 0.09033296781774697, 1.1370238300325721
INFO:root:0.019737921124119633, 0.09276256616232657, 1.1207340903472918
INFO:root:0.020815192578107253, 0.09495573456494477, 1.1077022985990674
INFO:root:0.02202762267253165, 0.09735455093844976, 1.0979284547878991
INFO:root:0.023154626259670574, 0.09952258330499678, 1.0848966630396748
INFO:root:0.02442915924170114, 0.10188898825879861, 1.0686069233543944
INFO:root:0.025619239312137002, 0.10402304797065554, 1.0555751316061701
INFO:root:0.026837028164365576, 0.10614141803728867, 1.0425433398579458
INFO:root:0.0282030791654519, 0.10845619910471009, 1.0327694960467775
INFO:root:0.029468857935346794, 0.11054624827482616, 1.0197377042985531
INFO:root:0.030761765539280166, 0.11261962507500281, 1.0067059125503288
INFO:root:0.0322098774525165, 0.11488397456534316, 0.9969320687391605
INFO:root:0.03354972942934915, 0.11692732918654751, 0.9839002769909362
INFO:root:0.03491609545405834, 0.11895305012348327, 0.9708684852427119
INFO:root:0.03644440863766452, 0.12116406019593366, 0.9610946414315436
INFO:root:0.03785661320530533, 0.12315809622543612, 0.9480628496833192
INFO:root:0.03944202764022562, 0.12532852655078822, 0.9317731099980389
INFO:root:0.04105559124891658, 0.12747811237330609, 0.9219992661868706
INFO:root:0.04254465444245051, 0.12941542810221607, 0.9089674744386462
INFO:root:0.044213689593527596, 0.13152223335950272, 0.8926777347533659
INFO:root:0.04575890964491785, 0.13341506098519954, 0.8796459430051415
INFO:root:0.04732866472491315, 0.13528759147003774, 0.8666141512569172
INFO:root:0.0489226882495545, 0.13713950681116688, 0.8535823595086929
INFO:root:0.05054070951348961, 0.1389704925067072, 0.8405505677604685
INFO:root:0.05251080258043665, 0.1411421866296507, 0.8275187760122442
INFO:root:0.054175990951884294, 0.14293038379870535, 0.8144869842640199
INFO:root:0.05586434068138759, 0.14469672935343286, 0.8014551925157956
INFO:root:0.05774355961364741, 0.1466184064679081, 0.7916813487046273
INFO:root:0.0596476611636886, 0.1485154315111778, 0.7753916090193469
INFO:root:0.061403759132046, 0.15021443750097022, 0.7623598172711226
INFO:root:0.06335665165363186, 0.1520611961551521, 0.7525859734599543
INFO:root:0.06515103652393911, 0.15371971488131467, 0.7395541817117299
INFO:root:0.06696688188726259, 0.1553547093902706, 0.7265223899635056
INFO:root:0.06898468938564409, 0.15713031059187443, 0.7167485461523373
INFO:root:0.07084252701397134, 0.15871742771880326, 0.6972008585300008
INFO:root:0.0729115230537778, 0.16043310895811516, 0.6874270147188326
INFO:root:0.07500270117753548, 0.1621216825521225, 0.6711372750335522
INFO:root:0.07692607234657883, 0.1636287143281353, 0.6581054832853279
INFO:root:0.07906054552728943, 0.16526221699678595, 0.6483316394741596
INFO:root:0.0812161243284103, 0.16686776573781498, 0.6320418997888793
INFO:root:0.08319692876299412, 0.16829847018659277, 0.6190101080406549
INFO:root:0.08519620911703557, 0.16970324045028837, 0.6059783162924306
INFO:root:0.08721362586236323, 0.17108183796352097, 0.5929465245442063
INFO:root:0.08944993152271204, 0.1725728925303137, 0.583172680733038
INFO:root:0.09170547785515547, 0.1740346782430167, 0.5668829410477576
INFO:root:0.09377523609658224, 0.17533337075853583, 0.5538511492995333
INFO:root:0.09606811142494347, 0.17673587903168575, 0.544077305488365
INFO:root:0.09795889468085478, 0.17785884155808598, 0.5277875658030846
INFO:root:0.1002875415192835, 0.17920111970718083, 0.5180137219919163
INFO:root:0.10241826958405197, 0.18039715454857447, 0.504981930243692
INFO:root:0.10456440275897973, 0.18156532141306514, 0.49195013849546765
INFO:root:0.10694373371675248, 0.18281555775913969, 0.47566039881018723
INFO:root:0.10912319191995729, 0.18392030359792017, 0.4626286070619629
INFO:root:0.11153429672159137, 0.18510810844855793, 0.45285476325079466
INFO:root:0.1137383804316262, 0.18616286739115034, 0.4398229715025703
INFO:root:0.1161796212813088, 0.18728743390385758, 0.4235332318172899
INFO:root:0.11863530954068946, 0.18838009208480969, 0.41375938800612166
INFO:root:0.12087893474407616, 0.18934789752731737, 0.40072759625789733
INFO:root:0.12313498131741978, 0.19028638316211632, 0.387695804509673
INFO:root:0.1254030661271762, 0.19119538961070273, 0.3746640127614487
INFO:root:0.1279091987326477, 0.1921667835016935, 0.3648901689502804
INFO:root:0.13019742242875768, 0.19302383294272954, 0.3518583772020561
INFO:root:0.1324966203995578, 0.19385099079881749, 0.33882658545383176
INFO:root:0.13480640218330958, 0.194648116597715, 0.32579479370560743
INFO:root:0.13712637552087636, 0.19541507496737967, 0.3127630019573831
INFO:root:0.139456146422339, 0.19615173565895855, 0.29973121020915877
INFO:root:0.14226315379621834, 0.19699922115089752, 0.28669941846093444
INFO:root:0.1446113312674144, 0.19767491634222775, 0.2736676267127101
INFO:root:0.14696811461854878, 0.198319954064873, 0.2606358349644858
INFO:root:0.14956849836221722, 0.19899988870388355, 0.25086199115331753
INFO:root:0.15193937808203364, 0.19959101540940677, 0.2378301994050932
INFO:root:0.15431775970637962, 0.20015119598457234, 0.22479840765686887
INFO:root:0.15694083565744948, 0.20073752292628708, 0.21502456384570062
INFO:root:0.15933300815808296, 0.20123553111400339, 0.19547687622336413
INFO:root:0.16197214613275168, 0.20174470444237314, 0.18570303241219588
INFO:root:0.16437648457404044, 0.20218020195965722, 0.17267124066397155
INFO:root:0.16702799558163714, 0.20262042474899816, 0.15638150097869113
INFO:root:0.16968501817188436, 0.20302605719663705, 0.1466076571675229
INFO:root:0.17210454099559497, 0.20336724736848108, 0.13357586541929856
INFO:root:0.17452830456475643, 0.20367687874386986, 0.12054407367107423
INFO:root:0.1769558972632535, 0.20395489873959535, 0.1075122819228499
INFO:root:0.17938690682468827, 0.20420126014085824, 0.09448049017462556
INFO:root:0.18230772311793447, 0.2044588533029716, 0.08144869842640123
INFO:root:0.1847443273550851, 0.20464177738372397, 0.0684169066781769
INFO:root:0.18718310845489697, 0.20479293351168368, 0.05538511492995257
INFO:root:0.18962365225089983, 0.20491229601673214, 0.04235332318172824
INFO:root:0.19230988679185793, 0.20500422380700903, 0.026063583496447832
INFO:root:0.1949970911875773, 0.205061138333169, 0.016289739685279584
INFO:root:0.1974404354318016, 0.2050850199586486, 0.0032579479370552535
INFO:root:0.2001282103848251, 0.20507188490778944, -0.013031791748225156
INFO:root:0.2025712045144949, 0.20502412393817648, -0.026063583496449487
INFO:root:0.2050133688097975, 0.20494453133444576, -0.03909537524467382
INFO:root:0.20769857657288068, 0.20482635351614056, -0.048869219055842066
INFO:root:0.2101382908119554, 0.20469109132824012, -0.061901010804066396
INFO:root:0.21281950679318987, 0.204502975434083, -0.0781907504893468
INFO:root:0.21525420680634494, 0.20429624548037006, -0.09122254223757113
INFO:root:0.2176860060973493, 0.20405780547514835, -0.10425433398579546
INFO:root:0.22035782070133839, 0.20376503688125155, -0.11402817779696371
INFO:root:0.22278355032946442, 0.20347120495812032, -0.12705996954518806
INFO:root:0.22520524493454025, 0.20314578727641552, -0.1400917612934124
INFO:root:0.22786485416060642, 0.202757476199719, -0.14986560510458063
INFO:root:0.23003657309815076, 0.20241143716601745, -0.16615534478986105
INFO:root:0.23292512314313701, 0.201907650808848, -0.17918713653808538
INFO:root:0.2353265729078327, 0.20145649622839643, -0.1922189282863097
INFO:root:0.23772193957306645, 0.20097408564921465, -0.20525072003453404
INFO:root:0.24035062081321512, 0.20041342383907243, -0.2150245638457023
INFO:root:0.2427343638676953, 0.19987651558058042, -0.22805635559392662
INFO:root:0.2453475411116399, 0.199247539095017, -0.24434609527920703
INFO:root:0.2477145188087276, 0.19864097664208344, -0.25737788702743136
INFO:root:0.2500733911477591, 0.1980036206065966, -0.2704096787756557
INFO:root:0.2524237575327848, 0.19733557922766806, -0.28344147052388
INFO:root:0.2550006133476453, 0.1965713012435019, -0.29321531433504827
INFO:root:0.25733513476225434, 0.1958498366272169, -0.3062471060832726
INFO:root:0.2596600562360726, 0.1950980111365621, -0.31927889783149693
INFO:root:0.2619749829388626, 0.19431595245044642, -0.33231068957972126
INFO:root:0.2645114275382029, 0.19342670809587387, -0.3420845333908895
INFO:root:0.26680791847444824, 0.19259206397556713, -0.35511632513911384
INFO:root:0.2693203273354565, 0.1916370202892424, -0.37140606482439426
INFO:root:0.2718200772831487, 0.19064931743581204, -0.3811799086355625
INFO:root:0.2740821909956956, 0.1897255517840762, -0.39421170038378683
INFO:root:0.27633207464543325, 0.18877238601126298, -0.40724349213201116
INFO:root:0.2787948303710976, 0.18769575192143995, -0.4170173359431794
INFO:root:0.28124334690365493, 0.1865871160400727, -0.4333070756284598
INFO:root:0.2834542564753856, 0.18554674096662596, -0.44633886737668416
INFO:root:0.2856514207454961, 0.18447764293652336, -0.4593706591249085
INFO:root:0.28783446658014084, 0.1833800035095439, -0.4724024508731328
INFO:root:0.29043673457574004, 0.182028810209109, -0.48543424262135715
INFO:root:0.29259043379154076, 0.18087465202424916, -0.4984660343695815
INFO:root:0.2947289098077584, 0.17969252607669478, -0.5114978261178058
INFO:root:0.2968517994572914, 0.1784826331212127, -0.5245296178660301
INFO:root:0.29895874221999585, 0.17724517862810732, -0.5375614096142545
INFO:root:0.3012607074075456, 0.17585764015910163, -0.5473352534254228
INFO:root:0.3033388837966938, 0.17457246144646807, -0.5603670451736471
INFO:root:0.30560390702365037, 0.17312540356614364, -0.5766567848589275
INFO:root:0.30764351210991514, 0.17177985069839655, -0.5896885766071518
INFO:root:0.30987005480957885, 0.17027425635255306, -0.5994624204183201
INFO:root:0.31207678841109693, 0.16873977483112879, -0.6157521601036005
INFO:root:0.31406224348569994, 0.16731553132155869, -0.6287839518518248
INFO:root:0.31602897005068364, 0.1658655354434932, -0.6418157436000491
INFO:root:0.3181740415779809, 0.1642459753580255, -0.6515895874112174
INFO:root:0.3202978257893131, 0.1625985994594044, -0.6678793270964978
INFO:root:0.3222063758324802, 0.1610728412346039, -0.6809111188447221
INFO:root:0.324286507072067, 0.1593706776837791, -0.6906849626558904
INFO:root:0.3261597679512573, 0.15780179428903146, -0.7037167544041147
INFO:root:0.3280124249840179, 0.15620863285754305, -0.7167485461523391
INFO:root:0.33002443696763945, 0.15442646717909878, -0.7330382858376194
INFO:root:0.3318295904049279, 0.15277967560283134, -0.7460700775858438
INFO:root:0.3337944746717262, 0.1509456809066149, -0.7558439213970121
INFO:root:0.3355616058287607, 0.14925815345449528, -0.7688757131452364
INFO:root:0.3373065960502306, 0.1475477410613006, -0.7819075048934607
INFO:root:0.3393736595813562, 0.14546813282551416, -0.7949392966416851
INFO:root:0.34090092495599866, 0.14388586652935792, -0.8112290363269654
INFO:root:0.3427422229118607, 0.14192782450595803, -0.8210028801381337
INFO:root:0.3443957243099592, 0.1401288151801607, -0.834034671886358
INFO:root:0.3460256416536503, 0.13830841113694547, -0.8470664636345824
INFO:root:0.3479529094395583, 0.13609862360474667, -0.8600982553828067
INFO:root:0.3495348323235279, 0.13423636115895854, -0.873130047131031
INFO:root:0.35109235295285174, 0.1323536421366267, -0.8861618388792554
INFO:root:0.3526252068212888, 0.130450786270872, -0.8991936306274797
INFO:root:0.3541331336116354, 0.12852811671455858, -0.912225422375704
INFO:root:0.35576762953225605, 0.12639440403166616, -0.9219992661868723
INFO:root:0.35723132030502985, 0.12443784819307727, -0.9350310579350967
INFO:root:0.358669390085476, 0.12246238451728185, -0.948062849683321
INFO:root:0.36022638610331364, 0.12027147828284385, -0.9578366934944893
INFO:root:0.3616190341325259, 0.11826373504862521, -0.9708684852427136
INFO:root:0.36298540015723507, 0.11623801411168945, -0.983900276990938
INFO:root:0.3643252521340677, 0.1141946594904851, -0.9969320687391623
INFO:root:0.36563836252240356, 0.11213401819810453, -1.0099638604873866
INFO:root:0.3671817374831408, 0.10964092458040195, -1.022995652235611
INFO:root:0.3684407002760752, 0.10754676266836498, -1.0360274439838353
INFO:root:0.3696722662577306, 0.10543637250049351, -1.0490592357320596
INFO:root:0.3709928105392239, 0.1030953322342279, -1.06534897541734
INFO:root:0.3721619761328919, 0.1009497429812714, -1.0783807671655643
INFO:root:0.37342106291949284, 0.09857508359696626, -1.0881546109767326
INFO:root:0.3745409972014216, 0.09640339102388411, -1.101186402724957
INFO:root:0.3756325361425121, 0.0942172885176181, -1.1142181944731813
INFO:root:0.3769080860178415, 0.09157711909661362, -1.1272499862214056
INFO:root:0.3779422830185472, 0.08936331287393946, -1.14028177796963
INFO:root:0.3789475431578125, 0.08713621757283, -1.1533135697178543
INFO:root:0.3799236957171404, 0.08489621141017395, -1.1663453614660786
INFO:root:0.38087057492123444, 0.08264367479544962, -1.179377153214303
INFO:root:0.38178801996615125, 0.08037899026612173, -1.1924089449625273
INFO:root:0.38267587504660927, 0.07810254242267697, -1.2054407367107516
INFO:root:0.3837056122496162, 0.07535715295143551, -1.218472528458976
INFO:root:0.3845338401114039, 0.07305834020639122, -1.2315043202072002
INFO:root:0.38533204084518397, 0.07074892967198802, -1.2445361119554246
INFO:root:0.386181038032443, 0.06819873154170719, -1.2543099557665929
INFO:root:0.38699673041885324, 0.06563768631398981, -1.2705996954518732
INFO:root:0.38770405695273386, 0.06329884245381275, -1.2836314872000976
INFO:root:0.38838084496226233, 0.060950979719754814, -1.296663278948322
INFO:root:0.3890269795117845, 0.058594496838057335, -1.3096950706965462
INFO:root:0.3897654251432943, 0.05575685343104437, -1.3227268624447706
INFO:root:0.3903499288073954, 0.053384332220502324, -1.3357586541929949
INFO:root:0.3909034655125586, 0.05100439555246754, -1.3487904459412192
INFO:root:0.3914259412543064, 0.04861744760014336, -1.3618222376894435
INFO:root:0.3919621102521563, 0.045983661440751104, -1.378111977374724
INFO:root:0.39246391174125517, 0.04334311187802751, -1.3878858211858922
INFO:root:0.39289269338967586, 0.040937566674586694, -1.4009176129341165
INFO:root:0.39329009095230233, 0.038526638097246, -1.4139494046823409
INFO:root:0.3936560369410169, 0.03611073558241574, -1.4269811964305652
INFO:root:0.39399046920897157, 0.03369026941120611, -1.4400129881787895
INFO:root:0.3943279612973728, 0.031023734990290427, -1.4497868319899578
INFO:root:0.3946306759907503, 0.028353028989609157, -1.4660765716752382
INFO:root:0.3948702477808894, 0.025921340937002692, -1.4791083634234625
INFO:root:0.3950781108730116, 0.023486737404032097, -1.4921401551716869
INFO:root:0.39525422996672716, 0.021049631847711584, -1.5051719469199112
INFO:root:0.39541738017990524, 0.018366780987972727, -1.5149457907310795
INFO:root:0.3955378785526455, 0.01592629301013173, -1.5279775824793038
INFO:root:0.39563105656324654, 0.01324010154525027, -1.5442673221645842
INFO:root:0.39568922176491383, 0.010552923929800076, -1.5540411659757525
INFO:root:0.39571424057181437, 0.00810959106522334, -1.5670729577239768
INFO:root:primer cacho: -0.5029629629629634
INFO:root:0.3957074171504796, 0.005666139639730953, -1.5801047494722011
INFO:root:0.3956767125226934, 0.003222871612343863, -1.5866206453463132
INFO:root:0.39564600789490717, 0.0007796035849567734, -1.5801047494722011
INFO:root:0.3956391844735724, -0.0016638478405356133, -1.5670729577239768
INFO:root:0.3956623269883893, -0.004351555256098091, -1.5572991139128085
INFO:root:0.3957210045709855, -0.007283121219429076, -1.5442673221645842
INFO:root:0.39579008043796, -0.009481150946510926, -1.5344934783534159
INFO:root:0.3958946743996945, -0.011922372266053291, -1.5214616866051915
INFO:root:0.3960310720674714, -0.014362023287007829, -1.5084298948569672
INFO:root:0.39622043583579103, -0.017043151424734438, -1.4921401551716869
INFO:root:0.39644472243933104, -0.019721584221564344, -1.4823663113605186
INFO:root:0.3966763706589772, -0.02215403987997916, -1.4693345196122942
INFO:root:0.39697038274010227, -0.024825717933902217, -1.4530447799270139
INFO:root:0.3972991856224493, -0.02749333773294065, -1.4432709361158456
INFO:root:0.3976257303767169, -0.029914880619465643, -1.4302391443676212
INFO:root:0.3979838035526263, -0.032331962543711, -1.417207352619397
INFO:root:0.3983733443403314, -0.03474417302427309, -1.4041755608711726
INFO:root:0.39879428658599286, -0.037151102407042134, -1.3911437691229482
INFO:root:0.39928748265419517, -0.039793272796318974, -1.38136992531178
INFO:root:0.39981506808353345, -0.04242879178551475, -1.3650801856264996
INFO:root:0.40037695327671047, -0.04505721179710917, -1.3553063418153313
INFO:root:0.400914970921406, -0.047440704704968514, -1.342274550067107
INFO:root:0.4014840031856681, -0.0498169840888054, -1.3292427583188826
INFO:root:0.4020839534334829, -0.05218564639651549, -1.3162109665706583
INFO:root:0.40284087304712407, -0.05501841796417593, -1.303179174822434
INFO:root:0.4035023483686952, -0.0573706407059187, -1.2901473830742096
INFO:root:0.40419442033196246, -0.059714043749673415, -1.2771155913259853
INFO:root:0.40491697140567134, -0.06204822912656652, -1.264083799577761
INFO:root:0.40566987888244654, -0.06437280043311651, -1.2510520078295366
INFO:root:0.40660964210306744, -0.06715027539164058, -1.2380202160813123
INFO:root:0.4072602273521618, -0.06899360383428592, -1.224988424333088
INFO:root:0.408272054150176, -0.07174564463828581, -1.2119566325848636
INFO:root:0.40914505739076423, -0.07402782928676234, -1.1989248408366393
INFO:root:0.4100477266156519, -0.07629844367460104, -1.185893049088415
INFO:root:0.41116634491150644, -0.07900883389821084, -1.1728612573401906
INFO:root:0.4121278812050699, -0.0812551529726034, -1.1598294655919663
INFO:root:0.4131186085858982, -0.08348875112014392, -1.146797673843742
INFO:root:0.4141383588035231, -0.08570924901959653, -1.1337658820955177
INFO:root:0.41518695867866734, -0.08791626957447748, -1.1207340903472933
INFO:root:0.41647968442345246, -0.09054807165761933, -1.107702298599069
INFO:root:0.4175854445084512, -0.09272701545272811, -1.0946705068508447
INFO:root:0.4187195054385415, -0.09489136460077753, -1.0816387151026203
INFO:root:0.41999403842057204, -0.09725776955457936, -1.071864871291452
INFO:root:0.42117715953198853, -0.09939569515280305, -1.0588330795432277
INFO:root:0.4223880403941011, -0.10151802146267838, -1.0458012877950034
INFO:root:0.42362647536883397, -0.10362438805973073, -1.032769496046779
INFO:root:0.4250225752659743, -0.1059211709847949, -1.0164797563614987
INFO:root:0.4264484869662346, -0.1081995657158989, -1.0067059125503304
INFO:root:0.42776830383592346, -0.11025591803452144, -0.993674120802106
INFO:root:0.4291148058332135, -0.11229489665116102, -0.9806423290538817
INFO:root:0.4306214362959789, -0.11452073837426913, -0.9708684852427134
INFO:root:0.4320140843251911, -0.11652848160848776, -0.9578366934944891
INFO:root:0.4334327778521865, -0.11851790617460757, -0.9448049017462647
INFO:root:0.43487727594706327, -0.12048867421821818, -0.9317731099980404
INFO:root:0.4363473332976541, -0.12244045105325678, -0.9187413182498161
INFO:root:0.43798877205636494, -0.12456882731911381, -0.9089674744386478
INFO:root:0.4395029547902151, -0.12648657393332785, -0.8959356826904235
INFO:root:0.44119930288944226, -0.12857145039343526, -0.8796459430051431
INFO:root:0.44276905796943755, -0.13044398087827347, -0.8666141512569188
INFO:root:0.4443630814940789, -0.1322958962194026, -0.8535823595086944
INFO:root:0.44613962163359006, -0.13431287709694387, -0.8438085156975261
INFO:root:0.44777546109823974, -0.13612796130262528, -0.8307767239493018
INFO:root:0.4497666855276099, -0.13828029662221178, -0.8177449322010775
INFO:root:0.45144927164518345, -0.1400521333485408, -0.8047131404528531
INFO:root:0.453154804443677, -0.14180189313236324, -0.7916813487046288
INFO:root:0.4550589059937182, -0.14369891817563293, -0.7753916090193484
INFO:root:0.45663690119650807, -0.14523059611061337, -0.7656177652081803
INFO:root:0.45876404477114957, -0.14724870965274162, -0.7525859734599559
INFO:root:0.4605584296414568, -0.1489072283789042, -0.7395541817117316
INFO:root:0.4623742750047803, -0.15054222288786012, -0.7265223899635073
INFO:root:0.4642112724848312, -0.15215341551635184, -0.7134905982152829
INFO:root:0.46625773507303514, -0.15389591303507116, -0.6972008585300026
INFO:root:0.46832673111284157, -0.15561159427438306, -0.6874270147188344
INFO:root:0.47022529902922056, -0.15714975593517033, -0.67439522297061
INFO:root:0.4721437501683459, -0.15866304594525038, -0.6613634312223857
INFO:root:0.4740817587288832, -0.16015120730985558, -0.6483316394741614
INFO:root:0.47623209530516003, -0.16176377028114927, -0.6385577956629931
INFO:root:0.4782035354352368, -0.16320735098251044, -0.6255260039147688
INFO:root:0.48039516609120714, -0.1647633271376853, -0.6092362642294884
INFO:root:0.48240808073890806, -0.16614848996164883, -0.5962044724812641
INFO:root:0.4846395167613856, -0.16764682236977838, -0.5864306286700958
INFO:root:0.4866834947566812, -0.16898572318110341, -0.5733988369218714
INFO:root:0.48895322039381156, -0.1704253940670405, -0.5571090972365911
INFO:root:0.4908254608320622, -0.17157900660941028, -0.5473352534254229
INFO:root:0.4931319343229305, -0.17295903804513316, -0.5310455137401425
INFO:root:0.4952428974590439, -0.17418962167325025, -0.5245296178660304
INFO:root:0.4975802409468503, -0.17551669821500296, -0.50823987818075
INFO:root:0.4997225569119246, -0.17669185085768713, -0.4952080864325257
INFO:root:0.5018800048784371, -0.17783898628980072, -0.48217629468430134
INFO:root:0.504486661173158, -0.17918169438065734, -0.469144502936077
INFO:root:0.5064530090402996, -0.18016636804331, -0.45937065912490876
INFO:root:0.5088718022160571, -0.1813384372821223, -0.44308091943962835
INFO:root:0.5110860895360807, -0.18237160381865064, -0.430049127691404
INFO:root:0.5133136524652739, -0.18337582731185492, -0.4170173359431797
INFO:root:0.5157764081909383, -0.18445246140167795, -0.40724349213201144
INFO:root:0.518026291840676, -0.1854056271744912, -0.3942117003837871
INFO:root:0.5205162688915106, -0.18641771462821155, -0.3779219606985067
INFO:root:0.5227931297149002, -0.1873045101056092, -0.36489016895028237
INFO:root:0.5250813534110103, -0.18816155954664526, -0.35185837720205804
INFO:root:0.5273805513818104, -0.1889887174027332, -0.3388265854538337
INFO:root:0.5299198796266514, -0.18986969344815893, -0.32905274164266546
INFO:root:0.5322373419458519, -0.1906442060864711, -0.3160209498944411
INFO:root:0.5345647004850348, -0.19138845312738711, -0.3029891581462168
INFO:root:0.5371365216769104, -0.1921695052925343, -0.2866994184609364
INFO:root:0.5394824853102154, -0.19285284712429196, -0.2801835225868242
INFO:root:0.5420714485798597, -0.19357504925395808, -0.2638937829015438
INFO:root:0.5444344237600411, -0.19419702170163228, -0.2508619911533195
INFO:root:0.5468053034798576, -0.1947881484071555, -0.23783019940509514
INFO:root:0.5491836851042036, -0.19534832898232107, -0.2247984076568708
INFO:root:0.5515691647239613, -0.19587746829435485, -0.21176661590864648
INFO:root:0.5544397717247215, -0.19647507811961443, -0.19873482416042215
INFO:root:0.5568382308550747, -0.19694187060867685, -0.18570303241219782
INFO:root:0.5592425692963634, -0.19737736812596093, -0.1726712406639735
INFO:root:0.5618940803039602, -0.19781759091530188, -0.15638150097869308
INFO:root:0.5643101528761187, -0.1981824124523343, -0.14334970923046875
INFO:root:0.566972235819643, -0.19855338567166256, -0.1335758654193005
INFO:root:0.5693959993888045, -0.19886301704705134, -0.12054407367107617
INFO:root:0.5718235920873015, -0.19914103704277686, -0.10751228192285184
INFO:root:0.5744981405046745, -0.1994076781701169, -0.09122254223757142
INFO:root:0.5769321540823796, -0.1996223391385447, -0.08470664636345926
INFO:root:0.5796120874108522, -0.19982792143983316, -0.06841690667817885
INFO:root:0.5820508685106641, -0.19997907756779287, -0.055385114929954515
INFO:root:0.584491412306667, -0.20009844007284133, -0.042353323181730185
INFO:root:0.5869333043330404, -0.20018598868421814, -0.029321531433505854
INFO:root:0.5896203090432416, -0.20025165766485659, -0.019547687622337606
INFO:root:0.59206356251542, -0.20028349943785181, -0.0065158958741132755
INFO:root:0.594507023468212, -0.20028349943785181, 0.006515895874111055
INFO:root:0.5974389276348262, -0.20024528931025756, 0.019547687622335386
INFO:root:0.5998815587003992, -0.20018161117180236, 0.032579479370559716
INFO:root:0.6023231525390753, -0.2000861074820393, 0.04561127111878405
INFO:root:0.6047632945067103, -0.19995879445990095, 0.05864306286700838
INFO:root:0.607445679304993, -0.1997881529596644, 0.06841690667817663
INFO:root:0.6101256126334657, -0.19958257065837598, 0.08470664636345704
INFO:root:0.6125589139405766, -0.19935998095369106, 0.09773843811168137
INFO:root:0.6152325794624591, -0.19908462771735982, 0.10751228192284962
INFO:root:0.6179024297119932, -0.19877445619590017, 0.12380202160813003
INFO:root:0.6200833600869178, -0.1984922349063686, 0.13357586541929828
INFO:root:0.6227442202931847, -0.1981125907435438, 0.1498656051045787
INFO:root:0.6253999072552687, -0.19769830402268693, 0.15963944891574694
INFO:root:0.6278097166902539, -0.197294175435631, 0.17267124066397127
INFO:root:0.6302140551315426, -0.1968586779183469, 0.1857030324121956
INFO:root:0.6326125142618958, -0.1963918854292845, 0.19873482416041993
INFO:root:0.6352430081551065, -0.19583979068610818, 0.21502456384570034
INFO:root:0.6373891612059818, -0.19536006864288705, 0.2247984076568686
INFO:root:0.640243219155197, -0.19468785195268837, 0.23783019940509292
INFO:root:0.6426140988750134, -0.19409672524716515, 0.25086199115331725
INFO:root:0.6449770740551949, -0.19347475279949097, 0.2638937829015416
INFO:root:0.6475660373248392, -0.19275255066982486, 0.280183522586822
INFO:root:0.6499120009581442, -0.1920692088380672, 0.28669941846093416
INFO:root:0.6524838221500198, -0.19128815667292, 0.3029891581462146
INFO:root:0.6548111806892026, -0.190543909632004, 0.3160209498944389
INFO:root:0.6571286430084031, -0.18976939699369183, 0.32905274164266324
INFO:root:0.6594358155441363, -0.1889647502897416, 0.34208453339088757
INFO:root:0.6619634477966176, -0.18805075799005985, 0.3518583772020558
INFO:root:0.6642516714927277, -0.1871937085490238, 0.36489016895028015
INFO:root:0.6665285323161173, -0.18630691307162617, 0.3779219606985045
INFO:root:0.669018509366952, -0.1852948256179058, 0.3942117003837849
INFO:root:0.6710447993785201, -0.18444027606079824, 0.40398554419495314
INFO:root:0.6737333516689911, -0.18327014417187995, 0.41701733594317747
INFO:root:0.6759609145981843, -0.18226592067867567, 0.4300491276914018
INFO:root:0.6781752019182079, -0.18123275414214732, 0.44308091943962613
INFO:root:0.6805978007909732, -0.18006857141192925, 0.4528547632507944
INFO:root:0.6830050229970975, -0.17887291762508148, 0.4691445029360748
INFO:root:0.6851772365760317, -0.1777539942160343, 0.4821762946842991
INFO:root:0.687548370672272, -0.1764882810473788, 0.49846603436957954
INFO:root:0.6894747296197037, -0.17542750427435638, 0.5082398781807478
INFO:root:0.6920269137930009, -0.17398393993507957, 0.5212716699289721
INFO:root:0.6939285822238306, -0.1728795109714429, 0.5310455137401403
INFO:root:0.6962350557146989, -0.17149947953572003, 0.5473352534254207
INFO:root:0.6985233495836719, -0.1700895086506014, 0.5571090972365889
INFO:root:0.700380397832233, -0.16891159610756198, 0.5733988369218692
INFO:root:0.702631169780927, -0.16744246971319215, 0.5831726807330375
INFO:root:0.7046619641493519, -0.16608365564901953, 0.5962044724812618
INFO:root:0.707077461726593, -0.1644214602602633, 0.6092362642294862
INFO:root:0.709072154809952, -0.16301018391205244, 0.6222680559777105
INFO:root:0.7110482875798317, -0.16157303370987208, 0.6352998477259348
INFO:root:0.7130055244391037, -0.16011025371803228, 0.6483316394741592
INFO:root:0.714943532999641, -0.15862209235342709, 0.6613634312223835
INFO:root:0.7170511148329474, -0.15695403793477683, 0.6776531709076639
INFO:root:0.7191367805834724, -0.15525866036480943, 0.6874270147188322
INFO:root:0.7210151428524427, -0.15369588827191544, 0.7004588064670565
INFO:root:0.72287298048077, -0.1521087711449866, 0.7134905982152808
INFO:root:0.724896562076468, -0.1503397532668368, 0.7232644420264491
INFO:root:0.726717724520469, -0.14871068335416274, 0.7362962337746735
INFO:root:0.728694517109882, -0.1468895304813639, 0.7525859734599538
INFO:root:0.7304671367554165, -0.14520776919625705, 0.7656177652081781
INFO:root:0.7322176901407055, -0.14350305095764024, 0.7786495569564025
INFO:root:0.7341217916907467, -0.14160602591437058, 0.7884234007675708
INFO:root:0.7360010106230065, -0.13968434879989536, 0.8047131404528511
INFO:root:0.73768359674058, -0.13791251207356633, 0.8177449322010755
INFO:root:0.7395120973010182, -0.13594251399535942, 0.8275187760122438
INFO:root:0.7409870119170997, -0.13431133864249173, 0.8438085156975241
INFO:root:0.7427635520566109, -0.13229435776495047, 0.8535823595086924
INFO:root:0.7443575755812523, -0.13044244242382133, 0.8666141512569168
INFO:root:0.7459273306612476, -0.12856991193898312, 0.8796459430051411
INFO:root:0.7474725507126379, -0.1266770843132863, 0.8926777347533654
INFO:root:0.749148440855665, -0.12457572785705, 0.9024515785645337
INFO:root:0.7507968050298814, -0.12245271059927243, 0.9187413182498141
INFO:root:0.7522668623804724, -0.12050093376423385, 0.9317731099980384
INFO:root:0.7537113604753491, -0.11853016572062323, 0.9448049017462627
INFO:root:0.7552754860758609, -0.11634434371655122, 0.954578745557431
INFO:root:0.7566746678254966, -0.11434114830438953, 0.9676105373056554
INFO:root:0.7580476262804267, -0.11231988965966944, 0.9806423290538797
INFO:root:0.7593941282777167, -0.11028091104302985, 0.993674120802104
INFO:root:0.760842240190953, -0.1080165615526895, 1.0099638604873844
INFO:root:0.7620028157628255, -0.10614862940764064, 1.0197377042985527
INFO:root:0.7635217502866993, -0.10364057040350136, 1.032769496046777
INFO:root:0.7647601852614322, -0.10153420380644901, 1.0458012877950014
INFO:root:0.7659710661235447, -0.09941187749657368, 1.0588330795432257
INFO:root:0.7673908114572445, -0.09684636677870526, 1.07186487129145
INFO:root:0.7685459718941942, -0.09469320496575996, 1.0848966630396744
INFO:root:0.7696729754813331, -0.09252517259921295, 1.0979284547878987
INFO:root:0.7708775839362304, -0.09012241892934757, 1.114218194473179
INFO:root:0.7719405421656717, -0.08792227774517716, 1.1272499862214034
INFO:root:0.7730821242113078, -0.0854889472783596, 1.1370238300325717
INFO:root:0.7740946347632555, -0.0832651388760879, 1.150055621780796
INFO:root:0.7750780799525832, -0.0810283248499767, 1.1630874135290203
INFO:root:0.7762231353281098, -0.07832899711088358, 1.1761192052772447
INFO:root:0.77696299003785, -0.07651965028888406, 1.189150997025469
INFO:root:0.7780373103225908, -0.0737913984709878, 1.2021827887736933
INFO:root:0.7789028737044426, -0.07150638174023574, 1.2152145805219177
INFO:root:0.7797385865697272, -0.06921027951371854, 1.228246372270142
INFO:root:0.7805443069933462, -0.06690348172743935, 1.2412781640183663
INFO:root:0.7815476673055615, -0.06388961120983473, 1.2575679037036467
INFO:root:0.7822854122419293, -0.061560183418147854, 1.270599695451871
INFO:root:0.7829927387758099, -0.05922133955797079, 1.2836314872000953
INFO:root:0.7837414116646916, -0.05663990669362681, 1.2934053310112636
INFO:root:0.7843952200700699, -0.05428554138703648, 1.306437122759488
INFO:root:0.7850763649089446, -0.05168547438095068, 1.3227268624447683
INFO:root:0.785605895804904, -0.04955106505123948, 1.3325007062559366
INFO:root:0.7863305324759837, -0.046458323693165465, 1.348790445941217
INFO:root:0.7868530082177315, -0.04407137574084129, 1.3618222376894413
INFO:root:0.7873443342665203, -0.04167782186812375, 1.3748540294376657
INFO:root:0.7878044271828091, -0.03927806856076061, 1.38788582118589
INFO:root:0.7883189651609139, -0.036391414316631635, 1.4009176129341143
INFO:root:0.7887163627235404, -0.033980485739290946, 1.4139494046823387
INFO:root:0.789082308712255, -0.031564583224460686, 1.426981196430563
INFO:root:0.7894545208810211, -0.028902673228032544, 1.4367550402417313
INFO:root:0.7897920129694224, -0.02623613880711686, 1.4530447799270116
INFO:root:0.790063252772253, -0.023807779196766722, 1.466076571675236
INFO:root:0.7903028245623921, -0.021376091144160256, 1.4791083634234603
INFO:root:0.790535836154787, -0.018698403274846287, 1.4888822072346286
INFO:root:0.7907339338785655, -0.01601790630236239, 1.505171946919909
INFO:root:0.7908782790644153, -0.013578712604612773, 1.5182037386681333
INFO:root:0.7910064540599766, -0.010893963473283282, 1.5279775824793016
INFO:root:0.7910951391699859, -0.008452112458359941, 1.541009374227526
INFO:root:0.791151995956298, -0.006009313094173489, 1.5540411659757503
INFO:root:0.791175138471115, -0.0033216056786110116, 1.5703309056610306
INFO:root:empieza media vuelta: 0.5029629629629627
INFO:root:0.7911632543688994, -0.0006338249033661049, 1.580104749472199
INFO:root:0.7911245898781181, 0.0018093301234326674, 1.5931365412204233
INFO:root:0.7910540908840948, 0.004251773842264526, 1.6061683329686476
INFO:root:0.7909517693593349, 0.006693091464654183, 1.619200124716872
INFO:root:0.7908176426806109, 0.009132868393365898, 1.6322319164650962
INFO:root:0.790651733626012, 0.01157069029281253, 1.6452637082133206
INFO:root:0.7904386683503858, 0.014250039078615509, 1.6550375520244889
INFO:root:0.7902172111796217, 0.01668344372012844, 1.6680693437727132
INFO:root:0.7899134322701686, 0.019599818255443054, 1.6811011355209375
INFO:root:0.7895958063394066, 0.022268791933801303, 1.697390875206218
INFO:root:0.7892715158007556, 0.02469063773284816, 1.7104226669544422
INFO:root:0.7888445280818532, 0.027591534756867903, 1.7234544587026666
INFO:root:0.78845723285006, 0.03000410679335712, 1.736486250450891
INFO:root:0.7878600736582992, 0.03337242739838001, 1.7560339380732275
INFO:root:0.7873943975133221, 0.03577110352404156, 1.7690657298214518
INFO:root:0.7868521008740905, 0.03840363483111841, 1.7788395736326201
INFO:root:0.7862755446539365, 0.04102887570628838, 1.7951293133179005
INFO:root:0.7857164710884755, 0.04340751779290468, 1.8081611050661248
INFO:root:0.785126447904464, 0.04577867237878648, 1.8211928968143491
INFO:root:0.7844477236126028, 0.04837937229675071, 1.8309667406255175
INFO:root:0.7838037828565606, 0.05073645560680303, 1.8439985323737418
INFO:root:0.7831291806297955, 0.053084947306482444, 1.8570303241219661
INFO:root:0.782283001670154, 0.055892348813983625, 1.8700621158701904
INFO:root:0.7815474253829371, 0.05822246232055444, 1.8830939076184148
INFO:root:0.7807008023953601, 0.060773449628356624, 1.8993836473036951
INFO:root:0.7798972295853788, 0.0630809964137714, 1.9124154390519195
INFO:root:0.7789844137981166, 0.06560905378380603, 1.9221892828630878
INFO:root:0.7780387313357294, 0.06812500120137957, 1.9384790225483681
INFO:root:0.7770603427989238, 0.07062841139523691, 1.9482528663595364
INFO:root:0.7761450062152535, 0.07289394893993009, 1.9612846581077608
INFO:root:0.7751017095207744, 0.07537101146133536, 1.9775743977930411
INFO:root:0.7740262217660808, 0.0778342680085033, 1.9873482416042094
INFO:root:0.7731200885360866, 0.0798380216675228, 2.00363798128949
INFO:root:0.7719807720315449, 0.08227241371280647, 2.013411825100658
INFO:root:0.7709198622467264, 0.08447354339010762, 2.0264436168488826
INFO:root:0.7696124579844721, 0.08709808452163889, 2.0394754085971067
INFO:root:0.7686095236481346, 0.08905518157429855, 2.049249252408275
INFO:root:0.7673526478400196, 0.09143101194085185, 2.0655389920935554
INFO:root:0.7661784924037038, 0.09357387461475092, 2.07857078384178
INFO:root:0.7649765121182723, 0.09570125441658546, 2.091602575590004
INFO:root:0.763500990908656, 0.09823509719308764, 2.104634367338228
INFO:root:0.7621145239731414, 0.10053770792101939, 2.1209241070235088
INFO:root:0.7609556876540121, 0.10240671956945842, 2.130697950834677
INFO:root:0.7593822576287532, 0.10488095480719833, 2.143729742582901
INFO:root:0.7581811023463797, 0.10672305473504158, 2.153503586394069
INFO:root:0.7566838086579784, 0.10895518787137894, 2.1697933260793496
INFO:root:0.7552930301241033, 0.11096422657123814, 2.1828251178275737
INFO:root:0.7538761890519409, 0.1129549708551815, 2.195856909575798
INFO:root:0.7522927956318697, 0.11512687601078495, 2.205630753386966
INFO:root:0.7508309267378267, 0.11708479346676948, 2.2186625451351905
INFO:root:0.749343667524511, 0.11902349443912882, 2.2316943368834146
INFO:root:0.747528791174304, 0.12132648073729031, 2.2447261286316387
INFO:root:0.7461424584414729, 0.12303357994659675, 2.2610158683169193
INFO:root:0.7444210061723869, 0.1250977768395603, 2.2707897121280873
INFO:root:0.7428347538942205, 0.12695635294449423, 2.283821503876312
INFO:root:0.7412244164176537, 0.12879410010865583, 2.296853295624536
INFO:root:0.7394301098066801, 0.13079529238164667, 2.306627139435704
INFO:root:0.7377782837186126, 0.13259584007682146, 2.3196589311839286
INFO:root:0.7359324341818692, 0.1345495919073684, 2.335948670869209
INFO:root:0.7342285308723997, 0.1363009385149246, 2.3489804626174333
INFO:root:0.7325019497075113, 0.13802993212650097, 2.3620122543656574
INFO:root:0.7305811474293444, 0.1399100452443348, 2.3717860981768255
INFO:root:0.7286360077023635, 0.1417649679301042, 2.388075837862106
INFO:root:0.7268431674285533, 0.14342515622678134, 2.4011076296103306
INFO:root:0.7250288447736917, 0.14506184029277444, 2.4141394213585547
INFO:root:0.7230069107310527, 0.14683274103953567, 2.4304291610438353
INFO:root:0.7209620710195528, 0.1485771427369478, 2.4402030048550034
INFO:root:0.719085164258461, 0.15014166261153794, 2.453234796603228
INFO:root:0.7171880289502872, 0.15168159087295136, 2.466266588351452
INFO:root:0.7152709872764007, 0.15319666600257426, 2.479298380099676
INFO:root:0.7131433752013254, 0.1548390951747626, 2.4890722239108443
INFO:root:0.711192282773415, 0.15631006076428872, 2.502104015659069
INFO:root:0.709022590568496, 0.15789648519160182, 2.5183937553443494
INFO:root:0.7068324092301775, 0.1594545007348307, 2.5281675991555175
INFO:root:0.7048253143812159, 0.16084808305930628, 2.541199390903742
INFO:root:0.7025952740364066, 0.16234849193297535, 2.5574891305890226
INFO:root:0.7005481858147525, 0.16368263257045867, 2.5705209223372467
INFO:root:0.6984838856658302, 0.16498998345028354, 2.583552714085471
INFO:root:0.6961969052485297, 0.16640208376490198, 2.593326557896639
INFO:root:0.6941033295111776, 0.16766202108865652, 2.6063583496448635
INFO:root:0.691993512768694, 0.16889456915707238, 2.6193901413930876
INFO:root:0.689867813321114, 0.17009951865243628, 2.6324219331413117
INFO:root:0.6875103638814376, 0.17139054106395, 2.6487116728265923
INFO:root:0.6851362907599068, 0.17265073293080452, 2.6584855166377603
INFO:root:0.6829651196631017, 0.17377167784301825, 2.671517308385985
INFO:root:0.6807795254188823, 0.1748642341241564, 2.684549100134209
INFO:root:0.6785798791962122, 0.1759282162306379, 2.697580891882433
INFO:root:0.6761433703228774, 0.1770629986934131, 2.7138706315677137
INFO:root:0.6741379332029842, 0.17796539999809305, 2.7236444753788818
INFO:root:0.6714504712853483, 0.17913803399782044, 2.736676267127106
INFO:root:0.6691983756121695, 0.18008596147746694, 2.7497080588753304
INFO:root:0.6667060500711429, 0.18109225175626723, 2.765997798560611
INFO:root:0.6644271317479098, 0.18197374634153252, 2.779029590308835
INFO:root:0.6621397068208653, 0.1828329253862927, 2.785545486182947
INFO:root:0.6596129264459814, 0.1837492701166004, 2.8018352258682278
INFO:root:0.6573038876611839, 0.18454854561235928, 2.814867017616452
INFO:root:0.6549846292458725, 0.18531766317868256, 2.827898809364676
INFO:root:0.6526555450685547, 0.1860564922000313, 2.8409306011129
INFO:root:0.6500844520271422, 0.18683993798632514, 2.850704444924068
INFO:root:0.6475033678905613, 0.18758981224748658, 2.8669941846093487
INFO:root:0.6451471859887545, 0.18823704348392212, 2.8800259763575733
INFO:root:0.6425474362834697, 0.1889193983751135, 2.8897998201687414
INFO:root:0.6401771078364417, 0.189512731739277, 2.902831611916966
INFO:root:0.6377992486821722, 0.1900751259695785, 2.91586340366519
INFO:root:0.6354142626410504, 0.19060648555730955, 2.928895195413414
INFO:root:0.6327842838005067, 0.19116102863584708, 2.9386690392245822
INFO:root:0.6301473017929266, 0.19168125226022464, 2.954958778909863
INFO:root:0.627743369772716, 0.19211898764836044, 2.9679905706580874
INFO:root:0.6250937260222583, 0.1925703131664977, 2.9777644144692554
INFO:root:0.6226804371454704, 0.19295311628167724, 2.99079620621748
INFO:root:0.6202623647180286, 0.1933044383041371, 3.003827997965704
INFO:root:0.6175971053855114, 0.19365185652198294, 3.0201177376509847
INFO:root:0.615169772531455, 0.1939321361028271, 3.033149529399209
INFO:root:0.6124963644782881, 0.19420997798038422, 3.042923373210377
INFO:root:0.6100632714212407, 0.1944348326080155, 3.0559551649586014
INFO:root:0.6076274547887002, 0.19462796147809525, 3.0689869567068255
INFO:root:0.6049452299928147, 0.19480109978119214, 3.085276696392106
INFO:root:0.6025047983617864, 0.19492273399552226, 3.09830848814033
INFO:root:0.5998189724521816, 0.1950259130193477, 3.1080823319514983
INFO:root:0.5973764017191328, 0.19509186483412738, 3.121114123699723
INFO:root:0.5949331789451178, 0.19512598087660193, 3.134145915447947
INFO:root:tres cuartos vuelta: -0.9971851851851863
INFO:root:0.5917566804805816, 0.19512376326196604, -3.1327496520463587
INFO:root:0.5893135077231266, 0.19508623587131413, -3.1197178602981346
INFO:root:0.5868710314571114, 0.1950168736498105, -3.1066860685499105
INFO:root:0.5841853522306322, 0.1949099446073593, -3.0969122247387424
INFO:root:0.5815012944897207, 0.19476802642277902, -3.080622485053462
INFO:root:0.5790633956367331, 0.1946032519999411, -3.0675906933052373
INFO:root:0.5766278510372527, 0.19440672227760675, -3.054558901557013
INFO:root:0.5741950743081102, 0.19417847063147392, -3.041527109808789
INFO:root:0.5717654785960827, 0.19391853582442242, -3.028495318060565
INFO:root:0.5688542760900597, 0.19356864723503267, -3.015463526312341
INFO:root:0.5664322796216543, 0.1932454839096822, -3.0024317345641167
INFO:root:0.5637723100915093, 0.19285964867754088, -2.9926578907529486
INFO:root:0.5611175944083598, 0.1924391830198445, -2.976368151067668
INFO:root:0.5587100796257459, 0.19202160189082268, -2.9633363593194435
INFO:root:0.556308210947747, 0.19157268287644844, -2.9503045675712194
INFO:root:0.5536719578796039, 0.19104877783890067, -2.9405307237600513
INFO:root:0.5512809507729088, 0.19054520416648194, -2.9274989320118268
INFO:root:0.5488967089743175, 0.19001051502906677, -2.9144671402636027
INFO:root:0.5462829473846755, 0.18938397127147757, -2.898177400578322
INFO:root:0.5436775724929818, 0.18872341968273285, -2.888403556767154
INFO:root:0.5413160511053526, 0.18809595003120402, -2.8753717650189294
INFO:root:0.5389629070630166, 0.18743775967588244, -2.8623399732707053
INFO:root:0.5363853409423875, 0.18667588066879112, -2.8460502335854247
INFO:root:0.5340501489695092, 0.1859565894359627, -2.8395343377113127
INFO:root:0.5314906267409388, 0.18513613060755274, -2.823244598026032
INFO:root:0.5289420135940046, 0.1842823872298709, -2.813470754214864
INFO:root:0.5266340930587617, 0.18347988848792576, -2.8004389624666395
INFO:root:0.52433682619552, 0.18264738239973716, -2.7874071707184154
INFO:root:0.5218235294280694, 0.1816946777831934, -2.771117431033135
INFO:root:0.5195516568899773, 0.18079517981294435, -2.7580856392849107
INFO:root:0.5172916990009215, 0.17986615248960344, -2.7450538475366866
INFO:root:0.5148175595680282, 0.17881594260854913, -2.7352800037255185
INFO:root:0.5125793745742295, 0.17783562155840588, -2.722248211977294
INFO:root:0.5103541546087039, 0.1768262170147042, -2.70921642022907
INFO:root:0.5079229536231005, 0.17568010685627153, -2.6929266805437893
INFO:root:0.5057247951433843, 0.17461305450241457, -2.686410784669677
INFO:root:0.5033203618655122, 0.1734118020976624, -2.6701210449843966
INFO:root:0.5013660731611465, 0.17240340643299387, -2.6603472011732285
INFO:root:0.49899376191301503, 0.1711399009642084, -2.644057461487948
INFO:root:0.49663811737808083, 0.1698455881918476, -2.63428361767678
INFO:root:0.4945101783796523, 0.1686445981640845, -2.6212518259285558
INFO:root:0.49218906451610794, 0.16728933539984872, -2.604962086243275
INFO:root:0.4900972500233241, 0.16602647612201962, -2.591930294495051
INFO:root:0.48802207000524206, 0.1647364647575842, -2.578898502746827
INFO:root:0.48555223825460164, 0.16315613150804834, -2.565866710998603
INFO:root:0.4835113815546605, 0.16181247777358962, -2.5528349192503788
INFO:root:0.48148820786919433, 0.1604423428655398, -2.5398031275021546
INFO:root:0.47948306078406416, 0.1590459594673237, -2.5267713357539305
INFO:root:0.4772950569800562, 0.15748488737375843, -2.5169974919427625
INFO:root:0.4751275819557478, 0.15589543503201905, -2.500707752257482
INFO:root:0.4733712907398654, 0.15457197467313094, -2.490933908446314
INFO:root:0.47124597400173207, 0.1529265763960345, -2.474644168761033
INFO:root:0.46914227961053523, 0.15125362193278435, -2.464870324949865
INFO:root:0.4672472962964164, 0.14971104627271745, -2.4518385332016406
INFO:root:0.4651879146473178, 0.14798383639808801, -2.43554879351636
INFO:root:0.4633389700826668, 0.14638636795562446, -2.422517001768136
INFO:root:0.46132530005581446, 0.14460607591480137, -2.412743157956968
INFO:root:0.4595132644108291, 0.14296686017270943, -2.3997113662087433
INFO:root:0.45772274394404106, 0.14130417021789748, -2.386679574460519
INFO:root:0.45578019607295217, 0.13944653341373214, -2.3703898347752386
INFO:root:0.45386202079942084, 0.1375637401835354, -2.3606159909640705
INFO:root:0.4521378554472785, 0.1358323374960327, -2.347584199215846
INFO:root:0.45043639913910954, 0.13407861349858857, -2.334552407467622
INFO:root:0.4487579408250593, 0.13230286601771885, -2.3215206157193977
INFO:root:0.4469404712702662, 0.1303226864437757, -2.305230876034117
INFO:root:0.44531479460866313, 0.1284984943432176, -2.292199084285893
INFO:root:0.4435495470644916, 0.1264716229029289, -2.282425240474725
INFO:root:0.44181086243095785, 0.12442191988230003, -2.2661355007894444
INFO:root:0.4400990359805148, 0.12234973337254153, -2.2563616569782763
INFO:root:0.43856441151774817, 0.12044830517613293, -2.243329865230052
INFO:root:0.4370546956788547, 0.11852704009457503, -2.230298073481828
INFO:root:0.43557014485161777, 0.11658626440708057, -2.217266281733604
INFO:root:0.4339686118982999, 0.11442770031790032, -2.2009765420483234
INFO:root:0.4325415975596922, 0.11244423579711164, -2.1879447503000993
INFO:root:0.4309968620904943, 0.11024466787184457, -2.178170906488931
INFO:root:0.42948092128860904, 0.10802515661644597, -2.1618811668036506
INFO:root:0.42826437599709044, 0.10619318398831591, -2.1521073229924825
INFO:root:0.42680679193086635, 0.10393492018230227, -2.135817583307202
INFO:root:0.4255119549005802, 0.10186274777325441, -2.122785791558978
INFO:root:0.42411371766595957, 0.09956726539184044, -2.1130119477478098
INFO:root:0.4227455125609455, 0.0972537569050881, -2.096722208062529
INFO:root:0.4216508338720904, 0.0953464591504886, -2.086948364251361
INFO:root:0.42022035463903284, 0.09278691793772191, -2.073916572503137
INFO:root:0.41905618521953325, 0.09063861372497142, -2.060884780754913
INFO:root:0.4179201101133781, 0.08847532114628633, -2.0478529890066888
INFO:root:0.41681232225474124, 0.08629740758324572, -2.0348211972584647
INFO:root:0.41573300977390926, 0.08410524290044022, -2.0217894055102406
INFO:root:0.41458124506231914, 0.08167671561486213, -2.00549966582496
INFO:root:0.4134612253161235, 0.07923338540881272, -1.9957258220137917
INFO:root:0.4124684192372469, 0.07700071043973074, -1.9826940302655673
INFO:root:0.4114044076061315, 0.07453247504242505, -1.972920186454399
INFO:root:0.4104627728519063, 0.07227774104093958, -1.9598883947061747
INFO:root:0.4094634463735627, 0.06978261512881752, -1.9435986550208944
INFO:root:0.408588319157562, 0.067501244097259, -1.93056686327267
INFO:root:0.4075739310823722, 0.06475014633655095, -1.9175350715244457
INFO:root:0.4067585550635986, 0.06244674377168558, -1.9045032797762214
INFO:root:0.40597326489343233, 0.06013291128499607, -1.891471488027997
INFO:root:0.40513852386666677, 0.05757801125840091, -1.8816976442168287
INFO:root:0.4043371477026217, 0.05501245031167562, -1.8654079045315484
INFO:root:0.40370888616924283, 0.05290498889987938, -1.85563406072038
INFO:root:0.40297464232291685, 0.05031941494004106, -1.8393443210350997
INFO:root:0.40227415453083065, 0.04772449228593366, -1.8295704772239314
INFO:root:0.40166428774590235, 0.045358363816796636, -1.816538685475707
INFO:root:0.4010316631908878, 0.042746067336675325, -1.8002489457904267
INFO:root:0.4005419577296486, 0.04060217025011396, -1.7904751019792584
INFO:root:0.3999216541473246, 0.03773638143692202, -1.777443310231034
INFO:root:0.3994358994766635, 0.03534169067865062, -1.7644115184828097
INFO:root:0.39898139228065865, 0.03294087318525399, -1.7513797267345854
INFO:root:0.39855820974608214, 0.030534336676025658, -1.738347934986361
INFO:root:0.39816642373998945, 0.02812248984149212, -1.7253161432381368
INFO:root:0.39773403620901965, 0.025222392760509846, -1.7122843514899124
INFO:root:0.3974052375220758, 0.022801154884694357, -1.699252559741688
INFO:root:0.3971080189289633, 0.02037583788773752, -1.6862207679934638
INFO:root:0.3968202249154718, 0.017703482871378344, -1.6699310283081834
INFO:root:0.39661326992543755, 0.015514127763445025, -1.660157184497015
INFO:root:0.3963706335797749, 0.01259203097178607, -1.6471253927487908
INFO:root:0.39620018635997667, 0.010154522167067094, -1.6340936010005664
INFO:root:0.396061517821331, 0.007714999167747483, -1.6210618092523421
INFO:root:0.3959277612862211, 0.004541317299265652, -1.6047720695670618
INFO:root:0.39586067265458547, 0.002098777526135079, -1.5917402778188374
INFO:root:0.3958254194883332, -0.0003444291049317003, -1.578708486070613
INFO:root:0.39581728824641066, -0.0030322238535251222, -1.5689346422594448
INFO:root:final vuelta: -0.49940740740741024
INFO:root:0.3958297978138024, -0.005475652784053523, -1.5624187463853327
INFO:root:0.39584793662807377, -0.008163398626033082, -1.5656766943223888
INFO:root:0.3958445249140807, -0.010606857196999064, -1.578708486070613
INFO:root:0.39581723176084305, -0.01305016571448224, -1.5852243819447251
INFO:root:0.3957565652462307, -0.015737288023136307, -1.6015141216300055
INFO:root:0.3956656071968349, -0.01817905542833067, -1.6145459133782298
INFO:root:0.39554283716726296, -0.020619430183907852, -1.6275777051264542
INFO:root:0.3953882760069588, -0.023057997852754652, -1.6406094968746785
INFO:root:0.39518768324948267, -0.0257383092662493, -1.6503833406858468
INFO:root:0.39495217925334763, -0.028415779078491077, -1.6666730803711272
INFO:root:0.39470242376365516, -0.030846442284940698, -1.6797048721193515
INFO:root:0.3944210144811992, -0.03327364442806086, -1.6927366638675758
INFO:root:0.3941079991963654, -0.03569697330777981, -1.7057684556158001
INFO:root:0.3937333093708745, -0.0383585356802098, -1.7155422994269685
INFO:root:0.3933651147168492, -0.04077409651044502, -1.7285740911751928
INFO:root:0.3929211901500508, -0.04342499026664394, -1.7448638308604731
INFO:root:0.3924427583604619, -0.046069873959809354, -1.7546376746716414
INFO:root:0.39198043185201276, -0.04846919795364693, -1.7676694664198658
INFO:root:0.39148687799528986, -0.05086229344240902, -1.78070125816809
INFO:root:0.3909621806081721, -0.05324875401819302, -1.7937330499163144
INFO:root:0.3904064287974944, -0.055628174399871694, -1.8067648416645388
INFO:root:0.3897023745731991, -0.058474545722329824, -1.819796633412763
INFO:root:0.3890848023151717, -0.06083867472344935, -1.8328284251609874
INFO:root:0.38843647453202396, -0.06319455513497671, -1.8458602169092118
INFO:root:0.3876938109319623, -0.06577772324890292, -1.85563406072038
INFO:root:0.38699192904521046, -0.06811820679827241, -1.8686658524686044
INFO:root:0.386399998688181, -0.06998119884501641, -1.8882135400909408
INFO:root:0.3854667014840542, -0.07276085320929071, -1.901245331839165
INFO:root:0.38458218072744155, -0.07529894890464636, -1.9110191756503334
INFO:root:0.3836728956628058, -0.0778282783412544, -1.9207930194615017
INFO:root:0.382902030431205, -0.07988785911200433, -1.937082759146782
INFO:root:0.3819271382670057, -0.08239263295326113, -1.9468566029579504
INFO:root:0.38101496586171396, -0.08465944634012026, -1.9598883947061747
INFO:root:0.38007333110748875, -0.08691418034160574, -1.972920186454399
INFO:root:0.37890820647966267, -0.08960490638817628, -1.9859519782026234
INFO:root:0.3779081317437731, -0.09183433500341717, -1.9989837699508477
INFO:root:0.37678015771312046, -0.09427400328288364, -2.008757613762016
INFO:root:0.3756204871126062, -0.09669876529717793, -2.0250473534472966
INFO:root:0.3745340384140301, -0.09888740200827957, -2.038079145195521
INFO:root:0.37319618541890814, -0.10149655348328121, -2.0511109369437452
INFO:root:0.37205306845989994, -0.10365613331413889, -2.0641427286919694
INFO:root:0.3708819061678763, -0.10580063332895855, -2.0771745204401935
INFO:root:0.36968289743569926, -0.10792968933761185, -2.0902063121884176
INFO:root:0.3683373691917251, -0.1102564597328871, -2.0999801559995857
INFO:root:0.367090121979776, -0.11235762032172951, -2.11301194774781
INFO:root:0.3658155995626293, -0.11444234908970152, -2.1260437394960343
INFO:root:0.3642537021510345, -0.11692388057886569, -2.1390755312442584
INFO:root:0.3630551200953934, -0.11876765583969034, -2.155365270929539
INFO:root:0.36156094451131054, -0.12100187741589806, -2.165139114740707
INFO:root:0.36017953149764914, -0.12301736731006929, -2.1781709064889316
INFO:root:0.35877197108220843, -0.12501468428659152, -2.1912026982371557
INFO:root:0.3570518085486071, -0.12738925012355082, -2.20423448998538
INFO:root:0.355592674847157, -0.12934920682437664, -2.217266281733604
INFO:root:0.3541081240199201, -0.1312899825118711, -2.230298073481828
INFO:root:0.3525984081810266, -0.133211247593429, -2.243329865230052
INFO:root:0.35106378371825997, -0.1351126757898376, -2.2563616569782763
INFO:root:0.34919265675576633, -0.13737019787085683, -2.2693934487265004
INFO:root:0.3476090010847911, -0.1392309869893782, -2.2824252404747245
INFO:root:0.3460012311562149, -0.14107098081670086, -2.2954570322229486
INFO:root:0.3442032020681015, -0.14306882919081731, -2.311746771908229
INFO:root:0.3425421795255138, -0.14486089658375623, -2.3247785636564533
INFO:root:0.34069269592003804, -0.14681120864102754, -2.3345524074676214
INFO:root:0.33899123961186906, -0.14856493263847168, -2.347584199215846
INFO:root:0.33709155779132965, -0.15046638358666198, -2.3638739389011265
INFO:root:0.3351672586662922, -0.15234291752055226, -2.3736477827122946
INFO:root:0.3333985574531848, -0.15402879932144217, -2.386679574460519
INFO:root:0.33160803698639674, -0.15569148927625412, -2.3997113662087433
INFO:root:0.32943359421241436, -0.15765854816676447, -2.4127431579569674
INFO:root:0.3276003511185344, -0.1592740113160071, -2.4257749497051915
INFO:root:0.32574621190662156, -0.16086544752605975, -2.4388067414534156
INFO:root:0.32387149145622485, -0.1624325865309613, -2.4518385332016397
INFO:root:0.32197650814210604, -0.1639751621910282, -2.464870324949864
INFO:root:0.3198728137509092, -0.16564811665427834, -2.474644168761032
INFO:root:0.3179431468340598, -0.16714707863439535, -2.4876759605092564
INFO:root:0.31579656868131467, -0.1687646412952586, -2.503965700194537
INFO:root:0.3138237856595924, -0.17020638627167567, -2.516997491942761
INFO:root:0.31163578185558444, -0.17176745836524093, -2.526771335753929
INFO:root:0.30963063477045427, -0.17316384176345706, -2.5398031275021538
INFO:root:0.3076074610849881, -0.17453397667150689, -2.552834919250378
INFO:root:0.3053601140400056, -0.1760083368673444, -2.5691246589356584
INFO:root:0.303093744811889, -0.1774532857417021, -2.5788985027468265
INFO:root:0.30101856479380695, -0.17874329710613754, -2.591930294495051
INFO:root:0.2989267503010231, -0.18000615638396664, -2.604962086243275
INFO:root:0.2968186565763369, -0.18124164910986912, -2.6179938779914993
INFO:root:0.2946946416271713, -0.1824495654660547, -2.6310256697397234
INFO:root:0.29234322639006327, -0.18375154592303466, -2.6407995135508915
INFO:root:0.29019221885148483, -0.18491071286390132, -2.653831305299116
INFO:root:0.287807671805063, -0.1861509717526268, -2.6701210449843966
INFO:root:0.28540716489864787, -0.18736005128678274, -2.6798948887955647
INFO:root:0.28299110579878745, -0.18853774613420426, -2.6961846284808453
INFO:root:0.2807792287599444, -0.1895760627491432, -2.70921642022907
INFO:root:0.2783332987677739, -0.19069039358020845, -2.718990264040238
INFO:root:0.2763203721710606, -0.19157596270386726, -2.7352800037255185
INFO:root:0.2736194482648121, -0.1927172479919155, -2.7483117954737426
INFO:root:0.27135647565229903, -0.19363890757269098, -2.761343587221967
INFO:root:0.2690816846589067, -0.19453099913985247, -2.7743753789701913
INFO:root:0.26656838789145604, -0.1954837037563962, -2.7841492227813593
INFO:root:0.2642738454767515, -0.19632368978898318, -2.797181014529584
INFO:root:0.26196855168438704, -0.19713370334362623, -2.810212806277808
INFO:root:0.259189767276713, -0.19806958756281554, -2.823244598026032
INFO:root:0.25686414697928533, -0.19881924859288977, -2.8362763897742562
INFO:root:0.25452895500640693, -0.1995385398257182, -2.8493081815224803
INFO:root:0.2521845879325047, -0.2002273391075286, -2.8623399732707044
INFO:root:0.2495949535283153, -0.20094713100821948, -2.878629712955985
INFO:root:0.24699615910405484, -0.2016331151684553, -2.888403556767153
INFO:root:0.24462666141695733, -0.20222975755603687, -2.9014353485153777
INFO:root:0.24201087245549813, -0.20284778250437616, -2.9177250882006582
INFO:root:0.23938725186301174, -0.20343166752246022, -2.9274989320118263
INFO:root:0.2372346100448511, -0.2038813778283682, -2.943788671697107
INFO:root:0.23459666411527016, -0.20439669132544444, -2.953562515508275
INFO:root:0.23195222691242498, -0.20487758487693986, -2.9698522551935556
INFO:root:0.22954204234153416, -0.20527947013675837, -2.9828840469417797
INFO:root:0.22688597089444798, -0.2056912846528151, -2.9926578907529477
INFO:root:0.22446724860696812, -0.2060381043810136, -3.0056896825011723
INFO:root:0.22204421214493222, -0.20635337526686273, -3.0187214742493964
INFO:root:0.21937407433134637, -0.20666106144484378, -3.035011213934677
INFO:root:0.21694283649953439, -0.20690515985324834, -3.048043005682901
INFO:root:0.21426558706430474, -0.207143156049067, -3.057816849494069
INFO:root:0.21182941510805092, -0.20733174986493055, -3.0708486412422937
INFO:root:0.20939099236771383, -0.20748858087980468, -3.083880432990518
INFO:root:0.2064626810651436, -0.20763863077583752, -3.096912224738742
INFO:root:0.20402099938538973, -0.2077318616858077, -3.109944016486966
INFO:root:0.2015783101037524, -0.20779326609276344, -3.12297580823519
INFO:root:0.19913502805040964, -0.20782283356868947, -3.1360075999834143
INFO:root:0.19669156815620703, -0.2078205590922835, 3.134145915447948
INFO:root:casi acaba el ocho: 0.9976296296296288
INFO:root:0.19400408780209827, -0.20777865355636052, 3.1178561757626673
INFO:root:0.19156174489923414, -0.20770474433739097, 3.104824384014443
INFO:root:0.1888762693948899, -0.2075928155956458, 3.095050540203275
INFO:root:0.18643624699273162, -0.20746323124170898, 3.0820187484550505
INFO:root:0.183998120447727, -0.20730186092732833, 3.0689869567068264
INFO:root:0.18156230381518645, -0.20710873205724858, 3.0559551649586023
INFO:root:0.17864259214672956, -0.20683890650409106, 3.042923373210378
INFO:root:0.17621263586567265, -0.20658236430488877, 3.029891581462154
INFO:root:0.17354307549352826, -0.20626970770870395, 3.020117737650986
INFO:root:0.1711196011923527, -0.20595782032620655, 3.0070859459027615
INFO:root:0.1687003970110482, -0.20561437810839076, 2.9940541541545374
INFO:root:0.16628587379143106, -0.2052394393803974, 2.9810223624063132
INFO:root:0.16363623004097333, -0.20478811386226015, 2.9647326227210327
INFO:root:0.1607532382661304, -0.20425343593841438, 2.9517008309728086
INFO:root:0.15811796511178336, -0.20372462394002605, 2.935411091287528
INFO:root:0.15572956744079244, -0.20320881584293504, 2.922379299539304
INFO:root:0.15310897049525435, -0.2026115065623291, 2.912605455728136
INFO:root:0.1507329562084206, -0.20204136838909267, 2.8995736639799112
INFO:root:0.14812881556963722, -0.2013759675616972, 2.8832839242946307
INFO:root:0.14577053753040028, -0.20073641606457418, 2.8702521325464065
INFO:root:0.14318462211801022, -0.20000337567849363, 2.8604782887352385
INFO:root:0.140841541432972, -0.1993102131209212, 2.847446496987014
INFO:root:0.13827301445769502, -0.19851839502000657, 2.837672653175846
INFO:root:0.13594634970330546, -0.19777198189813583, 2.8246408614276213
INFO:root:0.13339933037287538, -0.19691349528899327, 2.8083511217423407
INFO:root:0.13109554856427041, -0.19609919141072651, 2.7953193299941166
INFO:root:0.1283439789838983, -0.19508608386439646, 2.7822875382458925
INFO:root:0.12583559263011446, -0.19412052463378832, 2.765997798560612
INFO:root:0.12334000188058966, -0.1931223595479694, 2.756223954749444
INFO:root:0.1210817774626939, -0.19218912650834916, 2.7431921630012193
INFO:root:0.11883590615089246, -0.19122654483459534, 2.730160371252995
INFO:root:0.11615614199067795, -0.19003642462987236, 2.717128579504771
INFO:root:0.11393611894500935, -0.18901564105608218, 2.704096787756547
INFO:root:0.11172958666969253, -0.18796601410053812, 2.691064996008323
INFO:root:0.10931958857143124, -0.1867759654065602, 2.6747752563230422
INFO:root:0.10692530314015868, -0.18555461205832, 2.665001412511874
INFO:root:0.10476148204243138, -0.18441954391725984, 2.6519696207636496
INFO:root:0.10261263623332863, -0.1832563744899961, 2.6389378290154255
INFO:root:0.1004791306410041, -0.18206530131200094, 2.6259060372672014
INFO:root:0.09836132758845621, -0.1808465266575064, 2.6128742455189773
INFO:root:0.09583923856070459, -0.17935100367468235, 2.599842453770753
INFO:root:0.09375391682887912, -0.17807745167236916, 2.586810662022529
INFO:root:0.0916853683618529, -0.1767768331013104, 2.573778870274305
INFO:root:0.08963394445126799, -0.17544936883930556, 2.560747078526081
INFO:root:0.08719320328644888, -0.17382446742001345, 2.5477152867778567
INFO:root:0.08537666245982937, -0.17258499754068668, 2.5379414429666887
INFO:root:0.08317637582028636, -0.17104128596415752, 2.521651703281408
INFO:root:0.08119690400383489, -0.16960873831898346, 2.5086199115331835
INFO:root:0.07923626840365157, -0.16815051698080696, 2.4955881197849594
INFO:root:0.07690650870133578, -0.166370140114656, 2.4825563280367353
INFO:root:0.07498454117423485, -0.16486131863661793, 2.469524536288511
INFO:root:0.07308239893713518, -0.16332757930489922, 2.456492744540287
INFO:root:0.07100941593163311, -0.16161671747922154, 2.446718900729119
INFO:root:0.06914788994785943, -0.16003392803031974, 2.4271712131067824
INFO:root:0.06730714802974742, -0.15842701464786108, 2.4206553172326704
INFO:root:0.06511720979707074, -0.15647722168625694, 2.4076235254844462
INFO:root:0.06331359004481947, -0.1548287505105585, 2.394591733736222
INFO:root:0.06153160536761955, -0.1531569155791002, 2.381559941987998
INFO:root:0.05977155839136222, -0.15146200081157146, 2.368528150239774
INFO:root:0.05803374801636445, -0.14974429404719938, 2.35549635849155
INFO:root:0.0561438257791994, -0.1478331423878247, 2.3457225146803817
INFO:root:0.05461803390635422, -0.14624945513419998, 2.329432774995101
INFO:root:0.052778559376218545, -0.14428970000137248, 2.319658931183933
INFO:root:0.050964779438541254, -0.14230614030594083, 2.3033691914986525
INFO:root:0.049342501662390376, -0.1404789248712352, 2.2903373997504284
INFO:root:0.0475810305703127, -0.13844877061122532, 2.2805635559392603
INFO:root:0.04584616484801648, -0.13639583426217228, 2.2642738162539797
INFO:root:0.044296544174709566, -0.1345066076487986, 2.251242024505755
INFO:root:0.04277167439465456, -0.1325973476922462, 2.238210232757531
INFO:root:0.041118374202691405, -0.13047817209713472, 2.228436388946363
INFO:root:0.03963743905808041, -0.12853463600915602, 2.2154045971981384
INFO:root:0.03818195670418535, -0.12657196625972805, 2.2023728054499143
INFO:root:0.036612748704684075, -0.12438979005649359, 2.1860830657646337
INFO:root:0.03507211081163686, -0.12218735013445971, 2.1763092219534657
INFO:root:0.03369445239607316, -0.12016929197924069, 2.163277430205241
INFO:root:0.032343209130303155, -0.1181334523331657, 2.150245638457017
INFO:root:0.030753690761309235, -0.1156695218530809, 2.137213846708793
INFO:root:0.029588771460376667, -0.11380429554540439, 2.1209241070235123
INFO:root:0.028072172201550182, -0.11129482373958807, 2.107892315275288
INFO:root:0.026708276488030022, -0.10897877209717961, 2.09811847146412
INFO:root:0.025492460031500488, -0.1068592693791225, 2.0850866797158956
INFO:root:0.02430436694934212, -0.10472410281514045, 2.0720548879676715
INFO:root:0.023032037268917564, -0.10235651249754488, 2.055765148282391
INFO:root:0.022016372072871618, -0.10040599196033571, 2.045991304471223
INFO:root:0.020691894448964798, -0.09779002539330352, 2.0329595127229987
INFO:root:0.01961666495524199, -0.09559585517118124, 2.019927720974774
INFO:root:0.01857011992210806, -0.09338785949151106, 2.00689592922655
INFO:root:0.017454650824265, -0.09094244839735556, 1.9906061895412697
INFO:root:0.01647328818173874, -0.08870471990808941, 1.9775743977930453
INFO:root:0.015421926897692364, -0.08623106953302224, 1.967800553981877
INFO:root:0.014588169494514492, -0.0841961359347985, 1.9515108142965967
INFO:root:0.013601630184473686, -0.08169592656008488, 1.9417369704854284
INFO:root:0.01263957426199393, -0.07918619447683711, 1.93196312667426
INFO:root:0.011791050643445265, -0.07689479553806967, 1.9189313349260357
INFO:root:0.0108947266758032, -0.07436084406404891, 1.9026415952407554
INFO:root:0.010113745490162957, -0.0720455536253576, 1.889609803492531
INFO:root:0.009363002148486625, -0.06972028248788822, 1.8765780117443067
INFO:root:0.008566403635554, -0.06715323407836123, 1.8668041679331384
INFO:root:0.007803325057277414, -0.06457602283148274, 1.850514428247858
INFO:root:0.007206519467924204, -0.0624594384969828, 1.8407405844366898
INFO:root:0.006510863814322565, -0.05986321625316898, 1.8244508447514094
INFO:root:0.005913118677101984, -0.05749399651267452, 1.811419053003185
INFO:root:0.0053462986003347465, -0.055117188479115, 1.7983872612549607
INFO:root:0.004810499844349631, -0.05273319579437281, 1.7853554695067364
INFO:root:0.004251061538690971, -0.05010425389508645, 1.775581625695568
INFO:root:0.003725929590038692, -0.0474682449489396, 1.7592918860102877
INFO:root:0.003324417981029276, -0.04530609449525594, 1.7495180421991194
INFO:root:0.0028219760706127686, -0.042417310290314855, 1.736486250450895
INFO:root:0.002512139885178178, -0.040487252661123484, 1.7234544587026708
INFO:root:0.002116403302148666, -0.0378287381728211, 1.7136806148915025
INFO:root:0.001784224250975686, -0.03540796174659308, 1.7006488231432781
INFO:root:0.0014579046439816739, -0.03274003703968082, 1.6843590834579978
INFO:root:0.0011663796007317566, -0.03006808646438574, 1.6745852396468295
INFO:root:0.0009290714320775935, -0.02763617646175211, 1.6615534478986052
INFO:root:0.0007072781238045859, -0.024957536049888866, 1.6452637082133248
INFO:root:0.0005413690692056672, -0.022519714150442235, 1.6322319164651005
INFO:root:0.0004072423904817014, -0.02007993722173052, 1.6192001247168761
INFO:root:0.0002844565607697623, -0.01715035607486293, 1.6061683329686518
INFO:root:0.00021395756674649373, -0.014707912356031073, 1.5931365412204275
INFO:root:0.00017529307596515206, -0.0122647573292323, 1.5801047494722031
INFO:root:yyy acabamos: 0.49985185185185294
INFO:root:0.00016340897374966307, -0.009576976553987393, 1.5703309056610348
INFO:root:Odometry was stopped
DEBUG:matplotlib.axes._base:update_title_pos
DEBUG:matplotlib.font_manager:findfont: Matching :family=sans-serif:style=normal:variant=normal:weight=normal:stretch=normal:size=10.0 to DejaVu Sans ('/home/pi/.local/lib/python3.5/site-packages/matplotlib/mpl-data/fonts/ttf/DejaVuSans.ttf') with score of 0.050000.
DEBUG:matplotlib.axes._base:update_title_pos
