INFO:root:Program started
INFO:root:Robot set up!
INFO:root:Odometry was started, PID: 10024:
INFO:root:Initial location: 0.0, 0.0, 0.0
INFO:root:Found the ball! Approaching...
INFO:root:Close enough to the ball, size is: 74.77429962158203
INFO:root:Centering the ball...
INFO:root:The ball's x position is: 163.08180236816406
INFO:root:The ball's x position is: 163.8751220703125
INFO:root:The ball's x position is: 163.1434783935547
INFO:root:The ball's x position is: 162.2331085205078
INFO:root:The ball's x position is: 162.36398315429688
INFO:root:The ball's x position is: 161.86978149414062
INFO:root:Ball centered and ready to be catched!
ERROR:root:get_sensor error: Invalid sensor data
ERROR:root:get_sensor error: Invalid sensor data
ERROR:root:get_sensor error: Invalid sensor data
ERROR:root:get_sensor error: Invalid sensor data
ERROR:root:get_sensor error: Invalid sensor data
ERROR:root:get_sensor error: Invalid sensor data
ERROR:root:get_sensor error: Invalid sensor data
ERROR:root:get_sensor error: Invalid sensor data
ERROR:root:get_sensor error: Invalid sensor data
ERROR:root:get_sensor error: Invalid sensor data
ERROR:root:get_sensor error: Invalid sensor data
ERROR:root:get_sensor error: Invalid sensor data
ERROR:root:get_sensor error: Invalid sensor data
ERROR:root:get_sensor error: Invalid sensor data
ERROR:root:get_sensor error: Invalid sensor data
ERROR:root:get_sensor error: Invalid sensor data
ERROR:root:get_sensor error: Invalid sensor data
ERROR:root:get_sensor error: Invalid sensor data
ERROR:root:get_sensor error: Invalid sensor data
ERROR:root:get_sensor error: Invalid sensor data
ERROR:root:get_sensor error: Invalid sensor data
ERROR:root:get_sensor error: Invalid sensor data
ERROR:root:get_sensor error: Invalid sensor data
ERROR:root:get_sensor error: Invalid sensor data
ERROR:root:get_sensor error: Invalid sensor data
ERROR:root:get_sensor error: Invalid sensor data
ERROR:root:get_sensor error: Invalid sensor data
ERROR:root:get_sensor error: Invalid sensor data
ERROR:root:get_sensor error: Invalid sensor data
ERROR:root:get_sensor error: Invalid sensor data
ERROR:root:get_sensor error: Invalid sensor data
ERROR:root:get_sensor error: Invalid sensor data
ERROR:root:get_sensor error: Invalid sensor data
ERROR:root:get_sensor error: Invalid sensor data
ERROR:root:get_sensor error: Invalid sensor data
ERROR:root:get_sensor error: Invalid sensor data
ERROR:root:get_sensor error: Invalid sensor data
ERROR:root:get_sensor error: Invalid sensor data
ERROR:root:get_sensor error: Invalid sensor data
ERROR:root:get_sensor error: Invalid sensor data
ERROR:root:get_sensor error: Invalid sensor data
ERROR:root:get_sensor error: Invalid sensor data
ERROR:root:get_sensor error: Invalid sensor data
ERROR:root:get_sensor error: Invalid sensor data
ERROR:root:get_sensor error: Invalid sensor data
ERROR:root:get_sensor error: Invalid sensor data
ERROR:root:get_sensor error: Invalid sensor data
ERROR:root:get_sensor error: Invalid sensor data
ERROR:root:get_sensor error: Invalid sensor data
ERROR:root:get_sensor error: Invalid sensor data
ERROR:root:get_sensor error: Invalid sensor data
ERROR:root:get_sensor error: Invalid sensor data
ERROR:root:get_sensor error: Invalid sensor data
ERROR:root:get_sensor error: Invalid sensor data
ERROR:root:get_sensor error: Invalid sensor data
ERROR:root:get_sensor error: Invalid sensor data
ERROR:root:get_sensor error: Invalid sensor data
ERROR:root:get_sensor error: Invalid sensor data
ERROR:root:get_sensor error: Invalid sensor data
ERROR:root:get_sensor error: Invalid sensor data
ERROR:root:get_sensor error: Invalid sensor data
ERROR:root:get_sensor error: Invalid sensor data
ERROR:root:get_sensor error: Invalid sensor data
ERROR:root:get_sensor error: Invalid sensor data
ERROR:root:get_sensor error: Invalid sensor data
ERROR:root:get_sensor error: Invalid sensor data
ERROR:root:get_sensor error: Invalid sensor data
ERROR:root:get_sensor error: Invalid sensor data
ERROR:root:get_sensor error: Invalid sensor data
ERROR:root:get_sensor error: Invalid sensor data
ERROR:root:get_sensor error: Invalid sensor data
ERROR:root:get_sensor error: Invalid sensor data
ERROR:root:get_sensor error: Invalid sensor data
ERROR:root:get_sensor error: Invalid sensor data
ERROR:root:get_sensor error: Invalid sensor data
ERROR:root:get_sensor error: Invalid sensor data
ERROR:root:get_sensor error: Invalid sensor data
ERROR:root:get_sensor error: Invalid sensor data
ERROR:root:get_sensor error: Invalid sensor data
ERROR:root:get_sensor error: Invalid sensor data
ERROR:root:get_sensor error: Invalid sensor data
ERROR:root:get_sensor error: Invalid sensor data
ERROR:root:get_sensor error: Invalid sensor data
ERROR:root:get_sensor error: Invalid sensor data
ERROR:root:get_sensor error: Invalid sensor data
ERROR:root:get_sensor error: Invalid sensor data
ERROR:root:get_sensor error: Invalid sensor data
ERROR:root:get_sensor error: Invalid sensor data
ERROR:root:get_sensor error: Invalid sensor data
ERROR:root:get_sensor error: Invalid sensor data
ERROR:root:get_sensor error: Invalid sensor data
INFO:root:The distance to be covered is: 0.19999999999999998 meters
INFO:root:Odometry was stopped
