INFO:root:Program started
INFO:root:Robot set up!
INFO:root:Odometry was started, PID: 3361:
INFO:root:Initial location: 0.0, 0.0, 0.0
INFO:root:Found the ball! Approaching...
WARNING:root:Lost the ball! Searching again...
INFO:root:Found the ball! Approaching...
WARNING:root:Lost the ball! Searching again...
INFO:root:Found the ball! Approaching...
WARNING:root:Lost the ball! Searching again...
INFO:root:Found the ball! Approaching...
INFO:root:Close enough to the ball, size is: 70.9429702758789
INFO:root:Centering the ball...
INFO:root:The ball's x position is: 151.89297485351562
INFO:root:The ball's x position is: 150.92897033691406
INFO:root:The ball's x position is: 151.46554565429688
INFO:root:The ball's x position is: 150.9812774658203
INFO:root:The ball's x position is: 151.10731506347656
INFO:root:The ball's x position is: 151.51593017578125
INFO:root:The ball's x position is: 152.05886840820312
INFO:root:The ball's x position is: 153.25259399414062
INFO:root:The ball's x position is: 154.1092071533203
INFO:root:The ball's x position is: 155.03712463378906
INFO:root:The ball's x position is: 156.2643280029297
INFO:root:The ball's x position is: 157.00404357910156
INFO:root:The ball's x position is: 156.7256622314453
INFO:root:The ball's x position is: 156.96380615234375
INFO:root:The ball's x position is: 156.17405700683594
INFO:root:The ball's x position is: 154.7207794189453
INFO:root:The ball's x position is: 154.6353759765625
INFO:root:The ball's x position is: 154.17074584960938
INFO:root:The ball's x position is: 154.55978393554688
INFO:root:The ball's x position is: 154.8350830078125
INFO:root:The ball's x position is: 155.63522338867188
INFO:root:The ball's x position is: 87.9962387084961
INFO:root:The ball's x position is: 67.5099868774414
INFO:root:The ball's x position is: 157.86021423339844
INFO:root:The ball's x position is: 158.6681365966797
INFO:root:Ball centered and ready to be catched!
INFO:root:The distance to be covered is: 0.07 meters
INFO:root:Odometry was stopped
