INFO:root:Program started
INFO:root:Robot set up!
ERROR:root:get_sensor error: Invalid sensor data
ERROR:root:get_sensor error: Invalid sensor data
ERROR:root:get_sensor error: Invalid sensor data
ERROR:root:get_sensor error: Invalid sensor data
ERROR:root:get_sensor error: Invalid sensor data
ERROR:root:get_sensor error: Invalid sensor data
ERROR:root:get_sensor error: Invalid sensor data
ERROR:root:get_sensor error: Invalid sensor data
ERROR:root:get_sensor error: Invalid sensor data
ERROR:root:get_sensor error: Invalid sensor data
ERROR:root:get_sensor error: Invalid sensor data
ERROR:root:get_sensor error: Invalid sensor data
ERROR:root:get_sensor error: Invalid sensor data
ERROR:root:get_sensor error: Invalid sensor data
ERROR:root:get_sensor error: Invalid sensor data
ERROR:root:get_sensor error: Invalid sensor data
ERROR:root:get_sensor error: Invalid sensor data
ERROR:root:get_sensor error: Invalid sensor data
ERROR:root:get_sensor error: Invalid sensor data
ERROR:root:get_sensor error: Invalid sensor data
ERROR:root:get_sensor error: Invalid sensor data
ERROR:root:get_sensor error: Invalid sensor data
ERROR:root:get_sensor error: Invalid sensor data
ERROR:root:get_sensor error: Invalid sensor data
ERROR:root:get_sensor error: Invalid sensor data
ERROR:root:get_sensor error: Invalid sensor data
ERROR:root:get_sensor error: Invalid sensor data
ERROR:root:get_sensor error: Invalid sensor data
ERROR:root:get_sensor error: Invalid sensor data
ERROR:root:get_sensor error: Invalid sensor data
INFO:root:Odometry was started, PID: 3691:
INFO:root:Initial location: 0.0, 0.0, 0.0
INFO:root:The blob's size is: 49.27785110473633
INFO:root:The blob's size is: 48.391624450683594
INFO:root:The blob's size is: 47.960609436035156
INFO:root:The blob's size is: 40.23540496826172
INFO:root:The blob's size is: 48.30168914794922
INFO:root:The blob's size is: 53.13290786743164
INFO:root:The blob's size is: 36.744712829589844
INFO:root:The blob's size is: 102.8682632446289
INFO:root:The blob's size is: 37.91313171386719
INFO:root:The blob's size is: 57.48250198364258
INFO:root:The blob's size is: 49.38104248046875
INFO:root:The blob's size is: 57.58847427368164
INFO:root:The blob's size is: 113.00188446044922
INFO:root:The blob's size is: 108.69683074951172
INFO:root:The blob's size is: 107.50326538085938
INFO:root:The blob's size is: 103.6306381225586
INFO:root:The blob's size is: 54.711387634277344
INFO:root:The blob's size is: 114.34741973876953
INFO:root:The blob's size is: 87.76107025146484
INFO:root:The blob's size is: 105.41239929199219
INFO:root:The blob's size is: 56.66270065307617
INFO:root:The blob's size is: 45.63517379760742
INFO:root:The blob's size is: 46.67757797241211
INFO:root:The blob's size is: 42.02829360961914
INFO:root:The blob's size is: 52.281578063964844
INFO:root:The blob's size is: 40.24072265625
INFO:root:The blob's size is: 43.08530807495117
INFO:root:The blob's size is: 104.57667541503906
INFO:root:The blob's size is: 33.12764358520508
INFO:root:The blob's size is: 33.42000961303711
INFO:root:The blob's size is: 33.10063934326172
INFO:root:The blob's size is: 33.219879150390625
INFO:root:The blob's size is: 99.70752716064453
INFO:root:The blob's size is: 36.67684555053711
INFO:root:The blob's size is: 41.243255615234375
INFO:root:The blob's size is: 29.955991744995117
INFO:root:The blob's size is: 26.955949783325195
INFO:root:The blob's size is: 29.36383628845215
INFO:root:The blob's size is: 26.220596313476562
INFO:root:The blob's size is: 27.659568786621094
INFO:root:The blob's size is: 24.082046508789062
INFO:root:The blob's size is: 26.366802215576172
INFO:root:The blob's size is: 30.327943801879883
INFO:root:The blob's size is: 30.51708221435547
INFO:root:The blob's size is: 35.011695861816406
INFO:root:The blob's size is: 57.726600646972656
INFO:root:The blob's size is: 57.178707122802734
INFO:root:The blob's size is: 161.0763702392578
INFO:root:The blob's size is: 52.76703643798828
INFO:root:The blob's size is: 169.81349182128906
INFO:root:The blob's size is: 45.510868072509766
INFO:root:The blob's size is: 47.68928527832031
INFO:root:The blob's size is: 181.1336212158203
INFO:root:The blob's size is: 175.92604064941406
INFO:root:The blob's size is: 46.01310729980469
INFO:root:The blob's size is: 195.03555297851562
INFO:root:The blob's size is: 43.3139533996582
INFO:root:The blob's size is: 44.388267517089844
INFO:root:The blob's size is: 290.6365966796875
INFO:root:The blob's size is: 50.270355224609375
INFO:root:The blob's size is: 50.125221252441406
INFO:root:The blob's size is: 40.768890380859375
INFO:root:The blob's size is: 47.18748474121094
INFO:root:The blob's size is: 182.85617065429688
INFO:root:The blob's size is: 193.37794494628906
INFO:root:The blob's size is: 46.283470153808594
INFO:root:The blob's size is: 48.43546676635742
INFO:root:The blob's size is: 41.87288284301758
INFO:root:The blob's size is: 186.14126586914062
INFO:root:The blob's size is: 42.817806243896484
INFO:root:The blob's size is: 92.19184112548828
INFO:root:The blob's size is: 44.45512771606445
INFO:root:The blob's size is: 35.16297149658203
INFO:root:The blob's size is: 43.26816940307617
INFO:root:The blob's size is: 64.51358795166016
INFO:root:The blob's size is: 29.66119384765625
INFO:root:The blob's size is: 31.591196060180664
INFO:root:The blob's size is: 35.55403137207031
INFO:root:The blob's size is: 30.27287483215332
INFO:root:The blob's size is: 31.308116912841797
INFO:root:The blob's size is: 34.50039291381836
INFO:root:The blob's size is: 46.305572509765625
INFO:root:The blob's size is: 51.30145263671875
INFO:root:The blob's size is: 59.76095962524414
INFO:root:The blob's size is: 69.00249481201172
INFO:root:The blob's size is: 81.62742614746094
INFO:root:The blob's size is: 70.7181625366211
INFO:root:The blob's size is: 31.905607223510742
INFO:root:The blob's size is: 42.79998016357422
INFO:root:The blob's size is: 65.90914154052734
INFO:root:The blob's size is: 479.82171630859375
INFO:root:The blob's size is: 81.5522689819336
INFO:root:The blob's size is: 83.20750427246094
INFO:root:The blob's size is: 80.95476531982422
INFO:root:The blob's size is: 85.13520812988281
INFO:root:The blob's size is: 82.26806640625
INFO:root:The blob's size is: 392.0945129394531
INFO:root:The blob's size is: 418.2484130859375
INFO:root:The blob's size is: 403.7514953613281
INFO:root:The blob's size is: 18.15033531188965
INFO:root:The blob's size is: 76.13057708740234
INFO:root:The blob's size is: 467.1618347167969
INFO:root:The blob's size is: 78.64852905273438
WARNING:root:A keyboard interruption was detected!
