INFO:root:Program started
INFO:root:Robot set up!
ERROR:root:get_sensor error: Invalid sensor data
ERROR:root:get_sensor error: Invalid sensor data
ERROR:root:get_sensor error: Invalid sensor data
ERROR:root:get_sensor error: Invalid sensor data
ERROR:root:get_sensor error: Invalid sensor data
ERROR:root:get_sensor error: Invalid sensor data
ERROR:root:get_sensor error: Invalid sensor data
ERROR:root:get_sensor error: Invalid sensor data
ERROR:root:get_sensor error: Invalid sensor data
ERROR:root:get_sensor error: Invalid sensor data
ERROR:root:get_sensor error: Invalid sensor data
ERROR:root:get_sensor error: Invalid sensor data
ERROR:root:get_sensor error: Invalid sensor data
ERROR:root:get_sensor error: Invalid sensor data
ERROR:root:get_sensor error: Invalid sensor data
ERROR:root:get_sensor error: Invalid sensor data
ERROR:root:get_sensor error: Invalid sensor data
ERROR:root:get_sensor error: Invalid sensor data
ERROR:root:get_sensor error: Invalid sensor data
ERROR:root:get_sensor error: Invalid sensor data
ERROR:root:get_sensor error: Invalid sensor data
ERROR:root:get_sensor error: Invalid sensor data
ERROR:root:get_sensor error: Invalid sensor data
ERROR:root:get_sensor error: Invalid sensor data
ERROR:root:get_sensor error: Invalid sensor data
ERROR:root:get_sensor error: Invalid sensor data
ERROR:root:get_sensor error: Invalid sensor data
ERROR:root:get_sensor error: Invalid sensor data
ERROR:root:get_sensor error: Invalid sensor data
INFO:root:Odometry was started, PID: 5682:
INFO:root:Initial location: 0.0, 0.0, 0.0
INFO:root:The blob's size is: 8.608074188232422
INFO:root:The blob's size is: 6.785167217254639
INFO:root:The blob's size is: 6.455158233642578
INFO:root:The blob's size is: 8.703758239746094
INFO:root:The blob's size is: 11.573050498962402
INFO:root:The blob's size is: 8.703758239746094
INFO:root:The blob's size is: 7.071067810058594
INFO:root:The blob's size is: 8.484538078308105
INFO:root:The blob's size is: 5.9173078536987305
INFO:root:The blob's size is: 7.836696624755859
INFO:root:The blob's size is: 8.802011489868164
INFO:root:The blob's size is: 5.9173078536987305
INFO:root:The blob's size is: 6.879377841949463
INFO:root:The blob's size is: 6.333604335784912
INFO:root:The blob's size is: 7.071067810058594
INFO:root:The blob's size is: 9.489818572998047
INFO:root:The blob's size is: 19.271953582763672
INFO:root:The blob's size is: 80.32208251953125
WARNING:root:A keyboard interruption was detected!
WARNING:root:Abruptly stopped the robot!
INFO:root:Odometry was stopped
