INFO:root:Program started
INFO:root:Robot set up!
INFO:root:Odometry was started, PID: 2444:
INFO:root:Initial location: 0.0, 0.0, 0.0
INFO:root:Found the ball! Approaching...
WARNING:root:Lost the ball! Searching again...
INFO:root:Found the ball! Approaching...
INFO:root:Close enough to the ball, size is: 71.26316833496094
INFO:root:Centering the ball...
INFO:root:The ball's x position is: 152.50282287597656
INFO:root:The ball's x position is: 151.93202209472656
INFO:root:The ball's x position is: 152.34848022460938
INFO:root:The ball's x position is: 154.59536743164062
INFO:root:The ball's x position is: 155.5141143798828
INFO:root:The ball's x position is: 154.2767333984375
INFO:root:The ball's x position is: 154.36268615722656
INFO:root:The ball's x position is: 154.17626953125
INFO:root:The ball's x position is: 154.46563720703125
INFO:root:The ball's x position is: 155.745849609375
INFO:root:The ball's x position is: 156.17239379882812
INFO:root:The ball's x position is: 155.8401641845703
INFO:root:The ball's x position is: 157.3589324951172
INFO:root:The ball's x position is: 158.83717346191406
INFO:root:Ball centered and ready to be catched!
INFO:root:Centering the ball...
INFO:root:The ball's x position is: 161.02066040039062
INFO:root:Ball centered and ready to be catched!
INFO:root:Centering the ball...
INFO:root:The ball's x position is: 150.5514678955078
INFO:root:The ball's x position is: 110.80982208251953
INFO:root:Found the ball! Approaching...
INFO:root:Close enough to the ball, size is: 70.14299774169922
INFO:root:Centering the ball...
INFO:root:The ball's x position is: 151.2492218017578
INFO:root:The ball's x position is: 152.14773559570312
INFO:root:The ball's x position is: 152.64682006835938
INFO:root:The ball's x position is: 152.02139282226562
INFO:root:The ball's x position is: 152.69137573242188
INFO:root:The ball's x position is: 153.30795288085938
INFO:root:The ball's x position is: 153.93655395507812
INFO:root:The ball's x position is: 153.748779296875
INFO:root:The ball's x position is: 154.40907287597656
INFO:root:The ball's x position is: 154.71119689941406
INFO:root:The ball's x position is: 155.45654296875
INFO:root:The ball's x position is: 156.7997283935547
INFO:root:The ball's x position is: 157.3592987060547
INFO:root:The ball's x position is: 157.46600341796875
INFO:root:The ball's x position is: 158.7389678955078
INFO:root:Ball centered and ready to be catched!
INFO:root:The distance to be covered is: 0.07 meters
INFO:root:Odometry was stopped
