INFO:root:Program started
INFO:root:Robot set up!
ERROR:root:get_sensor error: Sensor not configured or not supported.
INFO:root:Odometry was started, PID: 5152:
INFO:root:Initial location: 0.0, 0.0, 0.0
INFO:root:The blob's size is: 30.050838470458984
INFO:root:Found the ball! Approaching...
WARNING:root:Lost the ball! Searching again...
INFO:root:The blob's size is: 21.035564422607422
INFO:root:Found the ball! Approaching...
WARNING:root:Lost the ball! Searching again...
INFO:root:The blob's size is: 23.794647216796875
INFO:root:Found the ball! Approaching...
WARNING:root:Lost the ball! Searching again...
INFO:root:The blob's size is: 21.075857162475586
INFO:root:Found the ball! Approaching...
WARNING:root:Lost the ball! Searching again...
INFO:root:The blob's size is: 29.806947708129883
INFO:root:Found the ball! Approaching...
WARNING:root:Lost the ball! Searching again...
INFO:root:The blob's size is: 38.52058410644531
INFO:root:Found the ball! Approaching...
WARNING:root:Lost the ball! Searching again...
INFO:root:The blob's size is: 47.24663543701172
INFO:root:Found the ball! Approaching...
INFO:root:The blob's size is: 46.20366287231445
INFO:root:The blob's size is: 46.51640701293945
INFO:root:The blob's size is: 45.179725646972656
INFO:root:The blob's size is: 44.01801300048828
INFO:root:The blob's size is: 50.94717025756836
INFO:root:The blob's size is: 43.10141372680664
INFO:root:The blob's size is: 42.84776306152344
INFO:root:The blob's size is: 42.8924674987793
INFO:root:The blob's size is: 43.178932189941406
INFO:root:The blob's size is: 44.02299880981445
INFO:root:The blob's size is: 44.50859451293945
INFO:root:The blob's size is: 44.85035705566406
INFO:root:The blob's size is: 45.90968322753906
INFO:root:The blob's size is: 46.58090591430664
INFO:root:The blob's size is: 45.66042709350586
INFO:root:The blob's size is: 42.080665588378906
INFO:root:The blob's size is: 38.719261169433594
INFO:root:The blob's size is: 33.89511489868164
INFO:root:The blob's size is: 30.08547019958496
INFO:root:The blob's size is: 22.10714340209961
WARNING:root:Lost the ball! Searching again...
INFO:root:The blob's size is: 63.649871826171875
INFO:root:Found the ball! Approaching...
INFO:root:The blob's size is: 73.32954406738281
INFO:root:The blob's size is: 74.81407165527344
INFO:root:The blob's size is: 77.06062316894531
INFO:root:The blob's size is: 71.1135025024414
INFO:root:The blob's size is: 47.544403076171875
WARNING:root:Lost the ball! Searching again...
INFO:root:The blob's size is: 75.3089370727539
INFO:root:Found the ball! Approaching...
INFO:root:The blob's size is: 77.22774505615234
INFO:root:The blob's size is: 67.01012420654297
WARNING:root:Lost the ball! Searching again...
INFO:root:The blob's size is: 38.16041946411133
INFO:root:Found the ball! Approaching...
INFO:root:The blob's size is: 39.335784912109375
INFO:root:The blob's size is: 41.48765563964844
INFO:root:The blob's size is: 42.23130416870117
INFO:root:The blob's size is: 42.40538024902344
INFO:root:The blob's size is: 74.53618621826172
INFO:root:The blob's size is: 87.3268814086914
INFO:root:The blob's size is: 84.66239166259766
INFO:root:The blob's size is: 84.3166732788086
WARNING:root:Lost the ball! Searching again...
INFO:root:The blob's size is: 92.49799346923828
INFO:root:Found the ball! Approaching...
INFO:root:The blob's size is: 95.95022583007812
INFO:root:The blob's size is: 96.5746078491211
INFO:root:The blob's size is: 93.5577163696289
INFO:root:The blob's size is: 89.61870574951172
INFO:root:The blob's size is: 82.24891662597656
INFO:root:The blob's size is: 74.07986450195312
INFO:root:The blob's size is: 69.84960174560547
INFO:root:The blob's size is: 66.32923126220703
WARNING:root:Lost the ball! Searching again...
INFO:root:The blob's size is: 62.52487564086914
INFO:root:Found the ball! Approaching...
INFO:root:The blob's size is: 80.86669158935547
INFO:root:The blob's size is: 97.7008285522461
INFO:root:Ready to grab the ball.
INFO:root:The blob's size is: 97.6183853149414
INFO:root:The blob's size is: 99.2018814086914
INFO:root:The blob's size is: 80.07852172851562
INFO:root:The blob's size is: 59.39424133300781
INFO:root:The blob's size is: 27.900312423706055
INFO:root:Found the ball! Approaching...
INFO:root:The blob's size is: 33.29222869873047
INFO:root:The blob's size is: 37.19021224975586
INFO:root:The blob's size is: 39.21869659423828
INFO:root:The blob's size is: 43.528411865234375
INFO:root:The blob's size is: 45.1204833984375
INFO:root:The blob's size is: 45.497283935546875
INFO:root:The blob's size is: 44.84442138671875
INFO:root:The blob's size is: 33.834869384765625
WARNING:root:Lost the ball! Searching again...
INFO:root:The blob's size is: 25.442155838012695
INFO:root:Found the ball! Approaching...
INFO:root:The blob's size is: 28.538713455200195
INFO:root:The blob's size is: 35.6116828918457
WARNING:root:Lost the ball! Searching again...
INFO:root:The blob's size is: 28.797910690307617
INFO:root:Found the ball! Approaching...
INFO:root:The blob's size is: 46.135250091552734
INFO:root:The blob's size is: 47.386714935302734
INFO:root:The blob's size is: 47.9995002746582
INFO:root:The blob's size is: 50.12875747680664
INFO:root:The blob's size is: 52.03809356689453
INFO:root:The blob's size is: 54.32303237915039
INFO:root:The blob's size is: 54.851200103759766
INFO:root:The blob's size is: 56.589561462402344
WARNING:root:Lost the ball! Searching again...
INFO:root:The blob's size is: 54.44269943237305
INFO:root:Found the ball! Approaching...
INFO:root:The blob's size is: 55.01870346069336
INFO:root:The blob's size is: 53.20366287231445
INFO:root:The blob's size is: 50.64789962768555
WARNING:root:Lost the ball! Searching again...
INFO:root:The blob's size is: 53.382686614990234
INFO:root:Found the ball! Approaching...
INFO:root:The blob's size is: 53.83494186401367
WARNING:root:Lost the ball! Searching again...
INFO:root:The blob's size is: 54.41685485839844
INFO:root:Found the ball! Approaching...
WARNING:root:Lost the ball! Searching again...
INFO:root:The blob's size is: 50.53601837158203
INFO:root:Found the ball! Approaching...
INFO:root:The blob's size is: 23.286439895629883
INFO:root:The blob's size is: 54.32398986816406
INFO:root:The blob's size is: 51.27435302734375
INFO:root:The blob's size is: 54.01447677612305
WARNING:root:Lost the ball! Searching again...
INFO:root:The blob's size is: 30.83555793762207
INFO:root:Found the ball! Approaching...
WARNING:root:Lost the ball! Searching again...
INFO:root:The blob's size is: 17.22296714782715
INFO:root:Found the ball! Approaching...
WARNING:root:Lost the ball! Searching again...
INFO:root:The blob's size is: 24.708993911743164
INFO:root:Found the ball! Approaching...
INFO:root:The blob's size is: 79.10879516601562
WARNING:root:Lost the ball! Searching again...
INFO:root:The blob's size is: 18.759967803955078
INFO:root:Found the ball! Approaching...
WARNING:root:Lost the ball! Searching again...
INFO:root:The blob's size is: 108.83123016357422
INFO:root:Found the ball! Approaching...
INFO:root:The blob's size is: 29.383480072021484
INFO:root:The blob's size is: 29.51471519470215
INFO:root:The blob's size is: 26.367774963378906
INFO:root:The blob's size is: 24.630037307739258
INFO:root:The blob's size is: 24.930644989013672
INFO:root:The blob's size is: 57.2418327331543
INFO:root:The blob's size is: 46.20387268066406
WARNING:root:Lost the ball! Searching again...
INFO:root:The blob's size is: 38.324825286865234
INFO:root:Found the ball! Approaching...
WARNING:root:Lost the ball! Searching again...
INFO:root:The blob's size is: 62.026275634765625
INFO:root:Found the ball! Approaching...
INFO:root:The blob's size is: 77.93415832519531
INFO:root:The blob's size is: 85.48579406738281
INFO:root:The blob's size is: 86.40035247802734
WARNING:root:Lost the ball! Searching again...
INFO:root:The blob's size is: 68.4496841430664
INFO:root:Found the ball! Approaching...
INFO:root:The blob's size is: 34.4919548034668
INFO:root:The blob's size is: 19.804141998291016
WARNING:root:Lost the ball! Searching again...
INFO:root:The blob's size is: 67.75626373291016
INFO:root:Found the ball! Approaching...
INFO:root:The blob's size is: 48.389400482177734
WARNING:root:Lost the ball! Searching again...
INFO:root:The blob's size is: 55.72740936279297
INFO:root:Found the ball! Approaching...
INFO:root:The blob's size is: 72.20111083984375
INFO:root:The blob's size is: 82.79298400878906
INFO:root:The blob's size is: 83.84217834472656
INFO:root:The blob's size is: 24.430835723876953
WARNING:root:Lost the ball! Searching again...
INFO:root:The blob's size is: 30.07505226135254
INFO:root:Found the ball! Approaching...
WARNING:root:Lost the ball! Searching again...
INFO:root:The blob's size is: 27.605972290039062
INFO:root:Found the ball! Approaching...
WARNING:root:Lost the ball! Searching again...
WARNING:root:A keyboard interruption was detected!
WARNING:root:Abruptly stopped the robot!
INFO:root:Odometry was stopped
