INFO:root:Program started
INFO:root:Robot set up!
ERROR:root:get_sensor error: Invalid sensor data
ERROR:root:get_sensor error: Invalid sensor data
ERROR:root:get_sensor error: Invalid sensor data
ERROR:root:get_sensor error: Invalid sensor data
ERROR:root:get_sensor error: Invalid sensor data
ERROR:root:get_sensor error: Invalid sensor data
ERROR:root:get_sensor error: Invalid sensor data
ERROR:root:get_sensor error: Invalid sensor data
ERROR:root:get_sensor error: Invalid sensor data
ERROR:root:get_sensor error: Invalid sensor data
ERROR:root:get_sensor error: Invalid sensor data
ERROR:root:get_sensor error: Invalid sensor data
ERROR:root:get_sensor error: Invalid sensor data
ERROR:root:get_sensor error: Invalid sensor data
ERROR:root:get_sensor error: Invalid sensor data
ERROR:root:get_sensor error: Invalid sensor data
ERROR:root:get_sensor error: Invalid sensor data
ERROR:root:get_sensor error: Invalid sensor data
ERROR:root:get_sensor error: Invalid sensor data
ERROR:root:get_sensor error: Invalid sensor data
ERROR:root:get_sensor error: Invalid sensor data
ERROR:root:get_sensor error: Invalid sensor data
ERROR:root:get_sensor error: Invalid sensor data
ERROR:root:get_sensor error: Invalid sensor data
ERROR:root:get_sensor error: Invalid sensor data
ERROR:root:get_sensor error: Invalid sensor data
ERROR:root:get_sensor error: Invalid sensor data
ERROR:root:get_sensor error: Invalid sensor data
ERROR:root:get_sensor error: Invalid sensor data
INFO:root:Odometry was started, PID: 16083:
INFO:root:Initial location: 0.0, 0.0, 0.0
INFO:root:Found the ball! Approaching...
INFO:root:Ready to grab the ball.
INFO:root:Ball centered and ready to be catched!
INFO:root:The distance to be covered is: 0.26 meters
INFO:root:[ -9.84119057 -23.37753715]
INFO:root:[ -9.84119057 -23.37753715]
INFO:root:[ -9.84119057 -23.37753715]
INFO:root:[ -9.84119057 -23.37753715]
INFO:root:[ -9.84119057 -23.37753715]
INFO:root:[ -9.84119057 -23.37753715]
INFO:root:[ -9.84119057 -23.37753715]
INFO:root:[ -9.84119057 -23.37753715]
INFO:root:[ -9.84119057 -23.37753715]
INFO:root:[ -9.84119057 -23.37753715]
INFO:root:[ -9.84119057 -23.37753715]
INFO:root:[ -9.84119057 -23.37753715]
INFO:root:[ -9.84119057 -23.37753715]
INFO:root:[ -9.84119057 -23.37753715]
INFO:root:[ -9.84119057 -23.37753715]
INFO:root:[ -9.84119057 -23.37753715]
INFO:root:[ -9.84119057 -23.37753715]
INFO:root:[ -9.84119057 -23.37753715]
INFO:root:[ -9.84119057 -23.37753715]
INFO:root:[ -9.84119057 -23.37753715]
INFO:root:[ -9.84119057 -23.37753715]
INFO:root:[ -9.84119057 -23.37753715]
INFO:root:[ -9.84119057 -23.37753715]
INFO:root:[ -9.84119057 -23.37753715]
INFO:root:[ -9.84119057 -23.37753715]
INFO:root:[ -9.84119057 -23.37753715]
INFO:root:[ -9.84119057 -23.37753715]
INFO:root:[ -9.84119057 -23.37753715]
INFO:root:[ -9.84119057 -23.37753715]
INFO:root:[ -9.84119057 -23.37753715]
INFO:root:[ -9.84119057 -23.37753715]
INFO:root:[ -9.84119057 -23.37753715]
INFO:root:[ -9.84119057 -23.37753715]
INFO:root:[ -9.84119057 -23.37753715]
INFO:root:[ -9.84119057 -23.37753715]
INFO:root:[ -9.84119057 -23.37753715]
INFO:root:[ -9.84119057 -23.37753715]
INFO:root:[ -9.84119057 -23.37753715]
INFO:root:[ -9.84119057 -23.37753715]
INFO:root:[ -9.84119057 -23.37753715]
INFO:root:[ -9.84119057 -23.37753715]
INFO:root:[ -9.84119057 -23.37753715]
INFO:root:[ -9.84119057 -23.37753715]
INFO:root:[ -9.84119057 -23.37753715]
INFO:root:[ -9.84119057 -23.37753715]
INFO:root:[ -9.84119057 -23.37753715]
INFO:root:[ -9.84119057 -23.37753715]
INFO:root:[ -9.84119057 -23.37753715]
INFO:root:[ -9.84119057 -23.37753715]
INFO:root:[ -9.84119057 -23.37753715]
INFO:root:[ -9.84119057 -23.37753715]
INFO:root:[ -9.84119057 -23.37753715]
INFO:root:[ -9.84119057 -23.37753715]
INFO:root:[ -9.84119057 -23.37753715]
INFO:root:[ -9.84119057 -23.37753715]
INFO:root:[ -9.84119057 -23.37753715]
INFO:root:[ -9.84119057 -23.37753715]
INFO:root:[ -9.84119057 -23.37753715]
INFO:root:[ -9.84119057 -23.37753715]
INFO:root:[ -9.84119057 -23.37753715]
INFO:root:[ -9.84119057 -23.37753715]
INFO:root:[ -9.84119057 -23.37753715]
INFO:root:[ -9.84119057 -23.37753715]
INFO:root:[ -9.84119057 -23.37753715]
INFO:root:[ -9.84119057 -23.37753715]
INFO:root:[ -9.84119057 -23.37753715]
INFO:root:[ -9.84119057 -23.37753715]
INFO:root:[ -9.84119057 -23.37753715]
INFO:root:[ -9.84119057 -23.37753715]
INFO:root:[ -9.84119057 -23.37753715]
INFO:root:[ -9.84119057 -23.37753715]
INFO:root:[ -9.84119057 -23.37753715]
INFO:root:[ -9.84119057 -23.37753715]
INFO:root:[ -9.84119057 -23.37753715]
INFO:root:[ -9.84119057 -23.37753715]
INFO:root:[ -9.84119057 -23.37753715]
INFO:root:[ -9.84119057 -23.37753715]
INFO:root:[ -9.84119057 -23.37753715]
INFO:root:[ -9.84119057 -23.37753715]
INFO:root:[ -9.84119057 -23.37753715]
INFO:root:[ -9.84119057 -23.37753715]
INFO:root:[ -9.84119057 -23.37753715]
INFO:root:[ -9.84119057 -23.37753715]
INFO:root:[ -9.84119057 -23.37753715]
INFO:root:[ -9.84119057 -23.37753715]
INFO:root:[ -9.84119057 -23.37753715]
INFO:root:[ -9.84119057 -23.37753715]
INFO:root:[ -9.84119057 -23.37753715]
INFO:root:[ -9.84119057 -23.37753715]
INFO:root:[ -9.84119057 -23.37753715]
INFO:root:[ -9.84119057 -23.37753715]
INFO:root:[ -9.84119057 -23.37753715]
INFO:root:[ -9.84119057 -23.37753715]
INFO:root:[ -9.84119057 -23.37753715]
INFO:root:[ -9.84119057 -23.37753715]
INFO:root:[ -9.84119057 -23.37753715]
INFO:root:[ -9.84119057 -23.37753715]
INFO:root:[ -9.84119057 -23.37753715]
INFO:root:[ -9.84119057 -23.37753715]
INFO:root:[ -9.84119057 -23.37753715]
INFO:root:[ -9.84119057 -23.37753715]
INFO:root:[ -9.84119057 -23.37753715]
INFO:root:[ -9.84119057 -23.37753715]
INFO:root:[ -9.84119057 -23.37753715]
INFO:root:[ -9.84119057 -23.37753715]
INFO:root:[ -9.84119057 -23.37753715]
INFO:root:[ -9.84119057 -23.37753715]
INFO:root:[ -9.84119057 -23.37753715]
INFO:root:[ -9.84119057 -23.37753715]
INFO:root:[ -9.84119057 -23.37753715]
INFO:root:[ -9.84119057 -23.37753715]
INFO:root:[ -9.84119057 -23.37753715]
INFO:root:[ -9.84119057 -23.37753715]
INFO:root:[ -9.84119057 -23.37753715]
INFO:root:[ -9.84119057 -23.37753715]
INFO:root:[ -9.84119057 -23.37753715]
INFO:root:[ -9.84119057 -23.37753715]
INFO:root:[ -9.84119057 -23.37753715]
INFO:root:[ -9.84119057 -23.37753715]
INFO:root:[ -9.84119057 -23.37753715]
INFO:root:[ -9.84119057 -23.37753715]
INFO:root:[ -9.84119057 -23.37753715]
INFO:root:[ -9.84119057 -23.37753715]
INFO:root:[ -9.84119057 -23.37753715]
INFO:root:[ -9.84119057 -23.37753715]
INFO:root:[ -9.84119057 -23.37753715]
INFO:root:[ -9.84119057 -23.37753715]
INFO:root:[ -9.84119057 -23.37753715]
INFO:root:[ -9.84119057 -23.37753715]
INFO:root:[ -9.84119057 -23.37753715]
INFO:root:[ -9.84119057 -23.37753715]
INFO:root:[ -9.84119057 -23.37753715]
INFO:root:[ -9.84119057 -23.37753715]
INFO:root:[ -9.84119057 -23.37753715]
INFO:root:[ -9.84119057 -23.37753715]
INFO:root:[ -9.84119057 -23.37753715]
INFO:root:[ -9.84119057 -23.37753715]
INFO:root:[ -9.84119057 -23.37753715]
INFO:root:[ -9.84119057 -23.37753715]
INFO:root:[ -9.84119057 -23.37753715]
INFO:root:[ -9.84119057 -23.37753715]
INFO:root:[ -9.84119057 -23.37753715]
INFO:root:[ -9.84119057 -23.37753715]
INFO:root:[ -9.84119057 -23.37753715]
INFO:root:[ -9.84119057 -23.37753715]
INFO:root:[ -9.84119057 -23.37753715]
INFO:root:[ -9.84119057 -23.37753715]
INFO:root:[ -9.84119057 -23.37753715]
INFO:root:[ -9.84119057 -23.37753715]
INFO:root:[ -9.84119057 -23.37753715]
INFO:root:[ -9.84119057 -23.37753715]
INFO:root:[ -9.84119057 -23.37753715]
INFO:root:[ -9.84119057 -23.37753715]
INFO:root:[ -9.84119057 -23.37753715]
INFO:root:[ -9.84119057 -23.37753715]
INFO:root:[ -9.84119057 -23.37753715]
INFO:root:[ -9.84119057 -23.37753715]
INFO:root:[ -9.84119057 -23.37753715]
INFO:root:[ -9.84119057 -23.37753715]
INFO:root:[ -9.84119057 -23.37753715]
INFO:root:[ -9.84119057 -23.37753715]
INFO:root:[ -9.84119057 -23.37753715]
INFO:root:[ -9.84119057 -23.37753715]
INFO:root:[ -9.84119057 -23.37753715]
INFO:root:[ -9.84119057 -23.37753715]
INFO:root:[ -9.84119057 -23.37753715]
INFO:root:[ -9.84119057 -23.37753715]
INFO:root:[ -9.84119057 -23.37753715]
INFO:root:[ -9.84119057 -23.37753715]
INFO:root:[ -9.84119057 -23.37753715]
INFO:root:[ -9.84119057 -23.37753715]
INFO:root:[ -9.84119057 -23.37753715]
INFO:root:[ -9.84119057 -23.37753715]
INFO:root:[ -9.84119057 -23.37753715]
INFO:root:[ -9.84119057 -23.37753715]
INFO:root:[ -9.84119057 -23.37753715]
INFO:root:[ -9.84119057 -23.37753715]
INFO:root:[ -9.84119057 -23.37753715]
INFO:root:[ -9.84119057 -23.37753715]
INFO:root:[ -9.84119057 -23.37753715]
INFO:root:[ -9.84119057 -23.37753715]
INFO:root:[ -9.84119057 -23.37753715]
INFO:root:[ -9.84119057 -23.37753715]
INFO:root:[ -9.84119057 -23.37753715]
INFO:root:[ -9.84119057 -23.37753715]
INFO:root:[ -9.84119057 -23.37753715]
INFO:root:[ -9.84119057 -23.37753715]
INFO:root:[ -9.84119057 -23.37753715]
INFO:root:[ -9.84119057 -23.37753715]
INFO:root:[ -9.84119057 -23.37753715]
INFO:root:[ -9.84119057 -23.37753715]
INFO:root:[ -9.84119057 -23.37753715]
INFO:root:[ -9.84119057 -23.37753715]
INFO:root:[ -9.84119057 -23.37753715]
INFO:root:[ -9.84119057 -23.37753715]
INFO:root:[ -9.84119057 -23.37753715]
INFO:root:[ -9.84119057 -23.37753715]
INFO:root:[ -9.84119057 -23.37753715]
INFO:root:[ -9.84119057 -23.37753715]
INFO:root:[ -9.84119057 -23.37753715]
INFO:root:[ -9.84119057 -23.37753715]
INFO:root:[ -9.84119057 -23.37753715]
INFO:root:[ -9.84119057 -23.37753715]
INFO:root:[ -9.84119057 -23.37753715]
INFO:root:[ -9.84119057 -23.37753715]
INFO:root:[ -9.84119057 -23.37753715]
INFO:root:[ -9.84119057 -23.37753715]
INFO:root:[ -9.84119057 -23.37753715]
INFO:root:[ -9.84119057 -23.37753715]
INFO:root:[ -9.84119057 -23.37753715]
INFO:root:[ -9.84119057 -23.37753715]
INFO:root:[ -9.84119057 -23.37753715]
INFO:root:[ -9.84119057 -23.37753715]
INFO:root:[ -9.84119057 -23.37753715]
INFO:root:[ -9.84119057 -23.37753715]
INFO:root:[ -9.84119057 -23.37753715]
INFO:root:[ -9.84119057 -23.37753715]
INFO:root:[ -9.84119057 -23.37753715]
INFO:root:[ -9.84119057 -23.37753715]
INFO:root:[ -9.84119057 -23.37753715]
INFO:root:[ -9.84119057 -23.37753715]
INFO:root:[ -9.84119057 -23.37753715]
INFO:root:[ -9.84119057 -23.37753715]
INFO:root:[ -9.84119057 -23.37753715]
INFO:root:[ -9.84119057 -23.37753715]
INFO:root:[ -9.84119057 -23.37753715]
INFO:root:[ -9.84119057 -23.37753715]
INFO:root:[ -9.84119057 -23.37753715]
INFO:root:[ -9.84119057 -23.37753715]
INFO:root:[ -9.84119057 -23.37753715]
INFO:root:[ -9.84119057 -23.37753715]
INFO:root:[ -9.84119057 -23.37753715]
INFO:root:[ -9.84119057 -23.37753715]
INFO:root:[ -9.84119057 -23.37753715]
INFO:root:[ -9.84119057 -23.37753715]
INFO:root:[ -9.84119057 -23.37753715]
INFO:root:[ -9.84119057 -23.37753715]
INFO:root:[ -9.84119057 -23.37753715]
INFO:root:[ -9.84119057 -23.37753715]
INFO:root:[ -9.84119057 -23.37753715]
INFO:root:[ -9.84119057 -23.37753715]
INFO:root:[ -9.84119057 -23.37753715]
INFO:root:[ -9.84119057 -23.37753715]
INFO:root:[ -9.84119057 -23.37753715]
INFO:root:[ -9.84119057 -23.37753715]
INFO:root:[ -9.84119057 -23.37753715]
INFO:root:[ -9.84119057 -23.37753715]
INFO:root:[ -9.84119057 -23.37753715]
INFO:root:[ -9.84119057 -23.37753715]
INFO:root:[ -9.84119057 -23.37753715]
INFO:root:[ -9.84119057 -23.37753715]
INFO:root:[ -9.84119057 -23.37753715]
INFO:root:[ -9.84119057 -23.37753715]
INFO:root:[ -9.84119057 -23.37753715]
INFO:root:[ -9.84119057 -23.37753715]
INFO:root:[ -9.84119057 -23.37753715]
INFO:root:[ -9.84119057 -23.37753715]
INFO:root:[ -9.84119057 -23.37753715]
INFO:root:[ -9.84119057 -23.37753715]
INFO:root:[ -9.84119057 -23.37753715]
INFO:root:[ -9.84119057 -23.37753715]
INFO:root:[ -9.84119057 -23.37753715]
INFO:root:[ -9.84119057 -23.37753715]
INFO:root:Odometry was stopped
