INFO:root:Program started
INFO:root:Robot set up!
INFO:root:Odometry was started, PID: 7712:
INFO:root:Initial location: 0.0, 0.0, 0.0
INFO:root:Found the ball! Approaching...
WARNING:root:Lost the ball! Searching again...
INFO:root:Found the ball! Approaching...
INFO:root:Close enough to the ball, size is: 74.27603912353516
INFO:root:Centering the ball...
INFO:root:The ball's x position is: 166.68429565429688
INFO:root:The ball's x position is: 166.46115112304688
INFO:root:The ball's x position is: 165.86080932617188
INFO:root:The ball's x position is: 165.42044067382812
INFO:root:The ball's x position is: 165.25930786132812
INFO:root:The ball's x position is: 163.97518920898438
INFO:root:The ball's x position is: 162.80465698242188
INFO:root:The ball's x position is: 162.52076721191406
INFO:root:The ball's x position is: 162.011474609375
INFO:root:The ball's x position is: 161.33897399902344
INFO:root:Ball centered and ready to be catched!
INFO:root:The distance to be covered is: 0.13 meters
INFO:root:Odometry was stopped
