INFO:root:Program started
INFO:root:Robot set up!
INFO:root:Odometry was started, PID: 9203:
INFO:root:Initial location: 0.0, 0.0, 0.0
INFO:root:Found the ball! Approaching...
INFO:root:Close enough to the ball, size is: 73.06584930419922
INFO:root:Centering the ball...
INFO:root:The ball's x position is: 152.3870849609375
INFO:root:The ball's x position is: 149.2205352783203
INFO:root:The ball's x position is: 147.41123962402344
INFO:root:The ball's x position is: 143.83319091796875
INFO:root:The ball's x position is: 142.86734008789062
INFO:root:The ball's x position is: 141.2275848388672
INFO:root:The ball's x position is: 140.21408081054688
INFO:root:The ball's x position is: 139.7241668701172
INFO:root:The ball's x position is: 139.5398406982422
INFO:root:The ball's x position is: 139.9261016845703
INFO:root:The ball's x position is: 140.4670867919922
INFO:root:The ball's x position is: 140.41021728515625
INFO:root:The ball's x position is: 141.17318725585938
INFO:root:The ball's x position is: 143.15855407714844
INFO:root:The ball's x position is: 143.76344299316406
INFO:root:The ball's x position is: 144.48988342285156
INFO:root:The ball's x position is: 144.96827697753906
INFO:root:The ball's x position is: 147.56715393066406
INFO:root:The ball's x position is: 149.2368927001953
INFO:root:The ball's x position is: 150.9744110107422
INFO:root:The ball's x position is: 151.54183959960938
INFO:root:The ball's x position is: 152.9843292236328
INFO:root:The ball's x position is: 154.9733428955078
INFO:root:The ball's x position is: 157.9452362060547
INFO:root:The ball's x position is: 159.29554748535156
INFO:root:Ball centered and ready to be catched!
INFO:root:The distance to be covered is: 0.07999999999999999 meters
INFO:root:Odometry was stopped
