INFO:root:Program started
INFO:root:Robot set up!
ERROR:root:get_sensor error: Invalid sensor data
ERROR:root:get_sensor error: Invalid sensor data
ERROR:root:get_sensor error: Invalid sensor data
ERROR:root:get_sensor error: Invalid sensor data
ERROR:root:get_sensor error: Invalid sensor data
ERROR:root:get_sensor error: Invalid sensor data
ERROR:root:get_sensor error: Invalid sensor data
ERROR:root:get_sensor error: Invalid sensor data
ERROR:root:get_sensor error: Invalid sensor data
ERROR:root:get_sensor error: Invalid sensor data
ERROR:root:get_sensor error: Invalid sensor data
ERROR:root:get_sensor error: Invalid sensor data
ERROR:root:get_sensor error: Invalid sensor data
ERROR:root:get_sensor error: Invalid sensor data
ERROR:root:get_sensor error: Invalid sensor data
ERROR:root:get_sensor error: Invalid sensor data
ERROR:root:get_sensor error: Invalid sensor data
ERROR:root:get_sensor error: Invalid sensor data
ERROR:root:get_sensor error: Invalid sensor data
ERROR:root:get_sensor error: Invalid sensor data
ERROR:root:get_sensor error: Invalid sensor data
ERROR:root:get_sensor error: Invalid sensor data
ERROR:root:get_sensor error: Invalid sensor data
ERROR:root:get_sensor error: Invalid sensor data
ERROR:root:get_sensor error: Invalid sensor data
ERROR:root:get_sensor error: Invalid sensor data
ERROR:root:get_sensor error: Invalid sensor data
ERROR:root:get_sensor error: Invalid sensor data
ERROR:root:get_sensor error: Invalid sensor data
ERROR:root:get_sensor error: Invalid sensor data
INFO:root:Odometry was started, PID: 16424:
INFO:root:Initial location: 0.0, 0.0, 0.0
INFO:root:Found the ball! Approaching...
INFO:root:Ready to grab the ball.
INFO:root:Found the ball! Approaching...
WARNING:root:Lost the ball! Searching again...
INFO:root:Found the ball! Approaching...
WARNING:root:Lost the ball! Searching again...
INFO:root:Found the ball! Approaching...
INFO:root:Ready to grab the ball.
INFO:root:Ball centered and ready to be catched!
ERROR:root:get_sensor error: Invalid sensor data
ERROR:root:get_sensor error: Invalid sensor data
ERROR:root:get_sensor error: Invalid sensor data
ERROR:root:get_sensor error: Invalid sensor data
ERROR:root:get_sensor error: Invalid sensor data
ERROR:root:get_sensor error: Invalid sensor data
ERROR:root:get_sensor error: Invalid sensor data
ERROR:root:get_sensor error: Invalid sensor data
ERROR:root:get_sensor error: Invalid sensor data
ERROR:root:get_sensor error: Invalid sensor data
ERROR:root:get_sensor error: Invalid sensor data
ERROR:root:get_sensor error: Invalid sensor data
ERROR:root:get_sensor error: Invalid sensor data
ERROR:root:get_sensor error: Invalid sensor data
ERROR:root:get_sensor error: Invalid sensor data
ERROR:root:get_sensor error: Invalid sensor data
ERROR:root:get_sensor error: Invalid sensor data
ERROR:root:get_sensor error: Invalid sensor data
ERROR:root:get_sensor error: Invalid sensor data
ERROR:root:get_sensor error: Invalid sensor data
ERROR:root:get_sensor error: Invalid sensor data
ERROR:root:get_sensor error: Invalid sensor data
ERROR:root:get_sensor error: Invalid sensor data
ERROR:root:get_sensor error: Invalid sensor data
ERROR:root:get_sensor error: Invalid sensor data
ERROR:root:get_sensor error: Invalid sensor data
ERROR:root:get_sensor error: Invalid sensor data
ERROR:root:get_sensor error: Invalid sensor data
ERROR:root:get_sensor error: Invalid sensor data
ERROR:root:get_sensor error: Invalid sensor data
ERROR:root:get_sensor error: Invalid sensor data
ERROR:root:get_sensor error: Invalid sensor data
ERROR:root:get_sensor error: Invalid sensor data
ERROR:root:get_sensor error: Invalid sensor data
ERROR:root:get_sensor error: Invalid sensor data
ERROR:root:get_sensor error: Invalid sensor data
ERROR:root:get_sensor error: Invalid sensor data
ERROR:root:get_sensor error: Invalid sensor data
ERROR:root:get_sensor error: Invalid sensor data
ERROR:root:get_sensor error: Invalid sensor data
ERROR:root:get_sensor error: Invalid sensor data
ERROR:root:get_sensor error: Invalid sensor data
ERROR:root:get_sensor error: Invalid sensor data
ERROR:root:get_sensor error: Invalid sensor data
ERROR:root:get_sensor error: Invalid sensor data
ERROR:root:get_sensor error: Invalid sensor data
ERROR:root:get_sensor error: Invalid sensor data
ERROR:root:get_sensor error: Invalid sensor data
ERROR:root:get_sensor error: Invalid sensor data
ERROR:root:get_sensor error: Invalid sensor data
ERROR:root:get_sensor error: Invalid sensor data
ERROR:root:get_sensor error: Invalid sensor data
ERROR:root:get_sensor error: Invalid sensor data
ERROR:root:get_sensor error: Invalid sensor data
ERROR:root:get_sensor error: Invalid sensor data
ERROR:root:get_sensor error: Invalid sensor data
ERROR:root:get_sensor error: Invalid sensor data
ERROR:root:get_sensor error: Invalid sensor data
ERROR:root:get_sensor error: Invalid sensor data
ERROR:root:get_sensor error: Invalid sensor data
ERROR:root:get_sensor error: Invalid sensor data
ERROR:root:get_sensor error: Invalid sensor data
ERROR:root:get_sensor error: Invalid sensor data
ERROR:root:get_sensor error: Invalid sensor data
ERROR:root:get_sensor error: Invalid sensor data
ERROR:root:get_sensor error: Invalid sensor data
ERROR:root:get_sensor error: Invalid sensor data
ERROR:root:get_sensor error: Invalid sensor data
ERROR:root:get_sensor error: Invalid sensor data
ERROR:root:get_sensor error: Invalid sensor data
ERROR:root:get_sensor error: Invalid sensor data
ERROR:root:get_sensor error: Invalid sensor data
ERROR:root:get_sensor error: Invalid sensor data
ERROR:root:get_sensor error: Invalid sensor data
ERROR:root:get_sensor error: Invalid sensor data
ERROR:root:get_sensor error: Invalid sensor data
ERROR:root:get_sensor error: Invalid sensor data
ERROR:root:get_sensor error: Invalid sensor data
ERROR:root:get_sensor error: Invalid sensor data
ERROR:root:get_sensor error: Invalid sensor data
ERROR:root:get_sensor error: Invalid sensor data
ERROR:root:get_sensor error: Invalid sensor data
ERROR:root:get_sensor error: Invalid sensor data
ERROR:root:get_sensor error: Invalid sensor data
ERROR:root:get_sensor error: Invalid sensor data
ERROR:root:get_sensor error: Invalid sensor data
ERROR:root:get_sensor error: Invalid sensor data
ERROR:root:get_sensor error: Invalid sensor data
ERROR:root:get_sensor error: Invalid sensor data
ERROR:root:get_sensor error: Invalid sensor data
ERROR:root:get_sensor error: Invalid sensor data
ERROR:root:get_sensor error: Invalid sensor data
ERROR:root:get_sensor error: Invalid sensor data
ERROR:root:get_sensor error: Invalid sensor data
ERROR:root:get_sensor error: Invalid sensor data
ERROR:root:get_sensor error: Invalid sensor data
ERROR:root:get_sensor error: Invalid sensor data
ERROR:root:get_sensor error: Invalid sensor data
ERROR:root:get_sensor error: Invalid sensor data
ERROR:root:get_sensor error: Invalid sensor data
ERROR:root:get_sensor error: Invalid sensor data
ERROR:root:get_sensor error: Invalid sensor data
ERROR:root:get_sensor error: Invalid sensor data
ERROR:root:get_sensor error: Invalid sensor data
ERROR:root:get_sensor error: Invalid sensor data
ERROR:root:get_sensor error: Invalid sensor data
ERROR:root:get_sensor error: Invalid sensor data
ERROR:root:get_sensor error: Invalid sensor data
ERROR:root:get_sensor error: Invalid sensor data
ERROR:root:get_sensor error: Invalid sensor data
ERROR:root:get_sensor error: Invalid sensor data
ERROR:root:get_sensor error: Invalid sensor data
ERROR:root:get_sensor error: Invalid sensor data
ERROR:root:get_sensor error: Invalid sensor data
ERROR:root:get_sensor error: Invalid sensor data
ERROR:root:get_sensor error: Invalid sensor data
ERROR:root:get_sensor error: Invalid sensor data
ERROR:root:get_sensor error: Invalid sensor data
ERROR:root:get_sensor error: Invalid sensor data
ERROR:root:get_sensor error: Invalid sensor data
ERROR:root:get_sensor error: Invalid sensor data
ERROR:root:get_sensor error: Invalid sensor data
ERROR:root:get_sensor error: Invalid sensor data
ERROR:root:get_sensor error: Invalid sensor data
ERROR:root:get_sensor error: Invalid sensor data
ERROR:root:get_sensor error: Invalid sensor data
ERROR:root:get_sensor error: Invalid sensor data
ERROR:root:get_sensor error: Invalid sensor data
ERROR:root:get_sensor error: Invalid sensor data
ERROR:root:get_sensor error: Invalid sensor data
ERROR:root:get_sensor error: Invalid sensor data
ERROR:root:get_sensor error: Invalid sensor data
ERROR:root:get_sensor error: Invalid sensor data
ERROR:root:get_sensor error: Invalid sensor data
ERROR:root:get_sensor error: Invalid sensor data
ERROR:root:get_sensor error: Invalid sensor data
ERROR:root:get_sensor error: Invalid sensor data
ERROR:root:get_sensor error: Invalid sensor data
ERROR:root:get_sensor error: Invalid sensor data
ERROR:root:get_sensor error: Invalid sensor data
ERROR:root:get_sensor error: Invalid sensor data
INFO:root:The distance to be covered is: 0.16 meters
INFO:root:[ -6.56964857 -24.78856036]
INFO:root:[ -6.56964857 -24.78856036]
INFO:root:[ -6.56964857 -24.78856036]
INFO:root:[ -6.56964857 -24.78856036]
INFO:root:[ -6.56964857 -24.78856036]
INFO:root:[ -6.56964857 -24.78856036]
INFO:root:[ -6.56964857 -24.78856036]
INFO:root:[ -6.56964857 -24.78856036]
INFO:root:[ -6.56964857 -24.78856036]
INFO:root:[ -6.56964857 -24.78856036]
INFO:root:[ -6.56964857 -24.78856036]
INFO:root:[ -6.56964857 -24.78856036]
INFO:root:[ -6.56964857 -24.78856036]
INFO:root:[ -6.56964857 -24.78856036]
INFO:root:[ -6.56964857 -24.78856036]
INFO:root:[ -6.56964857 -24.78856036]
INFO:root:[ -6.56964857 -24.78856036]
INFO:root:[ -6.56964857 -24.78856036]
INFO:root:[ -6.56964857 -24.78856036]
INFO:root:[ -6.56964857 -24.78856036]
INFO:root:[ -6.56964857 -24.78856036]
INFO:root:[ -6.56964857 -24.78856036]
INFO:root:[ -6.56964857 -24.78856036]
INFO:root:[ -6.56964857 -24.78856036]
INFO:root:[ -6.56964857 -24.78856036]
INFO:root:[ -6.56964857 -24.78856036]
INFO:root:[ -6.56964857 -24.78856036]
INFO:root:[ -6.56964857 -24.78856036]
INFO:root:[ -6.56964857 -24.78856036]
INFO:root:[ -6.56964857 -24.78856036]
INFO:root:[ -6.56964857 -24.78856036]
INFO:root:[ -6.56964857 -24.78856036]
INFO:root:[ -6.56964857 -24.78856036]
INFO:root:[ -6.56964857 -24.78856036]
INFO:root:[ -6.56964857 -24.78856036]
INFO:root:[ -6.56964857 -24.78856036]
INFO:root:[ -6.56964857 -24.78856036]
INFO:root:[ -6.56964857 -24.78856036]
INFO:root:[ -6.56964857 -24.78856036]
INFO:root:[ -6.56964857 -24.78856036]
INFO:root:[ -6.56964857 -24.78856036]
INFO:root:[ -6.56964857 -24.78856036]
INFO:root:[ -6.56964857 -24.78856036]
INFO:root:[ -6.56964857 -24.78856036]
INFO:root:[ -6.56964857 -24.78856036]
INFO:root:[ -6.56964857 -24.78856036]
INFO:root:[ -6.56964857 -24.78856036]
INFO:root:[ -6.56964857 -24.78856036]
INFO:root:[ -6.56964857 -24.78856036]
INFO:root:[ -6.56964857 -24.78856036]
INFO:root:[ -6.56964857 -24.78856036]
INFO:root:[ -6.56964857 -24.78856036]
INFO:root:[ -6.56964857 -24.78856036]
INFO:root:[ -6.56964857 -24.78856036]
INFO:root:[ -6.56964857 -24.78856036]
INFO:root:[ -6.56964857 -24.78856036]
INFO:root:[ -6.56964857 -24.78856036]
INFO:root:[ -6.56964857 -24.78856036]
INFO:root:[ -6.56964857 -24.78856036]
INFO:root:[ -6.56964857 -24.78856036]
INFO:root:[ -6.56964857 -24.78856036]
INFO:root:[ -6.56964857 -24.78856036]
INFO:root:[ -6.56964857 -24.78856036]
INFO:root:[ -6.56964857 -24.78856036]
INFO:root:[ -6.56964857 -24.78856036]
INFO:root:[ -6.56964857 -24.78856036]
INFO:root:[ -6.56964857 -24.78856036]
INFO:root:[ -6.56964857 -24.78856036]
INFO:root:[ -6.56964857 -24.78856036]
INFO:root:[ -6.56964857 -24.78856036]
INFO:root:[ -6.56964857 -24.78856036]
INFO:root:[ -6.56964857 -24.78856036]
INFO:root:[ -6.56964857 -24.78856036]
INFO:root:[ -6.56964857 -24.78856036]
INFO:root:[ -6.56964857 -24.78856036]
INFO:root:[ -6.56964857 -24.78856036]
INFO:root:[ -6.56964857 -24.78856036]
INFO:root:[ -6.56964857 -24.78856036]
INFO:root:[ -6.56964857 -24.78856036]
INFO:root:[ -6.56964857 -24.78856036]
INFO:root:[ -6.56964857 -24.78856036]
INFO:root:[ -6.56964857 -24.78856036]
INFO:root:[ -6.56964857 -24.78856036]
INFO:root:[ -6.56964857 -24.78856036]
INFO:root:[ -6.56964857 -24.78856036]
INFO:root:[ -6.56964857 -24.78856036]
INFO:root:[ -6.56964857 -24.78856036]
INFO:root:[ -6.56964857 -24.78856036]
INFO:root:[ -6.56964857 -24.78856036]
INFO:root:[ -6.56964857 -24.78856036]
INFO:root:[ -6.56964857 -24.78856036]
INFO:root:[ -6.56964857 -24.78856036]
INFO:root:[ -6.56964857 -24.78856036]
INFO:root:[ -6.56964857 -24.78856036]
INFO:root:[ -6.56964857 -24.78856036]
INFO:root:[ -6.56964857 -24.78856036]
INFO:root:[ -6.56964857 -24.78856036]
INFO:root:[ -6.56964857 -24.78856036]
INFO:root:[ -6.56964857 -24.78856036]
INFO:root:[ -6.56964857 -24.78856036]
INFO:root:[ -6.56964857 -24.78856036]
INFO:root:[ -6.56964857 -24.78856036]
INFO:root:[ -6.56964857 -24.78856036]
INFO:root:[ -6.56964857 -24.78856036]
INFO:root:[ -6.56964857 -24.78856036]
INFO:root:[ -6.56964857 -24.78856036]
INFO:root:[ -6.56964857 -24.78856036]
INFO:root:[ -6.56964857 -24.78856036]
INFO:root:[ -6.56964857 -24.78856036]
INFO:root:[ -6.56964857 -24.78856036]
INFO:root:[ -6.56964857 -24.78856036]
INFO:root:[ -6.56964857 -24.78856036]
INFO:root:[ -6.56964857 -24.78856036]
INFO:root:[ -6.56964857 -24.78856036]
INFO:root:[ -6.56964857 -24.78856036]
INFO:root:[ -6.56964857 -24.78856036]
INFO:root:[ -6.56964857 -24.78856036]
INFO:root:[ -6.56964857 -24.78856036]
INFO:root:[ -6.56964857 -24.78856036]
INFO:root:[ -6.56964857 -24.78856036]
INFO:root:[ -6.56964857 -24.78856036]
INFO:root:[ -6.56964857 -24.78856036]
INFO:root:[ -6.56964857 -24.78856036]
INFO:root:[ -6.56964857 -24.78856036]
INFO:root:[ -6.56964857 -24.78856036]
INFO:root:[ -6.56964857 -24.78856036]
INFO:root:[ -6.56964857 -24.78856036]
INFO:root:[ -6.56964857 -24.78856036]
INFO:root:[ -6.56964857 -24.78856036]
INFO:root:[ -6.56964857 -24.78856036]
INFO:root:[ -6.56964857 -24.78856036]
INFO:root:[ -6.56964857 -24.78856036]
INFO:root:[ -6.56964857 -24.78856036]
INFO:root:[ -6.56964857 -24.78856036]
INFO:root:[ -6.56964857 -24.78856036]
INFO:root:[ -6.56964857 -24.78856036]
INFO:root:[ -6.56964857 -24.78856036]
INFO:root:[ -6.56964857 -24.78856036]
INFO:root:[ -6.56964857 -24.78856036]
INFO:root:[ -6.56964857 -24.78856036]
INFO:root:[ -6.56964857 -24.78856036]
INFO:root:[ -6.56964857 -24.78856036]
INFO:root:[ -6.56964857 -24.78856036]
INFO:root:[ -6.56964857 -24.78856036]
INFO:root:[ -6.56964857 -24.78856036]
INFO:root:[ -6.56964857 -24.78856036]
INFO:root:[ -6.56964857 -24.78856036]
INFO:root:[ -6.56964857 -24.78856036]
INFO:root:[ -6.56964857 -24.78856036]
INFO:root:[ -6.56964857 -24.78856036]
INFO:root:[ -6.56964857 -24.78856036]
INFO:root:[ -6.56964857 -24.78856036]
INFO:root:[ -6.56964857 -24.78856036]
INFO:root:[ -6.56964857 -24.78856036]
INFO:root:[ -6.56964857 -24.78856036]
INFO:root:[ -6.56964857 -24.78856036]
INFO:root:[ -6.56964857 -24.78856036]
INFO:root:[ -6.56964857 -24.78856036]
INFO:root:[ -6.56964857 -24.78856036]
INFO:root:[ -6.56964857 -24.78856036]
INFO:root:[ -6.56964857 -24.78856036]
INFO:root:[ -6.56964857 -24.78856036]
INFO:root:[ -6.56964857 -24.78856036]
INFO:root:[ -6.56964857 -24.78856036]
INFO:root:[ -6.56964857 -24.78856036]
INFO:root:[ -6.56964857 -24.78856036]
INFO:root:[ -6.56964857 -24.78856036]
INFO:root:[ -6.56964857 -24.78856036]
INFO:root:[ -6.56964857 -24.78856036]
INFO:root:[ -6.56964857 -24.78856036]
INFO:root:[ -6.56964857 -24.78856036]
INFO:root:[ -6.56964857 -24.78856036]
INFO:root:[ -6.56964857 -24.78856036]
INFO:root:[ -6.56964857 -24.78856036]
INFO:root:[ -6.56964857 -24.78856036]
INFO:root:[ -6.56964857 -24.78856036]
INFO:root:Odometry was stopped
