INFO:root:Program started
INFO:root:Robot set up!
ERROR:root:get_sensor error: Invalid sensor data
ERROR:root:get_sensor error: Invalid sensor data
ERROR:root:get_sensor error: Invalid sensor data
ERROR:root:get_sensor error: Invalid sensor data
ERROR:root:get_sensor error: Invalid sensor data
ERROR:root:get_sensor error: Invalid sensor data
ERROR:root:get_sensor error: Invalid sensor data
ERROR:root:get_sensor error: Invalid sensor data
ERROR:root:get_sensor error: Invalid sensor data
ERROR:root:get_sensor error: Invalid sensor data
ERROR:root:get_sensor error: Invalid sensor data
ERROR:root:get_sensor error: Invalid sensor data
ERROR:root:get_sensor error: Invalid sensor data
ERROR:root:get_sensor error: Invalid sensor data
ERROR:root:get_sensor error: Invalid sensor data
ERROR:root:get_sensor error: Invalid sensor data
ERROR:root:get_sensor error: Invalid sensor data
ERROR:root:get_sensor error: Invalid sensor data
ERROR:root:get_sensor error: Invalid sensor data
ERROR:root:get_sensor error: Invalid sensor data
ERROR:root:get_sensor error: Invalid sensor data
ERROR:root:get_sensor error: Invalid sensor data
ERROR:root:get_sensor error: Invalid sensor data
ERROR:root:get_sensor error: Invalid sensor data
ERROR:root:get_sensor error: Invalid sensor data
ERROR:root:get_sensor error: Invalid sensor data
ERROR:root:get_sensor error: Invalid sensor data
ERROR:root:get_sensor error: Invalid sensor data
ERROR:root:get_sensor error: Invalid sensor data
ERROR:root:get_sensor error: Invalid sensor data
INFO:root:Odometry was started, PID: 3037:
INFO:root:Initial location: 0.0, 0.0, 0.0
INFO:root:The blob's size is: 29.572248458862305
INFO:root:The blob's size is: 117.51720428466797
INFO:root:The blob's size is: 107.95100402832031
INFO:root:The blob's size is: 106.72850036621094
INFO:root:The blob's size is: 24.906787872314453
INFO:root:The blob's size is: 23.847517013549805
INFO:root:The blob's size is: 96.30380249023438
INFO:root:The blob's size is: 99.68391418457031
INFO:root:The blob's size is: 57.69747543334961
INFO:root:The blob's size is: 65.26319122314453
INFO:root:The blob's size is: 61.659488677978516
INFO:root:The blob's size is: 59.15264129638672
INFO:root:The blob's size is: 64.44286346435547
INFO:root:The blob's size is: 58.37387466430664
INFO:root:The blob's size is: 49.69395065307617
INFO:root:The blob's size is: 52.99064254760742
INFO:root:The blob's size is: 93.63134002685547
INFO:root:The blob's size is: 44.97813415527344
INFO:root:The blob's size is: 46.700801849365234
INFO:root:The blob's size is: 59.771087646484375
INFO:root:The blob's size is: 73.0631103515625
INFO:root:The blob's size is: 76.30164337158203
INFO:root:The blob's size is: 28.416528701782227
INFO:root:The blob's size is: 66.08283233642578
INFO:root:The blob's size is: 73.47949981689453
INFO:root:The blob's size is: 35.03074264526367
INFO:root:The blob's size is: 79.3812484741211
INFO:root:The blob's size is: 78.92747497558594
INFO:root:The blob's size is: 59.44103240966797
INFO:root:The blob's size is: 79.69359588623047
INFO:root:The blob's size is: 54.063720703125
INFO:root:The blob's size is: 68.06802368164062
INFO:root:The blob's size is: 34.109317779541016
INFO:root:The blob's size is: 47.497032165527344
INFO:root:The blob's size is: 51.2779426574707
INFO:root:The blob's size is: 74.0625991821289
INFO:root:The blob's size is: 71.93211364746094
INFO:root:The blob's size is: 46.11077880859375
INFO:root:The blob's size is: 50.45391845703125
INFO:root:The blob's size is: 57.50469207763672
INFO:root:The blob's size is: 68.39092254638672
INFO:root:The blob's size is: 68.0692367553711
INFO:root:The blob's size is: 50.419105529785156
INFO:root:The blob's size is: 64.73834228515625
INFO:root:The blob's size is: 44.483985900878906
INFO:root:The blob's size is: 74.57173919677734
INFO:root:The blob's size is: 50.348968505859375
INFO:root:The blob's size is: 53.494728088378906
INFO:root:The blob's size is: 42.83037185668945
INFO:root:The blob's size is: 48.145263671875
INFO:root:The blob's size is: 43.989898681640625
INFO:root:The blob's size is: 59.50740051269531
INFO:root:The blob's size is: 47.01238250732422
INFO:root:The blob's size is: 66.60953521728516
INFO:root:The blob's size is: 37.326942443847656
INFO:root:The blob's size is: 38.00035858154297
INFO:root:The blob's size is: 37.6717414855957
INFO:root:The blob's size is: 36.224674224853516
INFO:root:The blob's size is: 40.11341857910156
INFO:root:The blob's size is: 39.143310546875
INFO:root:The blob's size is: 39.70647430419922
INFO:root:The blob's size is: 39.06486892700195
INFO:root:The blob's size is: 36.355987548828125
INFO:root:The blob's size is: 32.18086624145508
INFO:root:The blob's size is: 26.63539695739746
INFO:root:The blob's size is: 35.17009735107422
INFO:root:The blob's size is: 37.07139205932617
INFO:root:The blob's size is: 33.486751556396484
INFO:root:The blob's size is: 36.13465881347656
INFO:root:The blob's size is: 30.632457733154297
INFO:root:The blob's size is: 35.88396072387695
INFO:root:The blob's size is: 47.32900619506836
INFO:root:The blob's size is: 50.8704833984375
INFO:root:The blob's size is: 86.85765838623047
INFO:root:The blob's size is: 52.0350227355957
INFO:root:The blob's size is: 37.24391174316406
INFO:root:The blob's size is: 45.0311164855957
INFO:root:The blob's size is: 66.15021514892578
INFO:root:The blob's size is: 54.85326385498047
INFO:root:The blob's size is: 53.36226272583008
INFO:root:The blob's size is: 49.20732879638672
INFO:root:The blob's size is: 49.39642333984375
INFO:root:The blob's size is: 64.80511474609375
INFO:root:The blob's size is: 75.74971771240234
INFO:root:The blob's size is: 35.015907287597656
INFO:root:The blob's size is: 44.11112594604492
INFO:root:The blob's size is: 30.63770294189453
INFO:root:The blob's size is: 39.0777702331543
INFO:root:The blob's size is: 36.554500579833984
INFO:root:The blob's size is: 37.79170608520508
INFO:root:The blob's size is: 37.98598098754883
INFO:root:The blob's size is: 41.6295051574707
INFO:root:The blob's size is: 45.521522521972656
INFO:root:The blob's size is: 65.01882934570312
INFO:root:The blob's size is: 68.89884185791016
INFO:root:The blob's size is: 32.13264846801758
INFO:root:The blob's size is: 36.31065368652344
INFO:root:The blob's size is: 45.870174407958984
INFO:root:The blob's size is: 40.63875198364258
INFO:root:The blob's size is: 44.267303466796875
INFO:root:The blob's size is: 58.250205993652344
INFO:root:The blob's size is: 104.92668151855469
INFO:root:The blob's size is: 80.19293212890625
INFO:root:The blob's size is: 54.72782516479492
INFO:root:The blob's size is: 38.79082489013672
INFO:root:The blob's size is: 21.201030731201172
INFO:root:The blob's size is: 21.535696029663086
INFO:root:The blob's size is: 17.725831985473633
INFO:root:The blob's size is: 61.365211486816406
INFO:root:The blob's size is: 51.75349426269531
INFO:root:The blob's size is: 24.461807250976562
INFO:root:The blob's size is: 52.75045394897461
INFO:root:The blob's size is: 47.33201217651367
INFO:root:The blob's size is: 42.79912185668945
INFO:root:The blob's size is: 77.74256134033203
INFO:root:The blob's size is: 74.63041687011719
INFO:root:The blob's size is: 61.52958679199219
INFO:root:The blob's size is: 68.50341033935547
INFO:root:The blob's size is: 74.28795623779297
INFO:root:The blob's size is: 63.32451248168945
INFO:root:The blob's size is: 60.337745666503906
INFO:root:The blob's size is: 58.88296127319336
INFO:root:The blob's size is: 60.868988037109375
INFO:root:The blob's size is: 55.281822204589844
INFO:root:The blob's size is: 56.39619445800781
INFO:root:The blob's size is: 58.68467712402344
INFO:root:The blob's size is: 57.43790817260742
INFO:root:The blob's size is: 60.88570785522461
INFO:root:The blob's size is: 63.49006271362305
INFO:root:The blob's size is: 63.63682556152344
INFO:root:The blob's size is: 26.9213924407959
WARNING:root:A keyboard interruption was detected!
WARNING:root:Abruptly stopped the robot!
INFO:root:Odometry was stopped
