INFO:root:Program started
INFO:root:Robot set up!
INFO:root:Odometry was started, PID: 5339:
INFO:root:Initial location: 0.0, 0.0, 0.0
INFO:root:Found the ball! Approaching...
WARNING:root:Lost the ball! Searching again...
INFO:root:Found the ball! Approaching...
INFO:root:Close enough to the ball, size is: 60.35857009887695
INFO:root:Centering the ball...
INFO:root:The ball's x position is: 171.66322326660156
INFO:root:The ball's x position is: 172.5808563232422
INFO:root:The ball's x position is: 172.6005859375
INFO:root:The ball's x position is: 173.23397827148438
INFO:root:The ball's x position is: 173.36582946777344
INFO:root:The ball's x position is: 172.8837127685547
INFO:root:The ball's x position is: 173.9986572265625
INFO:root:The ball's x position is: 173.52996826171875
INFO:root:The ball's x position is: 172.66778564453125
INFO:root:The ball's x position is: 172.59202575683594
INFO:root:The ball's x position is: 172.40081787109375
INFO:root:The ball's x position is: 170.0034942626953
INFO:root:The ball's x position is: 169.34442138671875
INFO:root:The ball's x position is: 168.83311462402344
INFO:root:The ball's x position is: 168.10244750976562
INFO:root:The ball's x position is: 166.96466064453125
INFO:root:The ball's x position is: 165.96812438964844
INFO:root:The ball's x position is: 165.1343536376953
INFO:root:The ball's x position is: 163.4287567138672
INFO:root:The ball's x position is: 161.90032958984375
INFO:root:Ball centered and ready to be catched!
INFO:root:The distance to be covered is: 0.13 meters
INFO:root:Odometry was stopped
