INFO:root:Program started
INFO:root:Robot set up!
ERROR:root:get_sensor error: Invalid sensor data
ERROR:root:get_sensor error: Invalid sensor data
ERROR:root:get_sensor error: Invalid sensor data
ERROR:root:get_sensor error: Invalid sensor data
ERROR:root:get_sensor error: Invalid sensor data
ERROR:root:get_sensor error: Invalid sensor data
ERROR:root:get_sensor error: Invalid sensor data
ERROR:root:get_sensor error: Invalid sensor data
ERROR:root:get_sensor error: Invalid sensor data
ERROR:root:get_sensor error: Invalid sensor data
ERROR:root:get_sensor error: Invalid sensor data
ERROR:root:get_sensor error: Invalid sensor data
ERROR:root:get_sensor error: Invalid sensor data
ERROR:root:get_sensor error: Invalid sensor data
ERROR:root:get_sensor error: Invalid sensor data
ERROR:root:get_sensor error: Invalid sensor data
ERROR:root:get_sensor error: Invalid sensor data
ERROR:root:get_sensor error: Invalid sensor data
ERROR:root:get_sensor error: Invalid sensor data
ERROR:root:get_sensor error: Invalid sensor data
ERROR:root:get_sensor error: Invalid sensor data
ERROR:root:get_sensor error: Invalid sensor data
ERROR:root:get_sensor error: Invalid sensor data
ERROR:root:get_sensor error: Invalid sensor data
ERROR:root:get_sensor error: Invalid sensor data
ERROR:root:get_sensor error: Invalid sensor data
ERROR:root:get_sensor error: Invalid sensor data
ERROR:root:get_sensor error: Invalid sensor data
ERROR:root:get_sensor error: Invalid sensor data
INFO:root:Odometry was started, PID: 5008:
INFO:root:Initial location: 0.0, 0.0, 0.0
INFO:root:The blob's size is: 22.33256721496582
INFO:root:The blob's size is: 22.177492141723633
INFO:root:The blob's size is: 22.120080947875977
INFO:root:The blob's size is: 23.80664825439453
INFO:root:The blob's size is: 25.81317901611328
INFO:root:The blob's size is: 25.61475372314453
INFO:root:The blob's size is: 29.018856048583984
INFO:root:The blob's size is: 25.21025276184082
INFO:root:The blob's size is: 26.30933952331543
INFO:root:The blob's size is: 23.882232666015625
INFO:root:The blob's size is: 25.993955612182617
INFO:root:The blob's size is: 26.145360946655273
INFO:root:The blob's size is: 27.49664878845215
INFO:root:The blob's size is: 29.234291076660156
INFO:root:The blob's size is: 25.375690460205078
INFO:root:The blob's size is: 27.112667083740234
INFO:root:The blob's size is: 28.8536434173584
INFO:root:The blob's size is: 25.71878433227539
INFO:root:The blob's size is: 27.99210548400879
INFO:root:The blob's size is: 30.884870529174805
INFO:root:The blob's size is: 29.748416900634766
INFO:root:The blob's size is: 31.025535583496094
INFO:root:The blob's size is: 123.82559967041016
INFO:root:The blob's size is: 69.00249481201172
INFO:root:The blob's size is: 73.36121368408203
INFO:root:The blob's size is: 61.152740478515625
INFO:root:The blob's size is: 83.31319427490234
INFO:root:The blob's size is: 49.07494354248047
INFO:root:The blob's size is: 30.882009506225586
INFO:root:The blob's size is: 70.16889953613281
INFO:root:The blob's size is: 100.17716979980469
INFO:root:The blob's size is: 40.18575668334961
INFO:root:The blob's size is: 31.073272705078125
INFO:root:The blob's size is: 28.144237518310547
INFO:root:The blob's size is: 29.8709659576416
INFO:root:The blob's size is: 28.542062759399414
INFO:root:The blob's size is: 29.09928321838379
INFO:root:The blob's size is: 31.57303810119629
INFO:root:The blob's size is: 29.934812545776367
INFO:root:The blob's size is: 27.78738784790039
INFO:root:The blob's size is: 29.577001571655273
INFO:root:The blob's size is: 27.50359344482422
INFO:root:The blob's size is: 30.40975570678711
INFO:root:The blob's size is: 30.207454681396484
INFO:root:The blob's size is: 29.445100784301758
INFO:root:The blob's size is: 31.109477996826172
INFO:root:The blob's size is: 31.98854637145996
INFO:root:The blob's size is: 28.28416633605957
INFO:root:The blob's size is: 29.407470703125
INFO:root:The blob's size is: 28.04191780090332
INFO:root:The blob's size is: 29.621362686157227
INFO:root:The blob's size is: 29.88673973083496
INFO:root:The blob's size is: 29.329200744628906
WARNING:root:A keyboard interruption was detected!
WARNING:root:Abruptly stopped the robot!
INFO:root:Odometry was stopped
