INFO:root:Program started
INFO:root:Robot set up!
ERROR:root:get_sensor error: Invalid sensor data
ERROR:root:get_sensor error: Invalid sensor data
ERROR:root:get_sensor error: Invalid sensor data
ERROR:root:get_sensor error: Invalid sensor data
ERROR:root:get_sensor error: Invalid sensor data
ERROR:root:get_sensor error: Invalid sensor data
ERROR:root:get_sensor error: Invalid sensor data
ERROR:root:get_sensor error: Invalid sensor data
ERROR:root:get_sensor error: Invalid sensor data
ERROR:root:get_sensor error: Invalid sensor data
ERROR:root:get_sensor error: Invalid sensor data
ERROR:root:get_sensor error: Invalid sensor data
ERROR:root:get_sensor error: Invalid sensor data
ERROR:root:get_sensor error: Invalid sensor data
ERROR:root:get_sensor error: Invalid sensor data
ERROR:root:get_sensor error: Invalid sensor data
ERROR:root:get_sensor error: Invalid sensor data
ERROR:root:get_sensor error: Invalid sensor data
ERROR:root:get_sensor error: Invalid sensor data
ERROR:root:get_sensor error: Invalid sensor data
ERROR:root:get_sensor error: Invalid sensor data
ERROR:root:get_sensor error: Invalid sensor data
ERROR:root:get_sensor error: Invalid sensor data
ERROR:root:get_sensor error: Invalid sensor data
ERROR:root:get_sensor error: Invalid sensor data
ERROR:root:get_sensor error: Invalid sensor data
ERROR:root:get_sensor error: Invalid sensor data
ERROR:root:get_sensor error: Invalid sensor data
ERROR:root:get_sensor error: Invalid sensor data
ERROR:root:get_sensor error: Invalid sensor data
INFO:root:Odometry was started, PID: 17807:
INFO:root:Initial location: 0.0, 0.0, 0.0
INFO:root:Found the ball! Approaching...
INFO:root:Ready to grab the ball.
INFO:root:Ball centered and ready to be catched!
ERROR:root:get_sensor error: Invalid sensor data
ERROR:root:get_sensor error: Invalid sensor data
ERROR:root:get_sensor error: Invalid sensor data
ERROR:root:get_sensor error: Invalid sensor data
ERROR:root:get_sensor error: Invalid sensor data
ERROR:root:get_sensor error: Invalid sensor data
ERROR:root:get_sensor error: Invalid sensor data
ERROR:root:get_sensor error: Invalid sensor data
ERROR:root:get_sensor error: Invalid sensor data
ERROR:root:get_sensor error: Invalid sensor data
ERROR:root:get_sensor error: Invalid sensor data
ERROR:root:get_sensor error: Invalid sensor data
ERROR:root:get_sensor error: Invalid sensor data
ERROR:root:get_sensor error: Invalid sensor data
ERROR:root:get_sensor error: Invalid sensor data
ERROR:root:get_sensor error: Invalid sensor data
ERROR:root:get_sensor error: Invalid sensor data
ERROR:root:get_sensor error: Invalid sensor data
ERROR:root:get_sensor error: Invalid sensor data
ERROR:root:get_sensor error: Invalid sensor data
ERROR:root:get_sensor error: Invalid sensor data
ERROR:root:get_sensor error: Invalid sensor data
ERROR:root:get_sensor error: Invalid sensor data
ERROR:root:get_sensor error: Invalid sensor data
ERROR:root:get_sensor error: Invalid sensor data
ERROR:root:get_sensor error: Invalid sensor data
ERROR:root:get_sensor error: Invalid sensor data
ERROR:root:get_sensor error: Invalid sensor data
ERROR:root:get_sensor error: Invalid sensor data
ERROR:root:get_sensor error: Invalid sensor data
ERROR:root:get_sensor error: Invalid sensor data
ERROR:root:get_sensor error: Invalid sensor data
ERROR:root:get_sensor error: Invalid sensor data
ERROR:root:get_sensor error: Invalid sensor data
ERROR:root:get_sensor error: Invalid sensor data
ERROR:root:get_sensor error: Invalid sensor data
ERROR:root:get_sensor error: Invalid sensor data
ERROR:root:get_sensor error: Invalid sensor data
ERROR:root:get_sensor error: Invalid sensor data
ERROR:root:get_sensor error: Invalid sensor data
ERROR:root:get_sensor error: Invalid sensor data
ERROR:root:get_sensor error: Invalid sensor data
ERROR:root:get_sensor error: Invalid sensor data
ERROR:root:get_sensor error: Invalid sensor data
ERROR:root:get_sensor error: Invalid sensor data
ERROR:root:get_sensor error: Invalid sensor data
ERROR:root:get_sensor error: Invalid sensor data
ERROR:root:get_sensor error: Invalid sensor data
ERROR:root:get_sensor error: Invalid sensor data
ERROR:root:get_sensor error: Invalid sensor data
ERROR:root:get_sensor error: Invalid sensor data
ERROR:root:get_sensor error: Invalid sensor data
ERROR:root:get_sensor error: Invalid sensor data
ERROR:root:get_sensor error: Invalid sensor data
ERROR:root:get_sensor error: Invalid sensor data
ERROR:root:get_sensor error: Invalid sensor data
ERROR:root:get_sensor error: Invalid sensor data
ERROR:root:get_sensor error: Invalid sensor data
ERROR:root:get_sensor error: Invalid sensor data
ERROR:root:get_sensor error: Invalid sensor data
ERROR:root:get_sensor error: Invalid sensor data
ERROR:root:get_sensor error: Invalid sensor data
ERROR:root:get_sensor error: Invalid sensor data
ERROR:root:get_sensor error: Invalid sensor data
ERROR:root:get_sensor error: Invalid sensor data
ERROR:root:get_sensor error: Invalid sensor data
ERROR:root:get_sensor error: Invalid sensor data
ERROR:root:get_sensor error: Invalid sensor data
ERROR:root:get_sensor error: Invalid sensor data
ERROR:root:get_sensor error: Invalid sensor data
ERROR:root:get_sensor error: Invalid sensor data
ERROR:root:get_sensor error: Invalid sensor data
ERROR:root:get_sensor error: Invalid sensor data
ERROR:root:get_sensor error: Invalid sensor data
ERROR:root:get_sensor error: Invalid sensor data
ERROR:root:get_sensor error: Invalid sensor data
ERROR:root:get_sensor error: Invalid sensor data
ERROR:root:get_sensor error: Invalid sensor data
ERROR:root:get_sensor error: Invalid sensor data
ERROR:root:get_sensor error: Invalid sensor data
ERROR:root:get_sensor error: Invalid sensor data
ERROR:root:get_sensor error: Invalid sensor data
ERROR:root:get_sensor error: Invalid sensor data
ERROR:root:get_sensor error: Invalid sensor data
ERROR:root:get_sensor error: Invalid sensor data
ERROR:root:get_sensor error: Invalid sensor data
ERROR:root:get_sensor error: Invalid sensor data
ERROR:root:get_sensor error: Invalid sensor data
ERROR:root:get_sensor error: Invalid sensor data
ERROR:root:get_sensor error: Invalid sensor data
ERROR:root:get_sensor error: Invalid sensor data
ERROR:root:get_sensor error: Invalid sensor data
ERROR:root:get_sensor error: Invalid sensor data
ERROR:root:get_sensor error: Invalid sensor data
ERROR:root:get_sensor error: Invalid sensor data
ERROR:root:get_sensor error: Invalid sensor data
ERROR:root:get_sensor error: Invalid sensor data
ERROR:root:get_sensor error: Invalid sensor data
ERROR:root:get_sensor error: Invalid sensor data
ERROR:root:get_sensor error: Invalid sensor data
ERROR:root:get_sensor error: Invalid sensor data
ERROR:root:get_sensor error: Invalid sensor data
ERROR:root:get_sensor error: Invalid sensor data
ERROR:root:get_sensor error: Invalid sensor data
ERROR:root:get_sensor error: Invalid sensor data
ERROR:root:get_sensor error: Invalid sensor data
ERROR:root:get_sensor error: Invalid sensor data
ERROR:root:get_sensor error: Invalid sensor data
ERROR:root:get_sensor error: Invalid sensor data
ERROR:root:get_sensor error: Invalid sensor data
ERROR:root:get_sensor error: Invalid sensor data
ERROR:root:get_sensor error: Invalid sensor data
ERROR:root:get_sensor error: Invalid sensor data
ERROR:root:get_sensor error: Invalid sensor data
ERROR:root:get_sensor error: Invalid sensor data
ERROR:root:get_sensor error: Invalid sensor data
ERROR:root:get_sensor error: Invalid sensor data
ERROR:root:get_sensor error: Invalid sensor data
ERROR:root:get_sensor error: Invalid sensor data
ERROR:root:get_sensor error: Invalid sensor data
ERROR:root:get_sensor error: Invalid sensor data
ERROR:root:get_sensor error: Invalid sensor data
INFO:root:The distance to be covered is: 0.16 meters
INFO:root:[-21.26854862  17.91834354]
INFO:root:[-21.26854862  17.91834354]
INFO:root:[-21.26854862  17.91834354]
INFO:root:[-21.26854862  17.91834354]
INFO:root:[-21.26854862  17.91834354]
INFO:root:[-21.26854862  17.91834354]
INFO:root:[-21.26854862  17.91834354]
INFO:root:[-21.26854862  17.91834354]
INFO:root:[-21.26854862  17.91834354]
INFO:root:[-21.26854862  17.91834354]
INFO:root:[-21.26854862  17.91834354]
INFO:root:[-21.26854862  17.91834354]
INFO:root:[-21.26854862  17.91834354]
INFO:root:[-21.26854862  17.91834354]
INFO:root:[-21.26854862  17.91834354]
INFO:root:[-21.26854862  17.91834354]
INFO:root:[-21.26854862  17.91834354]
INFO:root:[-21.26854862  17.91834354]
INFO:root:[-21.26854862  17.91834354]
INFO:root:[-21.26854862  17.91834354]
INFO:root:[-21.26854862  17.91834354]
INFO:root:[-21.26854862  17.91834354]
INFO:root:[-21.26854862  17.91834354]
INFO:root:[-21.26854862  17.91834354]
INFO:root:[-21.26854862  17.91834354]
INFO:root:[-21.26854862  17.91834354]
INFO:root:[-21.26854862  17.91834354]
INFO:root:[-21.26854862  17.91834354]
INFO:root:[-21.26854862  17.91834354]
INFO:root:[-21.26854862  17.91834354]
INFO:root:[-21.26854862  17.91834354]
INFO:root:[-21.26854862  17.91834354]
INFO:root:[-21.26854862  17.91834354]
INFO:root:[-21.26854862  17.91834354]
INFO:root:[-21.26854862  17.91834354]
INFO:root:[-21.26854862  17.91834354]
INFO:root:[-21.26854862  17.91834354]
INFO:root:[-21.26854862  17.91834354]
INFO:root:[-21.26854862  17.91834354]
INFO:root:[-21.26854862  17.91834354]
INFO:root:[-21.26854862  17.91834354]
INFO:root:[-21.26854862  17.91834354]
INFO:root:[-21.26854862  17.91834354]
INFO:root:[-21.26854862  17.91834354]
INFO:root:[-21.26854862  17.91834354]
INFO:root:[-21.26854862  17.91834354]
INFO:root:[-21.26854862  17.91834354]
INFO:root:[-21.26854862  17.91834354]
INFO:root:[-21.26854862  17.91834354]
INFO:root:[-21.26854862  17.91834354]
INFO:root:[-21.26854862  17.91834354]
INFO:root:[-21.26854862  17.91834354]
INFO:root:[-21.26854862  17.91834354]
INFO:root:[-21.26854862  17.91834354]
INFO:root:[-21.26854862  17.91834354]
INFO:root:[-21.26854862  17.91834354]
INFO:root:[-21.26854862  17.91834354]
INFO:root:[-21.26854862  17.91834354]
INFO:root:[-21.26854862  17.91834354]
INFO:root:[-21.26854862  17.91834354]
INFO:root:[-21.26854862  17.91834354]
INFO:root:[-21.26854862  17.91834354]
INFO:root:[-21.26854862  17.91834354]
INFO:root:[-21.26854862  17.91834354]
INFO:root:[-21.26854862  17.91834354]
INFO:root:[-21.26854862  17.91834354]
INFO:root:[-21.26854862  17.91834354]
INFO:root:[-21.26854862  17.91834354]
INFO:root:[-21.26854862  17.91834354]
INFO:root:[-21.26854862  17.91834354]
INFO:root:[-21.26854862  17.91834354]
INFO:root:[-21.26854862  17.91834354]
INFO:root:[-21.26854862  17.91834354]
INFO:root:[-21.26854862  17.91834354]
INFO:root:[-21.26854862  17.91834354]
INFO:root:[-21.26854862  17.91834354]
INFO:root:[-21.26854862  17.91834354]
INFO:root:[-21.26854862  17.91834354]
INFO:root:[-21.26854862  17.91834354]
INFO:root:[-21.26854862  17.91834354]
INFO:root:[-21.26854862  17.91834354]
INFO:root:[-21.26854862  17.91834354]
INFO:root:[-21.26854862  17.91834354]
INFO:root:[-21.26854862  17.91834354]
INFO:root:[-21.26854862  17.91834354]
INFO:root:[-21.26854862  17.91834354]
INFO:root:[-21.26854862  17.91834354]
INFO:root:[-21.26854862  17.91834354]
INFO:root:[-21.26854862  17.91834354]
INFO:root:[-21.26854862  17.91834354]
INFO:root:[-21.26854862  17.91834354]
INFO:root:[-21.26854862  17.91834354]
INFO:root:[-21.26854862  17.91834354]
INFO:root:[-21.26854862  17.91834354]
INFO:root:[-21.26854862  17.91834354]
INFO:root:[-21.26854862  17.91834354]
INFO:root:[-21.26854862  17.91834354]
INFO:root:[-21.26854862  17.91834354]
INFO:root:[-21.26854862  17.91834354]
INFO:root:[-21.26854862  17.91834354]
INFO:root:[-21.26854862  17.91834354]
INFO:root:[-21.26854862  17.91834354]
INFO:root:[-21.26854862  17.91834354]
INFO:root:[-21.26854862  17.91834354]
INFO:root:[-21.26854862  17.91834354]
INFO:root:[-21.26854862  17.91834354]
INFO:root:[-21.26854862  17.91834354]
INFO:root:[-21.26854862  17.91834354]
INFO:root:[-21.26854862  17.91834354]
INFO:root:[-21.26854862  17.91834354]
INFO:root:[-21.26854862  17.91834354]
INFO:root:[-21.26854862  17.91834354]
INFO:root:[-21.26854862  17.91834354]
INFO:root:[-21.26854862  17.91834354]
INFO:root:[-21.26854862  17.91834354]
INFO:root:[-21.26854862  17.91834354]
INFO:root:[-21.26854862  17.91834354]
INFO:root:[-21.26854862  17.91834354]
INFO:root:[-21.26854862  17.91834354]
INFO:root:[-21.26854862  17.91834354]
INFO:root:[-21.26854862  17.91834354]
INFO:root:[-21.26854862  17.91834354]
INFO:root:[-21.26854862  17.91834354]
INFO:root:[-21.26854862  17.91834354]
INFO:root:[-21.26854862  17.91834354]
INFO:root:[-21.26854862  17.91834354]
INFO:root:[-21.26854862  17.91834354]
INFO:root:[-21.26854862  17.91834354]
INFO:root:[-21.26854862  17.91834354]
INFO:root:[-21.26854862  17.91834354]
INFO:root:[-21.26854862  17.91834354]
INFO:root:[-21.26854862  17.91834354]
INFO:root:[-21.26854862  17.91834354]
INFO:root:[-21.26854862  17.91834354]
INFO:root:[-21.26854862  17.91834354]
INFO:root:[-21.26854862  17.91834354]
INFO:root:[-21.26854862  17.91834354]
INFO:root:[-21.26854862  17.91834354]
INFO:root:[-21.26854862  17.91834354]
INFO:root:[-21.26854862  17.91834354]
INFO:root:[-21.26854862  17.91834354]
INFO:root:[-21.26854862  17.91834354]
INFO:root:[-21.26854862  17.91834354]
INFO:root:[-21.26854862  17.91834354]
INFO:root:[-21.26854862  17.91834354]
INFO:root:[-21.26854862  17.91834354]
INFO:root:[-21.26854862  17.91834354]
INFO:root:[-21.26854862  17.91834354]
INFO:root:[-21.26854862  17.91834354]
INFO:root:[-21.26854862  17.91834354]
INFO:root:[-21.26854862  17.91834354]
INFO:root:[-21.26854862  17.91834354]
INFO:root:[-21.26854862  17.91834354]
INFO:root:[-21.26854862  17.91834354]
INFO:root:[-21.26854862  17.91834354]
INFO:root:[-21.26854862  17.91834354]
INFO:root:[-21.26854862  17.91834354]
INFO:root:[-21.26854862  17.91834354]
INFO:root:[-21.26854862  17.91834354]
INFO:root:[-21.26854862  17.91834354]
INFO:root:[-21.26854862  17.91834354]
INFO:root:[-21.26854862  17.91834354]
INFO:root:[-21.26854862  17.91834354]
INFO:root:[-21.26854862  17.91834354]
INFO:root:[-21.26854862  17.91834354]
INFO:root:[-21.26854862  17.91834354]
INFO:root:[-21.26854862  17.91834354]
INFO:root:[-21.26854862  17.91834354]
INFO:root:Odometry was stopped
