INFO:root:Program started
INFO:root:Robot set up!
ERROR:root:get_sensor error: Invalid sensor data
ERROR:root:get_sensor error: Invalid sensor data
ERROR:root:get_sensor error: Invalid sensor data
ERROR:root:get_sensor error: Invalid sensor data
ERROR:root:get_sensor error: Invalid sensor data
ERROR:root:get_sensor error: Invalid sensor data
ERROR:root:get_sensor error: Invalid sensor data
ERROR:root:get_sensor error: Invalid sensor data
ERROR:root:get_sensor error: Invalid sensor data
ERROR:root:get_sensor error: Invalid sensor data
ERROR:root:get_sensor error: Invalid sensor data
ERROR:root:get_sensor error: Invalid sensor data
ERROR:root:get_sensor error: Invalid sensor data
ERROR:root:get_sensor error: Invalid sensor data
ERROR:root:get_sensor error: Invalid sensor data
ERROR:root:get_sensor error: Invalid sensor data
ERROR:root:get_sensor error: Invalid sensor data
ERROR:root:get_sensor error: Invalid sensor data
ERROR:root:get_sensor error: Invalid sensor data
ERROR:root:get_sensor error: Invalid sensor data
ERROR:root:get_sensor error: Invalid sensor data
ERROR:root:get_sensor error: Invalid sensor data
ERROR:root:get_sensor error: Invalid sensor data
ERROR:root:get_sensor error: Invalid sensor data
ERROR:root:get_sensor error: Invalid sensor data
ERROR:root:get_sensor error: Invalid sensor data
ERROR:root:get_sensor error: Invalid sensor data
ERROR:root:get_sensor error: Invalid sensor data
ERROR:root:get_sensor error: Invalid sensor data
ERROR:root:get_sensor error: Invalid sensor data
ERROR:root:get_sensor error: Invalid sensor data
ERROR:root:get_sensor error: Invalid sensor data
ERROR:root:get_sensor error: Invalid sensor data
ERROR:root:get_sensor error: Invalid sensor data
ERROR:root:get_sensor error: Invalid sensor data
ERROR:root:get_sensor error: Invalid sensor data
ERROR:root:get_sensor error: Invalid sensor data
ERROR:root:get_sensor error: Invalid sensor data
ERROR:root:get_sensor error: Invalid sensor data
ERROR:root:get_sensor error: Invalid sensor data
ERROR:root:get_sensor error: Invalid sensor data
ERROR:root:get_sensor error: Invalid sensor data
ERROR:root:get_sensor error: Invalid sensor data
ERROR:root:get_sensor error: Invalid sensor data
ERROR:root:get_sensor error: Invalid sensor data
ERROR:root:get_sensor error: Invalid sensor data
ERROR:root:get_sensor error: Invalid sensor data
ERROR:root:get_sensor error: Invalid sensor data
ERROR:root:get_sensor error: Invalid sensor data
ERROR:root:get_sensor error: Invalid sensor data
ERROR:root:get_sensor error: Invalid sensor data
ERROR:root:get_sensor error: Invalid sensor data
ERROR:root:get_sensor error: Invalid sensor data
ERROR:root:get_sensor error: Invalid sensor data
ERROR:root:get_sensor error: Invalid sensor data
ERROR:root:get_sensor error: Invalid sensor data
ERROR:root:get_sensor error: Invalid sensor data
ERROR:root:get_sensor error: Invalid sensor data
ERROR:root:get_sensor error: Invalid sensor data
ERROR:root:get_sensor error: Invalid sensor data
ERROR:root:get_sensor error: Invalid sensor data
ERROR:root:get_sensor error: Invalid sensor data
ERROR:root:get_sensor error: Invalid sensor data
ERROR:root:get_sensor error: Invalid sensor data
ERROR:root:get_sensor error: Invalid sensor data
ERROR:root:get_sensor error: Invalid sensor data
ERROR:root:get_sensor error: Invalid sensor data
ERROR:root:get_sensor error: Invalid sensor data
ERROR:root:get_sensor error: Invalid sensor data
ERROR:root:get_sensor error: Invalid sensor data
ERROR:root:get_sensor error: Invalid sensor data
ERROR:root:get_sensor error: Invalid sensor data
ERROR:root:get_sensor error: Invalid sensor data
ERROR:root:get_sensor error: Invalid sensor data
ERROR:root:get_sensor error: Invalid sensor data
ERROR:root:get_sensor error: Invalid sensor data
ERROR:root:get_sensor error: Invalid sensor data
ERROR:root:get_sensor error: Invalid sensor data
ERROR:root:get_sensor error: Invalid sensor data
ERROR:root:get_sensor error: Invalid sensor data
ERROR:root:get_sensor error: Invalid sensor data
ERROR:root:get_sensor error: Invalid sensor data
ERROR:root:get_sensor error: Invalid sensor data
ERROR:root:get_sensor error: Invalid sensor data
ERROR:root:get_sensor error: Invalid sensor data
ERROR:root:get_sensor error: Invalid sensor data
ERROR:root:get_sensor error: Invalid sensor data
ERROR:root:get_sensor error: Invalid sensor data
ERROR:root:get_sensor error: Invalid sensor data
ERROR:root:get_sensor error: Invalid sensor data
ERROR:root:get_sensor error: Invalid sensor data
ERROR:root:get_sensor error: Invalid sensor data
ERROR:root:get_sensor error: Invalid sensor data
ERROR:root:get_sensor error: Invalid sensor data
ERROR:root:get_sensor error: Invalid sensor data
ERROR:root:get_sensor error: Invalid sensor data
ERROR:root:get_sensor error: Invalid sensor data
ERROR:root:get_sensor error: Invalid sensor data
ERROR:root:get_sensor error: Invalid sensor data
ERROR:root:get_sensor error: Invalid sensor data
ERROR:root:get_sensor error: Invalid sensor data
ERROR:root:get_sensor error: Invalid sensor data
ERROR:root:get_sensor error: Invalid sensor data
ERROR:root:get_sensor error: Invalid sensor data
ERROR:root:get_sensor error: Invalid sensor data
ERROR:root:get_sensor error: Invalid sensor data
ERROR:root:get_sensor error: Invalid sensor data
ERROR:root:get_sensor error: Invalid sensor data
ERROR:root:get_sensor error: Invalid sensor data
ERROR:root:get_sensor error: Invalid sensor data
ERROR:root:get_sensor error: Invalid sensor data
ERROR:root:get_sensor error: Invalid sensor data
ERROR:root:get_sensor error: Invalid sensor data
ERROR:root:get_sensor error: Invalid sensor data
ERROR:root:get_sensor error: Invalid sensor data
ERROR:root:get_sensor error: Invalid sensor data
ERROR:root:get_sensor error: Invalid sensor data
ERROR:root:get_sensor error: Invalid sensor data
ERROR:root:get_sensor error: Invalid sensor data
ERROR:root:get_sensor error: Invalid sensor data
ERROR:root:get_sensor error: Invalid sensor data
ERROR:root:get_sensor error: Invalid sensor data
ERROR:root:get_sensor error: Invalid sensor data
ERROR:root:get_sensor error: Invalid sensor data
ERROR:root:get_sensor error: Invalid sensor data
ERROR:root:get_sensor error: Invalid sensor data
ERROR:root:get_sensor error: Invalid sensor data
ERROR:root:get_sensor error: Invalid sensor data
ERROR:root:get_sensor error: Invalid sensor data
ERROR:root:get_sensor error: Invalid sensor data
ERROR:root:get_sensor error: Invalid sensor data
ERROR:root:get_sensor error: Invalid sensor data
ERROR:root:get_sensor error: Invalid sensor data
ERROR:root:get_sensor error: Invalid sensor data
ERROR:root:get_sensor error: Invalid sensor data
ERROR:root:get_sensor error: Invalid sensor data
ERROR:root:get_sensor error: Invalid sensor data
ERROR:root:get_sensor error: Invalid sensor data
ERROR:root:get_sensor error: Invalid sensor data
ERROR:root:get_sensor error: Invalid sensor data
ERROR:root:get_sensor error: Invalid sensor data
ERROR:root:get_sensor error: Invalid sensor data
ERROR:root:get_sensor error: Invalid sensor data
ERROR:root:get_sensor error: Invalid sensor data
ERROR:root:get_sensor error: Invalid sensor data
INFO:root:Odometry was started, PID: 15001:
INFO:root:Initial location: 0.0, 0.0, 0.0
INFO:root:PRIMER VALOR: 0.0,0.0
INFO:root:Odometry was stopped
