INFO:root:Program started
INFO:root:Robot set up!
ERROR:root:get_sensor error: Invalid sensor data
ERROR:root:get_sensor error: Invalid sensor data
ERROR:root:get_sensor error: Invalid sensor data
ERROR:root:get_sensor error: Invalid sensor data
ERROR:root:get_sensor error: Invalid sensor data
ERROR:root:get_sensor error: Invalid sensor data
ERROR:root:get_sensor error: Invalid sensor data
ERROR:root:get_sensor error: Invalid sensor data
ERROR:root:get_sensor error: Invalid sensor data
ERROR:root:get_sensor error: Invalid sensor data
ERROR:root:get_sensor error: Invalid sensor data
ERROR:root:get_sensor error: Invalid sensor data
ERROR:root:get_sensor error: Invalid sensor data
ERROR:root:get_sensor error: Invalid sensor data
ERROR:root:get_sensor error: Invalid sensor data
ERROR:root:get_sensor error: Invalid sensor data
ERROR:root:get_sensor error: Invalid sensor data
ERROR:root:get_sensor error: Invalid sensor data
ERROR:root:get_sensor error: Invalid sensor data
ERROR:root:get_sensor error: Invalid sensor data
ERROR:root:get_sensor error: Invalid sensor data
ERROR:root:get_sensor error: Invalid sensor data
ERROR:root:get_sensor error: Invalid sensor data
ERROR:root:get_sensor error: Invalid sensor data
ERROR:root:get_sensor error: Invalid sensor data
ERROR:root:get_sensor error: Invalid sensor data
ERROR:root:get_sensor error: Invalid sensor data
ERROR:root:get_sensor error: Invalid sensor data
ERROR:root:get_sensor error: Invalid sensor data
ERROR:root:get_sensor error: Invalid sensor data
INFO:root:Odometry was started, PID: 15937:
INFO:root:Initial location: 0.0, 0.0, 0.0
INFO:root:Found the ball! Approaching...
INFO:root:Ready to grab the ball.
INFO:root:Ball centered and ready to be catched!
INFO:root:The distance to be covered is: 0.2 meters
INFO:root:[-0.14668271  0.13595654]
INFO:root:[-0.14668271  0.13595654]
INFO:root:[-0.14668271  0.13595654]
INFO:root:[-0.14668271  0.13595654]
INFO:root:[-0.14668271  0.13595654]
INFO:root:[-0.14668271  0.13595654]
INFO:root:[-0.14668271  0.13595654]
INFO:root:[-0.14668271  0.13595654]
INFO:root:[-0.14668271  0.13595654]
INFO:root:[-0.14668271  0.13595654]
INFO:root:[-0.14668271  0.13595654]
INFO:root:[-0.14668271  0.13595654]
INFO:root:[-0.14668271  0.13595654]
INFO:root:[-0.14668271  0.13595654]
INFO:root:[-0.14668271  0.13595654]
INFO:root:[-0.14668271  0.13595654]
INFO:root:[-0.14668271  0.13595654]
INFO:root:[-0.14668271  0.13595654]
INFO:root:[-0.14668271  0.13595654]
INFO:root:[-0.14668271  0.13595654]
INFO:root:[-0.14668271  0.13595654]
INFO:root:[-0.14668271  0.13595654]
INFO:root:[-0.14668271  0.13595654]
INFO:root:[-0.14668271  0.13595654]
INFO:root:[-0.14668271  0.13595654]
INFO:root:[-0.14668271  0.13595654]
INFO:root:[-0.14668271  0.13595654]
INFO:root:[-0.14668271  0.13595654]
INFO:root:[-0.14668271  0.13595654]
INFO:root:[-0.14668271  0.13595654]
INFO:root:[-0.14668271  0.13595654]
INFO:root:[-0.14668271  0.13595654]
INFO:root:[-0.14668271  0.13595654]
INFO:root:[-0.14668271  0.13595654]
INFO:root:[-0.14668271  0.13595654]
INFO:root:[-0.14668271  0.13595654]
INFO:root:[-0.14668271  0.13595654]
INFO:root:[-0.14668271  0.13595654]
INFO:root:[-0.14668271  0.13595654]
INFO:root:[-0.14668271  0.13595654]
INFO:root:[-0.14668271  0.13595654]
INFO:root:[-0.14668271  0.13595654]
INFO:root:[-0.14668271  0.13595654]
INFO:root:[-0.14668271  0.13595654]
INFO:root:[-0.14668271  0.13595654]
INFO:root:[-0.14668271  0.13595654]
INFO:root:[-0.14668271  0.13595654]
INFO:root:[-0.14668271  0.13595654]
INFO:root:[-0.14668271  0.13595654]
INFO:root:[-0.14668271  0.13595654]
INFO:root:[-0.14668271  0.13595654]
INFO:root:[-0.14668271  0.13595654]
INFO:root:[-0.14668271  0.13595654]
INFO:root:[-0.14668271  0.13595654]
INFO:root:[-0.14668271  0.13595654]
INFO:root:[-0.14668271  0.13595654]
INFO:root:[-0.14668271  0.13595654]
INFO:root:[-0.14668271  0.13595654]
INFO:root:[-0.14668271  0.13595654]
INFO:root:[-0.14668271  0.13595654]
INFO:root:[-0.14668271  0.13595654]
INFO:root:[-0.14668271  0.13595654]
INFO:root:[-0.14668271  0.13595654]
INFO:root:[-0.14668271  0.13595654]
INFO:root:[-0.14668271  0.13595654]
INFO:root:[-0.14668271  0.13595654]
INFO:root:[-0.14668271  0.13595654]
INFO:root:[-0.14668271  0.13595654]
INFO:root:[-0.14668271  0.13595654]
INFO:root:[-0.14668271  0.13595654]
INFO:root:[-0.14668271  0.13595654]
INFO:root:[-0.14668271  0.13595654]
INFO:root:[-0.14668271  0.13595654]
INFO:root:[-0.14668271  0.13595654]
INFO:root:[-0.14668271  0.13595654]
INFO:root:[-0.14668271  0.13595654]
INFO:root:[-0.14668271  0.13595654]
INFO:root:[-0.14668271  0.13595654]
INFO:root:[-0.14668271  0.13595654]
INFO:root:[-0.14668271  0.13595654]
INFO:root:[-0.14668271  0.13595654]
INFO:root:[-0.14668271  0.13595654]
INFO:root:[-0.14668271  0.13595654]
INFO:root:[-0.14668271  0.13595654]
INFO:root:[-0.14668271  0.13595654]
INFO:root:[-0.14668271  0.13595654]
INFO:root:[-0.14668271  0.13595654]
INFO:root:[-0.14668271  0.13595654]
INFO:root:[-0.14668271  0.13595654]
INFO:root:[-0.14668271  0.13595654]
INFO:root:[-0.14668271  0.13595654]
INFO:root:[-0.14668271  0.13595654]
INFO:root:[-0.14668271  0.13595654]
INFO:root:[-0.14668271  0.13595654]
INFO:root:[-0.14668271  0.13595654]
INFO:root:[-0.14668271  0.13595654]
INFO:root:[-0.14668271  0.13595654]
INFO:root:[-0.14668271  0.13595654]
INFO:root:[-0.14668271  0.13595654]
INFO:root:[-0.14668271  0.13595654]
INFO:root:[-0.14668271  0.13595654]
INFO:root:[-0.14668271  0.13595654]
INFO:root:[-0.14668271  0.13595654]
INFO:root:[-0.14668271  0.13595654]
INFO:root:[-0.14668271  0.13595654]
INFO:root:[-0.14668271  0.13595654]
INFO:root:[-0.14668271  0.13595654]
INFO:root:[-0.14668271  0.13595654]
INFO:root:[-0.14668271  0.13595654]
INFO:root:[-0.14668271  0.13595654]
INFO:root:[-0.14668271  0.13595654]
INFO:root:[-0.14668271  0.13595654]
INFO:root:[-0.14668271  0.13595654]
INFO:root:[-0.14668271  0.13595654]
INFO:root:[-0.14668271  0.13595654]
INFO:root:[-0.14668271  0.13595654]
INFO:root:[-0.14668271  0.13595654]
INFO:root:[-0.14668271  0.13595654]
INFO:root:[-0.14668271  0.13595654]
INFO:root:[-0.14668271  0.13595654]
INFO:root:[-0.14668271  0.13595654]
INFO:root:[-0.14668271  0.13595654]
INFO:root:[-0.14668271  0.13595654]
INFO:root:[-0.14668271  0.13595654]
INFO:root:[-0.14668271  0.13595654]
INFO:root:[-0.14668271  0.13595654]
INFO:root:[-0.14668271  0.13595654]
INFO:root:[-0.14668271  0.13595654]
INFO:root:[-0.14668271  0.13595654]
INFO:root:[-0.14668271  0.13595654]
INFO:root:[-0.14668271  0.13595654]
INFO:root:[-0.14668271  0.13595654]
INFO:root:[-0.14668271  0.13595654]
INFO:root:[-0.14668271  0.13595654]
INFO:root:[-0.14668271  0.13595654]
INFO:root:[-0.14668271  0.13595654]
INFO:root:[-0.14668271  0.13595654]
INFO:root:[-0.14668271  0.13595654]
INFO:root:[-0.14668271  0.13595654]
INFO:root:[-0.14668271  0.13595654]
INFO:root:[-0.14668271  0.13595654]
INFO:root:[-0.14668271  0.13595654]
INFO:root:[-0.14668271  0.13595654]
INFO:root:[-0.14668271  0.13595654]
INFO:root:[-0.14668271  0.13595654]
INFO:root:[-0.14668271  0.13595654]
INFO:root:[-0.14668271  0.13595654]
INFO:root:[-0.14668271  0.13595654]
INFO:root:[-0.14668271  0.13595654]
INFO:root:[-0.14668271  0.13595654]
INFO:root:[-0.14668271  0.13595654]
INFO:root:[-0.14668271  0.13595654]
INFO:root:[-0.14668271  0.13595654]
INFO:root:[-0.14668271  0.13595654]
INFO:root:[-0.14668271  0.13595654]
INFO:root:[-0.14668271  0.13595654]
INFO:root:[-0.14668271  0.13595654]
INFO:root:[-0.14668271  0.13595654]
INFO:root:[-0.14668271  0.13595654]
INFO:root:[-0.14668271  0.13595654]
INFO:root:[-0.14668271  0.13595654]
INFO:root:[-0.14668271  0.13595654]
INFO:root:[-0.14668271  0.13595654]
INFO:root:[-0.14668271  0.13595654]
INFO:root:[-0.14668271  0.13595654]
INFO:root:[-0.14668271  0.13595654]
INFO:root:[-0.14668271  0.13595654]
INFO:root:[-0.14668271  0.13595654]
INFO:root:[-0.14668271  0.13595654]
INFO:root:[-0.14668271  0.13595654]
INFO:root:[-0.14668271  0.13595654]
INFO:root:[-0.14668271  0.13595654]
INFO:root:[-0.14668271  0.13595654]
INFO:root:[-0.14668271  0.13595654]
INFO:root:[-0.14668271  0.13595654]
INFO:root:[-0.14668271  0.13595654]
INFO:root:[-0.14668271  0.13595654]
INFO:root:[-0.14668271  0.13595654]
INFO:root:[-0.14668271  0.13595654]
INFO:root:[-0.14668271  0.13595654]
INFO:root:[-0.14668271  0.13595654]
INFO:root:[-0.14668271  0.13595654]
INFO:root:[-0.14668271  0.13595654]
INFO:root:[-0.14668271  0.13595654]
INFO:root:[-0.14668271  0.13595654]
INFO:root:[-0.14668271  0.13595654]
INFO:root:[-0.14668271  0.13595654]
INFO:root:[-0.14668271  0.13595654]
INFO:root:[-0.14668271  0.13595654]
INFO:root:[-0.14668271  0.13595654]
INFO:root:[-0.14668271  0.13595654]
INFO:root:[-0.14668271  0.13595654]
INFO:root:[-0.14668271  0.13595654]
INFO:root:[-0.14668271  0.13595654]
INFO:root:[-0.14668271  0.13595654]
INFO:root:[-0.14668271  0.13595654]
INFO:root:[-0.14668271  0.13595654]
INFO:root:[-0.14668271  0.13595654]
INFO:root:[-0.14668271  0.13595654]
INFO:root:[-0.14668271  0.13595654]
INFO:root:[-0.14668271  0.13595654]
INFO:root:[-0.14668271  0.13595654]
INFO:root:[-0.14668271  0.13595654]
INFO:root:[-0.14668271  0.13595654]
INFO:root:[-0.14668271  0.13595654]
INFO:root:[-0.14668271  0.13595654]
INFO:root:[-0.14668271  0.13595654]
INFO:root:[-0.14668271  0.13595654]
INFO:root:[-0.14668271  0.13595654]
INFO:root:[-0.14668271  0.13595654]
INFO:root:[-0.14668271  0.13595654]
INFO:root:[-0.14668271  0.13595654]
INFO:root:[-0.14668271  0.13595654]
INFO:root:[-0.14668271  0.13595654]
INFO:root:[-0.14668271  0.13595654]
INFO:root:[-0.14668271  0.13595654]
INFO:root:[-0.14668271  0.13595654]
INFO:root:[-0.14668271  0.13595654]
INFO:root:[-0.14668271  0.13595654]
INFO:root:[-0.14668271  0.13595654]
INFO:root:[-0.14668271  0.13595654]
INFO:root:[-0.14668271  0.13595654]
INFO:root:[-0.14668271  0.13595654]
INFO:root:[-0.14668271  0.13595654]
INFO:root:[-0.14668271  0.13595654]
INFO:root:[-0.14668271  0.13595654]
INFO:root:[-0.14668271  0.13595654]
INFO:root:[-0.14668271  0.13595654]
INFO:root:[-0.14668271  0.13595654]
INFO:root:[-0.14668271  0.13595654]
INFO:root:[-0.14668271  0.13595654]
INFO:root:[-0.14668271  0.13595654]
INFO:root:[-0.14668271  0.13595654]
INFO:root:[-0.14668271  0.13595654]
INFO:root:[-0.14668271  0.13595654]
INFO:root:[-0.14668271  0.13595654]
INFO:root:[-0.14668271  0.13595654]
INFO:root:[-0.14668271  0.13595654]
INFO:root:[-0.14668271  0.13595654]
INFO:root:[-0.14668271  0.13595654]
INFO:root:[-0.14668271  0.13595654]
INFO:root:[-0.14668271  0.13595654]
INFO:root:[-0.14668271  0.13595654]
INFO:root:[-0.14668271  0.13595654]
INFO:root:[-0.14668271  0.13595654]
INFO:root:[-0.14668271  0.13595654]
INFO:root:[-0.14668271  0.13595654]
INFO:root:[-0.14668271  0.13595654]
INFO:root:[-0.14668271  0.13595654]
INFO:root:[-0.14668271  0.13595654]
INFO:root:[-0.14668271  0.13595654]
INFO:root:[-0.14668271  0.13595654]
INFO:root:[-0.14668271  0.13595654]
INFO:root:[-0.14668271  0.13595654]
INFO:root:[-0.14668271  0.13595654]
INFO:root:[-0.14668271  0.13595654]
INFO:root:[-0.14668271  0.13595654]
INFO:root:[-0.14668271  0.13595654]
INFO:root:[-0.14668271  0.13595654]
INFO:root:[-0.14668271  0.13595654]
INFO:root:[-0.14668271  0.13595654]
INFO:root:[-0.14668271  0.13595654]
WARNING:root:A keyboard interruption was detected!
WARNING:root:Abruptly stopped the robot!
INFO:root:Odometry was stopped
