INFO:root:Program started
INFO:root:Robot set up!
INFO:root:Odometry was started, PID: 2284:
INFO:root:Initial location: 0.0, 0.0, 0.0
INFO:root:Found the ball! Approaching...
INFO:root:Close enough to the ball, size is: 70.21061706542969
INFO:root:Centering the ball...
INFO:root:The ball's x position is: 155.62570190429688
INFO:root:The ball's x position is: 156.0533905029297
INFO:root:The ball's x position is: 155.50778198242188
INFO:root:The ball's x position is: 155.8871612548828
INFO:root:The ball's x position is: 156.037109375
INFO:root:The ball's x position is: 156.55604553222656
INFO:root:The ball's x position is: 156.67233276367188
INFO:root:The ball's x position is: 157.8128662109375
INFO:root:The ball's x position is: 252.95562744140625
INFO:root:The ball's x position is: 161.25279235839844
INFO:root:Ball centered and ready to be catched!
INFO:root:Centering the ball...
INFO:root:The ball's x position is: 161.88140869140625
INFO:root:Ball centered and ready to be catched!
INFO:root:Centering the ball...
INFO:root:The ball's x position is: 162.29994201660156
INFO:root:The ball's x position is: 165.25616455078125
INFO:root:The ball's x position is: 166.4615936279297
INFO:root:The ball's x position is: 167.6758270263672
INFO:root:Found the ball! Approaching...
WARNING:root:Lost the ball! Searching again...
INFO:root:Found the ball! Approaching...
INFO:root:Close enough to the ball, size is: 72.84629821777344
INFO:root:Centering the ball...
INFO:root:The ball's x position is: 153.0334930419922
INFO:root:The ball's x position is: 153.07777404785156
INFO:root:The ball's x position is: 153.7693328857422
INFO:root:The ball's x position is: 153.84902954101562
INFO:root:The ball's x position is: 153.873046875
INFO:root:The ball's x position is: 153.64610290527344
INFO:root:The ball's x position is: 153.9513702392578
INFO:root:The ball's x position is: 153.82481384277344
INFO:root:The ball's x position is: 153.95962524414062
INFO:root:The ball's x position is: 154.96533203125
INFO:root:The ball's x position is: 155.5530242919922
INFO:root:The ball's x position is: 155.63442993164062
INFO:root:The ball's x position is: 156.36790466308594
INFO:root:The ball's x position is: 157.89019775390625
INFO:root:The ball's x position is: 158.30477905273438
INFO:root:Ball centered and ready to be catched!
INFO:root:The distance to be covered is: 0.06 meters
INFO:root:Odometry was stopped
