INFO:root:Program started
INFO:root:Robot set up!
ERROR:root:get_sensor error: Invalid sensor data
ERROR:root:get_sensor error: Invalid sensor data
ERROR:root:get_sensor error: Invalid sensor data
ERROR:root:get_sensor error: Invalid sensor data
ERROR:root:get_sensor error: Invalid sensor data
ERROR:root:get_sensor error: Invalid sensor data
ERROR:root:get_sensor error: Invalid sensor data
ERROR:root:get_sensor error: Invalid sensor data
ERROR:root:get_sensor error: Invalid sensor data
ERROR:root:get_sensor error: Invalid sensor data
ERROR:root:get_sensor error: Invalid sensor data
ERROR:root:get_sensor error: Invalid sensor data
ERROR:root:get_sensor error: Invalid sensor data
ERROR:root:get_sensor error: Invalid sensor data
ERROR:root:get_sensor error: Invalid sensor data
ERROR:root:get_sensor error: Invalid sensor data
ERROR:root:get_sensor error: Invalid sensor data
ERROR:root:get_sensor error: Invalid sensor data
ERROR:root:get_sensor error: Invalid sensor data
ERROR:root:get_sensor error: Invalid sensor data
ERROR:root:get_sensor error: Invalid sensor data
ERROR:root:get_sensor error: Invalid sensor data
ERROR:root:get_sensor error: Invalid sensor data
ERROR:root:get_sensor error: Invalid sensor data
ERROR:root:get_sensor error: Invalid sensor data
ERROR:root:get_sensor error: Invalid sensor data
ERROR:root:get_sensor error: Invalid sensor data
ERROR:root:get_sensor error: Invalid sensor data
ERROR:root:get_sensor error: Invalid sensor data
ERROR:root:get_sensor error: Invalid sensor data
INFO:root:Odometry was started, PID: 8263:
INFO:root:Initial location: 0.0, 0.0, 0.0
INFO:root:Found the ball! Approaching...
WARNING:root:Lost the ball! Searching again...
INFO:root:Found the ball! Approaching...
WARNING:root:Lost the ball! Searching again...
INFO:root:Found the ball! Approaching...
WARNING:root:Lost the ball! Searching again...
INFO:root:Found the ball! Approaching...
WARNING:root:Lost the ball! Searching again...
INFO:root:Found the ball! Approaching...
WARNING:root:Lost the ball! Searching again...
INFO:root:Found the ball! Approaching...
WARNING:root:Lost the ball! Searching again...
INFO:root:Found the ball! Approaching...
WARNING:root:Lost the ball! Searching again...
INFO:root:Found the ball! Approaching...
WARNING:root:Lost the ball! Searching again...
INFO:root:Found the ball! Approaching...
WARNING:root:Lost the ball! Searching again...
INFO:root:Found the ball! Approaching...
WARNING:root:Lost the ball! Searching again...
INFO:root:Found the ball! Approaching...
WARNING:root:Lost the ball! Searching again...
INFO:root:Found the ball! Approaching...
INFO:root:Ready to grab the ball.
INFO:root:Found the ball! Approaching...
INFO:root:Ready to grab the ball.
INFO:root:Found the ball! Approaching...
WARNING:root:A keyboard interruption was detected!
WARNING:root:Abruptly stopped the robot!
INFO:root:Odometry was stopped
