INFO:root:Program started
INFO:root:Robot set up!
INFO:root:Odometry was started, PID: 1582:
INFO:root:Initial location: 0.0, 0.0, 0.0
INFO:root:Found the ball! Approaching...
INFO:root:Close enough to the ball, size is: 70.30267333984375
INFO:root:Centering the ball...
INFO:root:The ball's x position is: 164.98422241210938
INFO:root:The ball's x position is: 164.31805419921875
INFO:root:The ball's x position is: 163.86924743652344
INFO:root:The ball's x position is: 163.02210998535156
INFO:root:The ball's x position is: 163.2096405029297
INFO:root:The ball's x position is: 163.50819396972656
INFO:root:The ball's x position is: 162.37045288085938
INFO:root:The ball's x position is: 163.47467041015625
INFO:root:The ball's x position is: 162.95431518554688
INFO:root:The ball's x position is: 161.66075134277344
INFO:root:Ball centered and ready to be catched!
INFO:root:The distance to be covered is: 0.07 meters
WARNING:root:A keyboard interruption was detected!
WARNING:root:Abruptly stopped the robot!
INFO:root:Odometry was stopped
