INFO:root:Program started
INFO:root:Robot set up!
INFO:root:Odometry was started, PID: 7943:
INFO:root:Initial location: 0.0, 0.0, 0.0
INFO:root:Found the ball! Approaching...
INFO:root:Close enough to the ball, size is: 70.38652801513672
INFO:root:Centering the ball...
INFO:root:The ball's x position is: 165.7427978515625
INFO:root:The ball's x position is: 165.13131713867188
INFO:root:The ball's x position is: 164.80380249023438
INFO:root:The ball's x position is: 165.03619384765625
INFO:root:The ball's x position is: 164.3513641357422
INFO:root:The ball's x position is: 163.97012329101562
INFO:root:The ball's x position is: 163.69871520996094
INFO:root:The ball's x position is: 163.29766845703125
INFO:root:The ball's x position is: 163.05810546875
INFO:root:The ball's x position is: 162.4027099609375
INFO:root:The ball's x position is: 161.76971435546875
INFO:root:Ball centered and ready to be catched!
INFO:root:The distance to be covered is: 0.1 meters
INFO:root:Odometry was stopped
