INFO:root:Program started
INFO:root:Robot set up!
INFO:root:Odometry was started, PID: 8384:
INFO:root:Initial location: 0.0, 0.0, 0.0
INFO:root:Found the ball! Approaching...
WARNING:root:Lost the ball! Searching again...
INFO:root:Found the ball! Approaching...
INFO:root:Close enough to the ball, size is: 71.58757019042969
INFO:root:Centering the ball...
INFO:root:The ball's x position is: 46.812644958496094
INFO:root:The ball's x position is: 16.374269485473633
INFO:root:The ball's x position is: 8.707367897033691
INFO:root:The ball's x position is: 4.559309482574463
INFO:root:Found the ball! Approaching...
WARNING:root:Lost the ball! Searching again...
INFO:root:Found the ball! Approaching...
INFO:root:Close enough to the ball, size is: 70.43351745605469
INFO:root:Centering the ball...
INFO:root:The ball's x position is: 177.69497680664062
INFO:root:The ball's x position is: 175.73460388183594
INFO:root:The ball's x position is: 175.61856079101562
INFO:root:The ball's x position is: 174.90396118164062
INFO:root:The ball's x position is: 174.3112030029297
INFO:root:The ball's x position is: 170.05047607421875
INFO:root:The ball's x position is: 165.52703857421875
INFO:root:The ball's x position is: 162.62852478027344
INFO:root:The ball's x position is: 164.66163635253906
INFO:root:The ball's x position is: 162.76181030273438
INFO:root:The ball's x position is: 159.5107879638672
INFO:root:Ball centered and ready to be catched!
INFO:root:The distance to be covered is: 0.12 meters
INFO:root:Odometry was stopped
