INFO:root:Program started
INFO:root:Setting up the robot!
INFO:root:Odometry was started, PID: 20895:
INFO:root:Initial location: 0.0, 0.0, 0.0
INFO:root:The blob's size is: 47.608192443847656
INFO:root:Found the ball! Approaching...
INFO:root:The blob's size is: 47.23082733154297
INFO:root:The blob's size is: 50.57441329956055
WARNING:root:Lost the ball! Searching again...
INFO:root:The blob's size is: 55.90503692626953
INFO:root:Found the ball! Approaching...
INFO:root:The blob's size is: 60.027923583984375
INFO:root:The blob's size is: 66.27371215820312
INFO:root:The blob's size is: 78.0256576538086
INFO:root:The blob's size is: 94.02840423583984
INFO:root:The blob's size is: 122.0332260131836
INFO:root:The blob's size is: 21.834579467773438
WARNING:root:Lost the ball! Searching again...
INFO:root:The blob's size is: 82.35755157470703
INFO:root:Found the ball! Approaching...
INFO:root:The blob's size is: 23.26871109008789
WARNING:root:Lost the ball! Searching again...
INFO:root:The blob's size is: 55.909034729003906
INFO:root:Found the ball! Approaching...
INFO:root:The blob's size is: 39.677154541015625
INFO:root:The blob's size is: 39.864620208740234
INFO:root:The blob's size is: 38.96006774902344
INFO:root:The blob's size is: 59.408145904541016
INFO:root:The blob's size is: 56.82197189331055
INFO:root:The blob's size is: 71.36062622070312
INFO:root:The blob's size is: 108.42603302001953
WARNING:root:Lost the ball! Searching again...
INFO:root:The blob's size is: 43.73285675048828
INFO:root:Found the ball! Approaching...
INFO:root:The blob's size is: 48.52321243286133
WARNING:root:Lost the ball! Searching again...
INFO:root:The blob's size is: 35.8289794921875
INFO:root:Found the ball! Approaching...
WARNING:root:Lost the ball! Searching again...
INFO:root:The blob's size is: 38.71944808959961
INFO:root:Found the ball! Approaching...
INFO:root:The blob's size is: 403.89764404296875
WARNING:root:Lost the ball! Searching again...
INFO:root:The blob's size is: 37.46828842163086
INFO:root:Found the ball! Approaching...
WARNING:root:Lost the ball! Searching again...
INFO:root:The blob's size is: 227.3490447998047
INFO:root:Found the ball! Approaching...
WARNING:root:Lost the ball! Searching again...
WARNING:root:A keyboard interruption was detected!
WARNING:root:Abruptly stopped the robot!
INFO:root:Odometry was stopped
