INFO:root:Program started
INFO:root:Robot set up!
ERROR:root:get_sensor error: Invalid sensor data
ERROR:root:get_sensor error: Invalid sensor data
ERROR:root:get_sensor error: Invalid sensor data
ERROR:root:get_sensor error: Invalid sensor data
ERROR:root:get_sensor error: Invalid sensor data
ERROR:root:get_sensor error: Invalid sensor data
ERROR:root:get_sensor error: Invalid sensor data
ERROR:root:get_sensor error: Invalid sensor data
ERROR:root:get_sensor error: Invalid sensor data
ERROR:root:get_sensor error: Invalid sensor data
ERROR:root:get_sensor error: Invalid sensor data
ERROR:root:get_sensor error: Invalid sensor data
ERROR:root:get_sensor error: Invalid sensor data
ERROR:root:get_sensor error: Invalid sensor data
ERROR:root:get_sensor error: Invalid sensor data
ERROR:root:get_sensor error: Invalid sensor data
ERROR:root:get_sensor error: Invalid sensor data
ERROR:root:get_sensor error: Invalid sensor data
ERROR:root:get_sensor error: Invalid sensor data
ERROR:root:get_sensor error: Invalid sensor data
ERROR:root:get_sensor error: Invalid sensor data
ERROR:root:get_sensor error: Invalid sensor data
ERROR:root:get_sensor error: Invalid sensor data
ERROR:root:get_sensor error: Invalid sensor data
ERROR:root:get_sensor error: Invalid sensor data
ERROR:root:get_sensor error: Invalid sensor data
ERROR:root:get_sensor error: Invalid sensor data
ERROR:root:get_sensor error: Invalid sensor data
ERROR:root:get_sensor error: Invalid sensor data
ERROR:root:get_sensor error: Invalid sensor data
ERROR:root:get_sensor error: Invalid sensor data
ERROR:root:get_sensor error: Invalid sensor data
ERROR:root:get_sensor error: Invalid sensor data
ERROR:root:get_sensor error: Invalid sensor data
ERROR:root:get_sensor error: Invalid sensor data
ERROR:root:get_sensor error: Invalid sensor data
ERROR:root:get_sensor error: Invalid sensor data
ERROR:root:get_sensor error: Invalid sensor data
ERROR:root:get_sensor error: Invalid sensor data
ERROR:root:get_sensor error: Invalid sensor data
ERROR:root:get_sensor error: Invalid sensor data
ERROR:root:get_sensor error: Invalid sensor data
ERROR:root:get_sensor error: Invalid sensor data
ERROR:root:get_sensor error: Invalid sensor data
ERROR:root:get_sensor error: Invalid sensor data
ERROR:root:get_sensor error: Invalid sensor data
ERROR:root:get_sensor error: Invalid sensor data
ERROR:root:get_sensor error: Invalid sensor data
ERROR:root:get_sensor error: Invalid sensor data
ERROR:root:get_sensor error: Invalid sensor data
ERROR:root:get_sensor error: Invalid sensor data
ERROR:root:get_sensor error: Invalid sensor data
ERROR:root:get_sensor error: Invalid sensor data
ERROR:root:get_sensor error: Invalid sensor data
ERROR:root:get_sensor error: Invalid sensor data
ERROR:root:get_sensor error: Invalid sensor data
ERROR:root:get_sensor error: Invalid sensor data
ERROR:root:get_sensor error: Invalid sensor data
ERROR:root:get_sensor error: Invalid sensor data
ERROR:root:get_sensor error: Invalid sensor data
ERROR:root:get_sensor error: Invalid sensor data
ERROR:root:get_sensor error: Invalid sensor data
ERROR:root:get_sensor error: Invalid sensor data
ERROR:root:get_sensor error: Invalid sensor data
ERROR:root:get_sensor error: Invalid sensor data
ERROR:root:get_sensor error: Invalid sensor data
ERROR:root:get_sensor error: Invalid sensor data
ERROR:root:get_sensor error: Invalid sensor data
ERROR:root:get_sensor error: Invalid sensor data
ERROR:root:get_sensor error: Invalid sensor data
ERROR:root:get_sensor error: Invalid sensor data
ERROR:root:get_sensor error: Invalid sensor data
ERROR:root:get_sensor error: Invalid sensor data
ERROR:root:get_sensor error: Invalid sensor data
ERROR:root:get_sensor error: Invalid sensor data
ERROR:root:get_sensor error: Invalid sensor data
ERROR:root:get_sensor error: Invalid sensor data
ERROR:root:get_sensor error: Invalid sensor data
ERROR:root:get_sensor error: Invalid sensor data
ERROR:root:get_sensor error: Invalid sensor data
ERROR:root:get_sensor error: Invalid sensor data
ERROR:root:get_sensor error: Invalid sensor data
ERROR:root:get_sensor error: Invalid sensor data
ERROR:root:get_sensor error: Invalid sensor data
ERROR:root:get_sensor error: Invalid sensor data
ERROR:root:get_sensor error: Invalid sensor data
ERROR:root:get_sensor error: Invalid sensor data
ERROR:root:get_sensor error: Invalid sensor data
ERROR:root:get_sensor error: Invalid sensor data
ERROR:root:get_sensor error: Invalid sensor data
ERROR:root:get_sensor error: Invalid sensor data
ERROR:root:get_sensor error: Invalid sensor data
ERROR:root:get_sensor error: Invalid sensor data
ERROR:root:get_sensor error: Invalid sensor data
ERROR:root:get_sensor error: Invalid sensor data
ERROR:root:get_sensor error: Invalid sensor data
ERROR:root:get_sensor error: Invalid sensor data
ERROR:root:get_sensor error: Invalid sensor data
ERROR:root:get_sensor error: Invalid sensor data
ERROR:root:get_sensor error: Invalid sensor data
ERROR:root:get_sensor error: Invalid sensor data
ERROR:root:get_sensor error: Invalid sensor data
ERROR:root:get_sensor error: Invalid sensor data
ERROR:root:get_sensor error: Invalid sensor data
ERROR:root:get_sensor error: Invalid sensor data
ERROR:root:get_sensor error: Invalid sensor data
ERROR:root:get_sensor error: Invalid sensor data
ERROR:root:get_sensor error: Invalid sensor data
ERROR:root:get_sensor error: Invalid sensor data
ERROR:root:get_sensor error: Invalid sensor data
ERROR:root:get_sensor error: Invalid sensor data
ERROR:root:get_sensor error: Invalid sensor data
ERROR:root:get_sensor error: Invalid sensor data
ERROR:root:get_sensor error: Invalid sensor data
ERROR:root:get_sensor error: Invalid sensor data
ERROR:root:get_sensor error: Invalid sensor data
ERROR:root:get_sensor error: Invalid sensor data
ERROR:root:get_sensor error: Invalid sensor data
ERROR:root:get_sensor error: Invalid sensor data
ERROR:root:get_sensor error: Invalid sensor data
ERROR:root:get_sensor error: Invalid sensor data
ERROR:root:get_sensor error: Invalid sensor data
ERROR:root:get_sensor error: Invalid sensor data
ERROR:root:get_sensor error: Invalid sensor data
ERROR:root:get_sensor error: Invalid sensor data
ERROR:root:get_sensor error: Invalid sensor data
ERROR:root:get_sensor error: Invalid sensor data
ERROR:root:get_sensor error: Invalid sensor data
ERROR:root:get_sensor error: Invalid sensor data
ERROR:root:get_sensor error: Invalid sensor data
ERROR:root:get_sensor error: Invalid sensor data
ERROR:root:get_sensor error: Invalid sensor data
ERROR:root:get_sensor error: Invalid sensor data
ERROR:root:get_sensor error: Invalid sensor data
ERROR:root:get_sensor error: Invalid sensor data
ERROR:root:get_sensor error: Invalid sensor data
ERROR:root:get_sensor error: Invalid sensor data
ERROR:root:get_sensor error: Invalid sensor data
ERROR:root:get_sensor error: Invalid sensor data
ERROR:root:get_sensor error: Invalid sensor data
ERROR:root:get_sensor error: Invalid sensor data
INFO:root:Odometry was started, PID: 9546:
INFO:root:Initial location: 0.0, 0.0, 0.0
INFO:root:The blob's size is: 53.37337112426758
INFO:root:Found the ball! Approaching...
INFO:root:The blob's size is: 54.130157470703125
INFO:root:The blob's size is: 54.088172912597656
INFO:root:The blob's size is: 53.117244720458984
INFO:root:The blob's size is: 52.65883255004883
INFO:root:The blob's size is: 52.699462890625
INFO:root:The blob's size is: 53.59141159057617
INFO:root:The blob's size is: 51.0496711730957
INFO:root:The blob's size is: 50.548797607421875
INFO:root:The blob's size is: 50.313804626464844
INFO:root:The blob's size is: 50.20235824584961
INFO:root:The blob's size is: 47.782840728759766
INFO:root:The blob's size is: 49.52408981323242
INFO:root:The blob's size is: 49.81830596923828
INFO:root:The blob's size is: 48.60274887084961
WARNING:root:Lost the ball! Searching again...
INFO:root:The blob's size is: 48.51139450073242
INFO:root:Found the ball! Approaching...
INFO:root:The blob's size is: 48.09333801269531
INFO:root:The blob's size is: 47.6591911315918
INFO:root:The blob's size is: 47.65687942504883
INFO:root:The blob's size is: 47.96843719482422
INFO:root:The blob's size is: 50.097625732421875
INFO:root:The blob's size is: 49.855255126953125
INFO:root:The blob's size is: 49.99552917480469
INFO:root:The blob's size is: 51.43457794189453
INFO:root:The blob's size is: 52.08389663696289
INFO:root:The blob's size is: 52.63349151611328
INFO:root:The blob's size is: 54.27407455444336
INFO:root:The blob's size is: 54.203468322753906
WARNING:root:Lost the ball! Searching again...
INFO:root:The blob's size is: 55.672847747802734
INFO:root:Found the ball! Approaching...
INFO:root:The blob's size is: 58.5596923828125
INFO:root:The blob's size is: 60.2532844543457
INFO:root:The blob's size is: 61.66860580444336
INFO:root:The blob's size is: 62.224239349365234
INFO:root:The blob's size is: 66.56658935546875
INFO:root:The blob's size is: 66.58651733398438
INFO:root:The blob's size is: 69.6298599243164
INFO:root:The blob's size is: 70.19979858398438
INFO:root:The blob's size is: 73.12942504882812
INFO:root:The blob's size is: 74.50560760498047
INFO:root:The blob's size is: 72.66153717041016
INFO:root:The blob's size is: 77.38278198242188
INFO:root:The blob's size is: 75.59784698486328
INFO:root:The blob's size is: 78.12919616699219
INFO:root:The blob's size is: 78.55531311035156
INFO:root:The blob's size is: 82.4206314086914
INFO:root:The blob's size is: 84.63407897949219
INFO:root:The blob's size is: 83.04170227050781
INFO:root:The blob's size is: 87.76293182373047
INFO:root:The blob's size is: 88.6288070678711
INFO:root:The blob's size is: 90.0467529296875
INFO:root:The blob's size is: 91.85833740234375
INFO:root:The blob's size is: 92.73907470703125
INFO:root:The blob's size is: 91.22216033935547
INFO:root:The blob's size is: 92.2540283203125
INFO:root:The blob's size is: 93.29249572753906
INFO:root:The blob's size is: 94.00471496582031
INFO:root:The blob's size is: 95.6035385131836
INFO:root:The blob's size is: 99.14999389648438
INFO:root:Ready to grab the ball.
INFO:root:The blob's size is: 96.68013763427734
INFO:root:The blob's size is: 100.82884216308594
INFO:root:The blob's size is: 98.40645599365234
INFO:root:The blob's size is: 96.43144989013672
INFO:root:The blob's size is: 96.6773681640625
INFO:root:Ball centered and ready to be catched!
INFO:root:The distance to be covered is: 0.28600000000000003 meters
