INFO:root:Program started
INFO:root:Setting up the robot!
INFO:root:Odometry was started, PID: 6559
INFO:root:PRIMER VALOR: 0.0
INFO:root:spin: 0.5024250000000008
INFO:root:primer cacho: -0.5023944444444443
INFO:root:empieza media vuelta: 0.5027509259259267
INFO:root:tres cuartos vuelta: -0.9973601851851849
INFO:root:final vuelta: -0.49886666666666724
INFO:root:casi acaba el ocho: 0.9984231481481488
INFO:root:yyy acabamos: 0.49999074074074124
INFO:root:Odometry was stopped
DEBUG:matplotlib.axes._base:update_title_pos
DEBUG:matplotlib.font_manager:findfont: Matching :family=sans-serif:style=normal:variant=normal:weight=normal:stretch=normal:size=10.0 to DejaVu Sans ('/home/pi/.local/lib/python3.5/site-packages/matplotlib/mpl-data/fonts/ttf/DejaVuSans.ttf') with score of 0.050000.
DEBUG:matplotlib.axes._base:update_title_pos
DEBUG:matplotlib.axes._base:update_title_pos
DEBUG:matplotlib.axes._base:update_title_pos
DEBUG:matplotlib.axes._base:update_title_pos
DEBUG:matplotlib.axes._base:update_title_pos
DEBUG:matplotlib.axes._base:update_title_pos
DEBUG:matplotlib.axes._base:update_title_pos
DEBUG:matplotlib.axes._base:update_title_pos
WARNING:root:A keyboard interruption was detected!
WARNING:root:Abruptly stopped the robot!
INFO:root:Odometry was stopped
DEBUG:matplotlib.axes._base:update_title_pos
