INFO:root:Program started
INFO:root:Robot set up!
INFO:root:Odometry was started, PID: 9338:
INFO:root:Initial location: 0.0, 0.0, 0.0
INFO:root:Found the ball! Approaching...
WARNING:root:Lost the ball! Searching again...
INFO:root:Found the ball! Approaching...
WARNING:root:Lost the ball! Searching again...
INFO:root:Found the ball! Approaching...
WARNING:root:Lost the ball! Searching again...
INFO:root:Found the ball! Approaching...
WARNING:root:Lost the ball! Searching again...
INFO:root:Found the ball! Approaching...
WARNING:root:Lost the ball! Searching again...
INFO:root:Found the ball! Approaching...
INFO:root:Close enough to the ball, size is: 70.65397644042969
INFO:root:Centering the ball...
INFO:root:The ball's x position is: 158.3030242919922
INFO:root:Ball centered and ready to be catched!
INFO:root:The distance to be covered is: 0.07 meters
INFO:root:Odometry was stopped
