INFO:root:Program started
INFO:root:Robot set up!
INFO:root:Odometry was started, PID: 1954:
INFO:root:Initial location: 0.0, 0.0, 0.0
INFO:root:Found the ball! Approaching...
WARNING:root:Lost the ball! Searching again...
INFO:root:Found the ball! Approaching...
INFO:root:Close enough to the ball, size is: 108.61127471923828
INFO:root:Centering the ball...
INFO:root:The ball's x position is: 98.29305267333984
INFO:root:The ball's x position is: 133.52537536621094
INFO:root:The ball's x position is: 173.96669006347656
INFO:root:The ball's x position is: 210.765869140625
INFO:root:The ball's x position is: 259.9899597167969
INFO:root:The ball's x position is: 272.8399353027344
INFO:root:The ball's x position is: 269.2751159667969
INFO:root:The ball's x position is: 270.9454345703125
INFO:root:The ball's x position is: 277.7083740234375
INFO:root:The ball's x position is: 282.1201477050781
INFO:root:The ball's x position is: 286.7674560546875
INFO:root:The ball's x position is: 294.2936706542969
INFO:root:The ball's x position is: 298.5054931640625
INFO:root:The ball's x position is: 308.1057434082031
INFO:root:The ball's x position is: 312.9948425292969
INFO:root:The ball's x position is: 318.13116455078125
INFO:root:Ball centered and ready to be catched!
INFO:root:The distance to be covered is: 0.26 meters
INFO:root:Odometry was stopped
