INFO:root:Program started
INFO:root:Robot set up!
INFO:root:Odometry was started, PID: 2583:
INFO:root:Initial location: 0.0, 0.0, 0.0
INFO:root:Found the ball! Approaching...
WARNING:root:Lost the ball! Searching again...
INFO:root:Found the ball! Approaching...
WARNING:root:Lost the ball! Searching again...
INFO:root:Found the ball! Approaching...
WARNING:root:Lost the ball! Searching again...
INFO:root:Found the ball! Approaching...
WARNING:root:Lost the ball! Searching again...
INFO:root:Found the ball! Approaching...
WARNING:root:Lost the ball! Searching again...
INFO:root:Found the ball! Approaching...
WARNING:root:Lost the ball! Searching again...
INFO:root:Found the ball! Approaching...
WARNING:root:Lost the ball! Searching again...
INFO:root:Found the ball! Approaching...
WARNING:root:Lost the ball! Searching again...
INFO:root:Found the ball! Approaching...
WARNING:root:Lost the ball! Searching again...
INFO:root:Found the ball! Approaching...
WARNING:root:Lost the ball! Searching again...
INFO:root:Found the ball! Approaching...
WARNING:root:Lost the ball! Searching again...
INFO:root:Found the ball! Approaching...
WARNING:root:Lost the ball! Searching again...
INFO:root:Found the ball! Approaching...
WARNING:root:Lost the ball! Searching again...
INFO:root:Found the ball! Approaching...
WARNING:root:Lost the ball! Searching again...
INFO:root:Found the ball! Approaching...
WARNING:root:Lost the ball! Searching again...
INFO:root:Found the ball! Approaching...
WARNING:root:Lost the ball! Searching again...
INFO:root:Found the ball! Approaching...
INFO:root:Close enough to the ball, size is: 76.3208236694336
INFO:root:Centering the ball...
INFO:root:Found the ball! Approaching...
INFO:root:Close enough to the ball, size is: 70.24231719970703
INFO:root:Centering the ball...
INFO:root:The ball's x position is: 207.21310424804688
INFO:root:The ball's x position is: 244.49757385253906
INFO:root:The ball's x position is: 285.0328369140625
INFO:root:Found the ball! Approaching...
WARNING:root:Lost the ball! Searching again...
INFO:root:Found the ball! Approaching...
WARNING:root:Lost the ball! Searching again...
INFO:root:Found the ball! Approaching...
WARNING:root:Lost the ball! Searching again...
INFO:root:Found the ball! Approaching...
INFO:root:Close enough to the ball, size is: 71.37291717529297
INFO:root:Centering the ball...
INFO:root:The ball's x position is: 111.22994995117188
INFO:root:The ball's x position is: 37.28450012207031
INFO:root:The ball's x position is: 131.53216552734375
INFO:root:The ball's x position is: 135.7374725341797
INFO:root:The ball's x position is: 130.97901916503906
INFO:root:The ball's x position is: 129.5526885986328
INFO:root:The ball's x position is: 132.68380737304688
INFO:root:The ball's x position is: 138.7183074951172
INFO:root:The ball's x position is: 143.05105590820312
INFO:root:The ball's x position is: 146.28768920898438
INFO:root:The ball's x position is: 148.79592895507812
INFO:root:The ball's x position is: 150.81427001953125
INFO:root:The ball's x position is: 152.971435546875
INFO:root:The ball's x position is: 152.57725524902344
INFO:root:The ball's x position is: 152.21630859375
INFO:root:The ball's x position is: 151.1193389892578
INFO:root:The ball's x position is: 149.9755401611328
INFO:root:The ball's x position is: 148.33938598632812
INFO:root:The ball's x position is: 144.59588623046875
INFO:root:The ball's x position is: 142.69439697265625
INFO:root:The ball's x position is: 140.9787139892578
INFO:root:The ball's x position is: 137.89906311035156
INFO:root:The ball's x position is: 136.62844848632812
INFO:root:The ball's x position is: 136.11141967773438
INFO:root:The ball's x position is: 134.3720703125
INFO:root:The ball's x position is: 134.4779815673828
INFO:root:The ball's x position is: 133.28173828125
INFO:root:The ball's x position is: 131.99996948242188
INFO:root:The ball's x position is: 131.5660400390625
INFO:root:The ball's x position is: 131.408935546875
INFO:root:The ball's x position is: 130.58316040039062
INFO:root:The ball's x position is: 129.97357177734375
INFO:root:The ball's x position is: 130.04443359375
INFO:root:The ball's x position is: 131.48391723632812
INFO:root:The ball's x position is: 129.89390563964844
INFO:root:The ball's x position is: 129.1568603515625
INFO:root:The ball's x position is: 129.91490173339844
INFO:root:The ball's x position is: 132.2220916748047
INFO:root:The ball's x position is: 133.24073791503906
INFO:root:The ball's x position is: 124.60665893554688
INFO:root:The ball's x position is: 121.71166229248047
INFO:root:The ball's x position is: 130.75172424316406
INFO:root:The ball's x position is: 133.74493408203125
INFO:root:The ball's x position is: 134.53016662597656
INFO:root:The ball's x position is: 135.849609375
INFO:root:The ball's x position is: 140.13246154785156
INFO:root:The ball's x position is: 143.0643310546875
INFO:root:The ball's x position is: 147.20726013183594
INFO:root:The ball's x position is: 151.99053955078125
INFO:root:The ball's x position is: 153.39210510253906
INFO:root:The ball's x position is: 155.667724609375
INFO:root:The ball's x position is: 141.1792449951172
INFO:root:The ball's x position is: 161.38259887695312
INFO:root:Ball centered and ready to be catched!
INFO:root:The distance to be covered is: 0.15 meters
INFO:root:Odometry was stopped
