INFO:root:Program started
INFO:root:Robot set up!
ERROR:root:get_sensor error: Invalid sensor data
ERROR:root:get_sensor error: Invalid sensor data
ERROR:root:get_sensor error: Invalid sensor data
ERROR:root:get_sensor error: Invalid sensor data
ERROR:root:get_sensor error: Invalid sensor data
ERROR:root:get_sensor error: Invalid sensor data
ERROR:root:get_sensor error: Invalid sensor data
ERROR:root:get_sensor error: Invalid sensor data
ERROR:root:get_sensor error: Invalid sensor data
ERROR:root:get_sensor error: Invalid sensor data
ERROR:root:get_sensor error: Invalid sensor data
ERROR:root:get_sensor error: Invalid sensor data
ERROR:root:get_sensor error: Invalid sensor data
ERROR:root:get_sensor error: Invalid sensor data
ERROR:root:get_sensor error: Invalid sensor data
ERROR:root:get_sensor error: Invalid sensor data
ERROR:root:get_sensor error: Invalid sensor data
ERROR:root:get_sensor error: Invalid sensor data
ERROR:root:get_sensor error: Invalid sensor data
ERROR:root:get_sensor error: Invalid sensor data
ERROR:root:get_sensor error: Invalid sensor data
ERROR:root:get_sensor error: Invalid sensor data
ERROR:root:get_sensor error: Invalid sensor data
ERROR:root:get_sensor error: Invalid sensor data
ERROR:root:get_sensor error: Invalid sensor data
ERROR:root:get_sensor error: Invalid sensor data
ERROR:root:get_sensor error: Invalid sensor data
ERROR:root:get_sensor error: Invalid sensor data
ERROR:root:get_sensor error: Invalid sensor data
INFO:root:Odometry was started, PID: 2076:
INFO:root:Initial location: 0.0, 0.0, 0.0
INFO:root:The blob's size is: 17.97266387939453
INFO:root:The blob's size is: 21.05768394470215
INFO:root:The blob's size is: 19.761537551879883
INFO:root:The blob's size is: 20.13442039489746
INFO:root:The blob's size is: 15.231664657592773
INFO:root:The blob's size is: 25.750152587890625
INFO:root:The blob's size is: 29.732254028320312
INFO:root:The blob's size is: 28.40946388244629
INFO:root:The blob's size is: 18.101848602294922
INFO:root:The blob's size is: 23.37887954711914
INFO:root:The blob's size is: 35.344905853271484
INFO:root:The blob's size is: 29.733638763427734
INFO:root:The blob's size is: 28.4224796295166
INFO:root:The blob's size is: 18.98553466796875
INFO:root:The blob's size is: 20.39430809020996
INFO:root:The blob's size is: 38.110347747802734
INFO:root:The blob's size is: 44.376800537109375
INFO:root:The blob's size is: 37.343223571777344
INFO:root:The blob's size is: 99.2747802734375
INFO:root:The blob's size is: 88.56916046142578
INFO:root:The blob's size is: 17.09748077392578
INFO:root:The blob's size is: 34.51408386230469
INFO:root:The blob's size is: 22.953536987304688
INFO:root:The blob's size is: 28.602502822875977
INFO:root:The blob's size is: 27.139789581298828
INFO:root:The blob's size is: 30.237302780151367
INFO:root:The blob's size is: 30.728683471679688
INFO:root:The blob's size is: 29.176868438720703
INFO:root:The blob's size is: 27.16370964050293
INFO:root:The blob's size is: 36.87843322753906
INFO:root:The blob's size is: 32.6435546875
INFO:root:The blob's size is: 44.0775146484375
INFO:root:The blob's size is: 46.909603118896484
INFO:root:The blob's size is: 60.0394287109375
INFO:root:The blob's size is: 69.03083801269531
INFO:root:The blob's size is: 56.23698806762695
WARNING:root:A keyboard interruption was detected!
WARNING:root:Abruptly stopped the robot!
INFO:root:Odometry was stopped
