INFO:root:Program started
INFO:root:Robot set up!
INFO:root:Odometry was started, PID: 6752:
INFO:root:Initial location: 0.0, 0.0, 0.0
INFO:root:Found the ball! Approaching...
INFO:root:Close enough to the ball, size is: 73.97828674316406
INFO:root:Centering the ball...
INFO:root:The ball's x position is: 164.19598388671875
INFO:root:The ball's x position is: 163.6675567626953
INFO:root:The ball's x position is: 163.76226806640625
INFO:root:The ball's x position is: 164.0097198486328
INFO:root:The ball's x position is: 163.0628204345703
INFO:root:The ball's x position is: 163.0136260986328
INFO:root:The ball's x position is: 163.7219696044922
INFO:root:The ball's x position is: 163.06773376464844
INFO:root:The ball's x position is: 163.2425537109375
INFO:root:The ball's x position is: 161.529541015625
INFO:root:Ball centered and ready to be catched!
INFO:root:The distance to be covered is: 0.11 meters
INFO:root:Odometry was stopped
