INFO:root:Program started
INFO:root:Robot set up!
INFO:root:Odometry was started, PID: 1425:
INFO:root:Initial location: 0.0, 0.0, 0.0
INFO:root:Found the ball! Approaching...
INFO:root:Close enough to the ball, size is: 70.53260040283203
INFO:root:Centering the ball...
INFO:root:The ball's x position is: 152.6394500732422
INFO:root:The ball's x position is: 152.8695068359375
INFO:root:The ball's x position is: 154.04405212402344
INFO:root:The ball's x position is: 154.34130859375
INFO:root:The ball's x position is: 154.44256591796875
INFO:root:The ball's x position is: 154.21995544433594
INFO:root:The ball's x position is: 154.00888061523438
INFO:root:The ball's x position is: 154.21189880371094
INFO:root:The ball's x position is: 154.45103454589844
INFO:root:The ball's x position is: 154.4524688720703
INFO:root:The ball's x position is: 155.51278686523438
INFO:root:The ball's x position is: 156.5772247314453
INFO:root:The ball's x position is: 156.97515869140625
INFO:root:The ball's x position is: 157.55274963378906
INFO:root:The ball's x position is: 159.3803253173828
INFO:root:Ball centered and ready to be catched!
INFO:root:The distance to be covered is: 0.01999999999999999 meters
INFO:root:Odometry was stopped
