INFO:root:Program started
INFO:root:Robot set up!
ERROR:root:get_sensor error: Invalid sensor data
ERROR:root:get_sensor error: Invalid sensor data
ERROR:root:get_sensor error: Invalid sensor data
ERROR:root:get_sensor error: Invalid sensor data
ERROR:root:get_sensor error: Invalid sensor data
ERROR:root:get_sensor error: Invalid sensor data
ERROR:root:get_sensor error: Invalid sensor data
ERROR:root:get_sensor error: Invalid sensor data
ERROR:root:get_sensor error: Invalid sensor data
ERROR:root:get_sensor error: Invalid sensor data
ERROR:root:get_sensor error: Invalid sensor data
ERROR:root:get_sensor error: Invalid sensor data
ERROR:root:get_sensor error: Invalid sensor data
ERROR:root:get_sensor error: Invalid sensor data
ERROR:root:get_sensor error: Invalid sensor data
ERROR:root:get_sensor error: Invalid sensor data
ERROR:root:get_sensor error: Invalid sensor data
ERROR:root:get_sensor error: Invalid sensor data
ERROR:root:get_sensor error: Invalid sensor data
ERROR:root:get_sensor error: Invalid sensor data
ERROR:root:get_sensor error: Invalid sensor data
ERROR:root:get_sensor error: Invalid sensor data
ERROR:root:get_sensor error: Invalid sensor data
ERROR:root:get_sensor error: Invalid sensor data
ERROR:root:get_sensor error: Invalid sensor data
ERROR:root:get_sensor error: Invalid sensor data
ERROR:root:get_sensor error: Invalid sensor data
ERROR:root:get_sensor error: Invalid sensor data
ERROR:root:get_sensor error: Invalid sensor data
ERROR:root:get_sensor error: Invalid sensor data
INFO:root:Odometry was started, PID: 17208:
INFO:root:Initial location: 0.0, 0.0, 0.0
INFO:root:Found the ball! Approaching...
INFO:root:Ready to grab the ball.
INFO:root:Ball centered and ready to be catched!
INFO:root:The distance to be covered is: 0.17 meters
INFO:root:[12.71608409 23.35298905]
INFO:root:[12.71608409 23.35298905]
INFO:root:[12.71608409 23.35298905]
INFO:root:[12.71608409 23.35298905]
INFO:root:[12.71608409 23.35298905]
INFO:root:[12.71608409 23.35298905]
INFO:root:[12.71608409 23.35298905]
INFO:root:[12.71608409 23.35298905]
INFO:root:[12.71608409 23.35298905]
INFO:root:[12.71608409 23.35298905]
INFO:root:[12.71608409 23.35298905]
INFO:root:[12.71608409 23.35298905]
INFO:root:[12.71608409 23.35298905]
INFO:root:[12.71608409 23.35298905]
INFO:root:[12.71608409 23.35298905]
INFO:root:[12.71608409 23.35298905]
INFO:root:[12.71608409 23.35298905]
INFO:root:[12.71608409 23.35298905]
INFO:root:[12.71608409 23.35298905]
INFO:root:[12.71608409 23.35298905]
INFO:root:[12.71608409 23.35298905]
INFO:root:[12.71608409 23.35298905]
INFO:root:[12.71608409 23.35298905]
INFO:root:[12.71608409 23.35298905]
INFO:root:[12.71608409 23.35298905]
INFO:root:[12.71608409 23.35298905]
INFO:root:[12.71608409 23.35298905]
INFO:root:[12.71608409 23.35298905]
INFO:root:[12.71608409 23.35298905]
INFO:root:[12.71608409 23.35298905]
INFO:root:[12.71608409 23.35298905]
INFO:root:[12.71608409 23.35298905]
INFO:root:[12.71608409 23.35298905]
INFO:root:[12.71608409 23.35298905]
INFO:root:[12.71608409 23.35298905]
INFO:root:[12.71608409 23.35298905]
INFO:root:[12.71608409 23.35298905]
INFO:root:[12.71608409 23.35298905]
INFO:root:[12.71608409 23.35298905]
INFO:root:[12.71608409 23.35298905]
INFO:root:[12.71608409 23.35298905]
INFO:root:[12.71608409 23.35298905]
INFO:root:[12.71608409 23.35298905]
INFO:root:[12.71608409 23.35298905]
INFO:root:[12.71608409 23.35298905]
INFO:root:[12.71608409 23.35298905]
INFO:root:[12.71608409 23.35298905]
INFO:root:[12.71608409 23.35298905]
INFO:root:[12.71608409 23.35298905]
INFO:root:[12.71608409 23.35298905]
INFO:root:[12.71608409 23.35298905]
INFO:root:[12.71608409 23.35298905]
INFO:root:[12.71608409 23.35298905]
INFO:root:[12.71608409 23.35298905]
INFO:root:[12.71608409 23.35298905]
INFO:root:[12.71608409 23.35298905]
INFO:root:[12.71608409 23.35298905]
INFO:root:[12.71608409 23.35298905]
INFO:root:[12.71608409 23.35298905]
INFO:root:[12.71608409 23.35298905]
INFO:root:[12.71608409 23.35298905]
INFO:root:[12.71608409 23.35298905]
INFO:root:[12.71608409 23.35298905]
INFO:root:[12.71608409 23.35298905]
INFO:root:[12.71608409 23.35298905]
INFO:root:[12.71608409 23.35298905]
INFO:root:[12.71608409 23.35298905]
INFO:root:[12.71608409 23.35298905]
INFO:root:[12.71608409 23.35298905]
INFO:root:[12.71608409 23.35298905]
INFO:root:[12.71608409 23.35298905]
INFO:root:[12.71608409 23.35298905]
INFO:root:[12.71608409 23.35298905]
INFO:root:[12.71608409 23.35298905]
INFO:root:[12.71608409 23.35298905]
INFO:root:[12.71608409 23.35298905]
INFO:root:[12.71608409 23.35298905]
INFO:root:[12.71608409 23.35298905]
INFO:root:[12.71608409 23.35298905]
INFO:root:[12.71608409 23.35298905]
INFO:root:[12.71608409 23.35298905]
INFO:root:[12.71608409 23.35298905]
INFO:root:[12.71608409 23.35298905]
INFO:root:[12.71608409 23.35298905]
INFO:root:[12.71608409 23.35298905]
INFO:root:[12.71608409 23.35298905]
INFO:root:[12.71608409 23.35298905]
INFO:root:[12.71608409 23.35298905]
INFO:root:[12.71608409 23.35298905]
INFO:root:[12.71608409 23.35298905]
INFO:root:[12.71608409 23.35298905]
INFO:root:[12.71608409 23.35298905]
INFO:root:[12.71608409 23.35298905]
INFO:root:[12.71608409 23.35298905]
INFO:root:[12.71608409 23.35298905]
INFO:root:[12.71608409 23.35298905]
INFO:root:[12.71608409 23.35298905]
INFO:root:[12.71608409 23.35298905]
INFO:root:[12.71608409 23.35298905]
INFO:root:[12.71608409 23.35298905]
INFO:root:[12.71608409 23.35298905]
INFO:root:[12.71608409 23.35298905]
INFO:root:[12.71608409 23.35298905]
INFO:root:[12.71608409 23.35298905]
INFO:root:[12.71608409 23.35298905]
INFO:root:[12.71608409 23.35298905]
INFO:root:[12.71608409 23.35298905]
INFO:root:[12.71608409 23.35298905]
INFO:root:[12.71608409 23.35298905]
INFO:root:[12.71608409 23.35298905]
INFO:root:[12.71608409 23.35298905]
INFO:root:[12.71608409 23.35298905]
INFO:root:[12.71608409 23.35298905]
INFO:root:[12.71608409 23.35298905]
INFO:root:[12.71608409 23.35298905]
INFO:root:[12.71608409 23.35298905]
INFO:root:[12.71608409 23.35298905]
INFO:root:[12.71608409 23.35298905]
INFO:root:[12.71608409 23.35298905]
INFO:root:[12.71608409 23.35298905]
INFO:root:[12.71608409 23.35298905]
INFO:root:[12.71608409 23.35298905]
INFO:root:[12.71608409 23.35298905]
INFO:root:[12.71608409 23.35298905]
INFO:root:[12.71608409 23.35298905]
INFO:root:[12.71608409 23.35298905]
INFO:root:[12.71608409 23.35298905]
INFO:root:[12.71608409 23.35298905]
INFO:root:[12.71608409 23.35298905]
INFO:root:[12.71608409 23.35298905]
INFO:root:[12.71608409 23.35298905]
INFO:root:[12.71608409 23.35298905]
INFO:root:[12.71608409 23.35298905]
INFO:root:[12.71608409 23.35298905]
INFO:root:[12.71608409 23.35298905]
INFO:root:[12.71608409 23.35298905]
INFO:root:[12.71608409 23.35298905]
INFO:root:[12.71608409 23.35298905]
INFO:root:[12.71608409 23.35298905]
INFO:root:[12.71608409 23.35298905]
INFO:root:[12.71608409 23.35298905]
INFO:root:[12.71608409 23.35298905]
INFO:root:[12.71608409 23.35298905]
INFO:root:[12.71608409 23.35298905]
INFO:root:[12.71608409 23.35298905]
INFO:root:[12.71608409 23.35298905]
INFO:root:[12.71608409 23.35298905]
INFO:root:[12.71608409 23.35298905]
INFO:root:[12.71608409 23.35298905]
INFO:root:[12.71608409 23.35298905]
INFO:root:[12.71608409 23.35298905]
INFO:root:[12.71608409 23.35298905]
INFO:root:[12.71608409 23.35298905]
INFO:root:[12.71608409 23.35298905]
INFO:root:[12.71608409 23.35298905]
INFO:root:[12.71608409 23.35298905]
INFO:root:[12.71608409 23.35298905]
INFO:root:[12.71608409 23.35298905]
INFO:root:[12.71608409 23.35298905]
INFO:root:[12.71608409 23.35298905]
INFO:root:[12.71608409 23.35298905]
INFO:root:[12.71608409 23.35298905]
INFO:root:[12.71608409 23.35298905]
INFO:root:[12.71608409 23.35298905]
INFO:root:[12.71608409 23.35298905]
INFO:root:[12.71608409 23.35298905]
INFO:root:[12.71608409 23.35298905]
INFO:root:[12.71608409 23.35298905]
INFO:root:[12.71608409 23.35298905]
INFO:root:[12.71608409 23.35298905]
INFO:root:[12.71608409 23.35298905]
INFO:root:[12.71608409 23.35298905]
INFO:root:[12.71608409 23.35298905]
INFO:root:[12.71608409 23.35298905]
INFO:root:[12.71608409 23.35298905]
INFO:root:[12.71608409 23.35298905]
INFO:root:[12.71608409 23.35298905]
INFO:root:[12.71608409 23.35298905]
INFO:root:[12.71608409 23.35298905]
INFO:root:[12.71608409 23.35298905]
INFO:root:Odometry was stopped
