INFO:root:Program started
INFO:root:Robot set up!
ERROR:root:get_sensor error: Invalid sensor data
ERROR:root:get_sensor error: Invalid sensor data
ERROR:root:get_sensor error: Invalid sensor data
ERROR:root:get_sensor error: Invalid sensor data
ERROR:root:get_sensor error: Invalid sensor data
ERROR:root:get_sensor error: Invalid sensor data
ERROR:root:get_sensor error: Invalid sensor data
ERROR:root:get_sensor error: Invalid sensor data
ERROR:root:get_sensor error: Invalid sensor data
ERROR:root:get_sensor error: Invalid sensor data
ERROR:root:get_sensor error: Invalid sensor data
ERROR:root:get_sensor error: Invalid sensor data
ERROR:root:get_sensor error: Invalid sensor data
ERROR:root:get_sensor error: Invalid sensor data
ERROR:root:get_sensor error: Invalid sensor data
ERROR:root:get_sensor error: Invalid sensor data
ERROR:root:get_sensor error: Invalid sensor data
ERROR:root:get_sensor error: Invalid sensor data
ERROR:root:get_sensor error: Invalid sensor data
ERROR:root:get_sensor error: Invalid sensor data
ERROR:root:get_sensor error: Invalid sensor data
ERROR:root:get_sensor error: Invalid sensor data
ERROR:root:get_sensor error: Invalid sensor data
ERROR:root:get_sensor error: Invalid sensor data
ERROR:root:get_sensor error: Invalid sensor data
ERROR:root:get_sensor error: Invalid sensor data
ERROR:root:get_sensor error: Invalid sensor data
ERROR:root:get_sensor error: Invalid sensor data
ERROR:root:get_sensor error: Invalid sensor data
ERROR:root:get_sensor error: Invalid sensor data
INFO:root:Odometry was started, PID: 17324:
INFO:root:Initial location: 0.0, 0.0, 0.0
INFO:root:Found the ball! Approaching...
INFO:root:Ready to grab the ball.
INFO:root:Ball centered and ready to be catched!
INFO:root:The distance to be covered is: 0.18999999999999997 meters
INFO:root:[14.14700819 22.91846621]
INFO:root:[14.14700819 22.91846621]
INFO:root:[14.14700819 22.91846621]
INFO:root:[14.14700819 22.91846621]
INFO:root:[14.14700819 22.91846621]
INFO:root:[14.14700819 22.91846621]
INFO:root:[14.14700819 22.91846621]
INFO:root:[14.14700819 22.91846621]
INFO:root:[14.14700819 22.91846621]
INFO:root:[14.14700819 22.91846621]
INFO:root:[14.14700819 22.91846621]
INFO:root:[14.14700819 22.91846621]
INFO:root:[14.14700819 22.91846621]
INFO:root:[14.14700819 22.91846621]
INFO:root:[14.14700819 22.91846621]
INFO:root:[14.14700819 22.91846621]
INFO:root:[14.14700819 22.91846621]
INFO:root:[14.14700819 22.91846621]
INFO:root:[14.14700819 22.91846621]
INFO:root:[14.14700819 22.91846621]
INFO:root:[14.14700819 22.91846621]
INFO:root:[14.14700819 22.91846621]
INFO:root:[14.14700819 22.91846621]
INFO:root:[14.14700819 22.91846621]
INFO:root:[14.14700819 22.91846621]
INFO:root:[14.14700819 22.91846621]
INFO:root:[14.14700819 22.91846621]
INFO:root:[14.14700819 22.91846621]
INFO:root:[14.14700819 22.91846621]
INFO:root:[14.14700819 22.91846621]
INFO:root:[14.14700819 22.91846621]
INFO:root:[14.14700819 22.91846621]
INFO:root:[14.14700819 22.91846621]
INFO:root:[14.14700819 22.91846621]
INFO:root:[14.14700819 22.91846621]
INFO:root:[14.14700819 22.91846621]
INFO:root:[14.14700819 22.91846621]
INFO:root:[14.14700819 22.91846621]
INFO:root:[14.14700819 22.91846621]
INFO:root:[14.14700819 22.91846621]
INFO:root:[14.14700819 22.91846621]
INFO:root:[14.14700819 22.91846621]
INFO:root:[14.14700819 22.91846621]
INFO:root:[14.14700819 22.91846621]
INFO:root:[14.14700819 22.91846621]
INFO:root:[14.14700819 22.91846621]
INFO:root:[14.14700819 22.91846621]
INFO:root:[14.14700819 22.91846621]
INFO:root:[14.14700819 22.91846621]
INFO:root:[14.14700819 22.91846621]
INFO:root:[14.14700819 22.91846621]
INFO:root:[14.14700819 22.91846621]
INFO:root:[14.14700819 22.91846621]
INFO:root:[14.14700819 22.91846621]
INFO:root:[14.14700819 22.91846621]
INFO:root:[14.14700819 22.91846621]
INFO:root:[14.14700819 22.91846621]
INFO:root:[14.14700819 22.91846621]
INFO:root:[14.14700819 22.91846621]
INFO:root:[14.14700819 22.91846621]
INFO:root:[14.14700819 22.91846621]
INFO:root:[14.14700819 22.91846621]
INFO:root:[14.14700819 22.91846621]
INFO:root:[14.14700819 22.91846621]
INFO:root:[14.14700819 22.91846621]
INFO:root:[14.14700819 22.91846621]
INFO:root:[14.14700819 22.91846621]
INFO:root:[14.14700819 22.91846621]
INFO:root:[14.14700819 22.91846621]
INFO:root:[14.14700819 22.91846621]
INFO:root:[14.14700819 22.91846621]
INFO:root:[14.14700819 22.91846621]
INFO:root:[14.14700819 22.91846621]
INFO:root:[14.14700819 22.91846621]
INFO:root:[14.14700819 22.91846621]
INFO:root:[14.14700819 22.91846621]
INFO:root:[14.14700819 22.91846621]
INFO:root:[14.14700819 22.91846621]
INFO:root:[14.14700819 22.91846621]
INFO:root:[14.14700819 22.91846621]
INFO:root:[14.14700819 22.91846621]
INFO:root:[14.14700819 22.91846621]
INFO:root:[14.14700819 22.91846621]
INFO:root:[14.14700819 22.91846621]
INFO:root:[14.14700819 22.91846621]
INFO:root:[14.14700819 22.91846621]
INFO:root:[14.14700819 22.91846621]
INFO:root:[14.14700819 22.91846621]
INFO:root:[14.14700819 22.91846621]
INFO:root:[14.14700819 22.91846621]
INFO:root:[14.14700819 22.91846621]
INFO:root:[14.14700819 22.91846621]
INFO:root:[14.14700819 22.91846621]
INFO:root:[14.14700819 22.91846621]
INFO:root:[14.14700819 22.91846621]
INFO:root:[14.14700819 22.91846621]
INFO:root:[14.14700819 22.91846621]
INFO:root:[14.14700819 22.91846621]
INFO:root:[14.14700819 22.91846621]
INFO:root:[14.14700819 22.91846621]
INFO:root:[14.14700819 22.91846621]
INFO:root:[14.14700819 22.91846621]
INFO:root:[14.14700819 22.91846621]
INFO:root:[14.14700819 22.91846621]
INFO:root:[14.14700819 22.91846621]
INFO:root:[14.14700819 22.91846621]
INFO:root:[14.14700819 22.91846621]
INFO:root:[14.14700819 22.91846621]
INFO:root:[14.14700819 22.91846621]
INFO:root:[14.14700819 22.91846621]
INFO:root:[14.14700819 22.91846621]
INFO:root:[14.14700819 22.91846621]
INFO:root:[14.14700819 22.91846621]
INFO:root:[14.14700819 22.91846621]
INFO:root:[14.14700819 22.91846621]
INFO:root:[14.14700819 22.91846621]
INFO:root:[14.14700819 22.91846621]
INFO:root:[14.14700819 22.91846621]
INFO:root:[14.14700819 22.91846621]
INFO:root:[14.14700819 22.91846621]
INFO:root:[14.14700819 22.91846621]
INFO:root:[14.14700819 22.91846621]
INFO:root:[14.14700819 22.91846621]
INFO:root:[14.14700819 22.91846621]
INFO:root:[14.14700819 22.91846621]
INFO:root:[14.14700819 22.91846621]
INFO:root:[14.14700819 22.91846621]
INFO:root:[14.14700819 22.91846621]
INFO:root:[14.14700819 22.91846621]
INFO:root:[14.14700819 22.91846621]
INFO:root:[14.14700819 22.91846621]
INFO:root:[14.14700819 22.91846621]
INFO:root:[14.14700819 22.91846621]
INFO:root:[14.14700819 22.91846621]
INFO:root:[14.14700819 22.91846621]
INFO:root:[14.14700819 22.91846621]
INFO:root:[14.14700819 22.91846621]
INFO:root:[14.14700819 22.91846621]
INFO:root:[14.14700819 22.91846621]
INFO:root:[14.14700819 22.91846621]
INFO:root:[14.14700819 22.91846621]
INFO:root:[14.14700819 22.91846621]
INFO:root:[14.14700819 22.91846621]
INFO:root:[14.14700819 22.91846621]
INFO:root:[14.14700819 22.91846621]
INFO:root:[14.14700819 22.91846621]
INFO:root:[14.14700819 22.91846621]
INFO:root:[14.14700819 22.91846621]
INFO:root:[14.14700819 22.91846621]
INFO:root:[14.14700819 22.91846621]
INFO:root:[14.14700819 22.91846621]
INFO:root:[14.14700819 22.91846621]
INFO:root:[14.14700819 22.91846621]
INFO:root:[14.14700819 22.91846621]
INFO:root:[14.14700819 22.91846621]
INFO:root:[14.14700819 22.91846621]
INFO:root:[14.14700819 22.91846621]
INFO:root:[14.14700819 22.91846621]
INFO:root:[14.14700819 22.91846621]
INFO:root:[14.14700819 22.91846621]
INFO:root:[14.14700819 22.91846621]
INFO:root:[14.14700819 22.91846621]
INFO:root:[14.14700819 22.91846621]
INFO:root:[14.14700819 22.91846621]
INFO:root:[14.14700819 22.91846621]
INFO:root:[14.14700819 22.91846621]
INFO:root:[14.14700819 22.91846621]
INFO:root:[14.14700819 22.91846621]
INFO:root:[14.14700819 22.91846621]
INFO:root:[14.14700819 22.91846621]
INFO:root:[14.14700819 22.91846621]
INFO:root:[14.14700819 22.91846621]
INFO:root:[14.14700819 22.91846621]
INFO:root:[14.14700819 22.91846621]
INFO:root:[14.14700819 22.91846621]
INFO:root:[14.14700819 22.91846621]
INFO:root:[14.14700819 22.91846621]
INFO:root:[14.14700819 22.91846621]
INFO:root:[14.14700819 22.91846621]
INFO:root:[14.14700819 22.91846621]
INFO:root:[14.14700819 22.91846621]
INFO:root:[14.14700819 22.91846621]
INFO:root:[14.14700819 22.91846621]
INFO:root:[14.14700819 22.91846621]
INFO:root:[14.14700819 22.91846621]
INFO:root:[14.14700819 22.91846621]
INFO:root:[14.14700819 22.91846621]
INFO:root:[14.14700819 22.91846621]
INFO:root:[14.14700819 22.91846621]
INFO:root:[14.14700819 22.91846621]
INFO:root:[14.14700819 22.91846621]
INFO:root:[14.14700819 22.91846621]
INFO:root:[14.14700819 22.91846621]
INFO:root:[14.14700819 22.91846621]
INFO:root:[14.14700819 22.91846621]
INFO:root:[14.14700819 22.91846621]
INFO:root:[14.14700819 22.91846621]
INFO:root:Odometry was stopped
