INFO:root:Program started
INFO:root:Robot set up!
INFO:root:Odometry was started, PID: 13490:
INFO:root:Initial location: 0.0, 0.0, 0.0
INFO:root:Found the ball! Approaching...
INFO:root:Close enough to the ball, size is: 70.74943542480469
INFO:root:Centering the ball...
INFO:root:The ball's x position is: 163.32643127441406
INFO:root:The ball's x position is: 163.7942352294922
INFO:root:The ball's x position is: 164.44320678710938
INFO:root:The ball's x position is: 163.2860870361328
INFO:root:The ball's x position is: 164.29246520996094
INFO:root:The ball's x position is: 164.0939483642578
INFO:root:The ball's x position is: 164.16151428222656
INFO:root:The ball's x position is: 163.34400939941406
INFO:root:The ball's x position is: 163.19308471679688
INFO:root:The ball's x position is: 162.83644104003906
INFO:root:The ball's x position is: 162.77899169921875
INFO:root:The ball's x position is: 161.52699279785156
INFO:root:Ball centered and ready to be catched!
INFO:root:The distance to be covered is: 0.13 meters
INFO:root:Odometry was stopped
