INFO:root:Program started
INFO:root:Robot set up!
ERROR:root:get_sensor error: Invalid sensor data
ERROR:root:get_sensor error: Invalid sensor data
ERROR:root:get_sensor error: Invalid sensor data
ERROR:root:get_sensor error: Invalid sensor data
ERROR:root:get_sensor error: Invalid sensor data
ERROR:root:get_sensor error: Invalid sensor data
ERROR:root:get_sensor error: Invalid sensor data
ERROR:root:get_sensor error: Invalid sensor data
ERROR:root:get_sensor error: Invalid sensor data
ERROR:root:get_sensor error: Invalid sensor data
ERROR:root:get_sensor error: Invalid sensor data
ERROR:root:get_sensor error: Invalid sensor data
ERROR:root:get_sensor error: Invalid sensor data
ERROR:root:get_sensor error: Invalid sensor data
ERROR:root:get_sensor error: Invalid sensor data
ERROR:root:get_sensor error: Invalid sensor data
ERROR:root:get_sensor error: Invalid sensor data
ERROR:root:get_sensor error: Invalid sensor data
ERROR:root:get_sensor error: Invalid sensor data
ERROR:root:get_sensor error: Invalid sensor data
ERROR:root:get_sensor error: Invalid sensor data
ERROR:root:get_sensor error: Invalid sensor data
ERROR:root:get_sensor error: Invalid sensor data
ERROR:root:get_sensor error: Invalid sensor data
ERROR:root:get_sensor error: Invalid sensor data
ERROR:root:get_sensor error: Invalid sensor data
ERROR:root:get_sensor error: Invalid sensor data
ERROR:root:get_sensor error: Invalid sensor data
ERROR:root:get_sensor error: Invalid sensor data
ERROR:root:get_sensor error: Invalid sensor data
INFO:root:Odometry was started, PID: 2501:
INFO:root:Initial location: 0.0, 0.0, 0.0
INFO:root:The blob's size is: 41.095176696777344
INFO:root:The blob's size is: 41.59071350097656
INFO:root:The blob's size is: 41.33229446411133
INFO:root:The blob's size is: 41.54606628417969
INFO:root:The blob's size is: 41.436737060546875
INFO:root:The blob's size is: 41.129329681396484
INFO:root:The blob's size is: 37.52909851074219
INFO:root:The blob's size is: 46.998870849609375
INFO:root:The blob's size is: 39.55750274658203
INFO:root:The blob's size is: 38.579044342041016
INFO:root:The blob's size is: 37.066654205322266
INFO:root:The blob's size is: 37.077362060546875
INFO:root:The blob's size is: 38.669525146484375
INFO:root:The blob's size is: 33.45707321166992
INFO:root:The blob's size is: 34.82044219970703
INFO:root:The blob's size is: 36.90111541748047
INFO:root:The blob's size is: 30.92613410949707
INFO:root:The blob's size is: 33.04399108886719
INFO:root:The blob's size is: 36.77214050292969
INFO:root:The blob's size is: 39.515445709228516
INFO:root:The blob's size is: 44.3170051574707
INFO:root:The blob's size is: 32.267513275146484
INFO:root:The blob's size is: 46.278865814208984
INFO:root:The blob's size is: 43.729427337646484
INFO:root:The blob's size is: 22.129108428955078
INFO:root:The blob's size is: 46.47653579711914
INFO:root:The blob's size is: 45.66221237182617
INFO:root:The blob's size is: 42.58063507080078
INFO:root:The blob's size is: 42.04323959350586
INFO:root:The blob's size is: 43.39686965942383
INFO:root:The blob's size is: 41.83892822265625
INFO:root:The blob's size is: 41.0590934753418
INFO:root:The blob's size is: 21.625059127807617
INFO:root:The blob's size is: 55.720272064208984
INFO:root:The blob's size is: 32.52773666381836
INFO:root:The blob's size is: 30.294618606567383
INFO:root:The blob's size is: 31.753433227539062
INFO:root:The blob's size is: 33.35429763793945
INFO:root:The blob's size is: 31.9432430267334
INFO:root:The blob's size is: 36.35464859008789
INFO:root:The blob's size is: 34.75419998168945
INFO:root:The blob's size is: 39.73976135253906
INFO:root:The blob's size is: 49.780975341796875
INFO:root:The blob's size is: 67.05635070800781
INFO:root:The blob's size is: 44.61307907104492
INFO:root:The blob's size is: 33.89196014404297
INFO:root:The blob's size is: 51.0354118347168
INFO:root:The blob's size is: 34.48710632324219
INFO:root:The blob's size is: 53.605712890625
INFO:root:The blob's size is: 37.124847412109375
INFO:root:The blob's size is: 54.388633728027344
INFO:root:The blob's size is: 54.8977165222168
INFO:root:The blob's size is: 52.606773376464844
INFO:root:The blob's size is: 51.05469512939453
INFO:root:The blob's size is: 39.363182067871094
INFO:root:The blob's size is: 39.0462532043457
INFO:root:The blob's size is: 38.15047836303711
INFO:root:The blob's size is: 39.34730529785156
INFO:root:The blob's size is: 42.76142120361328
INFO:root:The blob's size is: 41.49953842163086
INFO:root:The blob's size is: 43.07414627075195
INFO:root:The blob's size is: 41.02280807495117
INFO:root:The blob's size is: 42.40696716308594
INFO:root:The blob's size is: 43.23486328125
INFO:root:The blob's size is: 40.13827133178711
INFO:root:The blob's size is: 40.01165008544922
INFO:root:The blob's size is: 41.0081787109375
INFO:root:The blob's size is: 38.36595153808594
INFO:root:The blob's size is: 40.267051696777344
INFO:root:The blob's size is: 39.58796310424805
INFO:root:The blob's size is: 21.691373825073242
INFO:root:The blob's size is: 17.496217727661133
INFO:root:The blob's size is: 105.51504516601562
INFO:root:The blob's size is: 28.077072143554688
INFO:root:The blob's size is: 111.70601654052734
INFO:root:The blob's size is: 106.36148834228516
INFO:root:The blob's size is: 111.01591491699219
INFO:root:The blob's size is: 108.96070861816406
INFO:root:The blob's size is: 111.23368072509766
INFO:root:The blob's size is: 108.10114288330078
INFO:root:The blob's size is: 108.68614196777344
INFO:root:The blob's size is: 93.95429229736328
INFO:root:The blob's size is: 96.094970703125
INFO:root:The blob's size is: 27.902496337890625
INFO:root:The blob's size is: 23.682838439941406
INFO:root:The blob's size is: 27.78095817565918
INFO:root:The blob's size is: 27.717039108276367
INFO:root:The blob's size is: 26.711902618408203
INFO:root:The blob's size is: 26.454879760742188
INFO:root:The blob's size is: 25.035442352294922
INFO:root:The blob's size is: 25.950965881347656
INFO:root:The blob's size is: 24.140975952148438
INFO:root:The blob's size is: 25.62809181213379
INFO:root:The blob's size is: 26.04913902282715
INFO:root:The blob's size is: 27.317493438720703
INFO:root:The blob's size is: 26.0699520111084
INFO:root:The blob's size is: 32.864662170410156
INFO:root:The blob's size is: 23.941625595092773
INFO:root:The blob's size is: 32.11675262451172
INFO:root:The blob's size is: 20.53915023803711
INFO:root:The blob's size is: 20.21476173400879
INFO:root:The blob's size is: 22.118343353271484
INFO:root:The blob's size is: 21.989286422729492
INFO:root:The blob's size is: 21.39851951599121
INFO:root:The blob's size is: 20.93491554260254
INFO:root:The blob's size is: 21.008068084716797
INFO:root:The blob's size is: 22.909900665283203
INFO:root:The blob's size is: 22.515031814575195
INFO:root:The blob's size is: 22.578651428222656
INFO:root:The blob's size is: 22.467063903808594
INFO:root:The blob's size is: 25.482500076293945
INFO:root:The blob's size is: 22.204174041748047
INFO:root:The blob's size is: 21.106040954589844
INFO:root:The blob's size is: 20.092506408691406
WARNING:root:A keyboard interruption was detected!
WARNING:root:Abruptly stopped the robot!
INFO:root:Odometry was stopped
