INFO:root:Program started
INFO:root:Robot set up!
INFO:root:Odometry was started, PID: 9811:
INFO:root:Initial location: 0.0, 0.0, 0.0
INFO:root:Found the ball! Approaching...
INFO:root:Close enough to the ball, size is: 73.4349136352539
INFO:root:Centering the ball...
INFO:root:The ball's x position is: 179.99099731445312
INFO:root:The ball's x position is: 179.8168182373047
INFO:root:The ball's x position is: 179.33575439453125
INFO:root:The ball's x position is: 180.0262908935547
INFO:root:The ball's x position is: 179.1021270751953
INFO:root:The ball's x position is: 178.7650604248047
INFO:root:The ball's x position is: 177.97190856933594
INFO:root:The ball's x position is: 178.4224395751953
INFO:root:The ball's x position is: 176.33157348632812
INFO:root:The ball's x position is: 176.58746337890625
INFO:root:The ball's x position is: 176.1656951904297
INFO:root:The ball's x position is: 174.50991821289062
INFO:root:The ball's x position is: 174.09877014160156
INFO:root:The ball's x position is: 172.86758422851562
INFO:root:The ball's x position is: 172.42398071289062
INFO:root:The ball's x position is: 170.21751403808594
INFO:root:The ball's x position is: 168.65309143066406
INFO:root:The ball's x position is: 167.52029418945312
INFO:root:The ball's x position is: 166.94114685058594
INFO:root:The ball's x position is: 165.8513641357422
INFO:root:The ball's x position is: 165.53775024414062
INFO:root:The ball's x position is: 163.95126342773438
INFO:root:The ball's x position is: 163.0546875
INFO:root:The ball's x position is: 159.95877075195312
INFO:root:Ball centered and ready to be catched!
INFO:root:The distance to be covered is: 0.07999999999999999 meters
INFO:root:Odometry was stopped
