INFO:root:Program started
INFO:root:Setting up the robot!
INFO:root:Odometry was started, PID: 6597
INFO:root:PRIMER VALOR: 0.0
INFO:root:0.0015620000000000009
INFO:root:0.0011540000000000005
INFO:root:0.0012979999999999988
INFO:root:0.001939999999999999
INFO:root:0.0009479999999999975
INFO:root:0.0009279999999999983
INFO:root:0.0008710000000000002
INFO:root:0.0009820000000000002
INFO:root:0.000959999999999999
INFO:root:0.0009350000000000018
INFO:root:0.0011409999999999997
INFO:root:0.0011199999999999995
INFO:root:0.0013170000000000057
INFO:root:0.0012110000000000037
INFO:root:0.000899000000000004
INFO:root:0.0008340000000000014
INFO:root:0.0009279999999999983
INFO:root:0.0008529999999999996
INFO:root:0.0008739999999999998
INFO:root:0.0012630000000000002
INFO:root:0.0012490000000000001
INFO:root:0.001016999999999997
INFO:root:0.000888999999999994
INFO:root:0.0008900000000000019
INFO:root:0.0008729999999999988
INFO:root:0.0010030000000000039
INFO:root:0.0011719999999999994
INFO:root:0.001122000000000005
INFO:root:0.000902
INFO:root:0.0008689999999999948
INFO:root:0.0008490000000000025
INFO:root:0.000900999999999999
INFO:root:0.0009300000000000003
INFO:root:0.0011720000000000064
INFO:root:0.0011740000000000084
INFO:root:0.0011859999999999926
INFO:root:0.0012330000000000119
INFO:root:0.002673999999999996
INFO:root:0.0009149999999999991
INFO:root:0.0009209999999999913
INFO:root:0.0009379999999999944
INFO:root:0.0009350000000000053
INFO:root:0.001472000000000001
INFO:root:0.0015459999999999918
INFO:root:0.0016540000000000027
INFO:root:0.0015420000000000017
INFO:root:0.0012490000000000001
INFO:root:0.001235
INFO:root:0.0009450000000000014
INFO:root:0.0009470000000000034
INFO:root:0.0009809999999999958
INFO:root:0.0010300000000000031
INFO:root:0.001466999999999996
INFO:root:0.0013309999999999989
INFO:root:0.0013270000000000087
INFO:root:0.002363000000000004
INFO:root:0.0008660000000000057
INFO:root:0.0009800000000000086
INFO:root:0.0009519999999999806
INFO:root:0.0008570000000000244
INFO:root:0.0009569999999999856
INFO:root:0.0010390000000000121
INFO:root:0.0009720000000000006
INFO:root:0.0008279999999999954
INFO:root:0.0008719999999999839
INFO:root:0.0008380000000000054
INFO:root:0.0008460000000000134
INFO:root:0.0008679999999999799
INFO:root:0.0008259999999999934
INFO:root:0.0008869999999999989
INFO:root:0.0008839999999999959
INFO:root:0.0009919999999999929
INFO:root:0.0016029999999999933
INFO:root:0.0010720000000000174
INFO:root:0.0015560000000000018
INFO:root:0.002593000000000012
INFO:root:0.0010219999999999951
INFO:root:0.0008819999999999939
INFO:root:0.0009689999999999976
INFO:root:0.0010040000000000049
INFO:root:0.0011649999999999994
INFO:root:0.0011249999999999871
INFO:root:0.0011670000000000014
INFO:root:0.0009879999999999889
INFO:root:0.0009270000000000111
INFO:root:0.0009009999999999851
INFO:root:0.0010470000000000201
INFO:root:0.0009689999999999976
INFO:root:0.0013319999999999999
INFO:root:0.0010609999999999786
INFO:root:0.0010300000000000031
INFO:root:0.0009730000000000016
INFO:root:0.0008269999999999944
INFO:root:0.0022659999999999902
INFO:root:0.0012290000000000079
INFO:root:0.002584000000000003
INFO:root:0.0009469999999999756
INFO:root:0.0008710000000000107
INFO:root:0.0010290000000000021
INFO:root:0.0010149999999999881
INFO:root:0.0009489999999999776
INFO:root:0.0008610000000000007
INFO:root:0.0009239999999999804
INFO:root:0.0013890000000000013
INFO:root:0.0013249999999999929
INFO:root:0.0011099999999999999
INFO:root:0.0015429999999999888
INFO:root:0.0025170000000000192
INFO:root:0.0008630000000000027
INFO:root:0.0008179999999999854
INFO:root:0.0009100000000000219
INFO:root:0.0008980000000000099
INFO:root:0.0012159999999999949
INFO:root:0.001468999999999998
INFO:root:0.0010180000000000189
INFO:root:0.0010330000000000061
INFO:root:0.0009560000000000124
INFO:root:0.0009679999999999689
INFO:root:0.0008699999999999819
INFO:root:0.0011970000000000036
INFO:root:0.0014540000000000108
INFO:root:0.0008850000000000247
INFO:root:0.0009979999999999989
INFO:root:0.0009230000000000071
INFO:root:0.0008989999999999831
INFO:root:0.0008720000000000394
INFO:root:0.0011479999999999824
INFO:root:0.001499000000000028
INFO:root:0.0010360000000000369
INFO:root:0.0014200000000000323
INFO:root:0.0024959999999999982
INFO:root:0.0012349999999999861
INFO:root:0.0008879999999999999
INFO:root:0.0011769999999999836
INFO:root:0.0012660000000000449
INFO:root:0.0009839999999999849
INFO:root:0.0009520000000000084
INFO:root:0.0008890000000000287
INFO:root:0.0009020000000000139
INFO:root:0.0010410000000000141
INFO:root:0.0009460000000000024
INFO:root:0.0008319999999999994
INFO:root:0.0009499999999999509
INFO:root:0.0009480000000000044
INFO:root:0.0010179999999999634
INFO:root:0.0010519999999999974
INFO:root:0.0008509999999999907
INFO:root:0.0009159999999999724
INFO:root:0.0009580000000000144
INFO:root:0.0008610000000000007
INFO:root:0.0009929999999999661
INFO:root:0.0008460000000000134
INFO:root:0.0008329999999999727
INFO:root:0.0008739999999999859
INFO:root:0.0008990000000000387
INFO:root:0.0008910000000000307
INFO:root:0.0014049999999999896
INFO:root:0.0010109999999999841
INFO:root:0.0010330000000000061
INFO:root:0.0012110000000000176
INFO:root:0.0014270000000000116
INFO:root:0.0009939999999999949
INFO:root:0.001040000000000041
INFO:root:0.0009549999999999836
INFO:root:0.0011780000000000124
INFO:root:0.0009510000000000352
INFO:root:0.0011859999999999649
INFO:root:0.0017620000000000413
INFO:root:0.0008670000000000067
INFO:root:0.0009739999999999749
INFO:root:0.0010139999999999594
INFO:root:0.0009529999999999816
INFO:root:0.0010340000000000349
INFO:root:0.0009419999999999984
INFO:root:0.0011280000000000179
INFO:root:0.0013290000000000246
INFO:root:0.0013820000000000499
INFO:root:0.0008750000000000147
INFO:root:0.001688999999999996
INFO:root:0.0010930000000000106
INFO:root:0.0009560000000000124
INFO:root:0.0010339999999999794
INFO:root:0.0011050000000000226
INFO:root:0.0011280000000000179
INFO:root:0.0011979999999999769
INFO:root:0.0024460000000000037
INFO:root:0.0008889999999999731
INFO:root:0.0008349999999999747
INFO:root:0.0008620000000000294
INFO:root:0.0011019999999999919
INFO:root:0.0009069999999999911
INFO:root:0.0009310000000000151
INFO:root:0.0009449999999999736
INFO:root:0.0011059999999999959
INFO:root:0.0013090000000000046
INFO:root:0.0010999999999999899
INFO:root:0.0013699999999999823
INFO:root:0.0010069999999999801
INFO:root:0.0008779999999999899
INFO:root:0.0009910000000000196
INFO:root:0.0010220000000000229
INFO:root:0.0009800000000000364
INFO:root:0.0015079999999999538
INFO:root:0.0009839999999999849
INFO:root:0.0009379999999999944
INFO:root:0.0009020000000000139
INFO:root:0.0009259999999999824
INFO:root:0.0009149999999999991
INFO:root:0.0014259999999999828
INFO:root:0.001326999999999967
INFO:root:0.0008589999999999987
INFO:root:0.0009500000000000064
INFO:root:0.0010119999999999574
INFO:root:0.0011539999999999884
INFO:root:0.0012119999999999909
INFO:root:0.0009539999999999549
INFO:root:0.0009469999999999756
INFO:root:0.0012699999999999934
INFO:root:0.0016319999999999668
INFO:root:0.0010220000000000229
INFO:root:0.0010439999999999894
INFO:root:0.0012210000000000276
INFO:root:0.0010040000000000049
INFO:root:0.001562999999999981
INFO:root:0.0009699999999999709
INFO:root:0.0009660000000000224
INFO:root:0.0009979999999999989
INFO:root:0.0011920000000000264
INFO:root:0.0010329999999999506
INFO:root:0.0014459999999999473
INFO:root:0.0013050000000000006
INFO:root:0.0009489999999999776
INFO:root:0.0011660000000000004
INFO:root:0.0010719999999999619
INFO:root:0.0010249999999999426
INFO:root:0.0009660000000000224
INFO:root:0.0009959999999999969
INFO:root:0.0010089999999999266
INFO:root:0.0012179999999999414
INFO:root:0.0014959999999999418
INFO:root:0.0009139999999999704
INFO:root:0.0009069999999999911
INFO:root:0.0009369999999999656
INFO:root:0.0012720000000000509
INFO:root:0.0015000000000000568
INFO:root:0.001479000000000008
INFO:root:0.0010219999999999674
INFO:root:0.0011409999999999476
INFO:root:0.0010099999999999554
INFO:root:0.0012750000000000261
INFO:root:0.0010679999999999579
INFO:root:0.0012480000000000269
INFO:root:0.0011020000000000474
INFO:root:0.0013370000000000326
INFO:root:0.0009640000000000759
INFO:root:0.0008139999999999814
INFO:root:0.0009000000000000119
INFO:root:0.0008460000000000134
INFO:root:0.0008799999999999919
INFO:root:0.0008710000000000662
INFO:root:0.0008500000000000174
INFO:root:0.000992000000000104
INFO:root:0.0009479999999999489
INFO:root:0.0029730000000000034
INFO:root:0.0011430000000000051
INFO:root:0.001346999999999987
INFO:root:0.0011130000000000306
INFO:root:0.0008939999999999504
INFO:root:0.002630000000000021
INFO:root:0.0011309999999999931
INFO:root:0.0009530000000000927
INFO:root:0.001154999999999906
INFO:root:0.0008469999999999311
INFO:root:0.0008780000000000454
INFO:root:0.0008489999999999887
INFO:root:0.0009350000000000191
INFO:root:0.001342999999999983
INFO:root:0.0014530000000000376
INFO:root:0.0008390000000000342
INFO:root:0.0011440000000000339
INFO:root:0.0010689999999999866
INFO:root:0.0007770000000000277
INFO:root:0.0010620000000000074
INFO:root:0.0015450000000000186
INFO:root:0.0012790000000000301
INFO:root:0.0009949999999999681
INFO:root:0.0007650000000000157
INFO:root:0.001072000000000073
INFO:root:0.0008819999999999384
INFO:root:0.0009089999999999376
INFO:root:0.0009679999999999689
INFO:root:0.0008799999999999919
INFO:root:0.0010689999999999866
INFO:root:0.0012790000000000301
INFO:root:0.0011880000000000779
INFO:root:0.0007570000000000077
INFO:root:0.0009439999999999449
INFO:root:0.0009660000000000224
INFO:root:0.0010320000000000329
INFO:root:0.0010170000000000456
INFO:root:0.0009050000000000447
INFO:root:0.001166999999999918
INFO:root:0.0009399999999999409
INFO:root:0.0008910000000000862
INFO:root:0.0008700000000000374
INFO:root:0.0008690000000000087
INFO:root:0.0009109999999999951
INFO:root:0.0012640000000000429
INFO:root:0.0012140000000000484
INFO:root:0.0016479999999999828
INFO:root:0.0010090000000000376
INFO:root:0.0010419999999999874
INFO:root:0.0008719999999999839
INFO:root:0.0009020000000000694
INFO:root:0.0008529999999999927
INFO:root:0.0009000000000000119
INFO:root:0.0010069999999999801
INFO:root:0.0008749999999999591
INFO:root:0.0009069999999999911
INFO:root:0.0009100000000000774
INFO:root:0.0011259999999999604
INFO:root:0.0011519999999999309
INFO:root:0.0011579999999999924
INFO:root:0.0011670000000000291
INFO:root:0.0014359999999999928
INFO:root:0.0009299999999999864
INFO:root:0.0011539999999999884
INFO:root:0.0010259999999999714
INFO:root:0.0007500000000000284
INFO:root:0.0009580000000000144
INFO:root:0.0008179999999999854
INFO:root:0.0008739999999999304
INFO:root:0.0009130000000000527
INFO:root:0.0008400000000000629
INFO:root:0.0009050000000000447
INFO:root:0.0009599999999999609
INFO:root:0.0007910000000000972
INFO:root:0.0008950000000000902
INFO:root:0.0008709999999999551
INFO:root:0.0008860000000000534
INFO:root:0.0009139999999999704
INFO:root:0.0008479999999999599
INFO:root:0.0008150000000000102
INFO:root:0.0007779999999999454
INFO:root:0.0008089999999999486
INFO:root:0.0007819999999999494
INFO:root:0.0007549999999999502
INFO:root:0.0008350000000000302
INFO:root:0.0008779999999999344
INFO:root:0.0009730000000000016
INFO:root:0.0007700000000000484
INFO:root:0.0007660000000000444
INFO:root:0.0007500000000000284
INFO:root:0.0007359999999999589
INFO:root:0.0007540000000000324
INFO:root:0.0008810000000000207
INFO:root:0.0011120000000000019
INFO:root:0.0009580000000000144
INFO:root:0.0008949999999999791
INFO:root:0.0009149999999999991
INFO:root:0.0007369999999999877
INFO:root:0.0007409999999999917
INFO:root:0.0008469999999999311
INFO:root:0.0007800000000000029
INFO:root:0.0008290000000000797
INFO:root:0.0009240000000000359
INFO:root:0.0007810000000000317
INFO:root:0.0007779999999999454
INFO:root:0.0007880000000000109
INFO:root:0.0009700000000000264
INFO:root:0.0008560000000000789
INFO:root:0.0010909999999999531
INFO:root:0.0010029999999999761
INFO:root:0.0011349999999999971
INFO:root:0.0031360000000000277
INFO:root:0.0009019999999999584
INFO:root:0.0008909999999999751
INFO:root:0.0009089999999999376
INFO:root:0.0008839999999999959
INFO:root:0.0011919999999999709
INFO:root:0.0011910000000000531
INFO:root:0.0008389999999999231
INFO:root:0.0008799999999999919
INFO:root:0.0008070000000000022
INFO:root:0.0008749999999999591
INFO:root:0.0008099999999999774
INFO:root:0.0008409999999999807
INFO:root:0.0009089999999999376
INFO:root:0.0008550000000000502
INFO:root:0.001522999999999941
INFO:root:0.0009839999999999849
INFO:root:0.0011419999999999764
INFO:root:0.0007620000000000404
INFO:root:0.0025330000000000075
INFO:root:0.0008010000000000517
INFO:root:0.0009080000000000199
INFO:root:0.0009160000000000279
INFO:root:0.0008359999999999479
INFO:root:0.0011050000000000226
INFO:root:0.0008770000000000167
INFO:root:0.0009139999999999704
INFO:root:0.0008179999999999854
INFO:root:0.0008479999999999599
INFO:root:0.0009060000000000734
INFO:root:0.0013759999999999328
INFO:root:0.0013640000000000319
INFO:root:0.0009270000000000111
INFO:root:0.0008400000000000629
INFO:root:0.0027400000000000757
INFO:root:0.0008659999999999224
INFO:root:0.0008690000000000087
INFO:root:0.0008209999999999607
INFO:root:0.0011010000000000186
INFO:root:0.0010339999999999794
INFO:root:0.0012820000000000054
INFO:root:0.0008540000000000214
INFO:root:0.0009090000000000487
INFO:root:0.0008999999999999009
INFO:root:0.0008990000000000942
INFO:root:0.0009849999999999026
INFO:root:0.0008779999999999344
INFO:root:0.0010460000000001024
INFO:root:0.0008779999999999344
INFO:root:0.0020959999999999868
INFO:root:0.0008519999999999639
INFO:root:0.0008320000000000549
INFO:root:0.0008410000000000917
INFO:root:0.0008240000000000469
INFO:root:0.0011250000000000426
INFO:root:0.0012039999999999829
INFO:root:0.0010310000000000041
INFO:root:0.0007959999999999079
INFO:root:0.0009239999999999249
INFO:root:0.0009339999999999904
INFO:root:0.0009330000000000727
INFO:root:0.0008390000000000342
INFO:root:0.0008280000000000509
INFO:root:0.0010219999999999674
INFO:root:spin: 0.5006192592592589
INFO:root:0.0012159999999999949
INFO:root:0.0009660000000000224
INFO:root:0.0007530000000000037
INFO:root:0.0010670000000000401
INFO:root:0.0008219999999999894
INFO:root:0.001214999999999966
INFO:root:0.0008660000000000334
INFO:root:0.0007409999999999917
INFO:root:0.0011680000000000579
INFO:root:0.0009810000000000096
INFO:root:0.0008550000000000502
INFO:root:0.0008900000000000574
INFO:root:0.0008489999999999887
INFO:root:0.0009660000000000224
INFO:root:0.001382999999999912
INFO:root:0.0012590000000000101
INFO:root:0.0012529999999999486
INFO:root:0.0008529999999999927
INFO:root:0.0009600000000000719
INFO:root:0.0009469999999999201
INFO:root:0.0008219999999999894
INFO:root:0.0010550000000000281
INFO:root:0.0009270000000000111
INFO:root:0.0009080000000000199
INFO:root:0.0009000000000000119
INFO:root:0.0009099999999999664
INFO:root:0.0007759999999999989
INFO:root:0.0012670000000000181
INFO:root:0.0012579999999999814
INFO:root:0.0019529999999999825
INFO:root:0.0008249999999999647
INFO:root:0.0007860000000000644
INFO:root:0.0008879999999999999
INFO:root:0.0008699999999999264
INFO:root:0.0009359999999999369
INFO:root:0.0008049999999999446
INFO:root:0.0008759999999999879
INFO:root:0.0013999999999999568
INFO:root:0.0009079999999999089
INFO:root:0.0008200000000000429
INFO:root:0.0008550000000000502
INFO:root:0.0008390000000000342
INFO:root:0.0013419999999999543
INFO:root:0.0009869999999998491
INFO:root:0.0011790000000000411
INFO:root:0.0008779999999999344
INFO:root:0.0007410000000001027
INFO:root:0.0013159999999998728
INFO:root:0.0008450000000002067
INFO:root:0.0008500000000000174
INFO:root:0.0008409999999998696
INFO:root:0.0007839999999998959
INFO:root:0.0011270000000001001
INFO:root:0.0013250000000000206
INFO:root:0.0008809999999999096
INFO:root:0.0007989999999999942
INFO:root:0.0009170000000000567
INFO:root:0.0008449999999999847
INFO:root:0.0008500000000000174
INFO:root:0.0009289999999999576
INFO:root:0.0008639999999999759
INFO:root:0.0011499999999999844
INFO:root:0.0011619999999998853
INFO:root:0.0009900000000000464
INFO:root:0.0007620000000001514
INFO:root:0.0009470000000000312
INFO:root:0.0008299999999998864
INFO:root:0.0008400000000001739
INFO:root:0.0008190000000001252
INFO:root:0.0008810000000001317
INFO:root:0.0011470000000000091
INFO:root:0.0012849999999999806
INFO:root:0.0008550000000000502
INFO:root:0.0009019999999999584
INFO:root:0.0008720000000002059
INFO:root:0.0008579999999998034
INFO:root:0.0008570000000001077
INFO:root:0.001084000000000085
INFO:root:0.0010460000000001024
INFO:root:0.0008679999999998689
INFO:root:0.0008429999999999271
INFO:root:0.0008680000000000909
INFO:root:0.0008890000000001397
INFO:root:0.0009649999999998826
INFO:root:0.0012389999999999901
INFO:root:0.0008620000000001404
INFO:root:0.002815000000000012
INFO:root:0.0013840000000000519
INFO:root:0.0008369999999999767
INFO:root:0.0009310000000000151
INFO:root:0.0008709999999998441
INFO:root:0.0008740000000000414
INFO:root:0.0009979999999998324
INFO:root:0.001142999999999894
INFO:root:0.001330999999999971
INFO:root:0.0008469999999998201
INFO:root:0.0007870000000000932
INFO:root:0.0009339999999999904
INFO:root:0.0008770000000000167
INFO:root:0.0008399999999999519
INFO:root:0.0008740000000000414
INFO:root:0.0008859999999999424
INFO:root:0.0008349999999999191
INFO:root:0.0011819999999997943
INFO:root:0.0009390000000000231
INFO:root:0.0008399999999999519
INFO:root:0.0008669999999999511
INFO:root:0.0010710000000000441
INFO:root:0.0008310000000000262
INFO:root:0.0009170000000000567
INFO:root:0.0010609999999999786
INFO:root:0.0008799999999999919
INFO:root:0.0008330000000000837
INFO:root:0.0009779999999999234
INFO:root:0.0008420000000000094
INFO:root:0.00163100000000016
INFO:root:0.0021219999999999573
INFO:root:0.0011740000000000084
INFO:root:0.0012060000000000404
INFO:root:0.0009179999999999744
INFO:root:0.0007330000000000947
INFO:root:0.002443000000000195
INFO:root:0.0013940000000001174
INFO:root:0.0011950000000000571
INFO:root:0.0011060000000000514
INFO:root:0.0007309999999998151
INFO:root:0.0020729999999999915
INFO:root:0.0013759999999998218
INFO:root:0.0007509999999999462
INFO:root:0.0010269999999998891
INFO:root:0.0007999999999999119
INFO:root:0.0011619999999998853
INFO:root:0.0008890000000001397
INFO:root:0.0007360000000000699
INFO:root:0.0025620000000001752
INFO:root:0.0014250000000000096
INFO:root:0.0012099999999999334
INFO:root:0.0011220000000000674
INFO:root:0.0007220000000001114
INFO:root:0.0020570000000001976
INFO:root:0.0013769999999999616
INFO:root:0.001266999999999907
INFO:root:0.0014520000000000088
INFO:root:0.0007800000000000029
INFO:root:0.0013089999999997826
INFO:root:0.0007760000000001099
INFO:root:0.0008250000000000757
INFO:root:0.0007310000000000372
INFO:root:0.0007490000000001107
INFO:root:0.0008150000000000102
INFO:root:0.0007770000000000277
INFO:root:0.0008150000000000102
INFO:root:0.0007449999999999957
INFO:root:0.0007589999999999542
INFO:root:0.0007779999999999454
INFO:root:0.0008189999999999031
INFO:root:0.0010090000000000376
INFO:root:0.0008509999999999351
INFO:root:0.001052000000000053
INFO:root:0.0008170000000000677
INFO:root:0.0008610000000000007
INFO:root:0.0007700000000001594
INFO:root:0.0007820000000000604
INFO:root:0.0008049999999999446
INFO:root:0.0007300000000001194
INFO:root:0.0008170000000000677
INFO:root:0.0009310000000000151
INFO:root:0.0008000000000001339
INFO:root:0.0009779999999999234
INFO:root:0.0007589999999999542
INFO:root:0.0007820000000000604
INFO:root:0.0007439999999998559
INFO:root:0.0007520000000000859
INFO:root:0.0007960000000000189
INFO:root:0.0010130000000001527
INFO:root:0.0008870000000000822
INFO:root:0.0008500000000000174
INFO:root:0.0008220000000001004
INFO:root:0.0009149999999999991
INFO:root:0.0009259999999999824
INFO:root:0.0009639999999999649
INFO:root:0.0008980000000000654
INFO:root:0.0008710000000000662
INFO:root:0.0008680000000000909
INFO:root:0.0008500000000000174
INFO:root:0.0008259999999999934
INFO:root:0.0022420000000000773
INFO:root:0.0011710000000000331
INFO:root:0.0012010000000000076
INFO:root:0.0008099999999999774
INFO:root:0.0025440000000001017
INFO:root:0.0008360000000000589
INFO:root:0.0008459999999999024
INFO:root:0.0009060000000000734
INFO:root:0.0008960000000000079
INFO:root:0.0008289999999999687
INFO:root:0.0007819999999998384
INFO:root:0.0008729999999999016
INFO:root:0.0008470000000000422
INFO:root:0.0008850000000000247
INFO:root:0.0008630000000000582
INFO:root:0.0016439999999999788
INFO:root:0.001379000000000019
INFO:root:0.0009850000000000136
INFO:root:0.0007999999999999119
INFO:root:0.002454999999999874
INFO:root:0.0008299999999998864
INFO:root:0.0008120000000000349
INFO:root:0.0008500000000000174
INFO:root:0.0008889999999999176
INFO:root:0.0008570000000001077
INFO:root:0.0009609999999999896
INFO:root:0.0008639999999999759
INFO:root:0.0008269999999999111
INFO:root:0.0011649999999998606
INFO:root:0.0010460000000001024
INFO:root:0.002526999999999946
INFO:root:0.0009699999999999154
INFO:root:0.0008930000000000327
INFO:root:0.0007900000000000684
INFO:root:0.0008500000000000174
INFO:root:0.0010829999999999451
INFO:root:0.0011460000000000914
INFO:root:0.0009180000000001964
INFO:root:0.0008500000000000174
INFO:root:0.0008529999999999927
INFO:root:0.0008980000000000654
INFO:root:0.0008290000000001907
INFO:root:0.0014279999999999848
INFO:root:0.0009529999999999816
INFO:root:0.0007719999999999949
INFO:root:0.0008510000000001572
INFO:root:0.0008740000000000414
INFO:root:0.0008649999999998936
INFO:root:0.0009750000000001702
INFO:root:0.0008219999999998784
INFO:root:0.0008779999999999344
INFO:root:0.0008179999999999854
INFO:root:0.0007789999999998631
INFO:root:0.0008210000000001827
INFO:root:0.0011559999999999349
INFO:root:0.0008989999999999831
INFO:root:0.0009390000000000231
INFO:root:0.0009300000000000974
INFO:root:0.0008760000000000989
INFO:root:0.0008630000000000582
INFO:root:0.0021290000000000475
INFO:root:0.0013539999999998553
INFO:root:0.0008940000000001724
INFO:root:0.0007359999999998479
INFO:root:0.0009050000000001557
INFO:root:0.0009040000000000159
INFO:root:0.0008840000000001069
INFO:root:0.0008559999999999679
INFO:root:0.0008079999999999199
INFO:root:0.0010209999999999386
INFO:root:0.0011779999999999013
INFO:root:0.0008079999999999199
INFO:root:0.0008539999999999104
INFO:root:0.0009069999999999911
INFO:root:0.0008060000000000844
INFO:root:0.0008179999999999854
INFO:root:0.0009230000000000071
INFO:root:0.0009270000000001222
INFO:root:0.0008440000000000669
INFO:root:0.0008690000000000087
INFO:root:0.0008470000000000422
INFO:root:0.0008019999999999694
INFO:root:0.0011479999999999269
INFO:root:0.0008719999999999839
INFO:root:0.0008140000000000924
INFO:root:0.0008129999999999526
INFO:root:0.0009279999999998179
INFO:root:0.0008150000000000102
INFO:root:0.0012940000000001284
INFO:root:0.0010430000000001272
INFO:root:0.0009910000000001862
INFO:root:0.0007489999999998886
INFO:root:0.0012210000000001386
INFO:root:0.0008349999999999191
INFO:root:0.0008169999999998456
INFO:root:0.0008920000000001149
INFO:root:0.0010149999999999881
INFO:root:0.0010809999999998876
INFO:root:0.0012049999999999006
INFO:root:0.0007969999999999366
INFO:root:0.0008920000000001149
INFO:root:0.0009330000000000727
INFO:root:0.0008430000000001492
INFO:root:0.0007889999999999286
INFO:root:0.0009820000000000384
INFO:root:0.0008549999999998281
INFO:root:0.0007909999999999862
INFO:root:0.0012070000000001802
INFO:root:0.0008490000000000997
INFO:root:0.0011639999999999429
INFO:root:0.0009139999999998594
INFO:root:0.0007459999999999134
INFO:root:0.0023260000000000502
INFO:root:0.0012839999999998408
INFO:root:0.0007589999999999542
INFO:root:0.0008520000000000749
INFO:root:0.0008120000000000349
INFO:root:0.0011859999999999093
INFO:root:0.0009590000000001542
INFO:root:0.0007790000000000852
INFO:root:0.0010419999999999874
INFO:root:0.0009019999999999584
INFO:root:0.0012170000000000236
INFO:root:0.0009900000000000464
INFO:root:0.0007850000000000357
INFO:root:0.002122999999999875
INFO:root:0.001242999999999883
INFO:root:0.0009010000000000407
INFO:root:0.0008370000000001987
INFO:root:0.0009190000000001142
INFO:root:0.0008320000000001659
INFO:root:0.0011359999999998038
INFO:root:0.0011430000000001161
INFO:root:0.00119899999999995
INFO:root:0.0008239999999999359
INFO:root:0.0008999999999999009
INFO:root:0.0010139999999998484
INFO:root:0.0008489999999998776
INFO:root:0.001182999999999934
INFO:root:0.0009549999999998171
INFO:root:0.0007439999999998559
INFO:root:0.0010380000000000944
INFO:root:0.0008230000000000182
INFO:root:0.0011579999999999924
INFO:root:0.0008889999999999176
INFO:root:0.0007270000000001442
INFO:root:0.0023720000000000407
INFO:root:primer cacho: -0.5012518518518523
INFO:root:0.0013779999999998793
INFO:root:0.0012300000000000644
INFO:root:0.0010879999999999779
INFO:root:0.0007329999999998726
INFO:root:0.002166999999999808
INFO:root:0.0013239999999998808
INFO:root:0.0008349999999999191
INFO:root:0.0009879999999999889
INFO:root:0.0008529999999999927
INFO:root:0.0008529999999999927
INFO:root:0.0008729999999999016
INFO:root:0.0008929999999998106
INFO:root:0.001068000000000069
INFO:root:0.0008639999999999759
INFO:root:0.0008079999999999199
INFO:root:0.0008400000000001739
INFO:root:0.0008350000000001412
INFO:root:0.0008310000000000262
INFO:root:0.0019569999999999865
INFO:root:0.002565999999999846
INFO:root:0.0014359999999999928
INFO:root:0.0013659999999999783
INFO:root:0.0009490000000000887
INFO:root:0.0009110000000001062
INFO:root:0.0008969999999999256
INFO:root:0.0008839999999998849
INFO:root:0.0008699999999999264
INFO:root:0.0010460000000001024
INFO:root:0.0012919999999998488
INFO:root:0.0007930000000000437
INFO:root:0.0009099999999999664
INFO:root:0.0010660000000000114
INFO:root:0.0009140000000000814
INFO:root:0.0010299999999998644
INFO:root:0.0019160000000000288
INFO:root:0.0013250000000000206
INFO:root:0.0012620000000000964
INFO:root:0.0008360000000000589
INFO:root:0.002051000000000025
INFO:root:0.0009539999999998994
INFO:root:0.0009580000000000144
INFO:root:0.0010919999999998709
INFO:root:0.0010550000000000281
INFO:root:0.0011460000000000914
INFO:root:0.0016320000000000778
INFO:root:0.0009079999999999089
INFO:root:0.0010379999999998724
INFO:root:0.0009130000000001637
INFO:root:0.0008879999999999999
INFO:root:0.0011330000000000506
INFO:root:0.0014000000000000679
INFO:root:0.0009850000000000136
INFO:root:0.0009190000000001142
INFO:root:0.0009349999999999081
INFO:root:0.0009109999999998841
INFO:root:0.0010919999999998709
INFO:root:0.0009779999999999234
INFO:root:0.0008639999999999759
INFO:root:0.0009040000000000159
INFO:root:0.0009250000000000647
INFO:root:0.0009049999999999336
INFO:root:0.002407000000000048
INFO:root:0.001643000000000061
INFO:root:0.0010919999999998709
INFO:root:0.0008040000000000269
INFO:root:0.0011849999999999916
INFO:root:0.0009189999999998921
INFO:root:0.0009319999999999329
INFO:root:0.0009069999999999911
INFO:root:0.0009450000000001957
INFO:root:0.0016160000000000618
INFO:root:0.0009509999999999241
INFO:root:0.0009589999999999321
INFO:root:0.0010639999999999539
WARNING:root:A keyboard interruption was detected!
WARNING:root:Abruptly stopped the robot!
INFO:root:Odometry was stopped
DEBUG:matplotlib.axes._base:update_title_pos
DEBUG:matplotlib.font_manager:findfont: Matching :family=sans-serif:style=normal:variant=normal:weight=normal:stretch=normal:size=10.0 to DejaVu Sans ('/home/pi/.local/lib/python3.5/site-packages/matplotlib/mpl-data/fonts/ttf/DejaVuSans.ttf') with score of 0.050000.
DEBUG:matplotlib.axes._base:update_title_pos
