INFO:root:Program started
INFO:root:Robot set up!
ERROR:root:get_sensor error: Invalid sensor data
ERROR:root:get_sensor error: Invalid sensor data
ERROR:root:get_sensor error: Invalid sensor data
ERROR:root:get_sensor error: Invalid sensor data
ERROR:root:get_sensor error: Invalid sensor data
ERROR:root:get_sensor error: Invalid sensor data
ERROR:root:get_sensor error: Invalid sensor data
ERROR:root:get_sensor error: Invalid sensor data
ERROR:root:get_sensor error: Invalid sensor data
ERROR:root:get_sensor error: Invalid sensor data
ERROR:root:get_sensor error: Invalid sensor data
ERROR:root:get_sensor error: Invalid sensor data
ERROR:root:get_sensor error: Invalid sensor data
ERROR:root:get_sensor error: Invalid sensor data
ERROR:root:get_sensor error: Invalid sensor data
ERROR:root:get_sensor error: Invalid sensor data
ERROR:root:get_sensor error: Invalid sensor data
ERROR:root:get_sensor error: Invalid sensor data
ERROR:root:get_sensor error: Invalid sensor data
ERROR:root:get_sensor error: Invalid sensor data
ERROR:root:get_sensor error: Invalid sensor data
ERROR:root:get_sensor error: Invalid sensor data
ERROR:root:get_sensor error: Invalid sensor data
ERROR:root:get_sensor error: Invalid sensor data
ERROR:root:get_sensor error: Invalid sensor data
ERROR:root:get_sensor error: Invalid sensor data
ERROR:root:get_sensor error: Invalid sensor data
ERROR:root:get_sensor error: Invalid sensor data
ERROR:root:get_sensor error: Invalid sensor data
ERROR:root:get_sensor error: Invalid sensor data
INFO:root:Odometry was started, PID: 7462:
INFO:root:Initial location: 0.0, 0.0, 0.0
INFO:root:transformation 0.04603999999999964
INFO:root:transformation 0.024401000000000117
INFO:root:transformation 0.025717000000000212
INFO:root:transformation 0.0233339999999993
INFO:root:transformation 0.023264999999999425
INFO:root:transformation 0.025565000000000282
INFO:root:transformation 0.02643400000000007
INFO:root:transformation 0.023298999999999737
INFO:root:transformation 0.023776000000000685
INFO:root:transformation 0.02338500000000021
INFO:root:transformation 0.024151000000001588
INFO:root:transformation 0.02539200000000008
INFO:root:transformation 0.02431500000000142
INFO:root:transformation 0.0258610000000008
INFO:root:transformation 0.023759999999999337
INFO:root:transformation 0.025197000000000358
INFO:root:transformation 0.021776000000000906
INFO:root:transformation 0.024549999999999628
INFO:root:transformation 0.02315799999999868
INFO:root:transformation 0.02166399999999946
INFO:root:transformation 0.02228999999999992
INFO:root:transformation 0.02722699999999989
INFO:root:transformation 0.024841000000000335
INFO:root:transformation 0.025028999999999968
INFO:root:transformation 0.02379599999999904
INFO:root:transformation 0.02246700000000068
INFO:root:transformation 0.028431000000001205
INFO:root:transformation 0.029595000000000482
INFO:root:transformation 0.02598199999999906
INFO:root:transformation 0.026049999999999685
INFO:root:transformation 0.02676899999999982
INFO:root:transformation 0.026068999999999676
INFO:root:transformation 0.02335300000000018
INFO:root:transformation 0.02522300000000044
INFO:root:transformation 0.024542999999999537
INFO:root:transformation 0.02568100000000051
INFO:root:transformation 0.0256880000000006
INFO:root:transformation 0.025818999999998482
INFO:root:transformation 0.022832000000001074
INFO:root:transformation 0.023552999999999713
INFO:root:transformation 0.025344000000000477
INFO:root:transformation 0.026106999999999658
INFO:root:transformation 0.025846999999998843
INFO:root:transformation 0.026315999999997786
INFO:root:transformation 0.026237999999999317
INFO:root:transformation 0.026085999999999387
INFO:root:transformation 0.022662000000000404
INFO:root:transformation 0.025694999999998913
INFO:root:transformation 0.0228090000000023
INFO:root:transformation 0.025894000000000972
INFO:root:transformation 0.02568300000000079
INFO:root:transformation 0.02553699999999992
INFO:root:transformation 0.022286000000001138
INFO:root:transformation 0.025828000000000628
INFO:root:transformation 0.025890000000000413
INFO:root:transformation 0.025491999999999848
INFO:root:transformation 0.02430100000000124
INFO:root:transformation 0.023329000000000377
INFO:root:transformation 0.02329300000000245
INFO:root:transformation 0.025744000000003098
INFO:root:transformation 0.025942000000000576
INFO:root:transformation 0.02310200000000151
INFO:root:transformation 0.0259999999999998
INFO:root:transformation 0.02269899999999936
INFO:root:transformation 0.02340199999999726
INFO:root:transformation 0.026529000000000025
INFO:root:transformation 0.02315699999999765
INFO:root:transformation 0.025802000000002323
INFO:root:transformation 0.023565999999998866
INFO:root:transformation 0.02369900000000058
INFO:root:transformation 0.024024999999998187
INFO:root:transformation 0.0231899999999996
INFO:root:transformation 0.02318700000000007
INFO:root:transformation 0.023386000000002127
INFO:root:transformation 0.02292100000000019
WARNING:root:A keyboard interruption was detected!
WARNING:root:Abruptly stopped the robot!
INFO:root:Odometry was stopped
