INFO:root:Program started
INFO:root:Robot set up!
ERROR:root:get_sensor error: Invalid sensor data
ERROR:root:get_sensor error: Invalid sensor data
ERROR:root:get_sensor error: Invalid sensor data
ERROR:root:get_sensor error: Invalid sensor data
ERROR:root:get_sensor error: Invalid sensor data
ERROR:root:get_sensor error: Invalid sensor data
ERROR:root:get_sensor error: Invalid sensor data
ERROR:root:get_sensor error: Invalid sensor data
ERROR:root:get_sensor error: Invalid sensor data
ERROR:root:get_sensor error: Invalid sensor data
ERROR:root:get_sensor error: Invalid sensor data
ERROR:root:get_sensor error: Invalid sensor data
ERROR:root:get_sensor error: Invalid sensor data
ERROR:root:get_sensor error: Invalid sensor data
ERROR:root:get_sensor error: Invalid sensor data
ERROR:root:get_sensor error: Invalid sensor data
ERROR:root:get_sensor error: Invalid sensor data
ERROR:root:get_sensor error: Invalid sensor data
ERROR:root:get_sensor error: Invalid sensor data
ERROR:root:get_sensor error: Invalid sensor data
ERROR:root:get_sensor error: Invalid sensor data
ERROR:root:get_sensor error: Invalid sensor data
ERROR:root:get_sensor error: Invalid sensor data
ERROR:root:get_sensor error: Invalid sensor data
ERROR:root:get_sensor error: Invalid sensor data
ERROR:root:get_sensor error: Invalid sensor data
ERROR:root:get_sensor error: Invalid sensor data
ERROR:root:get_sensor error: Invalid sensor data
ERROR:root:get_sensor error: Invalid sensor data
ERROR:root:get_sensor error: Invalid sensor data
INFO:root:Odometry was started, PID: 3067:
INFO:root:Initial location: 0.0, 0.0, 0.0
INFO:root:The blob's size is: 37.18267059326172
INFO:root:The blob's size is: 36.567440032958984
INFO:root:The blob's size is: 37.20415115356445
INFO:root:The blob's size is: 36.94453811645508
INFO:root:The blob's size is: 36.01655960083008
INFO:root:The blob's size is: 36.78317642211914
INFO:root:The blob's size is: 33.890167236328125
INFO:root:The blob's size is: 31.408105850219727
INFO:root:The blob's size is: 26.723684310913086
INFO:root:The blob's size is: 34.08002853393555
INFO:root:The blob's size is: 31.268211364746094
INFO:root:The blob's size is: 33.308509826660156
INFO:root:The blob's size is: 29.501127243041992
INFO:root:The blob's size is: 32.950355529785156
INFO:root:The blob's size is: 31.998567581176758
INFO:root:The blob's size is: 28.10935401916504
INFO:root:The blob's size is: 33.61286544799805
INFO:root:The blob's size is: 50.29460525512695
INFO:root:The blob's size is: 27.546175003051758
INFO:root:The blob's size is: 35.25347137451172
INFO:root:The blob's size is: 56.292015075683594
INFO:root:The blob's size is: 26.630647659301758
INFO:root:The blob's size is: 56.590484619140625
INFO:root:The blob's size is: 56.78403091430664
INFO:root:The blob's size is: 23.52261734008789
INFO:root:The blob's size is: 27.840688705444336
INFO:root:The blob's size is: 28.37519645690918
INFO:root:The blob's size is: 25.008604049682617
INFO:root:The blob's size is: 47.24531555175781
INFO:root:The blob's size is: 68.35992431640625
INFO:root:The blob's size is: 37.5212516784668
INFO:root:The blob's size is: 446.7084045410156
WARNING:root:A keyboard interruption was detected!
WARNING:root:Abruptly stopped the robot!
INFO:root:Odometry was stopped
