INFO:root:Program started
INFO:root:Robot set up!
ERROR:root:get_sensor error: Invalid sensor data
ERROR:root:get_sensor error: Invalid sensor data
ERROR:root:get_sensor error: Invalid sensor data
ERROR:root:get_sensor error: Invalid sensor data
ERROR:root:get_sensor error: Invalid sensor data
ERROR:root:get_sensor error: Invalid sensor data
ERROR:root:get_sensor error: Invalid sensor data
ERROR:root:get_sensor error: Invalid sensor data
ERROR:root:get_sensor error: Invalid sensor data
ERROR:root:get_sensor error: Invalid sensor data
ERROR:root:get_sensor error: Invalid sensor data
ERROR:root:get_sensor error: Invalid sensor data
ERROR:root:get_sensor error: Invalid sensor data
ERROR:root:get_sensor error: Invalid sensor data
ERROR:root:get_sensor error: Invalid sensor data
ERROR:root:get_sensor error: Invalid sensor data
ERROR:root:get_sensor error: Invalid sensor data
ERROR:root:get_sensor error: Invalid sensor data
ERROR:root:get_sensor error: Invalid sensor data
ERROR:root:get_sensor error: Invalid sensor data
ERROR:root:get_sensor error: Invalid sensor data
ERROR:root:get_sensor error: Invalid sensor data
ERROR:root:get_sensor error: Invalid sensor data
ERROR:root:get_sensor error: Invalid sensor data
ERROR:root:get_sensor error: Invalid sensor data
ERROR:root:get_sensor error: Invalid sensor data
ERROR:root:get_sensor error: Invalid sensor data
ERROR:root:get_sensor error: Invalid sensor data
ERROR:root:get_sensor error: Invalid sensor data
INFO:root:Odometry was started, PID: 3668:
INFO:root:Initial location: 0.0, 0.0, 0.0
INFO:root:The blob's size is: 37.14133834838867
INFO:root:The blob's size is: 37.767333984375
INFO:root:The blob's size is: 55.974727630615234
INFO:root:The blob's size is: 40.07918167114258
INFO:root:The blob's size is: 40.017547607421875
INFO:root:The blob's size is: 44.21610641479492
INFO:root:The blob's size is: 57.20368576049805
INFO:root:The blob's size is: 44.62004089355469
INFO:root:The blob's size is: 44.70343017578125
INFO:root:The blob's size is: 47.119136810302734
INFO:root:The blob's size is: 40.93138122558594
INFO:root:The blob's size is: 44.04375457763672
INFO:root:The blob's size is: 42.621376037597656
INFO:root:The blob's size is: 46.51493453979492
INFO:root:The blob's size is: 41.01556396484375
INFO:root:The blob's size is: 107.1044692993164
INFO:root:The blob's size is: 51.39289474487305
INFO:root:The blob's size is: 57.859867095947266
INFO:root:The blob's size is: 60.11371994018555
INFO:root:The blob's size is: 64.67830657958984
INFO:root:The blob's size is: 75.82440948486328
INFO:root:The blob's size is: 71.28352355957031
INFO:root:The blob's size is: 71.21019744873047
INFO:root:The blob's size is: 68.76988220214844
INFO:root:The blob's size is: 73.59699249267578
INFO:root:The blob's size is: 62.47085189819336
INFO:root:The blob's size is: 55.401390075683594
INFO:root:The blob's size is: 58.674034118652344
INFO:root:The blob's size is: 55.62282943725586
INFO:root:The blob's size is: 65.16641235351562
INFO:root:The blob's size is: 65.03479766845703
INFO:root:The blob's size is: 73.51312255859375
INFO:root:The blob's size is: 38.0426025390625
INFO:root:The blob's size is: 44.757442474365234
INFO:root:The blob's size is: 82.4893569946289
INFO:root:The blob's size is: 66.57051849365234
INFO:root:The blob's size is: 61.90402603149414
INFO:root:The blob's size is: 73.03697204589844
INFO:root:The blob's size is: 50.83033752441406
INFO:root:The blob's size is: 41.49098205566406
INFO:root:The blob's size is: 31.228670120239258
INFO:root:The blob's size is: 25.55314064025879
INFO:root:The blob's size is: 30.738115310668945
INFO:root:The blob's size is: 36.91571807861328
INFO:root:The blob's size is: 59.09347915649414
INFO:root:The blob's size is: 73.93556213378906
INFO:root:The blob's size is: 74.9637680053711
INFO:root:The blob's size is: 66.37651824951172
INFO:root:The blob's size is: 69.37648010253906
INFO:root:The blob's size is: 75.0678939819336
INFO:root:The blob's size is: 76.60729217529297
INFO:root:The blob's size is: 71.41690826416016
INFO:root:The blob's size is: 78.39932250976562
INFO:root:The blob's size is: 52.82487106323242
INFO:root:The blob's size is: 17.5771541595459
INFO:root:The blob's size is: 34.7236213684082
INFO:root:The blob's size is: 35.48672866821289
INFO:root:The blob's size is: 32.09819412231445
WARNING:root:A keyboard interruption was detected!
WARNING:root:Abruptly stopped the robot!
INFO:root:Odometry was stopped
