INFO:root:Program started
INFO:root:Robot set up!
INFO:root:Odometry was started, PID: 1301:
INFO:root:Initial location: 0.0, 0.0, 0.0
INFO:root:Found the ball! Approaching...
INFO:root:Close enough to the ball, size is: 70.12073516845703
INFO:root:Centering the ball...
INFO:root:The ball's x position is: 176.9428253173828
INFO:root:The ball's x position is: 173.40093994140625
INFO:root:The ball's x position is: 171.87289428710938
INFO:root:The ball's x position is: 172.14215087890625
INFO:root:The ball's x position is: 171.63406372070312
INFO:root:The ball's x position is: 170.59848022460938
INFO:root:The ball's x position is: 168.88665771484375
INFO:root:The ball's x position is: 168.72537231445312
INFO:root:The ball's x position is: 168.3972930908203
INFO:root:The ball's x position is: 167.32708740234375
INFO:root:The ball's x position is: 167.4303436279297
INFO:root:The ball's x position is: 166.8824462890625
INFO:root:The ball's x position is: 166.31753540039062
INFO:root:The ball's x position is: 165.5347137451172
INFO:root:The ball's x position is: 164.89447021484375
INFO:root:The ball's x position is: 163.85858154296875
INFO:root:The ball's x position is: 162.79563903808594
INFO:root:The ball's x position is: 160.46456909179688
INFO:root:Ball centered and ready to be catched!
INFO:root:The distance to be covered is: 0.10999999999999999 meters
WARNING:root:A keyboard interruption was detected!
WARNING:root:Abruptly stopped the robot!
INFO:root:Odometry was stopped
