INFO:root:Program started
INFO:root:Robot set up!
INFO:root:Odometry was started, PID: 10500:
INFO:root:Initial location: 0.0, 0.0, 0.0
INFO:root:Found the ball! Approaching...
WARNING:root:Lost the ball! Searching again...
INFO:root:Found the ball! Approaching...
WARNING:root:Lost the ball! Searching again...
INFO:root:Found the ball! Approaching...
INFO:root:Close enough to the ball, size is: 73.4333724975586
INFO:root:Centering the ball...
INFO:root:The ball's x position is: 162.5445556640625
INFO:root:The ball's x position is: 162.24925231933594
INFO:root:The ball's x position is: 162.31838989257812
INFO:root:The ball's x position is: 162.10159301757812
INFO:root:The ball's x position is: 162.0072479248047
INFO:root:The ball's x position is: 161.5841064453125
INFO:root:Ball centered and ready to be catched!
INFO:root:The distance to be covered is: 0.07999999999999999 meters
INFO:root:Odometry was stopped
