INFO:root:Program started
INFO:root:Robot set up!
INFO:root:Odometry was started, PID: 1264:
INFO:root:Initial location: 0.0, 0.0, 0.0
INFO:root:Found the ball! Approaching...
WARNING:root:Lost the ball! Searching again...
INFO:root:Found the ball! Approaching...
INFO:root:Close enough to the ball, size is: 71.27081298828125
INFO:root:Centering the ball...
INFO:root:The ball's x position is: 156.40029907226562
INFO:root:The ball's x position is: 153.52374267578125
INFO:root:The ball's x position is: 150.16729736328125
INFO:root:The ball's x position is: 151.20794677734375
INFO:root:The ball's x position is: 152.14761352539062
INFO:root:The ball's x position is: 153.329833984375
INFO:root:The ball's x position is: 153.7494659423828
INFO:root:The ball's x position is: 154.8652801513672
INFO:root:The ball's x position is: 156.11770629882812
INFO:root:The ball's x position is: 157.88279724121094
INFO:root:The ball's x position is: 159.20449829101562
INFO:root:Ball centered and ready to be catched!
INFO:root:The distance to be covered is: 0.08000000000000002 meters
INFO:root:Odometry was stopped
