INFO:root:Program started
INFO:root:Robot set up!
INFO:root:Odometry was started, PID: 9121:
INFO:root:Initial location: 0.0, 0.0, 0.0
INFO:root:Found the ball! Approaching...
WARNING:root:Lost the ball! Searching again...
INFO:root:Found the ball! Approaching...
INFO:root:Close enough to the ball, size is: 77.60062408447266
INFO:root:Centering the ball...
INFO:root:The ball's x position is: 55.4310302734375
INFO:root:The ball's x position is: 285.983642578125
INFO:root:The ball's x position is: 168.77244567871094
INFO:root:The ball's x position is: 157.61399841308594
INFO:root:The ball's x position is: 152.15557861328125
INFO:root:The ball's x position is: 155.1460723876953
INFO:root:The ball's x position is: 241.60409545898438
INFO:root:The ball's x position is: 295.24676513671875
INFO:root:The ball's x position is: 307.1088562011719
INFO:root:The ball's x position is: 301.218017578125
INFO:root:The ball's x position is: 273.42254638671875
INFO:root:The ball's x position is: 239.1274871826172
INFO:root:The ball's x position is: 217.4290771484375
INFO:root:The ball's x position is: 213.54612731933594
INFO:root:The ball's x position is: 214.40234375
INFO:root:The ball's x position is: 219.1068115234375
INFO:root:The ball's x position is: 222.36221313476562
INFO:root:The ball's x position is: 225.58277893066406
INFO:root:The ball's x position is: 225.88966369628906
INFO:root:The ball's x position is: 227.21441650390625
INFO:root:The ball's x position is: 231.3347930908203
INFO:root:The ball's x position is: 232.17100524902344
INFO:root:The ball's x position is: 232.84414672851562
INFO:root:The ball's x position is: 232.9779815673828
INFO:root:The ball's x position is: 230.82276916503906
INFO:root:The ball's x position is: 226.16380310058594
INFO:root:The ball's x position is: 223.29476928710938
INFO:root:The ball's x position is: 218.4170684814453
INFO:root:The ball's x position is: 213.1052703857422
INFO:root:The ball's x position is: 208.1304473876953
INFO:root:The ball's x position is: 204.18321228027344
INFO:root:The ball's x position is: 198.78692626953125
INFO:root:The ball's x position is: 192.5833282470703
INFO:root:The ball's x position is: 186.87281799316406
INFO:root:The ball's x position is: 183.6521759033203
INFO:root:The ball's x position is: 179.5430908203125
INFO:root:The ball's x position is: 174.31228637695312
INFO:root:The ball's x position is: 170.88047790527344
INFO:root:The ball's x position is: 168.18638610839844
INFO:root:The ball's x position is: 163.86428833007812
INFO:root:The ball's x position is: 160.75901794433594
INFO:root:Ball centered and ready to be catched!
INFO:root:The distance to be covered is: 0.21 meters
INFO:root:Odometry was stopped
