INFO:root:Program started
INFO:root:Setting up the robot!
INFO:root:Odometry was started, PID: 20458
INFO:root:Initial location: 0.0, 0.0, 0.0
INFO:root:PRIMER VALOR: 0.0
INFO:root:holaquetal 0.0,0.0,0.0
INFO:root:0.0, 0.0, 0.0
INFO:root:0.0, 0.0, 0.0
INFO:root:-0.39725175271914576, 0.6188632807363973, -2.0002649854313077
INFO:root:-0.39725175271914576, 0.6188632807363973, -1.0165339524889418
INFO:root:-0.39725175271914576, 0.6188632807363973, -1.0991086697876362
INFO:root:-0.39725175271914576, 0.6188632807363973, -0.43933585364945316
INFO:root:-1.142527940494711, 0.7729817027388342, 0.03149715386572893
INFO:root:spin: 0.7814179371989827
INFO:root:-1.142527940494711, 0.7729817027388342, 2.4548968508876143
INFO:root:primer cacho: -0.9763848093679676
INFO:root:0.2598193977304408, 0.3295577474751795, -3.0674033441870776
INFO:root:2.2900325764638234, 2.394772927085925, -1.6278928460821556
INFO:root:0.12109401853561019, 6.218320049934674, -0.4817064716377999
INFO:root:empieza media vuelta: 0.6180601495758502
INFO:root:5.7270526001115005, 11.235123788478228, 1.9416932253840997
INFO:root:3.1653990820081077, 19.103922414073708, 1.8293501930716545
INFO:root:3.8402266619277032, 27.257274256398198, 1.1470851218387637
INFO:root:tres cuartos vuelta: -0.12736395791699168
INFO:root:8.78114200049664, 29.193479613399923, -0.4001256745241406
INFO:root:final vuelta: -0.12736395791699168
INFO:root:6.876138510354411, 35.32082653117011, -2.138610498078936
INFO:root:4.971135020212177, 41.4481734489403, -0.4001256745241406
INFO:root:casi acaba el ocho: 0.024682825709035912
INFO:root:-1.8289026135755613, 42.55457023054804, 0.0775433839173445
INFO:root:yyy acabamos: 0.024682825709035912
INFO:root:Odometry was stopped
DEBUG:matplotlib.axes._base:update_title_pos
DEBUG:matplotlib.font_manager:findfont: Matching :family=sans-serif:style=normal:variant=normal:weight=normal:stretch=normal:size=10.0 to DejaVu Sans ('/home/pi/.local/lib/python3.5/site-packages/matplotlib/mpl-data/fonts/ttf/DejaVuSans.ttf') with score of 0.050000.
DEBUG:matplotlib.axes._base:update_title_pos
