INFO:root:Program started
INFO:root:Setting up the robot!
INFO:root:Odometry was started, PID: 19592
INFO:root:Initial location: 0.0, 0.0, 0.0
INFO:root:PRIMER VALOR: 0.0
INFO:root:holaquetal 0.0,0.0,0.0
INFO:root:-0.0761269708689444, 0.2666768372580118, -2.5854538410899064
INFO:root:-0.18825980449440793, -0.31766002782927566, -0.9353243664770128
INFO:root:-0.850901576158971, -0.5062127765180677, 1.4897646994515625
INFO:root:spin: 0.9563871254239158
INFO:root:-0.850901576158971, -0.5062127765180677, 3.004578767219634
INFO:root:primer cacho: -0.6344417987383792
INFO:root:-1.7597511272674677, -1.009479673129367, -1.9931576940467863
INFO:root:-1.6981577034206319, 2.714799072698156, -1.1815086435259374
INFO:root:-0.7190272703596147, 6.544975547519832, -2.4606358537123647
INFO:root:2.599736492945804, 11.549044429206042, -1.8521724447606438
INFO:root:empieza media vuelta: 0.6379484274285975
INFO:root:9.436594219247349, 12.069654005630454, 2.004174092978843
INFO:root:tres cuartos vuelta: -0.2654332150832065
INFO:root:final vuelta: -0.2654332150832065
INFO:root:15.960200210569315, 16.391853583819, -0.8338830385241209
INFO:root:casi acaba el ocho: 0.7395717899218012
INFO:root:20.29545855308858, 20.388460014854086, 2.323433302020584
INFO:root:yyy acabamos: 0.4994284207461582
INFO:root:22.42432202174777, 14.986795405915652, 1.5690006576100828
INFO:root:Odometry was stopped
DEBUG:matplotlib.axes._base:update_title_pos
DEBUG:matplotlib.font_manager:findfont: Matching :family=sans-serif:style=normal:variant=normal:weight=normal:stretch=normal:size=10.0 to DejaVu Sans ('/home/pi/.local/lib/python3.5/site-packages/matplotlib/mpl-data/fonts/ttf/DejaVuSans.ttf') with score of 0.050000.
DEBUG:matplotlib.axes._base:update_title_pos
