INFO:root:Program started
INFO:root:Setting up the robot!
INFO:root:Odometry was started, PID: 7802
INFO:root:Initial location: 0.0, 0.0, 0.0
INFO:root:holaquetal 0.0,0.0,0.0
INFO:root:v = 0.0, w = -155.51488682743502
INFO:root:0.0, 0.0, -85.51733333333341
INFO:root:v = 0.0, w = -155.1956079296035
INFO:root:0.0, 0.0, -170.12000000000012
INFO:root:v = 0.0, w = 1.3227268624447692
INFO:root:0.0, 0.0, -166.3306666666668
INFO:root:v = 0.002443460952792062, w = 2.4239132651697255
INFO:root:-0.00011674619961711198, -3.600803305528054e-05, -159.3866666666668
INFO:root:v = 0.0070860367630969775, w = 2.9940541541545396
INFO:root:-0.0004381083538255142, -0.00018519301340665472, -150.80933333333346
INFO:root:v = 0.0, w = 3.2774956246784184
INFO:root:-0.0004381083538255142, -0.00018519301340665472, -141.4200000000001
INFO:root:v = -0.007086036763096979, w = 3.3719761148530445
INFO:root:-0.00018072410392577608, 5.828828037883092e-05, -131.7600000000001
INFO:root:v = -0.004642575810304917, w = 3.2742376767413623
INFO:root:-4.079912271622965e-05, 0.00024350376304585575, -122.3800000000001
INFO:root:v = 0.0, w = 3.2123366659372965
INFO:root:-4.079912271622965e-05, 0.00024350376304585575, -113.17733333333342
INFO:root:v = 0.0, w = 3.147177707196175
INFO:root:-4.079912271622965e-05, 0.00024350376304585575, -104.16133333333343
INFO:root:v = 0.0, w = 3.0885346443291657
INFO:root:-4.079912271622965e-05, 0.00024350376304585575, -95.31333333333343
INFO:root:v = 0.0021991148575128405, w = 3.1178561757626704
INFO:root:-4.242517215353714e-05, 0.00013356004401397228, -86.38133333333343
INFO:root:v = 0.002443460952792062, w = 3.1211141236997264
INFO:root:-2.5233357387491238e-05, 1.26026338457701e-05, -77.4400000000001
INFO:root:v = 0.002443460952792062, w = 3.1211141236997264
INFO:root:1.0549113624042226e-05, -0.00010421289738983872, -68.49866666666676
INFO:root:v = -0.002443460952792062, w = 3.179757186566736
INFO:root:-4.3115324801058367e-05, 5.543112095142655e-06, -59.38933333333343
INFO:root:v = -0.0070860367630969645, w = 3.1178561757626704
INFO:root:-0.0002467226771936071, 0.00029549800267573067, -50.45733333333343
INFO:root:v = -0.0046425758103049025, w = 3.0852766963921097
INFO:root:-0.0004078621041097902, 0.00046258438895299334, -41.61866666666677
INFO:root:v = 0.0021991148575128405, w = 3.1830151345037923
INFO:root:-0.00032011611665341307, 0.000396320469082225, -32.5000000000001
INFO:root:v = 0.002443460952792062, w = 3.179757186566736
INFO:root:-0.0002121890425759117, 0.0003390666460603668, -23.39066666666676
INFO:root:v = 0.0021991148575128405, w = 3.1178561757626704
INFO:root:-0.00010817686721818079, 0.0003034052836538779, -14.458666666666764
INFO:root:v = 0.002443460952792062, w = 3.1211141236997264
INFO:root:1.2144537953377236e-05, 0.00028221535616248464, -5.517333333333429
INFO:root:v = -0.002443460952792062, w = 3.1211141236997264
INFO:root:-0.0001100081249612548, 0.0002844470623288543, 3.423999999999904
INFO:root:v = 0.0021991148575128405, w = 3.1178561757626704
INFO:root:-1.0932850801866008e-06, 0.00029954087049696026, 12.355999999999904
INFO:root:v = 0.0, w = 3.147177707196175
INFO:root:-1.0932850801866008e-06, 0.00029954087049696026, 21.371999999999908
INFO:root:v = 0.0, w = 3.147177707196175
INFO:root:-1.0932850801866008e-06, 0.00029954087049696026, 30.38799999999991
INFO:root:v = 0.0, w = 3.147177707196175
INFO:root:-1.0932850801866008e-06, 0.00029954087049696026, 39.40399999999991
INFO:root:v = 0.0, w = 3.147177707196175
INFO:root:-1.0932850801866008e-06, 0.00029954087049696026, 48.419999999999916
INFO:root:v = 0.0021991148575128405, w = 3.1178561757626704
INFO:root:6.525432423258755e-05, 0.00038722359473505517, 57.35199999999991
INFO:root:v = 0.0021991148575128405, w = 3.1178561757626704
INFO:root:0.00011718354865910904, 0.00048414428933530175, 66.2839999999999
INFO:root:v = 0.0, w = 3.147177707196175
INFO:root:0.00011718354865910904, 0.00048414428933530175, 75.29999999999991
INFO:root:v = -0.002443460952792062, w = 3.179757186566736
INFO:root:9.566330073703873e-05, 0.0003638815249444839, 84.40933333333325
INFO:root:v = 0.0, w = 3.147177707196175
INFO:root:9.566330073703873e-05, 0.0003638815249444839, 93.42533333333324
INFO:root:v = -0.0046425758103049025, w = 3.0852766963921097
INFO:root:0.0001273460715852095, 0.00013392505641738887, 102.26399999999991
INFO:root:v = 0.0, w = 3.0885346443291657
INFO:root:0.0001273460715852095, 0.00013392505641738887, 111.11199999999991
WARNING:root:A keyboard interruption was detected!
WARNING:root:Abruptly stopped the robot!
INFO:root:Odometry was stopped
DEBUG:matplotlib.axes._base:update_title_pos
DEBUG:matplotlib.font_manager:findfont: Matching :family=sans-serif:style=normal:variant=normal:weight=normal:stretch=normal:size=10.0 to DejaVu Sans ('/home/pi/.local/lib/python3.5/site-packages/matplotlib/mpl-data/fonts/ttf/DejaVuSans.ttf') with score of 0.050000.
DEBUG:matplotlib.axes._base:update_title_pos
