INFO:root:Program started
INFO:root:Robot set up!
INFO:root:Odometry was started, PID: 1867:
INFO:root:Initial location: 0.0, 0.0, 0.0
INFO:root:Found the ball! Approaching...
INFO:root:Close enough to the ball, size is: 70.01020050048828
INFO:root:Centering the ball...
INFO:root:The ball's x position is: 150.57420349121094
INFO:root:The ball's x position is: 150.18182373046875
INFO:root:The ball's x position is: 150.74871826171875
INFO:root:The ball's x position is: 151.23545837402344
INFO:root:The ball's x position is: 151.79864501953125
INFO:root:The ball's x position is: 151.760498046875
INFO:root:The ball's x position is: 151.9832305908203
INFO:root:The ball's x position is: 152.06109619140625
INFO:root:The ball's x position is: 153.21775817871094
INFO:root:The ball's x position is: 153.39881896972656
INFO:root:The ball's x position is: 154.2611083984375
INFO:root:The ball's x position is: 154.93304443359375
INFO:root:The ball's x position is: 155.69744873046875
INFO:root:The ball's x position is: 157.0139923095703
INFO:root:The ball's x position is: 157.09637451171875
INFO:root:The ball's x position is: 158.11187744140625
INFO:root:Ball centered and ready to be catched!
INFO:root:The distance to be covered is: 0.08000000000000002 meters
INFO:root:Odometry was stopped
