INFO:root:Program started
INFO:root:Robot set up!
INFO:root:Odometry was started, PID: 7169:
INFO:root:Initial location: 0.0, 0.0, 0.0
INFO:root:Found the ball! Approaching...
WARNING:root:Lost the ball! Searching again...
INFO:root:Found the ball! Approaching...
WARNING:root:Lost the ball! Searching again...
INFO:root:Found the ball! Approaching...
WARNING:root:Lost the ball! Searching again...
INFO:root:Found the ball! Approaching...
WARNING:root:Lost the ball! Searching again...
INFO:root:Found the ball! Approaching...
WARNING:root:Lost the ball! Searching again...
INFO:root:Found the ball! Approaching...
INFO:root:Close enough to the ball, size is: 76.21916198730469
INFO:root:Centering the ball...
INFO:root:The ball's x position is: 162.70901489257812
INFO:root:The ball's x position is: 162.05862426757812
INFO:root:The ball's x position is: 161.4964599609375
INFO:root:Ball centered and ready to be catched!
INFO:root:The distance to be covered is: 0.14 meters
INFO:root:Odometry was stopped
