INFO:root:Program started
INFO:root:Robot set up!
ERROR:root:get_sensor error: Invalid sensor data
ERROR:root:get_sensor error: Invalid sensor data
ERROR:root:get_sensor error: Invalid sensor data
ERROR:root:get_sensor error: Invalid sensor data
ERROR:root:get_sensor error: Invalid sensor data
ERROR:root:get_sensor error: Invalid sensor data
ERROR:root:get_sensor error: Invalid sensor data
ERROR:root:get_sensor error: Invalid sensor data
ERROR:root:get_sensor error: Invalid sensor data
ERROR:root:get_sensor error: Invalid sensor data
ERROR:root:get_sensor error: Invalid sensor data
ERROR:root:get_sensor error: Invalid sensor data
ERROR:root:get_sensor error: Invalid sensor data
ERROR:root:get_sensor error: Invalid sensor data
ERROR:root:get_sensor error: Invalid sensor data
ERROR:root:get_sensor error: Invalid sensor data
ERROR:root:get_sensor error: Invalid sensor data
ERROR:root:get_sensor error: Invalid sensor data
ERROR:root:get_sensor error: Invalid sensor data
ERROR:root:get_sensor error: Invalid sensor data
ERROR:root:get_sensor error: Invalid sensor data
ERROR:root:get_sensor error: Invalid sensor data
ERROR:root:get_sensor error: Invalid sensor data
ERROR:root:get_sensor error: Invalid sensor data
ERROR:root:get_sensor error: Invalid sensor data
ERROR:root:get_sensor error: Invalid sensor data
ERROR:root:get_sensor error: Invalid sensor data
ERROR:root:get_sensor error: Invalid sensor data
ERROR:root:get_sensor error: Invalid sensor data
INFO:root:Odometry was started, PID: 6924:
INFO:root:Initial location: 0.0, 0.0, 0.0
INFO:root:The blob's size is: 65.66610717773438
INFO:root:The blob's size is: 88.27140808105469
INFO:root:The blob's size is: 90.14122009277344
INFO:root:The blob's size is: 92.28279876708984
INFO:root:The blob's size is: 91.41112518310547
INFO:root:The blob's size is: 91.951171875
INFO:root:The blob's size is: 90.27906799316406
INFO:root:The blob's size is: 91.00541687011719
INFO:root:The blob's size is: 89.81737518310547
INFO:root:The blob's size is: 91.57815551757812
INFO:root:The blob's size is: 90.97488403320312
INFO:root:The blob's size is: 90.16629791259766
INFO:root:The blob's size is: 88.7218246459961
INFO:root:The blob's size is: 90.24378204345703
INFO:root:The blob's size is: 90.82451629638672
INFO:root:The blob's size is: 94.89983367919922
INFO:root:The blob's size is: 91.97993469238281
INFO:root:The blob's size is: 90.72997283935547
INFO:root:The blob's size is: 90.27214813232422
INFO:root:The blob's size is: 94.66050720214844
INFO:root:The blob's size is: 88.76615142822266
INFO:root:The blob's size is: 88.08026123046875
INFO:root:The blob's size is: 89.80091857910156
INFO:root:The blob's size is: 91.91492462158203
INFO:root:The blob's size is: 89.61539459228516
INFO:root:The blob's size is: 91.98711395263672
INFO:root:The blob's size is: 94.94996643066406
WARNING:root:A keyboard interruption was detected!
WARNING:root:Abruptly stopped the robot!
INFO:root:Odometry was stopped
