INFO:root:Program started
INFO:root:Robot set up!
ERROR:root:get_sensor error: Invalid sensor data
ERROR:root:get_sensor error: Invalid sensor data
ERROR:root:get_sensor error: Invalid sensor data
ERROR:root:get_sensor error: Invalid sensor data
ERROR:root:get_sensor error: Invalid sensor data
ERROR:root:get_sensor error: Invalid sensor data
ERROR:root:get_sensor error: Invalid sensor data
ERROR:root:get_sensor error: Invalid sensor data
ERROR:root:get_sensor error: Invalid sensor data
ERROR:root:get_sensor error: Invalid sensor data
ERROR:root:get_sensor error: Invalid sensor data
ERROR:root:get_sensor error: Invalid sensor data
ERROR:root:get_sensor error: Invalid sensor data
ERROR:root:get_sensor error: Invalid sensor data
ERROR:root:get_sensor error: Invalid sensor data
ERROR:root:get_sensor error: Invalid sensor data
ERROR:root:get_sensor error: Invalid sensor data
ERROR:root:get_sensor error: Invalid sensor data
ERROR:root:get_sensor error: Invalid sensor data
ERROR:root:get_sensor error: Invalid sensor data
ERROR:root:get_sensor error: Invalid sensor data
ERROR:root:get_sensor error: Invalid sensor data
ERROR:root:get_sensor error: Invalid sensor data
ERROR:root:get_sensor error: Invalid sensor data
ERROR:root:get_sensor error: Invalid sensor data
ERROR:root:get_sensor error: Invalid sensor data
ERROR:root:get_sensor error: Invalid sensor data
ERROR:root:get_sensor error: Invalid sensor data
ERROR:root:get_sensor error: Invalid sensor data
ERROR:root:get_sensor error: Invalid sensor data
INFO:root:Odometry was started, PID: 1503:
INFO:root:Initial location: 0.0, 0.0, 0.0
INFO:root:PRIMER VALOR: 0.0,0.0
INFO:root:spin: 0.5050370370370371,-0.3666666666666667
INFO:root:primer cacho: -0.5050370370370376,0.7055555555555556
INFO:root:empieza media vuelta: 0.5060740740740739,-0.3333333333333333
INFO:root:tres cuartos vuelta: -0.9961481481481479,-0.8444444444444446
INFO:root:final vuelta: -0.49733333333333263,0.6388888888888887
INFO:root:casi acaba el ocho: 0.9986666666666669,0.4833333333333332
INFO:root:yyy acabamos: 0.4957037037037036,0.9166666666666666
INFO:root:Odometry was stopped
