INFO:root:Program started
INFO:root:Robot set up!
ERROR:root:get_sensor error: Invalid sensor data
ERROR:root:get_sensor error: Invalid sensor data
ERROR:root:get_sensor error: Invalid sensor data
ERROR:root:get_sensor error: Invalid sensor data
ERROR:root:get_sensor error: Invalid sensor data
ERROR:root:get_sensor error: Invalid sensor data
ERROR:root:get_sensor error: Invalid sensor data
ERROR:root:get_sensor error: Invalid sensor data
ERROR:root:get_sensor error: Invalid sensor data
ERROR:root:get_sensor error: Invalid sensor data
ERROR:root:get_sensor error: Invalid sensor data
ERROR:root:get_sensor error: Invalid sensor data
ERROR:root:get_sensor error: Invalid sensor data
ERROR:root:get_sensor error: Invalid sensor data
ERROR:root:get_sensor error: Invalid sensor data
ERROR:root:get_sensor error: Invalid sensor data
ERROR:root:get_sensor error: Invalid sensor data
ERROR:root:get_sensor error: Invalid sensor data
ERROR:root:get_sensor error: Invalid sensor data
ERROR:root:get_sensor error: Invalid sensor data
ERROR:root:get_sensor error: Invalid sensor data
ERROR:root:get_sensor error: Invalid sensor data
ERROR:root:get_sensor error: Invalid sensor data
ERROR:root:get_sensor error: Invalid sensor data
ERROR:root:get_sensor error: Invalid sensor data
ERROR:root:get_sensor error: Invalid sensor data
ERROR:root:get_sensor error: Invalid sensor data
ERROR:root:get_sensor error: Invalid sensor data
ERROR:root:get_sensor error: Invalid sensor data
ERROR:root:get_sensor error: Invalid sensor data
ERROR:root:get_sensor error: Invalid sensor data
ERROR:root:get_sensor error: Invalid sensor data
ERROR:root:get_sensor error: Invalid sensor data
ERROR:root:get_sensor error: Invalid sensor data
ERROR:root:get_sensor error: Invalid sensor data
ERROR:root:get_sensor error: Invalid sensor data
ERROR:root:get_sensor error: Invalid sensor data
ERROR:root:get_sensor error: Invalid sensor data
ERROR:root:get_sensor error: Invalid sensor data
ERROR:root:get_sensor error: Invalid sensor data
ERROR:root:get_sensor error: Invalid sensor data
ERROR:root:get_sensor error: Invalid sensor data
ERROR:root:get_sensor error: Invalid sensor data
ERROR:root:get_sensor error: Invalid sensor data
ERROR:root:get_sensor error: Invalid sensor data
ERROR:root:get_sensor error: Invalid sensor data
ERROR:root:get_sensor error: Invalid sensor data
ERROR:root:get_sensor error: Invalid sensor data
ERROR:root:get_sensor error: Invalid sensor data
ERROR:root:get_sensor error: Invalid sensor data
ERROR:root:get_sensor error: Invalid sensor data
ERROR:root:get_sensor error: Invalid sensor data
ERROR:root:get_sensor error: Invalid sensor data
ERROR:root:get_sensor error: Invalid sensor data
ERROR:root:get_sensor error: Invalid sensor data
ERROR:root:get_sensor error: Invalid sensor data
ERROR:root:get_sensor error: Invalid sensor data
ERROR:root:get_sensor error: Invalid sensor data
ERROR:root:get_sensor error: Invalid sensor data
ERROR:root:get_sensor error: Invalid sensor data
ERROR:root:get_sensor error: Invalid sensor data
ERROR:root:get_sensor error: Invalid sensor data
ERROR:root:get_sensor error: Invalid sensor data
ERROR:root:get_sensor error: Invalid sensor data
ERROR:root:get_sensor error: Invalid sensor data
ERROR:root:get_sensor error: Invalid sensor data
ERROR:root:get_sensor error: Invalid sensor data
ERROR:root:get_sensor error: Invalid sensor data
ERROR:root:get_sensor error: Invalid sensor data
ERROR:root:get_sensor error: Invalid sensor data
ERROR:root:get_sensor error: Invalid sensor data
ERROR:root:get_sensor error: Invalid sensor data
ERROR:root:get_sensor error: Invalid sensor data
ERROR:root:get_sensor error: Invalid sensor data
ERROR:root:get_sensor error: Invalid sensor data
ERROR:root:get_sensor error: Invalid sensor data
ERROR:root:get_sensor error: Invalid sensor data
ERROR:root:get_sensor error: Invalid sensor data
ERROR:root:get_sensor error: Invalid sensor data
ERROR:root:get_sensor error: Invalid sensor data
ERROR:root:get_sensor error: Invalid sensor data
ERROR:root:get_sensor error: Invalid sensor data
ERROR:root:get_sensor error: Invalid sensor data
ERROR:root:get_sensor error: Invalid sensor data
ERROR:root:get_sensor error: Invalid sensor data
ERROR:root:get_sensor error: Invalid sensor data
ERROR:root:get_sensor error: Invalid sensor data
ERROR:root:get_sensor error: Invalid sensor data
ERROR:root:get_sensor error: Invalid sensor data
ERROR:root:get_sensor error: Invalid sensor data
ERROR:root:get_sensor error: Invalid sensor data
ERROR:root:get_sensor error: Invalid sensor data
ERROR:root:get_sensor error: Invalid sensor data
ERROR:root:get_sensor error: Invalid sensor data
ERROR:root:get_sensor error: Invalid sensor data
ERROR:root:get_sensor error: Invalid sensor data
ERROR:root:get_sensor error: Invalid sensor data
ERROR:root:get_sensor error: Invalid sensor data
ERROR:root:get_sensor error: Invalid sensor data
ERROR:root:get_sensor error: Invalid sensor data
ERROR:root:get_sensor error: Invalid sensor data
ERROR:root:get_sensor error: Invalid sensor data
ERROR:root:get_sensor error: Invalid sensor data
ERROR:root:get_sensor error: Invalid sensor data
ERROR:root:get_sensor error: Invalid sensor data
ERROR:root:get_sensor error: Invalid sensor data
ERROR:root:get_sensor error: Invalid sensor data
ERROR:root:get_sensor error: Invalid sensor data
ERROR:root:get_sensor error: Invalid sensor data
ERROR:root:get_sensor error: Invalid sensor data
ERROR:root:get_sensor error: Invalid sensor data
ERROR:root:get_sensor error: Invalid sensor data
ERROR:root:get_sensor error: Invalid sensor data
ERROR:root:get_sensor error: Invalid sensor data
ERROR:root:get_sensor error: Invalid sensor data
ERROR:root:get_sensor error: Invalid sensor data
ERROR:root:get_sensor error: Invalid sensor data
ERROR:root:get_sensor error: Invalid sensor data
ERROR:root:get_sensor error: Invalid sensor data
ERROR:root:get_sensor error: Invalid sensor data
ERROR:root:get_sensor error: Invalid sensor data
ERROR:root:get_sensor error: Invalid sensor data
ERROR:root:get_sensor error: Invalid sensor data
ERROR:root:get_sensor error: Invalid sensor data
ERROR:root:get_sensor error: Invalid sensor data
ERROR:root:get_sensor error: Invalid sensor data
ERROR:root:get_sensor error: Invalid sensor data
ERROR:root:get_sensor error: Invalid sensor data
ERROR:root:get_sensor error: Invalid sensor data
ERROR:root:get_sensor error: Invalid sensor data
ERROR:root:get_sensor error: Invalid sensor data
ERROR:root:get_sensor error: Invalid sensor data
ERROR:root:get_sensor error: Invalid sensor data
ERROR:root:get_sensor error: Invalid sensor data
ERROR:root:get_sensor error: Invalid sensor data
ERROR:root:get_sensor error: Invalid sensor data
ERROR:root:get_sensor error: Invalid sensor data
ERROR:root:get_sensor error: Invalid sensor data
ERROR:root:get_sensor error: Invalid sensor data
ERROR:root:get_sensor error: Invalid sensor data
ERROR:root:get_sensor error: Invalid sensor data
INFO:root:Odometry was started, PID: 11762:
INFO:root:Initial location: 0.0, 0.0, 0.0
INFO:root:The blob's size is: 26.922977447509766
INFO:root:Found the ball! Approaching...
INFO:root:The blob's size is: 26.64454460144043
INFO:root:The blob's size is: 27.03166389465332
INFO:root:The blob's size is: 26.557157516479492
INFO:root:The blob's size is: 27.292396545410156
INFO:root:The blob's size is: 25.321962356567383
INFO:root:The blob's size is: 24.855194091796875
INFO:root:The blob's size is: 26.494903564453125
INFO:root:The blob's size is: 25.67499542236328
INFO:root:The blob's size is: 24.927915573120117
INFO:root:The blob's size is: 24.80199432373047
INFO:root:The blob's size is: 24.450302124023438
INFO:root:The blob's size is: 25.57636260986328
WARNING:root:Lost the ball! Searching again...
INFO:root:The blob's size is: 35.75004577636719
INFO:root:Found the ball! Approaching...
INFO:root:The blob's size is: 43.32554626464844
INFO:root:The blob's size is: 45.371028900146484
INFO:root:The blob's size is: 43.90414810180664
INFO:root:The blob's size is: 43.40809631347656
INFO:root:The blob's size is: 43.2288932800293
INFO:root:The blob's size is: 41.09160232543945
INFO:root:The blob's size is: 41.932865142822266
INFO:root:The blob's size is: 41.107749938964844
INFO:root:The blob's size is: 41.28184127807617
INFO:root:The blob's size is: 41.3500862121582
INFO:root:The blob's size is: 41.98788833618164
INFO:root:The blob's size is: 42.850128173828125
INFO:root:The blob's size is: 44.046295166015625
INFO:root:The blob's size is: 45.07027816772461
INFO:root:The blob's size is: 45.56892013549805
INFO:root:The blob's size is: 46.61470031738281
INFO:root:The blob's size is: 48.233741760253906
INFO:root:The blob's size is: 49.62107849121094
INFO:root:The blob's size is: 51.218170166015625
INFO:root:The blob's size is: 52.370811462402344
INFO:root:The blob's size is: 54.285919189453125
INFO:root:The blob's size is: 54.930419921875
INFO:root:The blob's size is: 56.21927261352539
INFO:root:The blob's size is: 57.2243537902832
INFO:root:The blob's size is: 58.93311309814453
INFO:root:The blob's size is: 61.65545654296875
INFO:root:The blob's size is: 62.627464294433594
INFO:root:The blob's size is: 64.4288558959961
INFO:root:The blob's size is: 65.75596618652344
INFO:root:The blob's size is: 67.34713745117188
INFO:root:The blob's size is: 68.76587677001953
INFO:root:The blob's size is: 70.48841094970703
INFO:root:The blob's size is: 72.38465118408203
INFO:root:The blob's size is: 74.80091857910156
WARNING:root:Lost the ball! Searching again...
INFO:root:The blob's size is: 78.82494354248047
INFO:root:Found the ball! Approaching...
INFO:root:The blob's size is: 80.89717102050781
INFO:root:The blob's size is: 82.88257598876953
INFO:root:The blob's size is: 84.7490005493164
INFO:root:The blob's size is: 85.59993743896484
INFO:root:The blob's size is: 87.85110473632812
INFO:root:The blob's size is: 88.27952575683594
INFO:root:The blob's size is: 88.7171630859375
INFO:root:The blob's size is: 88.8310546875
INFO:root:The blob's size is: 90.1656723022461
INFO:root:The blob's size is: 91.01045227050781
INFO:root:The blob's size is: 91.71626281738281
INFO:root:The blob's size is: 93.32892608642578
INFO:root:The blob's size is: 94.18159484863281
INFO:root:The blob's size is: 95.1063461303711
INFO:root:The blob's size is: 96.55979919433594
INFO:root:The blob's size is: 96.38578796386719
INFO:root:The blob's size is: 96.91960144042969
INFO:root:The blob's size is: 98.75786590576172
INFO:root:Ready to grab the ball.
INFO:root:The blob's size is: 98.8326644897461
INFO:root:Ball centered and ready to be catched!
INFO:root:The distance to be covered is: 2.5 meters
