INFO:root:Program started
INFO:root:Robot set up!
ERROR:root:get_sensor error: Invalid sensor data
ERROR:root:get_sensor error: Invalid sensor data
ERROR:root:get_sensor error: Invalid sensor data
ERROR:root:get_sensor error: Invalid sensor data
ERROR:root:get_sensor error: Invalid sensor data
ERROR:root:get_sensor error: Invalid sensor data
ERROR:root:get_sensor error: Invalid sensor data
ERROR:root:get_sensor error: Invalid sensor data
ERROR:root:get_sensor error: Invalid sensor data
ERROR:root:get_sensor error: Invalid sensor data
ERROR:root:get_sensor error: Invalid sensor data
ERROR:root:get_sensor error: Invalid sensor data
ERROR:root:get_sensor error: Invalid sensor data
ERROR:root:get_sensor error: Invalid sensor data
ERROR:root:get_sensor error: Invalid sensor data
ERROR:root:get_sensor error: Invalid sensor data
ERROR:root:get_sensor error: Invalid sensor data
ERROR:root:get_sensor error: Invalid sensor data
ERROR:root:get_sensor error: Invalid sensor data
ERROR:root:get_sensor error: Invalid sensor data
ERROR:root:get_sensor error: Invalid sensor data
ERROR:root:get_sensor error: Invalid sensor data
ERROR:root:get_sensor error: Invalid sensor data
ERROR:root:get_sensor error: Invalid sensor data
ERROR:root:get_sensor error: Invalid sensor data
ERROR:root:get_sensor error: Invalid sensor data
ERROR:root:get_sensor error: Invalid sensor data
ERROR:root:get_sensor error: Invalid sensor data
ERROR:root:get_sensor error: Invalid sensor data
INFO:root:Odometry was started, PID: 8255:
INFO:root:Initial location: 0.0, 0.0, 0.0
INFO:root:The blob's size is: 70.47451782226562
INFO:root:The blob's size is: 70.07178497314453
INFO:root:The blob's size is: 72.0986099243164
INFO:root:The blob's size is: 71.64541625976562
INFO:root:The blob's size is: 72.9127426147461
INFO:root:The blob's size is: 41.43865966796875
INFO:root:The blob's size is: 73.76508331298828
INFO:root:The blob's size is: 70.71775817871094
INFO:root:The blob's size is: 39.680057525634766
INFO:root:The blob's size is: 44.420021057128906
INFO:root:The blob's size is: 41.714515686035156
INFO:root:The blob's size is: 43.717674255371094
INFO:root:The blob's size is: 47.54169845581055
INFO:root:The blob's size is: 67.00162506103516
INFO:root:The blob's size is: 117.93922424316406
INFO:root:The blob's size is: 47.0125846862793
INFO:root:The blob's size is: 38.68128204345703
INFO:root:The blob's size is: 28.229169845581055
INFO:root:The blob's size is: 26.3184871673584
INFO:root:The blob's size is: 24.042924880981445
INFO:root:The blob's size is: 24.539690017700195
INFO:root:The blob's size is: 38.4141731262207
INFO:root:The blob's size is: 35.00560760498047
INFO:root:The blob's size is: 32.03083419799805
INFO:root:The blob's size is: 30.474395751953125
INFO:root:The blob's size is: 37.18143081665039
INFO:root:The blob's size is: 32.38853454589844
INFO:root:The blob's size is: 39.763893127441406
INFO:root:The blob's size is: 32.54018020629883
INFO:root:The blob's size is: 40.580101013183594
INFO:root:The blob's size is: 27.73329734802246
INFO:root:The blob's size is: 40.006038665771484
INFO:root:The blob's size is: 31.298818588256836
INFO:root:The blob's size is: 30.757856369018555
INFO:root:The blob's size is: 25.13019371032715
INFO:root:The blob's size is: 23.37444305419922
INFO:root:The blob's size is: 48.1667594909668
INFO:root:The blob's size is: 74.81855773925781
INFO:root:The blob's size is: 27.90778160095215
INFO:root:The blob's size is: 27.804529190063477
INFO:root:The blob's size is: 39.03425979614258
INFO:root:The blob's size is: 35.00442886352539
INFO:root:The blob's size is: 98.34326934814453
INFO:root:The blob's size is: 37.21393585205078
INFO:root:The blob's size is: 46.162147521972656
INFO:root:The blob's size is: 39.90797424316406
INFO:root:The blob's size is: 33.50320053100586
INFO:root:The blob's size is: 38.65662384033203
INFO:root:The blob's size is: 31.78524398803711
INFO:root:The blob's size is: 74.11865997314453
INFO:root:The blob's size is: 88.4978256225586
INFO:root:The blob's size is: 29.153947830200195
INFO:root:The blob's size is: 29.025821685791016
INFO:root:The blob's size is: 25.074934005737305
INFO:root:The blob's size is: 33.080238342285156
INFO:root:The blob's size is: 24.91356658935547
INFO:root:The blob's size is: 26.8413143157959
INFO:root:The blob's size is: 30.47994041442871
INFO:root:The blob's size is: 42.3849983215332
INFO:root:The blob's size is: 33.187599182128906
INFO:root:The blob's size is: 33.038272857666016
INFO:root:The blob's size is: 30.5668888092041
INFO:root:The blob's size is: 40.14675521850586
INFO:root:The blob's size is: 39.31422805786133
INFO:root:The blob's size is: 30.79015350341797
INFO:root:The blob's size is: 29.33135986328125
INFO:root:The blob's size is: 31.97613525390625
INFO:root:The blob's size is: 33.65462875366211
INFO:root:The blob's size is: 33.96421813964844
INFO:root:The blob's size is: 33.57503128051758
INFO:root:The blob's size is: 33.13621139526367
INFO:root:The blob's size is: 34.886451721191406
INFO:root:The blob's size is: 39.24095153808594
INFO:root:The blob's size is: 39.48368835449219
INFO:root:The blob's size is: 30.5888671875
INFO:root:The blob's size is: 34.858154296875
INFO:root:The blob's size is: 34.98112869262695
INFO:root:The blob's size is: 25.924022674560547
INFO:root:The blob's size is: 26.133377075195312
INFO:root:The blob's size is: 26.59435272216797
INFO:root:The blob's size is: 35.10410690307617
INFO:root:The blob's size is: 23.162622451782227
INFO:root:The blob's size is: 23.500703811645508
INFO:root:The blob's size is: 23.661893844604492
INFO:root:The blob's size is: 36.602638244628906
INFO:root:The blob's size is: 32.001609802246094
INFO:root:The blob's size is: 22.755401611328125
INFO:root:The blob's size is: 45.65576934814453
