INFO:root:Program started
INFO:root:Robot set up!
ERROR:root:get_sensor error: Invalid sensor data
ERROR:root:get_sensor error: Invalid sensor data
ERROR:root:get_sensor error: Invalid sensor data
ERROR:root:get_sensor error: Invalid sensor data
ERROR:root:get_sensor error: Invalid sensor data
ERROR:root:get_sensor error: Invalid sensor data
ERROR:root:get_sensor error: Invalid sensor data
ERROR:root:get_sensor error: Invalid sensor data
ERROR:root:get_sensor error: Invalid sensor data
ERROR:root:get_sensor error: Invalid sensor data
ERROR:root:get_sensor error: Invalid sensor data
ERROR:root:get_sensor error: Invalid sensor data
ERROR:root:get_sensor error: Invalid sensor data
ERROR:root:get_sensor error: Invalid sensor data
ERROR:root:get_sensor error: Invalid sensor data
ERROR:root:get_sensor error: Invalid sensor data
ERROR:root:get_sensor error: Invalid sensor data
ERROR:root:get_sensor error: Invalid sensor data
ERROR:root:get_sensor error: Invalid sensor data
ERROR:root:get_sensor error: Invalid sensor data
ERROR:root:get_sensor error: Invalid sensor data
ERROR:root:get_sensor error: Invalid sensor data
ERROR:root:get_sensor error: Invalid sensor data
ERROR:root:get_sensor error: Invalid sensor data
ERROR:root:get_sensor error: Invalid sensor data
ERROR:root:get_sensor error: Invalid sensor data
ERROR:root:get_sensor error: Invalid sensor data
ERROR:root:get_sensor error: Invalid sensor data
ERROR:root:get_sensor error: Invalid sensor data
ERROR:root:get_sensor error: Invalid sensor data
INFO:root:Odometry was started, PID: 3284:
INFO:root:Initial location: 0.0, 0.0, 0.0
INFO:root:The blob's size is: 101.2258529663086
INFO:root:The blob's size is: 101.58123016357422
INFO:root:The blob's size is: 101.53471374511719
INFO:root:The blob's size is: 100.857666015625
INFO:root:The blob's size is: 113.51420593261719
INFO:root:The blob's size is: 113.0485610961914
INFO:root:The blob's size is: 30.832212448120117
INFO:root:The blob's size is: 31.611482620239258
INFO:root:The blob's size is: 118.40240478515625
INFO:root:The blob's size is: 115.52269744873047
INFO:root:The blob's size is: 32.71958541870117
INFO:root:The blob's size is: 31.030363082885742
INFO:root:The blob's size is: 34.30457305908203
INFO:root:The blob's size is: 110.88185119628906
INFO:root:The blob's size is: 38.86604690551758
INFO:root:The blob's size is: 122.71279907226562
INFO:root:The blob's size is: 34.01533126831055
INFO:root:The blob's size is: 123.94719696044922
INFO:root:The blob's size is: 123.91271209716797
INFO:root:The blob's size is: 124.3670654296875
INFO:root:The blob's size is: 123.61453247070312
INFO:root:The blob's size is: 38.8567008972168
INFO:root:The blob's size is: 104.22454071044922
INFO:root:The blob's size is: 122.85376739501953
INFO:root:The blob's size is: 35.56317901611328
INFO:root:The blob's size is: 37.79900360107422
INFO:root:The blob's size is: 52.06171417236328
INFO:root:The blob's size is: 34.730709075927734
INFO:root:The blob's size is: 31.721940994262695
INFO:root:The blob's size is: 32.104305267333984
INFO:root:The blob's size is: 28.910184860229492
INFO:root:The blob's size is: 88.10249328613281
INFO:root:The blob's size is: 34.83939743041992
INFO:root:The blob's size is: 20.961610794067383
INFO:root:The blob's size is: 21.44308090209961
INFO:root:The blob's size is: 26.176597595214844
INFO:root:The blob's size is: 33.33335494995117
INFO:root:The blob's size is: 29.99155044555664
INFO:root:The blob's size is: 31.980396270751953
INFO:root:The blob's size is: 31.40398406982422
INFO:root:The blob's size is: 31.79214096069336
INFO:root:The blob's size is: 34.948612213134766
INFO:root:The blob's size is: 32.22746276855469
INFO:root:The blob's size is: 34.983089447021484
INFO:root:The blob's size is: 23.685697555541992
INFO:root:The blob's size is: 32.59707260131836
WARNING:root:A keyboard interruption was detected!
WARNING:root:Abruptly stopped the robot!
INFO:root:Odometry was stopped
