INFO:root:Program started
INFO:root:Robot set up!
ERROR:root:get_sensor error: Sensor not configured or not supported.
INFO:root:Odometry was started, PID: 6552:
INFO:root:Initial location: 0.0, 0.0, 0.0
INFO:root:The blob's size is: 26.814706802368164
INFO:root:Found the ball! Approaching...
WARNING:root:Lost the ball! Searching again...
INFO:root:The blob's size is: 32.16366195678711
INFO:root:Found the ball! Approaching...
WARNING:root:Lost the ball! Searching again...
INFO:root:The blob's size is: 33.96547317504883
INFO:root:Found the ball! Approaching...
INFO:root:The blob's size is: 32.01986312866211
INFO:root:The blob's size is: 34.37472152709961
INFO:root:The blob's size is: 33.93367004394531
WARNING:root:Lost the ball! Searching again...
INFO:root:The blob's size is: 35.020362854003906
INFO:root:Found the ball! Approaching...
WARNING:root:Lost the ball! Searching again...
INFO:root:The blob's size is: 37.61811828613281
INFO:root:Found the ball! Approaching...
WARNING:root:Lost the ball! Searching again...
INFO:root:The blob's size is: 36.574283599853516
INFO:root:Found the ball! Approaching...
WARNING:root:Lost the ball! Searching again...
WARNING:root:A keyboard interruption was detected!
WARNING:root:Abruptly stopped the robot!
INFO:root:Odometry was stopped
