INFO:root:Program started
INFO:root:Robot set up!
ERROR:root:get_sensor error: Sensor not configured or not supported.
INFO:root:Odometry was started, PID: 2716:
INFO:root:Initial location: 0.0, 0.0, 0.0
INFO:root:The blob's size is: 17.821786880493164
INFO:root:Found the ball! Approaching...
WARNING:root:Lost the ball! Searching again...
INFO:root:The blob's size is: 17.47751808166504
INFO:root:Found the ball! Approaching...
INFO:root:The blob's size is: 16.97443199157715
INFO:root:The blob's size is: 16.381261825561523
INFO:root:The blob's size is: 16.472431182861328
INFO:root:The blob's size is: 16.164302825927734
INFO:root:The blob's size is: 16.333213806152344
WARNING:root:Lost the ball! Searching again...
INFO:root:The blob's size is: 17.21013641357422
INFO:root:Found the ball! Approaching...
INFO:root:The blob's size is: 17.090978622436523
INFO:root:The blob's size is: 17.506834030151367
INFO:root:The blob's size is: 16.461267471313477
WARNING:root:Lost the ball! Searching again...
INFO:root:The blob's size is: 16.37615203857422
INFO:root:Found the ball! Approaching...
INFO:root:The blob's size is: 16.825754165649414
INFO:root:The blob's size is: 17.625896453857422
INFO:root:The blob's size is: 17.712915420532227
INFO:root:The blob's size is: 16.726152420043945
INFO:root:The blob's size is: 17.285608291625977
INFO:root:The blob's size is: 17.94432830810547
INFO:root:The blob's size is: 17.883487701416016
INFO:root:The blob's size is: 16.980031967163086
INFO:root:The blob's size is: 17.434993743896484
INFO:root:The blob's size is: 18.058330535888672
WARNING:root:Lost the ball! Searching again...
INFO:root:The blob's size is: 18.725862503051758
INFO:root:Found the ball! Approaching...
INFO:root:The blob's size is: 18.929134368896484
INFO:root:The blob's size is: 19.29366111755371
INFO:root:The blob's size is: 19.556089401245117
INFO:root:The blob's size is: 19.35308074951172
WARNING:root:Lost the ball! Searching again...
INFO:root:The blob's size is: 19.714820861816406
INFO:root:Found the ball! Approaching...
INFO:root:The blob's size is: 19.26336097717285
INFO:root:The blob's size is: 19.62076187133789
INFO:root:The blob's size is: 19.261737823486328
INFO:root:The blob's size is: 20.486053466796875
INFO:root:The blob's size is: 20.619699478149414
INFO:root:The blob's size is: 20.87570571899414
INFO:root:The blob's size is: 21.524372100830078
INFO:root:The blob's size is: 21.70668601989746
INFO:root:The blob's size is: 21.839778900146484
INFO:root:The blob's size is: 20.996686935424805
INFO:root:The blob's size is: 22.0659236907959
INFO:root:The blob's size is: 21.619489669799805
INFO:root:The blob's size is: 22.006975173950195
INFO:root:The blob's size is: 23.260284423828125
WARNING:root:Lost the ball! Searching again...
INFO:root:The blob's size is: 24.145713806152344
INFO:root:Found the ball! Approaching...
INFO:root:The blob's size is: 23.332082748413086
WARNING:root:Lost the ball! Searching again...
INFO:root:The blob's size is: 25.28722381591797
INFO:root:Found the ball! Approaching...
INFO:root:The blob's size is: 25.521169662475586
INFO:root:The blob's size is: 25.81656837463379
INFO:root:The blob's size is: 26.220552444458008
INFO:root:The blob's size is: 26.20216178894043
INFO:root:The blob's size is: 24.960735321044922
INFO:root:The blob's size is: 27.061405181884766
INFO:root:The blob's size is: 26.23700714111328
WARNING:root:Lost the ball! Searching again...
INFO:root:The blob's size is: 25.895095825195312
INFO:root:Found the ball! Approaching...
WARNING:root:Lost the ball! Searching again...
INFO:root:The blob's size is: 28.625316619873047
INFO:root:Found the ball! Approaching...
INFO:root:The blob's size is: 28.538698196411133
INFO:root:The blob's size is: 29.442840576171875
INFO:root:The blob's size is: 28.004638671875
WARNING:root:Lost the ball! Searching again...
INFO:root:The blob's size is: 30.728811264038086
INFO:root:Found the ball! Approaching...
WARNING:root:Lost the ball! Searching again...
INFO:root:The blob's size is: 30.510929107666016
INFO:root:Found the ball! Approaching...
INFO:root:The blob's size is: 30.914209365844727
WARNING:root:Lost the ball! Searching again...
INFO:root:The blob's size is: 32.43052673339844
INFO:root:Found the ball! Approaching...
INFO:root:The blob's size is: 32.58052444458008
INFO:root:The blob's size is: 32.75885009765625
INFO:root:The blob's size is: 32.930301666259766
INFO:root:The blob's size is: 31.765499114990234
INFO:root:The blob's size is: 33.385101318359375
INFO:root:The blob's size is: 32.907814025878906
INFO:root:The blob's size is: 29.30071258544922
INFO:root:The blob's size is: 32.58628463745117
INFO:root:The blob's size is: 34.34488296508789
INFO:root:The blob's size is: 33.599632263183594
INFO:root:The blob's size is: 34.00183868408203
WARNING:root:Lost the ball! Searching again...
INFO:root:The blob's size is: 36.590267181396484
INFO:root:Found the ball! Approaching...
INFO:root:The blob's size is: 35.39309310913086
INFO:root:The blob's size is: 36.439456939697266
INFO:root:The blob's size is: 35.45382308959961
INFO:root:The blob's size is: 36.29682922363281
INFO:root:The blob's size is: 37.951412200927734
INFO:root:The blob's size is: 38.30664825439453
INFO:root:The blob's size is: 37.40235900878906
INFO:root:The blob's size is: 37.01935577392578
INFO:root:The blob's size is: 38.53850555419922
INFO:root:The blob's size is: 38.44773483276367
INFO:root:The blob's size is: 39.75398254394531
INFO:root:The blob's size is: 40.656646728515625
INFO:root:The blob's size is: 41.32188034057617
INFO:root:The blob's size is: 42.3994255065918
INFO:root:The blob's size is: 42.62929153442383
INFO:root:The blob's size is: 44.773075103759766
INFO:root:The blob's size is: 44.0359001159668
INFO:root:The blob's size is: 46.55830383300781
INFO:root:The blob's size is: 47.14754867553711
INFO:root:The blob's size is: 48.5576171875
INFO:root:The blob's size is: 49.799888610839844
INFO:root:The blob's size is: 50.02896499633789
INFO:root:The blob's size is: 51.89435958862305
INFO:root:The blob's size is: 52.69877243041992
INFO:root:The blob's size is: 54.649810791015625
INFO:root:The blob's size is: 54.8679084777832
INFO:root:The blob's size is: 56.65569305419922
INFO:root:The blob's size is: 57.83531951904297
INFO:root:The blob's size is: 59.69186019897461
INFO:root:The blob's size is: 60.5608024597168
INFO:root:The blob's size is: 61.7755126953125
INFO:root:The blob's size is: 63.50849151611328
INFO:root:The blob's size is: 64.571533203125
WARNING:root:Lost the ball! Searching again...
INFO:root:The blob's size is: 67.71633911132812
INFO:root:Found the ball! Approaching...
INFO:root:The blob's size is: 68.97564697265625
INFO:root:The blob's size is: 70.68351745605469
INFO:root:The blob's size is: 72.44091033935547
INFO:root:The blob's size is: 73.35511779785156
INFO:root:The blob's size is: 75.45631408691406
INFO:root:The blob's size is: 75.91474914550781
INFO:root:The blob's size is: 75.66787719726562
INFO:root:The blob's size is: 76.63651275634766
INFO:root:The blob's size is: 77.49198150634766
INFO:root:The blob's size is: 78.93280792236328
INFO:root:The blob's size is: 80.50591278076172
INFO:root:The blob's size is: 81.83795166015625
INFO:root:The blob's size is: 82.28700256347656
INFO:root:The blob's size is: 84.26738739013672
INFO:root:The blob's size is: 85.17347717285156
INFO:root:The blob's size is: 87.21870422363281
INFO:root:The blob's size is: 88.38219451904297
INFO:root:The blob's size is: 89.37799072265625
INFO:root:The blob's size is: 89.83692169189453
INFO:root:The blob's size is: 90.93424224853516
INFO:root:The blob's size is: 92.275634765625
INFO:root:The blob's size is: 93.14330291748047
INFO:root:The blob's size is: 93.87309265136719
INFO:root:The blob's size is: 94.98531341552734
INFO:root:The blob's size is: 96.14794921875
INFO:root:The blob's size is: 96.80410766601562
INFO:root:The blob's size is: 97.55057525634766
INFO:root:Ready to grab the ball.
INFO:root:The blob's size is: 97.92520904541016
INFO:root:Ball centered and ready to be catched!
