INFO:root:Program started
INFO:root:Robot set up!
INFO:root:Odometry was started, PID: 8587:
INFO:root:Initial location: 0.0, 0.0, 0.0
INFO:root:Found the ball! Approaching...
WARNING:root:Lost the ball! Searching again...
INFO:root:Found the ball! Approaching...
INFO:root:Close enough to the ball, size is: 76.48345947265625
INFO:root:Centering the ball...
INFO:root:The ball's x position is: 197.33470153808594
INFO:root:The ball's x position is: 206.41282653808594
INFO:root:The ball's x position is: 213.7552490234375
INFO:root:The ball's x position is: 219.11927795410156
INFO:root:The ball's x position is: 225.0386962890625
INFO:root:The ball's x position is: 228.45249938964844
INFO:root:The ball's x position is: 232.6679229736328
INFO:root:The ball's x position is: 236.41087341308594
INFO:root:The ball's x position is: 239.5675048828125
INFO:root:The ball's x position is: 243.73825073242188
INFO:root:The ball's x position is: 246.5767059326172
INFO:root:The ball's x position is: 248.4938201904297
INFO:root:The ball's x position is: 250.92510986328125
INFO:root:The ball's x position is: 252.5525360107422
INFO:root:The ball's x position is: 249.82179260253906
INFO:root:The ball's x position is: 243.6464385986328
INFO:root:The ball's x position is: 241.45883178710938
INFO:root:The ball's x position is: 236.89401245117188
INFO:root:The ball's x position is: 233.4049530029297
INFO:root:The ball's x position is: 231.39283752441406
INFO:root:The ball's x position is: 228.91293334960938
INFO:root:The ball's x position is: 226.4340362548828
INFO:root:The ball's x position is: 221.43484497070312
INFO:root:The ball's x position is: 220.4837646484375
INFO:root:The ball's x position is: 220.22584533691406
INFO:root:The ball's x position is: 218.17144775390625
INFO:root:The ball's x position is: 215.06565856933594
INFO:root:The ball's x position is: 213.40968322753906
INFO:root:The ball's x position is: 211.5772247314453
INFO:root:The ball's x position is: 208.05043029785156
INFO:root:The ball's x position is: 208.06185913085938
INFO:root:The ball's x position is: 205.5138702392578
INFO:root:The ball's x position is: 204.52633666992188
INFO:root:The ball's x position is: 203.8164825439453
INFO:root:The ball's x position is: 201.90809631347656
INFO:root:The ball's x position is: 199.6195068359375
INFO:root:The ball's x position is: 198.04896545410156
INFO:root:The ball's x position is: 195.8809814453125
INFO:root:The ball's x position is: 195.681640625
INFO:root:The ball's x position is: 194.20587158203125
INFO:root:The ball's x position is: 192.22274780273438
INFO:root:The ball's x position is: 191.2137908935547
INFO:root:The ball's x position is: 189.30897521972656
INFO:root:The ball's x position is: 185.8211669921875
INFO:root:The ball's x position is: 184.25112915039062
INFO:root:The ball's x position is: 184.94747924804688
INFO:root:The ball's x position is: 182.5012664794922
INFO:root:The ball's x position is: 180.39649963378906
INFO:root:The ball's x position is: 178.39453125
INFO:root:The ball's x position is: 174.3287353515625
INFO:root:The ball's x position is: 173.23751831054688
INFO:root:The ball's x position is: 173.18310546875
INFO:root:The ball's x position is: 172.1446075439453
INFO:root:The ball's x position is: 170.46395874023438
INFO:root:The ball's x position is: 169.5640869140625
INFO:root:The ball's x position is: 167.7517547607422
INFO:root:The ball's x position is: 166.58023071289062
INFO:root:The ball's x position is: 163.74266052246094
INFO:root:The ball's x position is: 163.7767791748047
INFO:root:The ball's x position is: 160.42971801757812
INFO:root:Ball centered and ready to be catched!
INFO:root:The distance to be covered is: 0.07 meters
INFO:root:Odometry was stopped
