INFO:root:Program started
INFO:root:Robot set up!
INFO:root:Odometry was started, PID: 7287:
INFO:root:Initial location: 0.0, 0.0, 0.0
INFO:root:Found the ball! Approaching...
INFO:root:Close enough to the ball, size is: 71.79817199707031
INFO:root:Centering the ball...
INFO:root:The ball's x position is: 157.49354553222656
INFO:root:The ball's x position is: 157.13963317871094
INFO:root:The ball's x position is: 156.6602325439453
INFO:root:The ball's x position is: 156.48516845703125
INFO:root:The ball's x position is: 156.432373046875
INFO:root:The ball's x position is: 156.2443389892578
INFO:root:The ball's x position is: 157.74647521972656
INFO:root:The ball's x position is: 157.62184143066406
INFO:root:The ball's x position is: 157.1856231689453
INFO:root:The ball's x position is: 158.07984924316406
INFO:root:Ball centered and ready to be catched!
INFO:root:The distance to be covered is: 0.020000000000000018 meters
INFO:root:Odometry was stopped
