INFO:root:Program started
INFO:root:Robot set up!
ERROR:root:get_sensor error: Invalid sensor data
ERROR:root:get_sensor error: Invalid sensor data
ERROR:root:get_sensor error: Invalid sensor data
ERROR:root:get_sensor error: Invalid sensor data
ERROR:root:get_sensor error: Invalid sensor data
ERROR:root:get_sensor error: Invalid sensor data
ERROR:root:get_sensor error: Invalid sensor data
ERROR:root:get_sensor error: Invalid sensor data
ERROR:root:get_sensor error: Invalid sensor data
ERROR:root:get_sensor error: Invalid sensor data
ERROR:root:get_sensor error: Invalid sensor data
ERROR:root:get_sensor error: Invalid sensor data
ERROR:root:get_sensor error: Invalid sensor data
ERROR:root:get_sensor error: Invalid sensor data
ERROR:root:get_sensor error: Invalid sensor data
ERROR:root:get_sensor error: Invalid sensor data
ERROR:root:get_sensor error: Invalid sensor data
ERROR:root:get_sensor error: Invalid sensor data
ERROR:root:get_sensor error: Invalid sensor data
ERROR:root:get_sensor error: Invalid sensor data
ERROR:root:get_sensor error: Invalid sensor data
ERROR:root:get_sensor error: Invalid sensor data
ERROR:root:get_sensor error: Invalid sensor data
ERROR:root:get_sensor error: Invalid sensor data
ERROR:root:get_sensor error: Invalid sensor data
ERROR:root:get_sensor error: Invalid sensor data
ERROR:root:get_sensor error: Invalid sensor data
ERROR:root:get_sensor error: Invalid sensor data
ERROR:root:get_sensor error: Invalid sensor data
ERROR:root:get_sensor error: Invalid sensor data
ERROR:root:get_sensor error: Invalid sensor data
ERROR:root:get_sensor error: Invalid sensor data
ERROR:root:get_sensor error: Invalid sensor data
ERROR:root:get_sensor error: Invalid sensor data
ERROR:root:get_sensor error: Invalid sensor data
ERROR:root:get_sensor error: Invalid sensor data
ERROR:root:get_sensor error: Invalid sensor data
ERROR:root:get_sensor error: Invalid sensor data
ERROR:root:get_sensor error: Invalid sensor data
ERROR:root:get_sensor error: Invalid sensor data
ERROR:root:get_sensor error: Invalid sensor data
ERROR:root:get_sensor error: Invalid sensor data
ERROR:root:get_sensor error: Invalid sensor data
ERROR:root:get_sensor error: Invalid sensor data
ERROR:root:get_sensor error: Invalid sensor data
ERROR:root:get_sensor error: Invalid sensor data
ERROR:root:get_sensor error: Invalid sensor data
ERROR:root:get_sensor error: Invalid sensor data
ERROR:root:get_sensor error: Invalid sensor data
ERROR:root:get_sensor error: Invalid sensor data
ERROR:root:get_sensor error: Invalid sensor data
ERROR:root:get_sensor error: Invalid sensor data
ERROR:root:get_sensor error: Invalid sensor data
ERROR:root:get_sensor error: Invalid sensor data
ERROR:root:get_sensor error: Invalid sensor data
ERROR:root:get_sensor error: Invalid sensor data
ERROR:root:get_sensor error: Invalid sensor data
ERROR:root:get_sensor error: Invalid sensor data
ERROR:root:get_sensor error: Invalid sensor data
ERROR:root:get_sensor error: Invalid sensor data
ERROR:root:get_sensor error: Invalid sensor data
ERROR:root:get_sensor error: Invalid sensor data
ERROR:root:get_sensor error: Invalid sensor data
ERROR:root:get_sensor error: Invalid sensor data
ERROR:root:get_sensor error: Invalid sensor data
ERROR:root:get_sensor error: Invalid sensor data
ERROR:root:get_sensor error: Invalid sensor data
ERROR:root:get_sensor error: Invalid sensor data
ERROR:root:get_sensor error: Invalid sensor data
ERROR:root:get_sensor error: Invalid sensor data
ERROR:root:get_sensor error: Invalid sensor data
ERROR:root:get_sensor error: Invalid sensor data
ERROR:root:get_sensor error: Invalid sensor data
ERROR:root:get_sensor error: Invalid sensor data
ERROR:root:get_sensor error: Invalid sensor data
ERROR:root:get_sensor error: Invalid sensor data
ERROR:root:get_sensor error: Invalid sensor data
ERROR:root:get_sensor error: Invalid sensor data
ERROR:root:get_sensor error: Invalid sensor data
ERROR:root:get_sensor error: Invalid sensor data
ERROR:root:get_sensor error: Invalid sensor data
ERROR:root:get_sensor error: Invalid sensor data
ERROR:root:get_sensor error: Invalid sensor data
ERROR:root:get_sensor error: Invalid sensor data
ERROR:root:get_sensor error: Invalid sensor data
ERROR:root:get_sensor error: Invalid sensor data
ERROR:root:get_sensor error: Invalid sensor data
ERROR:root:get_sensor error: Invalid sensor data
ERROR:root:get_sensor error: Invalid sensor data
ERROR:root:get_sensor error: Invalid sensor data
ERROR:root:get_sensor error: Invalid sensor data
ERROR:root:get_sensor error: Invalid sensor data
ERROR:root:get_sensor error: Invalid sensor data
ERROR:root:get_sensor error: Invalid sensor data
ERROR:root:get_sensor error: Invalid sensor data
ERROR:root:get_sensor error: Invalid sensor data
ERROR:root:get_sensor error: Invalid sensor data
ERROR:root:get_sensor error: Invalid sensor data
ERROR:root:get_sensor error: Invalid sensor data
ERROR:root:get_sensor error: Invalid sensor data
ERROR:root:get_sensor error: Invalid sensor data
ERROR:root:get_sensor error: Invalid sensor data
ERROR:root:get_sensor error: Invalid sensor data
ERROR:root:get_sensor error: Invalid sensor data
ERROR:root:get_sensor error: Invalid sensor data
ERROR:root:get_sensor error: Invalid sensor data
ERROR:root:get_sensor error: Invalid sensor data
ERROR:root:get_sensor error: Invalid sensor data
ERROR:root:get_sensor error: Invalid sensor data
ERROR:root:get_sensor error: Invalid sensor data
ERROR:root:get_sensor error: Invalid sensor data
ERROR:root:get_sensor error: Invalid sensor data
ERROR:root:get_sensor error: Invalid sensor data
ERROR:root:get_sensor error: Invalid sensor data
ERROR:root:get_sensor error: Invalid sensor data
ERROR:root:get_sensor error: Invalid sensor data
ERROR:root:get_sensor error: Invalid sensor data
ERROR:root:get_sensor error: Invalid sensor data
ERROR:root:get_sensor error: Invalid sensor data
ERROR:root:get_sensor error: Invalid sensor data
ERROR:root:get_sensor error: Invalid sensor data
ERROR:root:get_sensor error: Invalid sensor data
ERROR:root:get_sensor error: Invalid sensor data
ERROR:root:get_sensor error: Invalid sensor data
ERROR:root:get_sensor error: Invalid sensor data
ERROR:root:get_sensor error: Invalid sensor data
ERROR:root:get_sensor error: Invalid sensor data
ERROR:root:get_sensor error: Invalid sensor data
ERROR:root:get_sensor error: Invalid sensor data
ERROR:root:get_sensor error: Invalid sensor data
ERROR:root:get_sensor error: Invalid sensor data
ERROR:root:get_sensor error: Invalid sensor data
ERROR:root:get_sensor error: Invalid sensor data
ERROR:root:get_sensor error: Invalid sensor data
ERROR:root:get_sensor error: Invalid sensor data
ERROR:root:get_sensor error: Invalid sensor data
ERROR:root:get_sensor error: Invalid sensor data
ERROR:root:get_sensor error: Invalid sensor data
ERROR:root:get_sensor error: Invalid sensor data
ERROR:root:get_sensor error: Invalid sensor data
ERROR:root:get_sensor error: Invalid sensor data
INFO:root:Odometry was started, PID: 2721:
INFO:root:Initial location: 0.0, 0.0, 0.0
INFO:root:The blob's size is: 5.9173078536987305
INFO:root:Found the ball! Approaching...
WARNING:root:Lost the ball! Searching again...
INFO:root:The blob's size is: 40.3829345703125
INFO:root:Found the ball! Approaching...
INFO:root:The blob's size is: 38.03498077392578
INFO:root:The blob's size is: 39.49287414550781
INFO:root:The blob's size is: 41.33877944946289
INFO:root:The blob's size is: 6.785167217254639
INFO:root:The blob's size is: 7.514822483062744
INFO:root:The blob's size is: 5.9173078536987305
INFO:root:The blob's size is: 7.071067810058594
INFO:root:The blob's size is: 6.2183966636657715
INFO:root:The blob's size is: 7.071067810058594
INFO:root:The blob's size is: 5.9173078536987305
INFO:root:The blob's size is: 6.455158233642578
INFO:root:The blob's size is: 7.564425468444824
WARNING:root:Lost the ball! Searching again...
INFO:root:The blob's size is: 5.9173078536987305
INFO:root:Found the ball! Approaching...
WARNING:root:Lost the ball! Searching again...
INFO:root:The blob's size is: 19.5916805267334
INFO:root:Found the ball! Approaching...
INFO:root:The blob's size is: 16.59723472595215
INFO:root:The blob's size is: 9.011302947998047
INFO:root:The blob's size is: 9.712023735046387
INFO:root:The blob's size is: 9.154170989990234
INFO:root:The blob's size is: 13.351167678833008
INFO:root:The blob's size is: 12.7743501663208
INFO:root:The blob's size is: 13.103643417358398
INFO:root:The blob's size is: 9.011302947998047
INFO:root:The blob's size is: 12.204957008361816
INFO:root:The blob's size is: 8.968816757202148
WARNING:root:Lost the ball! Searching again...
INFO:root:The blob's size is: 14.495991706848145
INFO:root:Found the ball! Approaching...
WARNING:root:Lost the ball! Searching again...
INFO:root:The blob's size is: 12.952445983886719
INFO:root:Found the ball! Approaching...
WARNING:root:Lost the ball! Searching again...
INFO:root:The blob's size is: 11.713277816772461
INFO:root:Found the ball! Approaching...
INFO:root:The blob's size is: 12.024921417236328
WARNING:root:Lost the ball! Searching again...
INFO:root:The blob's size is: 12.016345024108887
INFO:root:Found the ball! Approaching...
INFO:root:The blob's size is: 11.878976821899414
WARNING:root:Lost the ball! Searching again...
INFO:root:The blob's size is: 12.893219947814941
INFO:root:Found the ball! Approaching...
INFO:root:The blob's size is: 12.899752616882324
INFO:root:The blob's size is: 12.820879936218262
INFO:root:The blob's size is: 11.1878662109375
WARNING:root:Lost the ball! Searching again...
INFO:root:The blob's size is: 12.512886047363281
INFO:root:Found the ball! Approaching...
WARNING:root:Lost the ball! Searching again...
INFO:root:The blob's size is: 12.418418884277344
INFO:root:Found the ball! Approaching...
INFO:root:The blob's size is: 13.266040802001953
INFO:root:The blob's size is: 14.37518310546875
INFO:root:The blob's size is: 16.556596755981445
WARNING:root:Lost the ball! Searching again...
INFO:root:The blob's size is: 18.883255004882812
INFO:root:Found the ball! Approaching...
WARNING:root:Lost the ball! Searching again...
INFO:root:The blob's size is: 14.759278297424316
INFO:root:Found the ball! Approaching...
INFO:root:The blob's size is: 16.039548873901367
WARNING:root:Lost the ball! Searching again...
INFO:root:The blob's size is: 18.969884872436523
INFO:root:Found the ball! Approaching...
INFO:root:The blob's size is: 11.503471374511719
INFO:root:The blob's size is: 13.250140190124512
INFO:root:The blob's size is: 10.360946655273438
INFO:root:The blob's size is: 16.202625274658203
INFO:root:The blob's size is: 8.83836555480957
INFO:root:The blob's size is: 9.759666442871094
INFO:root:The blob's size is: 7.171332836151123
INFO:root:The blob's size is: 8.820890426635742
INFO:root:The blob's size is: 7.186846733093262
INFO:root:The blob's size is: 6.4911956787109375
WARNING:root:Lost the ball! Searching again...
INFO:root:The blob's size is: 7.016757488250732
INFO:root:Found the ball! Approaching...
INFO:root:The blob's size is: 6.85410213470459
WARNING:root:Lost the ball! Searching again...
INFO:root:The blob's size is: 9.239327430725098
INFO:root:Found the ball! Approaching...
INFO:root:The blob's size is: 11.495036125183105
INFO:root:The blob's size is: 12.446136474609375
INFO:root:The blob's size is: 11.94683837890625
INFO:root:The blob's size is: 11.688945770263672
INFO:root:The blob's size is: 11.508875846862793
INFO:root:The blob's size is: 11.684850692749023
INFO:root:The blob's size is: 11.118736267089844
INFO:root:The blob's size is: 11.77002239227295
INFO:root:The blob's size is: 10.901535034179688
INFO:root:The blob's size is: 11.540179252624512
INFO:root:The blob's size is: 10.817253112792969
INFO:root:The blob's size is: 11.318734169006348
INFO:root:The blob's size is: 10.781862258911133
INFO:root:The blob's size is: 12.156150817871094
INFO:root:The blob's size is: 13.41988754272461
INFO:root:The blob's size is: 13.398680686950684
INFO:root:The blob's size is: 12.944375991821289
INFO:root:The blob's size is: 13.086698532104492
INFO:root:The blob's size is: 12.460409164428711
INFO:root:The blob's size is: 12.63857364654541
INFO:root:The blob's size is: 12.711457252502441
INFO:root:The blob's size is: 12.532949447631836
INFO:root:The blob's size is: 13.01090145111084
INFO:root:The blob's size is: 13.018345832824707
INFO:root:The blob's size is: 13.185988426208496
INFO:root:The blob's size is: 12.83515453338623
INFO:root:The blob's size is: 12.256383895874023
INFO:root:The blob's size is: 12.778473854064941
WARNING:root:Lost the ball! Searching again...
INFO:root:The blob's size is: 31.645849227905273
INFO:root:Found the ball! Approaching...
INFO:root:The blob's size is: 55.81338882446289
INFO:root:The blob's size is: 61.59975051879883
INFO:root:The blob's size is: 73.88954162597656
INFO:root:The blob's size is: 72.94512939453125
INFO:root:The blob's size is: 70.63697814941406
INFO:root:The blob's size is: 65.46019744873047
INFO:root:The blob's size is: 69.20924377441406
INFO:root:The blob's size is: 73.85112762451172
INFO:root:The blob's size is: 75.664794921875
INFO:root:The blob's size is: 76.49919128417969
INFO:root:The blob's size is: 77.70142364501953
INFO:root:The blob's size is: 78.89901733398438
INFO:root:The blob's size is: 79.1872329711914
INFO:root:The blob's size is: 70.67699432373047
INFO:root:The blob's size is: 44.415565490722656
INFO:root:The blob's size is: 45.708282470703125
INFO:root:The blob's size is: 25.82404899597168
INFO:root:The blob's size is: 23.615882873535156
INFO:root:The blob's size is: 23.240816116333008
INFO:root:The blob's size is: 23.738853454589844
INFO:root:The blob's size is: 22.68840980529785
INFO:root:The blob's size is: 22.182605743408203
INFO:root:The blob's size is: 22.124263763427734
INFO:root:The blob's size is: 22.30756187438965
INFO:root:The blob's size is: 23.492700576782227
INFO:root:The blob's size is: 24.657772064208984
INFO:root:The blob's size is: 25.879871368408203
INFO:root:The blob's size is: 24.8463134765625
INFO:root:The blob's size is: 23.575965881347656
INFO:root:The blob's size is: 24.594892501831055
INFO:root:The blob's size is: 24.501523971557617
INFO:root:The blob's size is: 24.596038818359375
INFO:root:The blob's size is: 28.496681213378906
INFO:root:The blob's size is: 38.100799560546875
INFO:root:The blob's size is: 47.362159729003906
INFO:root:The blob's size is: 6.108039379119873
INFO:root:The blob's size is: 56.789283752441406
INFO:root:The blob's size is: 57.27159118652344
INFO:root:The blob's size is: 58.52044677734375
INFO:root:The blob's size is: 57.376583099365234
INFO:root:The blob's size is: 53.060691833496094
INFO:root:The blob's size is: 50.74705123901367
INFO:root:The blob's size is: 49.40231704711914
INFO:root:The blob's size is: 44.47051239013672
INFO:root:The blob's size is: 5.830951690673828
WARNING:root:Lost the ball! Searching again...
INFO:root:The blob's size is: 10.131858825683594
INFO:root:Found the ball! Approaching...
WARNING:root:Lost the ball! Searching again...
INFO:root:The blob's size is: 7.862369537353516
INFO:root:Found the ball! Approaching...
INFO:root:The blob's size is: 9.459267616271973
INFO:root:The blob's size is: 14.561071395874023
INFO:root:The blob's size is: 8.651185035705566
INFO:root:The blob's size is: 7.382838726043701
INFO:root:The blob's size is: 7.996613502502441
INFO:root:The blob's size is: 7.325029373168945
INFO:root:The blob's size is: 8.37326717376709
WARNING:root:A keyboard interruption was detected!
WARNING:root:Abruptly stopped the robot!
INFO:root:Odometry was stopped
