INFO:root:Program started
INFO:root:Setting up the robot!
INFO:root:Odometry was started, PID: 14627
INFO:root:Initial location: 0.0, 0.0, 0.0
INFO:root:PRIMER VALOR: 0.0
INFO:root:holaquetal 0.0,0.0,0.0
INFO:root:0.0, 0.0, 0.0
INFO:root:-0.0013077510639597967, -5.7097644542094595e-05, 0.08726646259971649
INFO:root:-0.0013077510639597967, -5.7097644542094595e-05, 0.19198621771937624
INFO:root:-0.0013077510639597967, -5.7097644542094595e-05, 0.296705972839036
INFO:root:-0.0013077510639597967, -5.7097644542094595e-05, 0.43633231299858233
INFO:root:-0.0013077510639597967, -5.7097644542094595e-05, 0.5759586531581287
INFO:root:-0.0013077510639597967, -5.7097644542094595e-05, 0.715584993317675
INFO:root:-0.0003741084092796312, 0.0008603904369401712, 0.837758040957278
INFO:root:-0.0003741084092796312, 0.0008603904369401712, 0.9773843811168244
INFO:root:-0.0010384745728181056, -0.0002674794966272613, 1.0995574287564274
INFO:root:-0.0010384745728181056, -0.0002674794966272613, 1.2391837689159737
INFO:root:-0.0007107279139250986, 0.0009998228011236375, 1.3962634015954634
INFO:root:-0.0007107279139250986, 0.0009998228011236375, 1.5358897417550097
INFO:root:spin: 0.5222222222222221
INFO:root:-0.0007107279139250986, 0.0009998228011236375, 1.6406094968746694
INFO:root:-0.001451641215458451, 0.007502735389888524, 1.7278759594743858
INFO:root:-0.003672800234431078, 0.02437411314326647, 1.6755160819145558
INFO:root:-0.005191134910675546, 0.04919866566421433, 1.5882496193148394
INFO:root:-0.004277468223554213, 0.07536265633278282, 1.4835298641951797
INFO:root:0.00022752096604998842, 0.10380603865224095, 1.3439035240356334
INFO:root:0.008778350953490903, 0.13267315690603806, 1.2217304763960304
INFO:root:0.020491525410290735, 0.158981377475166, 1.082104136236484
INFO:root:0.03485445486899056, 0.18241954814445707, 0.9599310885968809
INFO:root:0.052339568178405134, 0.20363068671633333, 0.8028514559173912
INFO:root:0.07260653749698831, 0.22220194250580574, 0.680678408277788
INFO:root:0.09526088932028977, 0.23777184714342256, 0.5235987755982983
INFO:root:0.11986168245901221, 0.2500373501459166, 0.4014257279586952
INFO:root:0.14593009045769786, 0.2587597174491472, 0.24434609527920548
INFO:root:0.17171229714154307, 0.2633058161097112, 0.10471975511965906
INFO:root:0.1991750694846988, 0.2645048666450952, -0.017453292519944028
INFO:root:0.22786341731450832, 0.2619949614346983, -0.15707963267949043
INFO:root:0.2533723659595675, 0.2561057566034986, -0.2967059728390369
INFO:root:0.2791204875595081, 0.24647892841176902, -0.41887902047863995
INFO:root:0.3032782346781515, 0.2333623419232775, -0.5759586531581297
INFO:root:0.32537540424686356, 0.21701129657412654, -0.6981317007977328
INFO:root:0.3442076761816857, 0.1988251829625545, -0.8377580409572792
INFO:root:0.36193745388818127, 0.176132102346482, -0.9773843811168257
INFO:root:0.3754736534783426, 0.1522069505682023, -1.1344640137963153
INFO:root:0.38528083116052364, 0.12793333401791823, -1.239183768915975
INFO:root:0.39216351099727675, 0.10131998576514936, -1.3962634015954647
INFO:root:0.39517371464329304, 0.07267981119552036, -1.535889741755011
INFO:root:0.3942600479561717, 0.04651582052695187, -1.6755160819145574
INFO:root:primer cacho: -0.5333333333333337
INFO:root:0.39025215036693167, 0.017998147370057067, -1.7453292519943306
INFO:root:0.38618902696573976, -0.009188846122881619, -1.6929693744345007
INFO:root:0.3845108675867327, -0.0366265094355082, -1.5707963267948977
INFO:root:0.3863370877988566, -0.0627426752003544, -1.4311699866353513
INFO:root:0.3923245146698179, -0.09091130393577929, -1.291543646475805
INFO:root:0.4019513428615474, -0.11665942553571984, -1.1344640137963153
INFO:root:0.41464362903951024, -0.13955691592433636, -0.9948376736367689
INFO:root:0.4309946743886612, -0.1616540854930484, -0.8726646259971658
INFO:root:0.4491807880002332, -0.18048635742787056, -0.7330382858376193
INFO:root:0.4706938533170444, -0.19759862225848315, -0.6108652381980162
INFO:root:0.4943791219219605, -0.21155031169279112, -0.4537856055185265
INFO:root:0.5197755870031805, -0.2220698719657672, -0.3316125578789234
INFO:root:0.5462647625882171, -0.2294159705074085, -0.20943951023932034
INFO:root:0.573518526651366, -0.2330039966149797, -0.052359877559830625
INFO:root:0.5996944780997995, -0.23254709368288945, 0.0872664625997158
INFO:root:0.6281378604192576, -0.22804210449328527, 0.22689280275926219
INFO:root:0.6543545243724112, -0.21977602210040867, 0.3839724354387519
INFO:root:0.6791656332347392, -0.20794173023396773, 0.506145483078355
INFO:root:0.7011219773600669, -0.1936831136401224, 0.6457718232379015
INFO:root:0.7228560530275991, -0.1747899699036423, 0.7853981633974478
INFO:root:0.7400316382425811, -0.15503171929679482, 0.9250245035569943
INFO:root:0.7552037985527137, -0.13210908553707945, 1.0471975511965974
INFO:root:0.7670380904191547, -0.10729797667475141, 1.204277183876087
INFO:root:0.7753041728120313, -0.0810813127215979, 1.32645023151569
INFO:root:0.7798502714725953, -0.05529910603775269, 1.4660765716752364
INFO:root:0.7808553048284288, -0.026518716302327352, 1.6057029118347828
INFO:root:empieza media vuelta: 0.511111111111111
INFO:root:0.7777434689619888, 0.000793516570485174, 1.7627825445142724
INFO:root:0.7708607891252356, 0.027406864823254044, 1.8849555921538754
INFO:root:0.7610536114430545, 0.051680481373538104, 2.024581932313422
INFO:root:0.7475174118528931, 0.07560563315181779, 2.146754979953025
INFO:root:0.7307832080627202, 0.09741407212546663, 2.3038346126325147
INFO:root:0.710067708934416, 0.11741879709819586, 2.443460952792061
INFO:root:0.6888876935497691, 0.13280697901894967, 2.5830872929516078
INFO:root:0.6647299464311256, 0.14592356550744115, 2.705260340591211
INFO:root:0.638981824831185, 0.1555503936991707, 2.8623399732707004
INFO:root:0.6133739805262534, 0.16099350903640824, 3.001966313430247
INFO:root:0.5859697840221956, 0.1631502660754348, 3.12413936106985
INFO:root:0.5585070116790398, 0.16195121554005082, -3.036872898470133
INFO:root:tres cuartos vuelta: -0.9666666666666667
INFO:root:0.5314783807297108, 0.15694175489409526, -2.8797932657906435
INFO:root:0.5054099727310252, 0.14821938759086462, -2.7576202181510405
INFO:root:0.48080917959230274, 0.13595388458837054, -2.600540585471551
INFO:root:0.457219294184282, 0.11943606900017115, -2.4609142453120043
INFO:root:0.4380724990494279, 0.10158139368573255, -2.3212879051524578
INFO:root:0.42159692973879104, 0.0812357599917309, -2.181661564992911
INFO:root:0.40723400028009127, 0.057797589322439794, -2.059488517353308
INFO:root:0.39552082582329146, 0.03148936875331185, -1.9198621771937618
INFO:root:0.3881747272816502, 0.0050001931682752306, -1.7627825445142722
INFO:root:0.38458670117407906, -0.022253570894873766, -1.6406094968746692
INFO:root:final vuelta: -0.48333333333333317
INFO:root:0.38434681800071546, -0.04974145991934309, -1.5184364492350662
INFO:root:0.3869815157306745, -0.07710384203110654, -1.4311699866353496
INFO:root:0.3896162134606336, -0.10446622414286999, -1.5184364492350662
INFO:root:0.38937633028727, -0.13195411316733932, -1.6406094968746692
INFO:root:0.38531320688607806, -0.159141106660278, -1.7976891295541588
INFO:root:0.3775059273323277, -0.18549804071809275, -1.9198621771937618
INFO:root:0.3661064514418837, -0.21051190759991634, -2.0769418098732517
INFO:root:0.35133665704624195, -0.2336958408397459, -2.1991148575128547
INFO:root:0.33348402139292155, -0.25459859154840137, -2.3561944901923444
INFO:root:0.31289602572784225, -0.27281331145986526, -2.4783675378319474
INFO:root:0.29119187283210196, -0.2874529474388923, -2.617993877991494
INFO:root:0.26659107969337953, -0.2997184504413864, -2.740166925631097
INFO:root:0.24052267169469388, -0.308440817744617, -2.8972465583105866
INFO:root:0.21216224434246417, -0.31344152627123745, -3.036872898470133
INFO:root:casi acaba el ocho: 0.9888888888888889
INFO:root:0.18599825367389566, -0.3143551929583588, 3.1066860685499065
INFO:root:0.1586358715621322, -0.31172049522839973, 2.9845130209103035
INFO:root:0.13190645732531817, -0.30530333062748705, 2.827433388230814
INFO:root:0.10633026860731508, -0.29522860196516093, 2.705260340591211
INFO:root:0.08343277821869856, -0.282536315787198, 2.5656340004316642
INFO:root:0.06043372658214387, -0.2652052872779489, 2.4260076602721177
INFO:root:0.041921714339817354, -0.24669327503562236, 2.286381320112571
INFO:root:0.025187510549644437, -0.2248848360619735, 2.164208272472968
INFO:root:0.010788544220691237, -0.199945094803753, 2.0245819323134215
INFO:root:0.0009813665385101922, -0.17567147825346893, 1.8849555921538752
INFO:root:-0.005352133877810062, -0.15026919554115023, 1.7453292519943289
INFO:root:-0.00836233752382637, -0.12162902097152123, 1.6057029118347825
INFO:root:yyy acabamos: 0.46666666666666645
INFO:root:-0.007448670836705031, -0.09546503030295274, 1.4660765716752362
INFO:root:Odometry was stopped
DEBUG:matplotlib.axes._base:update_title_pos
DEBUG:matplotlib.font_manager:findfont: Matching :family=sans-serif:style=normal:variant=normal:weight=normal:stretch=normal:size=10.0 to DejaVu Sans ('/home/pi/.local/lib/python3.5/site-packages/matplotlib/mpl-data/fonts/ttf/DejaVuSans.ttf') with score of 0.050000.
DEBUG:matplotlib.axes._base:update_title_pos
