INFO:root:Program started
INFO:root:Robot set up!
INFO:root:Odometry was started, PID: 16922:
INFO:root:Initial location: 0.0, 0.0, 0.0
INFO:root:-0.0
INFO:root:-0.0
INFO:root:-0.0
INFO:root:-0.0
INFO:root:-0.0
INFO:root:-0.0
INFO:root:-0.0
INFO:root:-0.0
INFO:root:-0.0
INFO:root:0.017453292519943295
INFO:root:0.03490658503988659
INFO:root:0.03490658503988659
INFO:root:0.03490658503988659
INFO:root:0.05235987755982989
INFO:root:0.06981317007977318
INFO:root:0.06981317007977318
INFO:root:0.08726646259971647
INFO:root:0.10471975511965978
INFO:root:0.10471975511965978
INFO:root:0.12217304763960307
INFO:root:0.13962634015954636
INFO:root:0.13962634015954636
INFO:root:0.15707963267948966
INFO:root:0.17453292519943295
INFO:root:0.17453292519943295
INFO:root:0.19198621771937624
INFO:root:0.20943951023931956
INFO:root:0.20943951023931956
INFO:root:0.22689280275926285
INFO:root:0.22689280275926285
INFO:root:0.22689280275926285
INFO:root:0.24434609527920614
INFO:root:0.2617993877991494
INFO:root:0.2792526803190927
INFO:root:0.2792526803190927
INFO:root:0.2792526803190927
INFO:root:0.29670597283903605
INFO:root:0.3141592653589793
INFO:root:0.3141592653589793
INFO:root:0.33161255787892263
INFO:root:0.3490658503988659
INFO:root:0.3665191429188092
INFO:root:0.3665191429188092
INFO:root:0.3839724354387525
INFO:root:0.3839724354387525
INFO:root:0.4014257279586958
INFO:root:0.4014257279586958
INFO:root:0.4188790204786391
INFO:root:0.4188790204786391
INFO:root:0.4363323129985824
INFO:root:0.4537856055185257
INFO:root:0.4537856055185257
INFO:root:0.47123889803846897
INFO:root:0.4886921905584123
INFO:root:0.4886921905584123
INFO:root:0.5061454830783556
INFO:root:0.5235987755982988
INFO:root:0.5235987755982988
INFO:root:0.5410520681182421
INFO:root:0.5410520681182421
INFO:root:0.5585053606381855
INFO:root:0.5759586531581288
INFO:root:0.5759586531581288
INFO:root:0.5934119456780721
INFO:root:0.6108652381980153
INFO:root:0.6108652381980153
INFO:root:0.6283185307179586
INFO:root:0.6283185307179586
INFO:root:0.6457718232379019
INFO:root:0.6457718232379019
INFO:root:0.6632251157578453
INFO:root:0.6806784082777885
INFO:root:0.6981317007977318
INFO:root:0.6981317007977318
INFO:root:0.7155849933176751
INFO:root:0.7330382858376184
INFO:root:0.7330382858376184
INFO:root:0.7504915783575618
INFO:root:0.7504915783575618
INFO:root:0.767944870877505
INFO:root:0.767944870877505
INFO:root:0.7853981633974483
INFO:root:0.8028514559173916
INFO:root:0.8028514559173916
INFO:root:0.8203047484373349
INFO:root:0.8377580409572782
INFO:root:0.8377580409572782
INFO:root:0.8552113334772214
INFO:root:0.8726646259971648
INFO:root:0.8726646259971648
INFO:root:0.8901179185171081
INFO:root:0.9075712110370514
INFO:root:0.9075712110370514
INFO:root:0.9250245035569946
INFO:root:0.9424777960769379
INFO:root:0.9424777960769379
INFO:root:0.9424777960769379
INFO:root:0.9599310885968813
INFO:root:0.9773843811168246
INFO:root:0.9773843811168246
INFO:root:0.9773843811168246
INFO:root:1.0122909661567112
INFO:root:1.0297442586766545
INFO:root:1.0297442586766545
INFO:root:1.0471975511965976
INFO:root:1.0471975511965976
INFO:root:1.064650843716541
INFO:root:1.0821041362364843
INFO:root:1.0995574287564276
INFO:root:1.0995574287564276
INFO:root:1.117010721276371
INFO:root:1.117010721276371
INFO:root:1.1344640137963142
INFO:root:1.1519173063162575
INFO:root:1.1519173063162575
INFO:root:1.1693705988362009
INFO:root:1.1693705988362009
INFO:root:1.1693705988362009
INFO:root:1.1868238913561442
INFO:root:1.2042771838760873
INFO:root:1.2217304763960306
INFO:root:1.239183768915974
INFO:root:1.239183768915974
INFO:root:1.2566370614359172
INFO:root:1.2566370614359172
INFO:root:1.2740903539558606
INFO:root:1.2915436464758039
INFO:root:1.3089969389957472
INFO:root:1.3089969389957472
INFO:root:1.3264502315156905
INFO:root:1.3264502315156905
INFO:root:1.3439035240356338
INFO:root:1.3439035240356338
INFO:root:1.361356816555577
INFO:root:1.3788101090755203
INFO:root:1.3788101090755203
INFO:root:1.3962634015954636
INFO:root:1.413716694115407
INFO:root:1.4311699866353502
INFO:root:1.4311699866353502
INFO:root:1.4486232791552935
INFO:root:1.4486232791552935
INFO:root:1.4835298641951802
INFO:root:1.4835298641951802
INFO:root:1.5009831567151235
INFO:root:1.5184364492350666
INFO:root:1.5184364492350666
INFO:root:1.53588974175501
INFO:root:1.53588974175501
INFO:root:1.5533430342749532
INFO:root:primer giro. Pos: (0.0m, 0.0m, 0.5pi rad)
INFO:root:1.5707963267948966
INFO:root:1.5707963267948966
INFO:root:1.5882496193148399
INFO:root:1.6057029118347832
INFO:root:1.6057029118347832
INFO:root:1.6231562043547265
INFO:root:1.6231562043547265
INFO:root:1.6231562043547265
INFO:root:1.6406094968746698
INFO:root:1.6406094968746698
INFO:root:1.6580627893946132
INFO:root:1.6580627893946132
INFO:root:1.6580627893946132
INFO:root:1.6580627893946132
INFO:root:1.6580627893946132
INFO:root:1.6580627893946132
INFO:root:1.6755160819145565
INFO:root:1.6755160819145565
INFO:root:1.6755160819145565
INFO:root:1.6755160819145565
INFO:root:1.6755160819145565
INFO:root:1.6755160819145565
INFO:root:1.6755160819145565
INFO:root:1.6755160819145565
INFO:root:1.6755160819145565
INFO:root:1.6755160819145565
INFO:root:1.6755160819145565
INFO:root:1.6755160819145565
INFO:root:1.6755160819145565
INFO:root:1.6755160819145565
INFO:root:1.6755160819145565
INFO:root:1.6755160819145565
INFO:root:1.6755160819145565
INFO:root:1.6755160819145565
INFO:root:1.6755160819145565
INFO:root:1.6755160819145565
INFO:root:1.6755160819145565
INFO:root:1.6755160819145565
INFO:root:1.6755160819145565
INFO:root:1.6755160819145565
INFO:root:1.6755160819145565
INFO:root:1.6755160819145565
INFO:root:1.6755160819145565
INFO:root:1.6755160819145565
INFO:root:1.6755160819145565
INFO:root:1.6755160819145565
INFO:root:1.6755160819145565
INFO:root:1.6755160819145565
INFO:root:1.6755160819145565
INFO:root:1.6755160819145565
INFO:root:1.6755160819145565
INFO:root:1.6755160819145565
INFO:root:1.6755160819145565
INFO:root:1.6755160819145565
INFO:root:1.6755160819145565
INFO:root:1.6755160819145565
INFO:root:1.6755160819145565
INFO:root:1.6755160819145565
INFO:root:1.6755160819145565
INFO:root:1.6755160819145565
INFO:root:1.6755160819145565
INFO:root:1.6755160819145565
INFO:root:1.6755160819145565
INFO:root:1.6755160819145565
INFO:root:1.6755160819145565
INFO:root:1.6755160819145565
INFO:root:1.6755160819145565
INFO:root:1.6755160819145565
INFO:root:1.6929693744344996
INFO:root:1.6929693744344996
INFO:root:1.6929693744344996
INFO:root:1.6929693744344996
INFO:root:1.6929693744344996
INFO:root:1.6929693744344996
INFO:root:1.6929693744344996
INFO:root:1.6929693744344996
INFO:root:1.6929693744344996
INFO:root:1.6929693744344996
INFO:root:1.6929693744344996
INFO:root:1.6929693744344996
INFO:root:1.6929693744344996
INFO:root:1.6929693744344996
INFO:root:1.6929693744344996
INFO:root:1.6929693744344996
INFO:root:1.6929693744344996
INFO:root:1.6929693744344996
INFO:root:1.6929693744344996
INFO:root:1.6929693744344996
INFO:root:1.6929693744344996
INFO:root:1.6929693744344996
INFO:root:1.6929693744344996
INFO:root:1.6929693744344996
INFO:root:1.6929693744344996
INFO:root:1.6929693744344996
INFO:root:1.6929693744344996
INFO:root:1.6929693744344996
INFO:root:1.6929693744344996
INFO:root:1.6929693744344996
INFO:root:1.6929693744344996
INFO:root:1.6929693744344996
INFO:root:1.6929693744344996
INFO:root:1.6929693744344996
INFO:root:1.6929693744344996
INFO:root:1.6929693744344996
INFO:root:1.6929693744344996
INFO:root:1.6929693744344996
INFO:root:1.6929693744344996
INFO:root:1.6929693744344996
INFO:root:1.6929693744344996
INFO:root:1.6929693744344996
INFO:root:1.6929693744344996
INFO:root:1.6929693744344996
INFO:root:1.6929693744344996
INFO:root:1.6929693744344996
INFO:root:1.6929693744344996
INFO:root:1.6929693744344996
INFO:root:1.6929693744344996
INFO:root:1.6929693744344996
INFO:root:1.6929693744344996
INFO:root:1.6929693744344996
INFO:root:1.6929693744344996
INFO:root:1.6929693744344996
INFO:root:1.6929693744344996
INFO:root:1.6929693744344996
INFO:root:1.6929693744344996
INFO:root:1.6929693744344996
INFO:root:1.6929693744344996
INFO:root:1.6929693744344996
INFO:root:1.6929693744344996
INFO:root:1.6929693744344996
INFO:root:1.6929693744344996
INFO:root:1.6929693744344996
INFO:root:1.6929693744344996
INFO:root:1.6929693744344996
INFO:root:1.6929693744344996
INFO:root:1.6929693744344996
INFO:root:1.6929693744344996
INFO:root:1.6929693744344996
INFO:root:1.6929693744344996
INFO:root:1.6929693744344996
INFO:root:1.6929693744344996
INFO:root:1.6929693744344996
INFO:root:1.6929693744344996
INFO:root:1.710422666954443
INFO:root:1.710422666954443
INFO:root:1.710422666954443
INFO:root:1.710422666954443
INFO:root:1.710422666954443
INFO:root:1.710422666954443
INFO:root:1.710422666954443
INFO:root:1.710422666954443
INFO:root:1.710422666954443
INFO:root:1.710422666954443
INFO:root:1.710422666954443
INFO:root:1.710422666954443
INFO:root:1.710422666954443
INFO:root:1.710422666954443
INFO:root:1.710422666954443
INFO:root:1.710422666954443
INFO:root:1.710422666954443
INFO:root:1.710422666954443
INFO:root:1.710422666954443
INFO:root:1.710422666954443
INFO:root:1.710422666954443
INFO:root:1.710422666954443
INFO:root:1.710422666954443
INFO:root:1.710422666954443
INFO:root:1.710422666954443
INFO:root:1.710422666954443
INFO:root:1.710422666954443
INFO:root:1.710422666954443
INFO:root:1.710422666954443
INFO:root:1.710422666954443
INFO:root:1.710422666954443
INFO:root:1.710422666954443
INFO:root:1.710422666954443
INFO:root:1.710422666954443
INFO:root:1.710422666954443
INFO:root:1.710422666954443
INFO:root:1.710422666954443
INFO:root:1.710422666954443
INFO:root:1.710422666954443
INFO:root:1.710422666954443
INFO:root:1.710422666954443
INFO:root:primera recta. Pos: (-0.050077441480858964m, 0.40194265372755056m, 0.5444444444444444pi rad)
INFO:root:1.710422666954443
INFO:root:1.710422666954443
INFO:root:1.710422666954443
INFO:root:1.710422666954443
INFO:root:1.710422666954443
INFO:root:1.710422666954443
INFO:root:1.710422666954443
INFO:root:1.710422666954443
INFO:root:1.710422666954443
INFO:root:1.710422666954443
INFO:root:1.710422666954443
INFO:root:1.710422666954443
INFO:root:1.6755160819145565
INFO:root:1.6755160819145565
INFO:root:1.6580627893946132
INFO:root:1.6580627893946132
INFO:root:1.6406094968746698
INFO:root:1.6406094968746698
INFO:root:1.6231562043547265
INFO:root:1.6057029118347832
INFO:root:1.6057029118347832
INFO:root:1.6057029118347832
INFO:root:1.5707963267948966
INFO:root:1.5707963267948966
INFO:root:1.5533430342749532
INFO:root:1.5533430342749532
INFO:root:1.53588974175501
INFO:root:1.5184364492350666
INFO:root:1.5184364492350666
INFO:root:1.5009831567151235
INFO:root:1.4835298641951802
INFO:root:1.4835298641951802
INFO:root:1.4660765716752369
INFO:root:1.4660765716752369
INFO:root:1.4486232791552935
INFO:root:1.4486232791552935
INFO:root:1.4311699866353502
INFO:root:1.4311699866353502
INFO:root:1.4311699866353502
INFO:root:1.3962634015954636
INFO:root:1.3962634015954636
INFO:root:1.3788101090755203
INFO:root:1.3788101090755203
INFO:root:1.361356816555577
INFO:root:1.3439035240356338
INFO:root:1.3264502315156905
INFO:root:1.3264502315156905
INFO:root:1.3089969389957472
INFO:root:1.3089969389957472
INFO:root:1.2915436464758039
INFO:root:1.2915436464758039
INFO:root:1.2566370614359172
INFO:root:1.2566370614359172
INFO:root:1.239183768915974
INFO:root:1.239183768915974
INFO:root:1.2217304763960306
INFO:root:1.2042771838760873
INFO:root:1.2042771838760873
INFO:root:1.1868238913561442
INFO:root:1.1868238913561442
INFO:root:1.1519173063162575
INFO:root:1.1519173063162575
INFO:root:1.1519173063162575
INFO:root:1.1344640137963142
INFO:root:1.1344640137963142
INFO:root:1.117010721276371
INFO:root:1.0995574287564276
INFO:root:1.0995574287564276
INFO:root:1.0995574287564276
INFO:root:1.0471975511965976
INFO:root:1.0471975511965976
INFO:root:1.0471975511965976
INFO:root:1.0297442586766545
INFO:root:1.0122909661567112
INFO:root:0.9948376736367679
INFO:root:0.9948376736367679
INFO:root:0.9773843811168246
INFO:root:0.9773843811168246
INFO:root:0.9424777960769379
INFO:root:0.9424777960769379
INFO:root:0.9250245035569946
INFO:root:0.9250245035569946
INFO:root:0.9075712110370514
INFO:root:0.9075712110370514
INFO:root:0.8901179185171081
INFO:root:0.8901179185171081
INFO:root:0.8726646259971648
INFO:root:0.8552113334772214
INFO:root:0.8552113334772214
INFO:root:0.8377580409572782
INFO:root:0.8203047484373349
INFO:root:0.8203047484373349
INFO:root:0.8028514559173916
INFO:root:0.7853981633974483
INFO:root:0.7853981633974483
INFO:root:0.767944870877505
INFO:root:0.7504915783575618
INFO:root:0.7330382858376184
INFO:root:0.7330382858376184
INFO:root:0.7330382858376184
INFO:root:0.7155849933176751
INFO:root:0.6981317007977318
INFO:root:0.6981317007977318
INFO:root:0.6981317007977318
INFO:root:0.6632251157578453
INFO:root:0.6632251157578453
INFO:root:0.6632251157578453
INFO:root:0.6283185307179586
INFO:root:0.6283185307179586
INFO:root:0.6108652381980153
INFO:root:0.5934119456780721
INFO:root:0.5934119456780721
INFO:root:0.5934119456780721
INFO:root:0.5759586531581288
INFO:root:0.5585053606381855
INFO:root:0.5410520681182421
INFO:root:0.5410520681182421
INFO:root:0.5235987755982988
INFO:root:0.5235987755982988
INFO:root:0.5061454830783556
INFO:root:0.4886921905584123
INFO:root:0.4886921905584123
INFO:root:0.47123889803846897
INFO:root:0.4537856055185257
INFO:root:0.4363323129985824
INFO:root:0.4363323129985824
INFO:root:0.4188790204786391
INFO:root:0.4188790204786391
INFO:root:0.4014257279586958
INFO:root:0.4014257279586958
INFO:root:0.3839724354387525
INFO:root:0.3665191429188092
INFO:root:0.3490658503988659
INFO:root:0.3490658503988659
INFO:root:0.33161255787892263
INFO:root:0.3141592653589793
INFO:root:0.3141592653589793
INFO:root:0.29670597283903605
INFO:root:0.2792526803190927
INFO:root:0.2792526803190927
INFO:root:0.2617993877991494
INFO:root:0.2617993877991494
INFO:root:0.24434609527920614
INFO:root:0.24434609527920614
INFO:root:0.22689280275926285
INFO:root:0.20943951023931956
INFO:root:0.20943951023931956
INFO:root:0.19198621771937624
INFO:root:0.17453292519943295
INFO:root:0.15707963267948966
INFO:root:0.15707963267948966
INFO:root:0.13962634015954636
INFO:root:0.13962634015954636
INFO:root:0.12217304763960307
INFO:root:0.12217304763960307
INFO:root:0.10471975511965978
INFO:root:0.08726646259971647
INFO:root:0.06981317007977318
INFO:root:0.05235987755982989
INFO:root:0.05235987755982989
INFO:root:0.03490658503988659
INFO:root:0.017453292519943295
INFO:root:0.017453292519943295
INFO:root:0.017453292519943295
INFO:root:segundo giro. Pos: (-0.050077441480858964m, 0.40194265372755056m, -0.005555555555555556pi rad)
INFO:root:-0.017453292519943295
INFO:root:-0.017453292519943295
INFO:root:-0.03490658503988659
INFO:root:-0.03490658503988659
INFO:root:-0.05235987755982989
INFO:root:-0.06981317007977318
INFO:root:-0.06981317007977318
INFO:root:-0.08726646259971647
INFO:root:-0.08726646259971647
INFO:root:-0.08726646259971647
INFO:root:-0.08726646259971647
INFO:root:-0.10471975511965978
INFO:root:-0.10471975511965978
INFO:root:-0.10471975511965978
INFO:root:-0.08726646259971647
INFO:root:-0.08726646259971647
INFO:root:-0.08726646259971647
INFO:root:-0.08726646259971647
INFO:root:-0.08726646259971647
INFO:root:-0.08726646259971647
INFO:root:-0.08726646259971647
INFO:root:-0.08726646259971647
INFO:root:-0.08726646259971647
INFO:root:-0.08726646259971647
INFO:root:-0.08726646259971647
INFO:root:-0.08726646259971647
INFO:root:-0.08726646259971647
INFO:root:-0.08726646259971647
INFO:root:-0.08726646259971647
INFO:root:-0.08726646259971647
INFO:root:-0.08726646259971647
INFO:root:-0.08726646259971647
INFO:root:-0.08726646259971647
INFO:root:-0.08726646259971647
INFO:root:-0.08726646259971647
INFO:root:-0.08726646259971647
INFO:root:-0.08726646259971647
INFO:root:-0.06981317007977318
INFO:root:-0.06981317007977318
INFO:root:-0.06981317007977318
INFO:root:-0.08726646259971647
INFO:root:-0.06981317007977318
INFO:root:-0.06981317007977318
INFO:root:-0.06981317007977318
INFO:root:-0.06981317007977318
INFO:root:-0.06981317007977318
INFO:root:-0.06981317007977318
INFO:root:-0.06981317007977318
INFO:root:-0.06981317007977318
INFO:root:-0.06981317007977318
INFO:root:-0.06981317007977318
INFO:root:-0.06981317007977318
INFO:root:-0.06981317007977318
INFO:root:-0.06981317007977318
INFO:root:-0.06981317007977318
INFO:root:-0.06981317007977318
INFO:root:-0.06981317007977318
INFO:root:-0.06981317007977318
INFO:root:-0.06981317007977318
INFO:root:-0.06981317007977318
INFO:root:-0.06981317007977318
INFO:root:-0.06981317007977318
INFO:root:-0.06981317007977318
INFO:root:-0.06981317007977318
INFO:root:-0.06981317007977318
INFO:root:-0.06981317007977318
INFO:root:-0.06981317007977318
INFO:root:-0.06981317007977318
INFO:root:-0.06981317007977318
INFO:root:-0.06981317007977318
INFO:root:-0.06981317007977318
INFO:root:-0.06981317007977318
INFO:root:-0.06981317007977318
INFO:root:-0.06981317007977318
INFO:root:-0.06981317007977318
INFO:root:-0.06981317007977318
INFO:root:-0.06981317007977318
INFO:root:-0.06981317007977318
INFO:root:-0.06981317007977318
INFO:root:-0.06981317007977318
INFO:root:-0.06981317007977318
INFO:root:-0.06981317007977318
INFO:root:-0.06981317007977318
INFO:root:-0.06981317007977318
INFO:root:-0.06981317007977318
INFO:root:-0.06981317007977318
INFO:root:-0.06981317007977318
INFO:root:-0.06981317007977318
INFO:root:-0.06981317007977318
INFO:root:-0.06981317007977318
INFO:root:-0.06981317007977318
INFO:root:-0.06981317007977318
INFO:root:-0.06981317007977318
INFO:root:-0.06981317007977318
INFO:root:-0.06981317007977318
INFO:root:-0.06981317007977318
INFO:root:-0.06981317007977318
INFO:root:-0.06981317007977318
INFO:root:-0.06981317007977318
INFO:root:-0.06981317007977318
INFO:root:-0.06981317007977318
INFO:root:-0.06981317007977318
INFO:root:-0.06981317007977318
INFO:root:-0.06981317007977318
INFO:root:-0.06981317007977318
INFO:root:-0.06981317007977318
INFO:root:-0.06981317007977318
INFO:root:-0.06981317007977318
INFO:root:-0.05235987755982989
INFO:root:-0.05235987755982989
INFO:root:-0.05235987755982989
INFO:root:-0.05235987755982989
INFO:root:-0.05235987755982989
INFO:root:-0.05235987755982989
INFO:root:-0.05235987755982989
INFO:root:-0.05235987755982989
INFO:root:-0.05235987755982989
INFO:root:-0.05235987755982989
INFO:root:-0.05235987755982989
INFO:root:-0.05235987755982989
INFO:root:-0.05235987755982989
INFO:root:-0.05235987755982989
INFO:root:-0.05235987755982989
INFO:root:-0.05235987755982989
INFO:root:-0.05235987755982989
INFO:root:-0.05235987755982989
INFO:root:-0.05235987755982989
INFO:root:-0.05235987755982989
INFO:root:-0.05235987755982989
INFO:root:-0.05235987755982989
INFO:root:-0.05235987755982989
INFO:root:-0.05235987755982989
INFO:root:-0.05235987755982989
INFO:root:-0.05235987755982989
INFO:root:-0.05235987755982989
INFO:root:-0.05235987755982989
INFO:root:-0.05235987755982989
INFO:root:-0.05235987755982989
INFO:root:-0.05235987755982989
INFO:root:-0.05235987755982989
INFO:root:-0.05235987755982989
INFO:root:-0.05235987755982989
INFO:root:-0.05235987755982989
INFO:root:-0.05235987755982989
INFO:root:-0.05235987755982989
INFO:root:-0.05235987755982989
INFO:root:-0.05235987755982989
INFO:root:-0.05235987755982989
INFO:root:-0.05235987755982989
INFO:root:-0.05235987755982989
INFO:root:-0.05235987755982989
INFO:root:-0.05235987755982989
INFO:root:-0.05235987755982989
INFO:root:-0.05235987755982989
INFO:root:-0.05235987755982989
INFO:root:-0.05235987755982989
INFO:root:-0.05235987755982989
INFO:root:-0.05235987755982989
INFO:root:-0.05235987755982989
INFO:root:-0.05235987755982989
INFO:root:-0.05235987755982989
INFO:root:-0.05235987755982989
INFO:root:-0.05235987755982989
INFO:root:-0.05235987755982989
INFO:root:-0.05235987755982989
INFO:root:-0.05235987755982989
INFO:root:-0.05235987755982989
INFO:root:-0.05235987755982989
INFO:root:-0.05235987755982989
INFO:root:-0.05235987755982989
INFO:root:-0.05235987755982989
INFO:root:-0.05235987755982989
INFO:root:-0.05235987755982989
INFO:root:-0.05235987755982989
INFO:root:-0.05235987755982989
INFO:root:-0.05235987755982989
INFO:root:-0.05235987755982989
INFO:root:-0.05235987755982989
INFO:root:-0.05235987755982989
INFO:root:-0.05235987755982989
INFO:root:-0.05235987755982989
INFO:root:-0.05235987755982989
INFO:root:-0.05235987755982989
INFO:root:-0.05235987755982989
INFO:root:-0.03490658503988659
INFO:root:-0.03490658503988659
INFO:root:-0.03490658503988659
INFO:root:-0.03490658503988659
INFO:root:-0.03490658503988659
INFO:root:-0.03490658503988659
INFO:root:-0.03490658503988659
INFO:root:-0.03490658503988659
INFO:root:-0.03490658503988659
INFO:root:-0.03490658503988659
INFO:root:-0.03490658503988659
INFO:root:-0.03490658503988659
INFO:root:-0.03490658503988659
INFO:root:-0.03490658503988659
INFO:root:-0.03490658503988659
INFO:root:-0.03490658503988659
INFO:root:-0.03490658503988659
INFO:root:-0.03490658503988659
INFO:root:-0.03490658503988659
INFO:root:-0.03490658503988659
INFO:root:-0.03490658503988659
INFO:root:-0.03490658503988659
INFO:root:-0.03490658503988659
INFO:root:-0.03490658503988659
INFO:root:-0.03490658503988659
INFO:root:-0.03490658503988659
INFO:root:-0.03490658503988659
INFO:root:-0.03490658503988659
INFO:root:-0.03490658503988659
INFO:root:-0.03490658503988659
INFO:root:-0.03490658503988659
INFO:root:-0.03490658503988659
INFO:root:-0.03490658503988659
INFO:root:-0.03490658503988659
INFO:root:-0.03490658503988659
INFO:root:-0.03490658503988659
INFO:root:-0.03490658503988659
INFO:root:-0.03490658503988659
INFO:root:-0.03490658503988659
INFO:root:-0.03490658503988659
INFO:root:-0.03490658503988659
INFO:root:-0.03490658503988659
INFO:root:-0.03490658503988659
INFO:root:-0.03490658503988659
INFO:root:-0.03490658503988659
INFO:root:-0.03490658503988659
INFO:root:-0.03490658503988659
INFO:root:-0.03490658503988659
INFO:root:-0.03490658503988659
INFO:root:-0.03490658503988659
INFO:root:-0.03490658503988659
INFO:root:-0.03490658503988659
INFO:root:-0.03490658503988659
INFO:root:-0.03490658503988659
INFO:root:-0.03490658503988659
INFO:root:-0.03490658503988659
INFO:root:-0.03490658503988659
INFO:root:-0.03490658503988659
INFO:root:-0.03490658503988659
INFO:root:-0.03490658503988659
INFO:root:-0.03490658503988659
INFO:root:-0.03490658503988659
INFO:root:-0.03490658503988659
INFO:root:-0.03490658503988659
INFO:root:-0.03490658503988659
INFO:root:-0.03490658503988659
INFO:root:-0.03490658503988659
INFO:root:-0.03490658503988659
INFO:root:-0.03490658503988659
INFO:root:-0.03490658503988659
INFO:root:-0.03490658503988659
INFO:root:-0.03490658503988659
INFO:root:-0.03490658503988659
INFO:root:-0.03490658503988659
INFO:root:-0.03490658503988659
INFO:root:-0.03490658503988659
INFO:root:-0.017453292519943295
INFO:root:-0.017453292519943295
INFO:root:-0.017453292519943295
INFO:root:-0.017453292519943295
INFO:root:-0.017453292519943295
INFO:root:-0.017453292519943295
INFO:root:-0.017453292519943295
INFO:root:-0.017453292519943295
INFO:root:-0.017453292519943295
INFO:root:-0.017453292519943295
INFO:root:-0.017453292519943295
INFO:root:-0.017453292519943295
INFO:root:-0.017453292519943295
INFO:root:-0.017453292519943295
INFO:root:-0.017453292519943295
INFO:root:-0.017453292519943295
INFO:root:-0.017453292519943295
INFO:root:-0.017453292519943295
INFO:root:-0.017453292519943295
INFO:root:-0.017453292519943295
INFO:root:-0.017453292519943295
INFO:root:-0.017453292519943295
INFO:root:-0.017453292519943295
INFO:root:-0.017453292519943295
INFO:root:-0.017453292519943295
INFO:root:-0.017453292519943295
INFO:root:-0.017453292519943295
INFO:root:-0.017453292519943295
INFO:root:-0.017453292519943295
INFO:root:-0.017453292519943295
INFO:root:-0.017453292519943295
INFO:root:-0.017453292519943295
INFO:root:-0.017453292519943295
INFO:root:-0.017453292519943295
INFO:root:-0.017453292519943295
INFO:root:-0.017453292519943295
INFO:root:-0.017453292519943295
INFO:root:-0.017453292519943295
INFO:root:-0.017453292519943295
INFO:root:-0.017453292519943295
INFO:root:-0.017453292519943295
INFO:root:-0.017453292519943295
INFO:root:-0.017453292519943295
INFO:root:-0.017453292519943295
INFO:root:-0.017453292519943295
INFO:root:-0.017453292519943295
INFO:root:segunda recta. Pos: (0.8037973288726901m, 0.35705300379269284m, -0.005555555555555556pi rad)
INFO:root:-0.017453292519943295
INFO:root:-0.017453292519943295
INFO:root:-0.017453292519943295
INFO:root:-0.017453292519943295
INFO:root:-0.017453292519943295
INFO:root:-0.017453292519943295
INFO:root:-0.017453292519943295
INFO:root:-0.017453292519943295
INFO:root:-0.03490658503988659
INFO:root:-0.03490658503988659
INFO:root:-0.05235987755982989
INFO:root:-0.05235987755982989
INFO:root:-0.05235987755982989
INFO:root:-0.05235987755982989
INFO:root:-0.06981317007977318
INFO:root:-0.06981317007977318
INFO:root:-0.08726646259971647
INFO:root:-0.10471975511965978
INFO:root:-0.10471975511965978
INFO:root:-0.12217304763960307
INFO:root:-0.13962634015954636
INFO:root:-0.13962634015954636
INFO:root:-0.15707963267948966
INFO:root:-0.17453292519943295
INFO:root:-0.17453292519943295
INFO:root:-0.17453292519943295
INFO:root:-0.19198621771937624
INFO:root:-0.20943951023931956
INFO:root:-0.22689280275926285
INFO:root:-0.22689280275926285
INFO:root:-0.24434609527920614
INFO:root:-0.2617993877991494
INFO:root:-0.2617993877991494
INFO:root:-0.2792526803190927
INFO:root:-0.2792526803190927
INFO:root:-0.29670597283903605
INFO:root:-0.3141592653589793
INFO:root:-0.3141592653589793
INFO:root:-0.33161255787892263
INFO:root:-0.3490658503988659
INFO:root:-0.3490658503988659
INFO:root:-0.3665191429188092
INFO:root:-0.3665191429188092
INFO:root:-0.3839724354387525
INFO:root:-0.4014257279586958
INFO:root:-0.4014257279586958
INFO:root:-0.4188790204786391
INFO:root:-0.4363323129985824
INFO:root:-0.4363323129985824
INFO:root:-0.4537856055185257
INFO:root:-0.4537856055185257
INFO:root:-0.47123889803846897
INFO:root:-0.4886921905584123
INFO:root:-0.4886921905584123
INFO:root:-0.4886921905584123
INFO:root:-0.4886921905584123
INFO:root:-0.5235987755982988
INFO:root:-0.5235987755982988
INFO:root:-0.5410520681182421
INFO:root:-0.5585053606381855
INFO:root:-0.5759586531581288
INFO:root:-0.5759586531581288
INFO:root:-0.5759586531581288
INFO:root:-0.5934119456780721
INFO:root:-0.6108652381980153
INFO:root:-0.6108652381980153
INFO:root:-0.6283185307179586
INFO:root:-0.6457718232379019
INFO:root:-0.6457718232379019
INFO:root:-0.6457718232379019
INFO:root:-0.6632251157578453
INFO:root:-0.6806784082777885
INFO:root:-0.6981317007977318
INFO:root:-0.6981317007977318
INFO:root:-0.7155849933176751
INFO:root:-0.7330382858376184
INFO:root:-0.7330382858376184
INFO:root:-0.7504915783575618
INFO:root:-0.7504915783575618
INFO:root:-0.7504915783575618
INFO:root:-0.767944870877505
INFO:root:-0.7853981633974483
INFO:root:-0.8028514559173916
INFO:root:-0.8028514559173916
INFO:root:-0.8203047484373349
INFO:root:-0.8377580409572782
INFO:root:-0.8552113334772214
INFO:root:-0.8552113334772214
INFO:root:-0.8726646259971648
INFO:root:-0.8726646259971648
INFO:root:-0.8901179185171081
INFO:root:-0.9075712110370514
INFO:root:-0.9250245035569946
INFO:root:-0.9250245035569946
INFO:root:-0.9424777960769379
INFO:root:-0.9424777960769379
INFO:root:-0.9599310885968813
INFO:root:-0.9773843811168246
INFO:root:-0.9948376736367679
INFO:root:-0.9948376736367679
INFO:root:-1.0122909661567112
INFO:root:-1.0297442586766545
INFO:root:-1.0297442586766545
INFO:root:-1.0471975511965976
INFO:root:-1.064650843716541
INFO:root:-1.064650843716541
INFO:root:-1.0821041362364843
INFO:root:-1.0995574287564276
INFO:root:-1.0995574287564276
INFO:root:-1.117010721276371
INFO:root:-1.1344640137963142
INFO:root:-1.1344640137963142
INFO:root:-1.1344640137963142
INFO:root:-1.1519173063162575
INFO:root:-1.1693705988362009
INFO:root:-1.1693705988362009
INFO:root:-1.1868238913561442
INFO:root:-1.2042771838760873
INFO:root:-1.2042771838760873
INFO:root:-1.2217304763960306
INFO:root:-1.2217304763960306
INFO:root:-1.239183768915974
INFO:root:-1.2566370614359172
INFO:root:-1.2740903539558606
INFO:root:-1.2915436464758039
INFO:root:-1.2915436464758039
INFO:root:-1.3089969389957472
INFO:root:-1.3089969389957472
INFO:root:-1.3264502315156905
INFO:root:-1.3264502315156905
INFO:root:-1.3439035240356338
INFO:root:-1.3439035240356338
INFO:root:-1.361356816555577
INFO:root:-1.3788101090755203
INFO:root:-1.3788101090755203
INFO:root:-1.3962634015954636
INFO:root:-1.413716694115407
INFO:root:-1.413716694115407
INFO:root:-1.4311699866353502
INFO:root:-1.4486232791552935
INFO:root:-1.4486232791552935
INFO:root:-1.4660765716752369
INFO:root:-1.4660765716752369
INFO:root:-1.4835298641951802
INFO:root:-1.4835298641951802
INFO:root:-1.5009831567151235
INFO:root:-1.5184364492350666
INFO:root:-1.5184364492350666
INFO:root:-1.53588974175501
INFO:root:-1.5533430342749532
INFO:root:-1.5533430342749532
INFO:root:tercer giro. Pos: (0.8037973288726901m, 0.35705300379269284m, -0.5pi rad)
INFO:root:-1.5707963267948966
INFO:root:-1.5882496193148399
INFO:root:-1.6057029118347832
INFO:root:-1.6057029118347832
INFO:root:-1.6057029118347832
INFO:root:-1.6231562043547265
INFO:root:-1.6406094968746698
INFO:root:-1.6406094968746698
INFO:root:-1.6406094968746698
INFO:root:-1.6580627893946132
INFO:root:-1.6580627893946132
INFO:root:-1.6580627893946132
INFO:root:-1.6580627893946132
INFO:root:-1.6580627893946132
INFO:root:-1.6580627893946132
INFO:root:-1.6580627893946132
INFO:root:-1.6580627893946132
INFO:root:-1.6580627893946132
INFO:root:-1.6580627893946132
INFO:root:-1.6580627893946132
INFO:root:-1.6580627893946132
INFO:root:-1.6580627893946132
INFO:root:-1.6580627893946132
INFO:root:-1.6580627893946132
INFO:root:-1.6580627893946132
INFO:root:-1.6580627893946132
INFO:root:-1.6580627893946132
INFO:root:-1.6580627893946132
INFO:root:-1.6580627893946132
INFO:root:-1.6580627893946132
INFO:root:-1.6580627893946132
INFO:root:-1.6580627893946132
INFO:root:-1.6580627893946132
INFO:root:-1.6580627893946132
INFO:root:-1.6580627893946132
INFO:root:-1.6580627893946132
INFO:root:-1.6580627893946132
INFO:root:-1.6580627893946132
INFO:root:-1.6580627893946132
INFO:root:-1.6580627893946132
INFO:root:-1.6580627893946132
INFO:root:-1.6580627893946132
INFO:root:-1.6580627893946132
INFO:root:-1.6580627893946132
INFO:root:-1.6580627893946132
INFO:root:-1.6580627893946132
INFO:root:-1.6580627893946132
INFO:root:-1.6580627893946132
INFO:root:-1.6580627893946132
INFO:root:-1.6580627893946132
INFO:root:-1.6580627893946132
INFO:root:-1.6580627893946132
INFO:root:-1.6580627893946132
INFO:root:-1.6580627893946132
INFO:root:-1.6580627893946132
INFO:root:-1.6580627893946132
INFO:root:-1.6580627893946132
INFO:root:-1.6580627893946132
INFO:root:-1.6580627893946132
INFO:root:-1.6580627893946132
INFO:root:-1.6580627893946132
INFO:root:-1.6580627893946132
INFO:root:-1.6580627893946132
INFO:root:-1.6580627893946132
INFO:root:-1.6580627893946132
INFO:root:-1.6580627893946132
INFO:root:-1.6580627893946132
INFO:root:-1.6580627893946132
INFO:root:-1.6580627893946132
INFO:root:-1.6580627893946132
INFO:root:-1.6580627893946132
INFO:root:-1.6580627893946132
INFO:root:-1.6580627893946132
INFO:root:-1.6580627893946132
INFO:root:-1.6580627893946132
INFO:root:-1.6580627893946132
INFO:root:-1.6580627893946132
INFO:root:-1.6406094968746698
INFO:root:-1.6406094968746698
INFO:root:-1.6406094968746698
INFO:root:-1.6406094968746698
INFO:root:-1.6406094968746698
INFO:root:-1.6406094968746698
INFO:root:-1.6406094968746698
INFO:root:-1.6406094968746698
INFO:root:-1.6406094968746698
INFO:root:-1.6406094968746698
INFO:root:-1.6406094968746698
INFO:root:-1.6406094968746698
INFO:root:-1.6406094968746698
INFO:root:-1.6406094968746698
INFO:root:-1.6406094968746698
INFO:root:-1.6406094968746698
INFO:root:-1.6406094968746698
INFO:root:-1.6406094968746698
INFO:root:-1.6406094968746698
INFO:root:-1.6406094968746698
INFO:root:-1.6406094968746698
INFO:root:-1.6406094968746698
INFO:root:-1.6406094968746698
INFO:root:-1.6406094968746698
INFO:root:-1.6406094968746698
INFO:root:-1.6406094968746698
INFO:root:-1.6406094968746698
INFO:root:-1.6406094968746698
INFO:root:-1.6406094968746698
INFO:root:-1.6406094968746698
INFO:root:-1.6406094968746698
INFO:root:-1.6406094968746698
INFO:root:-1.6406094968746698
INFO:root:-1.6406094968746698
INFO:root:-1.6406094968746698
INFO:root:-1.6406094968746698
INFO:root:-1.6406094968746698
INFO:root:-1.6406094968746698
INFO:root:-1.6406094968746698
INFO:root:-1.6231562043547265
INFO:root:-1.6231562043547265
INFO:root:-1.6231562043547265
INFO:root:-1.6231562043547265
INFO:root:-1.6231562043547265
INFO:root:-1.6231562043547265
INFO:root:-1.6231562043547265
INFO:root:-1.6231562043547265
INFO:root:-1.6231562043547265
INFO:root:-1.6231562043547265
INFO:root:-1.6231562043547265
INFO:root:-1.6231562043547265
INFO:root:-1.6231562043547265
INFO:root:-1.6231562043547265
INFO:root:-1.6231562043547265
INFO:root:-1.6231562043547265
INFO:root:-1.6231562043547265
INFO:root:-1.6231562043547265
INFO:root:-1.6231562043547265
INFO:root:-1.6231562043547265
INFO:root:-1.6231562043547265
INFO:root:-1.6231562043547265
INFO:root:-1.6231562043547265
INFO:root:-1.6231562043547265
INFO:root:-1.6406094968746698
INFO:root:-1.6231562043547265
INFO:root:-1.6231562043547265
INFO:root:-1.6406094968746698
INFO:root:-1.6406094968746698
INFO:root:-1.6406094968746698
INFO:root:-1.6406094968746698
INFO:root:-1.6406094968746698
INFO:root:-1.6406094968746698
INFO:root:-1.6231562043547265
INFO:root:-1.6231562043547265
INFO:root:-1.6231562043547265
INFO:root:-1.6231562043547265
INFO:root:-1.6231562043547265
INFO:root:-1.6231562043547265
INFO:root:-1.6231562043547265
INFO:root:-1.6231562043547265
INFO:root:-1.6231562043547265
INFO:root:-1.6231562043547265
INFO:root:-1.6231562043547265
INFO:root:-1.6231562043547265
INFO:root:-1.6231562043547265
INFO:root:-1.6231562043547265
INFO:root:-1.6231562043547265
INFO:root:-1.6231562043547265
INFO:root:-1.6231562043547265
INFO:root:-1.6231562043547265
INFO:root:-1.6231562043547265
INFO:root:-1.6231562043547265
INFO:root:-1.6231562043547265
INFO:root:-1.6231562043547265
INFO:root:-1.6231562043547265
INFO:root:-1.6231562043547265
INFO:root:-1.6231562043547265
INFO:root:-1.6231562043547265
INFO:root:-1.6231562043547265
INFO:root:-1.6231562043547265
INFO:root:-1.6231562043547265
INFO:root:-1.6231562043547265
INFO:root:-1.6231562043547265
INFO:root:-1.6231562043547265
INFO:root:-1.6231562043547265
INFO:root:-1.6231562043547265
INFO:root:-1.6231562043547265
INFO:root:-1.6231562043547265
INFO:root:-1.6231562043547265
INFO:root:-1.6231562043547265
INFO:root:-1.6231562043547265
INFO:root:-1.6231562043547265
INFO:root:-1.6231562043547265
INFO:root:-1.6057029118347832
INFO:root:-1.6057029118347832
INFO:root:-1.6057029118347832
INFO:root:-1.6231562043547265
INFO:root:-1.6231562043547265
INFO:root:-1.6231562043547265
INFO:root:-1.6231562043547265
INFO:root:-1.6231562043547265
INFO:root:-1.6231562043547265
INFO:root:-1.6231562043547265
INFO:root:-1.6231562043547265
INFO:root:-1.6057029118347832
INFO:root:-1.6057029118347832
INFO:root:-1.6057029118347832
INFO:root:-1.6057029118347832
INFO:root:-1.6057029118347832
INFO:root:-1.6057029118347832
INFO:root:-1.6057029118347832
INFO:root:-1.6057029118347832
INFO:root:-1.6057029118347832
INFO:root:-1.6057029118347832
INFO:root:-1.6057029118347832
INFO:root:-1.6057029118347832
INFO:root:-1.6057029118347832
INFO:root:-1.6057029118347832
INFO:root:-1.6057029118347832
INFO:root:-1.6057029118347832
INFO:root:-1.6057029118347832
INFO:root:-1.6057029118347832
INFO:root:-1.6057029118347832
INFO:root:-1.6057029118347832
INFO:root:-1.6057029118347832
INFO:root:-1.6231562043547265
INFO:root:-1.6231562043547265
INFO:root:-1.6057029118347832
INFO:root:-1.6057029118347832
INFO:root:-1.6057029118347832
INFO:root:-1.6057029118347832
INFO:root:-1.6057029118347832
INFO:root:-1.6057029118347832
INFO:root:-1.6057029118347832
INFO:root:-1.6057029118347832
INFO:root:-1.6057029118347832
INFO:root:-1.6057029118347832
INFO:root:-1.6057029118347832
INFO:root:-1.6057029118347832
INFO:root:-1.6057029118347832
INFO:root:-1.6057029118347832
INFO:root:-1.6057029118347832
INFO:root:-1.6057029118347832
INFO:root:-1.6057029118347832
INFO:root:-1.6057029118347832
INFO:root:-1.6057029118347832
INFO:root:-1.6057029118347832
INFO:root:-1.6057029118347832
INFO:root:-1.6057029118347832
INFO:root:-1.6057029118347832
INFO:root:-1.6057029118347832
INFO:root:-1.6057029118347832
INFO:root:-1.6057029118347832
INFO:root:-1.6057029118347832
INFO:root:-1.6057029118347832
INFO:root:-1.6057029118347832
INFO:root:-1.6057029118347832
INFO:root:-1.6057029118347832
INFO:root:-1.6057029118347832
INFO:root:-1.6057029118347832
INFO:root:-1.6057029118347832
INFO:root:-1.6057029118347832
INFO:root:-1.6057029118347832
INFO:root:-1.6057029118347832
INFO:root:-1.6057029118347832
INFO:root:-1.6057029118347832
INFO:root:-1.6057029118347832
INFO:root:-1.6057029118347832
INFO:root:-1.6057029118347832
INFO:root:-1.6057029118347832
INFO:root:-1.6057029118347832
INFO:root:-1.6057029118347832
INFO:root:-1.6057029118347832
INFO:root:-1.5882496193148399
INFO:root:-1.5882496193148399
INFO:root:-1.6057029118347832
INFO:root:-1.6057029118347832
INFO:root:-1.6057029118347832
INFO:root:-1.6057029118347832
INFO:root:-1.6057029118347832
INFO:root:-1.6057029118347832
INFO:root:-1.6057029118347832
INFO:root:-1.5882496193148399
INFO:root:-1.5882496193148399
INFO:root:-1.5882496193148399
INFO:root:-1.5882496193148399
INFO:root:-1.5882496193148399
INFO:root:-1.5882496193148399
INFO:root:-1.5882496193148399
INFO:root:-1.5882496193148399
INFO:root:-1.5882496193148399
INFO:root:-1.5882496193148399
INFO:root:-1.5882496193148399
INFO:root:-1.5882496193148399
INFO:root:-1.5882496193148399
INFO:root:-1.5882496193148399
INFO:root:-1.5882496193148399
INFO:root:-1.5882496193148399
INFO:root:-1.5882496193148399
INFO:root:-1.5882496193148399
INFO:root:-1.5882496193148399
INFO:root:-1.6057029118347832
INFO:root:-1.6057029118347832
INFO:root:-1.6057029118347832
INFO:root:-1.6057029118347832
INFO:root:-1.6057029118347832
INFO:root:-1.5882496193148399
INFO:root:-1.5882496193148399
INFO:root:-1.5882496193148399
INFO:root:-1.5882496193148399
INFO:root:-1.5882496193148399
INFO:root:-1.5882496193148399
INFO:root:-1.5882496193148399
INFO:root:-1.5882496193148399
INFO:root:-1.5882496193148399
INFO:root:-1.5882496193148399
INFO:root:-1.5882496193148399
INFO:root:-1.5882496193148399
INFO:root:-1.5882496193148399
INFO:root:-1.5882496193148399
INFO:root:tercera recta. Pos: (0.7623671607583182m, -0.4018927816927479m, -0.5055555555555555pi rad)
INFO:root:-1.5882496193148399
INFO:root:-1.5882496193148399
INFO:root:-1.5882496193148399
INFO:root:-1.5882496193148399
INFO:root:-1.5882496193148399
INFO:root:-1.5882496193148399
INFO:root:-1.5882496193148399
INFO:root:-1.5882496193148399
INFO:root:-1.5882496193148399
INFO:root:-1.6057029118347832
INFO:root:-1.6057029118347832
INFO:root:-1.6231562043547265
INFO:root:-1.6231562043547265
INFO:root:-1.6406094968746698
INFO:root:-1.6406094968746698
INFO:root:-1.6406094968746698
INFO:root:-1.6580627893946132
INFO:root:-1.6580627893946132
INFO:root:-1.6755160819145565
INFO:root:-1.6755160819145565
INFO:root:-1.6929693744344996
INFO:root:-1.6929693744344996
INFO:root:-1.710422666954443
INFO:root:-1.710422666954443
INFO:root:-1.7278759594743862
INFO:root:-1.7453292519943295
INFO:root:-1.7453292519943295
INFO:root:-1.7627825445142729
INFO:root:-1.7802358370342162
INFO:root:-1.7802358370342162
INFO:root:-1.7976891295541595
INFO:root:-1.7976891295541595
INFO:root:-1.8151424220741028
INFO:root:-1.8325957145940461
INFO:root:-1.8500490071139892
INFO:root:-1.8500490071139892
INFO:root:-1.8675022996339325
INFO:root:-1.8675022996339325
INFO:root:-1.8675022996339325
INFO:root:-1.9024088846738192
INFO:root:-1.9024088846738192
INFO:root:-1.9198621771937625
INFO:root:-1.9373154697137058
INFO:root:-1.9373154697137058
INFO:root:-1.9547687622336491
INFO:root:-1.9547687622336491
INFO:root:-1.9722220547535925
INFO:root:-1.9722220547535925
INFO:root:-1.9896753472735358
INFO:root:-2.007128639793479
INFO:root:-2.007128639793479
INFO:root:-2.0245819323134224
INFO:root:-2.0420352248333655
INFO:root:-2.059488517353309
INFO:root:-2.059488517353309
INFO:root:-2.076941809873252
INFO:root:-2.0943951023931953
INFO:root:-2.0943951023931953
INFO:root:-2.0943951023931953
INFO:root:-2.0943951023931953
INFO:root:-2.129301687433082
INFO:root:-2.129301687433082
INFO:root:-2.1467549799530254
INFO:root:-2.1642082724729685
INFO:root:-2.1642082724729685
INFO:root:-2.181661564992912
INFO:root:-2.181661564992912
INFO:root:-2.199114857512855
INFO:root:-2.2165681500327987
INFO:root:-2.2165681500327987
INFO:root:-2.234021442552742
INFO:root:-2.234021442552742
INFO:root:-2.251474735072685
INFO:root:-2.2689280275926285
INFO:root:-2.2863813201125716
INFO:root:-2.2863813201125716
INFO:root:-2.303834612632515
INFO:root:-2.303834612632515
INFO:root:-2.321287905152458
INFO:root:-2.321287905152458
INFO:root:-2.3387411976724017
INFO:root:-2.356194490192345
INFO:root:-2.3736477827122884
INFO:root:-2.3911010752322315
INFO:root:-2.3911010752322315
INFO:root:-2.4085543677521746
INFO:root:-2.4085543677521746
INFO:root:-2.426007660272118
INFO:root:-2.426007660272118
INFO:root:-2.443460952792061
INFO:root:-2.4609142453120048
INFO:root:-2.4609142453120048
INFO:root:-2.478367537831948
INFO:root:-2.4958208303518914
INFO:root:-2.5132741228718345
INFO:root:-2.5132741228718345
INFO:root:-2.530727415391778
INFO:root:-2.530727415391778
INFO:root:-2.548180707911721
INFO:root:-2.5656340004316642
INFO:root:-2.5656340004316642
INFO:root:-2.5830872929516078
INFO:root:-2.5830872929516078
INFO:root:-2.600540585471551
INFO:root:-2.6179938779914944
INFO:root:-2.6179938779914944
INFO:root:-2.6354471705114375
INFO:root:-2.652900463031381
INFO:root:-2.652900463031381
INFO:root:-2.670353755551324
INFO:root:-2.6878070480712677
INFO:root:-2.705260340591211
INFO:root:-2.705260340591211
INFO:root:-2.705260340591211
INFO:root:-2.722713633111154
INFO:root:-2.7401669256310974
INFO:root:-2.7401669256310974
INFO:root:-2.7576202181510405
INFO:root:-2.775073510670984
INFO:root:-2.775073510670984
INFO:root:-2.792526803190927
INFO:root:-2.8099800957108707
INFO:root:-2.8099800957108707
INFO:root:-2.827433388230814
INFO:root:-2.8448866807507573
INFO:root:-2.8448866807507573
INFO:root:-2.8623399732707004
INFO:root:-2.8797932657906435
INFO:root:-2.8797932657906435
INFO:root:-2.897246558310587
INFO:root:-2.91469985083053
INFO:root:-2.9321531433504737
INFO:root:-2.9321531433504737
INFO:root:-2.949606435870417
INFO:root:-2.9670597283903604
INFO:root:-2.9670597283903604
INFO:root:-2.9845130209103035
INFO:root:-2.9845130209103035
INFO:root:-3.001966313430247
INFO:root:-3.001966313430247
INFO:root:-3.036872898470133
INFO:root:-3.036872898470133
INFO:root:-3.0543261909900767
INFO:root:-3.0543261909900767
INFO:root:-3.07177948351002
INFO:root:-3.07177948351002
INFO:root:-3.0892327760299634
INFO:root:-3.1066860685499065
INFO:root:-3.12413936106985
INFO:root:-3.12413936106985
INFO:root:-3.141592653589793
INFO:root:cuarto giro. Pos: (0.7623671607583182m, -0.4018927816927479m, 0.9944444444444444pi rad)
INFO:root:3.1241393610698496
INFO:root:3.1241393610698496
INFO:root:3.1066860685499065
INFO:root:3.1066860685499065
INFO:root:3.0892327760299634
INFO:root:3.07177948351002
INFO:root:3.07177948351002
INFO:root:3.0543261909900767
INFO:root:3.0543261909900767
INFO:root:3.0543261909900767
INFO:root:3.036872898470133
INFO:root:3.036872898470133
INFO:root:3.036872898470133
INFO:root:3.036872898470133
INFO:root:3.0543261909900767
INFO:root:3.0543261909900767
INFO:root:3.0543261909900767
INFO:root:3.0543261909900767
INFO:root:3.0543261909900767
INFO:root:3.0543261909900767
INFO:root:3.0543261909900767
INFO:root:3.0543261909900767
INFO:root:3.0543261909900767
INFO:root:3.0543261909900767
INFO:root:3.0543261909900767
INFO:root:3.0543261909900767
INFO:root:3.0543261909900767
INFO:root:3.0543261909900767
INFO:root:3.0543261909900767
INFO:root:3.0543261909900767
INFO:root:3.0543261909900767
INFO:root:3.0543261909900767
INFO:root:3.0543261909900767
INFO:root:3.0543261909900767
INFO:root:3.0543261909900767
INFO:root:3.0543261909900767
INFO:root:3.0543261909900767
INFO:root:3.0543261909900767
INFO:root:3.0543261909900767
INFO:root:3.0543261909900767
INFO:root:3.0543261909900767
INFO:root:3.0543261909900767
INFO:root:3.0543261909900767
INFO:root:3.0543261909900767
INFO:root:3.0543261909900767
INFO:root:3.0543261909900767
INFO:root:3.0543261909900767
INFO:root:3.0543261909900767
INFO:root:3.0543261909900767
INFO:root:3.0543261909900767
INFO:root:3.0543261909900767
INFO:root:3.0543261909900767
INFO:root:3.0543261909900767
INFO:root:3.0543261909900767
INFO:root:3.0543261909900767
INFO:root:3.0543261909900767
INFO:root:3.0543261909900767
INFO:root:3.0543261909900767
INFO:root:3.0543261909900767
INFO:root:3.0543261909900767
INFO:root:3.0543261909900767
INFO:root:3.07177948351002
INFO:root:3.07177948351002
INFO:root:3.07177948351002
INFO:root:3.07177948351002
INFO:root:3.07177948351002
INFO:root:3.07177948351002
INFO:root:3.07177948351002
INFO:root:3.07177948351002
INFO:root:3.07177948351002
INFO:root:3.07177948351002
INFO:root:3.07177948351002
INFO:root:3.07177948351002
INFO:root:3.07177948351002
INFO:root:3.07177948351002
INFO:root:3.07177948351002
INFO:root:3.07177948351002
INFO:root:3.07177948351002
INFO:root:3.07177948351002
INFO:root:3.07177948351002
INFO:root:3.07177948351002
INFO:root:3.07177948351002
INFO:root:3.07177948351002
INFO:root:3.07177948351002
INFO:root:3.07177948351002
INFO:root:3.07177948351002
INFO:root:3.07177948351002
INFO:root:3.07177948351002
INFO:root:3.07177948351002
INFO:root:3.07177948351002
INFO:root:3.07177948351002
INFO:root:3.07177948351002
INFO:root:3.07177948351002
INFO:root:3.07177948351002
INFO:root:3.07177948351002
INFO:root:3.07177948351002
INFO:root:3.07177948351002
INFO:root:3.07177948351002
INFO:root:3.07177948351002
INFO:root:3.07177948351002
INFO:root:3.07177948351002
INFO:root:3.07177948351002
INFO:root:3.07177948351002
INFO:root:3.0543261909900767
INFO:root:3.0543261909900767
INFO:root:3.0543261909900767
INFO:root:3.0543261909900767
INFO:root:3.0543261909900767
INFO:root:3.0543261909900767
INFO:root:3.0543261909900767
INFO:root:3.0543261909900767
INFO:root:3.0543261909900767
INFO:root:3.0543261909900767
INFO:root:3.0543261909900767
INFO:root:3.0543261909900767
INFO:root:3.0543261909900767
INFO:root:3.07177948351002
INFO:root:3.07177948351002
INFO:root:3.07177948351002
INFO:root:3.07177948351002
INFO:root:3.07177948351002
INFO:root:3.07177948351002
INFO:root:3.07177948351002
INFO:root:3.07177948351002
INFO:root:3.07177948351002
INFO:root:3.07177948351002
INFO:root:3.07177948351002
INFO:root:3.07177948351002
INFO:root:3.07177948351002
INFO:root:3.07177948351002
INFO:root:3.07177948351002
INFO:root:3.07177948351002
INFO:root:3.07177948351002
INFO:root:3.07177948351002
INFO:root:3.07177948351002
INFO:root:3.07177948351002
INFO:root:3.07177948351002
INFO:root:3.07177948351002
INFO:root:3.07177948351002
INFO:root:3.07177948351002
INFO:root:3.07177948351002
INFO:root:3.07177948351002
INFO:root:3.07177948351002
INFO:root:3.07177948351002
INFO:root:3.07177948351002
INFO:root:3.07177948351002
INFO:root:3.07177948351002
INFO:root:3.07177948351002
INFO:root:3.0892327760299634
INFO:root:3.0892327760299634
INFO:root:3.0892327760299634
INFO:root:3.0892327760299634
INFO:root:3.0892327760299634
INFO:root:3.0892327760299634
INFO:root:3.0892327760299634
INFO:root:3.0892327760299634
INFO:root:3.0892327760299634
INFO:root:3.0892327760299634
INFO:root:3.0892327760299634
INFO:root:3.0892327760299634
INFO:root:3.0892327760299634
INFO:root:3.0892327760299634
INFO:root:3.0892327760299634
INFO:root:3.0892327760299634
INFO:root:3.0892327760299634
INFO:root:3.0892327760299634
INFO:root:3.0892327760299634
INFO:root:3.0892327760299634
INFO:root:3.0892327760299634
INFO:root:3.0892327760299634
INFO:root:3.0892327760299634
INFO:root:3.0892327760299634
INFO:root:3.0892327760299634
INFO:root:3.0892327760299634
INFO:root:3.0892327760299634
INFO:root:3.0892327760299634
INFO:root:3.0892327760299634
INFO:root:3.07177948351002
INFO:root:3.07177948351002
INFO:root:3.07177948351002
INFO:root:3.07177948351002
INFO:root:3.07177948351002
INFO:root:3.07177948351002
INFO:root:3.07177948351002
INFO:root:3.07177948351002
INFO:root:3.07177948351002
INFO:root:3.07177948351002
INFO:root:3.07177948351002
INFO:root:3.0892327760299634
INFO:root:3.0892327760299634
INFO:root:3.0892327760299634
INFO:root:3.0892327760299634
INFO:root:3.0892327760299634
INFO:root:3.0892327760299634
INFO:root:3.0892327760299634
INFO:root:3.0892327760299634
INFO:root:3.0892327760299634
INFO:root:3.0892327760299634
INFO:root:3.0892327760299634
INFO:root:3.0892327760299634
INFO:root:3.0892327760299634
INFO:root:3.0892327760299634
INFO:root:3.0892327760299634
INFO:root:3.0892327760299634
INFO:root:3.0892327760299634
INFO:root:3.0892327760299634
INFO:root:3.0892327760299634
INFO:root:3.0892327760299634
INFO:root:3.0892327760299634
INFO:root:3.0892327760299634
INFO:root:3.0892327760299634
INFO:root:3.0892327760299634
INFO:root:3.0892327760299634
INFO:root:3.0892327760299634
INFO:root:3.0892327760299634
INFO:root:3.0892327760299634
INFO:root:3.0892327760299634
INFO:root:3.0892327760299634
INFO:root:3.0892327760299634
INFO:root:3.0892327760299634
INFO:root:3.0892327760299634
INFO:root:3.1066860685499065
INFO:root:3.1066860685499065
INFO:root:3.1066860685499065
INFO:root:3.1066860685499065
INFO:root:3.1066860685499065
INFO:root:3.1066860685499065
INFO:root:3.1066860685499065
INFO:root:3.1066860685499065
INFO:root:3.1066860685499065
INFO:root:3.1066860685499065
INFO:root:3.1066860685499065
INFO:root:3.1066860685499065
INFO:root:3.1066860685499065
INFO:root:3.1066860685499065
INFO:root:3.1066860685499065
INFO:root:3.1066860685499065
INFO:root:3.1066860685499065
INFO:root:3.1066860685499065
INFO:root:3.1066860685499065
INFO:root:3.1066860685499065
INFO:root:3.1066860685499065
INFO:root:3.1066860685499065
INFO:root:3.1066860685499065
INFO:root:3.1066860685499065
INFO:root:3.1066860685499065
INFO:root:3.1066860685499065
INFO:root:3.1066860685499065
INFO:root:cuarta recta. Pos: (-0.0048506756398978435m, -0.350835238245244m, 0.9888888888888889pi rad)
INFO:root:3.1066860685499065
INFO:root:3.1066860685499065
INFO:root:3.0892327760299634
INFO:root:3.0892327760299634
INFO:root:3.0892327760299634
INFO:root:3.0892327760299634
INFO:root:3.0892327760299634
INFO:root:3.0892327760299634
INFO:root:3.0892327760299634
INFO:root:3.07177948351002
INFO:root:3.07177948351002
INFO:root:3.07177948351002
INFO:root:3.0543261909900767
INFO:root:3.036872898470133
INFO:root:3.036872898470133
INFO:root:3.036872898470133
INFO:root:3.01941960595019
INFO:root:3.0019663134302466
INFO:root:3.0019663134302466
INFO:root:2.9845130209103035
INFO:root:2.9845130209103035
INFO:root:2.9845130209103035
INFO:root:2.96705972839036
INFO:root:2.949606435870417
INFO:root:2.949606435870417
INFO:root:2.9321531433504733
INFO:root:2.9321531433504733
INFO:root:2.91469985083053
INFO:root:2.897246558310587
INFO:root:2.8797932657906435
INFO:root:2.8797932657906435
INFO:root:2.8623399732707004
INFO:root:2.8623399732707004
INFO:root:2.844886680750757
INFO:root:2.827433388230814
INFO:root:2.827433388230814
INFO:root:2.8099800957108703
INFO:root:2.792526803190927
INFO:root:2.792526803190927
INFO:root:2.7750735106709836
INFO:root:2.7576202181510405
INFO:root:2.7401669256310974
INFO:root:2.7401669256310974
INFO:root:2.722713633111154
INFO:root:2.705260340591211
INFO:root:2.6878070480712672
INFO:root:2.6878070480712672
INFO:root:2.670353755551324
INFO:root:2.670353755551324
INFO:root:2.6529004630313806
INFO:root:2.6354471705114375
INFO:root:2.6354471705114375
INFO:root:2.617993877991494
INFO:root:2.617993877991494
INFO:root:2.5830872929516078
INFO:root:2.5830872929516078
INFO:root:2.5656340004316642
INFO:root:2.5656340004316642
INFO:root:2.548180707911721
INFO:root:2.548180707911721
INFO:root:2.5307274153917776
INFO:root:2.5132741228718345
INFO:root:2.5132741228718345
INFO:root:2.495820830351891
INFO:root:2.478367537831948
INFO:root:2.478367537831948
INFO:root:2.4609142453120043
INFO:root:2.443460952792061
INFO:root:2.426007660272118
INFO:root:2.426007660272118
INFO:root:2.4085543677521746
INFO:root:2.3911010752322315
INFO:root:2.3911010752322315
INFO:root:2.373647782712288
INFO:root:2.373647782712288
INFO:root:2.356194490192345
INFO:root:2.3387411976724013
INFO:root:2.3387411976724013
INFO:root:2.321287905152458
INFO:root:2.3038346126325147
INFO:root:2.3038346126325147
INFO:root:2.2863813201125716
INFO:root:2.2689280275926285
INFO:root:2.2689280275926285
INFO:root:2.2514747350726854
INFO:root:2.2340214425527414
INFO:root:2.2340214425527414
INFO:root:2.2165681500327983
INFO:root:2.2165681500327983
INFO:root:2.199114857512855
INFO:root:2.181661564992912
INFO:root:2.181661564992912
INFO:root:2.164208272472968
INFO:root:2.146754979953025
INFO:root:2.146754979953025
INFO:root:2.129301687433082
INFO:root:2.111848394913139
INFO:root:2.111848394913139
INFO:root:2.0943951023931957
INFO:root:2.0769418098732517
INFO:root:2.0769418098732517
INFO:root:2.0594885173533086
INFO:root:2.0420352248333655
INFO:root:2.0420352248333655
INFO:root:2.0245819323134224
INFO:root:2.0245819323134224
INFO:root:1.9896753472735353
INFO:root:1.9896753472735353
INFO:root:1.9722220547535922
INFO:root:1.9547687622336491
INFO:root:1.9547687622336491
INFO:root:1.937315469713706
INFO:root:1.919862177193762
INFO:root:1.919862177193762
INFO:root:1.902408884673819
INFO:root:1.8849555921538759
INFO:root:1.8849555921538759
INFO:root:1.8675022996339328
INFO:root:1.8500490071139888
INFO:root:1.8500490071139888
INFO:root:1.8325957145940457
INFO:root:1.8325957145940457
INFO:root:1.8151424220741026
INFO:root:1.7976891295541595
INFO:root:1.7976891295541595
INFO:root:1.7802358370342164
INFO:root:1.7627825445142724
INFO:root:1.7627825445142724
INFO:root:1.7453292519943293
INFO:root:1.7278759594743862
INFO:root:1.7278759594743862
INFO:root:1.7104226669544431
INFO:root:1.6929693744344991
INFO:root:1.6929693744344991
INFO:root:1.675516081914556
INFO:root:1.658062789394613
INFO:root:1.658062789394613
INFO:root:1.6406094968746698
INFO:root:1.6406094968746698
INFO:root:1.6057029118347828
INFO:root:1.6057029118347828
INFO:root:1.5882496193148397
INFO:root:ultimo giro. Pos: (-0.0048506756398978435m, -0.350835238245244m, 0.5pi rad)
INFO:root:1.5707963267948966
INFO:root:1.5707963267948966
INFO:root:1.5533430342749535
INFO:root:1.5533430342749535
INFO:root:1.5358897417550095
INFO:root:1.5184364492350664
INFO:root:1.5184364492350664
INFO:root:1.5184364492350664
INFO:root:1.5009831567151233
INFO:root:1.5009831567151233
INFO:root:1.5009831567151233
INFO:root:1.5009831567151233
INFO:root:1.5009831567151233
INFO:root:1.5009831567151233
INFO:root:1.5009831567151233
INFO:root:1.5184364492350664
INFO:root:1.5184364492350664
INFO:root:1.5184364492350664
INFO:root:1.5184364492350664
INFO:root:1.5358897417550095
INFO:root:1.5358897417550095
INFO:root:1.5358897417550095
INFO:root:1.5358897417550095
INFO:root:1.5358897417550095
INFO:root:1.5358897417550095
INFO:root:1.5358897417550095
INFO:root:1.5184364492350664
INFO:root:1.5184364492350664
INFO:root:1.5184364492350664
INFO:root:1.5184364492350664
INFO:root:1.5184364492350664
INFO:root:1.5184364492350664
INFO:root:1.5184364492350664
INFO:root:1.5184364492350664
INFO:root:1.5358897417550095
INFO:root:1.5358897417550095
INFO:root:1.5358897417550095
INFO:root:1.5358897417550095
INFO:root:1.5358897417550095
INFO:root:1.5358897417550095
INFO:root:1.5358897417550095
INFO:root:1.5358897417550095
INFO:root:1.5358897417550095
INFO:root:1.5358897417550095
INFO:root:1.5358897417550095
INFO:root:1.5358897417550095
INFO:root:1.5358897417550095
INFO:root:1.5358897417550095
INFO:root:1.5358897417550095
INFO:root:1.5358897417550095
INFO:root:1.5358897417550095
INFO:root:1.5358897417550095
INFO:root:1.5358897417550095
INFO:root:1.5358897417550095
INFO:root:1.5358897417550095
INFO:root:1.5358897417550095
INFO:root:1.5358897417550095
INFO:root:1.5358897417550095
INFO:root:1.5358897417550095
INFO:root:1.5358897417550095
INFO:root:1.5358897417550095
INFO:root:1.5358897417550095
INFO:root:1.5358897417550095
INFO:root:1.5358897417550095
INFO:root:1.5358897417550095
INFO:root:1.5358897417550095
INFO:root:1.5358897417550095
INFO:root:1.5358897417550095
INFO:root:1.5358897417550095
INFO:root:1.5358897417550095
INFO:root:1.5358897417550095
INFO:root:1.5358897417550095
INFO:root:1.5358897417550095
INFO:root:1.5358897417550095
INFO:root:1.5358897417550095
INFO:root:1.5358897417550095
INFO:root:1.5358897417550095
INFO:root:1.5358897417550095
INFO:root:1.5358897417550095
INFO:root:1.5358897417550095
INFO:root:1.5358897417550095
INFO:root:1.5358897417550095
INFO:root:1.5358897417550095
INFO:root:1.5358897417550095
INFO:root:1.5358897417550095
INFO:root:1.5358897417550095
INFO:root:1.5358897417550095
INFO:root:1.5358897417550095
INFO:root:1.5358897417550095
INFO:root:1.5358897417550095
INFO:root:1.5533430342749535
INFO:root:1.5533430342749535
INFO:root:1.5533430342749535
INFO:root:1.5533430342749535
INFO:root:1.5358897417550095
INFO:root:1.5358897417550095
INFO:root:1.5533430342749535
INFO:root:1.5533430342749535
INFO:root:1.5358897417550095
INFO:root:1.5358897417550095
INFO:root:1.5358897417550095
INFO:root:1.5358897417550095
INFO:root:1.5358897417550095
INFO:root:1.5358897417550095
INFO:root:1.5533430342749535
INFO:root:1.5533430342749535
INFO:root:1.5533430342749535
INFO:root:1.5533430342749535
INFO:root:1.5533430342749535
INFO:root:1.5533430342749535
INFO:root:1.5533430342749535
INFO:root:1.5533430342749535
INFO:root:1.5533430342749535
INFO:root:1.5533430342749535
INFO:root:1.5533430342749535
INFO:root:1.5533430342749535
INFO:root:1.5533430342749535
INFO:root:1.5533430342749535
INFO:root:1.5533430342749535
INFO:root:1.5533430342749535
INFO:root:1.5533430342749535
INFO:root:1.5533430342749535
INFO:root:1.5533430342749535
INFO:root:1.5533430342749535
INFO:root:1.5533430342749535
INFO:root:1.5533430342749535
INFO:root:1.5533430342749535
INFO:root:1.5533430342749535
INFO:root:1.5533430342749535
INFO:root:1.5533430342749535
INFO:root:1.5533430342749535
INFO:root:1.5533430342749535
INFO:root:ultima recta. Pos: (0.006873931379232001m, 0.0031017134186437853m, 0.4944444444444445pi rad)
INFO:root:1.5533430342749535
INFO:root:1.5533430342749535
INFO:root:1.5533430342749535
INFO:root:1.5533430342749535
INFO:root:1.5533430342749535
INFO:root:1.5533430342749535
INFO:root:1.5358897417550095
INFO:root:1.5358897417550095
INFO:root:1.5358897417550095
INFO:root:1.5358897417550095
INFO:root:1.5184364492350664
INFO:root:1.5184364492350664
INFO:root:1.5009831567151233
INFO:root:1.5009831567151233
INFO:root:1.4835298641951802
INFO:root:1.4835298641951802
INFO:root:1.466076571675237
INFO:root:1.448623279155293
INFO:root:1.448623279155293
INFO:root:1.43116998663535
INFO:root:1.43116998663535
INFO:root:1.413716694115407
INFO:root:1.3962634015954638
INFO:root:1.3962634015954638
INFO:root:1.3788101090755198
INFO:root:1.3788101090755198
INFO:root:1.3613568165555767
INFO:root:1.3439035240356336
INFO:root:1.3439035240356336
INFO:root:1.3264502315156905
INFO:root:1.3089969389957474
INFO:root:1.3089969389957474
INFO:root:1.2915436464758034
INFO:root:1.2740903539558603
INFO:root:1.2740903539558603
INFO:root:1.2566370614359172
INFO:root:1.2391837689159741
INFO:root:1.2391837689159741
INFO:root:1.2217304763960302
INFO:root:1.2217304763960302
INFO:root:1.204277183876087
INFO:root:1.204277183876087
INFO:root:1.186823891356144
INFO:root:1.1693705988362009
INFO:root:1.1519173063162578
INFO:root:1.1344640137963138
INFO:root:1.1344640137963138
INFO:root:1.1170107212763707
INFO:root:1.0995574287564276
INFO:root:1.0995574287564276
INFO:root:1.0821041362364845
INFO:root:1.0821041362364845
INFO:root:1.0646508437165405
INFO:root:1.0471975511965974
INFO:root:1.0471975511965974
INFO:root:1.0297442586766543
INFO:root:1.0297442586766543
INFO:root:0.9948376736367681
INFO:root:0.9773843811168241
INFO:root:0.959931088596881
INFO:root:0.959931088596881
INFO:root:0.959931088596881
INFO:root:0.9250245035569948
INFO:root:0.9250245035569948
INFO:root:0.9075712110370509
INFO:root:0.9075712110370509
INFO:root:0.8901179185171078
INFO:root:0.8901179185171078
INFO:root:0.8726646259971647
INFO:root:0.8552113334772216
INFO:root:0.8377580409572785
INFO:root:0.8377580409572785
INFO:root:0.8203047484373345
INFO:root:0.8203047484373345
INFO:root:0.8028514559173914
INFO:root:0.8028514559173914
INFO:root:0.7853981633974483
INFO:root:0.7679448708775052
INFO:root:0.7504915783575612
INFO:root:0.7330382858376181
INFO:root:0.7330382858376181
INFO:root:0.715584993317675
INFO:root:0.715584993317675
INFO:root:0.6981317007977319
INFO:root:0.6981317007977319
INFO:root:0.6806784082777888
INFO:root:0.6632251157578448
INFO:root:0.6632251157578448
INFO:root:0.6457718232379017
INFO:root:0.6457718232379017
INFO:root:0.6283185307179586
INFO:root:0.6108652381980155
INFO:root:0.6108652381980155
INFO:root:0.5934119456780715
INFO:root:0.5934119456780715
INFO:root:0.5759586531581284
INFO:root:0.5585053606381853
INFO:root:0.5410520681182422
INFO:root:0.5410520681182422
INFO:root:0.5235987755982991
INFO:root:0.5061454830783552
INFO:root:0.5061454830783552
INFO:root:0.48869219055841207
INFO:root:0.48869219055841207
INFO:root:0.47123889803846897
INFO:root:0.45378560551852587
INFO:root:0.45378560551852587
INFO:root:0.4363323129985819
INFO:root:0.4188790204786388
INFO:root:0.4014257279586957
INFO:root:0.4014257279586957
INFO:root:0.4014257279586957
INFO:root:0.3839724354387526
INFO:root:0.3665191429188095
INFO:root:0.3490658503988655
INFO:root:0.3490658503988655
INFO:root:0.3316125578789224
INFO:root:0.3316125578789224
INFO:root:0.3141592653589793
INFO:root:0.3141592653589793
INFO:root:0.2967059728390362
INFO:root:0.27925268031909223
INFO:root:0.27925268031909223
INFO:root:0.26179938779914913
INFO:root:0.24434609527920603
INFO:root:0.24434609527920603
INFO:root:0.22689280275926293
INFO:root:0.22689280275926293
INFO:root:0.20943951023931984
INFO:root:0.20943951023931984
INFO:root:0.19198621771937585
INFO:root:0.17453292519943275
INFO:root:0.17453292519943275
INFO:root:0.15707963267948966
INFO:root:0.13962634015954656
INFO:root:0.13962634015954656
INFO:root:0.12217304763960257
INFO:root:0.12217304763960257
INFO:root:0.10471975511965947
INFO:root:0.08726646259971638
INFO:root:0.08726646259971638
INFO:root:0.06981317007977328
INFO:root:0.05235987755983018
INFO:root:0.05235987755983018
INFO:root:0.034906585039886195
INFO:root:0.017453292519943098
INFO:root:0.017453292519943098
INFO:root:y ya estara. Pos: (0.006873931379232001m, 0.0031017134186437853m, -0.0pi rad)
INFO:root:-0.0
INFO:root:Odometry was stopped
