INFO:root:Program started
INFO:root:Robot set up!
INFO:root:Odometry was started, PID: 17107:
INFO:root:Initial location: 0.2, 1.8, 3.141592653589793
DEBUG:root:GOLES
DEBUG:root:my offset is 6 and my angle is 3.141592653589793
DEBUG:root:Y 
↑ 
o → X
DEBUG:root:+---+----+----+----+----+----+----+----+----+----+----+----+----+----+----+----+---+
| █ | █  | █  | █  | █  | █  | █  | █  | █  | █  | █  | █  | █  | █  | █  | █  | █ |
+---+----+----+----+----+----+----+----+----+----+----+----+----+----+----+----+---+
| █ | ←  | 21 | 20 | 19 | 18 | 17 | 16 | 15 | 14 | 13 | 12 | 11 | 10 | 11 | 12 | █ |
+---+----+----+----+----+----+----+----+----+----+----+----+----+----+----+----+---+
| █ | 21 | 20 | 19 | 18 | 17 | █  | █  | █  | █  | █  | █  | █  | 9  | █  | 11 | █ |
+---+----+----+----+----+----+----+----+----+----+----+----+----+----+----+----+---+
| █ | 20 | 19 | 18 | 17 | 16 | █  | 6  | 5  | 4  | 5  | 6  | 7  | 8  | █  | 10 | █ |
+---+----+----+----+----+----+----+----+----+----+----+----+----+----+----+----+---+
| █ | 21 | █  | 17 | 16 | 15 | █  | 7  | █  | 3  | 4  | 5  | 6  | 7  | █  | 9  | █ |
+---+----+----+----+----+----+----+----+----+----+----+----+----+----+----+----+---+
| █ | 22 | █  | 16 | 15 | 14 | █  | 8  | █  | 2  | 3  | 4  | 5  | 6  | █  | 8  | █ |
+---+----+----+----+----+----+----+----+----+----+----+----+----+----+----+----+---+
| █ | 23 | █  | 15 | 14 | 13 | █  | 9  | █  | 1  | 2  | 3  | 4  | 5  | █  | 7  | █ |
+---+----+----+----+----+----+----+----+----+----+----+----+----+----+----+----+---+
| █ | 24 | █  | 14 | 13 | 12 | 11 | 10 | █  | 0  | 1  | 2  | 3  | 4  | 5  | 6  | █ |
+---+----+----+----+----+----+----+----+----+----+----+----+----+----+----+----+---+
| █ | 25 | █  | █  | █  | █  | █  | 11 | █  | 1  | 2  | 3  | 4  | 5  | 6  | 7  | █ |
+---+----+----+----+----+----+----+----+----+----+----+----+----+----+----+----+---+
| █ | 26 | 27 | 28 | 29 | 30 | █  | 12 | █  | 2  | 3  | 4  | 5  | 6  | 7  | 8  | █ |
+---+----+----+----+----+----+----+----+----+----+----+----+----+----+----+----+---+
| █ | █  | █  | █  | █  | █  | █  | █  | █  | █  | █  | █  | █  | █  | █  | █  | █ |
+---+----+----+----+----+----+----+----+----+----+----+----+----+----+----+----+---+
DEBUG:root:r move is 5
DEBUG:root:[8.  5.  0.4]
DEBUG:root:[2. 2.]
DEBUG:root:giro izquierda y arco a la izquierda
DEBUG:root:0.2,1.8 | 0.4000000059604645,1.600000023841858
DEBUG:root:0.20690556673736007,1.9494287948519786 | 0.4000000059604645,1.600000023841858
DEBUG:root:0.19224572664358042,1.7906732428461272 | 0.4000000059604645,1.600000023841858
DEBUG:root:0.19229020796275015,1.8030469047141815 | 0.4000000059604645,1.600000023841858
DEBUG:root:0.20016858271271454,1.9533752501953976 | 0.4000000059604645,1.600000023841858
DEBUG:root:0.205285116160594,2.0998935979393814 | 0.4000000059604645,1.600000023841858
DEBUG:root:0.20779808228709049,2.2438613309057653 | 0.4000000059604645,1.600000023841858
DEBUG:root:0.20779808228709049,2.4536935402267828 | 0.4000000059604645,1.600000023841858
DEBUG:root:0.2046500210849885,2.634045845706489 | 0.4000000059604645,1.600000023841858
DEBUG:root:0.2003726150424469,2.737270839591482 | 0.4000000059604645,1.600000023841858
DEBUG:root:0.18993552527065477,2.8581804747037247 | 0.4000000059604645,1.600000023841858
DEBUG:root:0.18148705932970002,2.9182944334605883 | 0.4000000059604645,1.600000023841858
DEBUG:root:0.16382237765909421,3.023121767341377 | 0.4000000059604645,1.600000023841858
DEBUG:root:0.12947858554953123,3.1787191834825412 | 0.4000000059604645,1.600000023841858
DEBUG:root:0.09954948365621463,3.293417185900355 | 0.4000000059604645,1.600000023841858
DEBUG:root:0.0737988277558639,3.3781985612768533 | 0.4000000059604645,1.600000023841858
DEBUG:root:0.039545154750825,3.474815511358328 | 0.4000000059604645,1.600000023841858
DEBUG:root:-0.005399279505583849,3.5869600682208156 | 0.4000000059604645,1.600000023841858
DEBUG:root:-0.048441059647984716,3.6810554273686322 | 0.4000000059604645,1.600000023841858
DEBUG:root:-0.0831491472556348,3.7507136999641126 | 0.4000000059604645,1.600000023841858
WARNING:root:KeyboardInterrupt raised
WARNING:root:Abruptly stopped the robot!
INFO:root:Odometry was stopped
DEBUG:matplotlib.axes._base:update_title_pos
DEBUG:matplotlib.font_manager:findfont: Matching :family=sans-serif:style=normal:variant=normal:weight=normal:stretch=normal:size=10.0 to DejaVu Sans ('/home/pi/.local/lib/python3.5/site-packages/matplotlib/mpl-data/fonts/ttf/DejaVuSans.ttf') with score of 0.050000.
DEBUG:matplotlib.axes._base:update_title_pos
