INFO:root:Program started
INFO:root:Robot set up!
INFO:root:Odometry was started, PID: 29345:
INFO:root:Initial location: 0.2, 1.8, 0.0
DEBUG:root:Y 
↑ 
o → X
DEBUG:root:MY LOCATION IS [0.2, 1.8, 0.0]
DEBUG:root:MY CELL IS [[1. 1.]]
DEBUG:root:+---+----+----+----+----+----+----+----+----+----+----+----+----+----+----+----+---+
| █ | █  | █  | █  | █  | █  | █  | █  | █  | █  | █  | █  | █  | █  | █  | █  | █ |
+---+----+----+----+----+----+----+----+----+----+----+----+----+----+----+----+---+
| █ | →  | 21 | 20 | 19 | 18 | 17 | 16 | 15 | 14 | 13 | 12 | 11 | 10 | 11 | 12 | █ |
+---+----+----+----+----+----+----+----+----+----+----+----+----+----+----+----+---+
| █ | 21 | 20 | 19 | 18 | 17 | █  | █  | █  | █  | █  | █  | █  | 9  | █  | 11 | █ |
+---+----+----+----+----+----+----+----+----+----+----+----+----+----+----+----+---+
| █ | 20 | 19 | 18 | 17 | 16 | █  | 6  | 5  | 4  | 5  | 6  | 7  | 8  | █  | 10 | █ |
+---+----+----+----+----+----+----+----+----+----+----+----+----+----+----+----+---+
| █ | 21 | █  | 17 | 16 | 15 | █  | 7  | █  | 3  | 4  | 5  | 6  | 7  | █  | 9  | █ |
+---+----+----+----+----+----+----+----+----+----+----+----+----+----+----+----+---+
| █ | 22 | █  | 16 | 15 | 14 | █  | 8  | █  | 2  | 3  | 4  | 5  | 6  | █  | 8  | █ |
+---+----+----+----+----+----+----+----+----+----+----+----+----+----+----+----+---+
| █ | 23 | █  | 15 | 14 | 13 | █  | 9  | █  | 1  | 2  | 3  | 4  | 5  | █  | 7  | █ |
+---+----+----+----+----+----+----+----+----+----+----+----+----+----+----+----+---+
| █ | 24 | █  | 14 | 13 | 12 | 11 | 10 | █  | 0  | 1  | 2  | 3  | 4  | 5  | 6  | █ |
+---+----+----+----+----+----+----+----+----+----+----+----+----+----+----+----+---+
| █ | 25 | █  | █  | █  | █  | █  | 11 | █  | 1  | 2  | 3  | 4  | 5  | 6  | 7  | █ |
+---+----+----+----+----+----+----+----+----+----+----+----+----+----+----+----+---+
| █ | 26 | 27 | 28 | 29 | 30 | █  | 12 | █  | 2  | 3  | 4  | 5  | 6  | 7  | 8  | █ |
+---+----+----+----+----+----+----+----+----+----+----+----+----+----+----+----+---+
| █ | █  | █  | █  | █  | █  | █  | █  | █  | █  | █  | █  | █  | █  | █  | █  | █ |
+---+----+----+----+----+----+----+----+----+----+----+----+----+----+----+----+---+
WARNING:root:Traceback (most recent call last):
  File "/home/pi/oscar/main.py", line 57, in main
    actions.map.navigateMap(oscar, [0, 4], [4, 1])
  File "/home/pi/oscar/actions/map.py", line 47, in navigateMap
    [relative_move, abs_destination, clockwise] = helpers.map.next_cell(grid, moves, offset_angle, arr_pos, smallest_value)  # sacamos la siguiente celda a la que tenemos que ir!
  File "/home/pi/oscar/helpers/map.py", line 52, in next_cell
    watchout_1 = arr_pos + moves[watchout_index_1]  # we determine the pos of each watchout on the array
IndexError: list index out of range

WARNING:root:Abruptly stopped the robot!
INFO:root:Odometry was stopped
DEBUG:matplotlib.axes._base:update_title_pos
DEBUG:matplotlib.font_manager:findfont: Matching :family=sans-serif:style=normal:variant=normal:weight=normal:stretch=normal:size=10.0 to DejaVu Sans ('/home/pi/.local/lib/python3.5/site-packages/matplotlib/mpl-data/fonts/ttf/DejaVuSans.ttf') with score of 0.050000.
DEBUG:matplotlib.axes._base:update_title_pos
