INFO:root:Program started
INFO:root:Robot set up!
INFO:root:Odometry was started, PID: 8329:
INFO:root:Initial location: 0.2, 1.8, 3.141592653589793
DEBUG:root:my offset is 6 and my angle is 3.141592653589793
DEBUG:root:Y 
↑ 
o → X
DEBUG:root:+---+----+----+----+----+----+----+----+----+----+----+----+----+----+----+----+---+
| █ | █  | █  | █  | █  | █  | █  | █  | █  | █  | █  | █  | █  | █  | █  | █  | █ |
+---+----+----+----+----+----+----+----+----+----+----+----+----+----+----+----+---+
| █ | ←  | 13 | 12 | 11 | 10 | 11 | 12 | 13 | 14 | 15 | 16 | 15 | 14 | 15 | 16 | █ |
+---+----+----+----+----+----+----+----+----+----+----+----+----+----+----+----+---+
| █ | 13 | 12 | 11 | 10 | 9  | █  | █  | █  | █  | █  | █  | █  | 13 | █  | 17 | █ |
+---+----+----+----+----+----+----+----+----+----+----+----+----+----+----+----+---+
| █ | 12 | 11 | 10 | 9  | 8  | █  | 6  | 7  | 8  | 9  | 10 | 11 | 12 | █  | 18 | █ |
+---+----+----+----+----+----+----+----+----+----+----+----+----+----+----+----+---+
| █ | 13 | █  | 9  | 8  | 7  | █  | 5  | █  | 9  | 10 | 11 | 12 | 13 | █  | 19 | █ |
+---+----+----+----+----+----+----+----+----+----+----+----+----+----+----+----+---+
| █ | 14 | █  | 8  | 7  | 6  | █  | 4  | █  | 10 | 11 | 12 | 13 | 14 | █  | 20 | █ |
+---+----+----+----+----+----+----+----+----+----+----+----+----+----+----+----+---+
| █ | 15 | █  | 7  | 6  | 5  | █  | 3  | █  | 11 | 12 | 13 | 14 | 15 | █  | 19 | █ |
+---+----+----+----+----+----+----+----+----+----+----+----+----+----+----+----+---+
| █ | 16 | █  | 6  | 5  | 4  | 3  | 2  | █  | 12 | 13 | 14 | 15 | 16 | 17 | 18 | █ |
+---+----+----+----+----+----+----+----+----+----+----+----+----+----+----+----+---+
| █ | 17 | █  | █  | █  | █  | █  | 1  | █  | 13 | 14 | 15 | 16 | 17 | 18 | 19 | █ |
+---+----+----+----+----+----+----+----+----+----+----+----+----+----+----+----+---+
| █ | 18 | 19 | 20 | 21 | 22 | █  | 0  | █  | 14 | 15 | 16 | 17 | 18 | 19 | 20 | █ |
+---+----+----+----+----+----+----+----+----+----+----+----+----+----+----+----+---+
| █ | █  | █  | █  | █  | █  | █  | █  | █  | █  | █  | █  | █  | █  | █  | █  | █ |
+---+----+----+----+----+----+----+----+----+----+----+----+----+----+----+----+---+
DEBUG:root:[8.  5.  0.4]
DEBUG:root:[2. 2.]
DEBUG:root:giro izquierda y arco a la izquierda
DEBUG:root:1.5707963267948966
DEBUG:root:-1.5707963267948966
DEBUG:root:0.2,1.8 | 0.4000000059604645,1.600000023841858
DEBUG:root:0.21113844959253675,2.0211384432090305 | 0.4000000059604645,1.600000023841858
DEBUG:root:0.20869131450829068,1.9861427810841368 | 0.4000000059604645,1.600000023841858
DEBUG:root:0.20285472240407745,1.9055903627519746 | 0.4000000059604645,1.600000023841858
DEBUG:root:0.21386683028318487,2.063070842313998 | 0.4000000059604645,1.600000023841858
DEBUG:root:0.2187123545747693,2.174880878634919 | 0.4000000059604645,1.600000023841858
DEBUG:root:0.22535948222619806,2.4033273230409264 | 0.4000000059604645,1.600000023841858
DEBUG:root:0.22762115174004488,2.5328982827106716 | 0.4000000059604645,1.600000023841858
DEBUG:root:0.22762115174004488,2.667332268345534 | 0.4000000059604645,1.600000023841858
DEBUG:root:0.22356842273240418,2.8995129576931373 | 0.4000000059604645,1.600000023841858
DEBUG:root:0.2215583560207373,2.9570737371639875 | 0.4000000059604645,1.600000023841858
DEBUG:root:0.21296750216295007,3.1209969938887214 | 0.4000000059604645,1.600000023841858
DEBUG:root:0.20451210258081623,3.2419148413799586 | 0.4000000059604645,1.600000023841858
DEBUG:root:0.19109551836524027,3.3952671006883937 | 0.4000000059604645,1.600000023841858
DEBUG:root:0.17697492671665466,3.5296155559422893 | 0.4000000059604645,1.600000023841858
DEBUG:root:0.16124560420564346,3.6577206075493045 | 0.4000000059604645,1.600000023841858
DEBUG:root:0.14262709813199234,3.7901981619417877 | 0.4000000059604645,1.600000023841858
DEBUG:root:0.11559716299436722,3.9608584558585362 | 0.4000000059604645,1.600000023841858
DEBUG:root:0.07256833917212863,4.204887042121132 | 0.4000000059604645,1.600000023841858
DEBUG:root:0.04561832979609583,4.343532821087039 | 0.4000000059604645,1.600000023841858
DEBUG:root:0.01732320190135609,4.476650931732175 | 0.4000000059604645,1.600000023841858
DEBUG:root:-0.014714072380370312,4.615419612361297 | 0.4000000059604645,1.600000023841858
DEBUG:root:-0.05388677245531114,4.772532730936987 | 0.4000000059604645,1.600000023841858
DEBUG:root:-0.0814419639291418,4.875370105529613 | 0.4000000059604645,1.600000023841858
WARNING:root:KeyboardInterrupt raised
WARNING:root:Abruptly stopped the robot!
INFO:root:Odometry was stopped
