INFO:root:Program started
INFO:root:Robot set up!
INFO:root:Odometry was started, PID: 9314:
INFO:root:Initial location: 0.2, 1.8, 0.0
DEBUG:root:Y 
↑ 
o → X
DEBUG:root:+---+----+----+----+----+----+----+----+----+----+----+----+----+----+----+----+---+
| █ | █  | █  | █  | █  | █  | █  | █  | █  | █  | █  | █  | █  | █  | █  | █  | █ |
+---+----+----+----+----+----+----+----+----+----+----+----+----+----+----+----+---+
| █ | 22 | 21 | 20 | 19 | 18 | 17 | 16 | 15 | 14 | 13 | 12 | 11 | 10 | 11 | 12 | █ |
+---+----+----+----+----+----+----+----+----+----+----+----+----+----+----+----+---+
| █ | 21 | 20 | 19 | 18 | 17 | █  | █  | █  | █  | █  | █  | █  | 9  | █  | 11 | █ |
+---+----+----+----+----+----+----+----+----+----+----+----+----+----+----+----+---+
| █ | 20 | →  | 18 | 17 | 16 | █  | 6  | 5  | 4  | 5  | 6  | 7  | 8  | █  | 10 | █ |
+---+----+----+----+----+----+----+----+----+----+----+----+----+----+----+----+---+
| █ | 21 | █  | 17 | 16 | 15 | █  | 7  | █  | 3  | 4  | 5  | 6  | 7  | █  | 9  | █ |
+---+----+----+----+----+----+----+----+----+----+----+----+----+----+----+----+---+
| █ | 22 | █  | 16 | 15 | 14 | █  | 8  | █  | 2  | 3  | 4  | 5  | 6  | █  | 8  | █ |
+---+----+----+----+----+----+----+----+----+----+----+----+----+----+----+----+---+
| █ | 23 | █  | 15 | 14 | 13 | █  | 9  | █  | 1  | 2  | 3  | 4  | 5  | █  | 7  | █ |
+---+----+----+----+----+----+----+----+----+----+----+----+----+----+----+----+---+
| █ | 24 | █  | 14 | 13 | 12 | 11 | 10 | █  | 0  | 1  | 2  | 3  | 4  | 5  | 6  | █ |
+---+----+----+----+----+----+----+----+----+----+----+----+----+----+----+----+---+
| █ | 25 | █  | █  | █  | █  | █  | 11 | █  | 1  | 2  | 3  | 4  | 5  | 6  | 7  | █ |
+---+----+----+----+----+----+----+----+----+----+----+----+----+----+----+----+---+
| █ | 26 | 27 | 28 | 29 | 30 | █  | 12 | █  | 2  | 3  | 4  | 5  | 6  | 7  | 8  | █ |
+---+----+----+----+----+----+----+----+----+----+----+----+----+----+----+----+---+
| █ | █  | █  | █  | █  | █  | █  | █  | █  | █  | █  | █  | █  | █  | █  | █  | █ |
+---+----+----+----+----+----+----+----+----+----+----+----+----+----+----+----+---+
DEBUG:root:MY OFFSET VALUE IS 2
DEBUG:root:im considering 0 (2, [-7.  2.]) w/ grid value -1.0
DEBUG:root:MY OFFSET VALUE IS 2
DEBUG:root:im considering 1 (3, [-7.  3.]) w/ grid value 5.0
DEBUG:root:indexes are 2, 4
DEBUG:root:NEW indexes are 2, 4
DEBUG:root:MY OFFSET VALUE IS 2
DEBUG:root:im considering 2 (4, [-8.  3.]) w/ grid value 4.0
DEBUG:root:MY OFFSET VALUE IS 2
DEBUG:root:im considering 3 (5, [-9.  3.]) w/ grid value 5.0
DEBUG:root:MY OFFSET VALUE IS 2
DEBUG:root:im considering 4 (6, [-9.  2.]) w/ grid value -1.0
DEBUG:root:MY OFFSET VALUE IS 2
DEBUG:root:im considering 5 (7, [-9.  1.]) w/ grid value 15.0
DEBUG:root:MY OFFSET VALUE IS 2
DEBUG:root:im considering 6 (0, [-8.  1.]) w/ grid value 14.0
DEBUG:root:MY OFFSET VALUE IS 2
DEBUG:root:im considering 7 (1, [-7.  1.]) w/ grid value 13.0
DEBUG:root:RELATIVE CELL: 2, IM GOING TO DO:
DEBUG:root:giro derecha y voy recto
WARNING:root:Traceback (most recent call last):
  File "/home/pi/oscar/main.py", line 57, in main
    actions.map.navigateMap(oscar, [0, 4], [4, 1])
  File "/home/pi/oscar/actions/map.py", line 53, in navigateMap
    grid = remakeMap(size, map, goal, origin)
TypeError: remakeMap() missing 1 required positional argument: 'origin'

WARNING:root:Abruptly stopped the robot!
INFO:root:Odometry was stopped
