INFO:root:Program started
INFO:root:Robot set up!
INFO:root:Odometry was started, PID: 25549:
INFO:root:Initial location: 0.2, 1.8, 3.141592653589793
DEBUG:root:GOLES
DEBUG:root:my offset is 6 and my angle is 3.141592653589793
DEBUG:root:Y 
↑ 
o → X
DEBUG:root:+---+----+----+----+----+----+----+----+----+----+----+----+----+----+----+----+---+
| █ | █  | █  | █  | █  | █  | █  | █  | █  | █  | █  | █  | █  | █  | █  | █  | █ |
+---+----+----+----+----+----+----+----+----+----+----+----+----+----+----+----+---+
| █ | ←  | 21 | 20 | 19 | 18 | 17 | 16 | 15 | 14 | 13 | 12 | 11 | 10 | 11 | 12 | █ |
+---+----+----+----+----+----+----+----+----+----+----+----+----+----+----+----+---+
| █ | 21 | 20 | 19 | 18 | 17 | █  | █  | █  | █  | █  | █  | █  | 9  | █  | 11 | █ |
+---+----+----+----+----+----+----+----+----+----+----+----+----+----+----+----+---+
| █ | 20 | 19 | 18 | 17 | 16 | █  | 6  | 5  | 4  | 5  | 6  | 7  | 8  | █  | 10 | █ |
+---+----+----+----+----+----+----+----+----+----+----+----+----+----+----+----+---+
| █ | 21 | █  | 17 | 16 | 15 | █  | 7  | █  | 3  | 4  | 5  | 6  | 7  | █  | 9  | █ |
+---+----+----+----+----+----+----+----+----+----+----+----+----+----+----+----+---+
| █ | 22 | █  | 16 | 15 | 14 | █  | 8  | █  | 2  | 3  | 4  | 5  | 6  | █  | 8  | █ |
+---+----+----+----+----+----+----+----+----+----+----+----+----+----+----+----+---+
| █ | 23 | █  | 15 | 14 | 13 | █  | 9  | █  | 1  | 2  | 3  | 4  | 5  | █  | 7  | █ |
+---+----+----+----+----+----+----+----+----+----+----+----+----+----+----+----+---+
| █ | 24 | █  | 14 | 13 | 12 | 11 | 10 | █  | 0  | 1  | 2  | 3  | 4  | 5  | 6  | █ |
+---+----+----+----+----+----+----+----+----+----+----+----+----+----+----+----+---+
| █ | 25 | █  | █  | █  | █  | █  | 11 | █  | 1  | 2  | 3  | 4  | 5  | 6  | 7  | █ |
+---+----+----+----+----+----+----+----+----+----+----+----+----+----+----+----+---+
| █ | 26 | 27 | 28 | 29 | 30 | █  | 12 | █  | 2  | 3  | 4  | 5  | 6  | 7  | 8  | █ |
+---+----+----+----+----+----+----+----+----+----+----+----+----+----+----+----+---+
| █ | █  | █  | █  | █  | █  | █  | █  | █  | █  | █  | █  | █  | █  | █  | █  | █ |
+---+----+----+----+----+----+----+----+----+----+----+----+----+----+----+----+---+
DEBUG:root:r move is 5
DEBUG:root:[8.  5.  0.4]
DEBUG:root:[2. 2.]
DEBUG:root:giro izquierda y arco a la izquierda
DEBUG:root:LA R ES: 0.2
DEBUG:root:0.2,1.8 | 0.4000000059604645,1.600000023841858
DEBUG:root:0.20028586355812125,1.7925819029649548 | 0.4000000059604645,1.600000023841858
DEBUG:root:0.2029979576728332,1.7683079313228778 | 0.4000000059604645,1.600000023841858
DEBUG:root:0.2063079479582382,1.7484937963875742 | 0.4000000059604645,1.600000023841858
DEBUG:root:0.21099734268131168,1.7278161944022525 | 0.4000000059604645,1.600000023841858
DEBUG:root:0.2157310585381559,1.7114735276904811 | 0.4000000059604645,1.600000023841858
DEBUG:root:0.22281847842601174,1.6903112625174184 | 0.4000000059604645,1.600000023841858
DEBUG:root:0.23012394520822266,1.6717112305928807 | 0.4000000059604645,1.600000023841858
DEBUG:root:0.23870380281418055,1.6528575943145887 | 0.4000000059604645,1.600000023841858
DEBUG:root:0.24762331535236218,1.6361067617293428 | 0.4000000059604645,1.600000023841858
DEBUG:root:0.2572022493330485,1.6198353934449092 | 0.4000000059604645,1.600000023841858
DEBUG:root:0.267828749842766,1.6037551496226226 | 0.4000000059604645,1.600000023841858
DEBUG:root:0.28157690741695224,1.5852288722432153 | 0.4000000059604645,1.600000023841858
DEBUG:root:0.2935821085591858,1.5706977239970674 | 0.4000000059604645,1.600000023841858
DEBUG:root:0.30730262448775647,1.5554015066858897 | 0.4000000059604645,1.600000023841858
DEBUG:root:0.32204037766708027,1.5409545247520284 | 0.4000000059604645,1.600000023841858
DEBUG:root:0.3374836829005629,1.527120271146012 | 0.4000000059604645,1.600000023841858
DEBUG:root:0.3448081110304035,1.5211890661941827 | 0.4000000059604645,1.600000023841858
DEBUG:root:0.3672356055114615,1.504542179167262 | 0.4000000059604645,1.600000023841858
DEBUG:root:0.38436760237273687,1.493251730047818 | 0.4000000059604645,1.600000023841858
DEBUG:root:0.40072250128929493,1.4838204359595846 | 0.4000000059604645,1.600000023841858
DEBUG:root:0.41998136687265697,1.4739545650877663 | 0.4000000059604645,1.600000023841858
DEBUG:root:0.4418477521491447,1.4641815124292743 | 0.4000000059604645,1.600000023841858
DEBUG:root:0.46039278576798487,1.4571027094196891 | 0.4000000059604645,1.600000023841858
DEBUG:root:0.4788205922033077,1.4511343687974148 | 0.4000000059604645,1.600000023841858
DEBUG:root:0.4978935946280609,1.446042299845424 | 0.4000000059604645,1.600000023841858
DEBUG:root:0.5172255315005843,1.4417726006080889 | 0.4000000059604645,1.600000023841858
WARNING:root:Traceback (most recent call last):
  File "/home/pi/oscar/main.py", line 56, in main
    actions.map.navigateMap(oscar, [0, 4], [4, 1])
  File "/home/pi/oscar/actions/map.py", line 55, in navigateMap
    grid = robot.remakeMap(size, map, goal, origin)
AttributeError: 'Robot' object has no attribute 'remakeMap'

WARNING:root:Abruptly stopped the robot!
INFO:root:Odometry was stopped
