INFO:root:Program started
INFO:root:Robot set up!
INFO:root:Odometry was started, PID: 4585:
INFO:root:Initial location: 0.2, 1.8, 0.0
DEBUG:root:Y 
↑ 
o → X
DEBUG:root:MY LOCATION IS [0.2, 1.8, 0.0]
DEBUG:root:MY CELL IS [[1. 1.]]
DEBUG:root:+---+----+----+----+----+----+----+----+----+----+----+----+----+----+----+----+---+
| █ | █  | █  | █  | █  | █  | █  | █  | █  | █  | █  | █  | █  | █  | █  | █  | █ |
+---+----+----+----+----+----+----+----+----+----+----+----+----+----+----+----+---+
| █ | →  | 21 | 20 | 19 | 18 | 17 | 16 | 15 | 14 | 13 | 12 | 11 | 10 | 11 | 12 | █ |
+---+----+----+----+----+----+----+----+----+----+----+----+----+----+----+----+---+
| █ | 21 | 20 | 19 | 18 | 17 | █  | █  | █  | █  | █  | █  | █  | 9  | █  | 11 | █ |
+---+----+----+----+----+----+----+----+----+----+----+----+----+----+----+----+---+
| █ | 20 | 19 | 18 | 17 | 16 | █  | 6  | 5  | 4  | 5  | 6  | 7  | 8  | █  | 10 | █ |
+---+----+----+----+----+----+----+----+----+----+----+----+----+----+----+----+---+
| █ | 21 | █  | 17 | 16 | 15 | █  | 7  | █  | 3  | 4  | 5  | 6  | 7  | █  | 9  | █ |
+---+----+----+----+----+----+----+----+----+----+----+----+----+----+----+----+---+
| █ | 22 | █  | 16 | 15 | 14 | █  | 8  | █  | 2  | 3  | 4  | 5  | 6  | █  | 8  | █ |
+---+----+----+----+----+----+----+----+----+----+----+----+----+----+----+----+---+
| █ | 23 | █  | 15 | 14 | 13 | █  | 9  | █  | 1  | 2  | 3  | 4  | 5  | █  | 7  | █ |
+---+----+----+----+----+----+----+----+----+----+----+----+----+----+----+----+---+
| █ | 24 | █  | 14 | 13 | 12 | 11 | 10 | █  | 0  | 1  | 2  | 3  | 4  | 5  | 6  | █ |
+---+----+----+----+----+----+----+----+----+----+----+----+----+----+----+----+---+
| █ | 25 | █  | █  | █  | █  | █  | 11 | █  | 1  | 2  | 3  | 4  | 5  | 6  | 7  | █ |
+---+----+----+----+----+----+----+----+----+----+----+----+----+----+----+----+---+
| █ | 26 | 27 | 28 | 29 | 30 | █  | 12 | █  | 2  | 3  | 4  | 5  | 6  | 7  | 8  | █ |
+---+----+----+----+----+----+----+----+----+----+----+----+----+----+----+----+---+
| █ | █  | █  | █  | █  | █  | █  | █  | █  | █  | █  | █  | █  | █  | █  | █  | █ |
+---+----+----+----+----+----+----+----+----+----+----+----+----+----+----+----+---+
DEBUG:root:MY OFFSET VALUE IS 2
DEBUG:root:im considering 0 (2) w/ grid value 21.0
DEBUG:root:MY OFFSET VALUE IS 2
DEBUG:root:im considering 1 (3) w/ grid value 20.0
DEBUG:root:indexes are 2, 4
DEBUG:root:NEW indexes are 2, 4
DEBUG:root:MY OFFSET VALUE IS 2
DEBUG:root:im considering 2 (4) w/ grid value 21.0
DEBUG:root:MY OFFSET VALUE IS 2
DEBUG:root:im considering 3 (5) w/ grid value -1.0
DEBUG:root:MY OFFSET VALUE IS 2
DEBUG:root:im considering 4 (6) w/ grid value -1.0
DEBUG:root:MY OFFSET VALUE IS 2
DEBUG:root:im considering 5 (7) w/ grid value -1.0
DEBUG:root:MY OFFSET VALUE IS 2
DEBUG:root:im considering 6 (0) w/ grid value -1.0
DEBUG:root:MY OFFSET VALUE IS 2
DEBUG:root:im considering 7 (1) w/ grid value -1.0
DEBUG:root:RELATIVE CELL: 1
 IM GOING TO DO:
DEBUG:root:arco a la derecha
DEBUG:root:el vector es: [ 0.2 -0.2]
DEBUG:root:LA R ES: -0.2
DEBUG:root:ole ole terminao
DEBUG:root:Y 
↑ 
o → X
DEBUG:root:MY LOCATION IS [0.39704752231218954, 1.6074771404571657, -1.6057029118347832]
DEBUG:root:MY CELL IS [[2. 2.]]
DEBUG:root:+---+----+----+----+----+----+----+----+----+----+----+----+----+----+----+----+---+
| █ | █  | █  | █  | █  | █  | █  | █  | █  | █  | █  | █  | █  | █  | █  | █  | █ |
+---+----+----+----+----+----+----+----+----+----+----+----+----+----+----+----+---+
| █ | 22 | 21 | 20 | 19 | 18 | 17 | 16 | 15 | 14 | 13 | 12 | 11 | 10 | 11 | 12 | █ |
+---+----+----+----+----+----+----+----+----+----+----+----+----+----+----+----+---+
| █ | 21 | ↓  | 19 | 18 | 17 | █  | █  | █  | █  | █  | █  | █  | 9  | █  | 11 | █ |
+---+----+----+----+----+----+----+----+----+----+----+----+----+----+----+----+---+
| █ | 20 | 19 | 18 | 17 | 16 | █  | 6  | 5  | 4  | 5  | 6  | 7  | 8  | █  | 10 | █ |
+---+----+----+----+----+----+----+----+----+----+----+----+----+----+----+----+---+
| █ | 21 | █  | 17 | 16 | 15 | █  | 7  | █  | 3  | 4  | 5  | 6  | 7  | █  | 9  | █ |
+---+----+----+----+----+----+----+----+----+----+----+----+----+----+----+----+---+
| █ | 22 | █  | 16 | 15 | 14 | █  | 8  | █  | 2  | 3  | 4  | 5  | 6  | █  | 8  | █ |
+---+----+----+----+----+----+----+----+----+----+----+----+----+----+----+----+---+
| █ | 23 | █  | 15 | 14 | 13 | █  | 9  | █  | 1  | 2  | 3  | 4  | 5  | █  | 7  | █ |
+---+----+----+----+----+----+----+----+----+----+----+----+----+----+----+----+---+
| █ | 24 | █  | 14 | 13 | 12 | 11 | 10 | █  | 0  | 1  | 2  | 3  | 4  | 5  | 6  | █ |
+---+----+----+----+----+----+----+----+----+----+----+----+----+----+----+----+---+
| █ | 25 | █  | █  | █  | █  | █  | 11 | █  | 1  | 2  | 3  | 4  | 5  | 6  | 7  | █ |
+---+----+----+----+----+----+----+----+----+----+----+----+----+----+----+----+---+
| █ | 26 | 27 | 28 | 29 | 30 | █  | 12 | █  | 2  | 3  | 4  | 5  | 6  | 7  | 8  | █ |
+---+----+----+----+----+----+----+----+----+----+----+----+----+----+----+----+---+
| █ | █  | █  | █  | █  | █  | █  | █  | █  | █  | █  | █  | █  | █  | █  | █  | █ |
+---+----+----+----+----+----+----+----+----+----+----+----+----+----+----+----+---+
DEBUG:root:MY OFFSET VALUE IS 4
DEBUG:root:im considering 0 (4) w/ grid value 19.0
DEBUG:root:MY OFFSET VALUE IS 4
DEBUG:root:im considering 1 (5) w/ grid value 20.0
DEBUG:root:MY OFFSET VALUE IS 4
DEBUG:root:im considering 2 (6) w/ grid value 21.0
DEBUG:root:MY OFFSET VALUE IS 4
DEBUG:root:im considering 3 (7) w/ grid value 22.0
DEBUG:root:MY OFFSET VALUE IS 4
DEBUG:root:im considering 4 (0) w/ grid value 21.0
DEBUG:root:MY OFFSET VALUE IS 4
DEBUG:root:im considering 5 (1) w/ grid value 20.0
DEBUG:root:MY OFFSET VALUE IS 4
DEBUG:root:im considering 6 (2) w/ grid value 19.0
DEBUG:root:MY OFFSET VALUE IS 4
DEBUG:root:im considering 7 (3) w/ grid value 18.0
DEBUG:root:indexes are 2, 4
DEBUG:root:NEW indexes are 2, 4
DEBUG:root:RELATIVE CELL: 7
 IM GOING TO DO:
DEBUG:root:arco a la izquierda
DEBUG:root:el vector es: [ 0.20295248 -0.20747714]
DEBUG:root:LA R ES: 0.20300181462471664
DEBUG:root:ole ole terminao
DEBUG:root:Y 
↑ 
o → X
DEBUG:root:MY LOCATION IS [0.5855631953203035, 1.4008063734904856, 0.0]
DEBUG:root:MY CELL IS [[3. 3.]]
DEBUG:root:+---+----+----+----+----+----+----+----+----+----+----+----+----+----+----+----+---+
| █ | █  | █  | █  | █  | █  | █  | █  | █  | █  | █  | █  | █  | █  | █  | █  | █ |
+---+----+----+----+----+----+----+----+----+----+----+----+----+----+----+----+---+
| █ | 22 | 21 | 20 | 19 | 18 | 17 | 16 | 15 | 14 | 13 | 12 | 11 | 10 | 11 | 12 | █ |
+---+----+----+----+----+----+----+----+----+----+----+----+----+----+----+----+---+
| █ | 21 | 20 | 19 | 18 | 17 | █  | █  | █  | █  | █  | █  | █  | 9  | █  | 11 | █ |
+---+----+----+----+----+----+----+----+----+----+----+----+----+----+----+----+---+
| █ | 20 | 19 | →  | 17 | 16 | █  | 6  | 5  | 4  | 5  | 6  | 7  | 8  | █  | 10 | █ |
+---+----+----+----+----+----+----+----+----+----+----+----+----+----+----+----+---+
| █ | 21 | █  | 17 | 16 | 15 | █  | 7  | █  | 3  | 4  | 5  | 6  | 7  | █  | 9  | █ |
+---+----+----+----+----+----+----+----+----+----+----+----+----+----+----+----+---+
| █ | 22 | █  | 16 | 15 | 14 | █  | 8  | █  | 2  | 3  | 4  | 5  | 6  | █  | 8  | █ |
+---+----+----+----+----+----+----+----+----+----+----+----+----+----+----+----+---+
| █ | 23 | █  | 15 | 14 | 13 | █  | 9  | █  | 1  | 2  | 3  | 4  | 5  | █  | 7  | █ |
+---+----+----+----+----+----+----+----+----+----+----+----+----+----+----+----+---+
| █ | 24 | █  | 14 | 13 | 12 | 11 | 10 | █  | 0  | 1  | 2  | 3  | 4  | 5  | 6  | █ |
+---+----+----+----+----+----+----+----+----+----+----+----+----+----+----+----+---+
| █ | 25 | █  | █  | █  | █  | █  | 11 | █  | 1  | 2  | 3  | 4  | 5  | 6  | 7  | █ |
+---+----+----+----+----+----+----+----+----+----+----+----+----+----+----+----+---+
| █ | 26 | 27 | 28 | 29 | 30 | █  | 12 | █  | 2  | 3  | 4  | 5  | 6  | 7  | 8  | █ |
+---+----+----+----+----+----+----+----+----+----+----+----+----+----+----+----+---+
| █ | █  | █  | █  | █  | █  | █  | █  | █  | █  | █  | █  | █  | █  | █  | █  | █ |
+---+----+----+----+----+----+----+----+----+----+----+----+----+----+----+----+---+
DEBUG:root:MY OFFSET VALUE IS 2
DEBUG:root:im considering 0 (2) w/ grid value 17.0
DEBUG:root:MY OFFSET VALUE IS 2
DEBUG:root:im considering 1 (3) w/ grid value 16.0
DEBUG:root:indexes are 2, 4
DEBUG:root:NEW indexes are 2, 4
DEBUG:root:MY OFFSET VALUE IS 2
DEBUG:root:im considering 2 (4) w/ grid value 17.0
DEBUG:root:MY OFFSET VALUE IS 2
DEBUG:root:im considering 3 (5) w/ grid value 18.0
DEBUG:root:MY OFFSET VALUE IS 2
DEBUG:root:im considering 4 (6) w/ grid value 19.0
DEBUG:root:MY OFFSET VALUE IS 2
DEBUG:root:im considering 5 (7) w/ grid value 20.0
DEBUG:root:MY OFFSET VALUE IS 2
DEBUG:root:im considering 6 (0) w/ grid value 19.0
DEBUG:root:MY OFFSET VALUE IS 2
DEBUG:root:im considering 7 (1) w/ grid value -1.0
DEBUG:root:RELATIVE CELL: 1
 IM GOING TO DO:
DEBUG:root:arco a la derecha
DEBUG:root:el vector es: [ 0.2144368  -0.20080637]
DEBUG:root:LA R ES: -0.21489941114774425
DEBUG:root:ole ole terminao
DEBUG:root:Y 
↑ 
o → X
DEBUG:root:MY LOCATION IS [0.7990288987994514, 1.1949316973284092, -1.5882496193148399]
DEBUG:root:MY CELL IS [[4. 4.]]
DEBUG:root:+---+----+----+----+----+----+----+----+----+----+----+----+----+----+----+----+---+
| █ | █  | █  | █  | █  | █  | █  | █  | █  | █  | █  | █  | █  | █  | █  | █  | █ |
+---+----+----+----+----+----+----+----+----+----+----+----+----+----+----+----+---+
| █ | 22 | 21 | 20 | 19 | 18 | 17 | 16 | 15 | 14 | 13 | 12 | 11 | 10 | 11 | 12 | █ |
+---+----+----+----+----+----+----+----+----+----+----+----+----+----+----+----+---+
| █ | 21 | 20 | 19 | 18 | 17 | █  | █  | █  | █  | █  | █  | █  | 9  | █  | 11 | █ |
+---+----+----+----+----+----+----+----+----+----+----+----+----+----+----+----+---+
| █ | 20 | 19 | 18 | 17 | 16 | █  | 6  | 5  | 4  | 5  | 6  | 7  | 8  | █  | 10 | █ |
+---+----+----+----+----+----+----+----+----+----+----+----+----+----+----+----+---+
| █ | 21 | █  | 17 | ↓  | 15 | █  | 7  | █  | 3  | 4  | 5  | 6  | 7  | █  | 9  | █ |
+---+----+----+----+----+----+----+----+----+----+----+----+----+----+----+----+---+
| █ | 22 | █  | 16 | 15 | 14 | █  | 8  | █  | 2  | 3  | 4  | 5  | 6  | █  | 8  | █ |
+---+----+----+----+----+----+----+----+----+----+----+----+----+----+----+----+---+
| █ | 23 | █  | 15 | 14 | 13 | █  | 9  | █  | 1  | 2  | 3  | 4  | 5  | █  | 7  | █ |
+---+----+----+----+----+----+----+----+----+----+----+----+----+----+----+----+---+
| █ | 24 | █  | 14 | 13 | 12 | 11 | 10 | █  | 0  | 1  | 2  | 3  | 4  | 5  | 6  | █ |
+---+----+----+----+----+----+----+----+----+----+----+----+----+----+----+----+---+
| █ | 25 | █  | █  | █  | █  | █  | 11 | █  | 1  | 2  | 3  | 4  | 5  | 6  | 7  | █ |
+---+----+----+----+----+----+----+----+----+----+----+----+----+----+----+----+---+
| █ | 26 | 27 | 28 | 29 | 30 | █  | 12 | █  | 2  | 3  | 4  | 5  | 6  | 7  | 8  | █ |
+---+----+----+----+----+----+----+----+----+----+----+----+----+----+----+----+---+
| █ | █  | █  | █  | █  | █  | █  | █  | █  | █  | █  | █  | █  | █  | █  | █  | █ |
+---+----+----+----+----+----+----+----+----+----+----+----+----+----+----+----+---+
DEBUG:root:MY OFFSET VALUE IS 4
DEBUG:root:im considering 0 (4) w/ grid value 15.0
DEBUG:root:MY OFFSET VALUE IS 4
DEBUG:root:im considering 1 (5) w/ grid value 16.0
DEBUG:root:MY OFFSET VALUE IS 4
DEBUG:root:im considering 2 (6) w/ grid value 17.0
DEBUG:root:MY OFFSET VALUE IS 4
DEBUG:root:im considering 3 (7) w/ grid value 18.0
DEBUG:root:MY OFFSET VALUE IS 4
DEBUG:root:im considering 4 (0) w/ grid value 17.0
DEBUG:root:MY OFFSET VALUE IS 4
DEBUG:root:im considering 5 (1) w/ grid value 16.0
DEBUG:root:MY OFFSET VALUE IS 4
DEBUG:root:im considering 6 (2) w/ grid value 15.0
DEBUG:root:MY OFFSET VALUE IS 4
DEBUG:root:im considering 7 (3) w/ grid value 14.0
DEBUG:root:indexes are 2, 4
DEBUG:root:NEW indexes are 2, 4
DEBUG:root:RELATIVE CELL: 7
 IM GOING TO DO:
DEBUG:root:arco a la izquierda
DEBUG:root:el vector es: [ 0.2009711 -0.1949317]
DEBUG:root:LA R ES: 0.20106465807105944
WARNING:root:Traceback (most recent call last):
  File "/home/pi/oscar/main.py", line 57, in main
    actions.map.navigateMap(oscar, [0, 4], [4, 1])
  File "/home/pi/oscar/actions/map.py", line 53, in navigateMap
    grid = remakeMap(size, map, goal, origin)
TypeError: remakeMap() missing 1 required positional argument: 'origin'

WARNING:root:Abruptly stopped the robot!
INFO:root:Odometry was stopped
DEBUG:matplotlib.axes._base:update_title_pos
DEBUG:matplotlib.font_manager:findfont: Matching :family=sans-serif:style=normal:variant=normal:weight=normal:stretch=normal:size=10.0 to DejaVu Sans ('/home/pi/.local/lib/python3.5/site-packages/matplotlib/mpl-data/fonts/ttf/DejaVuSans.ttf') with score of 0.050000.
DEBUG:matplotlib.axes._base:update_title_pos
