INFO:root:Program started
INFO:root:Robot set up!
INFO:root:Odometry was started, PID: 22374:
INFO:root:Initial location: 0.2, 1.8, 3.141592653589793
DEBUG:root:GOLES
DEBUG:root:my offset is 6 and my angle is 3.141592653589793
DEBUG:root:Y 
↑ 
o → X
DEBUG:root:+---+----+----+----+----+----+----+----+----+----+----+----+----+----+----+----+---+
| █ | █  | █  | █  | █  | █  | █  | █  | █  | █  | █  | █  | █  | █  | █  | █  | █ |
+---+----+----+----+----+----+----+----+----+----+----+----+----+----+----+----+---+
| █ | ←  | 21 | 20 | 19 | 18 | 17 | 16 | 15 | 14 | 13 | 12 | 11 | 10 | 11 | 12 | █ |
+---+----+----+----+----+----+----+----+----+----+----+----+----+----+----+----+---+
| █ | 21 | 20 | 19 | 18 | 17 | █  | █  | █  | █  | █  | █  | █  | 9  | █  | 11 | █ |
+---+----+----+----+----+----+----+----+----+----+----+----+----+----+----+----+---+
| █ | 20 | 19 | 18 | 17 | 16 | █  | 6  | 5  | 4  | 5  | 6  | 7  | 8  | █  | 10 | █ |
+---+----+----+----+----+----+----+----+----+----+----+----+----+----+----+----+---+
| █ | 21 | █  | 17 | 16 | 15 | █  | 7  | █  | 3  | 4  | 5  | 6  | 7  | █  | 9  | █ |
+---+----+----+----+----+----+----+----+----+----+----+----+----+----+----+----+---+
| █ | 22 | █  | 16 | 15 | 14 | █  | 8  | █  | 2  | 3  | 4  | 5  | 6  | █  | 8  | █ |
+---+----+----+----+----+----+----+----+----+----+----+----+----+----+----+----+---+
| █ | 23 | █  | 15 | 14 | 13 | █  | 9  | █  | 1  | 2  | 3  | 4  | 5  | █  | 7  | █ |
+---+----+----+----+----+----+----+----+----+----+----+----+----+----+----+----+---+
| █ | 24 | █  | 14 | 13 | 12 | 11 | 10 | █  | 0  | 1  | 2  | 3  | 4  | 5  | 6  | █ |
+---+----+----+----+----+----+----+----+----+----+----+----+----+----+----+----+---+
| █ | 25 | █  | █  | █  | █  | █  | 11 | █  | 1  | 2  | 3  | 4  | 5  | 6  | 7  | █ |
+---+----+----+----+----+----+----+----+----+----+----+----+----+----+----+----+---+
| █ | 26 | 27 | 28 | 29 | 30 | █  | 12 | █  | 2  | 3  | 4  | 5  | 6  | 7  | 8  | █ |
+---+----+----+----+----+----+----+----+----+----+----+----+----+----+----+----+---+
| █ | █  | █  | █  | █  | █  | █  | █  | █  | █  | █  | █  | █  | █  | █  | █  | █ |
+---+----+----+----+----+----+----+----+----+----+----+----+----+----+----+----+---+
DEBUG:root:r move is 5
DEBUG:root:[8.  5.  0.4]
DEBUG:root:[2. 2.]
DEBUG:root:giro izquierda y arco a la izquierda
DEBUG:root:0.2,1.8 | 0.4000000059604645,1.600000023841858
DEBUG:root:0.20053284704693847,1.7798106704785515 | 0.4000000059604645,1.600000023841858
DEBUG:root:0.20164267027258562,1.7586339818107628 | 0.4000000059604645,1.600000023841858
DEBUG:root:0.20337757947410337,1.733823624334159 | 0.4000000059604645,1.600000023841858
DEBUG:root:0.20495914107941,1.7137279787742599 | 0.4000000059604645,1.600000023841858
DEBUG:root:0.20695565658768023,1.690907702091457 | 0.4000000059604645,1.600000023841858
DEBUG:root:0.20936381950449331,1.6679955624357536 | 0.4000000059604645,1.600000023841858
DEBUG:root:0.2116936035603971,1.6475775823418994 | 0.4000000059604645,1.600000023841858
DEBUG:root:0.21639672027260098,1.613210347747065 | 0.4000000059604645,1.600000023841858
DEBUG:root:0.21792700844303808,1.6023217816326143 | 0.4000000059604645,1.600000023841858
DEBUG:root:0.222700184752976,1.5703450721852361 | 0.4000000059604645,1.600000023841858
DEBUG:root:0.22623499564392233,1.5486405079986663 | 0.4000000059604645,1.600000023841858
DEBUG:root:0.2312811651571484,1.5200222585795982 | 0.4000000059604645,1.600000023841858
DEBUG:root:0.2372006760210222,1.4895690151922765 | 0.4000000059604645,1.600000023841858
DEBUG:root:0.2403511830447894,1.473780109029275 | 0.4000000059604645,1.600000023841858
DEBUG:root:0.24682533884676286,1.4442445850342254 | 0.4000000059604645,1.600000023841858
DEBUG:root:0.2525084215088706,1.4196284495917433 | 0.4000000059604645,1.600000023841858
DEBUG:root:0.2570368743065396,1.4014658174524355 | 0.4000000059604645,1.600000023841858
DEBUG:root:0.2615428256991865,1.3846493779186415 | 0.4000000059604645,1.600000023841858
DEBUG:root:0.2664637666820688,1.36672551049169 | 0.4000000059604645,1.600000023841858
DEBUG:root:0.27303048056374823,1.3438246576521504 | 0.4000000059604645,1.600000023841858
DEBUG:root:0.27827365779522334,1.3266749976754038 | 0.4000000059604645,1.600000023841858
DEBUG:root:0.2833703867718777,1.3109888788105106 | 0.4000000059604645,1.600000023841858
DEBUG:root:0.292062804433057,1.2850495809974973 | 0.4000000059604645,1.600000023841858
DEBUG:root:0.29926503886081657,1.2641327734288266 | 0.4000000059604645,1.600000023841858
DEBUG:root:0.31117394719112235,1.2314133167009564 | 0.4000000059604645,1.600000023841858
DEBUG:root:0.31726321649457023,1.2151039936517924 | 0.4000000059604645,1.600000023841858
DEBUG:root:0.31546982820546543,1.220043670377355 | 0.4000000059604645,1.600000023841858
DEBUG:root:0.31585557719429785,1.2190889081263772 | 0.4000000059604645,1.600000023841858
DEBUG:root:0.32477392803492283,1.1975640745247524 | 0.4000000059604645,1.600000023841858
DEBUG:root:0.3398929725249127,1.1631736592899624 | 0.4000000059604645,1.600000023841858
DEBUG:root:0.3447912091159381,1.152172039779236 | 0.4000000059604645,1.600000023841858
DEBUG:root:0.3560212911388783,1.1280890511631507 | 0.4000000059604645,1.600000023841858
DEBUG:root:0.36325150490394437,1.1132649161051962 | 0.4000000059604645,1.600000023841858
DEBUG:root:0.3761375271692871,1.08736579224706 | 0.4000000059604645,1.600000023841858
DEBUG:root:0.38443980649798004,1.0713232554127972 | 0.4000000059604645,1.600000023841858
DEBUG:root:0.39371931276132743,1.0538710423979725 | 0.4000000059604645,1.600000023841858
DEBUG:root:0.40285775880946073,1.0373848493181688 | 0.4000000059604645,1.600000023841858
DEBUG:root:0.414977239459414,1.0158175953766682 | 0.4000000059604645,1.600000023841858
DEBUG:root:0.4237785245944614,1.0007972047875895 | 0.4000000059604645,1.600000023841858
DEBUG:root:0.4379363731284554,0.9772345879582369 | 0.4000000059604645,1.600000023841858
DEBUG:root:0.4457747615796518,0.9646905442677507 | 0.4000000059604645,1.600000023841858
DEBUG:root:0.45885800718703007,0.9443134125953431 | 0.4000000059604645,1.600000023841858
DEBUG:root:0.4535347903253278,0.9525104477354654 | 0.4000000059604645,1.600000023841858
DEBUG:root:0.45741429385976995,0.9467588472180943 | 0.4000000059604645,1.600000023841858
DEBUG:root:0.4773477164802721,0.9178926764586447 | 0.4000000059604645,1.600000023841858
DEBUG:root:0.4865348111849392,0.9049912066054606 | 0.4000000059604645,1.600000023841858
DEBUG:root:0.5091554386084473,0.8738565839900296 | 0.4000000059604645,1.600000023841858
DEBUG:root:0.5207357167487182,0.858489035851059 | 0.4000000059604645,1.600000023841858
DEBUG:root:0.5395131631378703,0.8344550004713094 | 0.4000000059604645,1.600000023841858
DEBUG:root:0.5613275976746913,0.8069827882202445 | 0.4000000059604645,1.600000023841858
DEBUG:root:0.56569362354201,0.8015911952913342 | 0.4000000059604645,1.600000023841858
DEBUG:root:0.5893371606214746,0.773413925035248 | 0.4000000059604645,1.600000023841858
DEBUG:root:0.6156537955487601,0.7428719718842728 | 0.4000000059604645,1.600000023841858
DEBUG:root:0.6291366299425208,0.7273617451578975 | 0.4000000059604645,1.600000023841858
DEBUG:root:0.6497200429570555,0.7045015490660572 | 0.4000000059604645,1.600000023841858
DEBUG:root:0.6644501500914674,0.6887054430798026 | 0.4000000059604645,1.600000023841858
DEBUG:root:0.6922906159774138,0.6591851722207948 | 0.4000000059604645,1.600000023841858
DEBUG:root:0.7057714740026834,0.6454555432410739 | 0.4000000059604645,1.600000023841858
DEBUG:root:0.721506684408661,0.6297203328350963 | 0.4000000059604645,1.600000023841858
DEBUG:root:0.7320527566921613,0.6195361092126159 | 0.4000000059604645,1.600000023841858
DEBUG:root:0.7303502108184067,0.6213803171450534 | 0.4000000059604645,1.600000023841858
DEBUG:root:0.7484439322208437,0.6045076489729089 | 0.4000000059604645,1.600000023841858
DEBUG:root:0.764786540490755,0.5897926983923053 | 0.4000000059604645,1.600000023841858
DEBUG:root:0.7778269858912743,0.5784568121504172 | 0.4000000059604645,1.600000023841858
DEBUG:root:0.7965920077100062,0.5623353292799029 | 0.4000000059604645,1.600000023841858
DEBUG:root:0.8108615722051234,0.5504243696388867 | 0.4000000059604645,1.600000023841858
DEBUG:root:0.8082030760691072,0.5525771773621433 | 0.4000000059604645,1.600000023841858
DEBUG:root:0.8344032691440273,0.5321073431010075 | 0.4000000059604645,1.600000023841858
DEBUG:root:0.8482390931788371,0.5215411362719384 | 0.4000000059604645,1.600000023841858
DEBUG:root:0.8767788254369253,0.5000349054400066 | 0.4000000059604645,1.600000023841858
DEBUG:root:0.8905458354369459,0.4900325871915166 | 0.4000000059604645,1.600000023841858
DEBUG:root:0.9092455099398691,0.47680227914769047 | 0.4000000059604645,1.600000023841858
DEBUG:root:0.9246643402882707,0.4661899638187418 | 0.4000000059604645,1.600000023841858
DEBUG:root:0.9479963046511916,0.45045235514128773 | 0.4000000059604645,1.600000023841858
DEBUG:root:0.9630364003770411,0.4406852027745037 | 0.4000000059604645,1.600000023841858
DEBUG:root:0.9824389992351049,0.42826478986223415 | 0.4000000059604645,1.600000023841858
DEBUG:root:1.009084806955273,0.4121237789771384 | 0.4000000059604645,1.600000023841858
DEBUG:root:1.0255313690855294,0.4023909381762386 | 0.4000000059604645,1.600000023841858
DEBUG:root:1.0449163497907827,0.39119901434782495 | 0.4000000059604645,1.600000023841858
DEBUG:root:1.06895871469883,0.37787211386096387 | 0.4000000059604645,1.600000023841858
DEBUG:root:1.084727434677279,0.36933249435010646 | 0.4000000059604645,1.600000023841858
DEBUG:root:1.1145464476430058,0.35347744391339364 | 0.4000000059604645,1.600000023841858
DEBUG:root:1.1206113366695023,0.3503872286060341 | 0.4000000059604645,1.600000023841858
DEBUG:root:1.1437942737776285,0.3388005615808593 | 0.4000000059604645,1.600000023841858
DEBUG:root:1.1703835953895152,0.3258320829228837 | 0.4000000059604645,1.600000023841858
DEBUG:root:1.184738480229645,0.31913829018999806 | 0.4000000059604645,1.600000023841858
DEBUG:root:1.2173845902995175,0.304603305523151 | 0.4000000059604645,1.600000023841858
DEBUG:root:1.2358641134925936,0.29655074159059686 | 0.4000000059604645,1.600000023841858
DEBUG:root:1.2575529981315932,0.2873443562696662 | 0.4000000059604645,1.600000023841858
DEBUG:root:1.2813411423508716,0.2777333221411287 | 0.4000000059604645,1.600000023841858
DEBUG:root:1.2978388702788526,0.2714004377297775 | 0.4000000059604645,1.600000023841858
DEBUG:root:1.3195308311691478,0.26326209667058864 | 0.4000000059604645,1.600000023841858
DEBUG:root:1.3466759237088641,0.2536495152492106 | 0.4000000059604645,1.600000023841858
DEBUG:root:1.3562060668022822,0.250368023823545 | 0.4000000059604645,1.600000023841858
DEBUG:root:1.3817271332094496,0.2420757266789883 | 0.4000000059604645,1.600000023841858
DEBUG:root:1.3988355736082343,0.23670181764829254 | 0.4000000059604645,1.600000023841858
DEBUG:root:1.4234526101775729,0.2294766354491049 | 0.4000000059604645,1.600000023841858
DEBUG:root:1.4384262447265026,0.22518301483416062 | 0.4000000059604645,1.600000023841858
DEBUG:root:1.439606345746418,0.22486680771888715 | 0.4000000059604645,1.600000023841858
DEBUG:root:1.4699054437491437,0.21707930338331224 | 0.4000000059604645,1.600000023841858
DEBUG:root:1.4881267421514588,0.21279521315745956 | 0.4000000059604645,1.600000023841858
DEBUG:root:1.5165692198907,0.20622874977067188 | 0.4000000059604645,1.600000023841858
DEBUG:root:1.5360311815624481,0.20209198211437138 | 0.4000000059604645,1.600000023841858
DEBUG:root:1.559114679541858,0.1973722773187066 | 0.4000000059604645,1.600000023841858
DEBUG:root:1.5682121041487034,0.19560391711127087 | 0.4000000059604645,1.600000023841858
WARNING:root:Traceback (most recent call last):
  File "/home/pi/oscar/main.py", line 56, in main
    actions.map.navigateMap(oscar, [0, 4], [4, 1])
  File "/home/pi/oscar/actions/map.py", line 51, in navigateMap
    arrived = go_to_cell(robot, map, relative_move, abs_destination, clockwise, size)   # recorremos el mapa hasta llegar a la siguiente celda
  File "/home/pi/oscar/actions/map.py", line 142, in go_to_cell
    actions.moves.arc(robot, goal)
  File "/home/pi/oscar/actions/moves.py", line 44, in arc
    robot.SetSpeed(0,0)
AttributeError: 'Robot' object has no attribute 'SetSpeed'

WARNING:root:Abruptly stopped the robot!
INFO:root:Odometry was stopped
