INFO:root:Program started
INFO:root:Robot set up!
INFO:root:Odometry was started, PID: 6832:
INFO:root:Initial location: 0.2, 1.8, 0.0
DEBUG:root:GOLES
DEBUG:root:[1. 1.]
DEBUG:root:my offset is 2 and my angle is 0.0
DEBUG:root:Y 
↑ 
o → X      MY POSITION IS [0.2, 1.8, 0.0]
DEBUG:root:+---+----+----+----+----+----+----+----+----+----+----+----+----+----+----+----+---+
| █ | █  | █  | █  | █  | █  | █  | █  | █  | █  | █  | █  | █  | █  | █  | █  | █ |
+---+----+----+----+----+----+----+----+----+----+----+----+----+----+----+----+---+
| █ | →  | 12 | 13 | 14 | 15 | 16 | 17 | 18 | 19 | 20 | 21 | 22 | 23 | 24 | 25 | █ |
+---+----+----+----+----+----+----+----+----+----+----+----+----+----+----+----+---+
| █ | 10 | 11 | 12 | 13 | 14 | █  | █  | █  | █  | █  | █  | █  | 24 | █  | 26 | █ |
+---+----+----+----+----+----+----+----+----+----+----+----+----+----+----+----+---+
| █ | 9  | 10 | 11 | 12 | 13 | █  | 23 | 24 | 25 | 26 | 27 | 26 | 25 | █  | 27 | █ |
+---+----+----+----+----+----+----+----+----+----+----+----+----+----+----+----+---+
| █ | 8  | █  | 12 | 13 | 14 | █  | 22 | █  | 26 | 27 | 28 | 27 | 26 | █  | 28 | █ |
+---+----+----+----+----+----+----+----+----+----+----+----+----+----+----+----+---+
| █ | 7  | █  | 13 | 14 | 15 | █  | 21 | █  | 27 | 28 | 29 | 28 | 27 | █  | 29 | █ |
+---+----+----+----+----+----+----+----+----+----+----+----+----+----+----+----+---+
| █ | 6  | █  | 14 | 15 | 16 | █  | 20 | █  | 28 | 29 | 30 | 29 | 28 | █  | 30 | █ |
+---+----+----+----+----+----+----+----+----+----+----+----+----+----+----+----+---+
| █ | 5  | █  | 15 | 16 | 17 | 18 | 19 | █  | 29 | 30 | 31 | 30 | 29 | 30 | 31 | █ |
+---+----+----+----+----+----+----+----+----+----+----+----+----+----+----+----+---+
| █ | 4  | █  | █  | █  | █  | █  | 20 | █  | 30 | 31 | 32 | 31 | 30 | 31 | 32 | █ |
+---+----+----+----+----+----+----+----+----+----+----+----+----+----+----+----+---+
| █ | 3  | 2  | 1  | 0  | 1  | █  | 21 | █  | 31 | 32 | 33 | 32 | 31 | 32 | 33 | █ |
+---+----+----+----+----+----+----+----+----+----+----+----+----+----+----+----+---+
| █ | █  | █  | █  | █  | █  | █  | █  | █  | █  | █  | █  | █  | █  | █  | █  | █ |
+---+----+----+----+----+----+----+----+----+----+----+----+----+----+----+----+---+
DEBUG:root:HOLA AHORA VOY A IR A [2. 1.]
DEBUG:root:[8.  5.  0.4]
DEBUG:root:[2. 1.]
DEBUG:root:HOLA AHORA VOY A IR A [0.4 1.8]
DEBUG:root:voy recto
DEBUG:root:24
WARNING:root:Traceback (most recent call last):
  File "/home/pi/oscar/main.py", line 57, in main
    actions.map.navigateMap(oscar, [0, 4], [4, 1])
  File "/home/pi/oscar/actions/map.py", line 57, in navigateMap
    grid = remakeMap(size, map, goal, origin)
TypeError: remakeMap() missing 1 required positional argument: 'origin'

WARNING:root:Abruptly stopped the robot!
INFO:root:Odometry was stopped
DEBUG:matplotlib.axes._base:update_title_pos
DEBUG:matplotlib.font_manager:findfont: Matching :family=sans-serif:style=normal:variant=normal:weight=normal:stretch=normal:size=10.0 to DejaVu Sans ('/home/pi/.local/lib/python3.5/site-packages/matplotlib/mpl-data/fonts/ttf/DejaVuSans.ttf') with score of 0.050000.
DEBUG:matplotlib.axes._base:update_title_pos
