INFO:root:Program started
INFO:root:Robot set up!
INFO:root:Odometry was started, PID: 19829:
INFO:root:Initial location: 0.2, 1.8, 3.141592653589793
DEBUG:root:GOLES
DEBUG:root:[-8.  1.]
DEBUG:root:my offset is 6 and my angle is 3.141592653589793
DEBUG:root:Y 
↑ 
o → X      MY POSITION IS [0.2, 1.8, 3.141592653589793]
DEBUG:root:+---+----+----+----+----+----+----+----+----+----+----+----+---+----+----+----+---+
| █ | █  | █  | █  | █  | █  | █  | █  | █  | █  | █  | █  | █ | █  | █  | █  | █ |
+---+----+----+----+----+----+----+----+----+----+----+----+---+----+----+----+---+
| █ | 16 | 15 | 14 | 13 | 12 | 13 | 14 | 13 | 12 | 11 | 10 | 9 | 8  | 9  | 10 | █ |
+---+----+----+----+----+----+----+----+----+----+----+----+---+----+----+----+---+
| █ | 15 | 14 | 13 | 12 | 11 | █  | █  | █  | █  | █  | █  | █ | 7  | █  | 11 | █ |
+---+----+----+----+----+----+----+----+----+----+----+----+---+----+----+----+---+
| █ | ←  | 13 | 12 | 11 | 10 | █  | 2  | 1  | 2  | 3  | 4  | 5 | 6  | █  | 12 | █ |
+---+----+----+----+----+----+----+----+----+----+----+----+---+----+----+----+---+
| █ | 15 | █  | 11 | 10 | 9  | █  | 1  | 0  | 1  | 2  | 3  | 4 | 5  | █  | 13 | █ |
+---+----+----+----+----+----+----+----+----+----+----+----+---+----+----+----+---+
| █ | 16 | █  | 10 | 9  | 8  | █  | 2  | █  | 2  | 3  | 4  | 5 | 6  | █  | 12 | █ |
+---+----+----+----+----+----+----+----+----+----+----+----+---+----+----+----+---+
| █ | 17 | █  | 9  | 8  | 7  | █  | 3  | █  | 3  | 4  | 5  | 6 | 7  | █  | 11 | █ |
+---+----+----+----+----+----+----+----+----+----+----+----+---+----+----+----+---+
| █ | 18 | █  | 8  | 7  | 6  | 5  | 4  | █  | 4  | 5  | 6  | 7 | 8  | 9  | 10 | █ |
+---+----+----+----+----+----+----+----+----+----+----+----+---+----+----+----+---+
| █ | 19 | █  | █  | █  | █  | █  | 5  | █  | 5  | 6  | 7  | 8 | 9  | 10 | 11 | █ |
+---+----+----+----+----+----+----+----+----+----+----+----+---+----+----+----+---+
| █ | 20 | 21 | 22 | 23 | 24 | █  | 6  | █  | 6  | 7  | 8  | 9 | 10 | 11 | 12 | █ |
+---+----+----+----+----+----+----+----+----+----+----+----+---+----+----+----+---+
| █ | █  | █  | █  | █  | █  | █  | █  | █  | █  | █  | █  | █ | █  | █  | █  | █ |
+---+----+----+----+----+----+----+----+----+----+----+----+---+----+----+----+---+
DEBUG:root:r move is 6
DEBUG:root:[8.  5.  0.4]
DEBUG:root:[-8.  2.]
DEBUG:root:giro izquierda y voy recto
WARNING:root:KeyboardInterrupt raised
WARNING:root:Abruptly stopped the robot!
INFO:root:Odometry was stopped
DEBUG:matplotlib.axes._base:update_title_pos
DEBUG:matplotlib.font_manager:findfont: Matching :family=sans-serif:style=normal:variant=normal:weight=normal:stretch=normal:size=10.0 to DejaVu Sans ('/home/pi/.local/lib/python3.5/site-packages/matplotlib/mpl-data/fonts/ttf/DejaVuSans.ttf') with score of 0.050000.
DEBUG:matplotlib.axes._base:update_title_pos
