INFO:root:Program started
INFO:root:Robot set up!
INFO:root:Odometry was started, PID: 6117:
INFO:root:Initial location: 0.2, 1.8, 0.0
DEBUG:root:Y 
↑ 
o → X
DEBUG:root:+---+----+----+----+----+----+----+----+----+----+----+----+----+----+----+----+---+
| █ | █  | █  | █  | █  | █  | █  | █  | █  | █  | █  | █  | █  | █  | █  | █  | █ |
+---+----+----+----+----+----+----+----+----+----+----+----+----+----+----+----+---+
| █ | →  | 21 | 20 | 19 | 18 | 17 | 16 | 15 | 14 | 13 | 12 | 11 | 10 | 11 | 12 | █ |
+---+----+----+----+----+----+----+----+----+----+----+----+----+----+----+----+---+
| █ | 21 | 20 | 19 | 18 | 17 | █  | █  | █  | █  | █  | █  | █  | 9  | █  | 11 | █ |
+---+----+----+----+----+----+----+----+----+----+----+----+----+----+----+----+---+
| █ | 20 | 19 | 18 | 17 | 16 | █  | 6  | 5  | 4  | 5  | 6  | 7  | 8  | █  | 10 | █ |
+---+----+----+----+----+----+----+----+----+----+----+----+----+----+----+----+---+
| █ | 21 | █  | 17 | 16 | 15 | █  | 7  | █  | 3  | 4  | 5  | 6  | 7  | █  | 9  | █ |
+---+----+----+----+----+----+----+----+----+----+----+----+----+----+----+----+---+
| █ | 22 | █  | 16 | 15 | 14 | █  | 8  | █  | 2  | 3  | 4  | 5  | 6  | █  | 8  | █ |
+---+----+----+----+----+----+----+----+----+----+----+----+----+----+----+----+---+
| █ | 23 | █  | 15 | 14 | 13 | █  | 9  | █  | 1  | 2  | 3  | 4  | 5  | █  | 7  | █ |
+---+----+----+----+----+----+----+----+----+----+----+----+----+----+----+----+---+
| █ | 24 | █  | 14 | 13 | 12 | 11 | 10 | █  | 0  | 1  | 2  | 3  | 4  | 5  | 6  | █ |
+---+----+----+----+----+----+----+----+----+----+----+----+----+----+----+----+---+
| █ | 25 | █  | █  | █  | █  | █  | 11 | █  | 1  | 2  | 3  | 4  | 5  | 6  | 7  | █ |
+---+----+----+----+----+----+----+----+----+----+----+----+----+----+----+----+---+
| █ | 26 | 27 | 28 | 29 | 30 | █  | 12 | █  | 2  | 3  | 4  | 5  | 6  | 7  | 8  | █ |
+---+----+----+----+----+----+----+----+----+----+----+----+----+----+----+----+---+
| █ | █  | █  | █  | █  | █  | █  | █  | █  | █  | █  | █  | █  | █  | █  | █  | █ |
+---+----+----+----+----+----+----+----+----+----+----+----+----+----+----+----+---+
DEBUG:root:MY OFFSET VALUE IS 2
DEBUG:root:im considering 0 (2, [2. 1.]) w/ grid value 21.0
DEBUG:root:MY OFFSET VALUE IS 2
DEBUG:root:im considering 1 (3, [2. 2.]) w/ grid value 20.0
DEBUG:root:indexes are 2, 4
DEBUG:root:NEW indexes are 2, 4
DEBUG:root:MY OFFSET VALUE IS 2
DEBUG:root:im considering 2 (4, [1. 2.]) w/ grid value 21.0
DEBUG:root:MY OFFSET VALUE IS 2
DEBUG:root:im considering 3 (5, [0. 2.]) w/ grid value -1.0
DEBUG:root:MY OFFSET VALUE IS 2
DEBUG:root:im considering 4 (6, [0. 1.]) w/ grid value -1.0
DEBUG:root:MY OFFSET VALUE IS 2
DEBUG:root:im considering 5 (7, [0. 0.]) w/ grid value -1.0
DEBUG:root:MY OFFSET VALUE IS 2
DEBUG:root:im considering 6 (0, [1. 0.]) w/ grid value -1.0
DEBUG:root:MY OFFSET VALUE IS 2
DEBUG:root:im considering 7 (1, [2. 0.]) w/ grid value -1.0
DEBUG:root:RELATIVE CELL: 1, IM GOING TO DO:
DEBUG:root:arco a la derecha
DEBUG:root:LA R ES: -0.2
DEBUG:root:Y 
↑ 
o → X
DEBUG:root:+---+----+----+----+----+----+----+----+----+----+----+----+----+----+----+----+---+
| █ | █  | █  | █  | █  | █  | █  | █  | █  | █  | █  | █  | █  | █  | █  | █  | █ |
+---+----+----+----+----+----+----+----+----+----+----+----+----+----+----+----+---+
| █ | 22 | 21 | 20 | 19 | 18 | 17 | 16 | 15 | 14 | 13 | 12 | 11 | 10 | 11 | 12 | █ |
+---+----+----+----+----+----+----+----+----+----+----+----+----+----+----+----+---+
| █ | 21 | ↓  | 19 | 18 | 17 | █  | █  | █  | █  | █  | █  | █  | 9  | █  | 11 | █ |
+---+----+----+----+----+----+----+----+----+----+----+----+----+----+----+----+---+
| █ | 20 | 19 | 18 | 17 | 16 | █  | 6  | 5  | 4  | 5  | 6  | 7  | 8  | █  | 10 | █ |
+---+----+----+----+----+----+----+----+----+----+----+----+----+----+----+----+---+
| █ | 21 | █  | 17 | 16 | 15 | █  | 7  | █  | 3  | 4  | 5  | 6  | 7  | █  | 9  | █ |
+---+----+----+----+----+----+----+----+----+----+----+----+----+----+----+----+---+
| █ | 22 | █  | 16 | 15 | 14 | █  | 8  | █  | 2  | 3  | 4  | 5  | 6  | █  | 8  | █ |
+---+----+----+----+----+----+----+----+----+----+----+----+----+----+----+----+---+
| █ | 23 | █  | 15 | 14 | 13 | █  | 9  | █  | 1  | 2  | 3  | 4  | 5  | █  | 7  | █ |
+---+----+----+----+----+----+----+----+----+----+----+----+----+----+----+----+---+
| █ | 24 | █  | 14 | 13 | 12 | 11 | 10 | █  | 0  | 1  | 2  | 3  | 4  | 5  | 6  | █ |
+---+----+----+----+----+----+----+----+----+----+----+----+----+----+----+----+---+
| █ | 25 | █  | █  | █  | █  | █  | 11 | █  | 1  | 2  | 3  | 4  | 5  | 6  | 7  | █ |
+---+----+----+----+----+----+----+----+----+----+----+----+----+----+----+----+---+
| █ | 26 | 27 | 28 | 29 | 30 | █  | 12 | █  | 2  | 3  | 4  | 5  | 6  | 7  | 8  | █ |
+---+----+----+----+----+----+----+----+----+----+----+----+----+----+----+----+---+
| █ | █  | █  | █  | █  | █  | █  | █  | █  | █  | █  | █  | █  | █  | █  | █  | █ |
+---+----+----+----+----+----+----+----+----+----+----+----+----+----+----+----+---+
DEBUG:root:MY OFFSET VALUE IS 4
DEBUG:root:im considering 0 (4, [2. 3.]) w/ grid value 19.0
DEBUG:root:MY OFFSET VALUE IS 4
DEBUG:root:im considering 1 (5, [1. 3.]) w/ grid value 20.0
DEBUG:root:MY OFFSET VALUE IS 4
DEBUG:root:im considering 2 (6, [1. 2.]) w/ grid value 21.0
DEBUG:root:MY OFFSET VALUE IS 4
DEBUG:root:im considering 3 (7, [1. 1.]) w/ grid value 22.0
DEBUG:root:MY OFFSET VALUE IS 4
DEBUG:root:im considering 4 (0, [2. 1.]) w/ grid value 21.0
DEBUG:root:MY OFFSET VALUE IS 4
DEBUG:root:im considering 5 (1, [3. 1.]) w/ grid value 20.0
DEBUG:root:MY OFFSET VALUE IS 4
DEBUG:root:im considering 6 (2, [3. 2.]) w/ grid value 19.0
DEBUG:root:MY OFFSET VALUE IS 4
DEBUG:root:im considering 7 (3, [3. 3.]) w/ grid value 18.0
DEBUG:root:indexes are 2, 4
DEBUG:root:NEW indexes are 2, 4
DEBUG:root:RELATIVE CELL: 7, IM GOING TO DO:
DEBUG:root:arco a la izquierda
DEBUG:root:LA R ES: 0.19717555212977345
DEBUG:root:Y 
↑ 
o → X
DEBUG:root:+---+----+----+----+----+----+----+----+----+----+----+----+----+----+----+----+---+
| █ | █  | █  | █  | █  | █  | █  | █  | █  | █  | █  | █  | █  | █  | █  | █  | █ |
+---+----+----+----+----+----+----+----+----+----+----+----+----+----+----+----+---+
| █ | 22 | 21 | 20 | 19 | 18 | 17 | 16 | 15 | 14 | 13 | 12 | 11 | 10 | 11 | 12 | █ |
+---+----+----+----+----+----+----+----+----+----+----+----+----+----+----+----+---+
| █ | 21 | 20 | 19 | 18 | 17 | █  | █  | █  | █  | █  | █  | █  | 9  | █  | 11 | █ |
+---+----+----+----+----+----+----+----+----+----+----+----+----+----+----+----+---+
| █ | 20 | 19 | →  | 17 | 16 | █  | 6  | 5  | 4  | 5  | 6  | 7  | 8  | █  | 10 | █ |
+---+----+----+----+----+----+----+----+----+----+----+----+----+----+----+----+---+
| █ | 21 | █  | 17 | 16 | 15 | █  | 7  | █  | 3  | 4  | 5  | 6  | 7  | █  | 9  | █ |
+---+----+----+----+----+----+----+----+----+----+----+----+----+----+----+----+---+
| █ | 22 | █  | 16 | 15 | 14 | █  | 8  | █  | 2  | 3  | 4  | 5  | 6  | █  | 8  | █ |
+---+----+----+----+----+----+----+----+----+----+----+----+----+----+----+----+---+
| █ | 23 | █  | 15 | 14 | 13 | █  | 9  | █  | 1  | 2  | 3  | 4  | 5  | █  | 7  | █ |
+---+----+----+----+----+----+----+----+----+----+----+----+----+----+----+----+---+
| █ | 24 | █  | 14 | 13 | 12 | 11 | 10 | █  | 0  | 1  | 2  | 3  | 4  | 5  | 6  | █ |
+---+----+----+----+----+----+----+----+----+----+----+----+----+----+----+----+---+
| █ | 25 | █  | █  | █  | █  | █  | 11 | █  | 1  | 2  | 3  | 4  | 5  | 6  | 7  | █ |
+---+----+----+----+----+----+----+----+----+----+----+----+----+----+----+----+---+
| █ | 26 | 27 | 28 | 29 | 30 | █  | 12 | █  | 2  | 3  | 4  | 5  | 6  | 7  | 8  | █ |
+---+----+----+----+----+----+----+----+----+----+----+----+----+----+----+----+---+
| █ | █  | █  | █  | █  | █  | █  | █  | █  | █  | █  | █  | █  | █  | █  | █  | █ |
+---+----+----+----+----+----+----+----+----+----+----+----+----+----+----+----+---+
DEBUG:root:MY OFFSET VALUE IS 2
DEBUG:root:im considering 0 (2, [4. 3.]) w/ grid value 17.0
DEBUG:root:MY OFFSET VALUE IS 2
DEBUG:root:im considering 1 (3, [4. 4.]) w/ grid value 16.0
DEBUG:root:indexes are 2, 4
DEBUG:root:NEW indexes are 2, 4
DEBUG:root:MY OFFSET VALUE IS 2
DEBUG:root:im considering 2 (4, [3. 4.]) w/ grid value 17.0
DEBUG:root:MY OFFSET VALUE IS 2
DEBUG:root:im considering 3 (5, [2. 4.]) w/ grid value 18.0
DEBUG:root:MY OFFSET VALUE IS 2
DEBUG:root:im considering 4 (6, [2. 3.]) w/ grid value 19.0
DEBUG:root:MY OFFSET VALUE IS 2
DEBUG:root:im considering 5 (7, [2. 2.]) w/ grid value 20.0
DEBUG:root:MY OFFSET VALUE IS 2
DEBUG:root:im considering 6 (0, [3. 2.]) w/ grid value 19.0
DEBUG:root:MY OFFSET VALUE IS 2
DEBUG:root:im considering 7 (1, [4. 2.]) w/ grid value -1.0
DEBUG:root:RELATIVE CELL: 1, IM GOING TO DO:
DEBUG:root:arco a la derecha
DEBUG:root:LA R ES: -0.21330930852311636
DEBUG:root:Y 
↑ 
o → X
DEBUG:root:+---+----+----+----+----+----+----+----+----+----+----+----+----+----+----+----+---+
| █ | █  | █  | █  | █  | █  | █  | █  | █  | █  | █  | █  | █  | █  | █  | █  | █ |
+---+----+----+----+----+----+----+----+----+----+----+----+----+----+----+----+---+
| █ | 22 | 21 | 20 | 19 | 18 | 17 | 16 | 15 | 14 | 13 | 12 | 11 | 10 | 11 | 12 | █ |
+---+----+----+----+----+----+----+----+----+----+----+----+----+----+----+----+---+
| █ | 21 | 20 | 19 | 18 | 17 | █  | █  | █  | █  | █  | █  | █  | 9  | █  | 11 | █ |
+---+----+----+----+----+----+----+----+----+----+----+----+----+----+----+----+---+
| █ | 20 | 19 | 18 | 17 | 16 | █  | 6  | 5  | 4  | 5  | 6  | 7  | 8  | █  | 10 | █ |
+---+----+----+----+----+----+----+----+----+----+----+----+----+----+----+----+---+
| █ | 21 | █  | 17 | ↓  | 15 | █  | 7  | █  | 3  | 4  | 5  | 6  | 7  | █  | 9  | █ |
+---+----+----+----+----+----+----+----+----+----+----+----+----+----+----+----+---+
| █ | 22 | █  | 16 | 15 | 14 | █  | 8  | █  | 2  | 3  | 4  | 5  | 6  | █  | 8  | █ |
+---+----+----+----+----+----+----+----+----+----+----+----+----+----+----+----+---+
| █ | 23 | █  | 15 | 14 | 13 | █  | 9  | █  | 1  | 2  | 3  | 4  | 5  | █  | 7  | █ |
+---+----+----+----+----+----+----+----+----+----+----+----+----+----+----+----+---+
| █ | 24 | █  | 14 | 13 | 12 | 11 | 10 | █  | 0  | 1  | 2  | 3  | 4  | 5  | 6  | █ |
+---+----+----+----+----+----+----+----+----+----+----+----+----+----+----+----+---+
| █ | 25 | █  | █  | █  | █  | █  | 11 | █  | 1  | 2  | 3  | 4  | 5  | 6  | 7  | █ |
+---+----+----+----+----+----+----+----+----+----+----+----+----+----+----+----+---+
| █ | 26 | 27 | 28 | 29 | 30 | █  | 12 | █  | 2  | 3  | 4  | 5  | 6  | 7  | 8  | █ |
+---+----+----+----+----+----+----+----+----+----+----+----+----+----+----+----+---+
| █ | █  | █  | █  | █  | █  | █  | █  | █  | █  | █  | █  | █  | █  | █  | █  | █ |
+---+----+----+----+----+----+----+----+----+----+----+----+----+----+----+----+---+
DEBUG:root:MY OFFSET VALUE IS 4
DEBUG:root:im considering 0 (4, [4. 5.]) w/ grid value 15.0
DEBUG:root:MY OFFSET VALUE IS 4
DEBUG:root:im considering 1 (5, [3. 5.]) w/ grid value 16.0
DEBUG:root:MY OFFSET VALUE IS 4
DEBUG:root:im considering 2 (6, [3. 4.]) w/ grid value 17.0
DEBUG:root:MY OFFSET VALUE IS 4
DEBUG:root:im considering 3 (7, [3. 3.]) w/ grid value 18.0
DEBUG:root:MY OFFSET VALUE IS 4
DEBUG:root:im considering 4 (0, [4. 3.]) w/ grid value 17.0
DEBUG:root:MY OFFSET VALUE IS 4
DEBUG:root:im considering 5 (1, [5. 3.]) w/ grid value 16.0
DEBUG:root:MY OFFSET VALUE IS 4
DEBUG:root:im considering 6 (2, [5. 4.]) w/ grid value 15.0
DEBUG:root:MY OFFSET VALUE IS 4
DEBUG:root:im considering 7 (3, [5. 5.]) w/ grid value 14.0
DEBUG:root:indexes are 2, 4
DEBUG:root:NEW indexes are 2, 4
DEBUG:root:RELATIVE CELL: 7, IM GOING TO DO:
DEBUG:root:arco a la izquierda
DEBUG:root:LA R ES: 0.19670552403463454
DEBUG:root:Y 
↑ 
o → X
DEBUG:root:+---+----+----+----+----+----+----+----+----+----+----+----+----+----+----+----+---+
| █ | █  | █  | █  | █  | █  | █  | █  | █  | █  | █  | █  | █  | █  | █  | █  | █ |
+---+----+----+----+----+----+----+----+----+----+----+----+----+----+----+----+---+
| █ | 22 | 21 | 20 | 19 | 18 | 17 | 16 | 15 | 14 | 13 | 12 | 11 | 10 | 11 | 12 | █ |
+---+----+----+----+----+----+----+----+----+----+----+----+----+----+----+----+---+
| █ | 21 | 20 | 19 | 18 | 17 | █  | █  | █  | █  | █  | █  | █  | 9  | █  | 11 | █ |
+---+----+----+----+----+----+----+----+----+----+----+----+----+----+----+----+---+
| █ | 20 | 19 | 18 | 17 | 16 | █  | 6  | 5  | 4  | 5  | 6  | 7  | 8  | █  | 10 | █ |
+---+----+----+----+----+----+----+----+----+----+----+----+----+----+----+----+---+
| █ | 21 | █  | 17 | 16 | 15 | █  | 7  | █  | 3  | 4  | 5  | 6  | 7  | █  | 9  | █ |
+---+----+----+----+----+----+----+----+----+----+----+----+----+----+----+----+---+
| █ | 22 | █  | 16 | 15 | →  | █  | 8  | █  | 2  | 3  | 4  | 5  | 6  | █  | 8  | █ |
+---+----+----+----+----+----+----+----+----+----+----+----+----+----+----+----+---+
| █ | 23 | █  | 15 | 14 | 13 | █  | 9  | █  | 1  | 2  | 3  | 4  | 5  | █  | 7  | █ |
+---+----+----+----+----+----+----+----+----+----+----+----+----+----+----+----+---+
| █ | 24 | █  | 14 | 13 | 12 | 11 | 10 | █  | 0  | 1  | 2  | 3  | 4  | 5  | 6  | █ |
+---+----+----+----+----+----+----+----+----+----+----+----+----+----+----+----+---+
| █ | 25 | █  | █  | █  | █  | █  | 11 | █  | 1  | 2  | 3  | 4  | 5  | 6  | 7  | █ |
+---+----+----+----+----+----+----+----+----+----+----+----+----+----+----+----+---+
| █ | 26 | 27 | 28 | 29 | 30 | █  | 12 | █  | 2  | 3  | 4  | 5  | 6  | 7  | 8  | █ |
+---+----+----+----+----+----+----+----+----+----+----+----+----+----+----+----+---+
| █ | █  | █  | █  | █  | █  | █  | █  | █  | █  | █  | █  | █  | █  | █  | █  | █ |
+---+----+----+----+----+----+----+----+----+----+----+----+----+----+----+----+---+
DEBUG:root:MY OFFSET VALUE IS 2
DEBUG:root:im considering 0 (2, [6. 5.]) w/ grid value 13.0
DEBUG:root:MY OFFSET VALUE IS 2
DEBUG:root:im considering 1 (3, [6. 6.]) w/ grid value -1.0
DEBUG:root:MY OFFSET VALUE IS 2
DEBUG:root:im considering 2 (4, [5. 6.]) w/ grid value -1.0
DEBUG:root:MY OFFSET VALUE IS 2
DEBUG:root:im considering 3 (5, [4. 6.]) w/ grid value -1.0
DEBUG:root:MY OFFSET VALUE IS 2
DEBUG:root:im considering 4 (6, [4. 5.]) w/ grid value 15.0
DEBUG:root:MY OFFSET VALUE IS 2
DEBUG:root:im considering 5 (7, [4. 4.]) w/ grid value 16.0
DEBUG:root:MY OFFSET VALUE IS 2
DEBUG:root:im considering 6 (0, [5. 4.]) w/ grid value 15.0
DEBUG:root:MY OFFSET VALUE IS 2
DEBUG:root:im considering 7 (1, [6. 4.]) w/ grid value 14.0
DEBUG:root:RELATIVE CELL: 0, IM GOING TO DO:
DEBUG:root:voy recto
DEBUG:root:Y 
↑ 
o → X
DEBUG:root:+---+----+----+----+----+----+----+----+----+----+----+----+----+----+----+----+---+
| █ | █  | █  | █  | █  | █  | █  | █  | █  | █  | █  | █  | █  | █  | █  | █  | █ |
+---+----+----+----+----+----+----+----+----+----+----+----+----+----+----+----+---+
| █ | 22 | 21 | 20 | 19 | 18 | 17 | 16 | 15 | 14 | 13 | 12 | 11 | 10 | 11 | 12 | █ |
+---+----+----+----+----+----+----+----+----+----+----+----+----+----+----+----+---+
| █ | 21 | 20 | 19 | 18 | 17 | █  | █  | █  | █  | █  | █  | █  | 9  | █  | 11 | █ |
+---+----+----+----+----+----+----+----+----+----+----+----+----+----+----+----+---+
| █ | 20 | 19 | 18 | 17 | 16 | █  | 6  | 5  | 4  | 5  | 6  | 7  | 8  | █  | 10 | █ |
+---+----+----+----+----+----+----+----+----+----+----+----+----+----+----+----+---+
| █ | 21 | █  | 17 | 16 | 15 | █  | 7  | █  | 3  | 4  | 5  | 6  | 7  | █  | 9  | █ |
+---+----+----+----+----+----+----+----+----+----+----+----+----+----+----+----+---+
| █ | 22 | █  | 16 | 15 | 14 | →  | 8  | █  | 2  | 3  | 4  | 5  | 6  | █  | 8  | █ |
+---+----+----+----+----+----+----+----+----+----+----+----+----+----+----+----+---+
| █ | 23 | █  | 15 | 14 | 13 | █  | 9  | █  | 1  | 2  | 3  | 4  | 5  | █  | 7  | █ |
+---+----+----+----+----+----+----+----+----+----+----+----+----+----+----+----+---+
| █ | 24 | █  | 14 | 13 | 12 | 11 | 10 | █  | 0  | 1  | 2  | 3  | 4  | 5  | 6  | █ |
+---+----+----+----+----+----+----+----+----+----+----+----+----+----+----+----+---+
| █ | 25 | █  | █  | █  | █  | █  | 11 | █  | 1  | 2  | 3  | 4  | 5  | 6  | 7  | █ |
+---+----+----+----+----+----+----+----+----+----+----+----+----+----+----+----+---+
| █ | 26 | 27 | 28 | 29 | 30 | █  | 12 | █  | 2  | 3  | 4  | 5  | 6  | 7  | 8  | █ |
+---+----+----+----+----+----+----+----+----+----+----+----+----+----+----+----+---+
| █ | █  | █  | █  | █  | █  | █  | █  | █  | █  | █  | █  | █  | █  | █  | █  | █ |
+---+----+----+----+----+----+----+----+----+----+----+----+----+----+----+----+---+
DEBUG:root:MY OFFSET VALUE IS 2
DEBUG:root:im considering 0 (2, [6. 6.]) w/ grid value -1.0
DEBUG:root:MY OFFSET VALUE IS 2
DEBUG:root:im considering 1 (3, [6. 7.]) w/ grid value 9.0
DEBUG:root:MY OFFSET VALUE IS 2
DEBUG:root:im considering 2 (4, [5. 7.]) w/ grid value 8.0
DEBUG:root:MY OFFSET VALUE IS 2
DEBUG:root:im considering 3 (5, [4. 7.]) w/ grid value 7.0
DEBUG:root:MY OFFSET VALUE IS 2
DEBUG:root:im considering 4 (6, [4. 6.]) w/ grid value -1.0
DEBUG:root:MY OFFSET VALUE IS 2
DEBUG:root:im considering 5 (7, [4. 5.]) w/ grid value 15.0
DEBUG:root:MY OFFSET VALUE IS 2
DEBUG:root:im considering 6 (0, [5. 5.]) w/ grid value 14.0
DEBUG:root:MY OFFSET VALUE IS 2
DEBUG:root:im considering 7 (1, [6. 5.]) w/ grid value 13.0
WARNING:root:Traceback (most recent call last):
  File "/home/pi/oscar/main.py", line 57, in main
    actions.map.navigateMap(oscar, [0, 4], [4, 1])
  File "/home/pi/oscar/actions/map.py", line 47, in navigateMap
    [relative_move, abs_destination, clockwise] = helpers.map.next_cell(grid, moves, offset_angle, arr_pos, smallest_value)  # sacamos la siguiente celda a la que tenemos que ir!
  File "/home/pi/oscar/helpers/map.py", line 71, in next_cell
    return relative_move, abs_destination, clockwise
UnboundLocalError: local variable 'relative_move' referenced before assignment

WARNING:root:Abruptly stopped the robot!
INFO:root:Odometry was stopped
