INFO:root:Program started
INFO:root:Robot set up!
INFO:root:Odometry was started, PID: 15646:
INFO:root:Initial location: 0.2, 1.8, 0.0
DEBUG:root:Y 
↑ 
o → X
DEBUG:root:MY LOCATION IS [0.2, 1.8, 0.0]
DEBUG:root:MY CELL IS [[1. 1.]]
DEBUG:root:+---+----+----+----+----+----+----+----+----+----+----+----+----+----+----+----+---+
| █ | █  | █  | █  | █  | █  | █  | █  | █  | █  | █  | █  | █  | █  | █  | █  | █ |
+---+----+----+----+----+----+----+----+----+----+----+----+----+----+----+----+---+
| █ | →  | 21 | 20 | 19 | 18 | 17 | 16 | 15 | 14 | 13 | 12 | 11 | 10 | 11 | 12 | █ |
+---+----+----+----+----+----+----+----+----+----+----+----+----+----+----+----+---+
| █ | 21 | 20 | 19 | 18 | 17 | █  | █  | █  | █  | █  | █  | █  | 9  | █  | 11 | █ |
+---+----+----+----+----+----+----+----+----+----+----+----+----+----+----+----+---+
| █ | 20 | 19 | 18 | 17 | 16 | █  | 6  | 5  | 4  | 5  | 6  | 7  | 8  | █  | 10 | █ |
+---+----+----+----+----+----+----+----+----+----+----+----+----+----+----+----+---+
| █ | 21 | █  | 17 | 16 | 15 | █  | 7  | █  | 3  | 4  | 5  | 6  | 7  | █  | 9  | █ |
+---+----+----+----+----+----+----+----+----+----+----+----+----+----+----+----+---+
| █ | 22 | █  | 16 | 15 | 14 | █  | 8  | █  | 2  | 3  | 4  | 5  | 6  | █  | 8  | █ |
+---+----+----+----+----+----+----+----+----+----+----+----+----+----+----+----+---+
| █ | 23 | █  | 15 | 14 | 13 | █  | 9  | █  | 1  | 2  | 3  | 4  | 5  | █  | 7  | █ |
+---+----+----+----+----+----+----+----+----+----+----+----+----+----+----+----+---+
| █ | 24 | █  | 14 | 13 | 12 | 11 | 10 | █  | 0  | 1  | 2  | 3  | 4  | 5  | 6  | █ |
+---+----+----+----+----+----+----+----+----+----+----+----+----+----+----+----+---+
| █ | 25 | █  | █  | █  | █  | █  | 11 | █  | 1  | 2  | 3  | 4  | 5  | 6  | 7  | █ |
+---+----+----+----+----+----+----+----+----+----+----+----+----+----+----+----+---+
| █ | 26 | 27 | 28 | 29 | 30 | █  | 12 | █  | 2  | 3  | 4  | 5  | 6  | 7  | 8  | █ |
+---+----+----+----+----+----+----+----+----+----+----+----+----+----+----+----+---+
| █ | █  | █  | █  | █  | █  | █  | █  | █  | █  | █  | █  | █  | █  | █  | █  | █ |
+---+----+----+----+----+----+----+----+----+----+----+----+----+----+----+----+---+
DEBUG:root:Estoy considerando celda 0 con grid_value 21.0
DEBUG:root:Está ocupada la de la dcha
DEBUG:root:Estoy considerando celda 1 con grid_value 20.0
DEBUG:root:RELATIVE CELL: 1
 IM GOING TO DO:
DEBUG:root:arco a la derecha
DEBUG:root:el vector es: [ 0.2 -0.2]
DEBUG:root:LA R ES: -0.2
DEBUG:root:ole ole terminao
DEBUG:root:Y 
↑ 
o → X
DEBUG:root:MY LOCATION IS [0.3979756137136488, 1.6112967352384149, -1.5707963267948966]
DEBUG:root:MY CELL IS [[2. 2.]]
DEBUG:root:+---+----+----+----+----+----+----+----+----+----+----+----+----+----+----+----+---+
| █ | █  | █  | █  | █  | █  | █  | █  | █  | █  | █  | █  | █  | █  | █  | █  | █ |
+---+----+----+----+----+----+----+----+----+----+----+----+----+----+----+----+---+
| █ | 22 | 21 | 20 | 19 | 18 | 17 | 16 | 15 | 14 | 13 | 12 | 11 | 10 | 11 | 12 | █ |
+---+----+----+----+----+----+----+----+----+----+----+----+----+----+----+----+---+
| █ | 21 | ↓  | 19 | 18 | 17 | █  | █  | █  | █  | █  | █  | █  | 9  | █  | 11 | █ |
+---+----+----+----+----+----+----+----+----+----+----+----+----+----+----+----+---+
| █ | 20 | 19 | 18 | 17 | 16 | █  | 6  | 5  | 4  | 5  | 6  | 7  | 8  | █  | 10 | █ |
+---+----+----+----+----+----+----+----+----+----+----+----+----+----+----+----+---+
| █ | 21 | █  | 17 | 16 | 15 | █  | 7  | █  | 3  | 4  | 5  | 6  | 7  | █  | 9  | █ |
+---+----+----+----+----+----+----+----+----+----+----+----+----+----+----+----+---+
| █ | 22 | █  | 16 | 15 | 14 | █  | 8  | █  | 2  | 3  | 4  | 5  | 6  | █  | 8  | █ |
+---+----+----+----+----+----+----+----+----+----+----+----+----+----+----+----+---+
| █ | 23 | █  | 15 | 14 | 13 | █  | 9  | █  | 1  | 2  | 3  | 4  | 5  | █  | 7  | █ |
+---+----+----+----+----+----+----+----+----+----+----+----+----+----+----+----+---+
| █ | 24 | █  | 14 | 13 | 12 | 11 | 10 | █  | 0  | 1  | 2  | 3  | 4  | 5  | 6  | █ |
+---+----+----+----+----+----+----+----+----+----+----+----+----+----+----+----+---+
| █ | 25 | █  | █  | █  | █  | █  | 11 | █  | 1  | 2  | 3  | 4  | 5  | 6  | 7  | █ |
+---+----+----+----+----+----+----+----+----+----+----+----+----+----+----+----+---+
| █ | 26 | 27 | 28 | 29 | 30 | █  | 12 | █  | 2  | 3  | 4  | 5  | 6  | 7  | 8  | █ |
+---+----+----+----+----+----+----+----+----+----+----+----+----+----+----+----+---+
| █ | █  | █  | █  | █  | █  | █  | █  | █  | █  | █  | █  | █  | █  | █  | █  | █ |
+---+----+----+----+----+----+----+----+----+----+----+----+----+----+----+----+---+
DEBUG:root:Estoy considerando celda 0 con grid_value 19.0
DEBUG:root:Ninguna de las celdas está ocupada
DEBUG:root:Estoy considerando celda 7 con grid_value 18.0
DEBUG:root:RELATIVE CELL: 7
 IM GOING TO DO:
DEBUG:root:arco a la izquierda
DEBUG:root:el vector es: [ 0.20202439 -0.21129674]
DEBUG:root:LA R ES: 0.20222783584507686
DEBUG:root:ole ole terminao
DEBUG:root:Y 
↑ 
o → X
DEBUG:root:MY LOCATION IS [0.5955627794969289, 1.4076071418349752, 0.03490658503988659]
DEBUG:root:MY CELL IS [[3. 3.]]
DEBUG:root:+---+----+----+----+----+----+----+----+----+----+----+----+----+----+----+----+---+
| █ | █  | █  | █  | █  | █  | █  | █  | █  | █  | █  | █  | █  | █  | █  | █  | █ |
+---+----+----+----+----+----+----+----+----+----+----+----+----+----+----+----+---+
| █ | 22 | 21 | 20 | 19 | 18 | 17 | 16 | 15 | 14 | 13 | 12 | 11 | 10 | 11 | 12 | █ |
+---+----+----+----+----+----+----+----+----+----+----+----+----+----+----+----+---+
| █ | 21 | 20 | 19 | 18 | 17 | █  | █  | █  | █  | █  | █  | █  | 9  | █  | 11 | █ |
+---+----+----+----+----+----+----+----+----+----+----+----+----+----+----+----+---+
| █ | 20 | 19 | →  | 17 | 16 | █  | 6  | 5  | 4  | 5  | 6  | 7  | 8  | █  | 10 | █ |
+---+----+----+----+----+----+----+----+----+----+----+----+----+----+----+----+---+
| █ | 21 | █  | 17 | 16 | 15 | █  | 7  | █  | 3  | 4  | 5  | 6  | 7  | █  | 9  | █ |
+---+----+----+----+----+----+----+----+----+----+----+----+----+----+----+----+---+
| █ | 22 | █  | 16 | 15 | 14 | █  | 8  | █  | 2  | 3  | 4  | 5  | 6  | █  | 8  | █ |
+---+----+----+----+----+----+----+----+----+----+----+----+----+----+----+----+---+
| █ | 23 | █  | 15 | 14 | 13 | █  | 9  | █  | 1  | 2  | 3  | 4  | 5  | █  | 7  | █ |
+---+----+----+----+----+----+----+----+----+----+----+----+----+----+----+----+---+
| █ | 24 | █  | 14 | 13 | 12 | 11 | 10 | █  | 0  | 1  | 2  | 3  | 4  | 5  | 6  | █ |
+---+----+----+----+----+----+----+----+----+----+----+----+----+----+----+----+---+
| █ | 25 | █  | █  | █  | █  | █  | 11 | █  | 1  | 2  | 3  | 4  | 5  | 6  | 7  | █ |
+---+----+----+----+----+----+----+----+----+----+----+----+----+----+----+----+---+
| █ | 26 | 27 | 28 | 29 | 30 | █  | 12 | █  | 2  | 3  | 4  | 5  | 6  | 7  | 8  | █ |
+---+----+----+----+----+----+----+----+----+----+----+----+----+----+----+----+---+
| █ | █  | █  | █  | █  | █  | █  | █  | █  | █  | █  | █  | █  | █  | █  | █  | █ |
+---+----+----+----+----+----+----+----+----+----+----+----+----+----+----+----+---+
DEBUG:root:Estoy considerando celda 0 con grid_value 17.0
DEBUG:root:Estoy considerando celda 0 con grid_value 17.0
DEBUG:root:RELATIVE CELL: 0
 IM GOING TO DO:
DEBUG:root:voy recto
DEBUG:root:ole ole terminao
DEBUG:root:Y 
↑ 
o → X
DEBUG:root:MY LOCATION IS [0.7810162493852914, 1.415800942336186, 0.06981317007977318]
DEBUG:root:MY CELL IS [[3. 4.]]
DEBUG:root:+---+----+----+----+----+----+----+----+----+----+----+----+----+----+----+----+---+
| █ | █  | █  | █  | █  | █  | █  | █  | █  | █  | █  | █  | █  | █  | █  | █  | █ |
+---+----+----+----+----+----+----+----+----+----+----+----+----+----+----+----+---+
| █ | 22 | 21 | 20 | 19 | 18 | 17 | 16 | 15 | 14 | 13 | 12 | 11 | 10 | 11 | 12 | █ |
+---+----+----+----+----+----+----+----+----+----+----+----+----+----+----+----+---+
| █ | 21 | 20 | 19 | 18 | 17 | █  | █  | █  | █  | █  | █  | █  | 9  | █  | 11 | █ |
+---+----+----+----+----+----+----+----+----+----+----+----+----+----+----+----+---+
| █ | 20 | 19 | 18 | →  | 16 | █  | 6  | 5  | 4  | 5  | 6  | 7  | 8  | █  | 10 | █ |
+---+----+----+----+----+----+----+----+----+----+----+----+----+----+----+----+---+
| █ | 21 | █  | 17 | 16 | 15 | █  | 7  | █  | 3  | 4  | 5  | 6  | 7  | █  | 9  | █ |
+---+----+----+----+----+----+----+----+----+----+----+----+----+----+----+----+---+
| █ | 22 | █  | 16 | 15 | 14 | █  | 8  | █  | 2  | 3  | 4  | 5  | 6  | █  | 8  | █ |
+---+----+----+----+----+----+----+----+----+----+----+----+----+----+----+----+---+
| █ | 23 | █  | 15 | 14 | 13 | █  | 9  | █  | 1  | 2  | 3  | 4  | 5  | █  | 7  | █ |
+---+----+----+----+----+----+----+----+----+----+----+----+----+----+----+----+---+
| █ | 24 | █  | 14 | 13 | 12 | 11 | 10 | █  | 0  | 1  | 2  | 3  | 4  | 5  | 6  | █ |
+---+----+----+----+----+----+----+----+----+----+----+----+----+----+----+----+---+
| █ | 25 | █  | █  | █  | █  | █  | 11 | █  | 1  | 2  | 3  | 4  | 5  | 6  | 7  | █ |
+---+----+----+----+----+----+----+----+----+----+----+----+----+----+----+----+---+
| █ | 26 | 27 | 28 | 29 | 30 | █  | 12 | █  | 2  | 3  | 4  | 5  | 6  | 7  | 8  | █ |
+---+----+----+----+----+----+----+----+----+----+----+----+----+----+----+----+---+
| █ | █  | █  | █  | █  | █  | █  | █  | █  | █  | █  | █  | █  | █  | █  | █  | █ |
+---+----+----+----+----+----+----+----+----+----+----+----+----+----+----+----+---+
DEBUG:root:Estoy considerando celda 0 con grid_value 16.0
DEBUG:root:Ninguna de las celdas está ocupada
DEBUG:root:Estoy considerando celda 1 con grid_value 15.0
DEBUG:root:RELATIVE CELL: 1
 IM GOING TO DO:
DEBUG:root:arco a la derecha
DEBUG:root:el vector es: [ 0.01898375 -0.41580094]
DEBUG:root:LA R ES: -0.20833383092117172
DEBUG:root:ole ole terminao
DEBUG:root:Y 
↑ 
o → X
DEBUG:root:MY LOCATION IS [1.0020549297950674, 1.2267703168858795, -1.5184364492350666]
DEBUG:root:MY CELL IS [[4. 5.]]
DEBUG:root:+---+----+----+----+----+----+----+----+----+----+----+----+----+----+----+----+---+
| █ | █  | █  | █  | █  | █  | █  | █  | █  | █  | █  | █  | █  | █  | █  | █  | █ |
+---+----+----+----+----+----+----+----+----+----+----+----+----+----+----+----+---+
| █ | 22 | 21 | 20 | 19 | 18 | 17 | 16 | 15 | 14 | 13 | 12 | 11 | 10 | 11 | 12 | █ |
+---+----+----+----+----+----+----+----+----+----+----+----+----+----+----+----+---+
| █ | 21 | 20 | 19 | 18 | 17 | █  | █  | █  | █  | █  | █  | █  | 9  | █  | 11 | █ |
+---+----+----+----+----+----+----+----+----+----+----+----+----+----+----+----+---+
| █ | 20 | 19 | 18 | 17 | 16 | █  | 6  | 5  | 4  | 5  | 6  | 7  | 8  | █  | 10 | █ |
+---+----+----+----+----+----+----+----+----+----+----+----+----+----+----+----+---+
| █ | 21 | █  | 17 | 16 | ↓  | █  | 7  | █  | 3  | 4  | 5  | 6  | 7  | █  | 9  | █ |
+---+----+----+----+----+----+----+----+----+----+----+----+----+----+----+----+---+
| █ | 22 | █  | 16 | 15 | 14 | █  | 8  | █  | 2  | 3  | 4  | 5  | 6  | █  | 8  | █ |
+---+----+----+----+----+----+----+----+----+----+----+----+----+----+----+----+---+
| █ | 23 | █  | 15 | 14 | 13 | █  | 9  | █  | 1  | 2  | 3  | 4  | 5  | █  | 7  | █ |
+---+----+----+----+----+----+----+----+----+----+----+----+----+----+----+----+---+
| █ | 24 | █  | 14 | 13 | 12 | 11 | 10 | █  | 0  | 1  | 2  | 3  | 4  | 5  | 6  | █ |
+---+----+----+----+----+----+----+----+----+----+----+----+----+----+----+----+---+
| █ | 25 | █  | █  | █  | █  | █  | 11 | █  | 1  | 2  | 3  | 4  | 5  | 6  | 7  | █ |
+---+----+----+----+----+----+----+----+----+----+----+----+----+----+----+----+---+
| █ | 26 | 27 | 28 | 29 | 30 | █  | 12 | █  | 2  | 3  | 4  | 5  | 6  | 7  | 8  | █ |
+---+----+----+----+----+----+----+----+----+----+----+----+----+----+----+----+---+
| █ | █  | █  | █  | █  | █  | █  | █  | █  | █  | █  | █  | █  | █  | █  | █  | █ |
+---+----+----+----+----+----+----+----+----+----+----+----+----+----+----+----+---+
DEBUG:root:Estoy considerando celda 6 con grid_value 14.0
DEBUG:root:RELATIVE CELL: 6
 IM GOING TO DO:
DEBUG:root:giro izquierda y voy recto
WARNING:root:KeyboardInterrupt raised
WARNING:root:Abruptly stopped the robot!
INFO:root:Odometry was stopped
DEBUG:matplotlib.axes._base:update_title_pos
DEBUG:matplotlib.font_manager:findfont: Matching :family=sans-serif:style=normal:variant=normal:weight=normal:stretch=normal:size=10.0 to DejaVu Sans ('/home/pi/.local/lib/python3.5/site-packages/matplotlib/mpl-data/fonts/ttf/DejaVuSans.ttf') with score of 0.050000.
DEBUG:matplotlib.axes._base:update_title_pos
