INFO:root:Program started
INFO:root:Robot set up!
INFO:root:Odometry was started, PID: 21840:
INFO:root:Initial location: 0.0, 0.0, 0.0
INFO:root:primer giro. Pos: (0.0m, 0.0m, 0.5055555555555555pi rad)
INFO:root:primera recta. Pos: (-0.02843643210275596m, 0.20033085222050218m, 0.5555555555555556pi rad)
INFO:root:segundo giro. Pos: (-0.02843643210275596m, 0.20033085222050218m, -0.005555555555555556pi rad)
INFO:root:segunda recta. Pos: (0.4073633311458582m, 0.16693238190588836m, -0.016666666666666666pi rad)
INFO:root:tercer giro. Pos: (0.4073633311458582m, 0.16693238190588836m, -0.5055555555555555pi rad)
INFO:root:tercera recta. Pos: (0.37096129788920484m, -0.20719629988633353m, -0.5222222222222223pi rad)
INFO:root:cuarto giro. Pos: (0.37096129788920484m, -0.20719629988633353m, 0.9888888888888889pi rad)
INFO:root:cuarta recta. Pos: (-0.005310965074371853m, -0.18158692388708225m, 0.9888888888888889pi rad)
INFO:root:ultimo giro. Pos: (-0.005310965074371853m, -0.18158692388708225m, 0.4888888888888887pi rad)
INFO:root:ultima recta. Pos: (0.010138292789417585m, 0.0047515898159994525m, 0.47777777777777775pi rad)
INFO:root:y ya estaría. Pos: (0.010138292789417585m, 0.0047515898159994525m, -0.011111111111111268pi rad)
INFO:root:Odometry was stopped
DEBUG:matplotlib.axes._base:update_title_pos
DEBUG:matplotlib.font_manager:findfont: Matching :family=sans-serif:style=normal:variant=normal:weight=normal:stretch=normal:size=10.0 to DejaVu Sans ('/home/pi/.local/lib/python3.5/site-packages/matplotlib/mpl-data/fonts/ttf/DejaVuSans.ttf') with score of 0.050000.
DEBUG:matplotlib.axes._base:update_title_pos
DEBUG:matplotlib.axes._base:update_title_pos
DEBUG:matplotlib.axes._base:update_title_pos
