INFO:root:Program started
INFO:root:Robot set up!
INFO:root:Odometry was started, PID: 8164:
INFO:root:Initial location: 0.2, 1.8, 3.141592653589793
DEBUG:root:al menos sé leer
DEBUG:root:voy a girar
DEBUG:root:mi pos es: [0.2, 1.8, 3.141592653589793]
 voy a girar hasta: [0.2, 1.8, 3.7123889803846897]

DEBUG:root:he girado, voy recto
DEBUG:root:mi pos es: [0.2, 1.8, 0.837758040957278]
 voy a girar hasta: [0.4, 1.2, 0.837758040957278]

DEBUG:root:31
WARNING:root:Traceback (most recent call last):
  File "/home/pi/oscar/main.py", line 34, in main
    mv.slalom(oscar, 0.4, "jaja B")
  File "/home/pi/oscar/actions/moves.py", line 168, in slalom
    run(robot, [origin[0] + tile_size/2 * (int('B' in map)*2-1), origin[1]- 3*tile_size/2])
  File "/home/pi/oscar/actions/moves.py", line 35, in run
    raise Exception('OH NOOO A WALL ;o')
Exception: OH NOOO A WALL ;o

WARNING:root:Abruptly stopped the robot!
INFO:root:Odometry was stopped
DEBUG:matplotlib.axes._base:update_title_pos
DEBUG:matplotlib.font_manager:findfont: Matching :family=sans-serif:style=normal:variant=normal:weight=normal:stretch=normal:size=10.0 to DejaVu Sans ('/home/pi/.local/lib/python3.5/site-packages/matplotlib/mpl-data/fonts/ttf/DejaVuSans.ttf') with score of 0.050000.
DEBUG:matplotlib.axes._base:update_title_pos
