INFO:root:Program started
INFO:root:Robot set up!
INFO:root:Odometry was started, PID: 18568:
INFO:root:Initial location: 0.1, 0.9, 0.0
DEBUG:root:Y 
↑ 
o → X
DEBUG:root:+---+----+----+----+----+----+----+----+----+----+----+----+----+----+----+----+---+
| █ | █  | █  | █  | █  | █  | █  | █  | █  | █  | █  | █  | █  | █  | █  | █  | █ |
+---+----+----+----+----+----+----+----+----+----+----+----+----+----+----+----+---+
| █ | 14 | 13 | 12 | 11 | 10 | 11 | 12 | 13 | 14 | 15 | 16 | 15 | 14 | 15 | 16 | █ |
+---+----+----+----+----+----+----+----+----+----+----+----+----+----+----+----+---+
| █ | 13 | 12 | 11 | 10 | 9  | █  | █  | █  | █  | █  | █  | █  | 13 | █  | 17 | █ |
+---+----+----+----+----+----+----+----+----+----+----+----+----+----+----+----+---+
| █ | 12 | 11 | 10 | 9  | 8  | █  | 6  | 7  | 8  | 9  | 10 | 11 | 12 | █  | 18 | █ |
+---+----+----+----+----+----+----+----+----+----+----+----+----+----+----+----+---+
| █ | 13 | █  | 9  | 8  | 7  | █  | 5  | █  | 9  | 10 | 11 | 12 | 13 | █  | 19 | █ |
+---+----+----+----+----+----+----+----+----+----+----+----+----+----+----+----+---+
| █ | 14 | █  | 8  | 7  | 6  | █  | 4  | █  | 10 | 11 | 12 | 13 | 14 | █  | 20 | █ |
+---+----+----+----+----+----+----+----+----+----+----+----+----+----+----+----+---+
| → | 15 | █  | 7  | 6  | 5  | █  | 3  | █  | 11 | 12 | 13 | 14 | 15 | █  | 19 | █ |
+---+----+----+----+----+----+----+----+----+----+----+----+----+----+----+----+---+
| █ | 16 | █  | 6  | 5  | 4  | 3  | 2  | █  | 12 | 13 | 14 | 15 | 16 | 17 | 18 | █ |
+---+----+----+----+----+----+----+----+----+----+----+----+----+----+----+----+---+
| █ | 17 | █  | █  | █  | █  | █  | 1  | █  | 13 | 14 | 15 | 16 | 17 | 18 | 19 | █ |
+---+----+----+----+----+----+----+----+----+----+----+----+----+----+----+----+---+
| █ | 18 | 19 | 20 | 21 | 22 | █  | 0  | █  | 14 | 15 | 16 | 17 | 18 | 19 | 20 | █ |
+---+----+----+----+----+----+----+----+----+----+----+----+----+----+----+----+---+
| █ | █  | █  | █  | █  | █  | █  | █  | █  | █  | █  | █  | █  | █  | █  | █  | █ |
+---+----+----+----+----+----+----+----+----+----+----+----+----+----+----+----+---+
DEBUG:root:MY OFFSET VALUE IS 2
DEBUG:root:im considering 0 (2, [6. 1.]) w/ grid value 11.0
DEBUG:root:MY OFFSET VALUE IS 2
DEBUG:root:im considering 1 (3, [7. 1.]) w/ grid value 12.0
DEBUG:root:MY OFFSET VALUE IS 2
DEBUG:root:im considering 2 (4, [7. 0.]) w/ grid value -1.0
DEBUG:root:MY OFFSET VALUE IS 2
DEBUG:root:im considering 3 (5, [ 7. -1.]) w/ grid value -1.0
DEBUG:root:MY OFFSET VALUE IS 2
DEBUG:root:im considering 4 (6, [ 6. -1.]) w/ grid value -1.0
DEBUG:root:MY OFFSET VALUE IS 2
DEBUG:root:im considering 5 (7, [ 5. -1.]) w/ grid value -1.0
DEBUG:root:MY OFFSET VALUE IS 2
DEBUG:root:im considering 6 (0, [5. 0.]) w/ grid value -1.0
DEBUG:root:MY OFFSET VALUE IS 2
DEBUG:root:im considering 7 (1, [5. 1.]) w/ grid value 10.0
WARNING:root:Traceback (most recent call last):
  File "/home/pi/oscar/main.py", line 57, in main
    actions.map.navigateMap(oscar, [0, 4], [4, 1])
  File "/home/pi/oscar/actions/map.py", line 47, in navigateMap
    [relative_move, abs_destination, clockwise] = helpers.map.next_cell(grid, moves, offset_angle, arr_pos, smallest_value)  # sacamos la siguiente celda a la que tenemos que ir!
  File "/home/pi/oscar/helpers/map.py", line 71, in next_cell
    return relative_move, abs_destination, clockwise
UnboundLocalError: local variable 'relative_move' referenced before assignment

WARNING:root:Abruptly stopped the robot!
INFO:root:Odometry was stopped
DEBUG:matplotlib.axes._base:update_title_pos
DEBUG:matplotlib.font_manager:findfont: Matching :family=sans-serif:style=normal:variant=normal:weight=normal:stretch=normal:size=10.0 to DejaVu Sans ('/home/pi/.local/lib/python3.5/site-packages/matplotlib/mpl-data/fonts/ttf/DejaVuSans.ttf') with score of 0.050000.
DEBUG:matplotlib.axes._base:update_title_pos
