INFO:root:Program started
INFO:root:Robot set up!
INFO:root:Odometry was started, PID: 21967:
INFO:root:Initial location: 0.2, 1.8, 3.141592653589793
DEBUG:root:GOLES
DEBUG:root:my offset is 6 and my angle is 3.141592653589793
DEBUG:root:Y 
↑ 
o → X
DEBUG:root:+---+----+----+----+----+----+----+----+----+----+----+----+----+----+----+----+---+
| █ | █  | █  | █  | █  | █  | █  | █  | █  | █  | █  | █  | █  | █  | █  | █  | █ |
+---+----+----+----+----+----+----+----+----+----+----+----+----+----+----+----+---+
| █ | ←  | 21 | 20 | 19 | 18 | 17 | 16 | 15 | 14 | 13 | 12 | 11 | 10 | 11 | 12 | █ |
+---+----+----+----+----+----+----+----+----+----+----+----+----+----+----+----+---+
| █ | 21 | 20 | 19 | 18 | 17 | █  | █  | █  | █  | █  | █  | █  | 9  | █  | 11 | █ |
+---+----+----+----+----+----+----+----+----+----+----+----+----+----+----+----+---+
| █ | 20 | 19 | 18 | 17 | 16 | █  | 6  | 5  | 4  | 5  | 6  | 7  | 8  | █  | 10 | █ |
+---+----+----+----+----+----+----+----+----+----+----+----+----+----+----+----+---+
| █ | 21 | █  | 17 | 16 | 15 | █  | 7  | █  | 3  | 4  | 5  | 6  | 7  | █  | 9  | █ |
+---+----+----+----+----+----+----+----+----+----+----+----+----+----+----+----+---+
| █ | 22 | █  | 16 | 15 | 14 | █  | 8  | █  | 2  | 3  | 4  | 5  | 6  | █  | 8  | █ |
+---+----+----+----+----+----+----+----+----+----+----+----+----+----+----+----+---+
| █ | 23 | █  | 15 | 14 | 13 | █  | 9  | █  | 1  | 2  | 3  | 4  | 5  | █  | 7  | █ |
+---+----+----+----+----+----+----+----+----+----+----+----+----+----+----+----+---+
| █ | 24 | █  | 14 | 13 | 12 | 11 | 10 | █  | 0  | 1  | 2  | 3  | 4  | 5  | 6  | █ |
+---+----+----+----+----+----+----+----+----+----+----+----+----+----+----+----+---+
| █ | 25 | █  | █  | █  | █  | █  | 11 | █  | 1  | 2  | 3  | 4  | 5  | 6  | 7  | █ |
+---+----+----+----+----+----+----+----+----+----+----+----+----+----+----+----+---+
| █ | 26 | 27 | 28 | 29 | 30 | █  | 12 | █  | 2  | 3  | 4  | 5  | 6  | 7  | 8  | █ |
+---+----+----+----+----+----+----+----+----+----+----+----+----+----+----+----+---+
| █ | █  | █  | █  | █  | █  | █  | █  | █  | █  | █  | █  | █  | █  | █  | █  | █ |
+---+----+----+----+----+----+----+----+----+----+----+----+----+----+----+----+---+
DEBUG:root:r move is 5
DEBUG:root:[8.  5.  0.4]
DEBUG:root:[2. 2.]
DEBUG:root:giro izquierda y arco a la izquierda
DEBUG:root:0.2,1.8 | 0.4000000059604645,1.600000023841858
DEBUG:root:0.2,1.8 | 0.4000000059604645,1.600000023841858
DEBUG:root:0.2,1.8 | 0.4000000059604645,1.600000023841858
DEBUG:root:0.2,1.8 | 0.4000000059604645,1.600000023841858
DEBUG:root:0.2,1.8 | 0.4000000059604645,1.600000023841858
DEBUG:root:0.2,1.8 | 0.4000000059604645,1.600000023841858
DEBUG:root:0.2,1.8 | 0.4000000059604645,1.600000023841858
DEBUG:root:0.2,1.8 | 0.4000000059604645,1.600000023841858
DEBUG:root:0.2,1.8 | 0.4000000059604645,1.600000023841858
DEBUG:root:0.2,1.8 | 0.4000000059604645,1.600000023841858
DEBUG:root:0.2,1.8 | 0.4000000059604645,1.600000023841858
DEBUG:root:0.2,1.8 | 0.4000000059604645,1.600000023841858
DEBUG:root:0.2,1.8 | 0.4000000059604645,1.600000023841858
DEBUG:root:0.2,1.8 | 0.4000000059604645,1.600000023841858
DEBUG:root:0.2,1.8 | 0.4000000059604645,1.600000023841858
DEBUG:root:0.2,1.8 | 0.4000000059604645,1.600000023841858
DEBUG:root:0.2,1.8 | 0.4000000059604645,1.600000023841858
DEBUG:root:0.2,1.8 | 0.4000000059604645,1.600000023841858
DEBUG:root:0.2,1.8 | 0.4000000059604645,1.600000023841858
DEBUG:root:0.2,1.8 | 0.4000000059604645,1.600000023841858
DEBUG:root:0.2,1.8 | 0.4000000059604645,1.600000023841858
DEBUG:root:0.2,1.8 | 0.4000000059604645,1.600000023841858
DEBUG:root:0.2,1.8 | 0.4000000059604645,1.600000023841858
DEBUG:root:0.2,1.8 | 0.4000000059604645,1.600000023841858
DEBUG:root:0.2,1.8 | 0.4000000059604645,1.600000023841858
DEBUG:root:0.2,1.8 | 0.4000000059604645,1.600000023841858
DEBUG:root:0.2,1.8 | 0.4000000059604645,1.600000023841858
WARNING:root:KeyboardInterrupt raised
WARNING:root:Abruptly stopped the robot!
INFO:root:Odometry was stopped
