INFO:root:Program started
INFO:root:Robot set up!
INFO:root:Odometry was started, PID: 21673:
INFO:root:Initial location: 0.2, 1.8, 3.141592653589793
DEBUG:root:GOLES
DEBUG:root:my offset is 6 and my angle is 3.141592653589793
DEBUG:root:Y 
↑ 
o → X
DEBUG:root:+---+----+----+----+----+----+----+----+----+----+----+----+----+----+----+----+---+
| █ | █  | █  | █  | █  | █  | █  | █  | █  | █  | █  | █  | █  | █  | █  | █  | █ |
+---+----+----+----+----+----+----+----+----+----+----+----+----+----+----+----+---+
| █ | ←  | 21 | 20 | 19 | 18 | 17 | 16 | 15 | 14 | 13 | 12 | 11 | 10 | 11 | 12 | █ |
+---+----+----+----+----+----+----+----+----+----+----+----+----+----+----+----+---+
| █ | 21 | 20 | 19 | 18 | 17 | █  | █  | █  | █  | █  | █  | █  | 9  | █  | 11 | █ |
+---+----+----+----+----+----+----+----+----+----+----+----+----+----+----+----+---+
| █ | 20 | 19 | 18 | 17 | 16 | █  | 6  | 5  | 4  | 5  | 6  | 7  | 8  | █  | 10 | █ |
+---+----+----+----+----+----+----+----+----+----+----+----+----+----+----+----+---+
| █ | 21 | █  | 17 | 16 | 15 | █  | 7  | █  | 3  | 4  | 5  | 6  | 7  | █  | 9  | █ |
+---+----+----+----+----+----+----+----+----+----+----+----+----+----+----+----+---+
| █ | 22 | █  | 16 | 15 | 14 | █  | 8  | █  | 2  | 3  | 4  | 5  | 6  | █  | 8  | █ |
+---+----+----+----+----+----+----+----+----+----+----+----+----+----+----+----+---+
| █ | 23 | █  | 15 | 14 | 13 | █  | 9  | █  | 1  | 2  | 3  | 4  | 5  | █  | 7  | █ |
+---+----+----+----+----+----+----+----+----+----+----+----+----+----+----+----+---+
| █ | 24 | █  | 14 | 13 | 12 | 11 | 10 | █  | 0  | 1  | 2  | 3  | 4  | 5  | 6  | █ |
+---+----+----+----+----+----+----+----+----+----+----+----+----+----+----+----+---+
| █ | 25 | █  | █  | █  | █  | █  | 11 | █  | 1  | 2  | 3  | 4  | 5  | 6  | 7  | █ |
+---+----+----+----+----+----+----+----+----+----+----+----+----+----+----+----+---+
| █ | 26 | 27 | 28 | 29 | 30 | █  | 12 | █  | 2  | 3  | 4  | 5  | 6  | 7  | 8  | █ |
+---+----+----+----+----+----+----+----+----+----+----+----+----+----+----+----+---+
| █ | █  | █  | █  | █  | █  | █  | █  | █  | █  | █  | █  | █  | █  | █  | █  | █ |
+---+----+----+----+----+----+----+----+----+----+----+----+----+----+----+----+---+
DEBUG:root:r move is 5
DEBUG:root:[8.  5.  0.4]
DEBUG:root:[2. 2.]
DEBUG:root:giro izquierda y arco a la izquierda
DEBUG:root:0.2,1.8 | 0.4000000059604645,1.600000023841858
DEBUG:root:0.2171756010950257,1.5356588047539832 | 0.4000000059604645,1.600000023841858
DEBUG:root:0.2870720846153633,0.99880878115167 | 0.4000000059604645,1.600000023841858
DEBUG:root:0.3447816615687673,0.6708900187694457 | 0.4000000059604645,1.600000023841858
DEBUG:root:0.340990273573383,0.6859251801902673 | 0.4000000059604645,1.600000023841858
DEBUG:root:0.3930808873507467,0.44085811019206944 | 0.4000000059604645,1.600000023841858
DEBUG:root:0.4371321394881205,0.25005117432702656 | 0.4000000059604645,1.600000023841858
DEBUG:root:0.457272670812019,0.16927191530185304 | 0.4000000059604645,1.600000023841858
DEBUG:root:0.4878874092540478,0.06278245737322152 | 0.4000000059604645,1.600000023841858
DEBUG:root:0.5070649565468989,0.007086815918180882 | 0.4000000059604645,1.600000023841858
DEBUG:root:0.5506871371408363,-0.10968013167657449 | 0.4000000059604645,1.600000023841858
DEBUG:root:0.594608209667456,-0.21011137440320204 | 0.4000000059604645,1.600000023841858
DEBUG:root:0.6394423015176691,-0.3018048403539726 | 0.4000000059604645,1.600000023841858
DEBUG:root:0.6765899632174771,-0.3703847697042571 | 0.4000000059604645,1.600000023841858
DEBUG:root:0.7799559410157666,-0.49319191774225996 | 0.4000000059604645,1.600000023841858
DEBUG:root:0.8047282964688488,-0.5774905239733334 | 0.4000000059604645,1.600000023841858
DEBUG:root:0.9081703432325198,-0.7221740307631022 | 0.4000000059604645,1.600000023841858
DEBUG:root:1.0088699101912777,-0.846313980600749 | 0.4000000059604645,1.600000023841858
DEBUG:root:1.0841630653388679,-0.9280417837985687 | 0.4000000059604645,1.600000023841858
WARNING:root:KeyboardInterrupt raised
WARNING:root:Abruptly stopped the robot!
INFO:root:Odometry was stopped
