INFO:root:Program started
INFO:root:Robot set up!
INFO:root:Odometry was started, PID: 8672:
INFO:root:Initial location: 0.2, 1.8, 0.0
DEBUG:root:Y 
↑ 
o → X
DEBUG:root:+---+----+----+----+----+----+----+----+----+----+----+----+----+----+----+----+---+
| █ | █  | █  | █  | █  | █  | █  | █  | █  | █  | █  | █  | █  | █  | █  | █  | █ |
+---+----+----+----+----+----+----+----+----+----+----+----+----+----+----+----+---+
| █ | →  | 21 | 20 | 19 | 18 | 17 | 16 | 15 | 14 | 13 | 12 | 11 | 10 | 11 | 12 | █ |
+---+----+----+----+----+----+----+----+----+----+----+----+----+----+----+----+---+
| █ | 21 | 20 | 19 | 18 | 17 | █  | █  | █  | █  | █  | █  | █  | 9  | █  | 11 | █ |
+---+----+----+----+----+----+----+----+----+----+----+----+----+----+----+----+---+
| █ | 20 | 19 | 18 | 17 | 16 | █  | 6  | 5  | 4  | 5  | 6  | 7  | 8  | █  | 10 | █ |
+---+----+----+----+----+----+----+----+----+----+----+----+----+----+----+----+---+
| █ | 21 | █  | 17 | 16 | 15 | █  | 7  | █  | 3  | 4  | 5  | 6  | 7  | █  | 9  | █ |
+---+----+----+----+----+----+----+----+----+----+----+----+----+----+----+----+---+
| █ | 22 | █  | 16 | 15 | 14 | █  | 8  | █  | 2  | 3  | 4  | 5  | 6  | █  | 8  | █ |
+---+----+----+----+----+----+----+----+----+----+----+----+----+----+----+----+---+
| █ | 23 | █  | 15 | 14 | 13 | █  | 9  | █  | 1  | 2  | 3  | 4  | 5  | █  | 7  | █ |
+---+----+----+----+----+----+----+----+----+----+----+----+----+----+----+----+---+
| █ | 24 | █  | 14 | 13 | 12 | 11 | 10 | █  | 0  | 1  | 2  | 3  | 4  | 5  | 6  | █ |
+---+----+----+----+----+----+----+----+----+----+----+----+----+----+----+----+---+
| █ | 25 | █  | █  | █  | █  | █  | 11 | █  | 1  | 2  | 3  | 4  | 5  | 6  | 7  | █ |
+---+----+----+----+----+----+----+----+----+----+----+----+----+----+----+----+---+
| █ | 26 | 27 | 28 | 29 | 30 | █  | 12 | █  | 2  | 3  | 4  | 5  | 6  | 7  | 8  | █ |
+---+----+----+----+----+----+----+----+----+----+----+----+----+----+----+----+---+
| █ | █  | █  | █  | █  | █  | █  | █  | █  | █  | █  | █  | █  | █  | █  | █  | █ |
+---+----+----+----+----+----+----+----+----+----+----+----+----+----+----+----+---+
DEBUG:root:MY OFFSET VALUE IS 2
DEBUG:root:im considering 0 (2, [2. 1.]) w/ grid value 21.0
DEBUG:root:MY OFFSET VALUE IS 2
DEBUG:root:im considering 1 (3, [2. 2.]) w/ grid value 20.0
DEBUG:root:indexes are 2, 4
DEBUG:root:NEW indexes are 2, 4
DEBUG:root:MY OFFSET VALUE IS 2
DEBUG:root:im considering 2 (4, [1. 2.]) w/ grid value 21.0
DEBUG:root:MY OFFSET VALUE IS 2
DEBUG:root:im considering 3 (5, [0. 2.]) w/ grid value -1.0
DEBUG:root:MY OFFSET VALUE IS 2
DEBUG:root:im considering 4 (6, [0. 1.]) w/ grid value -1.0
DEBUG:root:MY OFFSET VALUE IS 2
DEBUG:root:im considering 5 (7, [0. 0.]) w/ grid value -1.0
DEBUG:root:MY OFFSET VALUE IS 2
DEBUG:root:im considering 6 (0, [1. 0.]) w/ grid value -1.0
DEBUG:root:MY OFFSET VALUE IS 2
DEBUG:root:im considering 7 (1, [2. 0.]) w/ grid value -1.0
DEBUG:root:RELATIVE CELL: 1, IM GOING TO DO:
DEBUG:root:arco a la derecha
DEBUG:root:LA R ES: -0.2
DEBUG:root:Y 
↑ 
o → X
DEBUG:root:+---+----+----+----+----+----+----+----+----+----+----+----+----+----+----+----+---+
| █ | █  | █  | █  | █  | █  | █  | █  | █  | █  | █  | █  | █  | █  | █  | █  | █ |
+---+----+----+----+----+----+----+----+----+----+----+----+----+----+----+----+---+
| █ | 22 | 21 | 20 | 19 | 18 | 17 | 16 | 15 | 14 | 13 | 12 | 11 | 10 | 11 | 12 | █ |
+---+----+----+----+----+----+----+----+----+----+----+----+----+----+----+----+---+
| █ | 21 | ↓  | 19 | 18 | 17 | █  | █  | █  | █  | █  | █  | █  | 9  | █  | 11 | █ |
+---+----+----+----+----+----+----+----+----+----+----+----+----+----+----+----+---+
| █ | 20 | 19 | 18 | 17 | 16 | █  | 6  | 5  | 4  | 5  | 6  | 7  | 8  | █  | 10 | █ |
+---+----+----+----+----+----+----+----+----+----+----+----+----+----+----+----+---+
| █ | 21 | █  | 17 | 16 | 15 | █  | 7  | █  | 3  | 4  | 5  | 6  | 7  | █  | 9  | █ |
+---+----+----+----+----+----+----+----+----+----+----+----+----+----+----+----+---+
| █ | 22 | █  | 16 | 15 | 14 | █  | 8  | █  | 2  | 3  | 4  | 5  | 6  | █  | 8  | █ |
+---+----+----+----+----+----+----+----+----+----+----+----+----+----+----+----+---+
| █ | 23 | █  | 15 | 14 | 13 | █  | 9  | █  | 1  | 2  | 3  | 4  | 5  | █  | 7  | █ |
+---+----+----+----+----+----+----+----+----+----+----+----+----+----+----+----+---+
| █ | 24 | █  | 14 | 13 | 12 | 11 | 10 | █  | 0  | 1  | 2  | 3  | 4  | 5  | 6  | █ |
+---+----+----+----+----+----+----+----+----+----+----+----+----+----+----+----+---+
| █ | 25 | █  | █  | █  | █  | █  | 11 | █  | 1  | 2  | 3  | 4  | 5  | 6  | 7  | █ |
+---+----+----+----+----+----+----+----+----+----+----+----+----+----+----+----+---+
| █ | 26 | 27 | 28 | 29 | 30 | █  | 12 | █  | 2  | 3  | 4  | 5  | 6  | 7  | 8  | █ |
+---+----+----+----+----+----+----+----+----+----+----+----+----+----+----+----+---+
| █ | █  | █  | █  | █  | █  | █  | █  | █  | █  | █  | █  | █  | █  | █  | █  | █ |
+---+----+----+----+----+----+----+----+----+----+----+----+----+----+----+----+---+
DEBUG:root:MY OFFSET VALUE IS 4
DEBUG:root:im considering 0 (4, [2. 3.]) w/ grid value 19.0
DEBUG:root:MY OFFSET VALUE IS 4
DEBUG:root:im considering 1 (5, [1. 3.]) w/ grid value 20.0
DEBUG:root:MY OFFSET VALUE IS 4
DEBUG:root:im considering 2 (6, [1. 2.]) w/ grid value 21.0
DEBUG:root:MY OFFSET VALUE IS 4
DEBUG:root:im considering 3 (7, [1. 1.]) w/ grid value 22.0
DEBUG:root:MY OFFSET VALUE IS 4
DEBUG:root:im considering 4 (0, [2. 1.]) w/ grid value 21.0
DEBUG:root:MY OFFSET VALUE IS 4
DEBUG:root:im considering 5 (1, [3. 1.]) w/ grid value 20.0
DEBUG:root:MY OFFSET VALUE IS 4
DEBUG:root:im considering 6 (2, [3. 2.]) w/ grid value 19.0
DEBUG:root:MY OFFSET VALUE IS 4
DEBUG:root:im considering 7 (3, [3. 3.]) w/ grid value 18.0
DEBUG:root:indexes are 2, 4
DEBUG:root:NEW indexes are 2, 4
DEBUG:root:RELATIVE CELL: 7, IM GOING TO DO:
DEBUG:root:arco a la izquierda
DEBUG:root:LA R ES: 0.20327140222013357
DEBUG:root:Y 
↑ 
o → X
DEBUG:root:+---+----+----+----+----+----+----+----+----+----+----+----+----+----+----+----+---+
| █ | █  | █  | █  | █  | █  | █  | █  | █  | █  | █  | █  | █  | █  | █  | █  | █ |
+---+----+----+----+----+----+----+----+----+----+----+----+----+----+----+----+---+
| █ | 22 | 21 | 20 | 19 | 18 | 17 | 16 | 15 | 14 | 13 | 12 | 11 | 10 | 11 | 12 | █ |
+---+----+----+----+----+----+----+----+----+----+----+----+----+----+----+----+---+
| █ | 21 | 20 | 19 | 18 | 17 | █  | █  | █  | █  | █  | █  | █  | 9  | █  | 11 | █ |
+---+----+----+----+----+----+----+----+----+----+----+----+----+----+----+----+---+
| █ | 20 | 19 | →  | 17 | 16 | █  | 6  | 5  | 4  | 5  | 6  | 7  | 8  | █  | 10 | █ |
+---+----+----+----+----+----+----+----+----+----+----+----+----+----+----+----+---+
| █ | 21 | █  | 17 | 16 | 15 | █  | 7  | █  | 3  | 4  | 5  | 6  | 7  | █  | 9  | █ |
+---+----+----+----+----+----+----+----+----+----+----+----+----+----+----+----+---+
| █ | 22 | █  | 16 | 15 | 14 | █  | 8  | █  | 2  | 3  | 4  | 5  | 6  | █  | 8  | █ |
+---+----+----+----+----+----+----+----+----+----+----+----+----+----+----+----+---+
| █ | 23 | █  | 15 | 14 | 13 | █  | 9  | █  | 1  | 2  | 3  | 4  | 5  | █  | 7  | █ |
+---+----+----+----+----+----+----+----+----+----+----+----+----+----+----+----+---+
| █ | 24 | █  | 14 | 13 | 12 | 11 | 10 | █  | 0  | 1  | 2  | 3  | 4  | 5  | 6  | █ |
+---+----+----+----+----+----+----+----+----+----+----+----+----+----+----+----+---+
| █ | 25 | █  | █  | █  | █  | █  | 11 | █  | 1  | 2  | 3  | 4  | 5  | 6  | 7  | █ |
+---+----+----+----+----+----+----+----+----+----+----+----+----+----+----+----+---+
| █ | 26 | 27 | 28 | 29 | 30 | █  | 12 | █  | 2  | 3  | 4  | 5  | 6  | 7  | 8  | █ |
+---+----+----+----+----+----+----+----+----+----+----+----+----+----+----+----+---+
| █ | █  | █  | █  | █  | █  | █  | █  | █  | █  | █  | █  | █  | █  | █  | █  | █ |
+---+----+----+----+----+----+----+----+----+----+----+----+----+----+----+----+---+
DEBUG:root:MY OFFSET VALUE IS 2
DEBUG:root:im considering 0 (2, [4. 3.]) w/ grid value 17.0
DEBUG:root:MY OFFSET VALUE IS 2
DEBUG:root:im considering 1 (3, [4. 4.]) w/ grid value 16.0
DEBUG:root:indexes are 2, 4
DEBUG:root:NEW indexes are 2, 4
DEBUG:root:MY OFFSET VALUE IS 2
DEBUG:root:im considering 2 (4, [3. 4.]) w/ grid value 17.0
DEBUG:root:MY OFFSET VALUE IS 2
DEBUG:root:im considering 3 (5, [2. 4.]) w/ grid value -1.0
DEBUG:root:MY OFFSET VALUE IS 2
DEBUG:root:im considering 4 (6, [2. 3.]) w/ grid value 19.0
DEBUG:root:MY OFFSET VALUE IS 2
DEBUG:root:im considering 5 (7, [2. 2.]) w/ grid value 20.0
DEBUG:root:MY OFFSET VALUE IS 2
DEBUG:root:im considering 6 (0, [3. 2.]) w/ grid value 19.0
DEBUG:root:MY OFFSET VALUE IS 2
DEBUG:root:im considering 7 (1, [4. 2.]) w/ grid value 18.0
DEBUG:root:RELATIVE CELL: 1, IM GOING TO DO:
DEBUG:root:arco a la derecha
DEBUG:root:LA R ES: -0.20966680430198006
DEBUG:root:Y 
↑ 
o → X
DEBUG:root:+---+----+----+----+----+----+----+----+----+----+----+----+----+----+----+----+---+
| █ | █  | █  | █  | █  | █  | █  | █  | █  | █  | █  | █  | █  | █  | █  | █  | █ |
+---+----+----+----+----+----+----+----+----+----+----+----+----+----+----+----+---+
| █ | 22 | 21 | 20 | 19 | 18 | 17 | 16 | 15 | 14 | 13 | 12 | 11 | 10 | 11 | 12 | █ |
+---+----+----+----+----+----+----+----+----+----+----+----+----+----+----+----+---+
| █ | 21 | 20 | 19 | 18 | 17 | █  | █  | █  | █  | █  | █  | █  | 9  | █  | 11 | █ |
+---+----+----+----+----+----+----+----+----+----+----+----+----+----+----+----+---+
| █ | 20 | 19 | 18 | 17 | 16 | █  | 6  | 5  | 4  | 5  | 6  | 7  | 8  | █  | 10 | █ |
+---+----+----+----+----+----+----+----+----+----+----+----+----+----+----+----+---+
| █ | 21 | █  | 17 | ↓  | 15 | █  | 7  | █  | 3  | 4  | 5  | 6  | 7  | █  | 9  | █ |
+---+----+----+----+----+----+----+----+----+----+----+----+----+----+----+----+---+
| █ | 22 | █  | 16 | 15 | 14 | █  | 8  | █  | 2  | 3  | 4  | 5  | 6  | █  | 8  | █ |
+---+----+----+----+----+----+----+----+----+----+----+----+----+----+----+----+---+
| █ | 23 | █  | 15 | 14 | 13 | █  | 9  | █  | 1  | 2  | 3  | 4  | 5  | █  | 7  | █ |
+---+----+----+----+----+----+----+----+----+----+----+----+----+----+----+----+---+
| █ | 24 | █  | 14 | 13 | 12 | 11 | 10 | █  | 0  | 1  | 2  | 3  | 4  | 5  | 6  | █ |
+---+----+----+----+----+----+----+----+----+----+----+----+----+----+----+----+---+
| █ | 25 | █  | █  | █  | █  | █  | 11 | █  | 1  | 2  | 3  | 4  | 5  | 6  | 7  | █ |
+---+----+----+----+----+----+----+----+----+----+----+----+----+----+----+----+---+
| █ | 26 | 27 | 28 | 29 | 30 | █  | 12 | █  | 2  | 3  | 4  | 5  | 6  | 7  | 8  | █ |
+---+----+----+----+----+----+----+----+----+----+----+----+----+----+----+----+---+
| █ | █  | █  | █  | █  | █  | █  | █  | █  | █  | █  | █  | █  | █  | █  | █  | █ |
+---+----+----+----+----+----+----+----+----+----+----+----+----+----+----+----+---+
DEBUG:root:MY OFFSET VALUE IS 4
DEBUG:root:im considering 0 (4, [4. 5.]) w/ grid value 15.0
DEBUG:root:MY OFFSET VALUE IS 4
DEBUG:root:im considering 1 (5, [3. 5.]) w/ grid value 16.0
DEBUG:root:MY OFFSET VALUE IS 4
DEBUG:root:im considering 2 (6, [3. 4.]) w/ grid value 17.0
DEBUG:root:MY OFFSET VALUE IS 4
DEBUG:root:im considering 3 (7, [3. 3.]) w/ grid value 18.0
DEBUG:root:MY OFFSET VALUE IS 4
DEBUG:root:im considering 4 (0, [4. 3.]) w/ grid value 17.0
DEBUG:root:MY OFFSET VALUE IS 4
DEBUG:root:im considering 5 (1, [5. 3.]) w/ grid value 16.0
DEBUG:root:MY OFFSET VALUE IS 4
DEBUG:root:im considering 6 (2, [5. 4.]) w/ grid value 15.0
DEBUG:root:MY OFFSET VALUE IS 4
DEBUG:root:im considering 7 (3, [5. 5.]) w/ grid value 14.0
DEBUG:root:indexes are 2, 4
DEBUG:root:NEW indexes are 2, 4
DEBUG:root:RELATIVE CELL: 7, IM GOING TO DO:
DEBUG:root:arco a la izquierda
DEBUG:root:LA R ES: 0.20025126394636059
DEBUG:root:Y 
↑ 
o → X
DEBUG:root:+---+----+----+----+----+----+----+----+----+----+----+----+----+----+----+----+---+
| █ | █  | █  | █  | █  | █  | █  | █  | █  | █  | █  | █  | █  | █  | █  | █  | █ |
+---+----+----+----+----+----+----+----+----+----+----+----+----+----+----+----+---+
| █ | 22 | 21 | 20 | 19 | 18 | 17 | 16 | 15 | 14 | 13 | 12 | 11 | 10 | 11 | 12 | █ |
+---+----+----+----+----+----+----+----+----+----+----+----+----+----+----+----+---+
| █ | 21 | 20 | 19 | 18 | 17 | █  | █  | █  | █  | █  | █  | █  | 9  | █  | 11 | █ |
+---+----+----+----+----+----+----+----+----+----+----+----+----+----+----+----+---+
| █ | 20 | 19 | 18 | 17 | 16 | █  | 6  | 5  | 4  | 5  | 6  | 7  | 8  | █  | 10 | █ |
+---+----+----+----+----+----+----+----+----+----+----+----+----+----+----+----+---+
| █ | 21 | █  | 17 | 16 | 15 | █  | 7  | █  | 3  | 4  | 5  | 6  | 7  | █  | 9  | █ |
+---+----+----+----+----+----+----+----+----+----+----+----+----+----+----+----+---+
| █ | 22 | █  | 16 | 15 | →  | █  | 8  | █  | 2  | 3  | 4  | 5  | 6  | █  | 8  | █ |
+---+----+----+----+----+----+----+----+----+----+----+----+----+----+----+----+---+
| █ | 23 | █  | 15 | 14 | 13 | █  | 9  | █  | 1  | 2  | 3  | 4  | 5  | █  | 7  | █ |
+---+----+----+----+----+----+----+----+----+----+----+----+----+----+----+----+---+
| █ | 24 | █  | 14 | 13 | 12 | 11 | 10 | █  | 0  | 1  | 2  | 3  | 4  | 5  | 6  | █ |
+---+----+----+----+----+----+----+----+----+----+----+----+----+----+----+----+---+
| █ | 25 | █  | █  | █  | █  | █  | 11 | █  | 1  | 2  | 3  | 4  | 5  | 6  | 7  | █ |
+---+----+----+----+----+----+----+----+----+----+----+----+----+----+----+----+---+
| █ | 26 | 27 | 28 | 29 | 30 | █  | 12 | █  | 2  | 3  | 4  | 5  | 6  | 7  | 8  | █ |
+---+----+----+----+----+----+----+----+----+----+----+----+----+----+----+----+---+
| █ | █  | █  | █  | █  | █  | █  | █  | █  | █  | █  | █  | █  | █  | █  | █  | █ |
+---+----+----+----+----+----+----+----+----+----+----+----+----+----+----+----+---+
DEBUG:root:MY OFFSET VALUE IS 2
DEBUG:root:im considering 0 (2, [6. 5.]) w/ grid value -1.0
DEBUG:root:MY OFFSET VALUE IS 2
DEBUG:root:im considering 1 (3, [6. 6.]) w/ grid value -1.0
DEBUG:root:MY OFFSET VALUE IS 2
DEBUG:root:im considering 2 (4, [5. 6.]) w/ grid value 13.0
DEBUG:root:MY OFFSET VALUE IS 2
DEBUG:root:im considering 3 (5, [4. 6.]) w/ grid value 14.0
DEBUG:root:MY OFFSET VALUE IS 2
DEBUG:root:im considering 4 (6, [4. 5.]) w/ grid value 15.0
DEBUG:root:MY OFFSET VALUE IS 2
DEBUG:root:im considering 5 (7, [4. 4.]) w/ grid value 16.0
DEBUG:root:MY OFFSET VALUE IS 2
DEBUG:root:im considering 6 (0, [5. 4.]) w/ grid value 15.0
DEBUG:root:MY OFFSET VALUE IS 2
DEBUG:root:im considering 7 (1, [6. 4.]) w/ grid value -1.0
DEBUG:root:RELATIVE CELL: 2, IM GOING TO DO:
DEBUG:root:giro derecha y voy recto
DEBUG:root:Y 
↑ 
o → X
DEBUG:root:+---+----+----+----+----+----+----+----+----+----+----+----+----+----+----+----+---+
| █ | █  | █  | █  | █  | █  | █  | █  | █  | █  | █  | █  | █  | █  | █  | █  | █ |
+---+----+----+----+----+----+----+----+----+----+----+----+----+----+----+----+---+
| █ | 22 | 21 | 20 | 19 | 18 | 17 | 16 | 15 | 14 | 13 | 12 | 11 | 10 | 11 | 12 | █ |
+---+----+----+----+----+----+----+----+----+----+----+----+----+----+----+----+---+
| █ | 21 | 20 | 19 | 18 | 17 | █  | █  | █  | █  | █  | █  | █  | 9  | █  | 11 | █ |
+---+----+----+----+----+----+----+----+----+----+----+----+----+----+----+----+---+
| █ | 20 | 19 | 18 | 17 | 16 | █  | 6  | 5  | 4  | 5  | 6  | 7  | 8  | █  | 10 | █ |
+---+----+----+----+----+----+----+----+----+----+----+----+----+----+----+----+---+
| █ | 21 | █  | 17 | 16 | 15 | █  | 7  | █  | 3  | 4  | 5  | 6  | 7  | █  | 9  | █ |
+---+----+----+----+----+----+----+----+----+----+----+----+----+----+----+----+---+
| █ | 22 | █  | 16 | 15 | 14 | █  | 8  | █  | 2  | 3  | 4  | 5  | 6  | █  | 8  | █ |
+---+----+----+----+----+----+----+----+----+----+----+----+----+----+----+----+---+
| █ | 23 | █  | 15 | 14 | ↓  | █  | 9  | █  | 1  | 2  | 3  | 4  | 5  | █  | 7  | █ |
+---+----+----+----+----+----+----+----+----+----+----+----+----+----+----+----+---+
| █ | 24 | █  | 14 | 13 | 12 | 11 | 10 | █  | 0  | 1  | 2  | 3  | 4  | 5  | 6  | █ |
+---+----+----+----+----+----+----+----+----+----+----+----+----+----+----+----+---+
| █ | 25 | █  | █  | █  | █  | █  | 11 | █  | 1  | 2  | 3  | 4  | 5  | 6  | 7  | █ |
+---+----+----+----+----+----+----+----+----+----+----+----+----+----+----+----+---+
| █ | 26 | 27 | 28 | 29 | 30 | █  | 12 | █  | 2  | 3  | 4  | 5  | 6  | 7  | 8  | █ |
+---+----+----+----+----+----+----+----+----+----+----+----+----+----+----+----+---+
| █ | █  | █  | █  | █  | █  | █  | █  | █  | █  | █  | █  | █  | █  | █  | █  | █ |
+---+----+----+----+----+----+----+----+----+----+----+----+----+----+----+----+---+
DEBUG:root:MY OFFSET VALUE IS 4
DEBUG:root:im considering 0 (4, [6. 6.]) w/ grid value -1.0
DEBUG:root:MY OFFSET VALUE IS 4
DEBUG:root:im considering 1 (5, [5. 6.]) w/ grid value 13.0
DEBUG:root:MY OFFSET VALUE IS 4
DEBUG:root:im considering 2 (6, [5. 5.]) w/ grid value 14.0
DEBUG:root:MY OFFSET VALUE IS 4
DEBUG:root:im considering 3 (7, [5. 4.]) w/ grid value 15.0
DEBUG:root:MY OFFSET VALUE IS 4
DEBUG:root:im considering 4 (0, [6. 4.]) w/ grid value -1.0
DEBUG:root:MY OFFSET VALUE IS 4
DEBUG:root:im considering 5 (1, [7. 4.]) w/ grid value 7.0
DEBUG:root:indexes are 0, 2
DEBUG:root:NEW indexes are 0, 2
DEBUG:root:MY OFFSET VALUE IS 4
DEBUG:root:im considering 6 (2, [7. 5.]) w/ grid value 8.0
DEBUG:root:MY OFFSET VALUE IS 4
DEBUG:root:im considering 7 (3, [7. 6.]) w/ grid value 9.0
DEBUG:root:RELATIVE CELL: 5, IM GOING TO DO:
DEBUG:root:giro izquierda y arco a la izquierda
DEBUG:root:LA R ES: -0.40083801511357
DEBUG:root:Y 
↑ 
o → X
DEBUG:root:+---+----+----+----+----+----+----+----+----+----+----+----+----+----+----+----+---+
| █ | █  | █  | █  | █  | █  | █  | █  | █  | █  | █  | █  | █  | █  | █  | █  | █ |
+---+----+----+----+----+----+----+----+----+----+----+----+----+----+----+----+---+
| █ | 22 | 21 | 20 | 19 | 18 | 17 | 16 | 15 | 14 | 13 | 12 | 11 | 10 | 11 | 12 | █ |
+---+----+----+----+----+----+----+----+----+----+----+----+----+----+----+----+---+
| █ | 21 | 20 | 19 | 18 | 17 | █  | █  | █  | █  | █  | █  | █  | 9  | █  | 11 | █ |
+---+----+----+----+----+----+----+----+----+----+----+----+----+----+----+----+---+
| █ | 20 | 19 | 18 | 17 | 16 | █  | 6  | 5  | 4  | 5  | 6  | 7  | 8  | █  | 10 | █ |
+---+----+----+----+----+----+----+----+----+----+----+----+----+----+----+----+---+
| █ | 21 | █  | 17 | 16 | 15 | █  | 7  | █  | 3  | 4  | 5  | 6  | 7  | █  | 9  | █ |
+---+----+----+----+----+----+----+----+----+----+----+----+----+----+----+----+---+
| █ | 22 | █  | 16 | 15 | 14 | █  | 8  | █  | 2  | 3  | 4  | 5  | 6  | █  | 8  | █ |
+---+----+----+----+----+----+----+----+----+----+----+----+----+----+----+----+---+
| █ | 23 | █  | 15 | 14 | 13 | █  | 9  | █  | 1  | 2  | 3  | 4  | 5  | █  | 7  | █ |
+---+----+----+----+----+----+----+----+----+----+----+----+----+----+----+----+---+
| █ | 24 | █  | 14 | 13 | 12 | 11 | 10 | █  | 0  | 1  | 2  | 3  | 4  | 5  | 6  | █ |
+---+----+----+----+----+----+----+----+----+----+----+----+----+----+----+----+---+
| █ | 25 | █  | █  | █  | █  | █  | ↓  | █  | 1  | 2  | 3  | 4  | 5  | 6  | 7  | █ |
+---+----+----+----+----+----+----+----+----+----+----+----+----+----+----+----+---+
| █ | 26 | 27 | 28 | 29 | 30 | █  | 12 | █  | 2  | 3  | 4  | 5  | 6  | 7  | 8  | █ |
+---+----+----+----+----+----+----+----+----+----+----+----+----+----+----+----+---+
| █ | █  | █  | █  | █  | █  | █  | █  | █  | █  | █  | █  | █  | █  | █  | █  | █ |
+---+----+----+----+----+----+----+----+----+----+----+----+----+----+----+----+---+
DEBUG:root:MY OFFSET VALUE IS 4
DEBUG:root:im considering 0 (4, [8. 8.]) w/ grid value -1.0
DEBUG:root:MY OFFSET VALUE IS 4
DEBUG:root:im considering 1 (5, [7. 8.]) w/ grid value 11.0
DEBUG:root:MY OFFSET VALUE IS 4
DEBUG:root:im considering 2 (6, [7. 7.]) w/ grid value 10.0
DEBUG:root:MY OFFSET VALUE IS 4
DEBUG:root:im considering 3 (7, [7. 6.]) w/ grid value 9.0
DEBUG:root:indexes are 6, 8
DEBUG:root:NEW indexes are 6, 0
DEBUG:root:MY OFFSET VALUE IS 4
DEBUG:root:im considering 4 (0, [8. 6.]) w/ grid value -1.0
DEBUG:root:MY OFFSET VALUE IS 4
DEBUG:root:im considering 5 (1, [9. 6.]) w/ grid value 1.0
DEBUG:root:indexes are 0, 2
DEBUG:root:NEW indexes are 0, 2
DEBUG:root:MY OFFSET VALUE IS 4
DEBUG:root:im considering 6 (2, [9. 7.]) w/ grid value 0.0
DEBUG:root:MY OFFSET VALUE IS 4
DEBUG:root:im considering 7 (3, [9. 8.]) w/ grid value 1.0
DEBUG:root:RELATIVE CELL: 6, IM GOING TO DO:
DEBUG:root:giro izquierda y voy recto
INFO:root:Odometry was stopped
DEBUG:matplotlib.axes._base:update_title_pos
DEBUG:matplotlib.font_manager:findfont: Matching :family=sans-serif:style=normal:variant=normal:weight=normal:stretch=normal:size=10.0 to DejaVu Sans ('/home/pi/.local/lib/python3.5/site-packages/matplotlib/mpl-data/fonts/ttf/DejaVuSans.ttf') with score of 0.050000.
DEBUG:matplotlib.axes._base:update_title_pos
