INFO:root:Program started
INFO:root:Robot set up!
INFO:root:Odometry was started, PID: 6998:
INFO:root:Initial location: 0.2, 1.8, -1.5707963267948966
DEBUG:root:Y 
↑ 
o → X
DEBUG:root:+---+----+----+----+----+----+----+----+----+----+----+----+----+----+----+----+---+
| █ | █  | █  | █  | █  | █  | █  | █  | █  | █  | █  | █  | █  | █  | █  | █  | █ |
+---+----+----+----+----+----+----+----+----+----+----+----+----+----+----+----+---+
| █ | ↓  | 21 | 20 | 19 | 18 | 17 | 16 | 15 | 14 | 13 | 12 | 11 | 10 | 11 | 12 | █ |
+---+----+----+----+----+----+----+----+----+----+----+----+----+----+----+----+---+
| █ | 21 | 20 | 19 | 18 | 17 | █  | █  | █  | █  | █  | █  | █  | 9  | █  | 11 | █ |
+---+----+----+----+----+----+----+----+----+----+----+----+----+----+----+----+---+
| █ | 20 | 19 | 18 | 17 | 16 | █  | 6  | 5  | 4  | 5  | 6  | 7  | 8  | █  | 10 | █ |
+---+----+----+----+----+----+----+----+----+----+----+----+----+----+----+----+---+
| █ | 21 | █  | 17 | 16 | 15 | █  | 7  | █  | 3  | 4  | 5  | 6  | 7  | █  | 9  | █ |
+---+----+----+----+----+----+----+----+----+----+----+----+----+----+----+----+---+
| █ | 22 | █  | 16 | 15 | 14 | █  | 8  | █  | 2  | 3  | 4  | 5  | 6  | █  | 8  | █ |
+---+----+----+----+----+----+----+----+----+----+----+----+----+----+----+----+---+
| █ | 23 | █  | 15 | 14 | 13 | █  | 9  | █  | 1  | 2  | 3  | 4  | 5  | █  | 7  | █ |
+---+----+----+----+----+----+----+----+----+----+----+----+----+----+----+----+---+
| █ | 24 | █  | 14 | 13 | 12 | 11 | 10 | █  | 0  | 1  | 2  | 3  | 4  | 5  | 6  | █ |
+---+----+----+----+----+----+----+----+----+----+----+----+----+----+----+----+---+
| █ | 25 | █  | █  | █  | █  | █  | 11 | █  | 1  | 2  | 3  | 4  | 5  | 6  | 7  | █ |
+---+----+----+----+----+----+----+----+----+----+----+----+----+----+----+----+---+
| █ | 26 | 27 | 28 | 29 | 30 | █  | 12 | █  | 2  | 3  | 4  | 5  | 6  | 7  | 8  | █ |
+---+----+----+----+----+----+----+----+----+----+----+----+----+----+----+----+---+
| █ | █  | █  | █  | █  | █  | █  | █  | █  | █  | █  | █  | █  | █  | █  | █  | █ |
+---+----+----+----+----+----+----+----+----+----+----+----+----+----+----+----+---+
DEBUG:root:RELATIVE CELL: 7, IM GOING TO DO:
DEBUG:root:arco a la izquierda
DEBUG:root:LA R ES: 0.2
DEBUG:root:Y 
↑ 
o → X
DEBUG:root:+---+----+----+----+----+----+----+----+----+----+----+----+----+----+----+----+---+
| █ | █  | █  | █  | █  | █  | █  | █  | █  | █  | █  | █  | █  | █  | █  | █  | █ |
+---+----+----+----+----+----+----+----+----+----+----+----+----+----+----+----+---+
| █ | 22 | 21 | 20 | 19 | 18 | 17 | 16 | 15 | 14 | 13 | 12 | 11 | 10 | 11 | 12 | █ |
+---+----+----+----+----+----+----+----+----+----+----+----+----+----+----+----+---+
| █ | 21 | →  | 19 | 18 | 17 | █  | █  | █  | █  | █  | █  | █  | 9  | █  | 11 | █ |
+---+----+----+----+----+----+----+----+----+----+----+----+----+----+----+----+---+
| █ | 20 | 19 | 18 | 17 | 16 | █  | 6  | 5  | 4  | 5  | 6  | 7  | 8  | █  | 10 | █ |
+---+----+----+----+----+----+----+----+----+----+----+----+----+----+----+----+---+
| █ | 21 | █  | 17 | 16 | 15 | █  | 7  | █  | 3  | 4  | 5  | 6  | 7  | █  | 9  | █ |
+---+----+----+----+----+----+----+----+----+----+----+----+----+----+----+----+---+
| █ | 22 | █  | 16 | 15 | 14 | █  | 8  | █  | 2  | 3  | 4  | 5  | 6  | █  | 8  | █ |
+---+----+----+----+----+----+----+----+----+----+----+----+----+----+----+----+---+
| █ | 23 | █  | 15 | 14 | 13 | █  | 9  | █  | 1  | 2  | 3  | 4  | 5  | █  | 7  | █ |
+---+----+----+----+----+----+----+----+----+----+----+----+----+----+----+----+---+
| █ | 24 | █  | 14 | 13 | 12 | 11 | 10 | █  | 0  | 1  | 2  | 3  | 4  | 5  | 6  | █ |
+---+----+----+----+----+----+----+----+----+----+----+----+----+----+----+----+---+
| █ | 25 | █  | █  | █  | █  | █  | 11 | █  | 1  | 2  | 3  | 4  | 5  | 6  | 7  | █ |
+---+----+----+----+----+----+----+----+----+----+----+----+----+----+----+----+---+
| █ | 26 | 27 | 28 | 29 | 30 | █  | 12 | █  | 2  | 3  | 4  | 5  | 6  | 7  | 8  | █ |
+---+----+----+----+----+----+----+----+----+----+----+----+----+----+----+----+---+
| █ | █  | █  | █  | █  | █  | █  | █  | █  | █  | █  | █  | █  | █  | █  | █  | █ |
+---+----+----+----+----+----+----+----+----+----+----+----+----+----+----+----+---+
DEBUG:root:RELATIVE CELL: 1, IM GOING TO DO:
DEBUG:root:arco a la derecha
DEBUG:root:LA R ES: 0.20076035896709282
DEBUG:root:Y 
↑ 
o → X
DEBUG:root:+---+----+----+----+----+----+----+----+----+----+----+----+----+----+----+----+---+
| █ | █  | █  | █  | █  | █  | █  | █  | █  | █  | █  | █  | █  | █  | █  | █  | █ |
+---+----+----+----+----+----+----+----+----+----+----+----+----+----+----+----+---+
| █ | 22 | 21 | 20 | 19 | 18 | 17 | 16 | 15 | 14 | 13 | 12 | 11 | 10 | 11 | 12 | █ |
+---+----+----+----+----+----+----+----+----+----+----+----+----+----+----+----+---+
| █ | 21 | 20 | 19 | 18 | 17 | █  | █  | █  | █  | █  | █  | █  | 9  | █  | 11 | █ |
+---+----+----+----+----+----+----+----+----+----+----+----+----+----+----+----+---+
| █ | 20 | 19 | ↓  | 17 | 16 | █  | 6  | 5  | 4  | 5  | 6  | 7  | 8  | █  | 10 | █ |
+---+----+----+----+----+----+----+----+----+----+----+----+----+----+----+----+---+
| █ | 21 | █  | 17 | 16 | 15 | █  | 7  | █  | 3  | 4  | 5  | 6  | 7  | █  | 9  | █ |
+---+----+----+----+----+----+----+----+----+----+----+----+----+----+----+----+---+
| █ | 22 | █  | 16 | 15 | 14 | █  | 8  | █  | 2  | 3  | 4  | 5  | 6  | █  | 8  | █ |
+---+----+----+----+----+----+----+----+----+----+----+----+----+----+----+----+---+
| █ | 23 | █  | 15 | 14 | 13 | █  | 9  | █  | 1  | 2  | 3  | 4  | 5  | █  | 7  | █ |
+---+----+----+----+----+----+----+----+----+----+----+----+----+----+----+----+---+
| █ | 24 | █  | 14 | 13 | 12 | 11 | 10 | █  | 0  | 1  | 2  | 3  | 4  | 5  | 6  | █ |
+---+----+----+----+----+----+----+----+----+----+----+----+----+----+----+----+---+
| █ | 25 | █  | █  | █  | █  | █  | 11 | █  | 1  | 2  | 3  | 4  | 5  | 6  | 7  | █ |
+---+----+----+----+----+----+----+----+----+----+----+----+----+----+----+----+---+
| █ | 26 | 27 | 28 | 29 | 30 | █  | 12 | █  | 2  | 3  | 4  | 5  | 6  | 7  | 8  | █ |
+---+----+----+----+----+----+----+----+----+----+----+----+----+----+----+----+---+
| █ | █  | █  | █  | █  | █  | █  | █  | █  | █  | █  | █  | █  | █  | █  | █  | █ |
+---+----+----+----+----+----+----+----+----+----+----+----+----+----+----+----+---+
DEBUG:root:RELATIVE CELL: 7, IM GOING TO DO:
DEBUG:root:arco a la izquierda
DEBUG:root:LA R ES: 0.16585698109435734
DEBUG:root:looking right
DEBUG:root:NEW GRID HAS BEEN GENERATED :D
DEBUG:root:Y 
↑ 
o → X
DEBUG:root:+---+----+----+----+----+----+----+----+----+----+----+----+----+----+----+----+---+
| █ | █  | █  | █  | █  | █  | █  | █  | █  | █  | █  | █  | █  | █  | █  | █  | █ |
+---+----+----+----+----+----+----+----+----+----+----+----+----+----+----+----+---+
| █ | 22 | 21 | 20 | 19 | 18 | 17 | 16 | 15 | 14 | 13 | 12 | 11 | 10 | 11 | 12 | █ |
+---+----+----+----+----+----+----+----+----+----+----+----+----+----+----+----+---+
| █ | 21 | 20 | 19 | 18 | 17 | █  | █  | █  | █  | █  | █  | █  | 9  | █  | 11 | █ |
+---+----+----+----+----+----+----+----+----+----+----+----+----+----+----+----+---+
| █ | 20 | 19 | ↓  | 17 | 16 | █  | 6  | 5  | 4  | 5  | 6  | 7  | 8  | █  | 10 | █ |
+---+----+----+----+----+----+----+----+----+----+----+----+----+----+----+----+---+
| █ | 21 | █  | █  | 16 | 15 | █  | 7  | █  | 3  | 4  | 5  | 6  | 7  | █  | 9  | █ |
+---+----+----+----+----+----+----+----+----+----+----+----+----+----+----+----+---+
| █ | 22 | █  | 16 | 15 | 14 | █  | 8  | █  | 2  | 3  | 4  | 5  | 6  | █  | 8  | █ |
+---+----+----+----+----+----+----+----+----+----+----+----+----+----+----+----+---+
| █ | 23 | █  | 15 | 14 | 13 | █  | 9  | █  | 1  | 2  | 3  | 4  | 5  | █  | 7  | █ |
+---+----+----+----+----+----+----+----+----+----+----+----+----+----+----+----+---+
| █ | 24 | █  | 14 | 13 | 12 | 11 | 10 | █  | 0  | 1  | 2  | 3  | 4  | 5  | 6  | █ |
+---+----+----+----+----+----+----+----+----+----+----+----+----+----+----+----+---+
| █ | 25 | █  | █  | █  | █  | █  | 11 | █  | 1  | 2  | 3  | 4  | 5  | 6  | 7  | █ |
+---+----+----+----+----+----+----+----+----+----+----+----+----+----+----+----+---+
| █ | 26 | 27 | 28 | 29 | 30 | █  | 12 | █  | 2  | 3  | 4  | 5  | 6  | 7  | 8  | █ |
+---+----+----+----+----+----+----+----+----+----+----+----+----+----+----+----+---+
| █ | █  | █  | █  | █  | █  | █  | █  | █  | █  | █  | █  | █  | █  | █  | █  | █ |
+---+----+----+----+----+----+----+----+----+----+----+----+----+----+----+----+---+
DEBUG:root:RELATIVE CELL: 7, IM GOING TO DO:
DEBUG:root:giro izquierda y arco a la derecha
DEBUG:root:LA R ES: 0.16248615424985607
DEBUG:root:looking right
DEBUG:root:NEW GRID HAS BEEN GENERATED :D
DEBUG:root:Y 
↑ 
o → X
DEBUG:root:+---+----+----+----+----+----+----+----+----+----+----+----+----+----+----+----+---+
| █ | █  | █  | █  | █  | █  | █  | █  | █  | █  | █  | █  | █  | █  | █  | █  | █ |
+---+----+----+----+----+----+----+----+----+----+----+----+----+----+----+----+---+
| █ | 22 | 21 | 20 | 19 | 18 | 17 | 16 | 15 | 14 | 13 | 12 | 11 | 10 | 11 | 12 | █ |
+---+----+----+----+----+----+----+----+----+----+----+----+----+----+----+----+---+
| █ | 23 | 22 | █  | 18 | 17 | █  | █  | █  | █  | █  | █  | █  | 9  | █  | 11 | █ |
+---+----+----+----+----+----+----+----+----+----+----+----+----+----+----+----+---+
| █ | 24 | 23 | █  | ↓  | 16 | █  | 6  | 5  | 4  | 5  | 6  | 7  | 8  | █  | 10 | █ |
+---+----+----+----+----+----+----+----+----+----+----+----+----+----+----+----+---+
| █ | 25 | █  | █  | 16 | 15 | █  | 7  | █  | 3  | 4  | 5  | 6  | 7  | █  | 9  | █ |
+---+----+----+----+----+----+----+----+----+----+----+----+----+----+----+----+---+
| █ | 26 | █  | 16 | 15 | 14 | █  | 8  | █  | 2  | 3  | 4  | 5  | 6  | █  | 8  | █ |
+---+----+----+----+----+----+----+----+----+----+----+----+----+----+----+----+---+
| █ | 27 | █  | 15 | 14 | 13 | █  | 9  | █  | 1  | 2  | 3  | 4  | 5  | █  | 7  | █ |
+---+----+----+----+----+----+----+----+----+----+----+----+----+----+----+----+---+
| █ | 28 | █  | 14 | 13 | 12 | 11 | 10 | █  | 0  | 1  | 2  | 3  | 4  | 5  | 6  | █ |
+---+----+----+----+----+----+----+----+----+----+----+----+----+----+----+----+---+
| █ | 29 | █  | █  | █  | █  | █  | 11 | █  | 1  | 2  | 3  | 4  | 5  | 6  | 7  | █ |
+---+----+----+----+----+----+----+----+----+----+----+----+----+----+----+----+---+
| █ | 30 | 31 | 32 | 33 | 34 | █  | 12 | █  | 2  | 3  | 4  | 5  | 6  | 7  | 8  | █ |
+---+----+----+----+----+----+----+----+----+----+----+----+----+----+----+----+---+
| █ | █  | █  | █  | █  | █  | █  | █  | █  | █  | █  | █  | █  | █  | █  | █  | █ |
+---+----+----+----+----+----+----+----+----+----+----+----+----+----+----+----+---+
DEBUG:root:RELATIVE CELL: 7, IM GOING TO DO:
DEBUG:root:arco a la izquierda
DEBUG:root:LA R ES: 0.31490355761493133
DEBUG:root:looking right
DEBUG:root:NEW GRID HAS BEEN GENERATED :D
DEBUG:root:Y 
↑ 
o → X
DEBUG:root:+---+----+----+----+----+----+----+----+----+----+----+----+----+----+----+----+---+
| █ | █  | █  | █  | █  | █  | █  | █  | █  | █  | █  | █  | █  | █  | █  | █  | █ |
+---+----+----+----+----+----+----+----+----+----+----+----+----+----+----+----+---+
| █ | 22 | 21 | 20 | 19 | 18 | 17 | 16 | 15 | 14 | 13 | 12 | 11 | 10 | 11 | 12 | █ |
+---+----+----+----+----+----+----+----+----+----+----+----+----+----+----+----+---+
| █ | 23 | 22 | █  | 18 | 17 | █  | █  | █  | █  | █  | █  | █  | 9  | █  | 11 | █ |
+---+----+----+----+----+----+----+----+----+----+----+----+----+----+----+----+---+
| █ | 24 | 23 | █  | ↓  | 16 | █  | 6  | 5  | 4  | 5  | 6  | 7  | 8  | █  | 10 | █ |
+---+----+----+----+----+----+----+----+----+----+----+----+----+----+----+----+---+
| █ | 25 | █  | █  | 16 | 15 | █  | 7  | █  | 3  | 4  | 5  | 6  | 7  | █  | 9  | █ |
+---+----+----+----+----+----+----+----+----+----+----+----+----+----+----+----+---+
| █ | 26 | █  | 16 | 15 | 14 | █  | 8  | █  | 2  | 3  | 4  | 5  | 6  | █  | 8  | █ |
+---+----+----+----+----+----+----+----+----+----+----+----+----+----+----+----+---+
| █ | 27 | █  | 15 | 14 | 13 | █  | 9  | █  | 1  | 2  | 3  | 4  | 5  | █  | 7  | █ |
+---+----+----+----+----+----+----+----+----+----+----+----+----+----+----+----+---+
| █ | 28 | █  | 14 | 13 | 12 | 11 | 10 | █  | 0  | 1  | 2  | 3  | 4  | 5  | 6  | █ |
+---+----+----+----+----+----+----+----+----+----+----+----+----+----+----+----+---+
| █ | 29 | █  | █  | █  | █  | █  | 11 | █  | 1  | 2  | 3  | 4  | 5  | 6  | 7  | █ |
+---+----+----+----+----+----+----+----+----+----+----+----+----+----+----+----+---+
| █ | 30 | 31 | 32 | 33 | 34 | █  | 12 | █  | 2  | 3  | 4  | 5  | 6  | 7  | 8  | █ |
+---+----+----+----+----+----+----+----+----+----+----+----+----+----+----+----+---+
| █ | █  | █  | █  | █  | █  | █  | █  | █  | █  | █  | █  | █  | █  | █  | █  | █ |
+---+----+----+----+----+----+----+----+----+----+----+----+----+----+----+----+---+
DEBUG:root:RELATIVE CELL: 7, IM GOING TO DO:
DEBUG:root:arco a la izquierda
DEBUG:root:LA R ES: 0.31452286178889055
DEBUG:root:looking right
DEBUG:root:NEW GRID HAS BEEN GENERATED :D
DEBUG:root:Y 
↑ 
o → X
DEBUG:root:+---+----+----+----+----+----+----+----+----+----+----+----+----+----+----+----+---+
| █ | █  | █  | █  | █  | █  | █  | █  | █  | █  | █  | █  | █  | █  | █  | █  | █ |
+---+----+----+----+----+----+----+----+----+----+----+----+----+----+----+----+---+
| █ | 22 | 21 | 20 | 19 | 18 | 17 | 16 | 15 | 14 | 13 | 12 | 11 | 10 | 11 | 12 | █ |
+---+----+----+----+----+----+----+----+----+----+----+----+----+----+----+----+---+
| █ | 23 | 22 | █  | 20 | 19 | █  | █  | █  | █  | █  | █  | █  | 9  | █  | 11 | █ |
+---+----+----+----+----+----+----+----+----+----+----+----+----+----+----+----+---+
| █ | 24 | 23 | █  | ↓  | 20 | █  | 6  | 5  | 4  | 5  | 6  | 7  | 8  | █  | 10 | █ |
+---+----+----+----+----+----+----+----+----+----+----+----+----+----+----+----+---+
| █ | 25 | █  | █  | █  | █  | █  | 7  | █  | 3  | 4  | 5  | 6  | 7  | █  | 9  | █ |
+---+----+----+----+----+----+----+----+----+----+----+----+----+----+----+----+---+
| █ | 26 | █  | 16 | 15 | 14 | █  | 8  | █  | 2  | 3  | 4  | 5  | 6  | █  | 8  | █ |
+---+----+----+----+----+----+----+----+----+----+----+----+----+----+----+----+---+
| █ | 27 | █  | 15 | 14 | 13 | █  | 9  | █  | 1  | 2  | 3  | 4  | 5  | █  | 7  | █ |
+---+----+----+----+----+----+----+----+----+----+----+----+----+----+----+----+---+
| █ | 28 | █  | 14 | 13 | 12 | 11 | 10 | █  | 0  | 1  | 2  | 3  | 4  | 5  | 6  | █ |
+---+----+----+----+----+----+----+----+----+----+----+----+----+----+----+----+---+
| █ | 29 | █  | █  | █  | █  | █  | 11 | █  | 1  | 2  | 3  | 4  | 5  | 6  | 7  | █ |
+---+----+----+----+----+----+----+----+----+----+----+----+----+----+----+----+---+
| █ | 30 | 31 | 32 | 33 | 34 | █  | 12 | █  | 2  | 3  | 4  | 5  | 6  | 7  | 8  | █ |
+---+----+----+----+----+----+----+----+----+----+----+----+----+----+----+----+---+
| █ | █  | █  | █  | █  | █  | █  | █  | █  | █  | █  | █  | █  | █  | █  | █  | █ |
+---+----+----+----+----+----+----+----+----+----+----+----+----+----+----+----+---+
DEBUG:root:RELATIVE CELL: 5, IM GOING TO DO:
DEBUG:root:giro izquierda y arco a la izquierda
DEBUG:root:LA R ES: 0.26461688528509547
DEBUG:root:Y 
↑ 
o → X
DEBUG:root:+---+----+----+----+----+----+----+----+----+----+----+----+----+----+----+----+---+
| █ | █  | █  | █  | █  | █  | █  | █  | █  | █  | █  | █  | █  | █  | █  | █  | █ |
+---+----+----+----+----+----+----+----+----+----+----+----+----+----+----+----+---+
| █ | 22 | 21 | 20 | 19 | 18 | 17 | 16 | 15 | 14 | 13 | 12 | 11 | 10 | 11 | 12 | █ |
+---+----+----+----+----+----+----+----+----+----+----+----+----+----+----+----+---+
| █ | 23 | 22 | █  | ↑  | 19 | █  | █  | █  | █  | █  | █  | █  | 9  | █  | 11 | █ |
+---+----+----+----+----+----+----+----+----+----+----+----+----+----+----+----+---+
| █ | 24 | 23 | █  | 21 | 20 | █  | 6  | 5  | 4  | 5  | 6  | 7  | 8  | █  | 10 | █ |
+---+----+----+----+----+----+----+----+----+----+----+----+----+----+----+----+---+
| █ | 25 | █  | █  | █  | █  | █  | 7  | █  | 3  | 4  | 5  | 6  | 7  | █  | 9  | █ |
+---+----+----+----+----+----+----+----+----+----+----+----+----+----+----+----+---+
| █ | 26 | █  | 16 | 15 | 14 | █  | 8  | █  | 2  | 3  | 4  | 5  | 6  | █  | 8  | █ |
+---+----+----+----+----+----+----+----+----+----+----+----+----+----+----+----+---+
| █ | 27 | █  | 15 | 14 | 13 | █  | 9  | █  | 1  | 2  | 3  | 4  | 5  | █  | 7  | █ |
+---+----+----+----+----+----+----+----+----+----+----+----+----+----+----+----+---+
| █ | 28 | █  | 14 | 13 | 12 | 11 | 10 | █  | 0  | 1  | 2  | 3  | 4  | 5  | 6  | █ |
+---+----+----+----+----+----+----+----+----+----+----+----+----+----+----+----+---+
| █ | 29 | █  | █  | █  | █  | █  | 11 | █  | 1  | 2  | 3  | 4  | 5  | 6  | 7  | █ |
+---+----+----+----+----+----+----+----+----+----+----+----+----+----+----+----+---+
| █ | 30 | 31 | 32 | 33 | 34 | █  | 12 | █  | 2  | 3  | 4  | 5  | 6  | 7  | 8  | █ |
+---+----+----+----+----+----+----+----+----+----+----+----+----+----+----+----+---+
| █ | █  | █  | █  | █  | █  | █  | █  | █  | █  | █  | █  | █  | █  | █  | █  | █ |
+---+----+----+----+----+----+----+----+----+----+----+----+----+----+----+----+---+
DEBUG:root:RELATIVE CELL: 1, IM GOING TO DO:
DEBUG:root:arco a la derecha
DEBUG:root:LA R ES: 0.265458163031547
DEBUG:root:looking right
DEBUG:root:NEW GRID HAS BEEN GENERATED :D
DEBUG:root:Y 
↑ 
o → X
DEBUG:root:+---+----+----+----+----+----+----+----+----+----+----+----+----+----+----+----+---+
| █ | █  | █  | █  | █  | 19 | █  | █  | █  | █  | █  | █  | █  | █  | █  | █  | █ |
+---+----+----+----+----+----+----+----+----+----+----+----+----+----+----+----+---+
| █ | 22 | 21 | 20 | ↑  | 18 | 17 | 16 | 15 | 14 | 13 | 12 | 11 | 10 | 11 | 12 | █ |
+---+----+----+----+----+----+----+----+----+----+----+----+----+----+----+----+---+
| █ | 23 | 22 | █  | 20 | 19 | █  | █  | █  | █  | █  | █  | █  | 9  | █  | 11 | █ |
+---+----+----+----+----+----+----+----+----+----+----+----+----+----+----+----+---+
| █ | 24 | 23 | █  | 21 | 20 | █  | 6  | 5  | 4  | 5  | 6  | 7  | 8  | █  | 10 | █ |
+---+----+----+----+----+----+----+----+----+----+----+----+----+----+----+----+---+
| █ | 25 | █  | █  | █  | █  | █  | 7  | █  | 3  | 4  | 5  | 6  | 7  | █  | 9  | █ |
+---+----+----+----+----+----+----+----+----+----+----+----+----+----+----+----+---+
| █ | 26 | █  | 16 | 15 | 14 | █  | 8  | █  | 2  | 3  | 4  | 5  | 6  | █  | 8  | █ |
+---+----+----+----+----+----+----+----+----+----+----+----+----+----+----+----+---+
| █ | 27 | █  | 15 | 14 | 13 | █  | 9  | █  | 1  | 2  | 3  | 4  | 5  | █  | 7  | █ |
+---+----+----+----+----+----+----+----+----+----+----+----+----+----+----+----+---+
| █ | 28 | █  | 14 | 13 | 12 | 11 | 10 | █  | 0  | 1  | 2  | 3  | 4  | 5  | 6  | █ |
+---+----+----+----+----+----+----+----+----+----+----+----+----+----+----+----+---+
| █ | 29 | █  | █  | █  | █  | █  | 11 | █  | 1  | 2  | 3  | 4  | 5  | 6  | 7  | █ |
+---+----+----+----+----+----+----+----+----+----+----+----+----+----+----+----+---+
| █ | 30 | 31 | 32 | 33 | 34 | █  | 12 | █  | 2  | 3  | 4  | 5  | 6  | 7  | 8  | █ |
+---+----+----+----+----+----+----+----+----+----+----+----+----+----+----+----+---+
| █ | █  | █  | █  | █  | █  | █  | █  | █  | █  | █  | █  | █  | █  | █  | █  | █ |
+---+----+----+----+----+----+----+----+----+----+----+----+----+----+----+----+---+
DEBUG:root:RELATIVE CELL: 2, IM GOING TO DO:
DEBUG:root:giro derecha y voy recto
DEBUG:root:Y 
↑ 
o → X
DEBUG:root:+---+----+----+----+----+----+----+----+----+----+----+----+----+----+----+----+---+
| █ | █  | █  | █  | █  | 19 | █  | █  | █  | █  | █  | █  | █  | █  | █  | █  | █ |
+---+----+----+----+----+----+----+----+----+----+----+----+----+----+----+----+---+
| █ | 22 | 21 | 20 | 19 | →  | 17 | 16 | 15 | 14 | 13 | 12 | 11 | 10 | 11 | 12 | █ |
+---+----+----+----+----+----+----+----+----+----+----+----+----+----+----+----+---+
| █ | 23 | 22 | █  | 20 | 19 | █  | █  | █  | █  | █  | █  | █  | 9  | █  | 11 | █ |
+---+----+----+----+----+----+----+----+----+----+----+----+----+----+----+----+---+
| █ | 24 | 23 | █  | 21 | 20 | █  | 6  | 5  | 4  | 5  | 6  | 7  | 8  | █  | 10 | █ |
+---+----+----+----+----+----+----+----+----+----+----+----+----+----+----+----+---+
| █ | 25 | █  | █  | █  | █  | █  | 7  | █  | 3  | 4  | 5  | 6  | 7  | █  | 9  | █ |
+---+----+----+----+----+----+----+----+----+----+----+----+----+----+----+----+---+
| █ | 26 | █  | 16 | 15 | 14 | █  | 8  | █  | 2  | 3  | 4  | 5  | 6  | █  | 8  | █ |
+---+----+----+----+----+----+----+----+----+----+----+----+----+----+----+----+---+
| █ | 27 | █  | 15 | 14 | 13 | █  | 9  | █  | 1  | 2  | 3  | 4  | 5  | █  | 7  | █ |
+---+----+----+----+----+----+----+----+----+----+----+----+----+----+----+----+---+
| █ | 28 | █  | 14 | 13 | 12 | 11 | 10 | █  | 0  | 1  | 2  | 3  | 4  | 5  | 6  | █ |
+---+----+----+----+----+----+----+----+----+----+----+----+----+----+----+----+---+
| █ | 29 | █  | █  | █  | █  | █  | 11 | █  | 1  | 2  | 3  | 4  | 5  | 6  | 7  | █ |
+---+----+----+----+----+----+----+----+----+----+----+----+----+----+----+----+---+
| █ | 30 | 31 | 32 | 33 | 34 | █  | 12 | █  | 2  | 3  | 4  | 5  | 6  | 7  | 8  | █ |
+---+----+----+----+----+----+----+----+----+----+----+----+----+----+----+----+---+
| █ | █  | █  | █  | █  | █  | █  | █  | █  | █  | █  | █  | █  | █  | █  | █  | █ |
+---+----+----+----+----+----+----+----+----+----+----+----+----+----+----+----+---+
DEBUG:root:RELATIVE CELL: 0, IM GOING TO DO:
DEBUG:root:voy recto
DEBUG:root:Y 
↑ 
o → X
DEBUG:root:+---+----+----+----+----+----+----+----+----+----+----+----+----+----+----+----+---+
| █ | █  | █  | █  | █  | 19 | █  | █  | █  | █  | █  | █  | █  | █  | █  | █  | █ |
+---+----+----+----+----+----+----+----+----+----+----+----+----+----+----+----+---+
| █ | 22 | 21 | 20 | 19 | 18 | →  | 16 | 15 | 14 | 13 | 12 | 11 | 10 | 11 | 12 | █ |
+---+----+----+----+----+----+----+----+----+----+----+----+----+----+----+----+---+
| █ | 23 | 22 | █  | 20 | 19 | █  | █  | █  | █  | █  | █  | █  | 9  | █  | 11 | █ |
+---+----+----+----+----+----+----+----+----+----+----+----+----+----+----+----+---+
| █ | 24 | 23 | █  | 21 | 20 | █  | 6  | 5  | 4  | 5  | 6  | 7  | 8  | █  | 10 | █ |
+---+----+----+----+----+----+----+----+----+----+----+----+----+----+----+----+---+
| █ | 25 | █  | █  | █  | █  | █  | 7  | █  | 3  | 4  | 5  | 6  | 7  | █  | 9  | █ |
+---+----+----+----+----+----+----+----+----+----+----+----+----+----+----+----+---+
| █ | 26 | █  | 16 | 15 | 14 | █  | 8  | █  | 2  | 3  | 4  | 5  | 6  | █  | 8  | █ |
+---+----+----+----+----+----+----+----+----+----+----+----+----+----+----+----+---+
| █ | 27 | █  | 15 | 14 | 13 | █  | 9  | █  | 1  | 2  | 3  | 4  | 5  | █  | 7  | █ |
+---+----+----+----+----+----+----+----+----+----+----+----+----+----+----+----+---+
| █ | 28 | █  | 14 | 13 | 12 | 11 | 10 | █  | 0  | 1  | 2  | 3  | 4  | 5  | 6  | █ |
+---+----+----+----+----+----+----+----+----+----+----+----+----+----+----+----+---+
| █ | 29 | █  | █  | █  | █  | █  | 11 | █  | 1  | 2  | 3  | 4  | 5  | 6  | 7  | █ |
+---+----+----+----+----+----+----+----+----+----+----+----+----+----+----+----+---+
| █ | 30 | 31 | 32 | 33 | 34 | █  | 12 | █  | 2  | 3  | 4  | 5  | 6  | 7  | 8  | █ |
+---+----+----+----+----+----+----+----+----+----+----+----+----+----+----+----+---+
| █ | █  | █  | █  | █  | █  | █  | █  | █  | █  | █  | █  | █  | █  | █  | █  | █ |
+---+----+----+----+----+----+----+----+----+----+----+----+----+----+----+----+---+
DEBUG:root:RELATIVE CELL: 0, IM GOING TO DO:
DEBUG:root:voy recto
DEBUG:root:Y 
↑ 
o → X
DEBUG:root:+---+----+----+----+----+----+----+----+----+----+----+----+----+----+----+----+---+
| █ | █  | █  | █  | █  | 19 | █  | █  | █  | █  | █  | █  | █  | █  | █  | █  | █ |
+---+----+----+----+----+----+----+----+----+----+----+----+----+----+----+----+---+
| █ | 22 | 21 | 20 | 19 | 18 | 17 | →  | 15 | 14 | 13 | 12 | 11 | 10 | 11 | 12 | █ |
+---+----+----+----+----+----+----+----+----+----+----+----+----+----+----+----+---+
| █ | 23 | 22 | █  | 20 | 19 | █  | █  | █  | █  | █  | █  | █  | 9  | █  | 11 | █ |
+---+----+----+----+----+----+----+----+----+----+----+----+----+----+----+----+---+
| █ | 24 | 23 | █  | 21 | 20 | █  | 6  | 5  | 4  | 5  | 6  | 7  | 8  | █  | 10 | █ |
+---+----+----+----+----+----+----+----+----+----+----+----+----+----+----+----+---+
| █ | 25 | █  | █  | █  | █  | █  | 7  | █  | 3  | 4  | 5  | 6  | 7  | █  | 9  | █ |
+---+----+----+----+----+----+----+----+----+----+----+----+----+----+----+----+---+
| █ | 26 | █  | 16 | 15 | 14 | █  | 8  | █  | 2  | 3  | 4  | 5  | 6  | █  | 8  | █ |
+---+----+----+----+----+----+----+----+----+----+----+----+----+----+----+----+---+
| █ | 27 | █  | 15 | 14 | 13 | █  | 9  | █  | 1  | 2  | 3  | 4  | 5  | █  | 7  | █ |
+---+----+----+----+----+----+----+----+----+----+----+----+----+----+----+----+---+
| █ | 28 | █  | 14 | 13 | 12 | 11 | 10 | █  | 0  | 1  | 2  | 3  | 4  | 5  | 6  | █ |
+---+----+----+----+----+----+----+----+----+----+----+----+----+----+----+----+---+
| █ | 29 | █  | █  | █  | █  | █  | 11 | █  | 1  | 2  | 3  | 4  | 5  | 6  | 7  | █ |
+---+----+----+----+----+----+----+----+----+----+----+----+----+----+----+----+---+
| █ | 30 | 31 | 32 | 33 | 34 | █  | 12 | █  | 2  | 3  | 4  | 5  | 6  | 7  | 8  | █ |
+---+----+----+----+----+----+----+----+----+----+----+----+----+----+----+----+---+
| █ | █  | █  | █  | █  | █  | █  | █  | █  | █  | █  | █  | █  | █  | █  | █  | █ |
+---+----+----+----+----+----+----+----+----+----+----+----+----+----+----+----+---+
DEBUG:root:RELATIVE CELL: 0, IM GOING TO DO:
DEBUG:root:voy recto
DEBUG:root:Y 
↑ 
o → X
DEBUG:root:+---+----+----+----+----+----+----+----+---+----+----+----+----+----+----+----+---+
| █ | █  | █  | █  | █  | 19 | █  | █  | █ | █  | █  | █  | █  | █  | █  | █  | █ |
+---+----+----+----+----+----+----+----+---+----+----+----+----+----+----+----+---+
| █ | 22 | 21 | 20 | 19 | 18 | 17 | 16 | → | 14 | 13 | 12 | 11 | 10 | 11 | 12 | █ |
+---+----+----+----+----+----+----+----+---+----+----+----+----+----+----+----+---+
| █ | 23 | 22 | █  | 20 | 19 | █  | █  | █ | █  | █  | █  | █  | 9  | █  | 11 | █ |
+---+----+----+----+----+----+----+----+---+----+----+----+----+----+----+----+---+
| █ | 24 | 23 | █  | 21 | 20 | █  | 6  | 5 | 4  | 5  | 6  | 7  | 8  | █  | 10 | █ |
+---+----+----+----+----+----+----+----+---+----+----+----+----+----+----+----+---+
| █ | 25 | █  | █  | █  | █  | █  | 7  | █ | 3  | 4  | 5  | 6  | 7  | █  | 9  | █ |
+---+----+----+----+----+----+----+----+---+----+----+----+----+----+----+----+---+
| █ | 26 | █  | 16 | 15 | 14 | █  | 8  | █ | 2  | 3  | 4  | 5  | 6  | █  | 8  | █ |
+---+----+----+----+----+----+----+----+---+----+----+----+----+----+----+----+---+
| █ | 27 | █  | 15 | 14 | 13 | █  | 9  | █ | 1  | 2  | 3  | 4  | 5  | █  | 7  | █ |
+---+----+----+----+----+----+----+----+---+----+----+----+----+----+----+----+---+
| █ | 28 | █  | 14 | 13 | 12 | 11 | 10 | █ | 0  | 1  | 2  | 3  | 4  | 5  | 6  | █ |
+---+----+----+----+----+----+----+----+---+----+----+----+----+----+----+----+---+
| █ | 29 | █  | █  | █  | █  | █  | 11 | █ | 1  | 2  | 3  | 4  | 5  | 6  | 7  | █ |
+---+----+----+----+----+----+----+----+---+----+----+----+----+----+----+----+---+
| █ | 30 | 31 | 32 | 33 | 34 | █  | 12 | █ | 2  | 3  | 4  | 5  | 6  | 7  | 8  | █ |
+---+----+----+----+----+----+----+----+---+----+----+----+----+----+----+----+---+
| █ | █  | █  | █  | █  | █  | █  | █  | █ | █  | █  | █  | █  | █  | █  | █  | █ |
+---+----+----+----+----+----+----+----+---+----+----+----+----+----+----+----+---+
DEBUG:root:RELATIVE CELL: 0, IM GOING TO DO:
DEBUG:root:voy recto
DEBUG:root:Y 
↑ 
o → X
DEBUG:root:+---+----+----+----+----+----+----+----+----+---+----+----+----+----+----+----+---+
| █ | █  | █  | █  | █  | 19 | █  | █  | █  | █ | █  | █  | █  | █  | █  | █  | █ |
+---+----+----+----+----+----+----+----+----+---+----+----+----+----+----+----+---+
| █ | 22 | 21 | 20 | 19 | 18 | 17 | 16 | 15 | → | 13 | 12 | 11 | 10 | 11 | 12 | █ |
+---+----+----+----+----+----+----+----+----+---+----+----+----+----+----+----+---+
| █ | 23 | 22 | █  | 20 | 19 | █  | █  | █  | █ | █  | █  | █  | 9  | █  | 11 | █ |
+---+----+----+----+----+----+----+----+----+---+----+----+----+----+----+----+---+
| █ | 24 | 23 | █  | 21 | 20 | █  | 6  | 5  | 4 | 5  | 6  | 7  | 8  | █  | 10 | █ |
+---+----+----+----+----+----+----+----+----+---+----+----+----+----+----+----+---+
| █ | 25 | █  | █  | █  | █  | █  | 7  | █  | 3 | 4  | 5  | 6  | 7  | █  | 9  | █ |
+---+----+----+----+----+----+----+----+----+---+----+----+----+----+----+----+---+
| █ | 26 | █  | 16 | 15 | 14 | █  | 8  | █  | 2 | 3  | 4  | 5  | 6  | █  | 8  | █ |
+---+----+----+----+----+----+----+----+----+---+----+----+----+----+----+----+---+
| █ | 27 | █  | 15 | 14 | 13 | █  | 9  | █  | 1 | 2  | 3  | 4  | 5  | █  | 7  | █ |
+---+----+----+----+----+----+----+----+----+---+----+----+----+----+----+----+---+
| █ | 28 | █  | 14 | 13 | 12 | 11 | 10 | █  | 0 | 1  | 2  | 3  | 4  | 5  | 6  | █ |
+---+----+----+----+----+----+----+----+----+---+----+----+----+----+----+----+---+
| █ | 29 | █  | █  | █  | █  | █  | 11 | █  | 1 | 2  | 3  | 4  | 5  | 6  | 7  | █ |
+---+----+----+----+----+----+----+----+----+---+----+----+----+----+----+----+---+
| █ | 30 | 31 | 32 | 33 | 34 | █  | 12 | █  | 2 | 3  | 4  | 5  | 6  | 7  | 8  | █ |
+---+----+----+----+----+----+----+----+----+---+----+----+----+----+----+----+---+
| █ | █  | █  | █  | █  | █  | █  | █  | █  | █ | █  | █  | █  | █  | █  | █  | █ |
+---+----+----+----+----+----+----+----+----+---+----+----+----+----+----+----+---+
DEBUG:root:RELATIVE CELL: 0, IM GOING TO DO:
DEBUG:root:voy recto
DEBUG:root:Y 
↑ 
o → X
DEBUG:root:+---+----+----+----+----+----+----+----+----+----+---+----+----+----+----+----+---+
| █ | █  | █  | █  | █  | 19 | █  | █  | █  | █  | █ | █  | █  | █  | █  | █  | █ |
+---+----+----+----+----+----+----+----+----+----+---+----+----+----+----+----+---+
| █ | 22 | 21 | 20 | 19 | 18 | 17 | 16 | 15 | 14 | → | 12 | 11 | 10 | 11 | 12 | █ |
+---+----+----+----+----+----+----+----+----+----+---+----+----+----+----+----+---+
| █ | 23 | 22 | █  | 20 | 19 | █  | █  | █  | █  | █ | █  | █  | 9  | █  | 11 | █ |
+---+----+----+----+----+----+----+----+----+----+---+----+----+----+----+----+---+
| █ | 24 | 23 | █  | 21 | 20 | █  | 6  | 5  | 4  | 5 | 6  | 7  | 8  | █  | 10 | █ |
+---+----+----+----+----+----+----+----+----+----+---+----+----+----+----+----+---+
| █ | 25 | █  | █  | █  | █  | █  | 7  | █  | 3  | 4 | 5  | 6  | 7  | █  | 9  | █ |
+---+----+----+----+----+----+----+----+----+----+---+----+----+----+----+----+---+
| █ | 26 | █  | 16 | 15 | 14 | █  | 8  | █  | 2  | 3 | 4  | 5  | 6  | █  | 8  | █ |
+---+----+----+----+----+----+----+----+----+----+---+----+----+----+----+----+---+
| █ | 27 | █  | 15 | 14 | 13 | █  | 9  | █  | 1  | 2 | 3  | 4  | 5  | █  | 7  | █ |
+---+----+----+----+----+----+----+----+----+----+---+----+----+----+----+----+---+
| █ | 28 | █  | 14 | 13 | 12 | 11 | 10 | █  | 0  | 1 | 2  | 3  | 4  | 5  | 6  | █ |
+---+----+----+----+----+----+----+----+----+----+---+----+----+----+----+----+---+
| █ | 29 | █  | █  | █  | █  | █  | 11 | █  | 1  | 2 | 3  | 4  | 5  | 6  | 7  | █ |
+---+----+----+----+----+----+----+----+----+----+---+----+----+----+----+----+---+
| █ | 30 | 31 | 32 | 33 | 34 | █  | 12 | █  | 2  | 3 | 4  | 5  | 6  | 7  | 8  | █ |
+---+----+----+----+----+----+----+----+----+----+---+----+----+----+----+----+---+
| █ | █  | █  | █  | █  | █  | █  | █  | █  | █  | █ | █  | █  | █  | █  | █  | █ |
+---+----+----+----+----+----+----+----+----+----+---+----+----+----+----+----+---+
DEBUG:root:RELATIVE CELL: 0, IM GOING TO DO:
DEBUG:root:voy recto
WARNING:root:KeyboardInterrupt raised
WARNING:root:Abruptly stopped the robot!
DEBUG:matplotlib.font_manager:findfont: Matching :family=sans-serif:style=normal:variant=normal:weight=normal:stretch=normal:size=10.0 to DejaVu Sans ('/home/pi/.local/lib/python3.5/site-packages/matplotlib/mpl-data/fonts/ttf/DejaVuSans.ttf') with score of 0.050000.
DEBUG:matplotlib.axes._base:update_title_pos
DEBUG:matplotlib.axes._base:update_title_pos
DEBUG:matplotlib.axes._base:update_title_pos
