INFO:root:Program started
INFO:root:Robot set up!
INFO:root:Odometry was started, PID: 24598:
INFO:root:Initial location: 0.2, 1.8, -1.4707963267948965
DEBUG:root:Y 
↑ 
o → X
WARNING:root:Traceback (most recent call last):
  File "/home/pi/oscar/main.py", line 59, in main
    actions.map.navigateMap(oscar, [0, 4], [4, 1])
  File "/home/pi/oscar/actions/map.py", line 38, in navigateMap
    helpers.map.draw_map(grid, robot, offset_angle/2, arr_pos, True)
  File "/home/pi/oscar/helpers/map.py", line 22, in draw_map
    ascii_grid[int(pos[0])][int(pos[1])] = arrow_list[int(direction)]
IndexError: list index out of range

WARNING:root:Abruptly stopped the robot!
INFO:root:Odometry was stopped
DEBUG:matplotlib.font_manager:findfont: Matching :family=sans-serif:style=normal:variant=normal:weight=normal:stretch=normal:size=10.0 to DejaVu Sans ('/home/pi/.local/lib/python3.5/site-packages/matplotlib/mpl-data/fonts/ttf/DejaVuSans.ttf') with score of 0.050000.
DEBUG:matplotlib.axes._base:update_title_pos
DEBUG:matplotlib.axes._base:update_title_pos
DEBUG:matplotlib.axes._base:update_title_pos
