INFO:root:Program started
INFO:root:Robot set up!
INFO:root:Odometry was started, PID: 26833:
INFO:root:Initial location: 0.2, 1.8, 3.141592653589793
DEBUG:root:GOLES
DEBUG:root:[1. 1.]
DEBUG:root:my offset is 6 and my angle is 3.141592653589793
DEBUG:root:Y 
↑ 
o → X      MY POSITION IS [0.2, 1.8, 3.141592653589793]
DEBUG:root:+---+----+----+----+----+----+----+----+----+----+----+---+---+---+----+----+---+
| █ | █  | █  | █  | █  | █  | █  | █  | █  | █  | █  | █ | █ | █ | █  | █  | █ |
+---+----+----+----+----+----+----+----+----+----+----+---+---+---+----+----+---+
| █ | ←  | 18 | 17 | 16 | 15 | 14 | 13 | 12 | 11 | 10 | 9 | 8 | 7 | 8  | 9  | █ |
+---+----+----+----+----+----+----+----+----+----+----+---+---+---+----+----+---+
| █ | 18 | 17 | 16 | 15 | 14 | █  | █  | █  | █  | █  | █ | █ | 6 | █  | 10 | █ |
+---+----+----+----+----+----+----+----+----+----+----+---+---+---+----+----+---+
| █ | 17 | 16 | 15 | 14 | 13 | █  | 3  | 2  | 1  | 2  | 3 | 4 | 5 | █  | 11 | █ |
+---+----+----+----+----+----+----+----+----+----+----+---+---+---+----+----+---+
| █ | 18 | █  | 14 | 13 | 12 | █  | 4  | █  | 0  | 1  | 2 | 3 | 4 | █  | 12 | █ |
+---+----+----+----+----+----+----+----+----+----+----+---+---+---+----+----+---+
| █ | 19 | █  | 13 | 12 | 11 | █  | 5  | █  | 1  | 2  | 3 | 4 | 5 | █  | 11 | █ |
+---+----+----+----+----+----+----+----+----+----+----+---+---+---+----+----+---+
| █ | 20 | █  | 12 | 11 | 10 | █  | 6  | █  | 2  | 3  | 4 | 5 | 6 | █  | 10 | █ |
+---+----+----+----+----+----+----+----+----+----+----+---+---+---+----+----+---+
| █ | 21 | █  | 11 | 10 | 9  | 8  | 7  | █  | 3  | 4  | 5 | 6 | 7 | 8  | 9  | █ |
+---+----+----+----+----+----+----+----+----+----+----+---+---+---+----+----+---+
| █ | 22 | █  | █  | █  | █  | █  | 8  | █  | 4  | 5  | 6 | 7 | 8 | 9  | 10 | █ |
+---+----+----+----+----+----+----+----+----+----+----+---+---+---+----+----+---+
| █ | 23 | 24 | 25 | 26 | 27 | █  | 9  | █  | 5  | 6  | 7 | 8 | 9 | 10 | 11 | █ |
+---+----+----+----+----+----+----+----+----+----+----+---+---+---+----+----+---+
| █ | █  | █  | █  | █  | █  | █  | █  | █  | █  | █  | █ | █ | █ | █  | █  | █ |
+---+----+----+----+----+----+----+----+----+----+----+---+---+---+----+----+---+
DEBUG:root:r move is 5
DEBUG:root:[8.  5.  0.4]
DEBUG:root:[2. 2.]
DEBUG:root:giro izquierda y arco a la izquierda
DEBUG:root:LA R ES: -0.2000000059604667
DEBUG:root:ole ole terminao
DEBUG:root:[2. 0.]
DEBUG:root:my offset is 6 and my angle is -3.0892327760299634
DEBUG:root:Y 
↑ 
o → X      MY POSITION IS [0.025271601668878863, 1.610858530496276, -3.0892327760299634]
DEBUG:root:+---+----+----+----+----+----+----+----+----+----+----+---+---+---+----+----+---+
| █ | █  | █  | █  | █  | █  | █  | █  | █  | █  | █  | █ | █ | █ | █  | █  | █ |
+---+----+----+----+----+----+----+----+----+----+----+---+---+---+----+----+---+
| █ | 19 | 18 | 17 | 16 | 15 | 14 | 13 | 12 | 11 | 10 | 9 | 8 | 7 | 8  | 9  | █ |
+---+----+----+----+----+----+----+----+----+----+----+---+---+---+----+----+---+
| ← | 18 | 17 | 16 | 15 | 14 | █  | █  | █  | █  | █  | █ | █ | 6 | █  | 10 | █ |
+---+----+----+----+----+----+----+----+----+----+----+---+---+---+----+----+---+
| █ | 17 | 16 | 15 | 14 | 13 | █  | 3  | 2  | 1  | 2  | 3 | 4 | 5 | █  | 11 | █ |
+---+----+----+----+----+----+----+----+----+----+----+---+---+---+----+----+---+
| █ | 18 | █  | 14 | 13 | 12 | █  | 4  | █  | 0  | 1  | 2 | 3 | 4 | █  | 12 | █ |
+---+----+----+----+----+----+----+----+----+----+----+---+---+---+----+----+---+
| █ | 19 | █  | 13 | 12 | 11 | █  | 5  | █  | 1  | 2  | 3 | 4 | 5 | █  | 11 | █ |
+---+----+----+----+----+----+----+----+----+----+----+---+---+---+----+----+---+
| █ | 20 | █  | 12 | 11 | 10 | █  | 6  | █  | 2  | 3  | 4 | 5 | 6 | █  | 10 | █ |
+---+----+----+----+----+----+----+----+----+----+----+---+---+---+----+----+---+
| █ | 21 | █  | 11 | 10 | 9  | 8  | 7  | █  | 3  | 4  | 5 | 6 | 7 | 8  | 9  | █ |
+---+----+----+----+----+----+----+----+----+----+----+---+---+---+----+----+---+
| █ | 22 | █  | █  | █  | █  | █  | 8  | █  | 4  | 5  | 6 | 7 | 8 | 9  | 10 | █ |
+---+----+----+----+----+----+----+----+----+----+----+---+---+---+----+----+---+
| █ | 23 | 24 | 25 | 26 | 27 | █  | 9  | █  | 5  | 6  | 7 | 8 | 9 | 10 | 11 | █ |
+---+----+----+----+----+----+----+----+----+----+----+---+---+---+----+----+---+
| █ | █  | █  | █  | █  | █  | █  | █  | █  | █  | █  | █ | █ | █ | █  | █  | █ |
+---+----+----+----+----+----+----+----+----+----+----+---+---+---+----+----+---+
WARNING:root:Traceback (most recent call last):
  File "/home/pi/oscar/main.py", line 58, in main
    actions.map.navigateMap(oscar, [0, 4], [4, 1])
  File "/home/pi/oscar/actions/map.py", line 51, in navigateMap
    [relative_move, abs_destination, clockwise] = helpers.map.next_cell(grid, moves, offset_angle, arr_pos, smallest_value)  # sacamos la siguiente celda a la que tenemos que ir!
  File "/home/pi/oscar/helpers/map.py", line 76, in next_cell
    return relative_move, abs_destination, clockwise
UnboundLocalError: local variable 'relative_move' referenced before assignment

WARNING:root:Abruptly stopped the robot!
INFO:root:Odometry was stopped
