INFO:root:Program started
INFO:root:Robot set up!
INFO:root:Odometry was started, PID: 6704:
INFO:root:Initial location: 0.2, 1.8, 3.141592653589793
DEBUG:root:my offset is 6 and my angle is 3.141592653589793
DEBUG:root:Y 
↑ 
o → X
DEBUG:root:+---+----+----+----+----+----+----+----+----+----+----+----+----+----+----+----+---+
| █ | █  | █  | █  | █  | █  | █  | █  | █  | █  | █  | █  | █  | █  | █  | █  | █ |
+---+----+----+----+----+----+----+----+----+----+----+----+----+----+----+----+---+
| █ | ←  | 13 | 12 | 11 | 10 | 11 | 12 | 13 | 14 | 15 | 16 | 15 | 14 | 15 | 16 | █ |
+---+----+----+----+----+----+----+----+----+----+----+----+----+----+----+----+---+
| █ | 13 | 12 | 11 | 10 | 9  | █  | █  | █  | █  | █  | █  | █  | 13 | █  | 17 | █ |
+---+----+----+----+----+----+----+----+----+----+----+----+----+----+----+----+---+
| █ | 12 | 11 | 10 | 9  | 8  | █  | 6  | 7  | 8  | 9  | 10 | 11 | 12 | █  | 18 | █ |
+---+----+----+----+----+----+----+----+----+----+----+----+----+----+----+----+---+
| █ | 13 | █  | 9  | 8  | 7  | █  | 5  | █  | 9  | 10 | 11 | 12 | 13 | █  | 19 | █ |
+---+----+----+----+----+----+----+----+----+----+----+----+----+----+----+----+---+
| █ | 14 | █  | 8  | 7  | 6  | █  | 4  | █  | 10 | 11 | 12 | 13 | 14 | █  | 20 | █ |
+---+----+----+----+----+----+----+----+----+----+----+----+----+----+----+----+---+
| █ | 15 | █  | 7  | 6  | 5  | █  | 3  | █  | 11 | 12 | 13 | 14 | 15 | █  | 19 | █ |
+---+----+----+----+----+----+----+----+----+----+----+----+----+----+----+----+---+
| █ | 16 | █  | 6  | 5  | 4  | 3  | 2  | █  | 12 | 13 | 14 | 15 | 16 | 17 | 18 | █ |
+---+----+----+----+----+----+----+----+----+----+----+----+----+----+----+----+---+
| █ | 17 | █  | █  | █  | █  | █  | 1  | █  | 13 | 14 | 15 | 16 | 17 | 18 | 19 | █ |
+---+----+----+----+----+----+----+----+----+----+----+----+----+----+----+----+---+
| █ | 18 | 19 | 20 | 21 | 22 | █  | 0  | █  | 14 | 15 | 16 | 17 | 18 | 19 | 20 | █ |
+---+----+----+----+----+----+----+----+----+----+----+----+----+----+----+----+---+
| █ | █  | █  | █  | █  | █  | █  | █  | █  | █  | █  | █  | █  | █  | █  | █  | █ |
+---+----+----+----+----+----+----+----+----+----+----+----+----+----+----+----+---+
WARNING:root:Traceback (most recent call last):
  File "/home/pi/oscar/main.py", line 56, in main
    actions.map.navigateMap(oscar, [0, 4], [4, 1])
  File "/home/pi/oscar/actions/map.py", line 50, in navigateMap
    arrived = go_to_cell(robot, map, size, relative_move, abs_destination, clockwise)   # recorremos el mapa hasta llegar a la siguiente celda
  File "/home/pi/oscar/actions/map.py", line 106, in go_to_cell
    goal = helpers.map.array2pos(map_size, map, goal)
  File "/home/pi/oscar/helpers/map.py", line 127, in array2pos
    pos[0] = cell[0]/2 * map_size[2]
TypeError: 'int' object is not subscriptable

WARNING:root:Abruptly stopped the robot!
INFO:root:Odometry was stopped
