INFO:root:Program started
INFO:root:Robot set up!
INFO:root:Odometry was started, PID: 14188:
INFO:root:Initial location: 0.2, 1.8, 3.141592653589793
DEBUG:root:GOLES
DEBUG:root:my offset is 6 and my angle is 3.141592653589793
DEBUG:root:Y 
↑ 
o → X
DEBUG:root:+---+----+----+----+----+----+---+----+----+----+----+----+----+----+----+----+---+
| █ | █  | █  | █  | █  | █  | █ | █  | █  | █  | █  | █  | █  | █  | █  | █  | █ |
+---+----+----+----+----+----+---+----+----+----+----+----+----+----+----+----+---+
| █ | ←  | 11 | 10 | 9  | 8  | 9 | 10 | 11 | 12 | 13 | 14 | 13 | 12 | 13 | 14 | █ |
+---+----+----+----+----+----+---+----+----+----+----+----+----+----+----+----+---+
| █ | 11 | 10 | 9  | 8  | 7  | █ | █  | █  | █  | █  | █  | █  | 11 | █  | 15 | █ |
+---+----+----+----+----+----+---+----+----+----+----+----+----+----+----+----+---+
| █ | 10 | 9  | 8  | 7  | 6  | █ | 4  | 5  | 6  | 7  | 8  | 9  | 10 | █  | 16 | █ |
+---+----+----+----+----+----+---+----+----+----+----+----+----+----+----+----+---+
| █ | 11 | █  | 7  | 6  | 5  | █ | 3  | █  | 7  | 8  | 9  | 10 | 11 | █  | 17 | █ |
+---+----+----+----+----+----+---+----+----+----+----+----+----+----+----+----+---+
| █ | 12 | █  | 6  | 5  | 4  | █ | 2  | █  | 8  | 9  | 10 | 11 | 12 | █  | 18 | █ |
+---+----+----+----+----+----+---+----+----+----+----+----+----+----+----+----+---+
| █ | 13 | █  | 5  | 4  | 3  | █ | 1  | █  | 9  | 10 | 11 | 12 | 13 | █  | 17 | █ |
+---+----+----+----+----+----+---+----+----+----+----+----+----+----+----+----+---+
| █ | 14 | █  | 4  | 3  | 2  | 1 | 0  | █  | 0  | 11 | 12 | 13 | 14 | 15 | 16 | █ |
+---+----+----+----+----+----+---+----+----+----+----+----+----+----+----+----+---+
| █ | 15 | █  | █  | █  | █  | █ | █  | █  | 13 | 12 | 13 | 14 | 15 | 16 | 17 | █ |
+---+----+----+----+----+----+---+----+----+----+----+----+----+----+----+----+---+
| █ | 16 | 17 | 18 | 19 | 20 | █ | 0  | █  | 14 | 13 | 14 | 15 | 16 | 17 | 18 | █ |
+---+----+----+----+----+----+---+----+----+----+----+----+----+----+----+----+---+
| █ | █  | █  | █  | █  | █  | █ | █  | █  | █  | █  | █  | █  | █  | █  | █  | █ |
+---+----+----+----+----+----+---+----+----+----+----+----+----+----+----+----+---+
DEBUG:root:r move is 5
DEBUG:root:[8.  5.  0.4]
DEBUG:root:[2. 2.]
DEBUG:root:giro izquierda y arco a la izquierda
DEBUG:root:1.5707963267948966
DEBUG:root:-1.5707963267948966
WARNING:root:KeyboardInterrupt raised
WARNING:root:Abruptly stopped the robot!
INFO:root:Odometry was stopped
DEBUG:matplotlib.axes._base:update_title_pos
DEBUG:matplotlib.font_manager:findfont: Matching :family=sans-serif:style=normal:variant=normal:weight=normal:stretch=normal:size=10.0 to DejaVu Sans ('/home/pi/.local/lib/python3.5/site-packages/matplotlib/mpl-data/fonts/ttf/DejaVuSans.ttf') with score of 0.050000.
DEBUG:matplotlib.axes._base:update_title_pos
