INFO:root:Program started
INFO:root:Robot set up!
INFO:root:Odometry was started, PID: 18740:
INFO:root:Initial location: 0.1, 0.9, 0.0
DEBUG:root:Y 
↑ 
o → X
DEBUG:root:+---+----+----+----+----+----+----+----+----+----+----+----+----+----+----+----+---+
| █ | █  | █  | █  | █  | █  | █  | █  | █  | █  | █  | █  | █  | █  | █  | █  | █ |
+---+----+----+----+----+----+----+----+----+----+----+----+----+----+----+----+---+
| █ | →  | 13 | 12 | 11 | 10 | 11 | 12 | 13 | 14 | 15 | 16 | 15 | 14 | 15 | 16 | █ |
+---+----+----+----+----+----+----+----+----+----+----+----+----+----+----+----+---+
| █ | 13 | 12 | 11 | 10 | 9  | █  | █  | █  | █  | █  | █  | █  | 13 | █  | 17 | █ |
+---+----+----+----+----+----+----+----+----+----+----+----+----+----+----+----+---+
| █ | 12 | 11 | 10 | 9  | 8  | █  | 6  | 7  | 8  | 9  | 10 | 11 | 12 | █  | 18 | █ |
+---+----+----+----+----+----+----+----+----+----+----+----+----+----+----+----+---+
| █ | 13 | █  | 9  | 8  | 7  | █  | 5  | █  | 9  | 10 | 11 | 12 | 13 | █  | 19 | █ |
+---+----+----+----+----+----+----+----+----+----+----+----+----+----+----+----+---+
| █ | 14 | █  | 8  | 7  | 6  | █  | 4  | █  | 10 | 11 | 12 | 13 | 14 | █  | 20 | █ |
+---+----+----+----+----+----+----+----+----+----+----+----+----+----+----+----+---+
| █ | 15 | █  | 7  | 6  | 5  | █  | 3  | █  | 11 | 12 | 13 | 14 | 15 | █  | 19 | █ |
+---+----+----+----+----+----+----+----+----+----+----+----+----+----+----+----+---+
| █ | 16 | █  | 6  | 5  | 4  | 3  | 2  | █  | 12 | 13 | 14 | 15 | 16 | 17 | 18 | █ |
+---+----+----+----+----+----+----+----+----+----+----+----+----+----+----+----+---+
| █ | 17 | █  | █  | █  | █  | █  | 1  | █  | 13 | 14 | 15 | 16 | 17 | 18 | 19 | █ |
+---+----+----+----+----+----+----+----+----+----+----+----+----+----+----+----+---+
| █ | 18 | 19 | 20 | 21 | 22 | █  | 0  | █  | 14 | 15 | 16 | 17 | 18 | 19 | 20 | █ |
+---+----+----+----+----+----+----+----+----+----+----+----+----+----+----+----+---+
| █ | █  | █  | █  | █  | █  | █  | █  | █  | █  | █  | █  | █  | █  | █  | █  | █ |
+---+----+----+----+----+----+----+----+----+----+----+----+----+----+----+----+---+
DEBUG:root:MY OFFSET VALUE IS 2
DEBUG:root:im considering 0 (2, [1. 2.]) w/ grid value 13.0
DEBUG:root:MY OFFSET VALUE IS 2
DEBUG:root:im considering 1 (3, [2. 2.]) w/ grid value 12.0
DEBUG:root:indexes are 2, 4
DEBUG:root:NEW indexes are 2, 4
DEBUG:root:MY OFFSET VALUE IS 2
DEBUG:root:im considering 2 (4, [2. 1.]) w/ grid value 13.0
DEBUG:root:MY OFFSET VALUE IS 2
DEBUG:root:im considering 3 (5, [2. 0.]) w/ grid value -1.0
DEBUG:root:MY OFFSET VALUE IS 2
DEBUG:root:im considering 4 (6, [1. 0.]) w/ grid value -1.0
DEBUG:root:MY OFFSET VALUE IS 2
DEBUG:root:im considering 5 (7, [0. 0.]) w/ grid value -1.0
DEBUG:root:MY OFFSET VALUE IS 2
DEBUG:root:im considering 6 (0, [0. 1.]) w/ grid value -1.0
DEBUG:root:MY OFFSET VALUE IS 2
DEBUG:root:im considering 7 (1, [0. 2.]) w/ grid value -1.0
DEBUG:root:RELATIVE CELL: 1, IM GOING TO DO:
DEBUG:root:arco a la derecha
DEBUG:root:LA R ES: -0.7000000000000001
WARNING:root:KeyboardInterrupt raised
WARNING:root:Abruptly stopped the robot!
INFO:root:Odometry was stopped
DEBUG:matplotlib.axes._base:update_title_pos
DEBUG:matplotlib.font_manager:findfont: Matching :family=sans-serif:style=normal:variant=normal:weight=normal:stretch=normal:size=10.0 to DejaVu Sans ('/home/pi/.local/lib/python3.5/site-packages/matplotlib/mpl-data/fonts/ttf/DejaVuSans.ttf') with score of 0.050000.
DEBUG:matplotlib.axes._base:update_title_pos
