INFO:root:MAIN: Program started
DEBUG:root:GENERATE_GRID: no hay que mezclar
INFO:root:ROBOT: Robot set up!
INFO:root:ROBOT: Odometry was started, PID: 7209:
INFO:root:MAIN: Initial location: 2.2, 2.6, -1.5707963267948966
INFO:root:*---------------------------------------------------------------------------*
INFO:root:Searching the ball...
INFO:root:Found the ball! Approaching...
INFO:root:Approaching the ball...
INFO:root:Close enough to the ball, size is: 30.684520721435547
INFO:root:Centering the ball...
INFO:root:The ball's x position is: 146.91549682617188
INFO:root:The ball's x position is: 151.2546844482422
INFO:root:The ball's x position is: 153.58016967773438
INFO:root:The ball's x position is: 156.27012634277344
WARNING:root:Lost the ball! Searching agan...
INFO:root:Searching the ball...
INFO:root:Found the ball! Approaching...
INFO:root:Approaching the ball...
INFO:root:Close enough to the ball, size is: 30.156843185424805
INFO:root:Centering the ball...
INFO:root:The ball's x position is: 80.21300506591797
INFO:root:Ball centered and ready to be catched!
INFO:root:Grabbing the ball...
INFO:root:The distance to be covered is: 0.19999999999999998 meters
DEBUG:root:BALL grab_ball: encoder value is 0
WARNING:root:Didn't get the ball :(
INFO:root:Searching the ball...
INFO:root:Found the ball! Approaching...
INFO:root:Approaching the ball...
INFO:root:Close enough to the ball, size is: 30.680477142333984
INFO:root:Centering the ball...
INFO:root:The ball's x position is: 77.44170379638672
INFO:root:The ball's x position is: 76.44012451171875
INFO:root:The ball's x position is: 74.8963851928711
INFO:root:The ball's x position is: 98.80050659179688
INFO:root:The ball's x position is: 98.5
INFO:root:The ball's x position is: 98.16981506347656
INFO:root:The ball's x position is: 97.98412322998047
INFO:root:The ball's x position is: 98.18251037597656
INFO:root:The ball's x position is: 27.199125289916992
INFO:root:The ball's x position is: 48.05189895629883
INFO:root:The ball's x position is: 98.60712432861328
INFO:root:The ball's x position is: 95.88107299804688
INFO:root:The ball's x position is: 95.38520050048828
INFO:root:The ball's x position is: 149.18199157714844
INFO:root:The ball's x position is: 148.17379760742188
INFO:root:The ball's x position is: 146.13980102539062
INFO:root:The ball's x position is: 94.3511734008789
INFO:root:The ball's x position is: 124.44408416748047
INFO:root:The ball's x position is: 87.98844146728516
INFO:root:The ball's x position is: 77.4101333618164
INFO:root:The ball's x position is: 96.2868423461914
INFO:root:The ball's x position is: 92.06796264648438
INFO:root:The ball's x position is: 89.83515167236328
INFO:root:The ball's x position is: 88.38080596923828
INFO:root:The ball's x position is: 86.50582885742188
INFO:root:The ball's x position is: 83.71232604980469
INFO:root:The ball's x position is: 78.58323669433594
INFO:root:Ball centered and ready to be catched!
INFO:root:Grabbing the ball...
INFO:root:The distance to be covered is: 0.07 meters
DEBUG:root:BALL grab_ball: encoder value is 0
WARNING:root:Didn't get the ball :(
INFO:root:Searching the ball...
INFO:root:Found the ball! Approaching...
INFO:root:Approaching the ball...
WARNING:root:Lost the ball! Searching again...
INFO:root:Searching the ball...
INFO:root:Found the ball! Approaching...
INFO:root:Approaching the ball...
INFO:root:Close enough to the ball, size is: 38.52083206176758
INFO:root:Centering the ball...
INFO:root:The ball's x position is: 28.001415252685547
INFO:root:The ball's x position is: 83.47598266601562
INFO:root:The ball's x position is: 84.35875701904297
INFO:root:The ball's x position is: 83.72233581542969
INFO:root:The ball's x position is: 76.80226135253906
INFO:root:The ball's x position is: 75.21533203125
INFO:root:The ball's x position is: 75.00373840332031
INFO:root:The ball's x position is: 71.56974792480469
INFO:root:The ball's x position is: 69.1665267944336
INFO:root:The ball's x position is: 66.1587905883789
INFO:root:The ball's x position is: 63.554500579833984
INFO:root:The ball's x position is: 60.50991439819336
INFO:root:The ball's x position is: 57.317386627197266
INFO:root:The ball's x position is: 52.265289306640625
INFO:root:The ball's x position is: 50.42346954345703
INFO:root:The ball's x position is: 48.32267379760742
INFO:root:The ball's x position is: 46.934295654296875
INFO:root:The ball's x position is: 46.796592712402344
INFO:root:The ball's x position is: 46.94400405883789
INFO:root:The ball's x position is: 47.29121398925781
INFO:root:The ball's x position is: 48.296226501464844
INFO:root:The ball's x position is: 49.357749938964844
INFO:root:The ball's x position is: 50.89496994018555
INFO:root:The ball's x position is: 51.82927703857422
INFO:root:The ball's x position is: 52.93022918701172
INFO:root:The ball's x position is: 54.149658203125
INFO:root:The ball's x position is: 56.44723129272461
INFO:root:The ball's x position is: 57.15970230102539
INFO:root:The ball's x position is: 59.89828872680664
INFO:root:The ball's x position is: 61.53960418701172
INFO:root:The ball's x position is: 62.594451904296875
INFO:root:The ball's x position is: 65.79922485351562
INFO:root:The ball's x position is: 67.48139190673828
INFO:root:The ball's x position is: 69.06808471679688
INFO:root:The ball's x position is: 70.73193359375
INFO:root:The ball's x position is: 74.1810531616211
INFO:root:The ball's x position is: 76.05731964111328
INFO:root:The ball's x position is: 77.91118621826172
INFO:root:The ball's x position is: 79.19022369384766
INFO:root:Ball centered and ready to be catched!
INFO:root:Grabbing the ball...
INFO:root:Searching the ball...
INFO:root:Found the ball! Approaching...
INFO:root:Approaching the ball...
INFO:root:Close enough to the ball, size is: 33.74479675292969
INFO:root:Centering the ball...
INFO:root:The ball's x position is: 97.24238586425781
INFO:root:The ball's x position is: 98.73978424072266
INFO:root:The ball's x position is: 133.96311950683594
INFO:root:The ball's x position is: 93.68318939208984
INFO:root:The ball's x position is: 93.52201843261719
INFO:root:The ball's x position is: 95.24344635009766
INFO:root:The ball's x position is: 97.30696105957031
INFO:root:The ball's x position is: 99.26020812988281
INFO:root:The ball's x position is: 105.1491470336914
INFO:root:The ball's x position is: 108.34461975097656
INFO:root:The ball's x position is: 111.81571960449219
INFO:root:The ball's x position is: 115.17914581298828
INFO:root:The ball's x position is: 117.5162582397461
INFO:root:The ball's x position is: 120.40380096435547
INFO:root:The ball's x position is: 123.75103759765625
INFO:root:The ball's x position is: 129.67726135253906
INFO:root:The ball's x position is: 135.4447479248047
INFO:root:The ball's x position is: 137.4737091064453
INFO:root:The ball's x position is: 140.44703674316406
INFO:root:The ball's x position is: 144.01974487304688
INFO:root:The ball's x position is: 147.5276641845703
INFO:root:The ball's x position is: 155.1328582763672
WARNING:root:Lost the ball! Searching agan...
INFO:root:Searching the ball...
INFO:root:Found the ball! Approaching...
INFO:root:Approaching the ball...
WARNING:root:Lost the ball! Searching again...
INFO:root:Searching the ball...
INFO:root:Found the ball! Approaching...
INFO:root:Approaching the ball...
WARNING:root:Lost the ball! Searching again...
INFO:root:Searching the ball...
INFO:root:Found the ball! Approaching...
INFO:root:Approaching the ball...
WARNING:root:Lost the ball! Searching again...
INFO:root:Searching the ball...
INFO:root:Found the ball! Approaching...
INFO:root:Approaching the ball...
WARNING:root:Lost the ball! Searching again...
INFO:root:Searching the ball...
INFO:root:Found the ball! Approaching...
INFO:root:Approaching the ball...
WARNING:root:Lost the ball! Searching again...
INFO:root:Searching the ball...
INFO:root:Found the ball! Approaching...
INFO:root:Approaching the ball...
INFO:root:Close enough to the ball, size is: 47.76714324951172
INFO:root:Centering the ball...
INFO:root:The ball's x position is: 148.19708251953125
WARNING:root:Lost the ball! Searching agan...
INFO:root:Searching the ball...
INFO:root:Found the ball! Approaching...
INFO:root:Approaching the ball...
INFO:root:Close enough to the ball, size is: 35.350154876708984
INFO:root:Centering the ball...
WARNING:root:Lost the ball! Searching agan...
INFO:root:Searching the ball...
INFO:root:Found the ball! Approaching...
INFO:root:Approaching the ball...
INFO:root:Close enough to the ball, size is: 30.753376007080078
INFO:root:Centering the ball...
INFO:root:The ball's x position is: 75.0757064819336
INFO:root:The ball's x position is: 73.9654769897461
INFO:root:The ball's x position is: 72.40386199951172
INFO:root:The ball's x position is: 71.33373260498047
INFO:root:The ball's x position is: 69.43522644042969
INFO:root:The ball's x position is: 66.09540557861328
WARNING:root:Lost the ball! Searching agan...
INFO:root:Searching the ball...
INFO:root:Found the ball! Approaching...
INFO:root:Approaching the ball...
INFO:root:Close enough to the ball, size is: 31.8320255279541
INFO:root:Centering the ball...
INFO:root:The ball's x position is: 108.20848083496094
INFO:root:The ball's x position is: 106.95280456542969
INFO:root:The ball's x position is: 80.06338500976562
INFO:root:Ball centered and ready to be catched!
INFO:root:Grabbing the ball...
INFO:root:Searching the ball...
INFO:root:Found the ball! Approaching...
INFO:root:Approaching the ball...
INFO:root:Close enough to the ball, size is: 31.417139053344727
INFO:root:Centering the ball...
INFO:root:The ball's x position is: 80.0843734741211
INFO:root:Ball centered and ready to be catched!
INFO:root:Grabbing the ball...
INFO:root:The distance to be covered is: 0.18999999999999997 meters
DEBUG:root:BALL grab_ball: encoder value is 0
WARNING:root:Didn't get the ball :(
INFO:root:Searching the ball...
INFO:root:Found the ball! Approaching...
INFO:root:Approaching the ball...
INFO:root:Close enough to the ball, size is: 31.737144470214844
INFO:root:Centering the ball...
INFO:root:The ball's x position is: 82.19477844238281
INFO:root:The ball's x position is: 83.1242446899414
INFO:root:The ball's x position is: 84.04385375976562
INFO:root:The ball's x position is: 34.95102310180664
INFO:root:The ball's x position is: 48.91166687011719
INFO:root:The ball's x position is: 33.35292434692383
INFO:root:The ball's x position is: 36.36231231689453
INFO:root:The ball's x position is: 39.07868194580078
INFO:root:The ball's x position is: 42.94853210449219
INFO:root:The ball's x position is: 54.04254913330078
INFO:root:The ball's x position is: 59.650543212890625
INFO:root:The ball's x position is: 60.117679595947266
INFO:root:The ball's x position is: 63.71138000488281
INFO:root:The ball's x position is: 69.49027252197266
INFO:root:The ball's x position is: 73.86453247070312
INFO:root:The ball's x position is: 79.2420883178711
INFO:root:Ball centered and ready to be catched!
INFO:root:Grabbing the ball...
INFO:root:Searching the ball...
INFO:root:Found the ball! Approaching...
INFO:root:Approaching the ball...
INFO:root:Close enough to the ball, size is: 60.681907653808594
INFO:root:Centering the ball...
INFO:root:The ball's x position is: 76.61492156982422
INFO:root:The ball's x position is: 74.29933166503906
INFO:root:The ball's x position is: 76.3789291381836
WARNING:root:Lost the ball! Searching agan...
INFO:root:Searching the ball...
INFO:root:Found the ball! Approaching...
INFO:root:Approaching the ball...
INFO:root:Close enough to the ball, size is: 31.043245315551758
INFO:root:Centering the ball...
INFO:root:The ball's x position is: 49.239585876464844
INFO:root:The ball's x position is: 32.47294998168945
INFO:root:The ball's x position is: 48.36701202392578
INFO:root:The ball's x position is: 61.249664306640625
INFO:root:The ball's x position is: 61.4879150390625
WARNING:root:Lost the ball! Searching agan...
INFO:root:Searching the ball...
INFO:root:Found the ball! Approaching...
INFO:root:Approaching the ball...
WARNING:root:Lost the ball! Searching again...
INFO:root:Searching the ball...
INFO:root:Found the ball! Approaching...
INFO:root:Approaching the ball...
INFO:root:Close enough to the ball, size is: 57.64527130126953
INFO:root:Centering the ball...
INFO:root:The ball's x position is: 69.23193359375
INFO:root:The ball's x position is: 63.92932891845703
INFO:root:The ball's x position is: 60.45772933959961
INFO:root:The ball's x position is: 66.24925231933594
INFO:root:The ball's x position is: 64.64962005615234
INFO:root:The ball's x position is: 72.01821899414062
INFO:root:The ball's x position is: 77.8092041015625
INFO:root:The ball's x position is: 77.02339172363281
INFO:root:The ball's x position is: 97.12370300292969
INFO:root:The ball's x position is: 81.03428649902344
INFO:root:Ball centered and ready to be catched!
INFO:root:Grabbing the ball...
INFO:root:The distance to be covered is: 0.13 meters
DEBUG:root:BALL grab_ball: encoder value is 5
INFO:root:Got the ball!
INFO:root:Odometry was stopped
DEBUG:matplotlib.font_manager:findfont: Matching :family=sans-serif:style=normal:variant=normal:weight=normal:stretch=normal:size=10.0 to DejaVu Sans ('/home/pi/.local/lib/python3.5/site-packages/matplotlib/mpl-data/fonts/ttf/DejaVuSans.ttf') with score of 0.050000.
DEBUG:matplotlib.axes._base:update_title_pos
DEBUG:matplotlib.axes._base:update_title_pos
DEBUG:matplotlib.axes._base:update_title_pos
