INFO:root:MAIN: Program started
DEBUG:root:GENERATE_GRID: goal_k is: 0
 goals: [0, 0, 0]
DEBUG:root:GENERATE_GRID: no hay que mezclar
DEBUG:root:GENERATE_GRID: final grid value:
 [[ 0.  1. -1. -1. -1. -1. -1.  9. -1. -1. -1. 29. -1. -1. -1.]
 [-1.  2.  3.  4.  5.  6.  7.  8. -1. 26. 27. 28. 29. 30. -1.]
 [-1.  3.  4.  5.  6.  7.  8.  9. -1. 25. 26. -1. 30. 29. -1.]
 [-1.  4.  5.  6.  7.  8.  9. 10. -1. 24. -1. -1. -1. 28. -1.]
 [-1.  5.  6.  7.  8.  9. 10. 11. -1. 23. 24. -1. 26. 27. -1.]
 [-1.  6.  7.  8.  9. 10. 11. 12. -1. 22. 23. 24. 25. 26. -1.]
 [-1.  7.  8.  9. 10. 11. 12. 13. -1. 21. 22. -1. 26. 25. -1.]
 [-1.  8.  9. 10. 11. 12. 13. 14. -1. 20. -1. -1. -1. 24. -1.]
 [-1.  9. -1. -1. -1. -1. -1. 15. -1. 19. 20. -1. 22. 23. -1.]
 [-1. 10. 11. 12. 13. 14. 15. 16. 17. 18. 19. 20. 21. 22. -1.]
 [-1. 11. 12. 13. 14. 15. 16. 17. 18. 19. 20. 21. 22. 23. -1.]
 [-1. 12. 13. 14. 15. 16. 17. 18. 19. 20. 21. 22. 23. 24. -1.]
 [-1. 13. 14. 15. 16. 17. 18. 19. 20. 21. 22. 23. 24. 25. -1.]
 [-1. 14. 15. 16. 17. 18. 19. 20. 21. 22. 23. 24. 25. 26. -1.]
 [-1. -1. -1. -1. -1. -1. -1. -1. -1. -1. -1. -1. -1. -1. -1.]]
INFO:root:ROBOT: Robot set up!
INFO:root:ROBOT: Odometry was started, PID: 24189:
INFO:root:MAIN: Initial location: 2.2, 2.6, -1.5707963267948966


INFO:root:MAIN: The floor is BLACK
INFO:root:ROBOT setMapByColor: Tile color is black, setting map B
INFO:root:ROBOT forceNewPosition: Updating position to [2.2, 3]
DEBUG:root:-3.1066860685499065
DEBUG:root:-3.1066860685499065
DEBUG:root:-3.1066860685499065
DEBUG:root:-3.1066860685499065
DEBUG:root:-3.1066860685499065
DEBUG:root:-3.1066860685499065
DEBUG:root:-3.1066860685499065
DEBUG:root:-3.1066860685499065
DEBUG:root:-3.1066860685499065
DEBUG:root:-3.1066860685499065
DEBUG:root:-3.1066860685499065
DEBUG:root:-3.1066860685499065
DEBUG:root:-3.1066860685499065
DEBUG:root:-3.1066860685499065
DEBUG:root:-3.1066860685499065
DEBUG:root:-3.1066860685499065
DEBUG:root:-3.1066860685499065
DEBUG:root:-3.1066860685499065
DEBUG:root:-3.1066860685499065
DEBUG:root:-3.1066860685499065
DEBUG:root:-3.1066860685499065
DEBUG:root:-3.1066860685499065
DEBUG:root:-3.1066860685499065
DEBUG:root:-3.1066860685499065
DEBUG:root:-3.1066860685499065
DEBUG:root:-3.1066860685499065
DEBUG:root:-3.1066860685499065
DEBUG:root:-3.1066860685499065
DEBUG:root:-3.1066860685499065
DEBUG:root:-3.1066860685499065
DEBUG:root:-3.1066860685499065
DEBUG:root:-3.1066860685499065
DEBUG:root:-3.1066860685499065
DEBUG:root:-3.12413936106985
DEBUG:root:-3.12413936106985
DEBUG:root:-3.12413936106985
DEBUG:root:-3.12413936106985
DEBUG:root:-3.12413936106985
DEBUG:root:-3.12413936106985
DEBUG:root:-3.12413936106985
DEBUG:root:-3.12413936106985
DEBUG:root:-3.12413936106985
DEBUG:root:-3.12413936106985
DEBUG:root:-3.12413936106985
DEBUG:root:-3.12413936106985
DEBUG:root:-3.12413936106985
DEBUG:root:-3.12413936106985
DEBUG:root:-3.12413936106985
DEBUG:root:-3.12413936106985
DEBUG:root:-3.12413936106985
DEBUG:root:-3.12413936106985
DEBUG:root:-3.12413936106985
DEBUG:root:-3.12413936106985
DEBUG:root:-3.12413936106985
DEBUG:root:-3.12413936106985
DEBUG:root:-3.12413936106985
DEBUG:root:-3.12413936106985
DEBUG:root:-3.12413936106985
DEBUG:root:-3.12413936106985
DEBUG:root:-3.12413936106985
DEBUG:root:-3.12413936106985
DEBUG:root:-3.12413936106985
DEBUG:root:-3.12413936106985
DEBUG:root:-3.12413936106985
DEBUG:root:-3.12413936106985
DEBUG:root:-3.12413936106985
DEBUG:root:-3.12413936106985
DEBUG:root:-3.12413936106985
DEBUG:root:-3.12413936106985
DEBUG:root:-3.12413936106985
DEBUG:root:-3.12413936106985
DEBUG:root:-3.12413936106985
DEBUG:root:-3.12413936106985
DEBUG:root:-3.12413936106985
DEBUG:root:-3.12413936106985
DEBUG:root:-3.12413936106985
DEBUG:root:-3.12413936106985
DEBUG:root:-3.12413936106985
DEBUG:root:-3.12413936106985
DEBUG:root:-3.12413936106985
DEBUG:root:-3.12413936106985
DEBUG:root:-3.12413936106985
DEBUG:root:-3.12413936106985
DEBUG:root:-3.12413936106985
DEBUG:root:-3.12413936106985
DEBUG:root:-3.12413936106985
DEBUG:root:-3.12413936106985
DEBUG:root:-3.12413936106985
DEBUG:root:-3.12413936106985
DEBUG:root:-3.12413936106985
DEBUG:root:-3.12413936106985
DEBUG:root:-3.12413936106985
DEBUG:root:-3.12413936106985
DEBUG:root:-3.12413936106985
DEBUG:root:-3.12413936106985
DEBUG:root:-3.12413936106985
DEBUG:root:-3.12413936106985
DEBUG:root:-3.12413936106985
DEBUG:root:-3.12413936106985
DEBUG:root:-3.1066860685499065
DEBUG:root:-3.1066860685499065
DEBUG:root:-3.1066860685499065
DEBUG:root:-3.1066860685499065
DEBUG:root:-3.1066860685499065
DEBUG:root:-3.1066860685499065
DEBUG:root:-3.1066860685499065
DEBUG:root:-3.1066860685499065
DEBUG:root:-3.1066860685499065
DEBUG:root:-3.1066860685499065
DEBUG:root:-3.1066860685499065
DEBUG:root:-3.1066860685499065
DEBUG:root:-3.1066860685499065
DEBUG:root:-3.1066860685499065
DEBUG:root:-3.1066860685499065
DEBUG:root:-3.1066860685499065
DEBUG:root:-3.1066860685499065
DEBUG:root:-3.1066860685499065
DEBUG:root:-3.1066860685499065
DEBUG:root:-3.1066860685499065
DEBUG:root:-3.1066860685499065
DEBUG:root:-3.1066860685499065
DEBUG:root:-3.1066860685499065
DEBUG:root:-3.1066860685499065
DEBUG:root:-3.1066860685499065
DEBUG:root:-3.1066860685499065
DEBUG:root:-3.1066860685499065
DEBUG:root:-3.1066860685499065
DEBUG:root:-3.1066860685499065
DEBUG:root:-3.1066860685499065
DEBUG:root:-3.1066860685499065
DEBUG:root:-3.1066860685499065
DEBUG:root:-3.1066860685499065
DEBUG:root:-3.1066860685499065
DEBUG:root:-3.1066860685499065
DEBUG:root:-3.07177948351002
DEBUG:root:-3.07177948351002
DEBUG:root:-3.07177948351002
DEBUG:root:-3.07177948351002
DEBUG:root:-3.07177948351002
DEBUG:root:-3.07177948351002
DEBUG:root:-3.07177948351002
DEBUG:root:-3.07177948351002
DEBUG:root:-3.07177948351002
DEBUG:root:-3.07177948351002
DEBUG:root:-3.07177948351002
DEBUG:root:-3.07177948351002
DEBUG:root:-3.07177948351002
DEBUG:root:-3.07177948351002
DEBUG:root:-3.07177948351002
DEBUG:root:-3.07177948351002
DEBUG:root:-3.07177948351002
DEBUG:root:-3.07177948351002
DEBUG:root:-3.07177948351002
DEBUG:root:-3.07177948351002
DEBUG:root:-3.07177948351002
DEBUG:root:-3.07177948351002
DEBUG:root:-3.07177948351002
DEBUG:root:-3.07177948351002
DEBUG:root:-3.07177948351002
DEBUG:root:-3.07177948351002
DEBUG:root:-3.07177948351002
DEBUG:root:-3.07177948351002
DEBUG:root:-3.07177948351002
DEBUG:root:-3.07177948351002
DEBUG:root:-3.07177948351002
DEBUG:root:-3.07177948351002
DEBUG:root:-3.07177948351002
DEBUG:root:-3.07177948351002
DEBUG:root:-3.0543261909900767
DEBUG:root:-3.0543261909900767
DEBUG:root:-3.0543261909900767
DEBUG:root:-3.0543261909900767
DEBUG:root:-3.0543261909900767
DEBUG:root:-3.0543261909900767
DEBUG:root:-3.0543261909900767
DEBUG:root:-3.0543261909900767
DEBUG:root:-3.0543261909900767
DEBUG:root:-3.0543261909900767
DEBUG:root:-3.0543261909900767
DEBUG:root:-3.0543261909900767
DEBUG:root:-3.0543261909900767
DEBUG:root:-3.0543261909900767
DEBUG:root:-3.0543261909900767
DEBUG:root:-3.0543261909900767
DEBUG:root:-3.0543261909900767
DEBUG:root:-3.0543261909900767
DEBUG:root:-3.0543261909900767
DEBUG:root:-3.0543261909900767
DEBUG:root:-3.0543261909900767
DEBUG:root:-3.0543261909900767
DEBUG:root:-3.0543261909900767
DEBUG:root:-3.0543261909900767
DEBUG:root:-3.0543261909900767
DEBUG:root:-3.0543261909900767
DEBUG:root:-3.0543261909900767
DEBUG:root:-3.0543261909900767
DEBUG:root:-3.0543261909900767
DEBUG:root:-3.0543261909900767
DEBUG:root:-3.0543261909900767
DEBUG:root:-3.0543261909900767
DEBUG:root:-3.0543261909900767
DEBUG:root:-3.0543261909900767
DEBUG:root:-3.0543261909900767
DEBUG:root:-3.01941960595019
DEBUG:root:-3.01941960595019
DEBUG:root:-3.01941960595019
DEBUG:root:-3.01941960595019
DEBUG:root:-3.01941960595019
DEBUG:root:-3.01941960595019
DEBUG:root:-3.01941960595019
DEBUG:root:-3.01941960595019
DEBUG:root:-3.01941960595019
DEBUG:root:-3.01941960595019
DEBUG:root:-3.01941960595019
DEBUG:root:-3.01941960595019
DEBUG:root:-3.01941960595019
DEBUG:root:-3.01941960595019
DEBUG:root:-3.01941960595019
DEBUG:root:-3.01941960595019
DEBUG:root:-3.01941960595019
DEBUG:root:-3.01941960595019
DEBUG:root:-3.01941960595019
DEBUG:root:-3.01941960595019
DEBUG:root:-3.01941960595019
DEBUG:root:-3.01941960595019
DEBUG:root:-3.01941960595019
DEBUG:root:-3.01941960595019
DEBUG:root:-3.01941960595019
DEBUG:root:-3.01941960595019
DEBUG:root:-3.01941960595019
DEBUG:root:-3.01941960595019
DEBUG:root:-3.01941960595019
DEBUG:root:-3.01941960595019
DEBUG:root:-3.01941960595019
DEBUG:root:-3.01941960595019
DEBUG:root:-3.01941960595019
DEBUG:root:-3.01941960595019
DEBUG:root:-2.9845130209103035
DEBUG:root:-2.9845130209103035
DEBUG:root:-2.9845130209103035
DEBUG:root:-2.9845130209103035
DEBUG:root:-2.9845130209103035
DEBUG:root:-2.9845130209103035
DEBUG:root:-2.9845130209103035
DEBUG:root:-2.9845130209103035
DEBUG:root:-2.9845130209103035
DEBUG:root:-2.9845130209103035
DEBUG:root:-2.9845130209103035
DEBUG:root:-2.9845130209103035
DEBUG:root:-2.9845130209103035
DEBUG:root:-2.9845130209103035
DEBUG:root:-2.9845130209103035
DEBUG:root:-2.9845130209103035
DEBUG:root:-2.9845130209103035
DEBUG:root:-2.9845130209103035
DEBUG:root:-2.9845130209103035
DEBUG:root:-2.9845130209103035
DEBUG:root:-2.9845130209103035
DEBUG:root:-2.9845130209103035
DEBUG:root:-2.9845130209103035
DEBUG:root:-2.9845130209103035
DEBUG:root:-2.9845130209103035
DEBUG:root:-2.9845130209103035
DEBUG:root:-2.9845130209103035
DEBUG:root:-2.9845130209103035
DEBUG:root:-2.9845130209103035
DEBUG:root:-2.9845130209103035
DEBUG:root:-2.9670597283903604
DEBUG:root:-2.9670597283903604
DEBUG:root:-2.9670597283903604
DEBUG:root:-2.9670597283903604
DEBUG:root:-2.9670597283903604
DEBUG:root:-2.9670597283903604
DEBUG:root:-2.9670597283903604
DEBUG:root:-2.9670597283903604
DEBUG:root:-2.9670597283903604
DEBUG:root:-2.9670597283903604
DEBUG:root:-2.9670597283903604
DEBUG:root:-2.9670597283903604
DEBUG:root:-2.9670597283903604
DEBUG:root:-2.9670597283903604
DEBUG:root:-2.9670597283903604
DEBUG:root:-2.9670597283903604
DEBUG:root:-2.9670597283903604
DEBUG:root:-2.9670597283903604
DEBUG:root:-2.9670597283903604
DEBUG:root:-2.9670597283903604
DEBUG:root:-2.9670597283903604
DEBUG:root:-2.9670597283903604
DEBUG:root:-2.9670597283903604
DEBUG:root:-2.9670597283903604
DEBUG:root:-2.9670597283903604
DEBUG:root:-2.9670597283903604
DEBUG:root:-2.9670597283903604
DEBUG:root:-2.9670597283903604
DEBUG:root:-2.9670597283903604
DEBUG:root:-2.9670597283903604
DEBUG:root:-2.9670597283903604
DEBUG:root:-2.9670597283903604
DEBUG:root:-2.9670597283903604
DEBUG:root:-2.9670597283903604
DEBUG:root:-2.9321531433504733
DEBUG:root:-2.9321531433504733
DEBUG:root:-2.9321531433504733
DEBUG:root:-2.9321531433504733
DEBUG:root:-2.9321531433504733
DEBUG:root:-2.9321531433504733
DEBUG:root:-2.9321531433504733
DEBUG:root:-2.9321531433504733
DEBUG:root:-2.9321531433504733
DEBUG:root:-2.9321531433504733
DEBUG:root:-2.9321531433504733
DEBUG:root:-2.9321531433504733
DEBUG:root:-2.9321531433504733
DEBUG:root:-2.9321531433504733
DEBUG:root:-2.9321531433504733
DEBUG:root:-2.9321531433504733
DEBUG:root:-2.9321531433504733
DEBUG:root:-2.9321531433504733
DEBUG:root:-2.9321531433504733
DEBUG:root:-2.9321531433504733
DEBUG:root:-2.9321531433504733
DEBUG:root:-2.9321531433504733
DEBUG:root:-2.9321531433504733
DEBUG:root:-2.9321531433504733
DEBUG:root:-2.9321531433504733
DEBUG:root:-2.9321531433504733
DEBUG:root:-2.9321531433504733
DEBUG:root:-2.9321531433504733
DEBUG:root:-2.9321531433504733
DEBUG:root:-2.9321531433504733
DEBUG:root:-2.9321531433504733
DEBUG:root:-2.9321531433504733
DEBUG:root:-2.9321531433504733
DEBUG:root:-2.9321531433504733
DEBUG:root:-2.9321531433504733
DEBUG:root:-2.9321531433504733
DEBUG:root:-2.897246558310587
DEBUG:root:-2.897246558310587
DEBUG:root:-2.897246558310587
DEBUG:root:-2.897246558310587
DEBUG:root:-2.897246558310587
DEBUG:root:-2.897246558310587
DEBUG:root:-2.897246558310587
DEBUG:root:-2.897246558310587
DEBUG:root:-2.897246558310587
DEBUG:root:-2.897246558310587
DEBUG:root:-2.897246558310587
DEBUG:root:-2.897246558310587
DEBUG:root:-2.897246558310587
DEBUG:root:-2.897246558310587
DEBUG:root:-2.897246558310587
DEBUG:root:-2.897246558310587
DEBUG:root:-2.897246558310587
DEBUG:root:-2.897246558310587
DEBUG:root:-2.897246558310587
DEBUG:root:-2.897246558310587
DEBUG:root:-2.897246558310587
DEBUG:root:-2.897246558310587
DEBUG:root:-2.897246558310587
DEBUG:root:-2.897246558310587
DEBUG:root:-2.897246558310587
DEBUG:root:-2.897246558310587
DEBUG:root:-2.897246558310587
DEBUG:root:-2.897246558310587
DEBUG:root:-2.897246558310587
DEBUG:root:-2.897246558310587
DEBUG:root:-2.897246558310587
DEBUG:root:-2.897246558310587
DEBUG:root:-2.897246558310587
DEBUG:root:-2.897246558310587
DEBUG:root:-2.897246558310587
DEBUG:root:-2.8623399732707004
DEBUG:root:-2.8623399732707004
DEBUG:root:-2.8623399732707004
DEBUG:root:-2.8623399732707004
DEBUG:root:-2.8623399732707004
DEBUG:root:-2.8623399732707004
DEBUG:root:-2.8623399732707004
DEBUG:root:-2.8623399732707004
DEBUG:root:-2.8623399732707004
DEBUG:root:-2.8623399732707004
DEBUG:root:-2.8623399732707004
DEBUG:root:-2.8623399732707004
DEBUG:root:-2.8623399732707004
DEBUG:root:-2.8623399732707004
DEBUG:root:-2.8623399732707004
DEBUG:root:-2.8623399732707004
DEBUG:root:-2.8623399732707004
DEBUG:root:-2.8623399732707004
DEBUG:root:-2.8623399732707004
DEBUG:root:-2.8623399732707004
DEBUG:root:-2.8623399732707004
DEBUG:root:-2.8623399732707004
DEBUG:root:-2.8623399732707004
DEBUG:root:-2.8623399732707004
DEBUG:root:-2.8623399732707004
DEBUG:root:-2.8623399732707004
DEBUG:root:-2.8623399732707004
DEBUG:root:-2.8623399732707004
DEBUG:root:-2.8623399732707004
DEBUG:root:-2.8623399732707004
DEBUG:root:-2.8623399732707004
DEBUG:root:-2.8623399732707004
DEBUG:root:-2.8623399732707004
DEBUG:root:-2.8623399732707004
DEBUG:root:-2.8623399732707004
DEBUG:root:-2.844886680750757
DEBUG:root:-2.844886680750757
DEBUG:root:-2.844886680750757
DEBUG:root:-2.844886680750757
DEBUG:root:-2.844886680750757
DEBUG:root:-2.844886680750757
DEBUG:root:-2.844886680750757
DEBUG:root:-2.844886680750757
DEBUG:root:-2.844886680750757
DEBUG:root:-2.844886680750757
DEBUG:root:-2.844886680750757
DEBUG:root:-2.844886680750757
DEBUG:root:-2.844886680750757
DEBUG:root:-2.844886680750757
DEBUG:root:-2.844886680750757
DEBUG:root:-2.844886680750757
DEBUG:root:-2.844886680750757
DEBUG:root:-2.844886680750757
DEBUG:root:-2.844886680750757
DEBUG:root:-2.844886680750757
DEBUG:root:-2.844886680750757
DEBUG:root:-2.844886680750757
DEBUG:root:-2.844886680750757
DEBUG:root:-2.844886680750757
DEBUG:root:-2.844886680750757
DEBUG:root:-2.844886680750757
DEBUG:root:-2.844886680750757
DEBUG:root:-2.844886680750757
DEBUG:root:-2.844886680750757
DEBUG:root:-2.844886680750757
DEBUG:root:-2.844886680750757
DEBUG:root:-2.844886680750757
DEBUG:root:-2.844886680750757
DEBUG:root:-2.844886680750757
DEBUG:root:-2.844886680750757
DEBUG:root:-2.8099800957108707
DEBUG:root:-2.8099800957108707
DEBUG:root:-2.8099800957108707
DEBUG:root:-2.8099800957108707
DEBUG:root:-2.8099800957108707
DEBUG:root:-2.8099800957108707
DEBUG:root:-2.8099800957108707
DEBUG:root:-2.8099800957108707
DEBUG:root:-2.8099800957108707
DEBUG:root:-2.8099800957108707
DEBUG:root:-2.8099800957108707
DEBUG:root:-2.8099800957108707
DEBUG:root:-2.8099800957108707
DEBUG:root:-2.8099800957108707
DEBUG:root:-2.8099800957108707
DEBUG:root:-2.8099800957108707
DEBUG:root:-2.8099800957108707
DEBUG:root:-2.8099800957108707
DEBUG:root:-2.8099800957108707
DEBUG:root:-2.8099800957108707
DEBUG:root:-2.8099800957108707
DEBUG:root:-2.8099800957108707
DEBUG:root:-2.8099800957108707
DEBUG:root:-2.8099800957108707
DEBUG:root:-2.8099800957108707
DEBUG:root:-2.8099800957108707
DEBUG:root:-2.8099800957108707
DEBUG:root:-2.8099800957108707
DEBUG:root:-2.8099800957108707
DEBUG:root:-2.8099800957108707
DEBUG:root:-2.8099800957108707
DEBUG:root:-2.8099800957108707
DEBUG:root:-2.8099800957108707
DEBUG:root:-2.8099800957108707
DEBUG:root:-2.8099800957108707
DEBUG:root:-2.8099800957108707
DEBUG:root:-2.8099800957108707
DEBUG:root:-2.792526803190927
DEBUG:root:-2.792526803190927
DEBUG:root:-2.792526803190927
DEBUG:root:-2.792526803190927
DEBUG:root:-2.792526803190927
DEBUG:root:-2.792526803190927
DEBUG:root:-2.792526803190927
DEBUG:root:-2.792526803190927
DEBUG:root:-2.792526803190927
DEBUG:root:-2.792526803190927
DEBUG:root:-2.792526803190927
DEBUG:root:-2.792526803190927
DEBUG:root:-2.792526803190927
DEBUG:root:-2.792526803190927
DEBUG:root:-2.792526803190927
DEBUG:root:-2.792526803190927
DEBUG:root:-2.792526803190927
DEBUG:root:-2.792526803190927
DEBUG:root:-2.792526803190927
DEBUG:root:-2.792526803190927
DEBUG:root:-2.792526803190927
DEBUG:root:-2.792526803190927
DEBUG:root:-2.792526803190927
DEBUG:root:-2.792526803190927
DEBUG:root:-2.792526803190927
DEBUG:root:-2.792526803190927
DEBUG:root:-2.792526803190927
DEBUG:root:-2.792526803190927
DEBUG:root:-2.792526803190927
DEBUG:root:-2.792526803190927
DEBUG:root:-2.792526803190927
DEBUG:root:-2.792526803190927
DEBUG:root:-2.792526803190927
DEBUG:root:-2.7750735106709836
DEBUG:root:-2.7750735106709836
DEBUG:root:-2.7750735106709836
DEBUG:root:-2.7750735106709836
DEBUG:root:-2.7750735106709836
DEBUG:root:-2.7750735106709836
DEBUG:root:-2.7750735106709836
DEBUG:root:-2.7750735106709836
DEBUG:root:-2.7750735106709836
DEBUG:root:-2.7750735106709836
DEBUG:root:-2.7750735106709836
DEBUG:root:-2.7750735106709836
DEBUG:root:-2.7750735106709836
DEBUG:root:-2.7750735106709836
DEBUG:root:-2.7750735106709836
DEBUG:root:-2.7750735106709836
DEBUG:root:-2.7750735106709836
DEBUG:root:-2.7750735106709836
DEBUG:root:-2.7750735106709836
DEBUG:root:-2.7750735106709836
DEBUG:root:-2.7750735106709836
DEBUG:root:-2.7750735106709836
DEBUG:root:-2.7750735106709836
DEBUG:root:-2.7750735106709836
DEBUG:root:-2.7750735106709836
DEBUG:root:-2.7750735106709836
DEBUG:root:-2.7750735106709836
DEBUG:root:-2.7750735106709836
DEBUG:root:-2.7750735106709836
DEBUG:root:-2.7750735106709836
DEBUG:root:-2.7750735106709836
DEBUG:root:-2.7750735106709836
DEBUG:root:-2.7750735106709836
DEBUG:root:-2.7750735106709836
DEBUG:root:-2.7750735106709836
DEBUG:root:-2.7401669256310974
DEBUG:root:-2.7401669256310974
DEBUG:root:-2.7401669256310974
DEBUG:root:-2.7401669256310974
DEBUG:root:-2.7401669256310974
DEBUG:root:-2.7401669256310974
DEBUG:root:-2.7401669256310974
DEBUG:root:-2.7401669256310974
DEBUG:root:-2.7401669256310974
DEBUG:root:-2.7401669256310974
DEBUG:root:-2.7401669256310974
DEBUG:root:-2.7401669256310974
DEBUG:root:-2.7401669256310974
DEBUG:root:-2.7401669256310974
DEBUG:root:-2.7401669256310974
DEBUG:root:-2.7401669256310974
DEBUG:root:-2.7401669256310974
DEBUG:root:-2.7401669256310974
DEBUG:root:-2.7401669256310974
DEBUG:root:-2.7401669256310974
DEBUG:root:-2.7401669256310974
DEBUG:root:-2.7401669256310974
DEBUG:root:-2.7401669256310974
DEBUG:root:-2.7401669256310974
DEBUG:root:-2.7401669256310974
DEBUG:root:-2.7401669256310974
DEBUG:root:-2.7401669256310974
DEBUG:root:-2.7401669256310974
DEBUG:root:-2.7401669256310974
DEBUG:root:-2.7401669256310974
DEBUG:root:-2.7401669256310974
DEBUG:root:-2.7401669256310974
DEBUG:root:-2.7401669256310974
DEBUG:root:-2.7401669256310974
DEBUG:root:-2.7401669256310974
DEBUG:root:-2.705260340591211
DEBUG:root:-2.705260340591211
DEBUG:root:-2.705260340591211
DEBUG:root:-2.705260340591211
DEBUG:root:-2.705260340591211
DEBUG:root:-2.705260340591211
DEBUG:root:-2.705260340591211
DEBUG:root:-2.705260340591211
DEBUG:root:-2.705260340591211
DEBUG:root:-2.705260340591211
DEBUG:root:-2.705260340591211
DEBUG:root:-2.705260340591211
DEBUG:root:-2.705260340591211
DEBUG:root:-2.705260340591211
DEBUG:root:-2.705260340591211
DEBUG:root:-2.705260340591211
DEBUG:root:-2.705260340591211
DEBUG:root:-2.705260340591211
DEBUG:root:-2.705260340591211
DEBUG:root:-2.705260340591211
DEBUG:root:-2.705260340591211
DEBUG:root:-2.705260340591211
DEBUG:root:-2.705260340591211
DEBUG:root:-2.705260340591211
DEBUG:root:-2.705260340591211
DEBUG:root:-2.705260340591211
DEBUG:root:-2.705260340591211
DEBUG:root:-2.705260340591211
DEBUG:root:-2.705260340591211
DEBUG:root:-2.705260340591211
DEBUG:root:-2.705260340591211
DEBUG:root:-2.705260340591211
DEBUG:root:-2.705260340591211
DEBUG:root:-2.705260340591211
DEBUG:root:-2.670353755551324
DEBUG:root:-2.670353755551324
DEBUG:root:-2.670353755551324
DEBUG:root:-2.670353755551324
DEBUG:root:-2.670353755551324
DEBUG:root:-2.670353755551324
DEBUG:root:-2.670353755551324
DEBUG:root:-2.670353755551324
DEBUG:root:-2.670353755551324
DEBUG:root:-2.670353755551324
DEBUG:root:-2.670353755551324
DEBUG:root:-2.670353755551324
DEBUG:root:-2.670353755551324
DEBUG:root:-2.670353755551324
DEBUG:root:-2.670353755551324
DEBUG:root:-2.670353755551324
DEBUG:root:-2.670353755551324
DEBUG:root:-2.670353755551324
DEBUG:root:-2.670353755551324
DEBUG:root:-2.670353755551324
DEBUG:root:-2.670353755551324
DEBUG:root:-2.670353755551324
DEBUG:root:-2.670353755551324
DEBUG:root:-2.670353755551324
DEBUG:root:-2.670353755551324
DEBUG:root:-2.670353755551324
DEBUG:root:-2.670353755551324
DEBUG:root:-2.670353755551324
DEBUG:root:-2.670353755551324
DEBUG:root:-2.670353755551324
DEBUG:root:-2.670353755551324
DEBUG:root:-2.670353755551324
DEBUG:root:-2.670353755551324
DEBUG:root:-2.670353755551324
DEBUG:root:-2.670353755551324
DEBUG:root:-2.652900463031381
DEBUG:root:-2.652900463031381
DEBUG:root:-2.652900463031381
DEBUG:root:-2.652900463031381
DEBUG:root:-2.652900463031381
DEBUG:root:-2.652900463031381
DEBUG:root:-2.652900463031381
DEBUG:root:-2.652900463031381
DEBUG:root:-2.652900463031381
DEBUG:root:-2.652900463031381
DEBUG:root:-2.652900463031381
DEBUG:root:-2.652900463031381
DEBUG:root:-2.652900463031381
DEBUG:root:-2.652900463031381
DEBUG:root:-2.652900463031381
DEBUG:root:-2.652900463031381
DEBUG:root:-2.652900463031381
DEBUG:root:-2.652900463031381
DEBUG:root:-2.652900463031381
DEBUG:root:-2.652900463031381
DEBUG:root:-2.652900463031381
DEBUG:root:-2.652900463031381
DEBUG:root:-2.652900463031381
DEBUG:root:-2.652900463031381
DEBUG:root:-2.652900463031381
DEBUG:root:-2.652900463031381
DEBUG:root:-2.652900463031381
DEBUG:root:-2.652900463031381
DEBUG:root:-2.652900463031381
DEBUG:root:-2.652900463031381
DEBUG:root:-2.652900463031381
DEBUG:root:-2.652900463031381
DEBUG:root:-2.652900463031381
DEBUG:root:-2.652900463031381
DEBUG:root:-2.652900463031381
DEBUG:root:-2.617993877991494
DEBUG:root:-2.617993877991494
DEBUG:root:-2.617993877991494
DEBUG:root:-2.617993877991494
DEBUG:root:-2.617993877991494
DEBUG:root:-2.617993877991494
DEBUG:root:-2.617993877991494
DEBUG:root:-2.617993877991494
DEBUG:root:-2.617993877991494
DEBUG:root:-2.617993877991494
DEBUG:root:-2.617993877991494
DEBUG:root:-2.617993877991494
DEBUG:root:-2.617993877991494
DEBUG:root:-2.617993877991494
DEBUG:root:-2.617993877991494
DEBUG:root:-2.617993877991494
DEBUG:root:-2.617993877991494
DEBUG:root:-2.617993877991494
DEBUG:root:-2.617993877991494
DEBUG:root:-2.617993877991494
DEBUG:root:-2.617993877991494
DEBUG:root:-2.617993877991494
DEBUG:root:-2.617993877991494
DEBUG:root:-2.617993877991494
DEBUG:root:-2.617993877991494
DEBUG:root:-2.617993877991494
DEBUG:root:-2.617993877991494
DEBUG:root:-2.617993877991494
DEBUG:root:-2.617993877991494
DEBUG:root:-2.617993877991494
DEBUG:root:-2.617993877991494
DEBUG:root:-2.617993877991494
DEBUG:root:-2.600540585471551
DEBUG:root:-2.600540585471551
DEBUG:root:-2.600540585471551
DEBUG:root:-2.600540585471551
DEBUG:root:-2.600540585471551
DEBUG:root:-2.600540585471551
DEBUG:root:-2.600540585471551
DEBUG:root:-2.600540585471551
DEBUG:root:-2.600540585471551
DEBUG:root:-2.600540585471551
DEBUG:root:-2.600540585471551
DEBUG:root:-2.600540585471551
DEBUG:root:-2.600540585471551
DEBUG:root:-2.600540585471551
DEBUG:root:-2.600540585471551
DEBUG:root:-2.600540585471551
DEBUG:root:-2.600540585471551
DEBUG:root:-2.600540585471551
DEBUG:root:-2.600540585471551
DEBUG:root:-2.600540585471551
DEBUG:root:-2.600540585471551
DEBUG:root:-2.600540585471551
DEBUG:root:-2.600540585471551
DEBUG:root:-2.600540585471551
DEBUG:root:-2.600540585471551
DEBUG:root:-2.600540585471551
DEBUG:root:-2.600540585471551
DEBUG:root:-2.600540585471551
DEBUG:root:-2.5656340004316647
DEBUG:root:-2.5656340004316647
DEBUG:root:-2.5656340004316647
DEBUG:root:-2.5656340004316647
DEBUG:root:-2.5656340004316647
DEBUG:root:-2.5656340004316647
DEBUG:root:-2.5656340004316647
DEBUG:root:-2.5656340004316647
DEBUG:root:-2.5656340004316647
DEBUG:root:-2.5656340004316647
DEBUG:root:-2.5656340004316647
DEBUG:root:-2.5656340004316647
DEBUG:root:-2.5656340004316647
DEBUG:root:-2.5656340004316647
DEBUG:root:-2.5656340004316647
DEBUG:root:-2.5656340004316647
DEBUG:root:-2.5656340004316647
DEBUG:root:-2.5656340004316647
DEBUG:root:-2.5656340004316647
DEBUG:root:-2.5656340004316647
DEBUG:root:-2.5656340004316647
DEBUG:root:-2.5656340004316647
DEBUG:root:-2.5656340004316647
DEBUG:root:-2.5656340004316647
DEBUG:root:-2.5656340004316647
DEBUG:root:-2.5656340004316647
DEBUG:root:-2.5656340004316647
DEBUG:root:-2.548180707911721
DEBUG:root:-2.548180707911721
DEBUG:root:-2.548180707911721
DEBUG:root:-2.548180707911721
DEBUG:root:-2.548180707911721
DEBUG:root:-2.548180707911721
DEBUG:root:-2.548180707911721
DEBUG:root:-2.548180707911721
DEBUG:root:-2.548180707911721
DEBUG:root:-2.548180707911721
DEBUG:root:-2.548180707911721
DEBUG:root:-2.548180707911721
DEBUG:root:-2.548180707911721
DEBUG:root:-2.548180707911721
DEBUG:root:-2.548180707911721
DEBUG:root:-2.548180707911721
DEBUG:root:-2.548180707911721
DEBUG:root:-2.548180707911721
DEBUG:root:-2.548180707911721
DEBUG:root:-2.548180707911721
DEBUG:root:-2.548180707911721
DEBUG:root:-2.548180707911721
DEBUG:root:-2.548180707911721
DEBUG:root:-2.548180707911721
DEBUG:root:-2.548180707911721
DEBUG:root:-2.548180707911721
DEBUG:root:-2.548180707911721
DEBUG:root:-2.5132741228718345
DEBUG:root:-2.5132741228718345
DEBUG:root:-2.5132741228718345
DEBUG:root:-2.5132741228718345
DEBUG:root:-2.5132741228718345
DEBUG:root:-2.5132741228718345
DEBUG:root:-2.5132741228718345
DEBUG:root:-2.5132741228718345
DEBUG:root:-2.5132741228718345
DEBUG:root:-2.5132741228718345
DEBUG:root:-2.5132741228718345
DEBUG:root:-2.5132741228718345
DEBUG:root:-2.5132741228718345
DEBUG:root:-2.5132741228718345
DEBUG:root:-2.5132741228718345
DEBUG:root:-2.5132741228718345
DEBUG:root:-2.5132741228718345
DEBUG:root:-2.5132741228718345
DEBUG:root:-2.5132741228718345
DEBUG:root:-2.5132741228718345
DEBUG:root:-2.5132741228718345
DEBUG:root:-2.5132741228718345
DEBUG:root:-2.5132741228718345
DEBUG:root:-2.5132741228718345
DEBUG:root:-2.5132741228718345
DEBUG:root:-2.5132741228718345
DEBUG:root:-2.5132741228718345
DEBUG:root:-2.5132741228718345
DEBUG:root:-2.5132741228718345
DEBUG:root:-2.5132741228718345
DEBUG:root:-2.5132741228718345
DEBUG:root:-2.478367537831948
DEBUG:root:-2.478367537831948
DEBUG:root:-2.478367537831948
DEBUG:root:-2.478367537831948
DEBUG:root:-2.478367537831948
DEBUG:root:-2.478367537831948
DEBUG:root:-2.478367537831948
DEBUG:root:-2.478367537831948
DEBUG:root:-2.478367537831948
DEBUG:root:-2.478367537831948
DEBUG:root:-2.478367537831948
DEBUG:root:-2.478367537831948
DEBUG:root:-2.478367537831948
DEBUG:root:-2.478367537831948
DEBUG:root:-2.478367537831948
DEBUG:root:-2.478367537831948
DEBUG:root:-2.478367537831948
DEBUG:root:-2.478367537831948
DEBUG:root:-2.478367537831948
DEBUG:root:-2.478367537831948
DEBUG:root:-2.478367537831948
DEBUG:root:-2.478367537831948
DEBUG:root:-2.478367537831948
DEBUG:root:-2.443460952792061
DEBUG:root:-2.443460952792061
DEBUG:root:-2.443460952792061
DEBUG:root:-2.443460952792061
DEBUG:root:-2.443460952792061
DEBUG:root:-2.443460952792061
DEBUG:root:-2.443460952792061
DEBUG:root:-2.443460952792061
DEBUG:root:-2.443460952792061
DEBUG:root:-2.443460952792061
DEBUG:root:-2.443460952792061
DEBUG:root:-2.443460952792061
DEBUG:root:-2.443460952792061
DEBUG:root:-2.443460952792061
DEBUG:root:-2.443460952792061
DEBUG:root:-2.443460952792061
DEBUG:root:-2.443460952792061
DEBUG:root:-2.443460952792061
DEBUG:root:-2.443460952792061
DEBUG:root:-2.443460952792061
DEBUG:root:-2.443460952792061
DEBUG:root:-2.443460952792061
DEBUG:root:-2.443460952792061
DEBUG:root:-2.443460952792061
DEBUG:root:-2.426007660272118
DEBUG:root:-2.426007660272118
DEBUG:root:-2.426007660272118
DEBUG:root:-2.426007660272118
DEBUG:root:-2.426007660272118
DEBUG:root:-2.426007660272118
DEBUG:root:-2.426007660272118
DEBUG:root:-2.426007660272118
DEBUG:root:-2.426007660272118
DEBUG:root:-2.426007660272118
DEBUG:root:-2.426007660272118
DEBUG:root:-2.426007660272118
DEBUG:root:-2.426007660272118
DEBUG:root:-2.426007660272118
DEBUG:root:-2.426007660272118
DEBUG:root:-2.426007660272118
DEBUG:root:-2.426007660272118
DEBUG:root:-2.426007660272118
DEBUG:root:-2.426007660272118
DEBUG:root:-2.426007660272118
DEBUG:root:-2.426007660272118
DEBUG:root:-2.426007660272118
DEBUG:root:-2.426007660272118
DEBUG:root:-2.426007660272118
DEBUG:root:-2.426007660272118
DEBUG:root:-2.426007660272118
DEBUG:root:-2.426007660272118
DEBUG:root:-2.426007660272118
DEBUG:root:-2.426007660272118
DEBUG:root:-2.3911010752322315
DEBUG:root:-2.3911010752322315
DEBUG:root:-2.3911010752322315
DEBUG:root:-2.3911010752322315
DEBUG:root:-2.3911010752322315
DEBUG:root:-2.3911010752322315
DEBUG:root:-2.3911010752322315
DEBUG:root:-2.3911010752322315
DEBUG:root:-2.3911010752322315
DEBUG:root:-2.3911010752322315
DEBUG:root:-2.3911010752322315
DEBUG:root:-2.3911010752322315
DEBUG:root:-2.3911010752322315
DEBUG:root:-2.3911010752322315
DEBUG:root:-2.3911010752322315
DEBUG:root:-2.3911010752322315
DEBUG:root:-2.3911010752322315
DEBUG:root:-2.3911010752322315
DEBUG:root:-2.3911010752322315
DEBUG:root:-2.3911010752322315
DEBUG:root:-2.3911010752322315
DEBUG:root:-2.3911010752322315
DEBUG:root:-2.3911010752322315
DEBUG:root:-2.3911010752322315
DEBUG:root:-2.3911010752322315
DEBUG:root:-2.3911010752322315
DEBUG:root:-2.3911010752322315
DEBUG:root:-2.3911010752322315
DEBUG:root:-2.3911010752322315
DEBUG:root:-2.3911010752322315
DEBUG:root:-2.3911010752322315
DEBUG:root:-2.3911010752322315
DEBUG:root:-2.373647782712288
DEBUG:root:-2.373647782712288
DEBUG:root:-2.373647782712288
DEBUG:root:-2.373647782712288
DEBUG:root:-2.373647782712288
DEBUG:root:-2.373647782712288
DEBUG:root:-2.373647782712288
DEBUG:root:-2.373647782712288
DEBUG:root:-2.373647782712288
DEBUG:root:-2.373647782712288
DEBUG:root:-2.373647782712288
DEBUG:root:-2.373647782712288
DEBUG:root:-2.373647782712288
DEBUG:root:-2.373647782712288
DEBUG:root:-2.373647782712288
DEBUG:root:-2.373647782712288
DEBUG:root:-2.373647782712288
DEBUG:root:-2.373647782712288
DEBUG:root:-2.373647782712288
DEBUG:root:-2.373647782712288
DEBUG:root:-2.373647782712288
DEBUG:root:-2.373647782712288
DEBUG:root:-2.373647782712288
DEBUG:root:-2.373647782712288
DEBUG:root:-2.373647782712288
DEBUG:root:-2.373647782712288
DEBUG:root:-2.373647782712288
DEBUG:root:-2.373647782712288
DEBUG:root:-2.373647782712288
DEBUG:root:-2.373647782712288
DEBUG:root:-2.373647782712288
DEBUG:root:-2.373647782712288
DEBUG:root:-2.3387411976724017
DEBUG:root:-2.3387411976724017
DEBUG:root:-2.3387411976724017
DEBUG:root:-2.3387411976724017
DEBUG:root:-2.3387411976724017
DEBUG:root:-2.3387411976724017
DEBUG:root:-2.3387411976724017
DEBUG:root:-2.3387411976724017
DEBUG:root:-2.3387411976724017
DEBUG:root:-2.3387411976724017
DEBUG:root:-2.3387411976724017
DEBUG:root:-2.3387411976724017
DEBUG:root:-2.3387411976724017
DEBUG:root:-2.3387411976724017
DEBUG:root:-2.3387411976724017
DEBUG:root:-2.3387411976724017
DEBUG:root:-2.3387411976724017
DEBUG:root:-2.3387411976724017
DEBUG:root:-2.3387411976724017
DEBUG:root:-2.3387411976724017
DEBUG:root:-2.3387411976724017
DEBUG:root:-2.3387411976724017
DEBUG:root:-2.3387411976724017
DEBUG:root:-2.3387411976724017
DEBUG:root:-2.3387411976724017
DEBUG:root:-2.3387411976724017
DEBUG:root:-2.3387411976724017
DEBUG:root:-2.3387411976724017
DEBUG:root:-2.3387411976724017
DEBUG:root:-2.3387411976724017
DEBUG:root:-2.3387411976724017
DEBUG:root:-2.3387411976724017
DEBUG:root:-2.3387411976724017
DEBUG:root:-2.3387411976724017
DEBUG:root:-2.303834612632515
DEBUG:root:-2.303834612632515
DEBUG:root:-2.303834612632515
DEBUG:root:-2.303834612632515
DEBUG:root:-2.303834612632515
DEBUG:root:-2.303834612632515
DEBUG:root:-2.303834612632515
DEBUG:root:-2.303834612632515
DEBUG:root:-2.303834612632515
DEBUG:root:-2.303834612632515
DEBUG:root:-2.303834612632515
DEBUG:root:-2.303834612632515
DEBUG:root:-2.303834612632515
DEBUG:root:-2.303834612632515
DEBUG:root:-2.303834612632515
DEBUG:root:-2.303834612632515
DEBUG:root:-2.303834612632515
DEBUG:root:-2.303834612632515
DEBUG:root:-2.303834612632515
DEBUG:root:-2.303834612632515
DEBUG:root:-2.303834612632515
DEBUG:root:-2.303834612632515
DEBUG:root:-2.303834612632515
DEBUG:root:-2.303834612632515
DEBUG:root:-2.303834612632515
DEBUG:root:-2.303834612632515
DEBUG:root:-2.303834612632515
DEBUG:root:-2.303834612632515
DEBUG:root:-2.303834612632515
DEBUG:root:-2.303834612632515
DEBUG:root:-2.303834612632515
DEBUG:root:-2.303834612632515
DEBUG:root:-2.303834612632515
DEBUG:root:-2.303834612632515
DEBUG:root:-2.2863813201125716
DEBUG:root:-2.2863813201125716
DEBUG:root:-2.2863813201125716
DEBUG:root:-2.2863813201125716
DEBUG:root:-2.2863813201125716
DEBUG:root:-2.2863813201125716
DEBUG:root:-2.2863813201125716
DEBUG:root:-2.2863813201125716
DEBUG:root:-2.2863813201125716
DEBUG:root:-2.2863813201125716
DEBUG:root:-2.2863813201125716
DEBUG:root:-2.2863813201125716
DEBUG:root:-2.2863813201125716
DEBUG:root:-2.2863813201125716
DEBUG:root:-2.2863813201125716
DEBUG:root:-2.2863813201125716
DEBUG:root:-2.2863813201125716
DEBUG:root:-2.2863813201125716
DEBUG:root:-2.2863813201125716
DEBUG:root:-2.2863813201125716
DEBUG:root:-2.2863813201125716
DEBUG:root:-2.2863813201125716
DEBUG:root:-2.2863813201125716
DEBUG:root:-2.2863813201125716
DEBUG:root:-2.2863813201125716
DEBUG:root:-2.2863813201125716
DEBUG:root:-2.2863813201125716
DEBUG:root:-2.2863813201125716
DEBUG:root:-2.2863813201125716
DEBUG:root:-2.2863813201125716
DEBUG:root:-2.2863813201125716
DEBUG:root:-2.2863813201125716
DEBUG:root:-2.2863813201125716
DEBUG:root:-2.251474735072685
DEBUG:root:-2.251474735072685
DEBUG:root:-2.251474735072685
DEBUG:root:-2.251474735072685
DEBUG:root:-2.251474735072685
DEBUG:root:-2.251474735072685
DEBUG:root:-2.251474735072685
DEBUG:root:-2.251474735072685
DEBUG:root:-2.251474735072685
DEBUG:root:-2.251474735072685
DEBUG:root:-2.251474735072685
DEBUG:root:-2.251474735072685
DEBUG:root:-2.251474735072685
DEBUG:root:-2.251474735072685
DEBUG:root:-2.251474735072685
DEBUG:root:-2.251474735072685
DEBUG:root:-2.251474735072685
DEBUG:root:-2.251474735072685
DEBUG:root:-2.251474735072685
DEBUG:root:-2.251474735072685
DEBUG:root:-2.251474735072685
DEBUG:root:-2.251474735072685
DEBUG:root:-2.251474735072685
DEBUG:root:-2.251474735072685
DEBUG:root:-2.251474735072685
DEBUG:root:-2.251474735072685
DEBUG:root:-2.251474735072685
DEBUG:root:-2.251474735072685
DEBUG:root:-2.2165681500327983
DEBUG:root:-2.2165681500327983
DEBUG:root:-2.2165681500327983
DEBUG:root:-2.2165681500327983
DEBUG:root:-2.2165681500327983
DEBUG:root:-2.2165681500327983
DEBUG:root:-2.2165681500327983
DEBUG:root:-2.2165681500327983
DEBUG:root:-2.2165681500327983
DEBUG:root:-2.2165681500327983
DEBUG:root:-2.2165681500327983
DEBUG:root:-2.2165681500327983
DEBUG:root:-2.2165681500327983
DEBUG:root:-2.2165681500327983
DEBUG:root:-2.2165681500327983
DEBUG:root:-2.2165681500327983
DEBUG:root:-2.2165681500327983
DEBUG:root:-2.2165681500327983
DEBUG:root:-2.2165681500327983
DEBUG:root:-2.2165681500327983
DEBUG:root:-2.2165681500327983
DEBUG:root:-2.2165681500327983
DEBUG:root:-2.2165681500327983
DEBUG:root:-2.2165681500327983
DEBUG:root:-2.2165681500327983
DEBUG:root:-2.2165681500327983
DEBUG:root:-2.2165681500327983
DEBUG:root:-2.199114857512855
DEBUG:root:-2.199114857512855
DEBUG:root:-2.199114857512855
DEBUG:root:-2.199114857512855
DEBUG:root:-2.199114857512855
DEBUG:root:-2.199114857512855
DEBUG:root:-2.199114857512855
DEBUG:root:-2.199114857512855
DEBUG:root:-2.199114857512855
DEBUG:root:-2.199114857512855
DEBUG:root:-2.199114857512855
DEBUG:root:-2.199114857512855
DEBUG:root:-2.199114857512855
DEBUG:root:-2.199114857512855
DEBUG:root:-2.199114857512855
DEBUG:root:-2.199114857512855
DEBUG:root:-2.199114857512855
DEBUG:root:-2.199114857512855
DEBUG:root:-2.199114857512855
DEBUG:root:-2.199114857512855
DEBUG:root:-2.199114857512855
DEBUG:root:-2.199114857512855
DEBUG:root:-2.199114857512855
DEBUG:root:-2.199114857512855
DEBUG:root:-2.199114857512855
DEBUG:root:-2.199114857512855
DEBUG:root:-2.199114857512855
DEBUG:root:-2.199114857512855
DEBUG:root:-2.1642082724729685
DEBUG:root:-2.1642082724729685
DEBUG:root:-2.1642082724729685
DEBUG:root:-2.1642082724729685
DEBUG:root:-2.1642082724729685
DEBUG:root:-2.1642082724729685
DEBUG:root:-2.1642082724729685
DEBUG:root:-2.1642082724729685
DEBUG:root:-2.1642082724729685
DEBUG:root:-2.1642082724729685
DEBUG:root:-2.1642082724729685
DEBUG:root:-2.1642082724729685
DEBUG:root:-2.1642082724729685
DEBUG:root:-2.1642082724729685
DEBUG:root:-2.1642082724729685
DEBUG:root:-2.1642082724729685
DEBUG:root:-2.1642082724729685
DEBUG:root:-2.1642082724729685
DEBUG:root:-2.1642082724729685
DEBUG:root:-2.1642082724729685
DEBUG:root:-2.1642082724729685
DEBUG:root:-2.1642082724729685
DEBUG:root:-2.1642082724729685
DEBUG:root:-2.1642082724729685
DEBUG:root:-2.1642082724729685
DEBUG:root:-2.1642082724729685
DEBUG:root:-2.1642082724729685
DEBUG:root:-2.1642082724729685
DEBUG:root:-2.1642082724729685
DEBUG:root:-2.1642082724729685
DEBUG:root:-2.1642082724729685
DEBUG:root:-2.1642082724729685
DEBUG:root:-2.1642082724729685
DEBUG:root:-2.129301687433082
DEBUG:root:-2.129301687433082
DEBUG:root:-2.129301687433082
DEBUG:root:-2.129301687433082
DEBUG:root:-2.129301687433082
DEBUG:root:-2.129301687433082
DEBUG:root:-2.129301687433082
DEBUG:root:-2.129301687433082
DEBUG:root:-2.129301687433082
DEBUG:root:-2.129301687433082
DEBUG:root:-2.129301687433082
DEBUG:root:-2.129301687433082
DEBUG:root:-2.129301687433082
DEBUG:root:-2.129301687433082
DEBUG:root:-2.129301687433082
DEBUG:root:-2.129301687433082
DEBUG:root:-2.129301687433082
DEBUG:root:-2.129301687433082
DEBUG:root:-2.129301687433082
DEBUG:root:-2.129301687433082
DEBUG:root:-2.129301687433082
DEBUG:root:-2.129301687433082
DEBUG:root:-2.129301687433082
DEBUG:root:-2.129301687433082
DEBUG:root:-2.129301687433082
DEBUG:root:-2.129301687433082
DEBUG:root:-2.129301687433082
DEBUG:root:-2.129301687433082
DEBUG:root:-2.129301687433082
DEBUG:root:-2.129301687433082
DEBUG:root:-2.129301687433082
DEBUG:root:-2.0943951023931953
DEBUG:root:-2.0943951023931953
DEBUG:root:-2.0943951023931953
DEBUG:root:-2.0943951023931953
DEBUG:root:-2.0943951023931953
DEBUG:root:-2.0943951023931953
DEBUG:root:-2.0943951023931953
DEBUG:root:-2.0943951023931953
DEBUG:root:-2.0943951023931953
DEBUG:root:-2.0943951023931953
DEBUG:root:-2.0943951023931953
DEBUG:root:-2.0943951023931953
DEBUG:root:-2.0943951023931953
DEBUG:root:-2.0943951023931953
DEBUG:root:-2.0943951023931953
DEBUG:root:-2.0943951023931953
DEBUG:root:-2.0943951023931953
DEBUG:root:-2.0943951023931953
DEBUG:root:-2.0943951023931953
DEBUG:root:-2.0943951023931953
DEBUG:root:-2.0943951023931953
DEBUG:root:-2.0943951023931953
DEBUG:root:-2.0943951023931953
DEBUG:root:-2.0943951023931953
DEBUG:root:-2.0943951023931953
DEBUG:root:-2.0943951023931953
DEBUG:root:-2.0943951023931953
DEBUG:root:-2.0943951023931953
DEBUG:root:-2.0943951023931953
DEBUG:root:-2.0943951023931953
DEBUG:root:-2.076941809873252
DEBUG:root:-2.076941809873252
DEBUG:root:-2.076941809873252
DEBUG:root:-2.076941809873252
DEBUG:root:-2.076941809873252
DEBUG:root:-2.076941809873252
DEBUG:root:-2.076941809873252
DEBUG:root:-2.076941809873252
DEBUG:root:-2.076941809873252
DEBUG:root:-2.076941809873252
DEBUG:root:-2.076941809873252
DEBUG:root:-2.076941809873252
DEBUG:root:-2.076941809873252
DEBUG:root:-2.076941809873252
DEBUG:root:-2.076941809873252
DEBUG:root:-2.076941809873252
DEBUG:root:-2.076941809873252
DEBUG:root:-2.076941809873252
DEBUG:root:-2.076941809873252
DEBUG:root:-2.076941809873252
DEBUG:root:-2.076941809873252
DEBUG:root:-2.076941809873252
DEBUG:root:-2.076941809873252
DEBUG:root:-2.076941809873252
DEBUG:root:-2.076941809873252
DEBUG:root:-2.076941809873252
DEBUG:root:-2.076941809873252
DEBUG:root:-2.076941809873252
DEBUG:root:-2.076941809873252
DEBUG:root:-2.076941809873252
DEBUG:root:-2.076941809873252
DEBUG:root:-2.0420352248333655
DEBUG:root:-2.0420352248333655
DEBUG:root:-2.0420352248333655
DEBUG:root:-2.0420352248333655
DEBUG:root:-2.0420352248333655
DEBUG:root:-2.0420352248333655
DEBUG:root:-2.0420352248333655
DEBUG:root:-2.0420352248333655
DEBUG:root:-2.0420352248333655
DEBUG:root:-2.0420352248333655
DEBUG:root:-2.0420352248333655
DEBUG:root:-2.0420352248333655
DEBUG:root:-2.0420352248333655
DEBUG:root:-2.0420352248333655
DEBUG:root:-2.0420352248333655
DEBUG:root:-2.0420352248333655
DEBUG:root:-2.0420352248333655
DEBUG:root:-2.0420352248333655
DEBUG:root:-2.0420352248333655
DEBUG:root:-2.0420352248333655
DEBUG:root:-2.0420352248333655
DEBUG:root:-2.0420352248333655
DEBUG:root:-2.0420352248333655
DEBUG:root:-2.0420352248333655
DEBUG:root:-2.0420352248333655
DEBUG:root:-2.0420352248333655
DEBUG:root:-2.0420352248333655
DEBUG:root:-2.0420352248333655
DEBUG:root:-2.0420352248333655
DEBUG:root:-2.0420352248333655
DEBUG:root:-2.0420352248333655
DEBUG:root:-2.0245819323134224
DEBUG:root:-2.0245819323134224
DEBUG:root:-2.0245819323134224
DEBUG:root:-2.0245819323134224
DEBUG:root:-2.0245819323134224
DEBUG:root:-2.0245819323134224
DEBUG:root:-2.0245819323134224
DEBUG:root:-2.0245819323134224
DEBUG:root:-2.0245819323134224
DEBUG:root:-2.0245819323134224
DEBUG:root:-2.0245819323134224
DEBUG:root:-2.0245819323134224
DEBUG:root:-2.0245819323134224
DEBUG:root:-2.0245819323134224
DEBUG:root:-2.0245819323134224
DEBUG:root:-2.0245819323134224
DEBUG:root:-2.0245819323134224
DEBUG:root:-2.0245819323134224
DEBUG:root:-2.0245819323134224
DEBUG:root:-2.0245819323134224
DEBUG:root:-2.0245819323134224
DEBUG:root:-2.0245819323134224
DEBUG:root:-2.0245819323134224
DEBUG:root:-2.0245819323134224
DEBUG:root:-2.0245819323134224
DEBUG:root:-2.0245819323134224
DEBUG:root:-2.0245819323134224
DEBUG:root:-2.0245819323134224
DEBUG:root:-2.0245819323134224
DEBUG:root:-2.0245819323134224
DEBUG:root:-1.9896753472735358
DEBUG:root:-1.9896753472735358
DEBUG:root:-1.9896753472735358
DEBUG:root:-1.9896753472735358
DEBUG:root:-1.9896753472735358
DEBUG:root:-1.9896753472735358
DEBUG:root:-1.9896753472735358
DEBUG:root:-1.9896753472735358
DEBUG:root:-1.9896753472735358
DEBUG:root:-1.9896753472735358
DEBUG:root:-1.9896753472735358
DEBUG:root:-1.9896753472735358
DEBUG:root:-1.9896753472735358
DEBUG:root:-1.9896753472735358
DEBUG:root:-1.9896753472735358
DEBUG:root:-1.9896753472735358
DEBUG:root:-1.9896753472735358
DEBUG:root:-1.9896753472735358
DEBUG:root:-1.9896753472735358
DEBUG:root:-1.9896753472735358
DEBUG:root:-1.9896753472735358
DEBUG:root:-1.9896753472735358
DEBUG:root:-1.9896753472735358
DEBUG:root:-1.9896753472735358
DEBUG:root:-1.9896753472735358
DEBUG:root:-1.9896753472735358
DEBUG:root:-1.9896753472735358
DEBUG:root:-1.9896753472735358
DEBUG:root:-1.9896753472735358
DEBUG:root:-1.9896753472735358
DEBUG:root:-1.9896753472735358
DEBUG:root:-1.9722220547535922
DEBUG:root:-1.9722220547535922
DEBUG:root:-1.9722220547535922
DEBUG:root:-1.9722220547535922
DEBUG:root:-1.9722220547535922
DEBUG:root:-1.9722220547535922
DEBUG:root:-1.9722220547535922
DEBUG:root:-1.9722220547535922
DEBUG:root:-1.9722220547535922
DEBUG:root:-1.9722220547535922
DEBUG:root:-1.9722220547535922
DEBUG:root:-1.9722220547535922
DEBUG:root:-1.9722220547535922
DEBUG:root:-1.9722220547535922
DEBUG:root:-1.9722220547535922
DEBUG:root:-1.9722220547535922
DEBUG:root:-1.9722220547535922
DEBUG:root:-1.9722220547535922
DEBUG:root:-1.9722220547535922
DEBUG:root:-1.9722220547535922
DEBUG:root:-1.9722220547535922
DEBUG:root:-1.9722220547535922
DEBUG:root:-1.9722220547535922
DEBUG:root:-1.9722220547535922
DEBUG:root:-1.9722220547535922
DEBUG:root:-1.9722220547535922
DEBUG:root:-1.9722220547535922
DEBUG:root:-1.9722220547535922
DEBUG:root:-1.9722220547535922
DEBUG:root:-1.9722220547535922
DEBUG:root:-1.9722220547535922
DEBUG:root:-1.9722220547535922
DEBUG:root:-1.9722220547535922
DEBUG:root:-1.9722220547535922
DEBUG:root:-1.9373154697137058
DEBUG:root:-1.9373154697137058
DEBUG:root:-1.9373154697137058
DEBUG:root:-1.9373154697137058
DEBUG:root:-1.9373154697137058
DEBUG:root:-1.9373154697137058
DEBUG:root:-1.9373154697137058
DEBUG:root:-1.9373154697137058
DEBUG:root:-1.9373154697137058
DEBUG:root:-1.9373154697137058
DEBUG:root:-1.9373154697137058
DEBUG:root:-1.9373154697137058
DEBUG:root:-1.9373154697137058
DEBUG:root:-1.9373154697137058
DEBUG:root:-1.9373154697137058
DEBUG:root:-1.9373154697137058
DEBUG:root:-1.9373154697137058
DEBUG:root:-1.9373154697137058
DEBUG:root:-1.9373154697137058
DEBUG:root:-1.9373154697137058
DEBUG:root:-1.9373154697137058
DEBUG:root:-1.9373154697137058
DEBUG:root:-1.9373154697137058
DEBUG:root:-1.9373154697137058
DEBUG:root:-1.9373154697137058
DEBUG:root:-1.9373154697137058
DEBUG:root:-1.9373154697137058
DEBUG:root:-1.9373154697137058
DEBUG:root:-1.9024088846738192
DEBUG:root:-1.9024088846738192
DEBUG:root:-1.9024088846738192
DEBUG:root:-1.9024088846738192
DEBUG:root:-1.9024088846738192
DEBUG:root:-1.9024088846738192
DEBUG:root:-1.9024088846738192
DEBUG:root:-1.9024088846738192
DEBUG:root:-1.9024088846738192
DEBUG:root:-1.9024088846738192
DEBUG:root:-1.9024088846738192
DEBUG:root:-1.9024088846738192
DEBUG:root:-1.9024088846738192
DEBUG:root:-1.9024088846738192
DEBUG:root:-1.9024088846738192
DEBUG:root:-1.9024088846738192
DEBUG:root:-1.9024088846738192
DEBUG:root:-1.9024088846738192
DEBUG:root:-1.9024088846738192
DEBUG:root:-1.9024088846738192
DEBUG:root:-1.9024088846738192
DEBUG:root:-1.9024088846738192
DEBUG:root:-1.9024088846738192
DEBUG:root:-1.9024088846738192
DEBUG:root:-1.9024088846738192
DEBUG:root:-1.9024088846738192
DEBUG:root:-1.9024088846738192
DEBUG:root:-1.9024088846738192
DEBUG:root:-1.9024088846738192
DEBUG:root:-1.9024088846738192
DEBUG:root:-1.8849555921538759
DEBUG:root:-1.8849555921538759
DEBUG:root:-1.8849555921538759
DEBUG:root:-1.8849555921538759
DEBUG:root:-1.8849555921538759
DEBUG:root:-1.8849555921538759
DEBUG:root:-1.8849555921538759
DEBUG:root:-1.8849555921538759
DEBUG:root:-1.8849555921538759
DEBUG:root:-1.8849555921538759
DEBUG:root:-1.8849555921538759
DEBUG:root:-1.8849555921538759
DEBUG:root:-1.8849555921538759
DEBUG:root:-1.8849555921538759
DEBUG:root:-1.8849555921538759
DEBUG:root:-1.8849555921538759
DEBUG:root:-1.8849555921538759
DEBUG:root:-1.8849555921538759
DEBUG:root:-1.8849555921538759
DEBUG:root:-1.8849555921538759
DEBUG:root:-1.8849555921538759
DEBUG:root:-1.8849555921538759
DEBUG:root:-1.8849555921538759
DEBUG:root:-1.8849555921538759
DEBUG:root:-1.8849555921538759
DEBUG:root:-1.8849555921538759
DEBUG:root:-1.8849555921538759
DEBUG:root:-1.8849555921538759
DEBUG:root:-1.8849555921538759
DEBUG:root:-1.8849555921538759
DEBUG:root:-1.8849555921538759
DEBUG:root:-1.8500490071139892
DEBUG:root:-1.8500490071139892
DEBUG:root:-1.8500490071139892
DEBUG:root:-1.8500490071139892
DEBUG:root:-1.8500490071139892
DEBUG:root:-1.8500490071139892
DEBUG:root:-1.8500490071139892
DEBUG:root:-1.8500490071139892
DEBUG:root:-1.8500490071139892
DEBUG:root:-1.8500490071139892
DEBUG:root:-1.8500490071139892
DEBUG:root:-1.8500490071139892
DEBUG:root:-1.8500490071139892
DEBUG:root:-1.8500490071139892
DEBUG:root:-1.8500490071139892
DEBUG:root:-1.8500490071139892
DEBUG:root:-1.8500490071139892
DEBUG:root:-1.8500490071139892
DEBUG:root:-1.8500490071139892
DEBUG:root:-1.8500490071139892
DEBUG:root:-1.8500490071139892
DEBUG:root:-1.8500490071139892
DEBUG:root:-1.8500490071139892
DEBUG:root:-1.8500490071139892
DEBUG:root:-1.8500490071139892
DEBUG:root:-1.8500490071139892
DEBUG:root:-1.8500490071139892
DEBUG:root:-1.8500490071139892
DEBUG:root:-1.8500490071139892
DEBUG:root:-1.8500490071139892
DEBUG:root:-1.8500490071139892
DEBUG:root:-1.8151424220741026
DEBUG:root:-1.8151424220741026
DEBUG:root:-1.8151424220741026
DEBUG:root:-1.8151424220741026
DEBUG:root:-1.8151424220741026
DEBUG:root:-1.8151424220741026
DEBUG:root:-1.8151424220741026
DEBUG:root:-1.8151424220741026
DEBUG:root:-1.8151424220741026
DEBUG:root:-1.8151424220741026
DEBUG:root:-1.8151424220741026
DEBUG:root:-1.8151424220741026
DEBUG:root:-1.8151424220741026
DEBUG:root:-1.8151424220741026
DEBUG:root:-1.8151424220741026
DEBUG:root:-1.8151424220741026
DEBUG:root:-1.8151424220741026
DEBUG:root:-1.8151424220741026
DEBUG:root:-1.8151424220741026
DEBUG:root:-1.8151424220741026
DEBUG:root:-1.8151424220741026
DEBUG:root:-1.8151424220741026
DEBUG:root:-1.8151424220741026
DEBUG:root:-1.8151424220741026
DEBUG:root:-1.8151424220741026
DEBUG:root:-1.8151424220741026
DEBUG:root:-1.8151424220741026
DEBUG:root:-1.8151424220741026
DEBUG:root:-1.8151424220741026
DEBUG:root:-1.8151424220741026
DEBUG:root:-1.8151424220741026
DEBUG:root:-1.8151424220741026
DEBUG:root:-1.7976891295541595
DEBUG:root:-1.7976891295541595
DEBUG:root:-1.7976891295541595
DEBUG:root:-1.7976891295541595
DEBUG:root:-1.7976891295541595
DEBUG:root:-1.7976891295541595
DEBUG:root:-1.7976891295541595
DEBUG:root:-1.7976891295541595
DEBUG:root:-1.7976891295541595
DEBUG:root:-1.7976891295541595
DEBUG:root:-1.7976891295541595
DEBUG:root:-1.7976891295541595
DEBUG:root:-1.7976891295541595
DEBUG:root:-1.7976891295541595
DEBUG:root:-1.7976891295541595
DEBUG:root:-1.7976891295541595
DEBUG:root:-1.7976891295541595
DEBUG:root:-1.7976891295541595
DEBUG:root:-1.7976891295541595
DEBUG:root:-1.7976891295541595
DEBUG:root:-1.7976891295541595
DEBUG:root:-1.7976891295541595
DEBUG:root:-1.7976891295541595
DEBUG:root:-1.7976891295541595
DEBUG:root:-1.7976891295541595
DEBUG:root:-1.7976891295541595
DEBUG:root:-1.7976891295541595
DEBUG:root:-1.7976891295541595
DEBUG:root:-1.7976891295541595
DEBUG:root:-1.7976891295541595
DEBUG:root:-1.7976891295541595
DEBUG:root:-1.7976891295541595
DEBUG:root:-1.7627825445142729
DEBUG:root:-1.7627825445142729
DEBUG:root:-1.7627825445142729
DEBUG:root:-1.7627825445142729
DEBUG:root:-1.7627825445142729
DEBUG:root:-1.7627825445142729
DEBUG:root:-1.7627825445142729
DEBUG:root:-1.7627825445142729
DEBUG:root:-1.7627825445142729
DEBUG:root:-1.7627825445142729
DEBUG:root:-1.7627825445142729
DEBUG:root:-1.7627825445142729
DEBUG:root:-1.7627825445142729
DEBUG:root:-1.7627825445142729
DEBUG:root:-1.7627825445142729
DEBUG:root:-1.7627825445142729
DEBUG:root:-1.7627825445142729
DEBUG:root:-1.7627825445142729
DEBUG:root:-1.7627825445142729
DEBUG:root:-1.7627825445142729
DEBUG:root:-1.7627825445142729
DEBUG:root:-1.7627825445142729
DEBUG:root:-1.7627825445142729
DEBUG:root:-1.7627825445142729
DEBUG:root:-1.7627825445142729
DEBUG:root:-1.7627825445142729
DEBUG:root:-1.7627825445142729
DEBUG:root:-1.7627825445142729
DEBUG:root:-1.7627825445142729
DEBUG:root:-1.7627825445142729
DEBUG:root:-1.7627825445142729
DEBUG:root:-1.7627825445142729
DEBUG:root:-1.7627825445142729
DEBUG:root:-1.7453292519943295
DEBUG:root:-1.7453292519943295
DEBUG:root:-1.7453292519943295
DEBUG:root:-1.7453292519943295
DEBUG:root:-1.7453292519943295
DEBUG:root:-1.7453292519943295
DEBUG:root:-1.7453292519943295
DEBUG:root:-1.7453292519943295
DEBUG:root:-1.7453292519943295
DEBUG:root:-1.7453292519943295
DEBUG:root:-1.7453292519943295
DEBUG:root:-1.7453292519943295
DEBUG:root:-1.7453292519943295
DEBUG:root:-1.7453292519943295
DEBUG:root:-1.7453292519943295
DEBUG:root:-1.7453292519943295
DEBUG:root:-1.7453292519943295
DEBUG:root:-1.7453292519943295
DEBUG:root:-1.7453292519943295
DEBUG:root:-1.7453292519943295
DEBUG:root:-1.7453292519943295
DEBUG:root:-1.7453292519943295
DEBUG:root:-1.7453292519943295
DEBUG:root:-1.7453292519943295
DEBUG:root:-1.7453292519943295
DEBUG:root:-1.7453292519943295
DEBUG:root:-1.7453292519943295
DEBUG:root:-1.7453292519943295
DEBUG:root:-1.7453292519943295
DEBUG:root:-1.7453292519943295
DEBUG:root:-1.7453292519943295
DEBUG:root:-1.7453292519943295
DEBUG:root:-1.7453292519943295
DEBUG:root:-1.7453292519943295
DEBUG:root:-1.710422666954443
DEBUG:root:-1.710422666954443
DEBUG:root:-1.710422666954443
DEBUG:root:-1.710422666954443
DEBUG:root:-1.710422666954443
DEBUG:root:-1.710422666954443
DEBUG:root:-1.710422666954443
DEBUG:root:-1.710422666954443
DEBUG:root:-1.710422666954443
DEBUG:root:-1.710422666954443
DEBUG:root:-1.710422666954443
DEBUG:root:-1.710422666954443
DEBUG:root:-1.710422666954443
DEBUG:root:-1.710422666954443
DEBUG:root:-1.710422666954443
DEBUG:root:-1.710422666954443
DEBUG:root:-1.710422666954443
DEBUG:root:-1.710422666954443
DEBUG:root:-1.710422666954443
DEBUG:root:-1.710422666954443
DEBUG:root:-1.710422666954443
DEBUG:root:-1.710422666954443
DEBUG:root:-1.710422666954443
DEBUG:root:-1.710422666954443
DEBUG:root:-1.710422666954443
DEBUG:root:-1.710422666954443
DEBUG:root:-1.710422666954443
DEBUG:root:-1.710422666954443
DEBUG:root:-1.710422666954443
DEBUG:root:-1.710422666954443
DEBUG:root:-1.710422666954443
DEBUG:root:-1.710422666954443
DEBUG:root:-1.710422666954443
DEBUG:root:-1.6755160819145563
DEBUG:root:-1.6755160819145563
DEBUG:root:-1.6755160819145563
DEBUG:root:-1.6755160819145563
DEBUG:root:-1.6755160819145563
DEBUG:root:-1.6755160819145563
DEBUG:root:-1.6755160819145563
DEBUG:root:-1.6755160819145563
DEBUG:root:-1.6755160819145563
DEBUG:root:-1.6755160819145563
DEBUG:root:-1.6755160819145563
DEBUG:root:-1.6755160819145563
DEBUG:root:-1.6755160819145563
DEBUG:root:-1.6755160819145563
DEBUG:root:-1.6755160819145563
DEBUG:root:-1.6755160819145563
DEBUG:root:-1.6755160819145563
DEBUG:root:-1.6755160819145563
DEBUG:root:-1.6755160819145563
DEBUG:root:-1.6755160819145563
DEBUG:root:-1.6755160819145563
DEBUG:root:-1.6755160819145563
DEBUG:root:-1.6755160819145563
DEBUG:root:-1.6755160819145563
DEBUG:root:-1.6755160819145563
DEBUG:root:-1.6755160819145563
DEBUG:root:-1.6755160819145563
DEBUG:root:-1.6755160819145563
DEBUG:root:-1.6755160819145563
DEBUG:root:-1.6755160819145563
DEBUG:root:-1.6755160819145563
DEBUG:root:-1.6755160819145563
DEBUG:root:-1.6406094968746698
DEBUG:root:-1.6406094968746698
DEBUG:root:-1.6406094968746698
DEBUG:root:-1.6406094968746698
DEBUG:root:-1.6406094968746698
DEBUG:root:-1.6406094968746698
DEBUG:root:-1.6406094968746698
DEBUG:root:-1.6406094968746698
DEBUG:root:-1.6406094968746698
DEBUG:root:-1.6406094968746698
DEBUG:root:-1.6406094968746698
DEBUG:root:-1.6406094968746698
DEBUG:root:-1.6406094968746698
DEBUG:root:-1.6406094968746698
DEBUG:root:-1.6406094968746698
DEBUG:root:-1.6406094968746698
DEBUG:root:-1.6406094968746698
DEBUG:root:-1.6406094968746698
DEBUG:root:-1.6406094968746698
DEBUG:root:-1.6406094968746698
DEBUG:root:-1.6406094968746698
DEBUG:root:-1.6406094968746698
DEBUG:root:-1.6406094968746698
DEBUG:root:-1.6406094968746698
DEBUG:root:-1.6406094968746698
DEBUG:root:-1.6406094968746698
DEBUG:root:-1.6406094968746698
DEBUG:root:-1.6406094968746698
DEBUG:root:-1.6406094968746698
DEBUG:root:-1.6406094968746698
DEBUG:root:-1.6406094968746698
DEBUG:root:-1.6406094968746698
INFO:root:HALF_EIGHT_SHORT: done!
DEBUG:root:GENERATE_GRID: goal_k is: [7. 1.]
 goals: [array([7., 1.]), array([7., 7.])]
DEBUG:root:GENERATE_GRID: grid is:
[[-1.  7. -1. -1. -1. -1. -1. 13. -1. -1. -1. 21. -1. -1. -1.]
 [-1.  6.  7.  8.  9. 10. 11. 12. -1. 18. 19. 20. 21. 22. -1.]
 [-1.  5.  6.  7.  8.  9. 10. 11. -1. 17. 18. -1. 22. 21. -1.]
 [-1.  4.  5.  6.  7.  8.  9. 10. -1. 16. -1. -1. -1. 20. -1.]
 [-1.  3.  4.  5.  6.  7.  8.  9. -1. 15. 16. -1. 18. 19. -1.]
 [-1.  2.  3.  4.  5.  6.  7.  8. -1. 14. 15. 16. 17. 18. -1.]
 [-1.  1.  2.  3.  4.  5.  6.  7. -1. 13. 14. -1. 18. 17. -1.]
 [-1.  0.  1.  2.  3.  4.  5.  6. -1. 12. -1. -1. -1. 16. -1.]
 [-1.  1. -1. -1. -1. -1. -1.  7. -1. 11. 12. -1. 14. 15. -1.]
 [-1.  2.  3.  4.  5.  6.  7.  8.  9. 10. 11. 12. 13. 14. -1.]
 [-1.  3.  4.  5.  6.  7.  8.  9. 10. 11. 12. 13. 14. 15. -1.]
 [-1.  4.  5.  6.  7.  8.  9. 10. 11. 12. 13. 14. 15. 16. -1.]
 [-1.  5.  6.  7.  8.  9. 10. 11. 12. 13. 14. 15. 16. 17. -1.]
 [-1.  6.  7.  8.  9. 10. 11. 12. 13. 14. 15. 16. 17. 18. -1.]
 [-1. -1. -1. -1. -1. -1. -1. -1. -1. -1. -1. -1. -1. -1. -1.]]
DEBUG:root:GENERATE_GRID: goal_k is: [7. 7.]
 goals: [array([7., 1.]), array([7., 7.])]
DEBUG:root:GENERATE_GRID: grid is:
[[-1. 13. -1. -1. -1. -1. -1.  7. -1. -1. -1. 15. -1. -1. -1.]
 [-1. 12. 11. 10.  9.  8.  7.  6. -1. 12. 13. 14. 15. 16. -1.]
 [-1. 11. 10.  9.  8.  7.  6.  5. -1. 11. 12. -1. 16. 15. -1.]
 [-1. 10.  9.  8.  7.  6.  5.  4. -1. 10. -1. -1. -1. 14. -1.]
 [-1.  9.  8.  7.  6.  5.  4.  3. -1.  9. 10. -1. 12. 13. -1.]
 [-1.  8.  7.  6.  5.  4.  3.  2. -1.  8.  9. 10. 11. 12. -1.]
 [-1.  7.  6.  5.  4.  3.  2.  1. -1.  7.  8. -1. 12. 11. -1.]
 [-1.  6.  5.  4.  3.  2.  1.  0. -1.  6. -1. -1. -1. 10. -1.]
 [-1.  7. -1. -1. -1. -1. -1.  1. -1.  5.  6. -1.  8.  9. -1.]
 [-1.  8.  7.  6.  5.  4.  3.  2.  3.  4.  5.  6.  7.  8. -1.]
 [-1.  9.  8.  7.  6.  5.  4.  3.  4.  5.  6.  7.  8.  9. -1.]
 [-1. 10.  9.  8.  7.  6.  5.  4.  5.  6.  7.  8.  9. 10. -1.]
 [-1. 11. 10.  9.  8.  7.  6.  5.  6.  7.  8.  9. 10. 11. -1.]
 [-1. 12. 11. 10.  9.  8.  7.  6.  7.  8.  9. 10. 11. 12. -1.]
 [-1. -1. -1. -1. -1. -1. -1. -1. -1. -1. -1. -1. -1. -1. -1.]]
DEBUG:root:GENERATE_GRID: voy a mezclar 2 grids
DEBUG:root:MIX_GRIDS: im in
DEBUG:root:MIX_GRIDS: comprobando grid 2
DEBUG:root:GENERATE_GRID: final grid value:
 [[-1.  7. -1. -1. -1. -1. -1.  7. -1. -1. -1. 15. -1. -1. -1.]
 [-1.  6.  7.  8.  9.  8.  7.  6. -1. 12. 13. 14. 15. 16. -1.]
 [-1.  5.  6.  7.  8.  7.  6.  5. -1. 11. 12. -1. 16. 15. -1.]
 [-1.  4.  5.  6.  7.  6.  5.  4. -1. 10. -1. -1. -1. 14. -1.]
 [-1.  3.  4.  5.  6.  5.  4.  3. -1.  9. 10. -1. 12. 13. -1.]
 [-1.  2.  3.  4.  5.  4.  3.  2. -1.  8.  9. 10. 11. 12. -1.]
 [-1.  1.  2.  3.  4.  3.  2.  1. -1.  7.  8. -1. 12. 11. -1.]
 [-1.  0.  1.  2.  3.  2.  1.  0. -1.  6. -1. -1. -1. 10. -1.]
 [-1.  1. -1. -1. -1. -1. -1.  1. -1.  5.  6. -1.  8.  9. -1.]
 [-1.  2.  3.  4.  5.  4.  3.  2.  3.  4.  5.  6.  7.  8. -1.]
 [-1.  3.  4.  5.  6.  5.  4.  3.  4.  5.  6.  7.  8.  9. -1.]
 [-1.  4.  5.  6.  7.  6.  5.  4.  5.  6.  7.  8.  9. 10. -1.]
 [-1.  5.  6.  7.  8.  7.  6.  5.  6.  7.  8.  9. 10. 11. -1.]
 [-1.  6.  7.  8.  9.  8.  7.  6.  7.  8.  9. 10. 11. 12. -1.]
 [-1. -1. -1. -1. -1. -1. -1. -1. -1. -1. -1. -1. -1. -1. -1.]]
DEBUG:root:
###################### NAVIGATE_MAP ######################
 my turbogoal is: [array([7., 1.]), array([7., 7.])](array)
DEBUG:root:Y 
 
o  X
DEBUG:root:+---+---+---+---+---+---+---+---+---+----+---+----+---+----+---+
|  |    |  |  |  |  |  |    |  |   |  |     |  |   |  |
+---+---+---+---+---+---+---+---+---+----+---+----+---+----+---+
|  | 6 |    | 8 |    | 8 |    | 6 |  | 12 |    | 14 |    | 16 |  |
+---+---+---+---+---+---+---+---+---+----+---+----+---+----+---+
|  |    |    |    |    |    |    |    |  |     |    |   |    |     |  |
+---+---+---+---+---+---+---+---+---+----+---+----+---+----+---+
|  | 4 |    | 6 |    | 6 |    | 4 |  | 10 |  |   |  | 14 |  |
+---+---+---+---+---+---+---+---+---+----+---+----+---+----+---+
|  |    |    |    |    |    |    |    |  |     |    |   |    |     |  |
+---+---+---+---+---+---+---+---+---+----+---+----+---+----+---+
|  | 2 |    | 4 |    | 4 |    | 2 |  | 8  |    | 10 |    | 12 |  |
+---+---+---+---+---+---+---+---+---+----+---+----+---+----+---+
|  |    |    |    |    |    |    |    |  |     |    |   |    |     |  |
+---+---+---+---+---+---+---+---+---+----+---+----+---+----+---+
|  | 0 |    | 2 |    | 2 |    | 0 |  |   |  |   |  | 10 |  |
+---+---+---+---+---+---+---+---+---+----+---+----+---+----+---+
|  |    |  |  |  |  |  |    |  |     |    |   |    |     |  |
+---+---+---+---+---+---+---+---+---+----+---+----+---+----+---+
|  | 2 |    | 4 |    | 4 |    | 2 |    | 4  |    | 6  |    | 8  |  |
+---+---+---+---+---+---+---+---+---+----+---+----+---+----+---+
|  |    |    |    |    |    |    |    |    |     |    |     |    |     |  |
+---+---+---+---+---+---+---+---+---+----+---+----+---+----+---+
|  | 4 |    | 6 |    | 6 |    | 4 |    | 6  |    | 8  |    | 10 |  |
+---+---+---+---+---+---+---+---+---+----+---+----+---+----+---+
|  |    |    |    |    |    |    |    |    |     |    |     |    |     |  |
+---+---+---+---+---+---+---+---+---+----+---+----+---+----+---+
|  | 6 |    | 8 |    | 8 |    | 6 |    | 8  |    | 10 |    | 12 |  |
+---+---+---+---+---+---+---+---+---+----+---+----+---+----+---+
|  |  |  |  |  |  |  |  |  |   |  |   |  |   |  |
+---+---+---+---+---+---+---+---+---+----+---+----+---+----+---+
DEBUG:root:GO_TO_CELL: relative move: 0
DEBUG:root:GO_TO_CELL: voy recto
WARNING:root:OH NOOO A WALL <:o
DEBUG:root:GO_TO_CELL: An exception was raised, calling remake_map function (offset angle: 4)...

DEBUG:root:REMAKE_MAP: mi cell is [7 9] and my offset angle is 4

DEBUG:root:REMAKE_MAP: third case (4)

DEBUG:root:GENERATE_GRID: goal_k is: [7. 1.]
 goals: [array([7., 1.]), array([7., 7.])]
DEBUG:root:GENERATE_GRID: grid is:
[[-1.  7. -1. -1. -1. -1. -1. 13. -1. -1. -1. 25. -1. -1. -1.]
 [-1.  6.  7.  8.  9. 10. 11. 12. -1. 26. 25. 24. 23. 22. -1.]
 [-1.  5.  6.  7.  8.  9. 10. 11. -1. 25. 26. -1. 22. 21. -1.]
 [-1.  4.  5.  6.  7.  8.  9. 10. -1. 24. -1. -1. -1. 20. -1.]
 [-1.  3.  4.  5.  6.  7.  8.  9. -1. 23. 22. -1. 20. 19. -1.]
 [-1.  2.  3.  4.  5.  6.  7.  8. -1. 22. 21. 20. 19. 18. -1.]
 [-1.  1.  2.  3.  4.  5.  6.  7. -1. 23. 22. -1. 18. 17. -1.]
 [-1.  0.  1.  2.  3.  4.  5.  6. -1. 24. -1. -1. -1. 16. -1.]
 [-1.  1. -1. -1. -1. -1. -1.  7. -1. -1. 12. -1. 14. 15. -1.]
 [-1.  2.  3.  4.  5.  6.  7.  8.  9. 10. 11. 12. 13. 14. -1.]
 [-1.  3.  4.  5.  6.  7.  8.  9. 10. 11. 12. 13. 14. 15. -1.]
 [-1.  4.  5.  6.  7.  8.  9. 10. 11. 12. 13. 14. 15. 16. -1.]
 [-1.  5.  6.  7.  8.  9. 10. 11. 12. 13. 14. 15. 16. 17. -1.]
 [-1.  6.  7.  8.  9. 10. 11. 12. 13. 14. 15. 16. 17. 18. -1.]
 [-1. -1. -1. -1. -1. -1. -1. -1. -1. -1. -1. -1. -1. -1. -1.]]
DEBUG:root:GENERATE_GRID: goal_k is: [7. 7.]
 goals: [array([7., 1.]), array([7., 7.])]
DEBUG:root:GENERATE_GRID: grid is:
[[-1. 13. -1. -1. -1. -1. -1.  7. -1. -1. -1. 19. -1. -1. -1.]
 [-1. 12. 11. 10.  9.  8.  7.  6. -1. 20. 19. 18. 17. 16. -1.]
 [-1. 11. 10.  9.  8.  7.  6.  5. -1. 19. 20. -1. 16. 15. -1.]
 [-1. 10.  9.  8.  7.  6.  5.  4. -1. 18. -1. -1. -1. 14. -1.]
 [-1.  9.  8.  7.  6.  5.  4.  3. -1. 17. 16. -1. 14. 13. -1.]
 [-1.  8.  7.  6.  5.  4.  3.  2. -1. 16. 15. 14. 13. 12. -1.]
 [-1.  7.  6.  5.  4.  3.  2.  1. -1. 17. 16. -1. 12. 11. -1.]
 [-1.  6.  5.  4.  3.  2.  1.  0. -1. 18. -1. -1. -1. 10. -1.]
 [-1.  7. -1. -1. -1. -1. -1.  1. -1. -1.  6. -1.  8.  9. -1.]
 [-1.  8.  7.  6.  5.  4.  3.  2.  3.  4.  5.  6.  7.  8. -1.]
 [-1.  9.  8.  7.  6.  5.  4.  3.  4.  5.  6.  7.  8.  9. -1.]
 [-1. 10.  9.  8.  7.  6.  5.  4.  5.  6.  7.  8.  9. 10. -1.]
 [-1. 11. 10.  9.  8.  7.  6.  5.  6.  7.  8.  9. 10. 11. -1.]
 [-1. 12. 11. 10.  9.  8.  7.  6.  7.  8.  9. 10. 11. 12. -1.]
 [-1. -1. -1. -1. -1. -1. -1. -1. -1. -1. -1. -1. -1. -1. -1.]]
DEBUG:root:GENERATE_GRID: voy a mezclar 2 grids
DEBUG:root:MIX_GRIDS: im in
DEBUG:root:MIX_GRIDS: comprobando grid 2
DEBUG:root:GENERATE_GRID: final grid value:
 [[-1.  7. -1. -1. -1. -1. -1.  7. -1. -1. -1. 19. -1. -1. -1.]
 [-1.  6.  7.  8.  9.  8.  7.  6. -1. 20. 19. 18. 17. 16. -1.]
 [-1.  5.  6.  7.  8.  7.  6.  5. -1. 19. 20. -1. 16. 15. -1.]
 [-1.  4.  5.  6.  7.  6.  5.  4. -1. 18. -1. -1. -1. 14. -1.]
 [-1.  3.  4.  5.  6.  5.  4.  3. -1. 17. 16. -1. 14. 13. -1.]
 [-1.  2.  3.  4.  5.  4.  3.  2. -1. 16. 15. 14. 13. 12. -1.]
 [-1.  1.  2.  3.  4.  3.  2.  1. -1. 17. 16. -1. 12. 11. -1.]
 [-1.  0.  1.  2.  3.  2.  1.  0. -1. 18. -1. -1. -1. 10. -1.]
 [-1.  1. -1. -1. -1. -1. -1.  1. -1. -1.  6. -1.  8.  9. -1.]
 [-1.  2.  3.  4.  5.  4.  3.  2.  3.  4.  5.  6.  7.  8. -1.]
 [-1.  3.  4.  5.  6.  5.  4.  3.  4.  5.  6.  7.  8.  9. -1.]
 [-1.  4.  5.  6.  7.  6.  5.  4.  5.  6.  7.  8.  9. 10. -1.]
 [-1.  5.  6.  7.  8.  7.  6.  5.  6.  7.  8.  9. 10. 11. -1.]
 [-1.  6.  7.  8.  9.  8.  7.  6.  7.  8.  9. 10. 11. 12. -1.]
 [-1. -1. -1. -1. -1. -1. -1. -1. -1. -1. -1. -1. -1. -1. -1.]]
DEBUG:root:REMAKE MAP: NEW GRID HAS BEEN GENERATED :D

DEBUG:root:
----------------------------------------------------------------------------

DEBUG:root:Y 
 
o  X
DEBUG:root:+---+---+---+---+---+---+---+---+---+----+---+----+---+----+---+
|  |    |  |  |  |  |  |    |  |   |  |     |  |   |  |
+---+---+---+---+---+---+---+---+---+----+---+----+---+----+---+
|  | 6 |    | 8 |    | 8 |    | 6 |  | 20 |    | 18 |    | 16 |  |
+---+---+---+---+---+---+---+---+---+----+---+----+---+----+---+
|  |    |    |    |    |    |    |    |  |     |    |   |    |     |  |
+---+---+---+---+---+---+---+---+---+----+---+----+---+----+---+
|  | 4 |    | 6 |    | 6 |    | 4 |  | 18 |  |   |  | 14 |  |
+---+---+---+---+---+---+---+---+---+----+---+----+---+----+---+
|  |    |    |    |    |    |    |    |  |     |    |   |    |     |  |
+---+---+---+---+---+---+---+---+---+----+---+----+---+----+---+
|  | 2 |    | 4 |    | 4 |    | 2 |  | 16 |    | 14 |    | 12 |  |
+---+---+---+---+---+---+---+---+---+----+---+----+---+----+---+
|  |    |    |    |    |    |    |    |  |     |    |   |    |     |  |
+---+---+---+---+---+---+---+---+---+----+---+----+---+----+---+
|  | 0 |    | 2 |    | 2 |    | 0 |  |   |  |   |  | 10 |  |
+---+---+---+---+---+---+---+---+---+----+---+----+---+----+---+
|  |    |  |  |  |  |  |    |  |   |    |   |    |     |  |
+---+---+---+---+---+---+---+---+---+----+---+----+---+----+---+
|  | 2 |    | 4 |    | 4 |    | 2 |    | 4  |    | 6  |    | 8  |  |
+---+---+---+---+---+---+---+---+---+----+---+----+---+----+---+
|  |    |    |    |    |    |    |    |    |     |    |     |    |     |  |
+---+---+---+---+---+---+---+---+---+----+---+----+---+----+---+
|  | 4 |    | 6 |    | 6 |    | 4 |    | 6  |    | 8  |    | 10 |  |
+---+---+---+---+---+---+---+---+---+----+---+----+---+----+---+
|  |    |    |    |    |    |    |    |    |     |    |     |    |     |  |
+---+---+---+---+---+---+---+---+---+----+---+----+---+----+---+
|  | 6 |    | 8 |    | 8 |    | 6 |    | 8  |    | 10 |    | 12 |  |
+---+---+---+---+---+---+---+---+---+----+---+----+---+----+---+
|  |  |  |  |  |  |  |  |  |   |  |   |  |   |  |
+---+---+---+---+---+---+---+---+---+----+---+----+---+----+---+
DEBUG:root:GO_TO_CELL: relative move: 4
DEBUG:root:GO_TO_CELL: giro 180 y voy recto
DEBUG:root:
----------------------------------------------------------------------------

DEBUG:root:Y 
 
o  X
DEBUG:root:+---+---+---+---+---+---+---+---+---+----+---+----+---+----+---+
|  |    |  |  |  |  |  |    |  |   |  |     |  |   |  |
+---+---+---+---+---+---+---+---+---+----+---+----+---+----+---+
|  | 6 |    | 8 |    | 8 |    | 6 |  | 20 |    | 18 |    | 16 |  |
+---+---+---+---+---+---+---+---+---+----+---+----+---+----+---+
|  |    |    |    |    |    |    |    |  |     |    |   |    |     |  |
+---+---+---+---+---+---+---+---+---+----+---+----+---+----+---+
|  | 4 |    | 6 |    | 6 |    | 4 |  | 18 |  |   |  | 14 |  |
+---+---+---+---+---+---+---+---+---+----+---+----+---+----+---+
|  |    |    |    |    |    |    |    |  |     |    |   |    |     |  |
+---+---+---+---+---+---+---+---+---+----+---+----+---+----+---+
|  | 2 |    | 4 |    | 4 |    | 2 |  |   |    | 14 |    | 12 |  |
+---+---+---+---+---+---+---+---+---+----+---+----+---+----+---+
|  |    |    |    |    |    |    |    |  |     |    |   |    |     |  |
+---+---+---+---+---+---+---+---+---+----+---+----+---+----+---+
|  | 0 |    | 2 |    | 2 |    | 0 |  | 18 |  |   |  | 10 |  |
+---+---+---+---+---+---+---+---+---+----+---+----+---+----+---+
|  |    |  |  |  |  |  |    |  |   |    |   |    |     |  |
+---+---+---+---+---+---+---+---+---+----+---+----+---+----+---+
|  | 2 |    | 4 |    | 4 |    | 2 |    | 4  |    | 6  |    | 8  |  |
+---+---+---+---+---+---+---+---+---+----+---+----+---+----+---+
|  |    |    |    |    |    |    |    |    |     |    |     |    |     |  |
+---+---+---+---+---+---+---+---+---+----+---+----+---+----+---+
|  | 4 |    | 6 |    | 6 |    | 4 |    | 6  |    | 8  |    | 10 |  |
+---+---+---+---+---+---+---+---+---+----+---+----+---+----+---+
|  |    |    |    |    |    |    |    |    |     |    |     |    |     |  |
+---+---+---+---+---+---+---+---+---+----+---+----+---+----+---+
|  | 6 |    | 8 |    | 8 |    | 6 |    | 8  |    | 10 |    | 12 |  |
+---+---+---+---+---+---+---+---+---+----+---+----+---+----+---+
|  |  |  |  |  |  |  |  |  |   |  |   |  |   |  |
+---+---+---+---+---+---+---+---+---+----+---+----+---+----+---+
DEBUG:root:GO_TO_CELL: relative move: 2
DEBUG:root:GO_TO_CELL: giro derecha y voy recto
DEBUG:root:
----------------------------------------------------------------------------

DEBUG:root:Y 
 
o  X
DEBUG:root:+---+---+---+---+---+---+---+---+---+----+---+----+---+----+---+
|  |    |  |  |  |  |  |    |  |   |  |     |  |   |  |
+---+---+---+---+---+---+---+---+---+----+---+----+---+----+---+
|  | 6 |    | 8 |    | 8 |    | 6 |  | 20 |    | 18 |    | 16 |  |
+---+---+---+---+---+---+---+---+---+----+---+----+---+----+---+
|  |    |    |    |    |    |    |    |  |     |    |   |    |     |  |
+---+---+---+---+---+---+---+---+---+----+---+----+---+----+---+
|  | 4 |    | 6 |    | 6 |    | 4 |  | 18 |  |   |  | 14 |  |
+---+---+---+---+---+---+---+---+---+----+---+----+---+----+---+
|  |    |    |    |    |    |    |    |  |     |    |   |    |     |  |
+---+---+---+---+---+---+---+---+---+----+---+----+---+----+---+
|  | 2 |    | 4 |    | 4 |    | 2 |  | 16 |    |   |    | 12 |  |
+---+---+---+---+---+---+---+---+---+----+---+----+---+----+---+
|  |    |    |    |    |    |    |    |  |     |    |   |    |     |  |
+---+---+---+---+---+---+---+---+---+----+---+----+---+----+---+
|  | 0 |    | 2 |    | 2 |    | 0 |  | 18 |  |   |  | 10 |  |
+---+---+---+---+---+---+---+---+---+----+---+----+---+----+---+
|  |    |  |  |  |  |  |    |  |   |    |   |    |     |  |
+---+---+---+---+---+---+---+---+---+----+---+----+---+----+---+
|  | 2 |    | 4 |    | 4 |    | 2 |    | 4  |    | 6  |    | 8  |  |
+---+---+---+---+---+---+---+---+---+----+---+----+---+----+---+
|  |    |    |    |    |    |    |    |    |     |    |     |    |     |  |
+---+---+---+---+---+---+---+---+---+----+---+----+---+----+---+
|  | 4 |    | 6 |    | 6 |    | 4 |    | 6  |    | 8  |    | 10 |  |
+---+---+---+---+---+---+---+---+---+----+---+----+---+----+---+
|  |    |    |    |    |    |    |    |    |     |    |     |    |     |  |
+---+---+---+---+---+---+---+---+---+----+---+----+---+----+---+
|  | 6 |    | 8 |    | 8 |    | 6 |    | 8  |    | 10 |    | 12 |  |
+---+---+---+---+---+---+---+---+---+----+---+----+---+----+---+
|  |  |  |  |  |  |  |  |  |   |  |   |  |   |  |
+---+---+---+---+---+---+---+---+---+----+---+----+---+----+---+
DEBUG:root:GO_TO_CELL: relative move: 0
DEBUG:root:GO_TO_CELL: voy recto
DEBUG:root:
----------------------------------------------------------------------------

DEBUG:root:Y 
 
o  X
DEBUG:root:+---+---+---+---+---+---+---+---+---+----+---+----+---+----+---+
|  |    |  |  |  |  |  |    |  |   |  |     |  |   |  |
+---+---+---+---+---+---+---+---+---+----+---+----+---+----+---+
|  | 6 |    | 8 |    | 8 |    | 6 |  | 20 |    | 18 |    | 16 |  |
+---+---+---+---+---+---+---+---+---+----+---+----+---+----+---+
|  |    |    |    |    |    |    |    |  |     |    |   |    |     |  |
+---+---+---+---+---+---+---+---+---+----+---+----+---+----+---+
|  | 4 |    | 6 |    | 6 |    | 4 |  | 18 |  |   |  | 14 |  |
+---+---+---+---+---+---+---+---+---+----+---+----+---+----+---+
|  |    |    |    |    |    |    |    |  |     |    |   |    |     |  |
+---+---+---+---+---+---+---+---+---+----+---+----+---+----+---+
|  | 2 |    | 4 |    | 4 |    | 2 |  | 16 |    | 14 |    |   |  |
+---+---+---+---+---+---+---+---+---+----+---+----+---+----+---+
|  |    |    |    |    |    |    |    |  |     |    |   |    |     |  |
+---+---+---+---+---+---+---+---+---+----+---+----+---+----+---+
|  | 0 |    | 2 |    | 2 |    | 0 |  | 18 |  |   |  | 10 |  |
+---+---+---+---+---+---+---+---+---+----+---+----+---+----+---+
|  |    |  |  |  |  |  |    |  |   |    |   |    |     |  |
+---+---+---+---+---+---+---+---+---+----+---+----+---+----+---+
|  | 2 |    | 4 |    | 4 |    | 2 |    | 4  |    | 6  |    | 8  |  |
+---+---+---+---+---+---+---+---+---+----+---+----+---+----+---+
|  |    |    |    |    |    |    |    |    |     |    |     |    |     |  |
+---+---+---+---+---+---+---+---+---+----+---+----+---+----+---+
|  | 4 |    | 6 |    | 6 |    | 4 |    | 6  |    | 8  |    | 10 |  |
+---+---+---+---+---+---+---+---+---+----+---+----+---+----+---+
|  |    |    |    |    |    |    |    |    |     |    |     |    |     |  |
+---+---+---+---+---+---+---+---+---+----+---+----+---+----+---+
|  | 6 |    | 8 |    | 8 |    | 6 |    | 8  |    | 10 |    | 12 |  |
+---+---+---+---+---+---+---+---+---+----+---+----+---+----+---+
|  |  |  |  |  |  |  |  |  |   |  |   |  |   |  |
+---+---+---+---+---+---+---+---+---+----+---+----+---+----+---+
DEBUG:root:GO_TO_CELL: relative move: 2
DEBUG:root:GO_TO_CELL: giro derecha y voy recto
DEBUG:root:
----------------------------------------------------------------------------

DEBUG:root:Y 
 
o  X
DEBUG:root:+---+---+---+---+---+---+---+---+---+----+---+----+---+----+---+
|  |    |  |  |  |  |  |    |  |   |  |     |  |   |  |
+---+---+---+---+---+---+---+---+---+----+---+----+---+----+---+
|  | 6 |    | 8 |    | 8 |    | 6 |  | 20 |    | 18 |    | 16 |  |
+---+---+---+---+---+---+---+---+---+----+---+----+---+----+---+
|  |    |    |    |    |    |    |    |  |     |    |   |    |     |  |
+---+---+---+---+---+---+---+---+---+----+---+----+---+----+---+
|  | 4 |    | 6 |    | 6 |    | 4 |  | 18 |  |   |  | 14 |  |
+---+---+---+---+---+---+---+---+---+----+---+----+---+----+---+
|  |    |    |    |    |    |    |    |  |     |    |   |    |     |  |
+---+---+---+---+---+---+---+---+---+----+---+----+---+----+---+
|  | 2 |    | 4 |    | 4 |    | 2 |  | 16 |    | 14 |    | 12 |  |
+---+---+---+---+---+---+---+---+---+----+---+----+---+----+---+
|  |    |    |    |    |    |    |    |  |     |    |   |    |     |  |
+---+---+---+---+---+---+---+---+---+----+---+----+---+----+---+
|  | 0 |    | 2 |    | 2 |    | 0 |  | 18 |  |   |  |   |  |
+---+---+---+---+---+---+---+---+---+----+---+----+---+----+---+
|  |    |  |  |  |  |  |    |  |   |    |   |    |     |  |
+---+---+---+---+---+---+---+---+---+----+---+----+---+----+---+
|  | 2 |    | 4 |    | 4 |    | 2 |    | 4  |    | 6  |    | 8  |  |
+---+---+---+---+---+---+---+---+---+----+---+----+---+----+---+
|  |    |    |    |    |    |    |    |    |     |    |     |    |     |  |
+---+---+---+---+---+---+---+---+---+----+---+----+---+----+---+
|  | 4 |    | 6 |    | 6 |    | 4 |    | 6  |    | 8  |    | 10 |  |
+---+---+---+---+---+---+---+---+---+----+---+----+---+----+---+
|  |    |    |    |    |    |    |    |    |     |    |     |    |     |  |
+---+---+---+---+---+---+---+---+---+----+---+----+---+----+---+
|  | 6 |    | 8 |    | 8 |    | 6 |    | 8  |    | 10 |    | 12 |  |
+---+---+---+---+---+---+---+---+---+----+---+----+---+----+---+
|  |  |  |  |  |  |  |  |  |   |  |   |  |   |  |
+---+---+---+---+---+---+---+---+---+----+---+----+---+----+---+
DEBUG:root:GO_TO_CELL: relative move: 0
DEBUG:root:GO_TO_CELL: voy recto
DEBUG:root:
----------------------------------------------------------------------------

DEBUG:root:Y 
 
o  X
DEBUG:root:+---+---+---+---+---+---+---+---+---+----+---+----+---+----+---+
|  |    |  |  |  |  |  |    |  |   |  |     |  |   |  |
+---+---+---+---+---+---+---+---+---+----+---+----+---+----+---+
|  | 6 |    | 8 |    | 8 |    | 6 |  | 20 |    | 18 |    | 16 |  |
+---+---+---+---+---+---+---+---+---+----+---+----+---+----+---+
|  |    |    |    |    |    |    |    |  |     |    |   |    |     |  |
+---+---+---+---+---+---+---+---+---+----+---+----+---+----+---+
|  | 4 |    | 6 |    | 6 |    | 4 |  | 18 |  |   |  | 14 |  |
+---+---+---+---+---+---+---+---+---+----+---+----+---+----+---+
|  |    |    |    |    |    |    |    |  |     |    |   |    |     |  |
+---+---+---+---+---+---+---+---+---+----+---+----+---+----+---+
|  | 2 |    | 4 |    | 4 |    | 2 |  | 16 |    | 14 |    | 12 |  |
+---+---+---+---+---+---+---+---+---+----+---+----+---+----+---+
|  |    |    |    |    |    |    |    |  |     |    |   |    |     |  |
+---+---+---+---+---+---+---+---+---+----+---+----+---+----+---+
|  | 0 |    | 2 |    | 2 |    | 0 |  | 18 |  |   |  | 10 |  |
+---+---+---+---+---+---+---+---+---+----+---+----+---+----+---+
|  |    |  |  |  |  |  |    |  |   |    |   |    |     |  |
+---+---+---+---+---+---+---+---+---+----+---+----+---+----+---+
|  | 2 |    | 4 |    | 4 |    | 2 |    | 4  |    | 6  |    |   |  |
+---+---+---+---+---+---+---+---+---+----+---+----+---+----+---+
|  |    |    |    |    |    |    |    |    |     |    |     |    |     |  |
+---+---+---+---+---+---+---+---+---+----+---+----+---+----+---+
|  | 4 |    | 6 |    | 6 |    | 4 |    | 6  |    | 8  |    | 10 |  |
+---+---+---+---+---+---+---+---+---+----+---+----+---+----+---+
|  |    |    |    |    |    |    |    |    |     |    |     |    |     |  |
+---+---+---+---+---+---+---+---+---+----+---+----+---+----+---+
|  | 6 |    | 8 |    | 8 |    | 6 |    | 8  |    | 10 |    | 12 |  |
+---+---+---+---+---+---+---+---+---+----+---+----+---+----+---+
|  |  |  |  |  |  |  |  |  |   |  |   |  |   |  |
+---+---+---+---+---+---+---+---+---+----+---+----+---+----+---+
DEBUG:root:GO_TO_CELL: relative move: 2
DEBUG:root:GO_TO_CELL: giro derecha y voy recto
DEBUG:root:
----------------------------------------------------------------------------

DEBUG:root:Y 
 
o  X
DEBUG:root:+---+---+---+---+---+---+---+---+---+----+---+----+---+----+---+
|  |    |  |  |  |  |  |    |  |   |  |     |  |   |  |
+---+---+---+---+---+---+---+---+---+----+---+----+---+----+---+
|  | 6 |    | 8 |    | 8 |    | 6 |  | 20 |    | 18 |    | 16 |  |
+---+---+---+---+---+---+---+---+---+----+---+----+---+----+---+
|  |    |    |    |    |    |    |    |  |     |    |   |    |     |  |
+---+---+---+---+---+---+---+---+---+----+---+----+---+----+---+
|  | 4 |    | 6 |    | 6 |    | 4 |  | 18 |  |   |  | 14 |  |
+---+---+---+---+---+---+---+---+---+----+---+----+---+----+---+
|  |    |    |    |    |    |    |    |  |     |    |   |    |     |  |
+---+---+---+---+---+---+---+---+---+----+---+----+---+----+---+
|  | 2 |    | 4 |    | 4 |    | 2 |  | 16 |    | 14 |    | 12 |  |
+---+---+---+---+---+---+---+---+---+----+---+----+---+----+---+
|  |    |    |    |    |    |    |    |  |     |    |   |    |     |  |
+---+---+---+---+---+---+---+---+---+----+---+----+---+----+---+
|  | 0 |    | 2 |    | 2 |    | 0 |  | 18 |  |   |  | 10 |  |
+---+---+---+---+---+---+---+---+---+----+---+----+---+----+---+
|  |    |  |  |  |  |  |    |  |   |    |   |    |     |  |
+---+---+---+---+---+---+---+---+---+----+---+----+---+----+---+
|  | 2 |    | 4 |    | 4 |    | 2 |    | 4  |    |   |    | 8  |  |
+---+---+---+---+---+---+---+---+---+----+---+----+---+----+---+
|  |    |    |    |    |    |    |    |    |     |    |     |    |     |  |
+---+---+---+---+---+---+---+---+---+----+---+----+---+----+---+
|  | 4 |    | 6 |    | 6 |    | 4 |    | 6  |    | 8  |    | 10 |  |
+---+---+---+---+---+---+---+---+---+----+---+----+---+----+---+
|  |    |    |    |    |    |    |    |    |     |    |     |    |     |  |
+---+---+---+---+---+---+---+---+---+----+---+----+---+----+---+
|  | 6 |    | 8 |    | 8 |    | 6 |    | 8  |    | 10 |    | 12 |  |
+---+---+---+---+---+---+---+---+---+----+---+----+---+----+---+
|  |  |  |  |  |  |  |  |  |   |  |   |  |   |  |
+---+---+---+---+---+---+---+---+---+----+---+----+---+----+---+
DEBUG:root:GO_TO_CELL: relative move: 0
DEBUG:root:GO_TO_CELL: voy recto
DEBUG:root:
----------------------------------------------------------------------------

DEBUG:root:Y 
 
o  X
DEBUG:root:+---+---+---+---+---+---+---+---+---+----+---+----+---+----+---+
|  |    |  |  |  |  |  |    |  |   |  |     |  |   |  |
+---+---+---+---+---+---+---+---+---+----+---+----+---+----+---+
|  | 6 |    | 8 |    | 8 |    | 6 |  | 20 |    | 18 |    | 16 |  |
+---+---+---+---+---+---+---+---+---+----+---+----+---+----+---+
|  |    |    |    |    |    |    |    |  |     |    |   |    |     |  |
+---+---+---+---+---+---+---+---+---+----+---+----+---+----+---+
|  | 4 |    | 6 |    | 6 |    | 4 |  | 18 |  |   |  | 14 |  |
+---+---+---+---+---+---+---+---+---+----+---+----+---+----+---+
|  |    |    |    |    |    |    |    |  |     |    |   |    |     |  |
+---+---+---+---+---+---+---+---+---+----+---+----+---+----+---+
|  | 2 |    | 4 |    | 4 |    | 2 |  | 16 |    | 14 |    | 12 |  |
+---+---+---+---+---+---+---+---+---+----+---+----+---+----+---+
|  |    |    |    |    |    |    |    |  |     |    |   |    |     |  |
+---+---+---+---+---+---+---+---+---+----+---+----+---+----+---+
|  | 0 |    | 2 |    | 2 |    | 0 |  | 18 |  |   |  | 10 |  |
+---+---+---+---+---+---+---+---+---+----+---+----+---+----+---+
|  |    |  |  |  |  |  |    |  |   |    |   |    |     |  |
+---+---+---+---+---+---+---+---+---+----+---+----+---+----+---+
|  | 2 |    | 4 |    | 4 |    | 2 |    |   |    | 6  |    | 8  |  |
+---+---+---+---+---+---+---+---+---+----+---+----+---+----+---+
|  |    |    |    |    |    |    |    |    |     |    |     |    |     |  |
+---+---+---+---+---+---+---+---+---+----+---+----+---+----+---+
|  | 4 |    | 6 |    | 6 |    | 4 |    | 6  |    | 8  |    | 10 |  |
+---+---+---+---+---+---+---+---+---+----+---+----+---+----+---+
|  |    |    |    |    |    |    |    |    |     |    |     |    |     |  |
+---+---+---+---+---+---+---+---+---+----+---+----+---+----+---+
|  | 6 |    | 8 |    | 8 |    | 6 |    | 8  |    | 10 |    | 12 |  |
+---+---+---+---+---+---+---+---+---+----+---+----+---+----+---+
|  |  |  |  |  |  |  |  |  |   |  |   |  |   |  |
+---+---+---+---+---+---+---+---+---+----+---+----+---+----+---+
DEBUG:root:GO_TO_CELL: relative move: 0
DEBUG:root:GO_TO_CELL: voy recto
DEBUG:root:
----------------------------------------------------------------------------

DEBUG:root:Y 
 
o  X
DEBUG:root:+---+---+---+---+---+---+---+---+---+----+---+----+---+----+---+
|  |    |  |  |  |  |  |    |  |   |  |     |  |   |  |
+---+---+---+---+---+---+---+---+---+----+---+----+---+----+---+
|  | 6 |    | 8 |    | 8 |    | 6 |  | 20 |    | 18 |    | 16 |  |
+---+---+---+---+---+---+---+---+---+----+---+----+---+----+---+
|  |    |    |    |    |    |    |    |  |     |    |   |    |     |  |
+---+---+---+---+---+---+---+---+---+----+---+----+---+----+---+
|  | 4 |    | 6 |    | 6 |    | 4 |  | 18 |  |   |  | 14 |  |
+---+---+---+---+---+---+---+---+---+----+---+----+---+----+---+
|  |    |    |    |    |    |    |    |  |     |    |   |    |     |  |
+---+---+---+---+---+---+---+---+---+----+---+----+---+----+---+
|  | 2 |    | 4 |    | 4 |    | 2 |  | 16 |    | 14 |    | 12 |  |
+---+---+---+---+---+---+---+---+---+----+---+----+---+----+---+
|  |    |    |    |    |    |    |    |  |     |    |   |    |     |  |
+---+---+---+---+---+---+---+---+---+----+---+----+---+----+---+
|  | 0 |    | 2 |    | 2 |    | 0 |  | 18 |  |   |  | 10 |  |
+---+---+---+---+---+---+---+---+---+----+---+----+---+----+---+
|  |    |  |  |  |  |  |    |  |   |    |   |    |     |  |
+---+---+---+---+---+---+---+---+---+----+---+----+---+----+---+
|  | 2 |    | 4 |    | 4 |    |  |    | 4  |    | 6  |    | 8  |  |
+---+---+---+---+---+---+---+---+---+----+---+----+---+----+---+
|  |    |    |    |    |    |    |    |    |     |    |     |    |     |  |
+---+---+---+---+---+---+---+---+---+----+---+----+---+----+---+
|  | 4 |    | 6 |    | 6 |    | 4 |    | 6  |    | 8  |    | 10 |  |
+---+---+---+---+---+---+---+---+---+----+---+----+---+----+---+
|  |    |    |    |    |    |    |    |    |     |    |     |    |     |  |
+---+---+---+---+---+---+---+---+---+----+---+----+---+----+---+
|  | 6 |    | 8 |    | 8 |    | 6 |    | 8  |    | 10 |    | 12 |  |
+---+---+---+---+---+---+---+---+---+----+---+----+---+----+---+
|  |  |  |  |  |  |  |  |  |   |  |   |  |   |  |
+---+---+---+---+---+---+---+---+---+----+---+----+---+----+---+
DEBUG:root:GO_TO_CELL: relative move: 2
DEBUG:root:GO_TO_CELL: giro derecha y voy recto
WARNING:root:OH NOOO A WALL <:o
DEBUG:root:GO_TO_CELL: An exception was raised, calling remake_map function (offset angle: 6)...

DEBUG:root:REMAKE_MAP: mi cell is [9 7] and my offset angle is 0

DEBUG:root:REMAKE_MAP: first case (0)

DEBUG:root:GENERATE_GRID: goal_k is: [7. 1.]
 goals: [array([7., 1.]), array([7., 7.])]
DEBUG:root:GENERATE_GRID: grid is:
[[-1.  7. -1. -1. -1. -1. -1. 13. -1. -1. -1. 25. -1. -1. -1.]
 [-1.  6.  7.  8.  9. 10. 11. 12. -1. 26. 25. 24. 23. 22. -1.]
 [-1.  5.  6.  7.  8.  9. 10. 11. -1. 25. 26. -1. 22. 21. -1.]
 [-1.  4.  5.  6.  7.  8.  9. 10. -1. 24. -1. -1. -1. 20. -1.]
 [-1.  3.  4.  5.  6.  7.  8.  9. -1. 23. 22. -1. 20. 19. -1.]
 [-1.  2.  3.  4.  5.  6.  7.  8. -1. 22. 21. 20. 19. 18. -1.]
 [-1.  1.  2.  3.  4.  5.  6.  7. -1. 23. 22. -1. 18. 17. -1.]
 [-1.  0.  1.  2.  3.  4.  5.  6. -1. 24. -1. -1. -1. 16. -1.]
 [-1.  1. -1. -1. -1. -1. -1. -1. -1. -1. 12. -1. 14. 15. -1.]
 [-1.  2.  3.  4.  5.  6.  7.  8.  9. 10. 11. 12. 13. 14. -1.]
 [-1.  3.  4.  5.  6.  7.  8.  9. 10. 11. 12. 13. 14. 15. -1.]
 [-1.  4.  5.  6.  7.  8.  9. 10. 11. 12. 13. 14. 15. 16. -1.]
 [-1.  5.  6.  7.  8.  9. 10. 11. 12. 13. 14. 15. 16. 17. -1.]
 [-1.  6.  7.  8.  9. 10. 11. 12. 13. 14. 15. 16. 17. 18. -1.]
 [-1. -1. -1. -1. -1. -1. -1. -1. -1. -1. -1. -1. -1. -1. -1.]]
DEBUG:root:GENERATE_GRID: goal_k is: [7. 7.]
 goals: [array([7., 1.]), array([7., 7.])]
DEBUG:root:GENERATE_GRID: grid is:
[[-1. 13. -1. -1. -1. -1. -1.  7. -1. -1. -1. 31. -1. -1. -1.]
 [-1. 12. 11. 10.  9.  8.  7.  6. -1. 32. 31. 30. 29. 28. -1.]
 [-1. 11. 10.  9.  8.  7.  6.  5. -1. 31. 32. -1. 28. 27. -1.]
 [-1. 10.  9.  8.  7.  6.  5.  4. -1. 30. -1. -1. -1. 26. -1.]
 [-1.  9.  8.  7.  6.  5.  4.  3. -1. 29. 28. -1. 26. 25. -1.]
 [-1.  8.  7.  6.  5.  4.  3.  2. -1. 28. 27. 26. 25. 24. -1.]
 [-1.  7.  6.  5.  4.  3.  2.  1. -1. 29. 28. -1. 24. 23. -1.]
 [-1.  6.  5.  4.  3.  2.  1.  0. -1. 30. -1. -1. -1. 22. -1.]
 [-1.  7. -1. -1. -1. -1. -1. -1. -1. -1. 18. -1. 20. 21. -1.]
 [-1.  8.  9. 10. 11. 12. 13. 14. 15. 16. 17. 18. 19. 20. -1.]
 [-1.  9. 10. 11. 12. 13. 14. 15. 16. 17. 18. 19. 20. 21. -1.]
 [-1. 10. 11. 12. 13. 14. 15. 16. 17. 18. 19. 20. 21. 22. -1.]
 [-1. 11. 12. 13. 14. 15. 16. 17. 18. 19. 20. 21. 22. 23. -1.]
 [-1. 12. 13. 14. 15. 16. 17. 18. 19. 20. 21. 22. 23. 24. -1.]
 [-1. -1. -1. -1. -1. -1. -1. -1. -1. -1. -1. -1. -1. -1. -1.]]
DEBUG:root:GENERATE_GRID: voy a mezclar 2 grids
DEBUG:root:MIX_GRIDS: im in
DEBUG:root:MIX_GRIDS: comprobando grid 2
DEBUG:root:GENERATE_GRID: final grid value:
 [[-1.  7. -1. -1. -1. -1. -1.  7. -1. -1. -1. 25. -1. -1. -1.]
 [-1.  6.  7.  8.  9.  8.  7.  6. -1. 26. 25. 24. 23. 22. -1.]
 [-1.  5.  6.  7.  8.  7.  6.  5. -1. 25. 26. -1. 22. 21. -1.]
 [-1.  4.  5.  6.  7.  6.  5.  4. -1. 24. -1. -1. -1. 20. -1.]
 [-1.  3.  4.  5.  6.  5.  4.  3. -1. 23. 22. -1. 20. 19. -1.]
 [-1.  2.  3.  4.  5.  4.  3.  2. -1. 22. 21. 20. 19. 18. -1.]
 [-1.  1.  2.  3.  4.  3.  2.  1. -1. 23. 22. -1. 18. 17. -1.]
 [-1.  0.  1.  2.  3.  2.  1.  0. -1. 24. -1. -1. -1. 16. -1.]
 [-1.  1. -1. -1. -1. -1. -1. -1. -1. -1. 12. -1. 14. 15. -1.]
 [-1.  2.  3.  4.  5.  6.  7.  8.  9. 10. 11. 12. 13. 14. -1.]
 [-1.  3.  4.  5.  6.  7.  8.  9. 10. 11. 12. 13. 14. 15. -1.]
 [-1.  4.  5.  6.  7.  8.  9. 10. 11. 12. 13. 14. 15. 16. -1.]
 [-1.  5.  6.  7.  8.  9. 10. 11. 12. 13. 14. 15. 16. 17. -1.]
 [-1.  6.  7.  8.  9. 10. 11. 12. 13. 14. 15. 16. 17. 18. -1.]
 [-1. -1. -1. -1. -1. -1. -1. -1. -1. -1. -1. -1. -1. -1. -1.]]
DEBUG:root:REMAKE MAP: NEW GRID HAS BEEN GENERATED :D

DEBUG:root:
----------------------------------------------------------------------------

DEBUG:root:Y 
 
o  X
DEBUG:root:+---+---+---+---+---+----+---+----+---+----+---+----+---+----+---+
|  |    |  |  |  |   |  |     |  |   |  |     |  |   |  |
+---+---+---+---+---+----+---+----+---+----+---+----+---+----+---+
|  | 6 |    | 8 |    | 8  |    | 6  |  | 26 |    | 24 |    | 22 |  |
+---+---+---+---+---+----+---+----+---+----+---+----+---+----+---+
|  |    |    |    |    |     |    |     |  |     |    |   |    |     |  |
+---+---+---+---+---+----+---+----+---+----+---+----+---+----+---+
|  | 4 |    | 6 |    | 6  |    | 4  |  | 24 |  |   |  | 20 |  |
+---+---+---+---+---+----+---+----+---+----+---+----+---+----+---+
|  |    |    |    |    |     |    |     |  |     |    |   |    |     |  |
+---+---+---+---+---+----+---+----+---+----+---+----+---+----+---+
|  | 2 |    | 4 |    | 4  |    | 2  |  | 22 |    | 20 |    | 18 |  |
+---+---+---+---+---+----+---+----+---+----+---+----+---+----+---+
|  |    |    |    |    |     |    |     |  |     |    |   |    |     |  |
+---+---+---+---+---+----+---+----+---+----+---+----+---+----+---+
|  | 0 |    | 2 |    | 2  |    | 0  |  | 24 |  |   |  | 16 |  |
+---+---+---+---+---+----+---+----+---+----+---+----+---+----+---+
|  |    |  |  |  |   |  |   |  |   |    |   |    |     |  |
+---+---+---+---+---+----+---+----+---+----+---+----+---+----+---+
|  | 2 |    | 4 |    | 6  |    |   |    | 10 |    | 12 |    | 14 |  |
+---+---+---+---+---+----+---+----+---+----+---+----+---+----+---+
|  |    |    |    |    |     |    |     |    |     |    |     |    |     |  |
+---+---+---+---+---+----+---+----+---+----+---+----+---+----+---+
|  | 4 |    | 6 |    | 8  |    | 10 |    | 12 |    | 14 |    | 16 |  |
+---+---+---+---+---+----+---+----+---+----+---+----+---+----+---+
|  |    |    |    |    |     |    |     |    |     |    |     |    |     |  |
+---+---+---+---+---+----+---+----+---+----+---+----+---+----+---+
|  | 6 |    | 8 |    | 10 |    | 12 |    | 14 |    | 16 |    | 18 |  |
+---+---+---+---+---+----+---+----+---+----+---+----+---+----+---+
|  |  |  |  |  |   |  |   |  |   |  |   |  |   |  |
+---+---+---+---+---+----+---+----+---+----+---+----+---+----+---+
DEBUG:root:GO_TO_CELL: relative move: 6
DEBUG:root:GO_TO_CELL: giro izquierda y voy recto
DEBUG:root:
----------------------------------------------------------------------------

DEBUG:root:Y 
 
o  X
DEBUG:root:+---+---+---+---+---+----+---+----+---+----+---+----+---+----+---+
|  |    |  |  |  |   |  |     |  |   |  |     |  |   |  |
+---+---+---+---+---+----+---+----+---+----+---+----+---+----+---+
|  | 6 |    | 8 |    | 8  |    | 6  |  | 26 |    | 24 |    | 22 |  |
+---+---+---+---+---+----+---+----+---+----+---+----+---+----+---+
|  |    |    |    |    |     |    |     |  |     |    |   |    |     |  |
+---+---+---+---+---+----+---+----+---+----+---+----+---+----+---+
|  | 4 |    | 6 |    | 6  |    | 4  |  | 24 |  |   |  | 20 |  |
+---+---+---+---+---+----+---+----+---+----+---+----+---+----+---+
|  |    |    |    |    |     |    |     |  |     |    |   |    |     |  |
+---+---+---+---+---+----+---+----+---+----+---+----+---+----+---+
|  | 2 |    | 4 |    | 4  |    | 2  |  | 22 |    | 20 |    | 18 |  |
+---+---+---+---+---+----+---+----+---+----+---+----+---+----+---+
|  |    |    |    |    |     |    |     |  |     |    |   |    |     |  |
+---+---+---+---+---+----+---+----+---+----+---+----+---+----+---+
|  | 0 |    | 2 |    | 2  |    | 0  |  | 24 |  |   |  | 16 |  |
+---+---+---+---+---+----+---+----+---+----+---+----+---+----+---+
|  |    |  |  |  |   |  |   |  |   |    |   |    |     |  |
+---+---+---+---+---+----+---+----+---+----+---+----+---+----+---+
|  | 2 |    | 4 |    |   |    | 8  |    | 10 |    | 12 |    | 14 |  |
+---+---+---+---+---+----+---+----+---+----+---+----+---+----+---+
|  |    |    |    |    |     |    |     |    |     |    |     |    |     |  |
+---+---+---+---+---+----+---+----+---+----+---+----+---+----+---+
|  | 4 |    | 6 |    | 8  |    | 10 |    | 12 |    | 14 |    | 16 |  |
+---+---+---+---+---+----+---+----+---+----+---+----+---+----+---+
|  |    |    |    |    |     |    |     |    |     |    |     |    |     |  |
+---+---+---+---+---+----+---+----+---+----+---+----+---+----+---+
|  | 6 |    | 8 |    | 10 |    | 12 |    | 14 |    | 16 |    | 18 |  |
+---+---+---+---+---+----+---+----+---+----+---+----+---+----+---+
|  |  |  |  |  |   |  |   |  |   |  |   |  |   |  |
+---+---+---+---+---+----+---+----+---+----+---+----+---+----+---+
DEBUG:root:GO_TO_CELL: relative move: 0
DEBUG:root:GO_TO_CELL: voy recto
DEBUG:root:
----------------------------------------------------------------------------

DEBUG:root:Y 
 
o  X
DEBUG:root:+---+---+---+---+---+----+---+----+---+----+---+----+---+----+---+
|  |    |  |  |  |   |  |     |  |   |  |     |  |   |  |
+---+---+---+---+---+----+---+----+---+----+---+----+---+----+---+
|  | 6 |    | 8 |    | 8  |    | 6  |  | 26 |    | 24 |    | 22 |  |
+---+---+---+---+---+----+---+----+---+----+---+----+---+----+---+
|  |    |    |    |    |     |    |     |  |     |    |   |    |     |  |
+---+---+---+---+---+----+---+----+---+----+---+----+---+----+---+
|  | 4 |    | 6 |    | 6  |    | 4  |  | 24 |  |   |  | 20 |  |
+---+---+---+---+---+----+---+----+---+----+---+----+---+----+---+
|  |    |    |    |    |     |    |     |  |     |    |   |    |     |  |
+---+---+---+---+---+----+---+----+---+----+---+----+---+----+---+
|  | 2 |    | 4 |    | 4  |    | 2  |  | 22 |    | 20 |    | 18 |  |
+---+---+---+---+---+----+---+----+---+----+---+----+---+----+---+
|  |    |    |    |    |     |    |     |  |     |    |   |    |     |  |
+---+---+---+---+---+----+---+----+---+----+---+----+---+----+---+
|  | 0 |    | 2 |    | 2  |    | 0  |  | 24 |  |   |  | 16 |  |
+---+---+---+---+---+----+---+----+---+----+---+----+---+----+---+
|  |    |  |  |  |   |  |   |  |   |    |   |    |     |  |
+---+---+---+---+---+----+---+----+---+----+---+----+---+----+---+
|  | 2 |    |  |    | 6  |    | 8  |    | 10 |    | 12 |    | 14 |  |
+---+---+---+---+---+----+---+----+---+----+---+----+---+----+---+
|  |    |    |    |    |     |    |     |    |     |    |     |    |     |  |
+---+---+---+---+---+----+---+----+---+----+---+----+---+----+---+
|  | 4 |    | 6 |    | 8  |    | 10 |    | 12 |    | 14 |    | 16 |  |
+---+---+---+---+---+----+---+----+---+----+---+----+---+----+---+
|  |    |    |    |    |     |    |     |    |     |    |     |    |     |  |
+---+---+---+---+---+----+---+----+---+----+---+----+---+----+---+
|  | 6 |    | 8 |    | 10 |    | 12 |    | 14 |    | 16 |    | 18 |  |
+---+---+---+---+---+----+---+----+---+----+---+----+---+----+---+
|  |  |  |  |  |   |  |   |  |   |  |   |  |   |  |
+---+---+---+---+---+----+---+----+---+----+---+----+---+----+---+
DEBUG:root:GO_TO_CELL: relative move: 0
DEBUG:root:GO_TO_CELL: voy recto
DEBUG:root:
----------------------------------------------------------------------------

DEBUG:root:Y 
 
o  X
DEBUG:root:+---+---+---+---+---+----+---+----+---+----+---+----+---+----+---+
|  |    |  |  |  |   |  |     |  |   |  |     |  |   |  |
+---+---+---+---+---+----+---+----+---+----+---+----+---+----+---+
|  | 6 |    | 8 |    | 8  |    | 6  |  | 26 |    | 24 |    | 22 |  |
+---+---+---+---+---+----+---+----+---+----+---+----+---+----+---+
|  |    |    |    |    |     |    |     |  |     |    |   |    |     |  |
+---+---+---+---+---+----+---+----+---+----+---+----+---+----+---+
|  | 4 |    | 6 |    | 6  |    | 4  |  | 24 |  |   |  | 20 |  |
+---+---+---+---+---+----+---+----+---+----+---+----+---+----+---+
|  |    |    |    |    |     |    |     |  |     |    |   |    |     |  |
+---+---+---+---+---+----+---+----+---+----+---+----+---+----+---+
|  | 2 |    | 4 |    | 4  |    | 2  |  | 22 |    | 20 |    | 18 |  |
+---+---+---+---+---+----+---+----+---+----+---+----+---+----+---+
|  |    |    |    |    |     |    |     |  |     |    |   |    |     |  |
+---+---+---+---+---+----+---+----+---+----+---+----+---+----+---+
|  | 0 |    | 2 |    | 2  |    | 0  |  | 24 |  |   |  | 16 |  |
+---+---+---+---+---+----+---+----+---+----+---+----+---+----+---+
|  |    |  |  |  |   |  |   |  |   |    |   |    |     |  |
+---+---+---+---+---+----+---+----+---+----+---+----+---+----+---+
|  |  |    | 4 |    | 6  |    | 8  |    | 10 |    | 12 |    | 14 |  |
+---+---+---+---+---+----+---+----+---+----+---+----+---+----+---+
|  |    |    |    |    |     |    |     |    |     |    |     |    |     |  |
+---+---+---+---+---+----+---+----+---+----+---+----+---+----+---+
|  | 4 |    | 6 |    | 8  |    | 10 |    | 12 |    | 14 |    | 16 |  |
+---+---+---+---+---+----+---+----+---+----+---+----+---+----+---+
|  |    |    |    |    |     |    |     |    |     |    |     |    |     |  |
+---+---+---+---+---+----+---+----+---+----+---+----+---+----+---+
|  | 6 |    | 8 |    | 10 |    | 12 |    | 14 |    | 16 |    | 18 |  |
+---+---+---+---+---+----+---+----+---+----+---+----+---+----+---+
|  |  |  |  |  |   |  |   |  |   |  |   |  |   |  |
+---+---+---+---+---+----+---+----+---+----+---+----+---+----+---+
DEBUG:root:GO_TO_CELL: relative move: 2
DEBUG:root:GO_TO_CELL: giro derecha y voy recto
DEBUG:root:
----------------------------------------------------------------------------

INFO:root:NAVIGATE_MAP: I've reached my goal
DEBUG:root:     GO_TO_CENTER: spinning to ABSOLUTE TH 0.8004573336763386
DEBUG:root:     GO_TO_CENTER: running to center: [0.8, 2.0]
INFO:root:Found the ball! Approaching...
INFO:root:Close enough to the ball, size is: 27.210947036743164
INFO:root:Centering the ball...
INFO:root:The ball's x position is: 81.0281982421875
INFO:root:Ball centered and ready to be catched!
INFO:root:The distance to be covered is: 0.17 meters
DEBUG:root:Watchpoint coordinates: [1.1 2.2]
DEBUG:root:     GO_TO_WATCHPOINT: spinning to ABSOLUTE TH -2.703214419584666
DEBUG:root:     GO_TO_WATCHPOINT: running to watchpoint: [3, 6]
DEBUG:root:     GO_TO_WATCHPOINT: facing image (pi/2 (im in -0.8333333333333333pi))...
DEBUG:root:EXIT_MAP: beggining exiting sequence...
WARNING:root:Traceback (most recent call last):
  File "/home/pi/oscar/main.py", line 107, in main
    actions.map.exit_map(oscar, black)
  File "/home/pi/oscar/actions/map.py", line 32, in exit_map
    logging.debug('EXIT_MAP: watchpoint is {}'.format(watchpoint))
NameError: name 'watchpoint' is not defined

WARNING:root:Abruptly stopped the robot!
INFO:root:Odometry was stopped
DEBUG:matplotlib.font_manager:findfont: Matching :family=sans-serif:style=normal:variant=normal:weight=normal:stretch=normal:size=10.0 to DejaVu Sans ('/home/pi/.local/lib/python3.5/site-packages/matplotlib/mpl-data/fonts/ttf/DejaVuSans.ttf') with score of 0.050000.
DEBUG:matplotlib.axes._base:update_title_pos
DEBUG:matplotlib.axes._base:update_title_pos
DEBUG:matplotlib.axes._base:update_title_pos
