INFO:root:MAIN: Program started
DEBUG:root:GENERATE_GRID: goal_k is: 0
 goals: [0, 0, 0]
DEBUG:root:GENERATE_GRID: no hay que mezclar
DEBUG:root:GENERATE_GRID: final grid value:
 [[ 0.  1. -1. -1. -1. -1. -1.  9. -1. -1. -1. 29. -1. -1. -1.]
 [-1.  2.  3.  4.  5.  6.  7.  8. -1. 26. 27. 28. 29. 30. -1.]
 [-1.  3.  4.  5.  6.  7.  8.  9. -1. 25. 26. -1. 30. 29. -1.]
 [-1.  4.  5.  6.  7.  8.  9. 10. -1. 24. -1. -1. -1. 28. -1.]
 [-1.  5.  6.  7.  8.  9. 10. 11. -1. 23. 24. -1. 26. 27. -1.]
 [-1.  6.  7.  8.  9. 10. 11. 12. -1. 22. 23. 24. 25. 26. -1.]
 [-1.  7.  8.  9. 10. 11. 12. 13. -1. 21. 22. -1. 26. 25. -1.]
 [-1.  8.  9. 10. 11. 12. 13. 14. -1. 20. -1. -1. -1. 24. -1.]
 [-1.  9. -1. -1. -1. -1. -1. 15. -1. 19. 20. -1. 22. 23. -1.]
 [-1. 10. 11. 12. 13. 14. 15. 16. 17. 18. 19. 20. 21. 22. -1.]
 [-1. 11. 12. 13. 14. 15. 16. 17. 18. 19. 20. 21. 22. 23. -1.]
 [-1. 12. 13. 14. 15. 16. 17. 18. 19. 20. 21. 22. 23. 24. -1.]
 [-1. 13. 14. 15. 16. 17. 18. 19. 20. 21. 22. 23. 24. 25. -1.]
 [-1. 14. 15. 16. 17. 18. 19. 20. 21. 22. 23. 24. 25. 26. -1.]
 [-1. -1. -1. -1. -1. -1. -1. -1. -1. -1. -1. -1. -1. -1. -1.]]
INFO:root:ROBOT: Robot set up!
INFO:root:ROBOT: Odometry was started, PID: 25729:
INFO:root:MAIN: Initial location: 2.2, 2.6, -1.5707963267948966


INFO:root:MAIN: The floor is BLACK
INFO:root:ROBOT setMapByColor: Tile color is black, setting map B
INFO:root:ROBOT forceNewPosition: Updating position to [2.2, 3]
DEBUG:root:-3.1066860685499065
DEBUG:root:-3.1066860685499065
DEBUG:root:-3.1066860685499065
DEBUG:root:-3.1066860685499065
DEBUG:root:-3.1066860685499065
DEBUG:root:-3.1066860685499065
DEBUG:root:-3.1066860685499065
DEBUG:root:-3.1066860685499065
DEBUG:root:-3.1066860685499065
DEBUG:root:-3.1066860685499065
DEBUG:root:-3.1066860685499065
DEBUG:root:-3.1066860685499065
DEBUG:root:-3.1066860685499065
DEBUG:root:-3.1066860685499065
DEBUG:root:-3.1066860685499065
DEBUG:root:-3.1066860685499065
DEBUG:root:-3.1066860685499065
DEBUG:root:-3.1066860685499065
DEBUG:root:-3.1066860685499065
DEBUG:root:-3.1066860685499065
DEBUG:root:-3.1066860685499065
DEBUG:root:-3.1066860685499065
DEBUG:root:-3.1066860685499065
DEBUG:root:-3.1066860685499065
DEBUG:root:-3.1066860685499065
DEBUG:root:-3.1066860685499065
DEBUG:root:-3.1066860685499065
DEBUG:root:-3.1066860685499065
DEBUG:root:-3.1066860685499065
DEBUG:root:-3.1066860685499065
DEBUG:root:-3.1066860685499065
DEBUG:root:-3.1066860685499065
DEBUG:root:-3.1066860685499065
DEBUG:root:-3.1066860685499065
DEBUG:root:-3.1066860685499065
DEBUG:root:-3.141592653589793
DEBUG:root:-3.141592653589793
DEBUG:root:-3.141592653589793
DEBUG:root:-3.141592653589793
DEBUG:root:-3.141592653589793
DEBUG:root:-3.141592653589793
DEBUG:root:-3.141592653589793
DEBUG:root:-3.141592653589793
DEBUG:root:-3.141592653589793
DEBUG:root:-3.141592653589793
DEBUG:root:-3.141592653589793
DEBUG:root:-3.141592653589793
DEBUG:root:-3.141592653589793
DEBUG:root:-3.141592653589793
DEBUG:root:-3.141592653589793
DEBUG:root:-3.141592653589793
DEBUG:root:-3.141592653589793
DEBUG:root:-3.141592653589793
DEBUG:root:-3.141592653589793
DEBUG:root:-3.141592653589793
DEBUG:root:-3.141592653589793
DEBUG:root:-3.141592653589793
DEBUG:root:-3.141592653589793
DEBUG:root:-3.141592653589793
DEBUG:root:-3.141592653589793
DEBUG:root:-3.141592653589793
DEBUG:root:-3.141592653589793
DEBUG:root:-3.141592653589793
DEBUG:root:-3.141592653589793
DEBUG:root:-3.141592653589793
DEBUG:root:-3.141592653589793
DEBUG:root:-3.141592653589793
DEBUG:root:-3.141592653589793
DEBUG:root:-3.141592653589793
DEBUG:root:-3.141592653589793
DEBUG:root:-3.141592653589793
DEBUG:root:-3.141592653589793
DEBUG:root:-3.141592653589793
DEBUG:root:-3.141592653589793
DEBUG:root:-3.141592653589793
DEBUG:root:-3.141592653589793
DEBUG:root:-3.141592653589793
DEBUG:root:-3.141592653589793
DEBUG:root:-3.141592653589793
DEBUG:root:-3.141592653589793
DEBUG:root:-3.141592653589793
DEBUG:root:-3.141592653589793
DEBUG:root:-3.141592653589793
DEBUG:root:-3.141592653589793
DEBUG:root:-3.141592653589793
DEBUG:root:-3.141592653589793
DEBUG:root:-3.141592653589793
DEBUG:root:-3.141592653589793
DEBUG:root:-3.141592653589793
DEBUG:root:-3.141592653589793
DEBUG:root:-3.141592653589793
DEBUG:root:-3.141592653589793
DEBUG:root:-3.141592653589793
DEBUG:root:-3.141592653589793
DEBUG:root:-3.141592653589793
DEBUG:root:-3.141592653589793
DEBUG:root:-3.141592653589793
DEBUG:root:-3.141592653589793
DEBUG:root:-3.141592653589793
DEBUG:root:-3.141592653589793
DEBUG:root:-3.141592653589793
DEBUG:root:-3.141592653589793
DEBUG:root:-3.141592653589793
DEBUG:root:-3.141592653589793
DEBUG:root:-3.141592653589793
DEBUG:root:-3.141592653589793
DEBUG:root:-3.12413936106985
DEBUG:root:-3.12413936106985
DEBUG:root:-3.12413936106985
DEBUG:root:-3.12413936106985
DEBUG:root:-3.12413936106985
DEBUG:root:-3.12413936106985
DEBUG:root:-3.12413936106985
DEBUG:root:-3.12413936106985
DEBUG:root:-3.12413936106985
DEBUG:root:-3.12413936106985
DEBUG:root:-3.12413936106985
DEBUG:root:-3.12413936106985
DEBUG:root:-3.12413936106985
DEBUG:root:-3.12413936106985
DEBUG:root:-3.12413936106985
DEBUG:root:-3.12413936106985
DEBUG:root:-3.12413936106985
DEBUG:root:-3.12413936106985
DEBUG:root:-3.12413936106985
DEBUG:root:-3.12413936106985
DEBUG:root:-3.12413936106985
DEBUG:root:-3.12413936106985
DEBUG:root:-3.12413936106985
DEBUG:root:-3.12413936106985
DEBUG:root:-3.12413936106985
DEBUG:root:-3.12413936106985
DEBUG:root:-3.12413936106985
DEBUG:root:-3.12413936106985
DEBUG:root:-3.12413936106985
DEBUG:root:-3.12413936106985
DEBUG:root:-3.12413936106985
DEBUG:root:-3.12413936106985
DEBUG:root:-3.12413936106985
DEBUG:root:-3.12413936106985
DEBUG:root:-3.1066860685499065
DEBUG:root:-3.1066860685499065
DEBUG:root:-3.1066860685499065
DEBUG:root:-3.1066860685499065
DEBUG:root:-3.1066860685499065
DEBUG:root:-3.1066860685499065
DEBUG:root:-3.1066860685499065
DEBUG:root:-3.1066860685499065
DEBUG:root:-3.1066860685499065
DEBUG:root:-3.1066860685499065
DEBUG:root:-3.1066860685499065
DEBUG:root:-3.1066860685499065
DEBUG:root:-3.1066860685499065
DEBUG:root:-3.1066860685499065
DEBUG:root:-3.1066860685499065
DEBUG:root:-3.1066860685499065
DEBUG:root:-3.1066860685499065
DEBUG:root:-3.1066860685499065
DEBUG:root:-3.1066860685499065
DEBUG:root:-3.1066860685499065
DEBUG:root:-3.1066860685499065
DEBUG:root:-3.1066860685499065
DEBUG:root:-3.1066860685499065
DEBUG:root:-3.1066860685499065
DEBUG:root:-3.1066860685499065
DEBUG:root:-3.1066860685499065
DEBUG:root:-3.1066860685499065
DEBUG:root:-3.1066860685499065
DEBUG:root:-3.1066860685499065
DEBUG:root:-3.1066860685499065
DEBUG:root:-3.1066860685499065
DEBUG:root:-3.1066860685499065
DEBUG:root:-3.1066860685499065
DEBUG:root:-3.1066860685499065
DEBUG:root:-3.1066860685499065
DEBUG:root:-3.1066860685499065
DEBUG:root:-3.07177948351002
DEBUG:root:-3.07177948351002
DEBUG:root:-3.07177948351002
DEBUG:root:-3.07177948351002
DEBUG:root:-3.07177948351002
DEBUG:root:-3.07177948351002
DEBUG:root:-3.07177948351002
DEBUG:root:-3.07177948351002
DEBUG:root:-3.07177948351002
DEBUG:root:-3.07177948351002
DEBUG:root:-3.07177948351002
DEBUG:root:-3.07177948351002
DEBUG:root:-3.07177948351002
DEBUG:root:-3.07177948351002
DEBUG:root:-3.07177948351002
DEBUG:root:-3.07177948351002
DEBUG:root:-3.07177948351002
DEBUG:root:-3.07177948351002
DEBUG:root:-3.07177948351002
DEBUG:root:-3.07177948351002
DEBUG:root:-3.07177948351002
DEBUG:root:-3.07177948351002
DEBUG:root:-3.07177948351002
DEBUG:root:-3.07177948351002
DEBUG:root:-3.07177948351002
DEBUG:root:-3.07177948351002
DEBUG:root:-3.07177948351002
DEBUG:root:-3.07177948351002
DEBUG:root:-3.07177948351002
DEBUG:root:-3.07177948351002
DEBUG:root:-3.07177948351002
DEBUG:root:-3.07177948351002
DEBUG:root:-3.07177948351002
DEBUG:root:-3.07177948351002
DEBUG:root:-3.07177948351002
DEBUG:root:-3.07177948351002
DEBUG:root:-3.07177948351002
DEBUG:root:-3.07177948351002
DEBUG:root:-3.07177948351002
DEBUG:root:-3.0368728984701336
DEBUG:root:-3.0368728984701336
DEBUG:root:-3.0368728984701336
DEBUG:root:-3.0368728984701336
DEBUG:root:-3.0368728984701336
DEBUG:root:-3.0368728984701336
DEBUG:root:-3.0368728984701336
DEBUG:root:-3.0368728984701336
DEBUG:root:-3.0368728984701336
DEBUG:root:-3.0368728984701336
DEBUG:root:-3.0368728984701336
DEBUG:root:-3.0368728984701336
DEBUG:root:-3.0368728984701336
DEBUG:root:-3.0368728984701336
DEBUG:root:-3.0368728984701336
DEBUG:root:-3.0368728984701336
DEBUG:root:-3.0368728984701336
DEBUG:root:-3.0368728984701336
DEBUG:root:-3.0368728984701336
DEBUG:root:-3.0368728984701336
DEBUG:root:-3.0368728984701336
DEBUG:root:-3.0368728984701336
DEBUG:root:-3.0368728984701336
DEBUG:root:-3.0368728984701336
DEBUG:root:-3.0368728984701336
DEBUG:root:-3.0368728984701336
DEBUG:root:-3.0368728984701336
DEBUG:root:-3.0368728984701336
DEBUG:root:-3.0368728984701336
DEBUG:root:-3.0368728984701336
DEBUG:root:-3.0368728984701336
DEBUG:root:-3.0368728984701336
DEBUG:root:-3.0368728984701336
DEBUG:root:-3.0368728984701336
DEBUG:root:-3.0368728984701336
DEBUG:root:-3.0368728984701336
DEBUG:root:-3.0019663134302466
DEBUG:root:-3.0019663134302466
DEBUG:root:-3.0019663134302466
DEBUG:root:-3.0019663134302466
DEBUG:root:-3.0019663134302466
DEBUG:root:-3.0019663134302466
DEBUG:root:-3.0019663134302466
DEBUG:root:-3.0019663134302466
DEBUG:root:-3.0019663134302466
DEBUG:root:-3.0019663134302466
DEBUG:root:-3.0019663134302466
DEBUG:root:-3.0019663134302466
DEBUG:root:-3.0019663134302466
DEBUG:root:-3.0019663134302466
DEBUG:root:-3.0019663134302466
DEBUG:root:-3.0019663134302466
DEBUG:root:-3.0019663134302466
DEBUG:root:-3.0019663134302466
DEBUG:root:-3.0019663134302466
DEBUG:root:-3.0019663134302466
DEBUG:root:-3.0019663134302466
DEBUG:root:-3.0019663134302466
DEBUG:root:-3.0019663134302466
DEBUG:root:-3.0019663134302466
DEBUG:root:-3.0019663134302466
DEBUG:root:-3.0019663134302466
DEBUG:root:-3.0019663134302466
DEBUG:root:-3.0019663134302466
DEBUG:root:-3.0019663134302466
DEBUG:root:-3.0019663134302466
DEBUG:root:-3.0019663134302466
DEBUG:root:-3.0019663134302466
DEBUG:root:-3.0019663134302466
DEBUG:root:-3.0019663134302466
DEBUG:root:-3.0019663134302466
DEBUG:root:-2.9845130209103035
DEBUG:root:-2.9845130209103035
DEBUG:root:-2.9845130209103035
DEBUG:root:-2.9845130209103035
DEBUG:root:-2.9845130209103035
DEBUG:root:-2.9845130209103035
DEBUG:root:-2.9845130209103035
DEBUG:root:-2.9845130209103035
DEBUG:root:-2.9845130209103035
DEBUG:root:-2.9845130209103035
DEBUG:root:-2.9845130209103035
DEBUG:root:-2.9845130209103035
DEBUG:root:-2.9845130209103035
DEBUG:root:-2.9845130209103035
DEBUG:root:-2.9845130209103035
DEBUG:root:-2.9845130209103035
DEBUG:root:-2.9845130209103035
DEBUG:root:-2.9845130209103035
DEBUG:root:-2.9845130209103035
DEBUG:root:-2.9845130209103035
DEBUG:root:-2.9845130209103035
DEBUG:root:-2.9845130209103035
DEBUG:root:-2.9845130209103035
DEBUG:root:-2.9845130209103035
DEBUG:root:-2.9845130209103035
DEBUG:root:-2.9845130209103035
DEBUG:root:-2.9845130209103035
DEBUG:root:-2.9845130209103035
DEBUG:root:-2.9845130209103035
DEBUG:root:-2.9845130209103035
DEBUG:root:-2.9845130209103035
DEBUG:root:-2.9845130209103035
DEBUG:root:-2.9845130209103035
DEBUG:root:-2.9845130209103035
DEBUG:root:-2.9845130209103035
DEBUG:root:-2.9845130209103035
DEBUG:root:-2.9845130209103035
DEBUG:root:-2.949606435870417
DEBUG:root:-2.949606435870417
DEBUG:root:-2.949606435870417
DEBUG:root:-2.949606435870417
DEBUG:root:-2.949606435870417
DEBUG:root:-2.949606435870417
DEBUG:root:-2.949606435870417
DEBUG:root:-2.949606435870417
DEBUG:root:-2.949606435870417
DEBUG:root:-2.949606435870417
DEBUG:root:-2.949606435870417
DEBUG:root:-2.949606435870417
DEBUG:root:-2.949606435870417
DEBUG:root:-2.949606435870417
DEBUG:root:-2.949606435870417
DEBUG:root:-2.949606435870417
DEBUG:root:-2.949606435870417
DEBUG:root:-2.949606435870417
DEBUG:root:-2.949606435870417
DEBUG:root:-2.949606435870417
DEBUG:root:-2.949606435870417
DEBUG:root:-2.949606435870417
DEBUG:root:-2.949606435870417
DEBUG:root:-2.949606435870417
DEBUG:root:-2.949606435870417
DEBUG:root:-2.949606435870417
DEBUG:root:-2.949606435870417
DEBUG:root:-2.949606435870417
DEBUG:root:-2.949606435870417
DEBUG:root:-2.949606435870417
DEBUG:root:-2.949606435870417
DEBUG:root:-2.949606435870417
DEBUG:root:-2.949606435870417
DEBUG:root:-2.949606435870417
DEBUG:root:-2.949606435870417
DEBUG:root:-2.91469985083053
DEBUG:root:-2.91469985083053
DEBUG:root:-2.91469985083053
DEBUG:root:-2.91469985083053
DEBUG:root:-2.91469985083053
DEBUG:root:-2.91469985083053
DEBUG:root:-2.91469985083053
DEBUG:root:-2.91469985083053
DEBUG:root:-2.91469985083053
DEBUG:root:-2.91469985083053
DEBUG:root:-2.91469985083053
DEBUG:root:-2.91469985083053
DEBUG:root:-2.91469985083053
DEBUG:root:-2.91469985083053
DEBUG:root:-2.91469985083053
DEBUG:root:-2.91469985083053
DEBUG:root:-2.91469985083053
DEBUG:root:-2.91469985083053
DEBUG:root:-2.91469985083053
DEBUG:root:-2.91469985083053
DEBUG:root:-2.91469985083053
DEBUG:root:-2.91469985083053
DEBUG:root:-2.91469985083053
DEBUG:root:-2.91469985083053
DEBUG:root:-2.91469985083053
DEBUG:root:-2.91469985083053
DEBUG:root:-2.91469985083053
DEBUG:root:-2.91469985083053
DEBUG:root:-2.91469985083053
DEBUG:root:-2.91469985083053
DEBUG:root:-2.91469985083053
DEBUG:root:-2.91469985083053
DEBUG:root:-2.91469985083053
DEBUG:root:-2.897246558310587
DEBUG:root:-2.897246558310587
DEBUG:root:-2.897246558310587
DEBUG:root:-2.897246558310587
DEBUG:root:-2.897246558310587
DEBUG:root:-2.897246558310587
DEBUG:root:-2.897246558310587
DEBUG:root:-2.897246558310587
DEBUG:root:-2.897246558310587
DEBUG:root:-2.897246558310587
DEBUG:root:-2.897246558310587
DEBUG:root:-2.897246558310587
DEBUG:root:-2.897246558310587
DEBUG:root:-2.897246558310587
DEBUG:root:-2.897246558310587
DEBUG:root:-2.897246558310587
DEBUG:root:-2.897246558310587
DEBUG:root:-2.897246558310587
DEBUG:root:-2.897246558310587
DEBUG:root:-2.897246558310587
DEBUG:root:-2.897246558310587
DEBUG:root:-2.897246558310587
DEBUG:root:-2.897246558310587
DEBUG:root:-2.897246558310587
DEBUG:root:-2.897246558310587
DEBUG:root:-2.897246558310587
DEBUG:root:-2.897246558310587
DEBUG:root:-2.897246558310587
DEBUG:root:-2.897246558310587
DEBUG:root:-2.897246558310587
DEBUG:root:-2.897246558310587
DEBUG:root:-2.897246558310587
DEBUG:root:-2.897246558310587
DEBUG:root:-2.897246558310587
DEBUG:root:-2.897246558310587
DEBUG:root:-2.897246558310587
DEBUG:root:-2.8623399732707004
DEBUG:root:-2.8623399732707004
DEBUG:root:-2.8623399732707004
DEBUG:root:-2.8623399732707004
DEBUG:root:-2.8623399732707004
DEBUG:root:-2.8623399732707004
DEBUG:root:-2.8623399732707004
DEBUG:root:-2.8623399732707004
DEBUG:root:-2.8623399732707004
DEBUG:root:-2.8623399732707004
DEBUG:root:-2.8623399732707004
DEBUG:root:-2.8623399732707004
DEBUG:root:-2.8623399732707004
DEBUG:root:-2.8623399732707004
DEBUG:root:-2.8623399732707004
DEBUG:root:-2.8623399732707004
DEBUG:root:-2.8623399732707004
DEBUG:root:-2.8623399732707004
DEBUG:root:-2.8623399732707004
DEBUG:root:-2.8623399732707004
DEBUG:root:-2.8623399732707004
DEBUG:root:-2.8623399732707004
DEBUG:root:-2.8623399732707004
DEBUG:root:-2.8623399732707004
DEBUG:root:-2.8623399732707004
DEBUG:root:-2.8623399732707004
DEBUG:root:-2.8623399732707004
DEBUG:root:-2.8623399732707004
DEBUG:root:-2.8623399732707004
DEBUG:root:-2.8623399732707004
DEBUG:root:-2.8623399732707004
DEBUG:root:-2.8623399732707004
DEBUG:root:-2.8623399732707004
DEBUG:root:-2.8623399732707004
DEBUG:root:-2.8623399732707004
DEBUG:root:-2.844886680750757
DEBUG:root:-2.844886680750757
DEBUG:root:-2.844886680750757
DEBUG:root:-2.844886680750757
DEBUG:root:-2.844886680750757
DEBUG:root:-2.844886680750757
DEBUG:root:-2.844886680750757
DEBUG:root:-2.844886680750757
DEBUG:root:-2.844886680750757
DEBUG:root:-2.844886680750757
DEBUG:root:-2.844886680750757
DEBUG:root:-2.844886680750757
DEBUG:root:-2.844886680750757
DEBUG:root:-2.844886680750757
DEBUG:root:-2.844886680750757
DEBUG:root:-2.844886680750757
DEBUG:root:-2.844886680750757
DEBUG:root:-2.844886680750757
DEBUG:root:-2.844886680750757
DEBUG:root:-2.844886680750757
DEBUG:root:-2.844886680750757
DEBUG:root:-2.844886680750757
DEBUG:root:-2.844886680750757
DEBUG:root:-2.844886680750757
DEBUG:root:-2.844886680750757
DEBUG:root:-2.844886680750757
DEBUG:root:-2.844886680750757
DEBUG:root:-2.844886680750757
DEBUG:root:-2.844886680750757
DEBUG:root:-2.844886680750757
DEBUG:root:-2.844886680750757
DEBUG:root:-2.844886680750757
DEBUG:root:-2.844886680750757
DEBUG:root:-2.844886680750757
DEBUG:root:-2.8099800957108707
DEBUG:root:-2.8099800957108707
DEBUG:root:-2.8099800957108707
DEBUG:root:-2.8099800957108707
DEBUG:root:-2.8099800957108707
DEBUG:root:-2.8099800957108707
DEBUG:root:-2.8099800957108707
DEBUG:root:-2.8099800957108707
DEBUG:root:-2.8099800957108707
DEBUG:root:-2.8099800957108707
DEBUG:root:-2.8099800957108707
DEBUG:root:-2.8099800957108707
DEBUG:root:-2.8099800957108707
DEBUG:root:-2.8099800957108707
DEBUG:root:-2.8099800957108707
DEBUG:root:-2.8099800957108707
DEBUG:root:-2.8099800957108707
DEBUG:root:-2.8099800957108707
DEBUG:root:-2.8099800957108707
DEBUG:root:-2.8099800957108707
DEBUG:root:-2.8099800957108707
DEBUG:root:-2.8099800957108707
DEBUG:root:-2.8099800957108707
DEBUG:root:-2.8099800957108707
DEBUG:root:-2.8099800957108707
DEBUG:root:-2.8099800957108707
DEBUG:root:-2.8099800957108707
DEBUG:root:-2.8099800957108707
DEBUG:root:-2.8099800957108707
DEBUG:root:-2.8099800957108707
DEBUG:root:-2.8099800957108707
DEBUG:root:-2.8099800957108707
DEBUG:root:-2.8099800957108707
DEBUG:root:-2.8099800957108707
DEBUG:root:-2.8099800957108707
DEBUG:root:-2.7750735106709836
DEBUG:root:-2.7750735106709836
DEBUG:root:-2.7750735106709836
DEBUG:root:-2.7750735106709836
DEBUG:root:-2.7750735106709836
DEBUG:root:-2.7750735106709836
DEBUG:root:-2.7750735106709836
DEBUG:root:-2.7750735106709836
DEBUG:root:-2.7750735106709836
DEBUG:root:-2.7750735106709836
DEBUG:root:-2.7750735106709836
DEBUG:root:-2.7750735106709836
DEBUG:root:-2.7750735106709836
DEBUG:root:-2.7750735106709836
DEBUG:root:-2.7750735106709836
DEBUG:root:-2.7750735106709836
DEBUG:root:-2.7750735106709836
DEBUG:root:-2.7750735106709836
DEBUG:root:-2.7750735106709836
DEBUG:root:-2.7750735106709836
DEBUG:root:-2.7750735106709836
DEBUG:root:-2.7750735106709836
DEBUG:root:-2.7750735106709836
DEBUG:root:-2.7750735106709836
DEBUG:root:-2.7750735106709836
DEBUG:root:-2.7750735106709836
DEBUG:root:-2.7750735106709836
DEBUG:root:-2.7750735106709836
DEBUG:root:-2.7750735106709836
DEBUG:root:-2.7750735106709836
DEBUG:root:-2.7750735106709836
DEBUG:root:-2.7750735106709836
DEBUG:root:-2.7576202181510405
DEBUG:root:-2.7576202181510405
DEBUG:root:-2.7576202181510405
DEBUG:root:-2.7576202181510405
DEBUG:root:-2.7576202181510405
DEBUG:root:-2.7576202181510405
DEBUG:root:-2.7576202181510405
DEBUG:root:-2.7576202181510405
DEBUG:root:-2.7576202181510405
DEBUG:root:-2.7576202181510405
DEBUG:root:-2.7576202181510405
DEBUG:root:-2.7576202181510405
DEBUG:root:-2.7576202181510405
DEBUG:root:-2.7576202181510405
DEBUG:root:-2.7576202181510405
DEBUG:root:-2.7576202181510405
DEBUG:root:-2.7576202181510405
DEBUG:root:-2.7576202181510405
DEBUG:root:-2.7576202181510405
DEBUG:root:-2.7576202181510405
DEBUG:root:-2.7576202181510405
DEBUG:root:-2.7576202181510405
DEBUG:root:-2.7576202181510405
DEBUG:root:-2.7576202181510405
DEBUG:root:-2.7576202181510405
DEBUG:root:-2.7576202181510405
DEBUG:root:-2.7576202181510405
DEBUG:root:-2.7576202181510405
DEBUG:root:-2.7576202181510405
DEBUG:root:-2.7576202181510405
DEBUG:root:-2.7576202181510405
DEBUG:root:-2.7576202181510405
DEBUG:root:-2.7576202181510405
DEBUG:root:-2.7227136331111543
DEBUG:root:-2.7227136331111543
DEBUG:root:-2.7227136331111543
DEBUG:root:-2.7227136331111543
DEBUG:root:-2.7227136331111543
DEBUG:root:-2.7227136331111543
DEBUG:root:-2.7227136331111543
DEBUG:root:-2.7227136331111543
DEBUG:root:-2.7227136331111543
DEBUG:root:-2.7227136331111543
DEBUG:root:-2.7227136331111543
DEBUG:root:-2.7227136331111543
DEBUG:root:-2.7227136331111543
DEBUG:root:-2.7227136331111543
DEBUG:root:-2.7227136331111543
DEBUG:root:-2.7227136331111543
DEBUG:root:-2.7227136331111543
DEBUG:root:-2.7227136331111543
DEBUG:root:-2.7227136331111543
DEBUG:root:-2.7227136331111543
DEBUG:root:-2.7227136331111543
DEBUG:root:-2.7227136331111543
DEBUG:root:-2.7227136331111543
DEBUG:root:-2.7227136331111543
DEBUG:root:-2.7227136331111543
DEBUG:root:-2.7227136331111543
DEBUG:root:-2.7227136331111543
DEBUG:root:-2.7227136331111543
DEBUG:root:-2.7227136331111543
DEBUG:root:-2.7227136331111543
DEBUG:root:-2.7227136331111543
DEBUG:root:-2.7227136331111543
DEBUG:root:-2.705260340591211
DEBUG:root:-2.705260340591211
DEBUG:root:-2.705260340591211
DEBUG:root:-2.705260340591211
DEBUG:root:-2.705260340591211
DEBUG:root:-2.705260340591211
DEBUG:root:-2.705260340591211
DEBUG:root:-2.705260340591211
DEBUG:root:-2.705260340591211
DEBUG:root:-2.705260340591211
DEBUG:root:-2.705260340591211
DEBUG:root:-2.705260340591211
DEBUG:root:-2.705260340591211
DEBUG:root:-2.705260340591211
DEBUG:root:-2.705260340591211
DEBUG:root:-2.705260340591211
DEBUG:root:-2.705260340591211
DEBUG:root:-2.705260340591211
DEBUG:root:-2.705260340591211
DEBUG:root:-2.705260340591211
DEBUG:root:-2.705260340591211
DEBUG:root:-2.705260340591211
DEBUG:root:-2.705260340591211
DEBUG:root:-2.705260340591211
DEBUG:root:-2.705260340591211
DEBUG:root:-2.705260340591211
DEBUG:root:-2.705260340591211
DEBUG:root:-2.705260340591211
DEBUG:root:-2.705260340591211
DEBUG:root:-2.705260340591211
DEBUG:root:-2.705260340591211
DEBUG:root:-2.705260340591211
DEBUG:root:-2.670353755551324
DEBUG:root:-2.670353755551324
DEBUG:root:-2.670353755551324
DEBUG:root:-2.670353755551324
DEBUG:root:-2.670353755551324
DEBUG:root:-2.670353755551324
DEBUG:root:-2.670353755551324
DEBUG:root:-2.670353755551324
DEBUG:root:-2.670353755551324
DEBUG:root:-2.670353755551324
DEBUG:root:-2.670353755551324
DEBUG:root:-2.670353755551324
DEBUG:root:-2.670353755551324
DEBUG:root:-2.670353755551324
DEBUG:root:-2.670353755551324
DEBUG:root:-2.670353755551324
DEBUG:root:-2.670353755551324
DEBUG:root:-2.670353755551324
DEBUG:root:-2.670353755551324
DEBUG:root:-2.670353755551324
DEBUG:root:-2.670353755551324
DEBUG:root:-2.670353755551324
DEBUG:root:-2.670353755551324
DEBUG:root:-2.670353755551324
DEBUG:root:-2.670353755551324
DEBUG:root:-2.670353755551324
DEBUG:root:-2.670353755551324
DEBUG:root:-2.670353755551324
DEBUG:root:-2.670353755551324
DEBUG:root:-2.670353755551324
DEBUG:root:-2.670353755551324
DEBUG:root:-2.670353755551324
DEBUG:root:-2.670353755551324
DEBUG:root:-2.6354471705114375
DEBUG:root:-2.6354471705114375
DEBUG:root:-2.6354471705114375
DEBUG:root:-2.6354471705114375
DEBUG:root:-2.6354471705114375
DEBUG:root:-2.6354471705114375
DEBUG:root:-2.6354471705114375
DEBUG:root:-2.6354471705114375
DEBUG:root:-2.6354471705114375
DEBUG:root:-2.6354471705114375
DEBUG:root:-2.6354471705114375
DEBUG:root:-2.6354471705114375
DEBUG:root:-2.6354471705114375
DEBUG:root:-2.6354471705114375
DEBUG:root:-2.6354471705114375
DEBUG:root:-2.6354471705114375
DEBUG:root:-2.6354471705114375
DEBUG:root:-2.6354471705114375
DEBUG:root:-2.6354471705114375
DEBUG:root:-2.6354471705114375
DEBUG:root:-2.6354471705114375
DEBUG:root:-2.6354471705114375
DEBUG:root:-2.6354471705114375
DEBUG:root:-2.6354471705114375
DEBUG:root:-2.6354471705114375
DEBUG:root:-2.6354471705114375
DEBUG:root:-2.6354471705114375
DEBUG:root:-2.6354471705114375
DEBUG:root:-2.6354471705114375
DEBUG:root:-2.6354471705114375
DEBUG:root:-2.600540585471551
DEBUG:root:-2.600540585471551
DEBUG:root:-2.600540585471551
DEBUG:root:-2.600540585471551
DEBUG:root:-2.600540585471551
DEBUG:root:-2.600540585471551
DEBUG:root:-2.600540585471551
DEBUG:root:-2.600540585471551
DEBUG:root:-2.600540585471551
DEBUG:root:-2.600540585471551
DEBUG:root:-2.600540585471551
DEBUG:root:-2.600540585471551
DEBUG:root:-2.600540585471551
DEBUG:root:-2.600540585471551
DEBUG:root:-2.600540585471551
DEBUG:root:-2.600540585471551
DEBUG:root:-2.600540585471551
DEBUG:root:-2.600540585471551
DEBUG:root:-2.600540585471551
DEBUG:root:-2.600540585471551
DEBUG:root:-2.600540585471551
DEBUG:root:-2.600540585471551
DEBUG:root:-2.600540585471551
DEBUG:root:-2.600540585471551
DEBUG:root:-2.600540585471551
DEBUG:root:-2.600540585471551
DEBUG:root:-2.600540585471551
DEBUG:root:-2.600540585471551
DEBUG:root:-2.5830872929516078
DEBUG:root:-2.5830872929516078
DEBUG:root:-2.5830872929516078
DEBUG:root:-2.5830872929516078
DEBUG:root:-2.5830872929516078
DEBUG:root:-2.5830872929516078
DEBUG:root:-2.5830872929516078
DEBUG:root:-2.5830872929516078
DEBUG:root:-2.5830872929516078
DEBUG:root:-2.5830872929516078
DEBUG:root:-2.5830872929516078
DEBUG:root:-2.5830872929516078
DEBUG:root:-2.5830872929516078
DEBUG:root:-2.5830872929516078
DEBUG:root:-2.5830872929516078
DEBUG:root:-2.5830872929516078
DEBUG:root:-2.5830872929516078
DEBUG:root:-2.5830872929516078
DEBUG:root:-2.5830872929516078
DEBUG:root:-2.5830872929516078
DEBUG:root:-2.5830872929516078
DEBUG:root:-2.5830872929516078
DEBUG:root:-2.5830872929516078
DEBUG:root:-2.5830872929516078
DEBUG:root:-2.5830872929516078
DEBUG:root:-2.5830872929516078
DEBUG:root:-2.5830872929516078
DEBUG:root:-2.5830872929516078
DEBUG:root:-2.5830872929516078
DEBUG:root:-2.548180707911721
DEBUG:root:-2.548180707911721
DEBUG:root:-2.548180707911721
DEBUG:root:-2.548180707911721
DEBUG:root:-2.548180707911721
DEBUG:root:-2.548180707911721
DEBUG:root:-2.548180707911721
DEBUG:root:-2.548180707911721
DEBUG:root:-2.548180707911721
DEBUG:root:-2.548180707911721
DEBUG:root:-2.548180707911721
DEBUG:root:-2.548180707911721
DEBUG:root:-2.548180707911721
DEBUG:root:-2.548180707911721
DEBUG:root:-2.548180707911721
DEBUG:root:-2.548180707911721
DEBUG:root:-2.548180707911721
DEBUG:root:-2.548180707911721
DEBUG:root:-2.548180707911721
DEBUG:root:-2.548180707911721
DEBUG:root:-2.548180707911721
DEBUG:root:-2.548180707911721
DEBUG:root:-2.548180707911721
DEBUG:root:-2.548180707911721
DEBUG:root:-2.548180707911721
DEBUG:root:-2.548180707911721
DEBUG:root:-2.548180707911721
DEBUG:root:-2.548180707911721
DEBUG:root:-2.5307274153917776
DEBUG:root:-2.5307274153917776
DEBUG:root:-2.5307274153917776
DEBUG:root:-2.5307274153917776
DEBUG:root:-2.5307274153917776
DEBUG:root:-2.5307274153917776
DEBUG:root:-2.5307274153917776
DEBUG:root:-2.5307274153917776
DEBUG:root:-2.5307274153917776
DEBUG:root:-2.5307274153917776
DEBUG:root:-2.5307274153917776
DEBUG:root:-2.5307274153917776
DEBUG:root:-2.5307274153917776
DEBUG:root:-2.5307274153917776
DEBUG:root:-2.5307274153917776
DEBUG:root:-2.5307274153917776
DEBUG:root:-2.5307274153917776
DEBUG:root:-2.5307274153917776
DEBUG:root:-2.5307274153917776
DEBUG:root:-2.5307274153917776
DEBUG:root:-2.5307274153917776
DEBUG:root:-2.5307274153917776
DEBUG:root:-2.5307274153917776
DEBUG:root:-2.5307274153917776
DEBUG:root:-2.5307274153917776
DEBUG:root:-2.5307274153917776
DEBUG:root:-2.5307274153917776
DEBUG:root:-2.5307274153917776
DEBUG:root:-2.5307274153917776
DEBUG:root:-2.5307274153917776
DEBUG:root:-2.5307274153917776
DEBUG:root:-2.5307274153917776
DEBUG:root:-2.5307274153917776
DEBUG:root:-2.5307274153917776
DEBUG:root:-2.5307274153917776
DEBUG:root:-2.5307274153917776
DEBUG:root:-2.5307274153917776
DEBUG:root:-2.5307274153917776
DEBUG:root:-2.5307274153917776
DEBUG:root:-2.4958208303518914
DEBUG:root:-2.4958208303518914
DEBUG:root:-2.4958208303518914
DEBUG:root:-2.4958208303518914
DEBUG:root:-2.4958208303518914
DEBUG:root:-2.4958208303518914
DEBUG:root:-2.4958208303518914
DEBUG:root:-2.4958208303518914
DEBUG:root:-2.4958208303518914
DEBUG:root:-2.4958208303518914
DEBUG:root:-2.4958208303518914
DEBUG:root:-2.4958208303518914
DEBUG:root:-2.4958208303518914
DEBUG:root:-2.4958208303518914
DEBUG:root:-2.4958208303518914
DEBUG:root:-2.4958208303518914
DEBUG:root:-2.4958208303518914
DEBUG:root:-2.4958208303518914
DEBUG:root:-2.4958208303518914
DEBUG:root:-2.4958208303518914
DEBUG:root:-2.4958208303518914
DEBUG:root:-2.4958208303518914
DEBUG:root:-2.4958208303518914
DEBUG:root:-2.4958208303518914
DEBUG:root:-2.4958208303518914
DEBUG:root:-2.4958208303518914
DEBUG:root:-2.4958208303518914
DEBUG:root:-2.4958208303518914
DEBUG:root:-2.4958208303518914
DEBUG:root:-2.4958208303518914
DEBUG:root:-2.4958208303518914
DEBUG:root:-2.4958208303518914
DEBUG:root:-2.4958208303518914
DEBUG:root:-2.4958208303518914
DEBUG:root:-2.4609142453120048
DEBUG:root:-2.4609142453120048
DEBUG:root:-2.4609142453120048
DEBUG:root:-2.4609142453120048
DEBUG:root:-2.4609142453120048
DEBUG:root:-2.4609142453120048
DEBUG:root:-2.4609142453120048
DEBUG:root:-2.4609142453120048
DEBUG:root:-2.4609142453120048
DEBUG:root:-2.4609142453120048
DEBUG:root:-2.4609142453120048
DEBUG:root:-2.4609142453120048
DEBUG:root:-2.4609142453120048
DEBUG:root:-2.4609142453120048
DEBUG:root:-2.4609142453120048
DEBUG:root:-2.4609142453120048
DEBUG:root:-2.4609142453120048
DEBUG:root:-2.4609142453120048
DEBUG:root:-2.4609142453120048
DEBUG:root:-2.4609142453120048
DEBUG:root:-2.4609142453120048
DEBUG:root:-2.4609142453120048
DEBUG:root:-2.4609142453120048
DEBUG:root:-2.4609142453120048
DEBUG:root:-2.4609142453120048
DEBUG:root:-2.4609142453120048
DEBUG:root:-2.4609142453120048
DEBUG:root:-2.4609142453120048
DEBUG:root:-2.4609142453120048
DEBUG:root:-2.426007660272118
DEBUG:root:-2.426007660272118
DEBUG:root:-2.426007660272118
DEBUG:root:-2.426007660272118
DEBUG:root:-2.426007660272118
DEBUG:root:-2.426007660272118
DEBUG:root:-2.426007660272118
DEBUG:root:-2.426007660272118
DEBUG:root:-2.426007660272118
DEBUG:root:-2.426007660272118
DEBUG:root:-2.426007660272118
DEBUG:root:-2.426007660272118
DEBUG:root:-2.426007660272118
DEBUG:root:-2.426007660272118
DEBUG:root:-2.426007660272118
DEBUG:root:-2.3911010752322315
DEBUG:root:-2.3911010752322315
DEBUG:root:-2.3911010752322315
DEBUG:root:-2.3911010752322315
DEBUG:root:-2.3911010752322315
DEBUG:root:-2.3911010752322315
DEBUG:root:-2.3911010752322315
DEBUG:root:-2.3911010752322315
DEBUG:root:-2.3911010752322315
DEBUG:root:-2.3911010752322315
DEBUG:root:-2.3911010752322315
DEBUG:root:-2.3911010752322315
DEBUG:root:-2.3911010752322315
DEBUG:root:-2.3911010752322315
DEBUG:root:-2.3911010752322315
DEBUG:root:-2.3911010752322315
DEBUG:root:-2.3911010752322315
DEBUG:root:-2.3911010752322315
DEBUG:root:-2.3911010752322315
DEBUG:root:-2.373647782712288
DEBUG:root:-2.373647782712288
DEBUG:root:-2.373647782712288
DEBUG:root:-2.373647782712288
DEBUG:root:-2.373647782712288
DEBUG:root:-2.373647782712288
DEBUG:root:-2.373647782712288
DEBUG:root:-2.373647782712288
DEBUG:root:-2.373647782712288
DEBUG:root:-2.373647782712288
DEBUG:root:-2.373647782712288
DEBUG:root:-2.373647782712288
DEBUG:root:-2.373647782712288
DEBUG:root:-2.373647782712288
DEBUG:root:-2.373647782712288
DEBUG:root:-2.373647782712288
DEBUG:root:-2.373647782712288
DEBUG:root:-2.373647782712288
DEBUG:root:-2.373647782712288
DEBUG:root:-2.3387411976724017
DEBUG:root:-2.3387411976724017
DEBUG:root:-2.3387411976724017
DEBUG:root:-2.3387411976724017
DEBUG:root:-2.3387411976724017
DEBUG:root:-2.3387411976724017
DEBUG:root:-2.3387411976724017
DEBUG:root:-2.3387411976724017
DEBUG:root:-2.3387411976724017
DEBUG:root:-2.3387411976724017
DEBUG:root:-2.3387411976724017
DEBUG:root:-2.3387411976724017
DEBUG:root:-2.3387411976724017
DEBUG:root:-2.3387411976724017
DEBUG:root:-2.3387411976724017
DEBUG:root:-2.3387411976724017
DEBUG:root:-2.3387411976724017
DEBUG:root:-2.3387411976724017
DEBUG:root:-2.3387411976724017
DEBUG:root:-2.3387411976724017
DEBUG:root:-2.3387411976724017
DEBUG:root:-2.3387411976724017
DEBUG:root:-2.3387411976724017
DEBUG:root:-2.3387411976724017
DEBUG:root:-2.3387411976724017
DEBUG:root:-2.3387411976724017
DEBUG:root:-2.303834612632515
DEBUG:root:-2.303834612632515
DEBUG:root:-2.303834612632515
DEBUG:root:-2.303834612632515
DEBUG:root:-2.303834612632515
DEBUG:root:-2.303834612632515
DEBUG:root:-2.303834612632515
DEBUG:root:-2.303834612632515
DEBUG:root:-2.303834612632515
DEBUG:root:-2.303834612632515
DEBUG:root:-2.303834612632515
DEBUG:root:-2.303834612632515
DEBUG:root:-2.303834612632515
DEBUG:root:-2.303834612632515
DEBUG:root:-2.303834612632515
DEBUG:root:-2.303834612632515
DEBUG:root:-2.303834612632515
DEBUG:root:-2.303834612632515
DEBUG:root:-2.303834612632515
DEBUG:root:-2.303834612632515
DEBUG:root:-2.303834612632515
DEBUG:root:-2.303834612632515
DEBUG:root:-2.303834612632515
DEBUG:root:-2.303834612632515
DEBUG:root:-2.303834612632515
DEBUG:root:-2.303834612632515
DEBUG:root:-2.303834612632515
DEBUG:root:-2.2863813201125716
DEBUG:root:-2.2863813201125716
DEBUG:root:-2.2863813201125716
DEBUG:root:-2.2863813201125716
DEBUG:root:-2.2863813201125716
DEBUG:root:-2.2863813201125716
DEBUG:root:-2.2863813201125716
DEBUG:root:-2.2863813201125716
DEBUG:root:-2.2863813201125716
DEBUG:root:-2.2863813201125716
DEBUG:root:-2.2863813201125716
DEBUG:root:-2.2863813201125716
DEBUG:root:-2.2863813201125716
DEBUG:root:-2.2863813201125716
DEBUG:root:-2.2863813201125716
DEBUG:root:-2.2863813201125716
DEBUG:root:-2.2863813201125716
DEBUG:root:-2.2863813201125716
DEBUG:root:-2.2863813201125716
DEBUG:root:-2.2863813201125716
DEBUG:root:-2.2863813201125716
DEBUG:root:-2.2863813201125716
DEBUG:root:-2.2863813201125716
DEBUG:root:-2.2863813201125716
DEBUG:root:-2.2863813201125716
DEBUG:root:-2.2863813201125716
DEBUG:root:-2.2863813201125716
DEBUG:root:-2.251474735072685
DEBUG:root:-2.251474735072685
DEBUG:root:-2.251474735072685
DEBUG:root:-2.251474735072685
DEBUG:root:-2.251474735072685
DEBUG:root:-2.251474735072685
DEBUG:root:-2.251474735072685
DEBUG:root:-2.251474735072685
DEBUG:root:-2.251474735072685
DEBUG:root:-2.251474735072685
DEBUG:root:-2.251474735072685
DEBUG:root:-2.251474735072685
DEBUG:root:-2.251474735072685
DEBUG:root:-2.251474735072685
DEBUG:root:-2.251474735072685
DEBUG:root:-2.251474735072685
DEBUG:root:-2.251474735072685
DEBUG:root:-2.251474735072685
DEBUG:root:-2.251474735072685
DEBUG:root:-2.251474735072685
DEBUG:root:-2.251474735072685
DEBUG:root:-2.251474735072685
DEBUG:root:-2.251474735072685
DEBUG:root:-2.251474735072685
DEBUG:root:-2.251474735072685
DEBUG:root:-2.251474735072685
DEBUG:root:-2.251474735072685
DEBUG:root:-2.251474735072685
DEBUG:root:-2.251474735072685
DEBUG:root:-2.2165681500327983
DEBUG:root:-2.2165681500327983
DEBUG:root:-2.2165681500327983
DEBUG:root:-2.2165681500327983
DEBUG:root:-2.2165681500327983
DEBUG:root:-2.2165681500327983
DEBUG:root:-2.2165681500327983
DEBUG:root:-2.2165681500327983
DEBUG:root:-2.2165681500327983
DEBUG:root:-2.2165681500327983
DEBUG:root:-2.2165681500327983
DEBUG:root:-2.2165681500327983
DEBUG:root:-2.2165681500327983
DEBUG:root:-2.2165681500327983
DEBUG:root:-2.2165681500327983
DEBUG:root:-2.2165681500327983
DEBUG:root:-2.2165681500327983
DEBUG:root:-2.2165681500327983
DEBUG:root:-2.2165681500327983
DEBUG:root:-2.2165681500327983
DEBUG:root:-2.2165681500327983
DEBUG:root:-2.2165681500327983
DEBUG:root:-2.2165681500327983
DEBUG:root:-2.2165681500327983
DEBUG:root:-2.2165681500327983
DEBUG:root:-2.2165681500327983
DEBUG:root:-2.2165681500327983
DEBUG:root:-2.199114857512855
DEBUG:root:-2.199114857512855
DEBUG:root:-2.199114857512855
DEBUG:root:-2.199114857512855
DEBUG:root:-2.199114857512855
DEBUG:root:-2.199114857512855
DEBUG:root:-2.199114857512855
DEBUG:root:-2.199114857512855
DEBUG:root:-2.199114857512855
DEBUG:root:-2.199114857512855
DEBUG:root:-2.199114857512855
DEBUG:root:-2.199114857512855
DEBUG:root:-2.199114857512855
DEBUG:root:-2.199114857512855
DEBUG:root:-2.199114857512855
DEBUG:root:-2.199114857512855
DEBUG:root:-2.199114857512855
DEBUG:root:-2.199114857512855
DEBUG:root:-2.199114857512855
DEBUG:root:-2.199114857512855
DEBUG:root:-2.199114857512855
DEBUG:root:-2.199114857512855
DEBUG:root:-2.199114857512855
DEBUG:root:-2.199114857512855
DEBUG:root:-2.199114857512855
DEBUG:root:-2.199114857512855
DEBUG:root:-2.199114857512855
DEBUG:root:-2.199114857512855
DEBUG:root:-2.1642082724729685
DEBUG:root:-2.1642082724729685
DEBUG:root:-2.1642082724729685
DEBUG:root:-2.1642082724729685
DEBUG:root:-2.1642082724729685
DEBUG:root:-2.1642082724729685
DEBUG:root:-2.1642082724729685
DEBUG:root:-2.1642082724729685
DEBUG:root:-2.1642082724729685
DEBUG:root:-2.1642082724729685
DEBUG:root:-2.1642082724729685
DEBUG:root:-2.1642082724729685
DEBUG:root:-2.1642082724729685
DEBUG:root:-2.1642082724729685
DEBUG:root:-2.1642082724729685
DEBUG:root:-2.1642082724729685
DEBUG:root:-2.1642082724729685
DEBUG:root:-2.1642082724729685
DEBUG:root:-2.1642082724729685
DEBUG:root:-2.1642082724729685
DEBUG:root:-2.1642082724729685
DEBUG:root:-2.1642082724729685
DEBUG:root:-2.1642082724729685
DEBUG:root:-2.1642082724729685
DEBUG:root:-2.1642082724729685
DEBUG:root:-2.1467549799530254
DEBUG:root:-2.1467549799530254
DEBUG:root:-2.1467549799530254
DEBUG:root:-2.1467549799530254
DEBUG:root:-2.1467549799530254
DEBUG:root:-2.1467549799530254
DEBUG:root:-2.1467549799530254
DEBUG:root:-2.1467549799530254
DEBUG:root:-2.1467549799530254
DEBUG:root:-2.1467549799530254
DEBUG:root:-2.1467549799530254
DEBUG:root:-2.1467549799530254
DEBUG:root:-2.1467549799530254
DEBUG:root:-2.1467549799530254
DEBUG:root:-2.1467549799530254
DEBUG:root:-2.1467549799530254
DEBUG:root:-2.1467549799530254
DEBUG:root:-2.1467549799530254
DEBUG:root:-2.1467549799530254
DEBUG:root:-2.1467549799530254
DEBUG:root:-2.1467549799530254
DEBUG:root:-2.1467549799530254
DEBUG:root:-2.1467549799530254
DEBUG:root:-2.1467549799530254
DEBUG:root:-2.1467549799530254
DEBUG:root:-2.1467549799530254
DEBUG:root:-2.1467549799530254
DEBUG:root:-2.1467549799530254
DEBUG:root:-2.111848394913139
DEBUG:root:-2.111848394913139
DEBUG:root:-2.111848394913139
DEBUG:root:-2.111848394913139
DEBUG:root:-2.111848394913139
DEBUG:root:-2.111848394913139
DEBUG:root:-2.111848394913139
DEBUG:root:-2.111848394913139
DEBUG:root:-2.111848394913139
DEBUG:root:-2.111848394913139
DEBUG:root:-2.111848394913139
DEBUG:root:-2.111848394913139
DEBUG:root:-2.111848394913139
DEBUG:root:-2.111848394913139
DEBUG:root:-2.111848394913139
DEBUG:root:-2.111848394913139
DEBUG:root:-2.111848394913139
DEBUG:root:-2.111848394913139
DEBUG:root:-2.111848394913139
DEBUG:root:-2.111848394913139
DEBUG:root:-2.111848394913139
DEBUG:root:-2.111848394913139
DEBUG:root:-2.111848394913139
DEBUG:root:-2.111848394913139
DEBUG:root:-2.111848394913139
DEBUG:root:-2.111848394913139
DEBUG:root:-2.111848394913139
DEBUG:root:-2.111848394913139
DEBUG:root:-2.076941809873252
DEBUG:root:-2.076941809873252
DEBUG:root:-2.076941809873252
DEBUG:root:-2.076941809873252
DEBUG:root:-2.076941809873252
DEBUG:root:-2.076941809873252
DEBUG:root:-2.076941809873252
DEBUG:root:-2.076941809873252
DEBUG:root:-2.076941809873252
DEBUG:root:-2.076941809873252
DEBUG:root:-2.076941809873252
DEBUG:root:-2.076941809873252
DEBUG:root:-2.076941809873252
DEBUG:root:-2.076941809873252
DEBUG:root:-2.076941809873252
DEBUG:root:-2.076941809873252
DEBUG:root:-2.076941809873252
DEBUG:root:-2.076941809873252
DEBUG:root:-2.076941809873252
DEBUG:root:-2.076941809873252
DEBUG:root:-2.076941809873252
DEBUG:root:-2.076941809873252
DEBUG:root:-2.076941809873252
DEBUG:root:-2.076941809873252
DEBUG:root:-2.076941809873252
DEBUG:root:-2.076941809873252
DEBUG:root:-2.076941809873252
DEBUG:root:-2.076941809873252
DEBUG:root:-2.0420352248333655
DEBUG:root:-2.0420352248333655
DEBUG:root:-2.0420352248333655
DEBUG:root:-2.0420352248333655
DEBUG:root:-2.0420352248333655
DEBUG:root:-2.0420352248333655
DEBUG:root:-2.0420352248333655
DEBUG:root:-2.0420352248333655
DEBUG:root:-2.0420352248333655
DEBUG:root:-2.0420352248333655
DEBUG:root:-2.0420352248333655
DEBUG:root:-2.0420352248333655
DEBUG:root:-2.0420352248333655
DEBUG:root:-2.0420352248333655
DEBUG:root:-2.0420352248333655
DEBUG:root:-2.0420352248333655
DEBUG:root:-2.0420352248333655
DEBUG:root:-2.0420352248333655
DEBUG:root:-2.0420352248333655
DEBUG:root:-2.0420352248333655
DEBUG:root:-2.0420352248333655
DEBUG:root:-2.0420352248333655
DEBUG:root:-2.0420352248333655
DEBUG:root:-2.0420352248333655
DEBUG:root:-2.0420352248333655
DEBUG:root:-2.0420352248333655
DEBUG:root:-2.0420352248333655
DEBUG:root:-2.0420352248333655
DEBUG:root:-2.0420352248333655
DEBUG:root:-2.0420352248333655
DEBUG:root:-2.0245819323134224
DEBUG:root:-2.0245819323134224
DEBUG:root:-2.0245819323134224
DEBUG:root:-2.0245819323134224
DEBUG:root:-2.0245819323134224
DEBUG:root:-2.0245819323134224
DEBUG:root:-2.0245819323134224
DEBUG:root:-2.0245819323134224
DEBUG:root:-2.0245819323134224
DEBUG:root:-2.0245819323134224
DEBUG:root:-2.0245819323134224
DEBUG:root:-2.0245819323134224
DEBUG:root:-2.0245819323134224
DEBUG:root:-2.0245819323134224
DEBUG:root:-2.0245819323134224
DEBUG:root:-2.0245819323134224
DEBUG:root:-2.0245819323134224
DEBUG:root:-2.0245819323134224
DEBUG:root:-2.0245819323134224
DEBUG:root:-2.0245819323134224
DEBUG:root:-2.0245819323134224
DEBUG:root:-2.0245819323134224
DEBUG:root:-2.0245819323134224
DEBUG:root:-2.0245819323134224
DEBUG:root:-2.0245819323134224
DEBUG:root:-2.0245819323134224
DEBUG:root:-2.0245819323134224
DEBUG:root:-2.0245819323134224
DEBUG:root:-2.0245819323134224
DEBUG:root:-1.9896753472735358
DEBUG:root:-1.9896753472735358
DEBUG:root:-1.9896753472735358
DEBUG:root:-1.9896753472735358
DEBUG:root:-1.9896753472735358
DEBUG:root:-1.9896753472735358
DEBUG:root:-1.9896753472735358
DEBUG:root:-1.9896753472735358
DEBUG:root:-1.9896753472735358
DEBUG:root:-1.9896753472735358
DEBUG:root:-1.9896753472735358
DEBUG:root:-1.9896753472735358
DEBUG:root:-1.9896753472735358
DEBUG:root:-1.9896753472735358
DEBUG:root:-1.9896753472735358
DEBUG:root:-1.9896753472735358
DEBUG:root:-1.9896753472735358
DEBUG:root:-1.9896753472735358
DEBUG:root:-1.9896753472735358
DEBUG:root:-1.9896753472735358
DEBUG:root:-1.9896753472735358
DEBUG:root:-1.9896753472735358
DEBUG:root:-1.9896753472735358
DEBUG:root:-1.9896753472735358
DEBUG:root:-1.9896753472735358
DEBUG:root:-1.9896753472735358
DEBUG:root:-1.9896753472735358
DEBUG:root:-1.9896753472735358
DEBUG:root:-1.9896753472735358
DEBUG:root:-1.9722220547535922
DEBUG:root:-1.9722220547535922
DEBUG:root:-1.9722220547535922
DEBUG:root:-1.9722220547535922
DEBUG:root:-1.9722220547535922
DEBUG:root:-1.9722220547535922
DEBUG:root:-1.9722220547535922
DEBUG:root:-1.9722220547535922
DEBUG:root:-1.9722220547535922
DEBUG:root:-1.9722220547535922
DEBUG:root:-1.9722220547535922
DEBUG:root:-1.9722220547535922
DEBUG:root:-1.9722220547535922
DEBUG:root:-1.9722220547535922
DEBUG:root:-1.9722220547535922
DEBUG:root:-1.9722220547535922
DEBUG:root:-1.9722220547535922
DEBUG:root:-1.9722220547535922
DEBUG:root:-1.9722220547535922
DEBUG:root:-1.9722220547535922
DEBUG:root:-1.9722220547535922
DEBUG:root:-1.9722220547535922
DEBUG:root:-1.9722220547535922
DEBUG:root:-1.9722220547535922
DEBUG:root:-1.9722220547535922
DEBUG:root:-1.9722220547535922
DEBUG:root:-1.9722220547535922
DEBUG:root:-1.9722220547535922
DEBUG:root:-1.9722220547535922
DEBUG:root:-1.9722220547535922
DEBUG:root:-1.9373154697137058
DEBUG:root:-1.9373154697137058
DEBUG:root:-1.9373154697137058
DEBUG:root:-1.9373154697137058
DEBUG:root:-1.9373154697137058
DEBUG:root:-1.9373154697137058
DEBUG:root:-1.9373154697137058
DEBUG:root:-1.9373154697137058
DEBUG:root:-1.9373154697137058
DEBUG:root:-1.9373154697137058
DEBUG:root:-1.9373154697137058
DEBUG:root:-1.9373154697137058
DEBUG:root:-1.9373154697137058
DEBUG:root:-1.9373154697137058
DEBUG:root:-1.9373154697137058
DEBUG:root:-1.9373154697137058
DEBUG:root:-1.9373154697137058
DEBUG:root:-1.9373154697137058
DEBUG:root:-1.9373154697137058
DEBUG:root:-1.9373154697137058
DEBUG:root:-1.9373154697137058
DEBUG:root:-1.9373154697137058
DEBUG:root:-1.9373154697137058
DEBUG:root:-1.9373154697137058
DEBUG:root:-1.9373154697137058
DEBUG:root:-1.9373154697137058
DEBUG:root:-1.9373154697137058
DEBUG:root:-1.9373154697137058
DEBUG:root:-1.9373154697137058
DEBUG:root:-1.9373154697137058
DEBUG:root:-1.9198621771937625
DEBUG:root:-1.9198621771937625
DEBUG:root:-1.9198621771937625
DEBUG:root:-1.9198621771937625
DEBUG:root:-1.9198621771937625
DEBUG:root:-1.9198621771937625
DEBUG:root:-1.9198621771937625
DEBUG:root:-1.9198621771937625
DEBUG:root:-1.9198621771937625
DEBUG:root:-1.9198621771937625
DEBUG:root:-1.9198621771937625
DEBUG:root:-1.9198621771937625
DEBUG:root:-1.9198621771937625
DEBUG:root:-1.9198621771937625
DEBUG:root:-1.9198621771937625
DEBUG:root:-1.9198621771937625
DEBUG:root:-1.9198621771937625
DEBUG:root:-1.9198621771937625
DEBUG:root:-1.9198621771937625
DEBUG:root:-1.9198621771937625
DEBUG:root:-1.9198621771937625
DEBUG:root:-1.9198621771937625
DEBUG:root:-1.9198621771937625
DEBUG:root:-1.9198621771937625
DEBUG:root:-1.9198621771937625
DEBUG:root:-1.9198621771937625
DEBUG:root:-1.9198621771937625
DEBUG:root:-1.9198621771937625
DEBUG:root:-1.9024088846738192
DEBUG:root:-1.9024088846738192
DEBUG:root:-1.9024088846738192
DEBUG:root:-1.9024088846738192
DEBUG:root:-1.9024088846738192
DEBUG:root:-1.9024088846738192
DEBUG:root:-1.9024088846738192
DEBUG:root:-1.9024088846738192
DEBUG:root:-1.9024088846738192
DEBUG:root:-1.9024088846738192
DEBUG:root:-1.9024088846738192
DEBUG:root:-1.9024088846738192
DEBUG:root:-1.9024088846738192
DEBUG:root:-1.9024088846738192
DEBUG:root:-1.9024088846738192
DEBUG:root:-1.9024088846738192
DEBUG:root:-1.9024088846738192
DEBUG:root:-1.9024088846738192
DEBUG:root:-1.9024088846738192
DEBUG:root:-1.9024088846738192
DEBUG:root:-1.9024088846738192
DEBUG:root:-1.9024088846738192
DEBUG:root:-1.9024088846738192
DEBUG:root:-1.9024088846738192
DEBUG:root:-1.9024088846738192
DEBUG:root:-1.9024088846738192
DEBUG:root:-1.8675022996339325
DEBUG:root:-1.8675022996339325
DEBUG:root:-1.8675022996339325
DEBUG:root:-1.8675022996339325
DEBUG:root:-1.8675022996339325
DEBUG:root:-1.8675022996339325
DEBUG:root:-1.8675022996339325
DEBUG:root:-1.8675022996339325
DEBUG:root:-1.8675022996339325
DEBUG:root:-1.8675022996339325
DEBUG:root:-1.8675022996339325
DEBUG:root:-1.8675022996339325
DEBUG:root:-1.8675022996339325
DEBUG:root:-1.8675022996339325
DEBUG:root:-1.8675022996339325
DEBUG:root:-1.8675022996339325
DEBUG:root:-1.8675022996339325
DEBUG:root:-1.8675022996339325
DEBUG:root:-1.8675022996339325
DEBUG:root:-1.8675022996339325
DEBUG:root:-1.8675022996339325
DEBUG:root:-1.8675022996339325
DEBUG:root:-1.8675022996339325
DEBUG:root:-1.8675022996339325
DEBUG:root:-1.8675022996339325
DEBUG:root:-1.8675022996339325
DEBUG:root:-1.8675022996339325
DEBUG:root:-1.8675022996339325
DEBUG:root:-1.8675022996339325
DEBUG:root:-1.832595714594046
DEBUG:root:-1.832595714594046
DEBUG:root:-1.832595714594046
DEBUG:root:-1.832595714594046
DEBUG:root:-1.832595714594046
DEBUG:root:-1.832595714594046
DEBUG:root:-1.832595714594046
DEBUG:root:-1.832595714594046
DEBUG:root:-1.832595714594046
DEBUG:root:-1.832595714594046
DEBUG:root:-1.832595714594046
DEBUG:root:-1.832595714594046
DEBUG:root:-1.832595714594046
DEBUG:root:-1.832595714594046
DEBUG:root:-1.832595714594046
DEBUG:root:-1.832595714594046
DEBUG:root:-1.832595714594046
DEBUG:root:-1.832595714594046
DEBUG:root:-1.832595714594046
DEBUG:root:-1.832595714594046
DEBUG:root:-1.832595714594046
DEBUG:root:-1.832595714594046
DEBUG:root:-1.832595714594046
DEBUG:root:-1.832595714594046
DEBUG:root:-1.832595714594046
DEBUG:root:-1.832595714594046
DEBUG:root:-1.832595714594046
DEBUG:root:-1.832595714594046
DEBUG:root:-1.832595714594046
DEBUG:root:-1.832595714594046
DEBUG:root:-1.8151424220741026
DEBUG:root:-1.8151424220741026
DEBUG:root:-1.8151424220741026
DEBUG:root:-1.8151424220741026
DEBUG:root:-1.8151424220741026
DEBUG:root:-1.8151424220741026
DEBUG:root:-1.8151424220741026
DEBUG:root:-1.8151424220741026
DEBUG:root:-1.8151424220741026
DEBUG:root:-1.8151424220741026
DEBUG:root:-1.8151424220741026
DEBUG:root:-1.8151424220741026
DEBUG:root:-1.8151424220741026
DEBUG:root:-1.8151424220741026
DEBUG:root:-1.8151424220741026
DEBUG:root:-1.8151424220741026
DEBUG:root:-1.8151424220741026
DEBUG:root:-1.8151424220741026
DEBUG:root:-1.8151424220741026
DEBUG:root:-1.8151424220741026
DEBUG:root:-1.8151424220741026
DEBUG:root:-1.8151424220741026
DEBUG:root:-1.8151424220741026
DEBUG:root:-1.8151424220741026
DEBUG:root:-1.8151424220741026
DEBUG:root:-1.8151424220741026
DEBUG:root:-1.8151424220741026
DEBUG:root:-1.8151424220741026
DEBUG:root:-1.8151424220741026
DEBUG:root:-1.8151424220741026
DEBUG:root:-1.7802358370342162
DEBUG:root:-1.7802358370342162
DEBUG:root:-1.7802358370342162
DEBUG:root:-1.7802358370342162
DEBUG:root:-1.7802358370342162
DEBUG:root:-1.7802358370342162
DEBUG:root:-1.7802358370342162
DEBUG:root:-1.7802358370342162
DEBUG:root:-1.7802358370342162
DEBUG:root:-1.7802358370342162
DEBUG:root:-1.7802358370342162
DEBUG:root:-1.7802358370342162
DEBUG:root:-1.7802358370342162
DEBUG:root:-1.7802358370342162
DEBUG:root:-1.7802358370342162
DEBUG:root:-1.7802358370342162
DEBUG:root:-1.7802358370342162
DEBUG:root:-1.7802358370342162
DEBUG:root:-1.7802358370342162
DEBUG:root:-1.7802358370342162
DEBUG:root:-1.7802358370342162
DEBUG:root:-1.7802358370342162
DEBUG:root:-1.7802358370342162
DEBUG:root:-1.7802358370342162
DEBUG:root:-1.7802358370342162
DEBUG:root:-1.7802358370342162
DEBUG:root:-1.7802358370342162
DEBUG:root:-1.7802358370342162
DEBUG:root:-1.7802358370342162
DEBUG:root:-1.7802358370342162
DEBUG:root:-1.7802358370342162
DEBUG:root:-1.7453292519943295
DEBUG:root:-1.7453292519943295
DEBUG:root:-1.7453292519943295
DEBUG:root:-1.7453292519943295
DEBUG:root:-1.7453292519943295
DEBUG:root:-1.7453292519943295
DEBUG:root:-1.7453292519943295
DEBUG:root:-1.7453292519943295
DEBUG:root:-1.7453292519943295
DEBUG:root:-1.7453292519943295
DEBUG:root:-1.7453292519943295
DEBUG:root:-1.7453292519943295
DEBUG:root:-1.7453292519943295
DEBUG:root:-1.7453292519943295
DEBUG:root:-1.7453292519943295
DEBUG:root:-1.7453292519943295
DEBUG:root:-1.7453292519943295
DEBUG:root:-1.7453292519943295
DEBUG:root:-1.7453292519943295
DEBUG:root:-1.7453292519943295
DEBUG:root:-1.7453292519943295
DEBUG:root:-1.7453292519943295
DEBUG:root:-1.7453292519943295
DEBUG:root:-1.7453292519943295
DEBUG:root:-1.7453292519943295
DEBUG:root:-1.7453292519943295
DEBUG:root:-1.7453292519943295
DEBUG:root:-1.7453292519943295
DEBUG:root:-1.7453292519943295
DEBUG:root:-1.7278759594743862
DEBUG:root:-1.7278759594743862
DEBUG:root:-1.7278759594743862
DEBUG:root:-1.7278759594743862
DEBUG:root:-1.7278759594743862
DEBUG:root:-1.7278759594743862
DEBUG:root:-1.7278759594743862
DEBUG:root:-1.7278759594743862
DEBUG:root:-1.7278759594743862
DEBUG:root:-1.7278759594743862
DEBUG:root:-1.7278759594743862
DEBUG:root:-1.7278759594743862
DEBUG:root:-1.7278759594743862
DEBUG:root:-1.7278759594743862
DEBUG:root:-1.7278759594743862
DEBUG:root:-1.7278759594743862
DEBUG:root:-1.7278759594743862
DEBUG:root:-1.7278759594743862
DEBUG:root:-1.7278759594743862
DEBUG:root:-1.7278759594743862
DEBUG:root:-1.7278759594743862
DEBUG:root:-1.7278759594743862
DEBUG:root:-1.7278759594743862
DEBUG:root:-1.7278759594743862
DEBUG:root:-1.7278759594743862
DEBUG:root:-1.7278759594743862
DEBUG:root:-1.7278759594743862
DEBUG:root:-1.7278759594743862
DEBUG:root:-1.7278759594743862
DEBUG:root:-1.7278759594743862
DEBUG:root:-1.6929693744344996
DEBUG:root:-1.6929693744344996
DEBUG:root:-1.6929693744344996
DEBUG:root:-1.6929693744344996
DEBUG:root:-1.6929693744344996
DEBUG:root:-1.6929693744344996
DEBUG:root:-1.6929693744344996
DEBUG:root:-1.6929693744344996
DEBUG:root:-1.6929693744344996
DEBUG:root:-1.6929693744344996
DEBUG:root:-1.6929693744344996
DEBUG:root:-1.6929693744344996
DEBUG:root:-1.6929693744344996
DEBUG:root:-1.6929693744344996
DEBUG:root:-1.6929693744344996
DEBUG:root:-1.6929693744344996
DEBUG:root:-1.6929693744344996
DEBUG:root:-1.6929693744344996
DEBUG:root:-1.6929693744344996
DEBUG:root:-1.6929693744344996
DEBUG:root:-1.6929693744344996
DEBUG:root:-1.6929693744344996
DEBUG:root:-1.6929693744344996
DEBUG:root:-1.6929693744344996
DEBUG:root:-1.6929693744344996
DEBUG:root:-1.6929693744344996
DEBUG:root:-1.6929693744344996
DEBUG:root:-1.6929693744344996
DEBUG:root:-1.6929693744344996
DEBUG:root:-1.6929693744344996
DEBUG:root:-1.6929693744344996
DEBUG:root:-1.6755160819145563
DEBUG:root:-1.6755160819145563
DEBUG:root:-1.6755160819145563
DEBUG:root:-1.6755160819145563
DEBUG:root:-1.6755160819145563
DEBUG:root:-1.6755160819145563
DEBUG:root:-1.6755160819145563
DEBUG:root:-1.6755160819145563
DEBUG:root:-1.6755160819145563
DEBUG:root:-1.6755160819145563
DEBUG:root:-1.6755160819145563
DEBUG:root:-1.6755160819145563
DEBUG:root:-1.6755160819145563
DEBUG:root:-1.6755160819145563
DEBUG:root:-1.6755160819145563
DEBUG:root:-1.6755160819145563
DEBUG:root:-1.6755160819145563
DEBUG:root:-1.6755160819145563
DEBUG:root:-1.6755160819145563
DEBUG:root:-1.6755160819145563
DEBUG:root:-1.6755160819145563
DEBUG:root:-1.6755160819145563
DEBUG:root:-1.6755160819145563
DEBUG:root:-1.6755160819145563
DEBUG:root:-1.6755160819145563
DEBUG:root:-1.6755160819145563
DEBUG:root:-1.6755160819145563
DEBUG:root:-1.6755160819145563
DEBUG:root:-1.6755160819145563
DEBUG:root:-1.6406094968746698
DEBUG:root:-1.6406094968746698
DEBUG:root:-1.6406094968746698
DEBUG:root:-1.6406094968746698
DEBUG:root:-1.6406094968746698
DEBUG:root:-1.6406094968746698
DEBUG:root:-1.6406094968746698
DEBUG:root:-1.6406094968746698
DEBUG:root:-1.6406094968746698
DEBUG:root:-1.6406094968746698
DEBUG:root:-1.6406094968746698
DEBUG:root:-1.6406094968746698
DEBUG:root:-1.6406094968746698
DEBUG:root:-1.6406094968746698
DEBUG:root:-1.6406094968746698
DEBUG:root:-1.6406094968746698
DEBUG:root:-1.6406094968746698
DEBUG:root:-1.6406094968746698
DEBUG:root:-1.6406094968746698
DEBUG:root:-1.6406094968746698
DEBUG:root:-1.6406094968746698
DEBUG:root:-1.6406094968746698
DEBUG:root:-1.6406094968746698
DEBUG:root:-1.6406094968746698
DEBUG:root:-1.6406094968746698
DEBUG:root:-1.6406094968746698
DEBUG:root:-1.6406094968746698
DEBUG:root:-1.6406094968746698
DEBUG:root:-1.6406094968746698
INFO:root:HALF_EIGHT_SHORT: done!
DEBUG:root:GENERATE_GRID: goal_k is: [7. 1.]
 goals: [array([7., 1.]), array([7., 7.])]
DEBUG:root:GENERATE_GRID: grid is:
[[-1.  7. -1. -1. -1. -1. -1. 13. -1. -1. -1. 21. -1. -1. -1.]
 [-1.  6.  7.  8.  9. 10. 11. 12. -1. 18. 19. 20. 21. 22. -1.]
 [-1.  5.  6.  7.  8.  9. 10. 11. -1. 17. 18. -1. 22. 21. -1.]
 [-1.  4.  5.  6.  7.  8.  9. 10. -1. 16. -1. -1. -1. 20. -1.]
 [-1.  3.  4.  5.  6.  7.  8.  9. -1. 15. 16. -1. 18. 19. -1.]
 [-1.  2.  3.  4.  5.  6.  7.  8. -1. 14. 15. 16. 17. 18. -1.]
 [-1.  1.  2.  3.  4.  5.  6.  7. -1. 13. 14. -1. 18. 17. -1.]
 [-1.  0.  1.  2.  3.  4.  5.  6. -1. 12. -1. -1. -1. 16. -1.]
 [-1.  1. -1. -1. -1. -1. -1.  7. -1. 11. 12. -1. 14. 15. -1.]
 [-1.  2.  3.  4.  5.  6.  7.  8.  9. 10. 11. 12. 13. 14. -1.]
 [-1.  3.  4.  5.  6.  7.  8.  9. 10. 11. 12. 13. 14. 15. -1.]
 [-1.  4.  5.  6.  7.  8.  9. 10. 11. 12. 13. 14. 15. 16. -1.]
 [-1.  5.  6.  7.  8.  9. 10. 11. 12. 13. 14. 15. 16. 17. -1.]
 [-1.  6.  7.  8.  9. 10. 11. 12. 13. 14. 15. 16. 17. 18. -1.]
 [-1. -1. -1. -1. -1. -1. -1. -1. -1. -1. -1. -1. -1. -1. -1.]]
DEBUG:root:GENERATE_GRID: goal_k is: [7. 7.]
 goals: [array([7., 1.]), array([7., 7.])]
DEBUG:root:GENERATE_GRID: grid is:
[[-1. 13. -1. -1. -1. -1. -1.  7. -1. -1. -1. 15. -1. -1. -1.]
 [-1. 12. 11. 10.  9.  8.  7.  6. -1. 12. 13. 14. 15. 16. -1.]
 [-1. 11. 10.  9.  8.  7.  6.  5. -1. 11. 12. -1. 16. 15. -1.]
 [-1. 10.  9.  8.  7.  6.  5.  4. -1. 10. -1. -1. -1. 14. -1.]
 [-1.  9.  8.  7.  6.  5.  4.  3. -1.  9. 10. -1. 12. 13. -1.]
 [-1.  8.  7.  6.  5.  4.  3.  2. -1.  8.  9. 10. 11. 12. -1.]
 [-1.  7.  6.  5.  4.  3.  2.  1. -1.  7.  8. -1. 12. 11. -1.]
 [-1.  6.  5.  4.  3.  2.  1.  0. -1.  6. -1. -1. -1. 10. -1.]
 [-1.  7. -1. -1. -1. -1. -1.  1. -1.  5.  6. -1.  8.  9. -1.]
 [-1.  8.  7.  6.  5.  4.  3.  2.  3.  4.  5.  6.  7.  8. -1.]
 [-1.  9.  8.  7.  6.  5.  4.  3.  4.  5.  6.  7.  8.  9. -1.]
 [-1. 10.  9.  8.  7.  6.  5.  4.  5.  6.  7.  8.  9. 10. -1.]
 [-1. 11. 10.  9.  8.  7.  6.  5.  6.  7.  8.  9. 10. 11. -1.]
 [-1. 12. 11. 10.  9.  8.  7.  6.  7.  8.  9. 10. 11. 12. -1.]
 [-1. -1. -1. -1. -1. -1. -1. -1. -1. -1. -1. -1. -1. -1. -1.]]
DEBUG:root:GENERATE_GRID: voy a mezclar 2 grids
DEBUG:root:MIX_GRIDS: im in
DEBUG:root:MIX_GRIDS: comprobando grid 2
DEBUG:root:GENERATE_GRID: final grid value:
 [[-1.  7. -1. -1. -1. -1. -1.  7. -1. -1. -1. 15. -1. -1. -1.]
 [-1.  6.  7.  8.  9.  8.  7.  6. -1. 12. 13. 14. 15. 16. -1.]
 [-1.  5.  6.  7.  8.  7.  6.  5. -1. 11. 12. -1. 16. 15. -1.]
 [-1.  4.  5.  6.  7.  6.  5.  4. -1. 10. -1. -1. -1. 14. -1.]
 [-1.  3.  4.  5.  6.  5.  4.  3. -1.  9. 10. -1. 12. 13. -1.]
 [-1.  2.  3.  4.  5.  4.  3.  2. -1.  8.  9. 10. 11. 12. -1.]
 [-1.  1.  2.  3.  4.  3.  2.  1. -1.  7.  8. -1. 12. 11. -1.]
 [-1.  0.  1.  2.  3.  2.  1.  0. -1.  6. -1. -1. -1. 10. -1.]
 [-1.  1. -1. -1. -1. -1. -1.  1. -1.  5.  6. -1.  8.  9. -1.]
 [-1.  2.  3.  4.  5.  4.  3.  2.  3.  4.  5.  6.  7.  8. -1.]
 [-1.  3.  4.  5.  6.  5.  4.  3.  4.  5.  6.  7.  8.  9. -1.]
 [-1.  4.  5.  6.  7.  6.  5.  4.  5.  6.  7.  8.  9. 10. -1.]
 [-1.  5.  6.  7.  8.  7.  6.  5.  6.  7.  8.  9. 10. 11. -1.]
 [-1.  6.  7.  8.  9.  8.  7.  6.  7.  8.  9. 10. 11. 12. -1.]
 [-1. -1. -1. -1. -1. -1. -1. -1. -1. -1. -1. -1. -1. -1. -1.]]
DEBUG:root:
###################### NAVIGATE_MAP ######################
 my turbogoal is: [array([7., 1.]), array([7., 7.])](array)
DEBUG:root:Y 
 
o  X
DEBUG:root:+---+---+---+---+---+---+---+---+---+----+---+----+---+----+---+
|  |    |  |  |  |  |  |    |  |   |  |     |  |   |  |
+---+---+---+---+---+---+---+---+---+----+---+----+---+----+---+
|  | 6 |    | 8 |    | 8 |    | 6 |  | 12 |    | 14 |    | 16 |  |
+---+---+---+---+---+---+---+---+---+----+---+----+---+----+---+
|  |    |    |    |    |    |    |    |  |     |    |   |    |     |  |
+---+---+---+---+---+---+---+---+---+----+---+----+---+----+---+
|  | 4 |    | 6 |    | 6 |    | 4 |  | 10 |  |   |  | 14 |  |
+---+---+---+---+---+---+---+---+---+----+---+----+---+----+---+
|  |    |    |    |    |    |    |    |  |     |    |   |    |     |  |
+---+---+---+---+---+---+---+---+---+----+---+----+---+----+---+
|  | 2 |    | 4 |    | 4 |    | 2 |  | 8  |    | 10 |    | 12 |  |
+---+---+---+---+---+---+---+---+---+----+---+----+---+----+---+
|  |    |    |    |    |    |    |    |  |     |    |   |    |     |  |
+---+---+---+---+---+---+---+---+---+----+---+----+---+----+---+
|  | 0 |    | 2 |    | 2 |    | 0 |  |   |  |   |  | 10 |  |
+---+---+---+---+---+---+---+---+---+----+---+----+---+----+---+
|  |    |  |  |  |  |  |    |  |     |    |   |    |     |  |
+---+---+---+---+---+---+---+---+---+----+---+----+---+----+---+
|  | 2 |    | 4 |    | 4 |    | 2 |    | 4  |    | 6  |    | 8  |  |
+---+---+---+---+---+---+---+---+---+----+---+----+---+----+---+
|  |    |    |    |    |    |    |    |    |     |    |     |    |     |  |
+---+---+---+---+---+---+---+---+---+----+---+----+---+----+---+
|  | 4 |    | 6 |    | 6 |    | 4 |    | 6  |    | 8  |    | 10 |  |
+---+---+---+---+---+---+---+---+---+----+---+----+---+----+---+
|  |    |    |    |    |    |    |    |    |     |    |     |    |     |  |
+---+---+---+---+---+---+---+---+---+----+---+----+---+----+---+
|  | 6 |    | 8 |    | 8 |    | 6 |    | 8  |    | 10 |    | 12 |  |
+---+---+---+---+---+---+---+---+---+----+---+----+---+----+---+
|  |  |  |  |  |  |  |  |  |   |  |   |  |   |  |
+---+---+---+---+---+---+---+---+---+----+---+----+---+----+---+
DEBUG:root:GO_TO_CELL: relative move: 0
DEBUG:root:GO_TO_CELL: voy recto
DEBUG:root:
----------------------------------------------------------------------------

DEBUG:root:Y 
 
o  X
DEBUG:root:+---+---+---+---+---+---+---+---+---+----+---+----+---+----+---+
|  |    |  |  |  |  |  |    |  |   |  |     |  |   |  |
+---+---+---+---+---+---+---+---+---+----+---+----+---+----+---+
|  | 6 |    | 8 |    | 8 |    | 6 |  | 12 |    | 14 |    | 16 |  |
+---+---+---+---+---+---+---+---+---+----+---+----+---+----+---+
|  |    |    |    |    |    |    |    |  |     |    |   |    |     |  |
+---+---+---+---+---+---+---+---+---+----+---+----+---+----+---+
|  | 4 |    | 6 |    | 6 |    | 4 |  | 10 |  |   |  | 14 |  |
+---+---+---+---+---+---+---+---+---+----+---+----+---+----+---+
|  |    |    |    |    |    |    |    |  |     |    |   |    |     |  |
+---+---+---+---+---+---+---+---+---+----+---+----+---+----+---+
|  | 2 |    | 4 |    | 4 |    | 2 |  | 8  |    | 10 |    | 12 |  |
+---+---+---+---+---+---+---+---+---+----+---+----+---+----+---+
|  |    |    |    |    |    |    |    |  |     |    |   |    |     |  |
+---+---+---+---+---+---+---+---+---+----+---+----+---+----+---+
|  | 0 |    | 2 |    | 2 |    | 0 |  | 6  |  |   |  | 10 |  |
+---+---+---+---+---+---+---+---+---+----+---+----+---+----+---+
|  |    |  |  |  |  |  |    |  |     |    |   |    |     |  |
+---+---+---+---+---+---+---+---+---+----+---+----+---+----+---+
|  | 2 |    | 4 |    | 4 |    | 2 |    |   |    | 6  |    | 8  |  |
+---+---+---+---+---+---+---+---+---+----+---+----+---+----+---+
|  |    |    |    |    |    |    |    |    |     |    |     |    |     |  |
+---+---+---+---+---+---+---+---+---+----+---+----+---+----+---+
|  | 4 |    | 6 |    | 6 |    | 4 |    | 6  |    | 8  |    | 10 |  |
+---+---+---+---+---+---+---+---+---+----+---+----+---+----+---+
|  |    |    |    |    |    |    |    |    |     |    |     |    |     |  |
+---+---+---+---+---+---+---+---+---+----+---+----+---+----+---+
|  | 6 |    | 8 |    | 8 |    | 6 |    | 8  |    | 10 |    | 12 |  |
+---+---+---+---+---+---+---+---+---+----+---+----+---+----+---+
|  |  |  |  |  |  |  |  |  |   |  |   |  |   |  |
+---+---+---+---+---+---+---+---+---+----+---+----+---+----+---+
DEBUG:root:GO_TO_CELL: relative move: 2
DEBUG:root:GO_TO_CELL: giro derecha y voy recto
DEBUG:root:
----------------------------------------------------------------------------

DEBUG:root:Y 
 
o  X
DEBUG:root:+---+---+---+---+---+---+---+---+---+----+---+----+---+----+---+
|  |    |  |  |  |  |  |    |  |   |  |     |  |   |  |
+---+---+---+---+---+---+---+---+---+----+---+----+---+----+---+
|  | 6 |    | 8 |    | 8 |    | 6 |  | 12 |    | 14 |    | 16 |  |
+---+---+---+---+---+---+---+---+---+----+---+----+---+----+---+
|  |    |    |    |    |    |    |    |  |     |    |   |    |     |  |
+---+---+---+---+---+---+---+---+---+----+---+----+---+----+---+
|  | 4 |    | 6 |    | 6 |    | 4 |  | 10 |  |   |  | 14 |  |
+---+---+---+---+---+---+---+---+---+----+---+----+---+----+---+
|  |    |    |    |    |    |    |    |  |     |    |   |    |     |  |
+---+---+---+---+---+---+---+---+---+----+---+----+---+----+---+
|  | 2 |    | 4 |    | 4 |    | 2 |  | 8  |    | 10 |    | 12 |  |
+---+---+---+---+---+---+---+---+---+----+---+----+---+----+---+
|  |    |    |    |    |    |    |    |  |     |    |   |    |     |  |
+---+---+---+---+---+---+---+---+---+----+---+----+---+----+---+
|  | 0 |    | 2 |    | 2 |    | 0 |  | 6  |  |   |  | 10 |  |
+---+---+---+---+---+---+---+---+---+----+---+----+---+----+---+
|  |    |  |  |  |  |  |    |  |     |    |   |    |     |  |
+---+---+---+---+---+---+---+---+---+----+---+----+---+----+---+
|  | 2 |    | 4 |    | 4 |    |  |    | 4  |    | 6  |    | 8  |  |
+---+---+---+---+---+---+---+---+---+----+---+----+---+----+---+
|  |    |    |    |    |    |    |    |    |     |    |     |    |     |  |
+---+---+---+---+---+---+---+---+---+----+---+----+---+----+---+
|  | 4 |    | 6 |    | 6 |    | 4 |    | 6  |    | 8  |    | 10 |  |
+---+---+---+---+---+---+---+---+---+----+---+----+---+----+---+
|  |    |    |    |    |    |    |    |    |     |    |     |    |     |  |
+---+---+---+---+---+---+---+---+---+----+---+----+---+----+---+
|  | 6 |    | 8 |    | 8 |    | 6 |    | 8  |    | 10 |    | 12 |  |
+---+---+---+---+---+---+---+---+---+----+---+----+---+----+---+
|  |  |  |  |  |  |  |  |  |   |  |   |  |   |  |
+---+---+---+---+---+---+---+---+---+----+---+----+---+----+---+
DEBUG:root:GO_TO_CELL: relative move: 2
DEBUG:root:GO_TO_CELL: giro derecha y voy recto
DEBUG:root:
----------------------------------------------------------------------------

INFO:root:NAVIGATE_MAP: I've reached my goal
INFO:root:Found the ball! Approaching...
INFO:root:Close enough to the ball, size is: 27.14192771911621
INFO:root:Centering the ball...
INFO:root:The ball's x position is: 78.24716186523438
INFO:root:Ball centered and ready to be catched!
INFO:root:The distance to be covered is: 0.13999999999999999 meters
DEBUG:root:Watchpoint coordinates: [1.1 2.2]
DEBUG:root:     GO_TO_WATCHPOINT: spinning to ABSOLUTE TH 1.2310056665171458
DEBUG:root:     GO_TO_WATCHPOINT: running to watchpoint: [3, 6]
DEBUG:root:     GO_TO_WATCHPOINT: facing image (pi/2 (im in 0.3944444444444442pi))...
DEBUG:root:EXIT_MAP: beggining exiting sequence...
INFO:root:Ive seen R2D2
DEBUG:root:GENERATE_GRID: goal_k is: 1.0
 goals: [1. 1.]
DEBUG:root:GENERATE_GRID: no hay que mezclar
DEBUG:root:GENERATE_GRID: final grid value:
 [[-1.  1. -1. -1. -1. -1. -1.  7. -1. -1. -1. 27. -1. -1. -1.]
 [-1.  0.  1.  2.  3.  4.  5.  6. -1. 24. 25. 26. 27. 28. -1.]
 [-1.  1.  2.  3.  4.  5.  6.  7. -1. 23. 24. -1. 28. 27. -1.]
 [-1.  2.  3.  4.  5.  6.  7.  8. -1. 22. -1. -1. -1. 26. -1.]
 [-1.  3.  4.  5.  6.  7.  8.  9. -1. 21. 22. -1. 24. 25. -1.]
 [-1.  4.  5.  6.  7.  8.  9. 10. -1. 20. 21. 22. 23. 24. -1.]
 [-1.  5.  6.  7.  8.  9. 10. 11. -1. 19. 20. -1. 24. 23. -1.]
 [-1.  6.  7.  8.  9. 10. 11. 12. -1. 18. -1. -1. -1. 22. -1.]
 [-1.  7. -1. -1. -1. -1. -1. 13. -1. 17. 18. -1. 20. 21. -1.]
 [-1.  8.  9. 10. 11. 12. 13. 14. 15. 16. 17. 18. 19. 20. -1.]
 [-1.  9. 10. 11. 12. 13. 14. 15. 16. 17. 18. 19. 20. 21. -1.]
 [-1. 10. 11. 12. 13. 14. 15. 16. 17. 18. 19. 20. 21. 22. -1.]
 [-1. 11. 12. 13. 14. 15. 16. 17. 18. 19. 20. 21. 22. 23. -1.]
 [-1. 12. 13. 14. 15. 16. 17. 18. 19. 20. 21. 22. 23. 24. -1.]
 [-1. -1. -1. -1. -1. -1. -1. -1. -1. -1. -1. -1. -1. -1. -1.]]
DEBUG:root:
###################### NAVIGATE_MAP ######################
 my turbogoal is: [1. 1.](array)
DEBUG:root:Y 
 
o  X
DEBUG:root:+---+----+---+----+---+----+---+----+---+----+---+----+---+----+---+
|  |     |  |   |  |   |  |     |  |   |  |     |  |   |  |
+---+----+---+----+---+----+---+----+---+----+---+----+---+----+---+
|  | 0  |    | 2  |    | 4  |    | 6  |  | 24 |    | 26 |    | 28 |  |
+---+----+---+----+---+----+---+----+---+----+---+----+---+----+---+
|  |     |    |     |    |     |    |     |  |     |    |   |    |     |  |
+---+----+---+----+---+----+---+----+---+----+---+----+---+----+---+
|  | 2  |    | 4  |    |   |    | 8  |  | 22 |  |   |  | 26 |  |
+---+----+---+----+---+----+---+----+---+----+---+----+---+----+---+
|  |     |    |     |    |     |    |     |  |     |    |   |    |     |  |
+---+----+---+----+---+----+---+----+---+----+---+----+---+----+---+
|  | 4  |    | 6  |    | 8  |    | 10 |  | 20 |    | 22 |    | 24 |  |
+---+----+---+----+---+----+---+----+---+----+---+----+---+----+---+
|  |     |    |     |    |     |    |     |  |     |    |   |    |     |  |
+---+----+---+----+---+----+---+----+---+----+---+----+---+----+---+
|  | 6  |    | 8  |    | 10 |    | 12 |  | 18 |  |   |  | 22 |  |
+---+----+---+----+---+----+---+----+---+----+---+----+---+----+---+
|  |     |  |   |  |   |  |     |  |     |    |   |    |     |  |
+---+----+---+----+---+----+---+----+---+----+---+----+---+----+---+
|  | 8  |    | 10 |    | 12 |    | 14 |    | 16 |    | 18 |    | 20 |  |
+---+----+---+----+---+----+---+----+---+----+---+----+---+----+---+
|  |     |    |     |    |     |    |     |    |     |    |     |    |     |  |
+---+----+---+----+---+----+---+----+---+----+---+----+---+----+---+
|  | 10 |    | 12 |    | 14 |    | 16 |    | 18 |    | 20 |    | 22 |  |
+---+----+---+----+---+----+---+----+---+----+---+----+---+----+---+
|  |     |    |     |    |     |    |     |    |     |    |     |    |     |  |
+---+----+---+----+---+----+---+----+---+----+---+----+---+----+---+
|  | 12 |    | 14 |    | 16 |    | 18 |    | 20 |    | 22 |    | 24 |  |
+---+----+---+----+---+----+---+----+---+----+---+----+---+----+---+
|  |   |  |   |  |   |  |   |  |   |  |   |  |   |  |
+---+----+---+----+---+----+---+----+---+----+---+----+---+----+---+
DEBUG:root:GO_TO_CELL: relative move: 0
DEBUG:root:GO_TO_CELL: voy recto
DEBUG:root:
----------------------------------------------------------------------------

DEBUG:root:Y 
 
o  X
DEBUG:root:+---+----+---+----+---+----+---+----+---+----+---+----+---+----+---+
|  |     |  |   |  |   |  |     |  |   |  |     |  |   |  |
+---+----+---+----+---+----+---+----+---+----+---+----+---+----+---+
|  | 0  |    | 2  |    |   |    | 6  |  | 24 |    | 26 |    | 28 |  |
+---+----+---+----+---+----+---+----+---+----+---+----+---+----+---+
|  |     |    |     |    |     |    |     |  |     |    |   |    |     |  |
+---+----+---+----+---+----+---+----+---+----+---+----+---+----+---+
|  | 2  |    | 4  |    | 6  |    | 8  |  | 22 |  |   |  | 26 |  |
+---+----+---+----+---+----+---+----+---+----+---+----+---+----+---+
|  |     |    |     |    |     |    |     |  |     |    |   |    |     |  |
+---+----+---+----+---+----+---+----+---+----+---+----+---+----+---+
|  | 4  |    | 6  |    | 8  |    | 10 |  | 20 |    | 22 |    | 24 |  |
+---+----+---+----+---+----+---+----+---+----+---+----+---+----+---+
|  |     |    |     |    |     |    |     |  |     |    |   |    |     |  |
+---+----+---+----+---+----+---+----+---+----+---+----+---+----+---+
|  | 6  |    | 8  |    | 10 |    | 12 |  | 18 |  |   |  | 22 |  |
+---+----+---+----+---+----+---+----+---+----+---+----+---+----+---+
|  |     |  |   |  |   |  |     |  |     |    |   |    |     |  |
+---+----+---+----+---+----+---+----+---+----+---+----+---+----+---+
|  | 8  |    | 10 |    | 12 |    | 14 |    | 16 |    | 18 |    | 20 |  |
+---+----+---+----+---+----+---+----+---+----+---+----+---+----+---+
|  |     |    |     |    |     |    |     |    |     |    |     |    |     |  |
+---+----+---+----+---+----+---+----+---+----+---+----+---+----+---+
|  | 10 |    | 12 |    | 14 |    | 16 |    | 18 |    | 20 |    | 22 |  |
+---+----+---+----+---+----+---+----+---+----+---+----+---+----+---+
|  |     |    |     |    |     |    |     |    |     |    |     |    |     |  |
+---+----+---+----+---+----+---+----+---+----+---+----+---+----+---+
|  | 12 |    | 14 |    | 16 |    | 18 |    | 20 |    | 22 |    | 24 |  |
+---+----+---+----+---+----+---+----+---+----+---+----+---+----+---+
|  |   |  |   |  |   |  |   |  |   |  |   |  |   |  |
+---+----+---+----+---+----+---+----+---+----+---+----+---+----+---+
DEBUG:root:GO_TO_CELL: relative move: 6
DEBUG:root:GO_TO_CELL: giro izquierda y voy recto
DEBUG:root:
----------------------------------------------------------------------------

DEBUG:root:Y 
 
o  X
DEBUG:root:+---+----+---+----+---+----+---+----+---+----+---+----+---+----+---+
|  |     |  |   |  |   |  |     |  |   |  |     |  |   |  |
+---+----+---+----+---+----+---+----+---+----+---+----+---+----+---+
|  | 0  |    |   |    | 4  |    | 6  |  | 24 |    | 26 |    | 28 |  |
+---+----+---+----+---+----+---+----+---+----+---+----+---+----+---+
|  |     |    |     |    |     |    |     |  |     |    |   |    |     |  |
+---+----+---+----+---+----+---+----+---+----+---+----+---+----+---+
|  | 2  |    | 4  |    | 6  |    | 8  |  | 22 |  |   |  | 26 |  |
+---+----+---+----+---+----+---+----+---+----+---+----+---+----+---+
|  |     |    |     |    |     |    |     |  |     |    |   |    |     |  |
+---+----+---+----+---+----+---+----+---+----+---+----+---+----+---+
|  | 4  |    | 6  |    | 8  |    | 10 |  | 20 |    | 22 |    | 24 |  |
+---+----+---+----+---+----+---+----+---+----+---+----+---+----+---+
|  |     |    |     |    |     |    |     |  |     |    |   |    |     |  |
+---+----+---+----+---+----+---+----+---+----+---+----+---+----+---+
|  | 6  |    | 8  |    | 10 |    | 12 |  | 18 |  |   |  | 22 |  |
+---+----+---+----+---+----+---+----+---+----+---+----+---+----+---+
|  |     |  |   |  |   |  |     |  |     |    |   |    |     |  |
+---+----+---+----+---+----+---+----+---+----+---+----+---+----+---+
|  | 8  |    | 10 |    | 12 |    | 14 |    | 16 |    | 18 |    | 20 |  |
+---+----+---+----+---+----+---+----+---+----+---+----+---+----+---+
|  |     |    |     |    |     |    |     |    |     |    |     |    |     |  |
+---+----+---+----+---+----+---+----+---+----+---+----+---+----+---+
|  | 10 |    | 12 |    | 14 |    | 16 |    | 18 |    | 20 |    | 22 |  |
+---+----+---+----+---+----+---+----+---+----+---+----+---+----+---+
|  |     |    |     |    |     |    |     |    |     |    |     |    |     |  |
+---+----+---+----+---+----+---+----+---+----+---+----+---+----+---+
|  | 12 |    | 14 |    | 16 |    | 18 |    | 20 |    | 22 |    | 24 |  |
+---+----+---+----+---+----+---+----+---+----+---+----+---+----+---+
|  |   |  |   |  |   |  |   |  |   |  |   |  |   |  |
+---+----+---+----+---+----+---+----+---+----+---+----+---+----+---+
DEBUG:root:GO_TO_CELL: relative move: 0
DEBUG:root:GO_TO_CELL: voy recto
DEBUG:root:
----------------------------------------------------------------------------

INFO:root:NAVIGATE_MAP: I've reached my goal
INFO:root:Odometry was stopped
DEBUG:matplotlib.font_manager:findfont: Matching :family=sans-serif:style=normal:variant=normal:weight=normal:stretch=normal:size=10.0 to DejaVu Sans ('/home/pi/.local/lib/python3.5/site-packages/matplotlib/mpl-data/fonts/ttf/DejaVuSans.ttf') with score of 0.050000.
DEBUG:matplotlib.axes._base:update_title_pos
DEBUG:matplotlib.axes._base:update_title_pos
DEBUG:matplotlib.axes._base:update_title_pos
