INFO:root:MAIN: Program started
DEBUG:root:GENERATE_GRID: goal_k is: 0
 goals: [0, 0, 0]
DEBUG:root:GENERATE_GRID: no hay que mezclar
DEBUG:root:GENERATE_GRID: final grid value:
 [[ 0.  1. -1. -1. -1. -1. -1.  9. -1. -1. -1. 29. -1. -1. -1.]
 [-1.  2.  3.  4.  5.  6.  7.  8. -1. 26. 27. 28. 29. 30. -1.]
 [-1.  3.  4.  5.  6.  7.  8.  9. -1. 25. 26. -1. 30. 29. -1.]
 [-1.  4.  5.  6.  7.  8.  9. 10. -1. 24. -1. -1. -1. 28. -1.]
 [-1.  5.  6.  7.  8.  9. 10. 11. -1. 23. 24. -1. 26. 27. -1.]
 [-1.  6.  7.  8.  9. 10. 11. 12. -1. 22. 23. 24. 25. 26. -1.]
 [-1.  7.  8.  9. 10. 11. 12. 13. -1. 21. 22. -1. 26. 25. -1.]
 [-1.  8.  9. 10. 11. 12. 13. 14. -1. 20. -1. -1. -1. 24. -1.]
 [-1.  9. -1. -1. -1. -1. -1. 15. -1. 19. 20. -1. 22. 23. -1.]
 [-1. 10. 11. 12. 13. 14. 15. 16. 17. 18. 19. 20. 21. 22. -1.]
 [-1. 11. 12. 13. 14. 15. 16. 17. 18. 19. 20. 21. 22. 23. -1.]
 [-1. 12. 13. 14. 15. 16. 17. 18. 19. 20. 21. 22. 23. 24. -1.]
 [-1. 13. 14. 15. 16. 17. 18. 19. 20. 21. 22. 23. 24. 25. -1.]
 [-1. 14. 15. 16. 17. 18. 19. 20. 21. 22. 23. 24. 25. 26. -1.]
 [-1. -1. -1. -1. -1. -1. -1. -1. -1. -1. -1. -1. -1. -1. -1.]]
INFO:root:ROBOT: Robot set up!
INFO:root:ROBOT: Odometry was started, PID: 25004:
INFO:root:MAIN: Initial location: 2.2, 2.6, -1.5707963267948966


INFO:root:MAIN: The floor is BLACK
INFO:root:ROBOT setMapByColor: Tile color is black, setting map B
INFO:root:ROBOT forceNewPosition: Updating position to [2.2, 3]
DEBUG:root:-3.12413936106985
DEBUG:root:-3.12413936106985
DEBUG:root:-3.12413936106985
DEBUG:root:-3.12413936106985
DEBUG:root:-3.12413936106985
DEBUG:root:-3.12413936106985
DEBUG:root:-3.12413936106985
DEBUG:root:-3.12413936106985
DEBUG:root:-3.12413936106985
DEBUG:root:-3.12413936106985
DEBUG:root:-3.12413936106985
DEBUG:root:-3.12413936106985
DEBUG:root:-3.12413936106985
DEBUG:root:-3.12413936106985
DEBUG:root:-3.12413936106985
DEBUG:root:-3.12413936106985
DEBUG:root:-3.12413936106985
DEBUG:root:-3.12413936106985
DEBUG:root:-3.12413936106985
DEBUG:root:-3.12413936106985
DEBUG:root:-3.12413936106985
DEBUG:root:-3.12413936106985
DEBUG:root:-3.12413936106985
DEBUG:root:-3.12413936106985
DEBUG:root:-3.12413936106985
DEBUG:root:-3.12413936106985
DEBUG:root:-3.12413936106985
DEBUG:root:-3.12413936106985
DEBUG:root:-3.12413936106985
DEBUG:root:-3.12413936106985
DEBUG:root:-3.12413936106985
DEBUG:root:-3.141592653589793
DEBUG:root:-3.141592653589793
DEBUG:root:-3.141592653589793
DEBUG:root:-3.141592653589793
DEBUG:root:-3.141592653589793
DEBUG:root:-3.141592653589793
DEBUG:root:-3.141592653589793
DEBUG:root:-3.141592653589793
DEBUG:root:-3.141592653589793
DEBUG:root:-3.141592653589793
DEBUG:root:-3.141592653589793
DEBUG:root:-3.141592653589793
DEBUG:root:-3.141592653589793
DEBUG:root:-3.141592653589793
DEBUG:root:-3.141592653589793
DEBUG:root:-3.141592653589793
DEBUG:root:-3.141592653589793
DEBUG:root:-3.141592653589793
DEBUG:root:-3.141592653589793
DEBUG:root:-3.141592653589793
DEBUG:root:-3.141592653589793
DEBUG:root:-3.141592653589793
DEBUG:root:-3.141592653589793
DEBUG:root:-3.141592653589793
DEBUG:root:-3.141592653589793
DEBUG:root:-3.141592653589793
DEBUG:root:-3.141592653589793
DEBUG:root:-3.141592653589793
DEBUG:root:-3.141592653589793
DEBUG:root:-3.141592653589793
DEBUG:root:-3.141592653589793
DEBUG:root:-3.141592653589793
DEBUG:root:-3.141592653589793
DEBUG:root:-3.141592653589793
DEBUG:root:-3.141592653589793
DEBUG:root:-3.141592653589793
DEBUG:root:-3.141592653589793
DEBUG:root:-3.141592653589793
DEBUG:root:-3.141592653589793
DEBUG:root:-3.141592653589793
DEBUG:root:-3.141592653589793
DEBUG:root:-3.141592653589793
DEBUG:root:-3.141592653589793
DEBUG:root:-3.141592653589793
DEBUG:root:-3.141592653589793
DEBUG:root:-3.141592653589793
DEBUG:root:-3.141592653589793
DEBUG:root:-3.141592653589793
DEBUG:root:-3.141592653589793
DEBUG:root:-3.141592653589793
DEBUG:root:-3.141592653589793
DEBUG:root:-3.141592653589793
DEBUG:root:-3.141592653589793
DEBUG:root:-3.141592653589793
DEBUG:root:-3.141592653589793
DEBUG:root:-3.141592653589793
DEBUG:root:-3.141592653589793
DEBUG:root:-3.141592653589793
DEBUG:root:-3.12413936106985
DEBUG:root:-3.12413936106985
DEBUG:root:-3.12413936106985
DEBUG:root:-3.12413936106985
DEBUG:root:-3.12413936106985
DEBUG:root:-3.12413936106985
DEBUG:root:-3.12413936106985
DEBUG:root:-3.12413936106985
DEBUG:root:-3.12413936106985
DEBUG:root:-3.12413936106985
DEBUG:root:-3.12413936106985
DEBUG:root:-3.12413936106985
DEBUG:root:-3.12413936106985
DEBUG:root:-3.12413936106985
DEBUG:root:-3.12413936106985
DEBUG:root:-3.12413936106985
DEBUG:root:-3.12413936106985
DEBUG:root:-3.12413936106985
DEBUG:root:-3.12413936106985
DEBUG:root:-3.12413936106985
DEBUG:root:-3.12413936106985
DEBUG:root:-3.12413936106985
DEBUG:root:-3.12413936106985
DEBUG:root:-3.12413936106985
DEBUG:root:-3.12413936106985
DEBUG:root:-3.12413936106985
DEBUG:root:-3.12413936106985
DEBUG:root:-3.12413936106985
DEBUG:root:-3.089232776029963
DEBUG:root:-3.089232776029963
DEBUG:root:-3.089232776029963
DEBUG:root:-3.089232776029963
DEBUG:root:-3.089232776029963
DEBUG:root:-3.089232776029963
DEBUG:root:-3.089232776029963
DEBUG:root:-3.089232776029963
DEBUG:root:-3.089232776029963
DEBUG:root:-3.089232776029963
DEBUG:root:-3.089232776029963
DEBUG:root:-3.089232776029963
DEBUG:root:-3.089232776029963
DEBUG:root:-3.089232776029963
DEBUG:root:-3.089232776029963
DEBUG:root:-3.089232776029963
DEBUG:root:-3.089232776029963
DEBUG:root:-3.089232776029963
DEBUG:root:-3.089232776029963
DEBUG:root:-3.089232776029963
DEBUG:root:-3.089232776029963
DEBUG:root:-3.089232776029963
DEBUG:root:-3.089232776029963
DEBUG:root:-3.089232776029963
DEBUG:root:-3.089232776029963
DEBUG:root:-3.089232776029963
DEBUG:root:-3.089232776029963
DEBUG:root:-3.089232776029963
DEBUG:root:-3.089232776029963
DEBUG:root:-3.0543261909900767
DEBUG:root:-3.0543261909900767
DEBUG:root:-3.0543261909900767
DEBUG:root:-3.0543261909900767
DEBUG:root:-3.0543261909900767
DEBUG:root:-3.0543261909900767
DEBUG:root:-3.0543261909900767
DEBUG:root:-3.0543261909900767
DEBUG:root:-3.0543261909900767
DEBUG:root:-3.0543261909900767
DEBUG:root:-3.0543261909900767
DEBUG:root:-3.0543261909900767
DEBUG:root:-3.0543261909900767
DEBUG:root:-3.0543261909900767
DEBUG:root:-3.0543261909900767
DEBUG:root:-3.0543261909900767
DEBUG:root:-3.0543261909900767
DEBUG:root:-3.0543261909900767
DEBUG:root:-3.0543261909900767
DEBUG:root:-3.0543261909900767
DEBUG:root:-3.0543261909900767
DEBUG:root:-3.0543261909900767
DEBUG:root:-3.0543261909900767
DEBUG:root:-3.0543261909900767
DEBUG:root:-3.0543261909900767
DEBUG:root:-3.0543261909900767
DEBUG:root:-3.0543261909900767
DEBUG:root:-3.0543261909900767
DEBUG:root:-3.0543261909900767
DEBUG:root:-3.0543261909900767
DEBUG:root:-3.0543261909900767
DEBUG:root:-3.0543261909900767
DEBUG:root:-3.0543261909900767
DEBUG:root:-3.01941960595019
DEBUG:root:-3.01941960595019
DEBUG:root:-3.01941960595019
DEBUG:root:-3.01941960595019
DEBUG:root:-3.01941960595019
DEBUG:root:-3.01941960595019
DEBUG:root:-3.01941960595019
DEBUG:root:-3.01941960595019
DEBUG:root:-3.01941960595019
DEBUG:root:-3.01941960595019
DEBUG:root:-3.01941960595019
DEBUG:root:-3.01941960595019
DEBUG:root:-3.01941960595019
DEBUG:root:-3.01941960595019
DEBUG:root:-3.01941960595019
DEBUG:root:-3.01941960595019
DEBUG:root:-3.01941960595019
DEBUG:root:-3.01941960595019
DEBUG:root:-3.01941960595019
DEBUG:root:-3.01941960595019
DEBUG:root:-3.01941960595019
DEBUG:root:-3.01941960595019
DEBUG:root:-3.01941960595019
DEBUG:root:-3.01941960595019
DEBUG:root:-3.01941960595019
DEBUG:root:-3.01941960595019
DEBUG:root:-3.01941960595019
DEBUG:root:-3.01941960595019
DEBUG:root:-3.01941960595019
DEBUG:root:-3.01941960595019
DEBUG:root:-3.01941960595019
DEBUG:root:-3.01941960595019
DEBUG:root:-3.01941960595019
DEBUG:root:-3.0019663134302466
DEBUG:root:-3.0019663134302466
DEBUG:root:-3.0019663134302466
DEBUG:root:-3.0019663134302466
DEBUG:root:-3.0019663134302466
DEBUG:root:-3.0019663134302466
DEBUG:root:-3.0019663134302466
DEBUG:root:-3.0019663134302466
DEBUG:root:-3.0019663134302466
DEBUG:root:-3.0019663134302466
DEBUG:root:-3.0019663134302466
DEBUG:root:-3.0019663134302466
DEBUG:root:-3.0019663134302466
DEBUG:root:-3.0019663134302466
DEBUG:root:-3.0019663134302466
DEBUG:root:-3.0019663134302466
DEBUG:root:-3.0019663134302466
DEBUG:root:-3.0019663134302466
DEBUG:root:-3.0019663134302466
DEBUG:root:-3.0019663134302466
DEBUG:root:-3.0019663134302466
DEBUG:root:-3.0019663134302466
DEBUG:root:-3.0019663134302466
DEBUG:root:-3.0019663134302466
DEBUG:root:-3.0019663134302466
DEBUG:root:-3.0019663134302466
DEBUG:root:-3.0019663134302466
DEBUG:root:-3.0019663134302466
DEBUG:root:-3.0019663134302466
DEBUG:root:-3.0019663134302466
DEBUG:root:-3.0019663134302466
DEBUG:root:-3.0019663134302466
DEBUG:root:-3.0019663134302466
DEBUG:root:-3.0019663134302466
DEBUG:root:-2.9670597283903604
DEBUG:root:-2.9670597283903604
DEBUG:root:-2.9670597283903604
DEBUG:root:-2.9670597283903604
DEBUG:root:-2.9670597283903604
DEBUG:root:-2.9670597283903604
DEBUG:root:-2.9670597283903604
DEBUG:root:-2.9670597283903604
DEBUG:root:-2.9670597283903604
DEBUG:root:-2.9670597283903604
DEBUG:root:-2.9670597283903604
DEBUG:root:-2.9670597283903604
DEBUG:root:-2.9670597283903604
DEBUG:root:-2.9670597283903604
DEBUG:root:-2.9670597283903604
DEBUG:root:-2.9670597283903604
DEBUG:root:-2.9670597283903604
DEBUG:root:-2.9670597283903604
DEBUG:root:-2.9670597283903604
DEBUG:root:-2.9670597283903604
DEBUG:root:-2.9670597283903604
DEBUG:root:-2.9670597283903604
DEBUG:root:-2.9670597283903604
DEBUG:root:-2.9670597283903604
DEBUG:root:-2.9670597283903604
DEBUG:root:-2.9670597283903604
DEBUG:root:-2.9670597283903604
DEBUG:root:-2.9670597283903604
DEBUG:root:-2.9670597283903604
DEBUG:root:-2.9670597283903604
DEBUG:root:-2.9670597283903604
DEBUG:root:-2.9670597283903604
DEBUG:root:-2.9670597283903604
DEBUG:root:-2.949606435870417
DEBUG:root:-2.949606435870417
DEBUG:root:-2.949606435870417
DEBUG:root:-2.949606435870417
DEBUG:root:-2.949606435870417
DEBUG:root:-2.949606435870417
DEBUG:root:-2.949606435870417
DEBUG:root:-2.949606435870417
DEBUG:root:-2.949606435870417
DEBUG:root:-2.949606435870417
DEBUG:root:-2.949606435870417
DEBUG:root:-2.949606435870417
DEBUG:root:-2.949606435870417
DEBUG:root:-2.949606435870417
DEBUG:root:-2.949606435870417
DEBUG:root:-2.949606435870417
DEBUG:root:-2.949606435870417
DEBUG:root:-2.949606435870417
DEBUG:root:-2.949606435870417
DEBUG:root:-2.949606435870417
DEBUG:root:-2.949606435870417
DEBUG:root:-2.949606435870417
DEBUG:root:-2.949606435870417
DEBUG:root:-2.949606435870417
DEBUG:root:-2.949606435870417
DEBUG:root:-2.949606435870417
DEBUG:root:-2.949606435870417
DEBUG:root:-2.949606435870417
DEBUG:root:-2.949606435870417
DEBUG:root:-2.949606435870417
DEBUG:root:-2.949606435870417
DEBUG:root:-2.949606435870417
DEBUG:root:-2.949606435870417
DEBUG:root:-2.949606435870417
DEBUG:root:-2.949606435870417
DEBUG:root:-2.91469985083053
DEBUG:root:-2.91469985083053
DEBUG:root:-2.91469985083053
DEBUG:root:-2.91469985083053
DEBUG:root:-2.91469985083053
DEBUG:root:-2.91469985083053
DEBUG:root:-2.91469985083053
DEBUG:root:-2.91469985083053
DEBUG:root:-2.91469985083053
DEBUG:root:-2.91469985083053
DEBUG:root:-2.91469985083053
DEBUG:root:-2.91469985083053
DEBUG:root:-2.91469985083053
DEBUG:root:-2.91469985083053
DEBUG:root:-2.91469985083053
DEBUG:root:-2.91469985083053
DEBUG:root:-2.91469985083053
DEBUG:root:-2.91469985083053
DEBUG:root:-2.91469985083053
DEBUG:root:-2.91469985083053
DEBUG:root:-2.91469985083053
DEBUG:root:-2.91469985083053
DEBUG:root:-2.91469985083053
DEBUG:root:-2.91469985083053
DEBUG:root:-2.91469985083053
DEBUG:root:-2.91469985083053
DEBUG:root:-2.91469985083053
DEBUG:root:-2.91469985083053
DEBUG:root:-2.91469985083053
DEBUG:root:-2.91469985083053
DEBUG:root:-2.897246558310587
DEBUG:root:-2.897246558310587
DEBUG:root:-2.897246558310587
DEBUG:root:-2.897246558310587
DEBUG:root:-2.897246558310587
DEBUG:root:-2.897246558310587
DEBUG:root:-2.897246558310587
DEBUG:root:-2.897246558310587
DEBUG:root:-2.897246558310587
DEBUG:root:-2.897246558310587
DEBUG:root:-2.897246558310587
DEBUG:root:-2.897246558310587
DEBUG:root:-2.897246558310587
DEBUG:root:-2.897246558310587
DEBUG:root:-2.897246558310587
DEBUG:root:-2.897246558310587
DEBUG:root:-2.897246558310587
DEBUG:root:-2.897246558310587
DEBUG:root:-2.897246558310587
DEBUG:root:-2.897246558310587
DEBUG:root:-2.897246558310587
DEBUG:root:-2.897246558310587
DEBUG:root:-2.897246558310587
DEBUG:root:-2.897246558310587
DEBUG:root:-2.897246558310587
DEBUG:root:-2.897246558310587
DEBUG:root:-2.897246558310587
DEBUG:root:-2.897246558310587
DEBUG:root:-2.897246558310587
DEBUG:root:-2.897246558310587
DEBUG:root:-2.897246558310587
DEBUG:root:-2.897246558310587
DEBUG:root:-2.897246558310587
DEBUG:root:-2.8623399732707004
DEBUG:root:-2.8623399732707004
DEBUG:root:-2.8623399732707004
DEBUG:root:-2.8623399732707004
DEBUG:root:-2.8623399732707004
DEBUG:root:-2.8623399732707004
DEBUG:root:-2.8623399732707004
DEBUG:root:-2.8623399732707004
DEBUG:root:-2.8623399732707004
DEBUG:root:-2.8623399732707004
DEBUG:root:-2.8623399732707004
DEBUG:root:-2.8623399732707004
DEBUG:root:-2.8623399732707004
DEBUG:root:-2.8623399732707004
DEBUG:root:-2.8623399732707004
DEBUG:root:-2.8623399732707004
DEBUG:root:-2.8623399732707004
DEBUG:root:-2.8623399732707004
DEBUG:root:-2.8623399732707004
DEBUG:root:-2.8623399732707004
DEBUG:root:-2.8623399732707004
DEBUG:root:-2.8623399732707004
DEBUG:root:-2.8623399732707004
DEBUG:root:-2.8623399732707004
DEBUG:root:-2.8623399732707004
DEBUG:root:-2.8623399732707004
DEBUG:root:-2.8623399732707004
DEBUG:root:-2.8623399732707004
DEBUG:root:-2.8623399732707004
DEBUG:root:-2.8623399732707004
DEBUG:root:-2.8623399732707004
DEBUG:root:-2.8623399732707004
DEBUG:root:-2.8623399732707004
DEBUG:root:-2.844886680750757
DEBUG:root:-2.844886680750757
DEBUG:root:-2.844886680750757
DEBUG:root:-2.844886680750757
DEBUG:root:-2.844886680750757
DEBUG:root:-2.844886680750757
DEBUG:root:-2.844886680750757
DEBUG:root:-2.844886680750757
DEBUG:root:-2.844886680750757
DEBUG:root:-2.844886680750757
DEBUG:root:-2.844886680750757
DEBUG:root:-2.844886680750757
DEBUG:root:-2.844886680750757
DEBUG:root:-2.844886680750757
DEBUG:root:-2.844886680750757
DEBUG:root:-2.844886680750757
DEBUG:root:-2.844886680750757
DEBUG:root:-2.844886680750757
DEBUG:root:-2.844886680750757
DEBUG:root:-2.844886680750757
DEBUG:root:-2.844886680750757
DEBUG:root:-2.844886680750757
DEBUG:root:-2.844886680750757
DEBUG:root:-2.844886680750757
DEBUG:root:-2.844886680750757
DEBUG:root:-2.844886680750757
DEBUG:root:-2.844886680750757
DEBUG:root:-2.844886680750757
DEBUG:root:-2.844886680750757
DEBUG:root:-2.844886680750757
DEBUG:root:-2.844886680750757
DEBUG:root:-2.844886680750757
DEBUG:root:-2.844886680750757
DEBUG:root:-2.8099800957108707
DEBUG:root:-2.8099800957108707
DEBUG:root:-2.8099800957108707
DEBUG:root:-2.8099800957108707
DEBUG:root:-2.8099800957108707
DEBUG:root:-2.8099800957108707
DEBUG:root:-2.8099800957108707
DEBUG:root:-2.8099800957108707
DEBUG:root:-2.8099800957108707
DEBUG:root:-2.8099800957108707
DEBUG:root:-2.8099800957108707
DEBUG:root:-2.8099800957108707
DEBUG:root:-2.8099800957108707
DEBUG:root:-2.8099800957108707
DEBUG:root:-2.8099800957108707
DEBUG:root:-2.8099800957108707
DEBUG:root:-2.8099800957108707
DEBUG:root:-2.8099800957108707
DEBUG:root:-2.8099800957108707
DEBUG:root:-2.8099800957108707
DEBUG:root:-2.8099800957108707
DEBUG:root:-2.8099800957108707
DEBUG:root:-2.8099800957108707
DEBUG:root:-2.8099800957108707
DEBUG:root:-2.8099800957108707
DEBUG:root:-2.8099800957108707
DEBUG:root:-2.8099800957108707
DEBUG:root:-2.8099800957108707
DEBUG:root:-2.8099800957108707
DEBUG:root:-2.8099800957108707
DEBUG:root:-2.8099800957108707
DEBUG:root:-2.8099800957108707
DEBUG:root:-2.8099800957108707
DEBUG:root:-2.8099800957108707
DEBUG:root:-2.7750735106709836
DEBUG:root:-2.7750735106709836
DEBUG:root:-2.7750735106709836
DEBUG:root:-2.7750735106709836
DEBUG:root:-2.7750735106709836
DEBUG:root:-2.7750735106709836
DEBUG:root:-2.7750735106709836
DEBUG:root:-2.7750735106709836
DEBUG:root:-2.7750735106709836
DEBUG:root:-2.7750735106709836
DEBUG:root:-2.7750735106709836
DEBUG:root:-2.7750735106709836
DEBUG:root:-2.7750735106709836
DEBUG:root:-2.7750735106709836
DEBUG:root:-2.7750735106709836
DEBUG:root:-2.7750735106709836
DEBUG:root:-2.7750735106709836
DEBUG:root:-2.7750735106709836
DEBUG:root:-2.7750735106709836
DEBUG:root:-2.7750735106709836
DEBUG:root:-2.7750735106709836
DEBUG:root:-2.7750735106709836
DEBUG:root:-2.7750735106709836
DEBUG:root:-2.7750735106709836
DEBUG:root:-2.7750735106709836
DEBUG:root:-2.7750735106709836
DEBUG:root:-2.7750735106709836
DEBUG:root:-2.7750735106709836
DEBUG:root:-2.7750735106709836
DEBUG:root:-2.7750735106709836
DEBUG:root:-2.7750735106709836
DEBUG:root:-2.7750735106709836
DEBUG:root:-2.7750735106709836
DEBUG:root:-2.7401669256310974
DEBUG:root:-2.7401669256310974
DEBUG:root:-2.7401669256310974
DEBUG:root:-2.7401669256310974
DEBUG:root:-2.7401669256310974
DEBUG:root:-2.7401669256310974
DEBUG:root:-2.7401669256310974
DEBUG:root:-2.7401669256310974
DEBUG:root:-2.7401669256310974
DEBUG:root:-2.7401669256310974
DEBUG:root:-2.7401669256310974
DEBUG:root:-2.7401669256310974
DEBUG:root:-2.7401669256310974
DEBUG:root:-2.7401669256310974
DEBUG:root:-2.7401669256310974
DEBUG:root:-2.7401669256310974
DEBUG:root:-2.7401669256310974
DEBUG:root:-2.7401669256310974
DEBUG:root:-2.7401669256310974
DEBUG:root:-2.7401669256310974
DEBUG:root:-2.7401669256310974
DEBUG:root:-2.7401669256310974
DEBUG:root:-2.7401669256310974
DEBUG:root:-2.7401669256310974
DEBUG:root:-2.7401669256310974
DEBUG:root:-2.7401669256310974
DEBUG:root:-2.7401669256310974
DEBUG:root:-2.7401669256310974
DEBUG:root:-2.7401669256310974
DEBUG:root:-2.7401669256310974
DEBUG:root:-2.7401669256310974
DEBUG:root:-2.7401669256310974
DEBUG:root:-2.7227136331111543
DEBUG:root:-2.7227136331111543
DEBUG:root:-2.7227136331111543
DEBUG:root:-2.7227136331111543
DEBUG:root:-2.7227136331111543
DEBUG:root:-2.7227136331111543
DEBUG:root:-2.7227136331111543
DEBUG:root:-2.7227136331111543
DEBUG:root:-2.7227136331111543
DEBUG:root:-2.7227136331111543
DEBUG:root:-2.7227136331111543
DEBUG:root:-2.7227136331111543
DEBUG:root:-2.7227136331111543
DEBUG:root:-2.7227136331111543
DEBUG:root:-2.7227136331111543
DEBUG:root:-2.7227136331111543
DEBUG:root:-2.7227136331111543
DEBUG:root:-2.7227136331111543
DEBUG:root:-2.7227136331111543
DEBUG:root:-2.7227136331111543
DEBUG:root:-2.7227136331111543
DEBUG:root:-2.7227136331111543
DEBUG:root:-2.7227136331111543
DEBUG:root:-2.7227136331111543
DEBUG:root:-2.7227136331111543
DEBUG:root:-2.7227136331111543
DEBUG:root:-2.7227136331111543
DEBUG:root:-2.7227136331111543
DEBUG:root:-2.7227136331111543
DEBUG:root:-2.6878070480712672
DEBUG:root:-2.6878070480712672
DEBUG:root:-2.6878070480712672
DEBUG:root:-2.6878070480712672
DEBUG:root:-2.6878070480712672
DEBUG:root:-2.6878070480712672
DEBUG:root:-2.6878070480712672
DEBUG:root:-2.6878070480712672
DEBUG:root:-2.6878070480712672
DEBUG:root:-2.6878070480712672
DEBUG:root:-2.6878070480712672
DEBUG:root:-2.6878070480712672
DEBUG:root:-2.6878070480712672
DEBUG:root:-2.6878070480712672
DEBUG:root:-2.6878070480712672
DEBUG:root:-2.6878070480712672
DEBUG:root:-2.6878070480712672
DEBUG:root:-2.6878070480712672
DEBUG:root:-2.6878070480712672
DEBUG:root:-2.6878070480712672
DEBUG:root:-2.6878070480712672
DEBUG:root:-2.6878070480712672
DEBUG:root:-2.6878070480712672
DEBUG:root:-2.6878070480712672
DEBUG:root:-2.670353755551324
DEBUG:root:-2.670353755551324
DEBUG:root:-2.670353755551324
DEBUG:root:-2.670353755551324
DEBUG:root:-2.670353755551324
DEBUG:root:-2.670353755551324
DEBUG:root:-2.670353755551324
DEBUG:root:-2.670353755551324
DEBUG:root:-2.670353755551324
DEBUG:root:-2.670353755551324
DEBUG:root:-2.670353755551324
DEBUG:root:-2.670353755551324
DEBUG:root:-2.670353755551324
DEBUG:root:-2.670353755551324
DEBUG:root:-2.670353755551324
DEBUG:root:-2.670353755551324
DEBUG:root:-2.670353755551324
DEBUG:root:-2.670353755551324
DEBUG:root:-2.670353755551324
DEBUG:root:-2.670353755551324
DEBUG:root:-2.670353755551324
DEBUG:root:-2.670353755551324
DEBUG:root:-2.670353755551324
DEBUG:root:-2.670353755551324
DEBUG:root:-2.670353755551324
DEBUG:root:-2.670353755551324
DEBUG:root:-2.670353755551324
DEBUG:root:-2.670353755551324
DEBUG:root:-2.670353755551324
DEBUG:root:-2.6354471705114375
DEBUG:root:-2.6354471705114375
DEBUG:root:-2.6354471705114375
DEBUG:root:-2.6354471705114375
DEBUG:root:-2.6354471705114375
DEBUG:root:-2.6354471705114375
DEBUG:root:-2.6354471705114375
DEBUG:root:-2.6354471705114375
DEBUG:root:-2.6354471705114375
DEBUG:root:-2.6354471705114375
DEBUG:root:-2.6354471705114375
DEBUG:root:-2.6354471705114375
DEBUG:root:-2.6354471705114375
DEBUG:root:-2.6354471705114375
DEBUG:root:-2.6354471705114375
DEBUG:root:-2.6354471705114375
DEBUG:root:-2.6354471705114375
DEBUG:root:-2.600540585471551
DEBUG:root:-2.600540585471551
DEBUG:root:-2.600540585471551
DEBUG:root:-2.600540585471551
DEBUG:root:-2.600540585471551
DEBUG:root:-2.600540585471551
DEBUG:root:-2.600540585471551
DEBUG:root:-2.600540585471551
DEBUG:root:-2.600540585471551
DEBUG:root:-2.600540585471551
DEBUG:root:-2.600540585471551
DEBUG:root:-2.600540585471551
DEBUG:root:-2.600540585471551
DEBUG:root:-2.600540585471551
DEBUG:root:-2.600540585471551
DEBUG:root:-2.600540585471551
DEBUG:root:-2.600540585471551
DEBUG:root:-2.600540585471551
DEBUG:root:-2.5830872929516078
DEBUG:root:-2.5830872929516078
DEBUG:root:-2.5830872929516078
DEBUG:root:-2.5830872929516078
DEBUG:root:-2.5830872929516078
DEBUG:root:-2.5830872929516078
DEBUG:root:-2.5830872929516078
DEBUG:root:-2.5830872929516078
DEBUG:root:-2.5830872929516078
DEBUG:root:-2.5830872929516078
DEBUG:root:-2.5830872929516078
DEBUG:root:-2.5830872929516078
DEBUG:root:-2.5830872929516078
DEBUG:root:-2.5830872929516078
DEBUG:root:-2.5830872929516078
DEBUG:root:-2.5830872929516078
DEBUG:root:-2.5830872929516078
DEBUG:root:-2.5830872929516078
DEBUG:root:-2.5830872929516078
DEBUG:root:-2.5830872929516078
DEBUG:root:-2.548180707911721
DEBUG:root:-2.548180707911721
DEBUG:root:-2.548180707911721
DEBUG:root:-2.548180707911721
DEBUG:root:-2.548180707911721
DEBUG:root:-2.548180707911721
DEBUG:root:-2.548180707911721
DEBUG:root:-2.548180707911721
DEBUG:root:-2.548180707911721
DEBUG:root:-2.548180707911721
DEBUG:root:-2.548180707911721
DEBUG:root:-2.548180707911721
DEBUG:root:-2.548180707911721
DEBUG:root:-2.548180707911721
DEBUG:root:-2.548180707911721
DEBUG:root:-2.548180707911721
DEBUG:root:-2.548180707911721
DEBUG:root:-2.548180707911721
DEBUG:root:-2.548180707911721
DEBUG:root:-2.548180707911721
DEBUG:root:-2.5307274153917776
DEBUG:root:-2.5307274153917776
DEBUG:root:-2.5307274153917776
DEBUG:root:-2.5307274153917776
DEBUG:root:-2.5307274153917776
DEBUG:root:-2.5307274153917776
DEBUG:root:-2.5307274153917776
DEBUG:root:-2.5307274153917776
DEBUG:root:-2.5307274153917776
DEBUG:root:-2.5307274153917776
DEBUG:root:-2.5307274153917776
DEBUG:root:-2.5307274153917776
DEBUG:root:-2.5307274153917776
DEBUG:root:-2.5307274153917776
DEBUG:root:-2.5307274153917776
DEBUG:root:-2.5307274153917776
DEBUG:root:-2.5307274153917776
DEBUG:root:-2.5307274153917776
DEBUG:root:-2.4958208303518914
DEBUG:root:-2.4958208303518914
DEBUG:root:-2.4958208303518914
DEBUG:root:-2.4958208303518914
DEBUG:root:-2.4958208303518914
DEBUG:root:-2.4958208303518914
DEBUG:root:-2.4958208303518914
DEBUG:root:-2.4958208303518914
DEBUG:root:-2.4958208303518914
DEBUG:root:-2.4958208303518914
DEBUG:root:-2.4958208303518914
DEBUG:root:-2.4958208303518914
DEBUG:root:-2.4958208303518914
DEBUG:root:-2.4958208303518914
DEBUG:root:-2.4958208303518914
DEBUG:root:-2.4958208303518914
DEBUG:root:-2.4958208303518914
DEBUG:root:-2.4958208303518914
DEBUG:root:-2.4958208303518914
DEBUG:root:-2.4958208303518914
DEBUG:root:-2.4609142453120048
DEBUG:root:-2.4609142453120048
DEBUG:root:-2.4609142453120048
DEBUG:root:-2.4609142453120048
DEBUG:root:-2.4609142453120048
DEBUG:root:-2.4609142453120048
DEBUG:root:-2.4609142453120048
DEBUG:root:-2.4609142453120048
DEBUG:root:-2.4609142453120048
DEBUG:root:-2.4609142453120048
DEBUG:root:-2.4609142453120048
DEBUG:root:-2.4609142453120048
DEBUG:root:-2.4609142453120048
DEBUG:root:-2.4609142453120048
DEBUG:root:-2.4609142453120048
DEBUG:root:-2.4609142453120048
DEBUG:root:-2.4609142453120048
DEBUG:root:-2.4609142453120048
DEBUG:root:-2.4609142453120048
DEBUG:root:-2.4609142453120048
DEBUG:root:-2.4609142453120048
DEBUG:root:-2.443460952792061
DEBUG:root:-2.443460952792061
DEBUG:root:-2.443460952792061
DEBUG:root:-2.443460952792061
DEBUG:root:-2.443460952792061
DEBUG:root:-2.443460952792061
DEBUG:root:-2.443460952792061
DEBUG:root:-2.443460952792061
DEBUG:root:-2.443460952792061
DEBUG:root:-2.443460952792061
DEBUG:root:-2.443460952792061
DEBUG:root:-2.443460952792061
DEBUG:root:-2.443460952792061
DEBUG:root:-2.443460952792061
DEBUG:root:-2.443460952792061
DEBUG:root:-2.443460952792061
DEBUG:root:-2.443460952792061
DEBUG:root:-2.443460952792061
DEBUG:root:-2.443460952792061
DEBUG:root:-2.408554367752175
DEBUG:root:-2.408554367752175
DEBUG:root:-2.408554367752175
DEBUG:root:-2.408554367752175
DEBUG:root:-2.408554367752175
DEBUG:root:-2.408554367752175
DEBUG:root:-2.408554367752175
DEBUG:root:-2.408554367752175
DEBUG:root:-2.408554367752175
DEBUG:root:-2.408554367752175
DEBUG:root:-2.408554367752175
DEBUG:root:-2.408554367752175
DEBUG:root:-2.408554367752175
DEBUG:root:-2.408554367752175
DEBUG:root:-2.408554367752175
DEBUG:root:-2.408554367752175
DEBUG:root:-2.408554367752175
DEBUG:root:-2.408554367752175
DEBUG:root:-2.408554367752175
DEBUG:root:-2.408554367752175
DEBUG:root:-2.408554367752175
DEBUG:root:-2.408554367752175
DEBUG:root:-2.3911010752322315
DEBUG:root:-2.3911010752322315
DEBUG:root:-2.3911010752322315
DEBUG:root:-2.3911010752322315
DEBUG:root:-2.3911010752322315
DEBUG:root:-2.3911010752322315
DEBUG:root:-2.3911010752322315
DEBUG:root:-2.3911010752322315
DEBUG:root:-2.3911010752322315
DEBUG:root:-2.3911010752322315
DEBUG:root:-2.3911010752322315
DEBUG:root:-2.3911010752322315
DEBUG:root:-2.3911010752322315
DEBUG:root:-2.3911010752322315
DEBUG:root:-2.3911010752322315
DEBUG:root:-2.3911010752322315
DEBUG:root:-2.3911010752322315
DEBUG:root:-2.3911010752322315
DEBUG:root:-2.3911010752322315
DEBUG:root:-2.3911010752322315
DEBUG:root:-2.3911010752322315
DEBUG:root:-2.3911010752322315
DEBUG:root:-2.3911010752322315
DEBUG:root:-2.3911010752322315
DEBUG:root:-2.3911010752322315
DEBUG:root:-2.3911010752322315
DEBUG:root:-2.356194490192345
DEBUG:root:-2.356194490192345
DEBUG:root:-2.356194490192345
DEBUG:root:-2.356194490192345
DEBUG:root:-2.356194490192345
DEBUG:root:-2.356194490192345
DEBUG:root:-2.356194490192345
DEBUG:root:-2.356194490192345
DEBUG:root:-2.356194490192345
DEBUG:root:-2.356194490192345
DEBUG:root:-2.356194490192345
DEBUG:root:-2.356194490192345
DEBUG:root:-2.356194490192345
DEBUG:root:-2.356194490192345
DEBUG:root:-2.356194490192345
DEBUG:root:-2.356194490192345
DEBUG:root:-2.356194490192345
DEBUG:root:-2.356194490192345
DEBUG:root:-2.356194490192345
DEBUG:root:-2.356194490192345
DEBUG:root:-2.356194490192345
DEBUG:root:-2.356194490192345
DEBUG:root:-2.356194490192345
DEBUG:root:-2.356194490192345
DEBUG:root:-2.356194490192345
DEBUG:root:-2.356194490192345
DEBUG:root:-2.356194490192345
DEBUG:root:-2.356194490192345
DEBUG:root:-2.356194490192345
DEBUG:root:-2.321287905152458
DEBUG:root:-2.321287905152458
DEBUG:root:-2.321287905152458
DEBUG:root:-2.321287905152458
DEBUG:root:-2.321287905152458
DEBUG:root:-2.321287905152458
DEBUG:root:-2.321287905152458
DEBUG:root:-2.321287905152458
DEBUG:root:-2.321287905152458
DEBUG:root:-2.321287905152458
DEBUG:root:-2.321287905152458
DEBUG:root:-2.321287905152458
DEBUG:root:-2.321287905152458
DEBUG:root:-2.321287905152458
DEBUG:root:-2.321287905152458
DEBUG:root:-2.321287905152458
DEBUG:root:-2.321287905152458
DEBUG:root:-2.321287905152458
DEBUG:root:-2.321287905152458
DEBUG:root:-2.321287905152458
DEBUG:root:-2.321287905152458
DEBUG:root:-2.321287905152458
DEBUG:root:-2.321287905152458
DEBUG:root:-2.321287905152458
DEBUG:root:-2.321287905152458
DEBUG:root:-2.321287905152458
DEBUG:root:-2.321287905152458
DEBUG:root:-2.321287905152458
DEBUG:root:-2.321287905152458
DEBUG:root:-2.321287905152458
DEBUG:root:-2.303834612632515
DEBUG:root:-2.303834612632515
DEBUG:root:-2.303834612632515
DEBUG:root:-2.303834612632515
DEBUG:root:-2.303834612632515
DEBUG:root:-2.303834612632515
DEBUG:root:-2.303834612632515
DEBUG:root:-2.303834612632515
DEBUG:root:-2.303834612632515
DEBUG:root:-2.303834612632515
DEBUG:root:-2.303834612632515
DEBUG:root:-2.303834612632515
DEBUG:root:-2.303834612632515
DEBUG:root:-2.303834612632515
DEBUG:root:-2.303834612632515
DEBUG:root:-2.303834612632515
DEBUG:root:-2.303834612632515
DEBUG:root:-2.303834612632515
DEBUG:root:-2.303834612632515
DEBUG:root:-2.303834612632515
DEBUG:root:-2.303834612632515
DEBUG:root:-2.303834612632515
DEBUG:root:-2.303834612632515
DEBUG:root:-2.303834612632515
DEBUG:root:-2.303834612632515
DEBUG:root:-2.303834612632515
DEBUG:root:-2.303834612632515
DEBUG:root:-2.303834612632515
DEBUG:root:-2.2689280275926285
DEBUG:root:-2.2689280275926285
DEBUG:root:-2.2689280275926285
DEBUG:root:-2.2689280275926285
DEBUG:root:-2.2689280275926285
DEBUG:root:-2.2689280275926285
DEBUG:root:-2.2689280275926285
DEBUG:root:-2.2689280275926285
DEBUG:root:-2.2689280275926285
DEBUG:root:-2.2689280275926285
DEBUG:root:-2.2689280275926285
DEBUG:root:-2.2689280275926285
DEBUG:root:-2.2689280275926285
DEBUG:root:-2.2689280275926285
DEBUG:root:-2.2689280275926285
DEBUG:root:-2.2689280275926285
DEBUG:root:-2.2689280275926285
DEBUG:root:-2.2689280275926285
DEBUG:root:-2.2689280275926285
DEBUG:root:-2.2689280275926285
DEBUG:root:-2.2689280275926285
DEBUG:root:-2.2689280275926285
DEBUG:root:-2.2689280275926285
DEBUG:root:-2.2689280275926285
DEBUG:root:-2.2689280275926285
DEBUG:root:-2.2689280275926285
DEBUG:root:-2.2689280275926285
DEBUG:root:-2.2689280275926285
DEBUG:root:-2.2689280275926285
DEBUG:root:-2.2689280275926285
DEBUG:root:-2.251474735072685
DEBUG:root:-2.251474735072685
DEBUG:root:-2.251474735072685
DEBUG:root:-2.251474735072685
DEBUG:root:-2.251474735072685
DEBUG:root:-2.251474735072685
DEBUG:root:-2.251474735072685
DEBUG:root:-2.251474735072685
DEBUG:root:-2.251474735072685
DEBUG:root:-2.251474735072685
DEBUG:root:-2.251474735072685
DEBUG:root:-2.251474735072685
DEBUG:root:-2.251474735072685
DEBUG:root:-2.251474735072685
DEBUG:root:-2.251474735072685
DEBUG:root:-2.251474735072685
DEBUG:root:-2.251474735072685
DEBUG:root:-2.251474735072685
DEBUG:root:-2.251474735072685
DEBUG:root:-2.251474735072685
DEBUG:root:-2.251474735072685
DEBUG:root:-2.251474735072685
DEBUG:root:-2.251474735072685
DEBUG:root:-2.251474735072685
DEBUG:root:-2.251474735072685
DEBUG:root:-2.251474735072685
DEBUG:root:-2.251474735072685
DEBUG:root:-2.251474735072685
DEBUG:root:-2.251474735072685
DEBUG:root:-2.251474735072685
DEBUG:root:-2.2165681500327983
DEBUG:root:-2.2165681500327983
DEBUG:root:-2.2165681500327983
DEBUG:root:-2.2165681500327983
DEBUG:root:-2.2165681500327983
DEBUG:root:-2.2165681500327983
DEBUG:root:-2.2165681500327983
DEBUG:root:-2.2165681500327983
DEBUG:root:-2.2165681500327983
DEBUG:root:-2.2165681500327983
DEBUG:root:-2.2165681500327983
DEBUG:root:-2.2165681500327983
DEBUG:root:-2.2165681500327983
DEBUG:root:-2.2165681500327983
DEBUG:root:-2.2165681500327983
DEBUG:root:-2.2165681500327983
DEBUG:root:-2.2165681500327983
DEBUG:root:-2.2165681500327983
DEBUG:root:-2.2165681500327983
DEBUG:root:-2.2165681500327983
DEBUG:root:-2.2165681500327983
DEBUG:root:-2.2165681500327983
DEBUG:root:-2.2165681500327983
DEBUG:root:-2.2165681500327983
DEBUG:root:-2.2165681500327983
DEBUG:root:-2.181661564992912
DEBUG:root:-2.181661564992912
DEBUG:root:-2.181661564992912
DEBUG:root:-2.181661564992912
DEBUG:root:-2.181661564992912
DEBUG:root:-2.181661564992912
DEBUG:root:-2.181661564992912
DEBUG:root:-2.181661564992912
DEBUG:root:-2.181661564992912
DEBUG:root:-2.181661564992912
DEBUG:root:-2.181661564992912
DEBUG:root:-2.181661564992912
DEBUG:root:-2.181661564992912
DEBUG:root:-2.181661564992912
DEBUG:root:-2.181661564992912
DEBUG:root:-2.181661564992912
DEBUG:root:-2.181661564992912
DEBUG:root:-2.181661564992912
DEBUG:root:-2.181661564992912
DEBUG:root:-2.181661564992912
DEBUG:root:-2.181661564992912
DEBUG:root:-2.181661564992912
DEBUG:root:-2.181661564992912
DEBUG:root:-2.181661564992912
DEBUG:root:-2.181661564992912
DEBUG:root:-2.181661564992912
DEBUG:root:-2.181661564992912
DEBUG:root:-2.181661564992912
DEBUG:root:-2.1642082724729685
DEBUG:root:-2.1642082724729685
DEBUG:root:-2.1642082724729685
DEBUG:root:-2.1642082724729685
DEBUG:root:-2.1642082724729685
DEBUG:root:-2.1642082724729685
DEBUG:root:-2.1642082724729685
DEBUG:root:-2.1642082724729685
DEBUG:root:-2.1642082724729685
DEBUG:root:-2.1642082724729685
DEBUG:root:-2.1642082724729685
DEBUG:root:-2.1642082724729685
DEBUG:root:-2.1642082724729685
DEBUG:root:-2.1642082724729685
DEBUG:root:-2.1642082724729685
DEBUG:root:-2.1642082724729685
DEBUG:root:-2.1642082724729685
DEBUG:root:-2.1642082724729685
DEBUG:root:-2.1642082724729685
DEBUG:root:-2.1642082724729685
DEBUG:root:-2.1642082724729685
DEBUG:root:-2.1642082724729685
DEBUG:root:-2.1642082724729685
DEBUG:root:-2.1642082724729685
DEBUG:root:-2.1642082724729685
DEBUG:root:-2.1642082724729685
DEBUG:root:-2.1642082724729685
DEBUG:root:-2.1642082724729685
DEBUG:root:-2.1642082724729685
DEBUG:root:-2.1642082724729685
DEBUG:root:-2.129301687433082
DEBUG:root:-2.129301687433082
DEBUG:root:-2.129301687433082
DEBUG:root:-2.129301687433082
DEBUG:root:-2.129301687433082
DEBUG:root:-2.129301687433082
DEBUG:root:-2.129301687433082
DEBUG:root:-2.129301687433082
DEBUG:root:-2.129301687433082
DEBUG:root:-2.129301687433082
DEBUG:root:-2.129301687433082
DEBUG:root:-2.129301687433082
DEBUG:root:-2.129301687433082
DEBUG:root:-2.129301687433082
DEBUG:root:-2.129301687433082
DEBUG:root:-2.129301687433082
DEBUG:root:-2.129301687433082
DEBUG:root:-2.129301687433082
DEBUG:root:-2.129301687433082
DEBUG:root:-2.129301687433082
DEBUG:root:-2.129301687433082
DEBUG:root:-2.129301687433082
DEBUG:root:-2.129301687433082
DEBUG:root:-2.129301687433082
DEBUG:root:-2.129301687433082
DEBUG:root:-2.129301687433082
DEBUG:root:-2.129301687433082
DEBUG:root:-2.129301687433082
DEBUG:root:-2.0943951023931953
DEBUG:root:-2.0943951023931953
DEBUG:root:-2.0943951023931953
DEBUG:root:-2.0943951023931953
DEBUG:root:-2.0943951023931953
DEBUG:root:-2.0943951023931953
DEBUG:root:-2.0943951023931953
DEBUG:root:-2.0943951023931953
DEBUG:root:-2.0943951023931953
DEBUG:root:-2.0943951023931953
DEBUG:root:-2.0943951023931953
DEBUG:root:-2.0943951023931953
DEBUG:root:-2.0943951023931953
DEBUG:root:-2.0943951023931953
DEBUG:root:-2.0943951023931953
DEBUG:root:-2.0943951023931953
DEBUG:root:-2.0943951023931953
DEBUG:root:-2.0943951023931953
DEBUG:root:-2.0943951023931953
DEBUG:root:-2.0943951023931953
DEBUG:root:-2.0943951023931953
DEBUG:root:-2.0943951023931953
DEBUG:root:-2.0943951023931953
DEBUG:root:-2.0943951023931953
DEBUG:root:-2.0943951023931953
DEBUG:root:-2.0943951023931953
DEBUG:root:-2.0943951023931953
DEBUG:root:-2.0943951023931953
DEBUG:root:-2.0943951023931953
DEBUG:root:-2.076941809873252
DEBUG:root:-2.076941809873252
DEBUG:root:-2.076941809873252
DEBUG:root:-2.076941809873252
DEBUG:root:-2.076941809873252
DEBUG:root:-2.076941809873252
DEBUG:root:-2.076941809873252
DEBUG:root:-2.076941809873252
DEBUG:root:-2.076941809873252
DEBUG:root:-2.076941809873252
DEBUG:root:-2.076941809873252
DEBUG:root:-2.076941809873252
DEBUG:root:-2.076941809873252
DEBUG:root:-2.076941809873252
DEBUG:root:-2.076941809873252
DEBUG:root:-2.076941809873252
DEBUG:root:-2.076941809873252
DEBUG:root:-2.076941809873252
DEBUG:root:-2.076941809873252
DEBUG:root:-2.076941809873252
DEBUG:root:-2.076941809873252
DEBUG:root:-2.076941809873252
DEBUG:root:-2.076941809873252
DEBUG:root:-2.076941809873252
DEBUG:root:-2.076941809873252
DEBUG:root:-2.076941809873252
DEBUG:root:-2.076941809873252
DEBUG:root:-2.076941809873252
DEBUG:root:-2.076941809873252
DEBUG:root:-2.0420352248333655
DEBUG:root:-2.0420352248333655
DEBUG:root:-2.0420352248333655
DEBUG:root:-2.0420352248333655
DEBUG:root:-2.0420352248333655
DEBUG:root:-2.0420352248333655
DEBUG:root:-2.0420352248333655
DEBUG:root:-2.0420352248333655
DEBUG:root:-2.0420352248333655
DEBUG:root:-2.0420352248333655
DEBUG:root:-2.0420352248333655
DEBUG:root:-2.0420352248333655
DEBUG:root:-2.0420352248333655
DEBUG:root:-2.0420352248333655
DEBUG:root:-2.0420352248333655
DEBUG:root:-2.0420352248333655
DEBUG:root:-2.0420352248333655
DEBUG:root:-2.0420352248333655
DEBUG:root:-2.0420352248333655
DEBUG:root:-2.0420352248333655
DEBUG:root:-2.0420352248333655
DEBUG:root:-2.0420352248333655
DEBUG:root:-2.0420352248333655
DEBUG:root:-2.0420352248333655
DEBUG:root:-2.0420352248333655
DEBUG:root:-2.0420352248333655
DEBUG:root:-2.0245819323134224
DEBUG:root:-2.0245819323134224
DEBUG:root:-2.0245819323134224
DEBUG:root:-2.0245819323134224
DEBUG:root:-2.0245819323134224
DEBUG:root:-2.0245819323134224
DEBUG:root:-2.0245819323134224
DEBUG:root:-2.0245819323134224
DEBUG:root:-2.0245819323134224
DEBUG:root:-2.0245819323134224
DEBUG:root:-2.0245819323134224
DEBUG:root:-2.0245819323134224
DEBUG:root:-2.0245819323134224
DEBUG:root:-2.0245819323134224
DEBUG:root:-2.0245819323134224
DEBUG:root:-2.0245819323134224
DEBUG:root:-2.0245819323134224
DEBUG:root:-2.0245819323134224
DEBUG:root:-2.0245819323134224
DEBUG:root:-2.0245819323134224
DEBUG:root:-2.0245819323134224
DEBUG:root:-2.0245819323134224
DEBUG:root:-2.0245819323134224
DEBUG:root:-2.0245819323134224
DEBUG:root:-2.0245819323134224
DEBUG:root:-2.0245819323134224
DEBUG:root:-2.0245819323134224
DEBUG:root:-2.0245819323134224
DEBUG:root:-2.0245819323134224
DEBUG:root:-2.0245819323134224
DEBUG:root:-1.9896753472735358
DEBUG:root:-1.9896753472735358
DEBUG:root:-1.9896753472735358
DEBUG:root:-1.9896753472735358
DEBUG:root:-1.9896753472735358
DEBUG:root:-1.9896753472735358
DEBUG:root:-1.9896753472735358
DEBUG:root:-1.9896753472735358
DEBUG:root:-1.9896753472735358
DEBUG:root:-1.9896753472735358
DEBUG:root:-1.9896753472735358
DEBUG:root:-1.9896753472735358
DEBUG:root:-1.9896753472735358
DEBUG:root:-1.9896753472735358
DEBUG:root:-1.9896753472735358
DEBUG:root:-1.9896753472735358
DEBUG:root:-1.9896753472735358
DEBUG:root:-1.9896753472735358
DEBUG:root:-1.9896753472735358
DEBUG:root:-1.9896753472735358
DEBUG:root:-1.9896753472735358
DEBUG:root:-1.9896753472735358
DEBUG:root:-1.9896753472735358
DEBUG:root:-1.9896753472735358
DEBUG:root:-1.9896753472735358
DEBUG:root:-1.9896753472735358
DEBUG:root:-1.9896753472735358
DEBUG:root:-1.9896753472735358
DEBUG:root:-1.9896753472735358
DEBUG:root:-1.9547687622336491
DEBUG:root:-1.9547687622336491
DEBUG:root:-1.9547687622336491
DEBUG:root:-1.9547687622336491
DEBUG:root:-1.9547687622336491
DEBUG:root:-1.9547687622336491
DEBUG:root:-1.9547687622336491
DEBUG:root:-1.9547687622336491
DEBUG:root:-1.9547687622336491
DEBUG:root:-1.9547687622336491
DEBUG:root:-1.9547687622336491
DEBUG:root:-1.9547687622336491
DEBUG:root:-1.9547687622336491
DEBUG:root:-1.9547687622336491
DEBUG:root:-1.9547687622336491
DEBUG:root:-1.9547687622336491
DEBUG:root:-1.9547687622336491
DEBUG:root:-1.9547687622336491
DEBUG:root:-1.9547687622336491
DEBUG:root:-1.9547687622336491
DEBUG:root:-1.9547687622336491
DEBUG:root:-1.9547687622336491
DEBUG:root:-1.9547687622336491
DEBUG:root:-1.9547687622336491
DEBUG:root:-1.9547687622336491
DEBUG:root:-1.9547687622336491
DEBUG:root:-1.9547687622336491
DEBUG:root:-1.9547687622336491
DEBUG:root:-1.9547687622336491
DEBUG:root:-1.9547687622336491
DEBUG:root:-1.9373154697137058
DEBUG:root:-1.9373154697137058
DEBUG:root:-1.9373154697137058
DEBUG:root:-1.9373154697137058
DEBUG:root:-1.9373154697137058
DEBUG:root:-1.9373154697137058
DEBUG:root:-1.9373154697137058
DEBUG:root:-1.9373154697137058
DEBUG:root:-1.9373154697137058
DEBUG:root:-1.9373154697137058
DEBUG:root:-1.9373154697137058
DEBUG:root:-1.9373154697137058
DEBUG:root:-1.9373154697137058
DEBUG:root:-1.9373154697137058
DEBUG:root:-1.9373154697137058
DEBUG:root:-1.9373154697137058
DEBUG:root:-1.9373154697137058
DEBUG:root:-1.9373154697137058
DEBUG:root:-1.9373154697137058
DEBUG:root:-1.9373154697137058
DEBUG:root:-1.9373154697137058
DEBUG:root:-1.9373154697137058
DEBUG:root:-1.9373154697137058
DEBUG:root:-1.9373154697137058
DEBUG:root:-1.9373154697137058
DEBUG:root:-1.9373154697137058
DEBUG:root:-1.9373154697137058
DEBUG:root:-1.9373154697137058
DEBUG:root:-1.9373154697137058
DEBUG:root:-1.9024088846738192
DEBUG:root:-1.9024088846738192
DEBUG:root:-1.9024088846738192
DEBUG:root:-1.9024088846738192
DEBUG:root:-1.9024088846738192
DEBUG:root:-1.9024088846738192
DEBUG:root:-1.9024088846738192
DEBUG:root:-1.9024088846738192
DEBUG:root:-1.9024088846738192
DEBUG:root:-1.9024088846738192
DEBUG:root:-1.9024088846738192
DEBUG:root:-1.9024088846738192
DEBUG:root:-1.9024088846738192
DEBUG:root:-1.9024088846738192
DEBUG:root:-1.9024088846738192
DEBUG:root:-1.9024088846738192
DEBUG:root:-1.9024088846738192
DEBUG:root:-1.9024088846738192
DEBUG:root:-1.9024088846738192
DEBUG:root:-1.9024088846738192
DEBUG:root:-1.9024088846738192
DEBUG:root:-1.9024088846738192
DEBUG:root:-1.9024088846738192
DEBUG:root:-1.9024088846738192
DEBUG:root:-1.9024088846738192
DEBUG:root:-1.9024088846738192
DEBUG:root:-1.8675022996339325
DEBUG:root:-1.8675022996339325
DEBUG:root:-1.8675022996339325
DEBUG:root:-1.8675022996339325
DEBUG:root:-1.8675022996339325
DEBUG:root:-1.8675022996339325
DEBUG:root:-1.8675022996339325
DEBUG:root:-1.8675022996339325
DEBUG:root:-1.8675022996339325
DEBUG:root:-1.8675022996339325
DEBUG:root:-1.8675022996339325
DEBUG:root:-1.8675022996339325
DEBUG:root:-1.8675022996339325
DEBUG:root:-1.8675022996339325
DEBUG:root:-1.8675022996339325
DEBUG:root:-1.8675022996339325
DEBUG:root:-1.8675022996339325
DEBUG:root:-1.8675022996339325
DEBUG:root:-1.8675022996339325
DEBUG:root:-1.8675022996339325
DEBUG:root:-1.8675022996339325
DEBUG:root:-1.8675022996339325
DEBUG:root:-1.8500490071139892
DEBUG:root:-1.8500490071139892
DEBUG:root:-1.8500490071139892
DEBUG:root:-1.8500490071139892
DEBUG:root:-1.8500490071139892
DEBUG:root:-1.8500490071139892
DEBUG:root:-1.8500490071139892
DEBUG:root:-1.8500490071139892
DEBUG:root:-1.8500490071139892
DEBUG:root:-1.8500490071139892
DEBUG:root:-1.8500490071139892
DEBUG:root:-1.8500490071139892
DEBUG:root:-1.8500490071139892
DEBUG:root:-1.8500490071139892
DEBUG:root:-1.8500490071139892
DEBUG:root:-1.8500490071139892
DEBUG:root:-1.8500490071139892
DEBUG:root:-1.8500490071139892
DEBUG:root:-1.8500490071139892
DEBUG:root:-1.8500490071139892
DEBUG:root:-1.8500490071139892
DEBUG:root:-1.8500490071139892
DEBUG:root:-1.8500490071139892
DEBUG:root:-1.8500490071139892
DEBUG:root:-1.8500490071139892
DEBUG:root:-1.8500490071139892
DEBUG:root:-1.8151424220741026
DEBUG:root:-1.8151424220741026
DEBUG:root:-1.8151424220741026
DEBUG:root:-1.8151424220741026
DEBUG:root:-1.8151424220741026
DEBUG:root:-1.8151424220741026
DEBUG:root:-1.8151424220741026
DEBUG:root:-1.8151424220741026
DEBUG:root:-1.8151424220741026
DEBUG:root:-1.8151424220741026
DEBUG:root:-1.8151424220741026
DEBUG:root:-1.8151424220741026
DEBUG:root:-1.8151424220741026
DEBUG:root:-1.8151424220741026
DEBUG:root:-1.8151424220741026
DEBUG:root:-1.8151424220741026
DEBUG:root:-1.8151424220741026
DEBUG:root:-1.8151424220741026
DEBUG:root:-1.8151424220741026
DEBUG:root:-1.8151424220741026
DEBUG:root:-1.8151424220741026
DEBUG:root:-1.8151424220741026
DEBUG:root:-1.8151424220741026
DEBUG:root:-1.8151424220741026
DEBUG:root:-1.7976891295541595
DEBUG:root:-1.7976891295541595
DEBUG:root:-1.7976891295541595
DEBUG:root:-1.7976891295541595
DEBUG:root:-1.7976891295541595
DEBUG:root:-1.7976891295541595
DEBUG:root:-1.7976891295541595
DEBUG:root:-1.7976891295541595
DEBUG:root:-1.7976891295541595
DEBUG:root:-1.7976891295541595
DEBUG:root:-1.7976891295541595
DEBUG:root:-1.7976891295541595
DEBUG:root:-1.7976891295541595
DEBUG:root:-1.7976891295541595
DEBUG:root:-1.7976891295541595
DEBUG:root:-1.7976891295541595
DEBUG:root:-1.7976891295541595
DEBUG:root:-1.7976891295541595
DEBUG:root:-1.7976891295541595
DEBUG:root:-1.7976891295541595
DEBUG:root:-1.7976891295541595
DEBUG:root:-1.7976891295541595
DEBUG:root:-1.7976891295541595
DEBUG:root:-1.7976891295541595
DEBUG:root:-1.7976891295541595
DEBUG:root:-1.7976891295541595
DEBUG:root:-1.7627825445142729
DEBUG:root:-1.7627825445142729
DEBUG:root:-1.7627825445142729
DEBUG:root:-1.7627825445142729
DEBUG:root:-1.7627825445142729
DEBUG:root:-1.7627825445142729
DEBUG:root:-1.7627825445142729
DEBUG:root:-1.7627825445142729
DEBUG:root:-1.7627825445142729
DEBUG:root:-1.7627825445142729
DEBUG:root:-1.7627825445142729
DEBUG:root:-1.7627825445142729
DEBUG:root:-1.7627825445142729
DEBUG:root:-1.7627825445142729
DEBUG:root:-1.7627825445142729
DEBUG:root:-1.7627825445142729
DEBUG:root:-1.7627825445142729
DEBUG:root:-1.7627825445142729
DEBUG:root:-1.7627825445142729
DEBUG:root:-1.7627825445142729
DEBUG:root:-1.7627825445142729
DEBUG:root:-1.7627825445142729
DEBUG:root:-1.7627825445142729
DEBUG:root:-1.7627825445142729
DEBUG:root:-1.7627825445142729
DEBUG:root:-1.7453292519943295
DEBUG:root:-1.7453292519943295
DEBUG:root:-1.7453292519943295
DEBUG:root:-1.7453292519943295
DEBUG:root:-1.7453292519943295
DEBUG:root:-1.7453292519943295
DEBUG:root:-1.7453292519943295
DEBUG:root:-1.7453292519943295
DEBUG:root:-1.7453292519943295
DEBUG:root:-1.7453292519943295
DEBUG:root:-1.7453292519943295
DEBUG:root:-1.7453292519943295
DEBUG:root:-1.7453292519943295
DEBUG:root:-1.7453292519943295
DEBUG:root:-1.7453292519943295
DEBUG:root:-1.7453292519943295
DEBUG:root:-1.7453292519943295
DEBUG:root:-1.7453292519943295
DEBUG:root:-1.7453292519943295
DEBUG:root:-1.7453292519943295
DEBUG:root:-1.7453292519943295
DEBUG:root:-1.7453292519943295
DEBUG:root:-1.7453292519943295
DEBUG:root:-1.7453292519943295
DEBUG:root:-1.7453292519943295
DEBUG:root:-1.710422666954443
DEBUG:root:-1.710422666954443
DEBUG:root:-1.710422666954443
DEBUG:root:-1.710422666954443
DEBUG:root:-1.710422666954443
DEBUG:root:-1.710422666954443
DEBUG:root:-1.710422666954443
DEBUG:root:-1.710422666954443
DEBUG:root:-1.710422666954443
DEBUG:root:-1.710422666954443
DEBUG:root:-1.710422666954443
DEBUG:root:-1.710422666954443
DEBUG:root:-1.710422666954443
DEBUG:root:-1.710422666954443
DEBUG:root:-1.710422666954443
DEBUG:root:-1.710422666954443
DEBUG:root:-1.710422666954443
DEBUG:root:-1.710422666954443
DEBUG:root:-1.710422666954443
DEBUG:root:-1.710422666954443
DEBUG:root:-1.710422666954443
DEBUG:root:-1.710422666954443
DEBUG:root:-1.710422666954443
DEBUG:root:-1.6929693744344996
DEBUG:root:-1.6929693744344996
DEBUG:root:-1.6929693744344996
DEBUG:root:-1.6929693744344996
DEBUG:root:-1.6929693744344996
DEBUG:root:-1.6929693744344996
DEBUG:root:-1.6929693744344996
DEBUG:root:-1.6929693744344996
DEBUG:root:-1.6929693744344996
DEBUG:root:-1.6929693744344996
DEBUG:root:-1.6929693744344996
DEBUG:root:-1.6929693744344996
DEBUG:root:-1.6929693744344996
DEBUG:root:-1.6929693744344996
DEBUG:root:-1.6929693744344996
DEBUG:root:-1.6929693744344996
DEBUG:root:-1.6929693744344996
DEBUG:root:-1.6929693744344996
DEBUG:root:-1.6929693744344996
DEBUG:root:-1.6929693744344996
DEBUG:root:-1.6929693744344996
DEBUG:root:-1.6929693744344996
DEBUG:root:-1.6929693744344996
DEBUG:root:-1.6929693744344996
DEBUG:root:-1.6929693744344996
DEBUG:root:-1.658062789394613
DEBUG:root:-1.658062789394613
DEBUG:root:-1.658062789394613
DEBUG:root:-1.658062789394613
DEBUG:root:-1.658062789394613
DEBUG:root:-1.658062789394613
DEBUG:root:-1.658062789394613
DEBUG:root:-1.658062789394613
DEBUG:root:-1.658062789394613
DEBUG:root:-1.658062789394613
DEBUG:root:-1.658062789394613
DEBUG:root:-1.658062789394613
DEBUG:root:-1.658062789394613
DEBUG:root:-1.658062789394613
DEBUG:root:-1.658062789394613
DEBUG:root:-1.658062789394613
DEBUG:root:-1.658062789394613
DEBUG:root:-1.658062789394613
DEBUG:root:-1.658062789394613
DEBUG:root:-1.658062789394613
DEBUG:root:-1.658062789394613
DEBUG:root:-1.658062789394613
DEBUG:root:-1.658062789394613
DEBUG:root:-1.658062789394613
DEBUG:root:-1.6406094968746698
DEBUG:root:-1.6406094968746698
DEBUG:root:-1.6406094968746698
DEBUG:root:-1.6406094968746698
DEBUG:root:-1.6406094968746698
DEBUG:root:-1.6406094968746698
DEBUG:root:-1.6406094968746698
DEBUG:root:-1.6406094968746698
DEBUG:root:-1.6406094968746698
DEBUG:root:-1.6406094968746698
DEBUG:root:-1.6406094968746698
DEBUG:root:-1.6406094968746698
DEBUG:root:-1.6406094968746698
DEBUG:root:-1.6406094968746698
DEBUG:root:-1.6406094968746698
DEBUG:root:-1.6406094968746698
DEBUG:root:-1.6406094968746698
DEBUG:root:-1.6406094968746698
DEBUG:root:-1.6406094968746698
DEBUG:root:-1.6406094968746698
DEBUG:root:-1.6406094968746698
DEBUG:root:-1.6406094968746698
DEBUG:root:-1.6406094968746698
DEBUG:root:-1.6406094968746698
DEBUG:root:-1.6406094968746698
DEBUG:root:-1.6406094968746698
DEBUG:root:-1.6406094968746698
DEBUG:root:-1.6057029118347832
INFO:root:HALF_EIGHT_SHORT: done!
DEBUG:root:GENERATE_GRID: goal_k is: [7. 1.]
 goals: [array([7., 1.]), array([7., 7.])]
DEBUG:root:GENERATE_GRID: grid is:
[[-1.  7. -1. -1. -1. -1. -1. 13. -1. -1. -1. 21. -1. -1. -1.]
 [-1.  6.  7.  8.  9. 10. 11. 12. -1. 18. 19. 20. 21. 22. -1.]
 [-1.  5.  6.  7.  8.  9. 10. 11. -1. 17. 18. -1. 22. 21. -1.]
 [-1.  4.  5.  6.  7.  8.  9. 10. -1. 16. -1. -1. -1. 20. -1.]
 [-1.  3.  4.  5.  6.  7.  8.  9. -1. 15. 16. -1. 18. 19. -1.]
 [-1.  2.  3.  4.  5.  6.  7.  8. -1. 14. 15. 16. 17. 18. -1.]
 [-1.  1.  2.  3.  4.  5.  6.  7. -1. 13. 14. -1. 18. 17. -1.]
 [-1.  0.  1.  2.  3.  4.  5.  6. -1. 12. -1. -1. -1. 16. -1.]
 [-1.  1. -1. -1. -1. -1. -1.  7. -1. 11. 12. -1. 14. 15. -1.]
 [-1.  2.  3.  4.  5.  6.  7.  8.  9. 10. 11. 12. 13. 14. -1.]
 [-1.  3.  4.  5.  6.  7.  8.  9. 10. 11. 12. 13. 14. 15. -1.]
 [-1.  4.  5.  6.  7.  8.  9. 10. 11. 12. 13. 14. 15. 16. -1.]
 [-1.  5.  6.  7.  8.  9. 10. 11. 12. 13. 14. 15. 16. 17. -1.]
 [-1.  6.  7.  8.  9. 10. 11. 12. 13. 14. 15. 16. 17. 18. -1.]
 [-1. -1. -1. -1. -1. -1. -1. -1. -1. -1. -1. -1. -1. -1. -1.]]
DEBUG:root:GENERATE_GRID: goal_k is: [7. 7.]
 goals: [array([7., 1.]), array([7., 7.])]
DEBUG:root:GENERATE_GRID: grid is:
[[-1. 13. -1. -1. -1. -1. -1.  7. -1. -1. -1. 15. -1. -1. -1.]
 [-1. 12. 11. 10.  9.  8.  7.  6. -1. 12. 13. 14. 15. 16. -1.]
 [-1. 11. 10.  9.  8.  7.  6.  5. -1. 11. 12. -1. 16. 15. -1.]
 [-1. 10.  9.  8.  7.  6.  5.  4. -1. 10. -1. -1. -1. 14. -1.]
 [-1.  9.  8.  7.  6.  5.  4.  3. -1.  9. 10. -1. 12. 13. -1.]
 [-1.  8.  7.  6.  5.  4.  3.  2. -1.  8.  9. 10. 11. 12. -1.]
 [-1.  7.  6.  5.  4.  3.  2.  1. -1.  7.  8. -1. 12. 11. -1.]
 [-1.  6.  5.  4.  3.  2.  1.  0. -1.  6. -1. -1. -1. 10. -1.]
 [-1.  7. -1. -1. -1. -1. -1.  1. -1.  5.  6. -1.  8.  9. -1.]
 [-1.  8.  7.  6.  5.  4.  3.  2.  3.  4.  5.  6.  7.  8. -1.]
 [-1.  9.  8.  7.  6.  5.  4.  3.  4.  5.  6.  7.  8.  9. -1.]
 [-1. 10.  9.  8.  7.  6.  5.  4.  5.  6.  7.  8.  9. 10. -1.]
 [-1. 11. 10.  9.  8.  7.  6.  5.  6.  7.  8.  9. 10. 11. -1.]
 [-1. 12. 11. 10.  9.  8.  7.  6.  7.  8.  9. 10. 11. 12. -1.]
 [-1. -1. -1. -1. -1. -1. -1. -1. -1. -1. -1. -1. -1. -1. -1.]]
DEBUG:root:GENERATE_GRID: voy a mezclar 2 grids
DEBUG:root:MIX_GRIDS: im in
DEBUG:root:MIX_GRIDS: comprobando grid 2
DEBUG:root:GENERATE_GRID: final grid value:
 [[-1.  7. -1. -1. -1. -1. -1.  7. -1. -1. -1. 15. -1. -1. -1.]
 [-1.  6.  7.  8.  9.  8.  7.  6. -1. 12. 13. 14. 15. 16. -1.]
 [-1.  5.  6.  7.  8.  7.  6.  5. -1. 11. 12. -1. 16. 15. -1.]
 [-1.  4.  5.  6.  7.  6.  5.  4. -1. 10. -1. -1. -1. 14. -1.]
 [-1.  3.  4.  5.  6.  5.  4.  3. -1.  9. 10. -1. 12. 13. -1.]
 [-1.  2.  3.  4.  5.  4.  3.  2. -1.  8.  9. 10. 11. 12. -1.]
 [-1.  1.  2.  3.  4.  3.  2.  1. -1.  7.  8. -1. 12. 11. -1.]
 [-1.  0.  1.  2.  3.  2.  1.  0. -1.  6. -1. -1. -1. 10. -1.]
 [-1.  1. -1. -1. -1. -1. -1.  1. -1.  5.  6. -1.  8.  9. -1.]
 [-1.  2.  3.  4.  5.  4.  3.  2.  3.  4.  5.  6.  7.  8. -1.]
 [-1.  3.  4.  5.  6.  5.  4.  3.  4.  5.  6.  7.  8.  9. -1.]
 [-1.  4.  5.  6.  7.  6.  5.  4.  5.  6.  7.  8.  9. 10. -1.]
 [-1.  5.  6.  7.  8.  7.  6.  5.  6.  7.  8.  9. 10. 11. -1.]
 [-1.  6.  7.  8.  9.  8.  7.  6.  7.  8.  9. 10. 11. 12. -1.]
 [-1. -1. -1. -1. -1. -1. -1. -1. -1. -1. -1. -1. -1. -1. -1.]]
DEBUG:root:
###################### NAVIGATE_MAP ######################
 my turbogoal is: [array([7., 1.]), array([7., 7.])](array)
DEBUG:root:Y 
 
o  X
DEBUG:root:+---+---+---+---+---+---+---+---+---+----+---+----+---+----+---+
|  |    |  |  |  |  |  |    |  |   |  |     |  |   |  |
+---+---+---+---+---+---+---+---+---+----+---+----+---+----+---+
|  | 6 |    | 8 |    | 8 |    | 6 |  | 12 |    | 14 |    | 16 |  |
+---+---+---+---+---+---+---+---+---+----+---+----+---+----+---+
|  |    |    |    |    |    |    |    |  |     |    |   |    |     |  |
+---+---+---+---+---+---+---+---+---+----+---+----+---+----+---+
|  | 4 |    | 6 |    | 6 |    | 4 |  | 10 |  |   |  | 14 |  |
+---+---+---+---+---+---+---+---+---+----+---+----+---+----+---+
|  |    |    |    |    |    |    |    |  |     |    |   |    |     |  |
+---+---+---+---+---+---+---+---+---+----+---+----+---+----+---+
|  | 2 |    | 4 |    | 4 |    | 2 |  | 8  |    | 10 |    | 12 |  |
+---+---+---+---+---+---+---+---+---+----+---+----+---+----+---+
|  |    |    |    |    |    |    |    |  |     |    |   |    |     |  |
+---+---+---+---+---+---+---+---+---+----+---+----+---+----+---+
|  | 0 |    | 2 |    | 2 |    | 0 |  |   |  |   |  | 10 |  |
+---+---+---+---+---+---+---+---+---+----+---+----+---+----+---+
|  |    |  |  |  |  |  |    |  |     |    |   |    |     |  |
+---+---+---+---+---+---+---+---+---+----+---+----+---+----+---+
|  | 2 |    | 4 |    | 4 |    | 2 |    | 4  |    | 6  |    | 8  |  |
+---+---+---+---+---+---+---+---+---+----+---+----+---+----+---+
|  |    |    |    |    |    |    |    |    |     |    |     |    |     |  |
+---+---+---+---+---+---+---+---+---+----+---+----+---+----+---+
|  | 4 |    | 6 |    | 6 |    | 4 |    | 6  |    | 8  |    | 10 |  |
+---+---+---+---+---+---+---+---+---+----+---+----+---+----+---+
|  |    |    |    |    |    |    |    |    |     |    |     |    |     |  |
+---+---+---+---+---+---+---+---+---+----+---+----+---+----+---+
|  | 6 |    | 8 |    | 8 |    | 6 |    | 8  |    | 10 |    | 12 |  |
+---+---+---+---+---+---+---+---+---+----+---+----+---+----+---+
|  |  |  |  |  |  |  |  |  |   |  |   |  |   |  |
+---+---+---+---+---+---+---+---+---+----+---+----+---+----+---+
DEBUG:root:GO_TO_CELL: relative move: 0
DEBUG:root:GO_TO_CELL: voy recto
DEBUG:root:
----------------------------------------------------------------------------

DEBUG:root:Y 
 
o  X
DEBUG:root:+---+---+---+---+---+---+---+---+---+----+---+----+---+----+---+
|  |    |  |  |  |  |  |    |  |   |  |     |  |   |  |
+---+---+---+---+---+---+---+---+---+----+---+----+---+----+---+
|  | 6 |    | 8 |    | 8 |    | 6 |  | 12 |    | 14 |    | 16 |  |
+---+---+---+---+---+---+---+---+---+----+---+----+---+----+---+
|  |    |    |    |    |    |    |    |  |     |    |   |    |     |  |
+---+---+---+---+---+---+---+---+---+----+---+----+---+----+---+
|  | 4 |    | 6 |    | 6 |    | 4 |  | 10 |  |   |  | 14 |  |
+---+---+---+---+---+---+---+---+---+----+---+----+---+----+---+
|  |    |    |    |    |    |    |    |  |     |    |   |    |     |  |
+---+---+---+---+---+---+---+---+---+----+---+----+---+----+---+
|  | 2 |    | 4 |    | 4 |    | 2 |  | 8  |    | 10 |    | 12 |  |
+---+---+---+---+---+---+---+---+---+----+---+----+---+----+---+
|  |    |    |    |    |    |    |    |  |     |    |   |    |     |  |
+---+---+---+---+---+---+---+---+---+----+---+----+---+----+---+
|  | 0 |    | 2 |    | 2 |    | 0 |  | 6  |  |   |  | 10 |  |
+---+---+---+---+---+---+---+---+---+----+---+----+---+----+---+
|  |    |  |  |  |  |  |    |  |     |    |   |    |     |  |
+---+---+---+---+---+---+---+---+---+----+---+----+---+----+---+
|  | 2 |    | 4 |    | 4 |    | 2 |    |   |    | 6  |    | 8  |  |
+---+---+---+---+---+---+---+---+---+----+---+----+---+----+---+
|  |    |    |    |    |    |    |    |    |     |    |     |    |     |  |
+---+---+---+---+---+---+---+---+---+----+---+----+---+----+---+
|  | 4 |    | 6 |    | 6 |    | 4 |    | 6  |    | 8  |    | 10 |  |
+---+---+---+---+---+---+---+---+---+----+---+----+---+----+---+
|  |    |    |    |    |    |    |    |    |     |    |     |    |     |  |
+---+---+---+---+---+---+---+---+---+----+---+----+---+----+---+
|  | 6 |    | 8 |    | 8 |    | 6 |    | 8  |    | 10 |    | 12 |  |
+---+---+---+---+---+---+---+---+---+----+---+----+---+----+---+
|  |  |  |  |  |  |  |  |  |   |  |   |  |   |  |
+---+---+---+---+---+---+---+---+---+----+---+----+---+----+---+
DEBUG:root:GO_TO_CELL: relative move: 2
DEBUG:root:GO_TO_CELL: giro derecha y voy recto
DEBUG:root:
----------------------------------------------------------------------------

DEBUG:root:Y 
 
o  X
DEBUG:root:+---+---+---+---+---+---+---+---+---+----+---+----+---+----+---+
|  |    |  |  |  |  |  |    |  |   |  |     |  |   |  |
+---+---+---+---+---+---+---+---+---+----+---+----+---+----+---+
|  | 6 |    | 8 |    | 8 |    | 6 |  | 12 |    | 14 |    | 16 |  |
+---+---+---+---+---+---+---+---+---+----+---+----+---+----+---+
|  |    |    |    |    |    |    |    |  |     |    |   |    |     |  |
+---+---+---+---+---+---+---+---+---+----+---+----+---+----+---+
|  | 4 |    | 6 |    | 6 |    | 4 |  | 10 |  |   |  | 14 |  |
+---+---+---+---+---+---+---+---+---+----+---+----+---+----+---+
|  |    |    |    |    |    |    |    |  |     |    |   |    |     |  |
+---+---+---+---+---+---+---+---+---+----+---+----+---+----+---+
|  | 2 |    | 4 |    | 4 |    | 2 |  | 8  |    | 10 |    | 12 |  |
+---+---+---+---+---+---+---+---+---+----+---+----+---+----+---+
|  |    |    |    |    |    |    |    |  |     |    |   |    |     |  |
+---+---+---+---+---+---+---+---+---+----+---+----+---+----+---+
|  | 0 |    | 2 |    | 2 |    | 0 |  | 6  |  |   |  | 10 |  |
+---+---+---+---+---+---+---+---+---+----+---+----+---+----+---+
|  |    |  |  |  |  |  |    |  |     |    |   |    |     |  |
+---+---+---+---+---+---+---+---+---+----+---+----+---+----+---+
|  | 2 |    | 4 |    | 4 |    |  |    | 4  |    | 6  |    | 8  |  |
+---+---+---+---+---+---+---+---+---+----+---+----+---+----+---+
|  |    |    |    |    |    |    |    |    |     |    |     |    |     |  |
+---+---+---+---+---+---+---+---+---+----+---+----+---+----+---+
|  | 4 |    | 6 |    | 6 |    | 4 |    | 6  |    | 8  |    | 10 |  |
+---+---+---+---+---+---+---+---+---+----+---+----+---+----+---+
|  |    |    |    |    |    |    |    |    |     |    |     |    |     |  |
+---+---+---+---+---+---+---+---+---+----+---+----+---+----+---+
|  | 6 |    | 8 |    | 8 |    | 6 |    | 8  |    | 10 |    | 12 |  |
+---+---+---+---+---+---+---+---+---+----+---+----+---+----+---+
|  |  |  |  |  |  |  |  |  |   |  |   |  |   |  |
+---+---+---+---+---+---+---+---+---+----+---+----+---+----+---+
DEBUG:root:GO_TO_CELL: relative move: 2
DEBUG:root:GO_TO_CELL: giro derecha y voy recto
DEBUG:root:
----------------------------------------------------------------------------

INFO:root:NAVIGATE_MAP: I've reached my goal
INFO:root:Found the ball! Approaching...
INFO:root:Close enough to the ball, size is: 27.37666893005371
INFO:root:Centering the ball...
INFO:root:The ball's x position is: 107.5244140625
INFO:root:The ball's x position is: 107.48636627197266
INFO:root:The ball's x position is: 107.46874237060547
INFO:root:The ball's x position is: 107.6317367553711
INFO:root:The ball's x position is: 107.94171142578125
INFO:root:The ball's x position is: 108.0544662475586
INFO:root:The ball's x position is: 108.23583984375
INFO:root:The ball's x position is: 108.66207885742188
INFO:root:The ball's x position is: 110.0503158569336
INFO:root:The ball's x position is: 112.30879974365234
INFO:root:The ball's x position is: 113.01226043701172
INFO:root:The ball's x position is: 113.35176086425781
INFO:root:The ball's x position is: 112.9853286743164
INFO:root:The ball's x position is: 112.7344970703125
INFO:root:The ball's x position is: 112.47355651855469
INFO:root:The ball's x position is: 111.3287582397461
INFO:root:The ball's x position is: 110.81304168701172
INFO:root:The ball's x position is: 109.92254638671875
INFO:root:The ball's x position is: 109.07512664794922
INFO:root:The ball's x position is: 108.37802124023438
INFO:root:The ball's x position is: 106.6498794555664
INFO:root:The ball's x position is: 105.9793472290039
INFO:root:The ball's x position is: 104.7739028930664
INFO:root:The ball's x position is: 104.11771392822266
INFO:root:The ball's x position is: 103.43621063232422
INFO:root:The ball's x position is: 102.6780014038086
INFO:root:The ball's x position is: 101.38310241699219
INFO:root:The ball's x position is: 100.62212371826172
INFO:root:The ball's x position is: 100.19609832763672
INFO:root:The ball's x position is: 98.8576431274414
INFO:root:The ball's x position is: 98.29933166503906
INFO:root:The ball's x position is: 97.50908660888672
INFO:root:The ball's x position is: 96.50546264648438
INFO:root:The ball's x position is: 95.05537414550781
INFO:root:The ball's x position is: 92.89142608642578
INFO:root:The ball's x position is: 91.2720718383789
INFO:root:The ball's x position is: 89.61295318603516
INFO:root:The ball's x position is: 88.07437896728516
INFO:root:The ball's x position is: 86.6046371459961
INFO:root:The ball's x position is: 85.64488220214844
INFO:root:The ball's x position is: 83.9160385131836
INFO:root:Ball centered and ready to be catched!
INFO:root:The distance to be covered is: 0.19999999999999998 meters
DEBUG:root:Watchpoint coordinates: [1.1 2.2]
DEBUG:root:     GO_TO_WATCHPOINT: spinning to ABSOLUTE TH 1.6466032938304527
DEBUG:root:     GO_TO_WATCHPOINT: running to watchpoint: [3, 6]
DEBUG:root:     GO_TO_WATCHPOINT: facing image (pi/2 (im in 0.5166666666666667pi))...
DEBUG:root:EXIT_MAP: beggining exiting sequence...
INFO:root:Ive seen R2D2
WARNING:root:Traceback (most recent call last):
  File "/home/pi/oscar/main.py", line 107, in main
    actions.map.exit_map(oscar, black)
  File "/home/pi/oscar/actions/map.py", line 45, in exit_map
    navigate_map(robot, [], exit, eight_neigh=False)
TypeError: navigate_map() got multiple values for argument 'eight_neigh'

WARNING:root:Abruptly stopped the robot!
INFO:root:Odometry was stopped
DEBUG:matplotlib.font_manager:findfont: Matching :family=sans-serif:style=normal:variant=normal:weight=normal:stretch=normal:size=10.0 to DejaVu Sans ('/home/pi/.local/lib/python3.5/site-packages/matplotlib/mpl-data/fonts/ttf/DejaVuSans.ttf') with score of 0.050000.
DEBUG:matplotlib.axes._base:update_title_pos
DEBUG:matplotlib.axes._base:update_title_pos
DEBUG:matplotlib.axes._base:update_title_pos
