INFO:root:MAIN: Program started
DEBUG:root:GENERATE_GRID: no hay que mezclar
INFO:root:ROBOT: Robot set up!
INFO:root:ROBOT: Odometry was started, PID: 6122:
INFO:root:MAIN: Initial location: 2.2, 2.6, -1.5707963267948966
INFO:root:*---------------------------------------------------------------------------*
INFO:root:Searching the ball...
INFO:root:Found the ball! Approaching...
INFO:root:Approaching the ball...
INFO:root:Close enough to the ball, size is: 30.233531951904297
INFO:root:Centering the ball...
INFO:root:The ball's x position is: 75.42872619628906
INFO:root:The ball's x position is: 74.85083770751953
INFO:root:The ball's x position is: 74.51850891113281
INFO:root:The ball's x position is: 73.83570098876953
INFO:root:The ball's x position is: 73.53524017333984
INFO:root:The ball's x position is: 73.66437530517578
INFO:root:The ball's x position is: 73.53411102294922
INFO:root:The ball's x position is: 73.71524810791016
INFO:root:The ball's x position is: 73.8959732055664
INFO:root:The ball's x position is: 76.5993423461914
INFO:root:The ball's x position is: 78.22469329833984
INFO:root:Ball centered and ready to be catched!
INFO:root:Grabbing the ball...
INFO:root:The distance to be covered is: 0.23 meters
DEBUG:root:BALL grab_ball: encoder value is 4
INFO:root:Got the ball!
INFO:root:Odometry was stopped
DEBUG:matplotlib.font_manager:findfont: Matching :family=sans-serif:style=normal:variant=normal:weight=normal:stretch=normal:size=10.0 to DejaVu Sans ('/home/pi/.local/lib/python3.5/site-packages/matplotlib/mpl-data/fonts/ttf/DejaVuSans.ttf') with score of 0.050000.
DEBUG:matplotlib.axes._base:update_title_pos
DEBUG:matplotlib.axes._base:update_title_pos
DEBUG:matplotlib.axes._base:update_title_pos
