INFO:root:MAIN: Program started
DEBUG:root:GENERATE_GRID: no hay que mezclar
INFO:root:ROBOT: Robot set up!
INFO:root:ROBOT: Odometry was started, PID: 14138:
INFO:root:MAIN: Initial location: 2.2, 2.6, -1.5707963267948966
INFO:root:*---------------------------------------------------------------------------*
INFO:root:SEARCH_BALL: Searching for the ball...
INFO:root:SEARCH_BALL: Found the ball! Approaching...
INFO:root:APPROACH_BALL: Approaching the ball...
WARNING:root:Lost the ball! Searching again...
INFO:root:SEARCH_BALL: Searching for the ball...
INFO:root:SEARCH_BALL: Found the ball! Approaching...
INFO:root:APPROACH_BALL: Approaching the ball...
WARNING:root:Lost the ball! Searching again...
INFO:root:SEARCH_BALL: Searching for the ball...
INFO:root:SEARCH_BALL: Found the ball! Approaching...
INFO:root:APPROACH_BALL: Approaching the ball...
WARNING:root:Lost the ball! Searching again...
INFO:root:SEARCH_BALL: Searching for the ball...
INFO:root:SEARCH_BALL: Found the ball! Approaching...
INFO:root:APPROACH_BALL: Approaching the ball...
INFO:root:Close enough to the ball, size is: 30.091556549072266
INFO:root:Centering the ball...
INFO:root:Ball centered and ready to be catched!
INFO:root:Grabbing the ball...
INFO:root:The distance to be covered is: 0.18000000000000002 meters
INFO:root:Odometry was stopped
DEBUG:matplotlib.axes._base:update_title_pos
DEBUG:matplotlib.font_manager:findfont: Matching :family=sans-serif:style=normal:variant=normal:weight=normal:stretch=normal:size=10.0 to DejaVu Sans ('/home/pi/.local/lib/python3.5/site-packages/matplotlib/mpl-data/fonts/ttf/DejaVuSans.ttf') with score of 0.050000.
DEBUG:matplotlib.axes._base:update_title_pos
