INFO:root:MAIN: Program started
DEBUG:root:GENERATE_GRID: goal_k is: 0
 goals: [0, 0, 0]
DEBUG:root:GENERATE_GRID: no hay que mezclar
DEBUG:root:GENERATE_GRID: final grid value:
 [[ 0.  1. -1. -1. -1. -1. -1.  9. -1. -1. -1. 29. -1. -1. -1.]
 [-1.  2.  3.  4.  5.  6.  7.  8. -1. 26. 27. 28. 29. 30. -1.]
 [-1.  3.  4.  5.  6.  7.  8.  9. -1. 25. 26. -1. 30. 29. -1.]
 [-1.  4.  5.  6.  7.  8.  9. 10. -1. 24. -1. -1. -1. 28. -1.]
 [-1.  5.  6.  7.  8.  9. 10. 11. -1. 23. 24. -1. 26. 27. -1.]
 [-1.  6.  7.  8.  9. 10. 11. 12. -1. 22. 23. 24. 25. 26. -1.]
 [-1.  7.  8.  9. 10. 11. 12. 13. -1. 21. 22. -1. 26. 25. -1.]
 [-1.  8.  9. 10. 11. 12. 13. 14. -1. 20. -1. -1. -1. 24. -1.]
 [-1.  9. -1. -1. -1. -1. -1. 15. -1. 19. 20. -1. 22. 23. -1.]
 [-1. 10. 11. 12. 13. 14. 15. 16. 17. 18. 19. 20. 21. 22. -1.]
 [-1. 11. 12. 13. 14. 15. 16. 17. 18. 19. 20. 21. 22. 23. -1.]
 [-1. 12. 13. 14. 15. 16. 17. 18. 19. 20. 21. 22. 23. 24. -1.]
 [-1. 13. 14. 15. 16. 17. 18. 19. 20. 21. 22. 23. 24. 25. -1.]
 [-1. 14. 15. 16. 17. 18. 19. 20. 21. 22. 23. 24. 25. 26. -1.]
 [-1. -1. -1. -1. -1. -1. -1. -1. -1. -1. -1. -1. -1. -1. -1.]]
INFO:root:ROBOT: Robot set up!
INFO:root:ROBOT: Odometry was started, PID: 27681:
INFO:root:MAIN: Initial location: 2.2, 2.6, -1.5707963267948966


INFO:root:MAIN: The floor is WHITE
INFO:root:ROBOT setMapByColor:Tile color is white, setting map A
INFO:root:ROBOT forceNewPosition: Updating position to [0.6, 3]
DEBUG:root:-0.03490658503988664
DEBUG:root:-0.03490658503988664
DEBUG:root:-0.03490658503988664
DEBUG:root:-0.03490658503988664
DEBUG:root:-0.03490658503988664
DEBUG:root:-0.03490658503988664
DEBUG:root:-0.03490658503988664
DEBUG:root:-0.03490658503988664
DEBUG:root:-0.03490658503988664
DEBUG:root:-0.03490658503988664
DEBUG:root:-0.03490658503988664
DEBUG:root:-0.03490658503988664
DEBUG:root:-0.03490658503988664
DEBUG:root:-0.03490658503988664
DEBUG:root:-0.03490658503988664
DEBUG:root:-0.03490658503988664
DEBUG:root:-0.03490658503988664
DEBUG:root:-0.03490658503988664
DEBUG:root:-0.03490658503988664
DEBUG:root:-0.03490658503988664
DEBUG:root:-0.03490658503988664
DEBUG:root:-0.03490658503988664
DEBUG:root:-0.03490658503988664
DEBUG:root:-0.03490658503988664
DEBUG:root:-0.03490658503988664
DEBUG:root:-0.03490658503988664
DEBUG:root:-0.03490658503988664
DEBUG:root:0.0
DEBUG:root:0.0
DEBUG:root:0.0
DEBUG:root:0.0
DEBUG:root:0.0
DEBUG:root:0.0
DEBUG:root:0.0
DEBUG:root:0.0
DEBUG:root:0.0
DEBUG:root:0.0
DEBUG:root:0.0
DEBUG:root:0.0
DEBUG:root:0.0
DEBUG:root:0.0
DEBUG:root:0.0
DEBUG:root:0.0
DEBUG:root:0.0
DEBUG:root:0.0
DEBUG:root:0.0
DEBUG:root:0.0
DEBUG:root:0.0
DEBUG:root:0.0
DEBUG:root:0.0
DEBUG:root:0.0
DEBUG:root:0.0
DEBUG:root:0.0
DEBUG:root:0.0
DEBUG:root:0.0
DEBUG:root:0.0
DEBUG:root:0.0
DEBUG:root:0.0
DEBUG:root:0.0
DEBUG:root:0.0
DEBUG:root:0.0
DEBUG:root:0.0
DEBUG:root:0.0
DEBUG:root:0.0
DEBUG:root:0.0
DEBUG:root:0.0
DEBUG:root:0.0
DEBUG:root:0.0
DEBUG:root:0.0
DEBUG:root:0.0
DEBUG:root:0.0
DEBUG:root:0.0
DEBUG:root:0.0
DEBUG:root:0.0
DEBUG:root:0.0
DEBUG:root:0.0
DEBUG:root:0.0
DEBUG:root:0.0
DEBUG:root:0.0
DEBUG:root:0.0
DEBUG:root:-0.01745329251994332
DEBUG:root:-0.01745329251994332
DEBUG:root:-0.01745329251994332
DEBUG:root:-0.01745329251994332
DEBUG:root:-0.01745329251994332
DEBUG:root:-0.01745329251994332
DEBUG:root:-0.01745329251994332
DEBUG:root:-0.01745329251994332
DEBUG:root:-0.01745329251994332
DEBUG:root:-0.01745329251994332
DEBUG:root:-0.01745329251994332
DEBUG:root:-0.01745329251994332
DEBUG:root:-0.01745329251994332
DEBUG:root:-0.01745329251994332
DEBUG:root:-0.01745329251994332
DEBUG:root:-0.01745329251994332
DEBUG:root:-0.01745329251994332
DEBUG:root:-0.01745329251994332
DEBUG:root:-0.01745329251994332
DEBUG:root:-0.01745329251994332
DEBUG:root:-0.01745329251994332
DEBUG:root:-0.01745329251994332
DEBUG:root:-0.01745329251994332
DEBUG:root:-0.01745329251994332
DEBUG:root:-0.01745329251994332
DEBUG:root:-0.01745329251994332
DEBUG:root:-0.01745329251994332
DEBUG:root:-0.05235987755982996
DEBUG:root:-0.05235987755982996
DEBUG:root:-0.05235987755982996
DEBUG:root:-0.05235987755982996
DEBUG:root:-0.05235987755982996
DEBUG:root:-0.05235987755982996
DEBUG:root:-0.05235987755982996
DEBUG:root:-0.05235987755982996
DEBUG:root:-0.05235987755982996
DEBUG:root:-0.05235987755982996
DEBUG:root:-0.05235987755982996
DEBUG:root:-0.05235987755982996
DEBUG:root:-0.05235987755982996
DEBUG:root:-0.05235987755982996
DEBUG:root:-0.05235987755982996
DEBUG:root:-0.05235987755982996
DEBUG:root:-0.05235987755982996
DEBUG:root:-0.05235987755982996
DEBUG:root:-0.05235987755982996
DEBUG:root:-0.05235987755982996
DEBUG:root:-0.05235987755982996
DEBUG:root:-0.05235987755982996
DEBUG:root:-0.05235987755982996
DEBUG:root:-0.05235987755982996
DEBUG:root:-0.05235987755982996
DEBUG:root:-0.05235987755982996
DEBUG:root:-0.05235987755982996
DEBUG:root:-0.05235987755982996
DEBUG:root:-0.05235987755982996
DEBUG:root:-0.05235987755982996
DEBUG:root:-0.05235987755982996
DEBUG:root:-0.05235987755982996
DEBUG:root:-0.08726646259971638
DEBUG:root:-0.08726646259971638
DEBUG:root:-0.08726646259971638
DEBUG:root:-0.08726646259971638
DEBUG:root:-0.08726646259971638
DEBUG:root:-0.08726646259971638
DEBUG:root:-0.08726646259971638
DEBUG:root:-0.08726646259971638
DEBUG:root:-0.08726646259971638
DEBUG:root:-0.08726646259971638
DEBUG:root:-0.08726646259971638
DEBUG:root:-0.08726646259971638
DEBUG:root:-0.08726646259971638
DEBUG:root:-0.08726646259971638
DEBUG:root:-0.08726646259971638
DEBUG:root:-0.08726646259971638
DEBUG:root:-0.08726646259971638
DEBUG:root:-0.08726646259971638
DEBUG:root:-0.08726646259971638
DEBUG:root:-0.08726646259971638
DEBUG:root:-0.08726646259971638
DEBUG:root:-0.08726646259971638
DEBUG:root:-0.08726646259971638
DEBUG:root:-0.08726646259971638
DEBUG:root:-0.08726646259971638
DEBUG:root:-0.08726646259971638
DEBUG:root:-0.08726646259971638
DEBUG:root:-0.08726646259971638
DEBUG:root:-0.1047197551196597
DEBUG:root:-0.1047197551196597
DEBUG:root:-0.1047197551196597
DEBUG:root:-0.1047197551196597
DEBUG:root:-0.1047197551196597
DEBUG:root:-0.1047197551196597
DEBUG:root:-0.1047197551196597
DEBUG:root:-0.1047197551196597
DEBUG:root:-0.1047197551196597
DEBUG:root:-0.1047197551196597
DEBUG:root:-0.1047197551196597
DEBUG:root:-0.1047197551196597
DEBUG:root:-0.1047197551196597
DEBUG:root:-0.1047197551196597
DEBUG:root:-0.1047197551196597
DEBUG:root:-0.1047197551196597
DEBUG:root:-0.1047197551196597
DEBUG:root:-0.1047197551196597
DEBUG:root:-0.1047197551196597
DEBUG:root:-0.1047197551196597
DEBUG:root:-0.1047197551196597
DEBUG:root:-0.1047197551196597
DEBUG:root:-0.1047197551196597
DEBUG:root:-0.1047197551196597
DEBUG:root:-0.1047197551196597
DEBUG:root:-0.1047197551196597
DEBUG:root:-0.13962634015954634
DEBUG:root:-0.13962634015954634
DEBUG:root:-0.13962634015954634
DEBUG:root:-0.13962634015954634
DEBUG:root:-0.13962634015954634
DEBUG:root:-0.13962634015954634
DEBUG:root:-0.13962634015954634
DEBUG:root:-0.13962634015954634
DEBUG:root:-0.13962634015954634
DEBUG:root:-0.13962634015954634
DEBUG:root:-0.13962634015954634
DEBUG:root:-0.13962634015954634
DEBUG:root:-0.13962634015954634
DEBUG:root:-0.13962634015954634
DEBUG:root:-0.13962634015954634
DEBUG:root:-0.13962634015954634
DEBUG:root:-0.13962634015954634
DEBUG:root:-0.13962634015954634
DEBUG:root:-0.13962634015954634
DEBUG:root:-0.13962634015954634
DEBUG:root:-0.13962634015954634
DEBUG:root:-0.13962634015954634
DEBUG:root:-0.13962634015954634
DEBUG:root:-0.13962634015954634
DEBUG:root:-0.13962634015954634
DEBUG:root:-0.13962634015954634
DEBUG:root:-0.13962634015954634
DEBUG:root:-0.13962634015954634
DEBUG:root:-0.13962634015954634
DEBUG:root:-0.13962634015954634
DEBUG:root:-0.13962634015954634
DEBUG:root:-0.15707963267948966
DEBUG:root:-0.15707963267948966
DEBUG:root:-0.15707963267948966
DEBUG:root:-0.15707963267948966
DEBUG:root:-0.15707963267948966
DEBUG:root:-0.15707963267948966
DEBUG:root:-0.15707963267948966
DEBUG:root:-0.15707963267948966
DEBUG:root:-0.15707963267948966
DEBUG:root:-0.15707963267948966
DEBUG:root:-0.15707963267948966
DEBUG:root:-0.15707963267948966
DEBUG:root:-0.15707963267948966
DEBUG:root:-0.15707963267948966
DEBUG:root:-0.15707963267948966
DEBUG:root:-0.15707963267948966
DEBUG:root:-0.15707963267948966
DEBUG:root:-0.15707963267948966
DEBUG:root:-0.15707963267948966
DEBUG:root:-0.15707963267948966
DEBUG:root:-0.15707963267948966
DEBUG:root:-0.15707963267948966
DEBUG:root:-0.15707963267948966
DEBUG:root:-0.15707963267948966
DEBUG:root:-0.15707963267948966
DEBUG:root:-0.15707963267948966
DEBUG:root:-0.15707963267948966
DEBUG:root:-0.15707963267948966
DEBUG:root:-0.15707963267948966
DEBUG:root:-0.15707963267948966
DEBUG:root:-0.15707963267948966
DEBUG:root:-0.1919862177193763
DEBUG:root:-0.1919862177193763
DEBUG:root:-0.1919862177193763
DEBUG:root:-0.1919862177193763
DEBUG:root:-0.1919862177193763
DEBUG:root:-0.1919862177193763
DEBUG:root:-0.1919862177193763
DEBUG:root:-0.1919862177193763
DEBUG:root:-0.1919862177193763
DEBUG:root:-0.1919862177193763
DEBUG:root:-0.1919862177193763
DEBUG:root:-0.1919862177193763
DEBUG:root:-0.1919862177193763
DEBUG:root:-0.1919862177193763
DEBUG:root:-0.1919862177193763
DEBUG:root:-0.1919862177193763
DEBUG:root:-0.1919862177193763
DEBUG:root:-0.1919862177193763
DEBUG:root:-0.1919862177193763
DEBUG:root:-0.1919862177193763
DEBUG:root:-0.1919862177193763
DEBUG:root:-0.1919862177193763
DEBUG:root:-0.1919862177193763
DEBUG:root:-0.1919862177193763
DEBUG:root:-0.1919862177193763
DEBUG:root:-0.1919862177193763
DEBUG:root:-0.1919862177193763
DEBUG:root:-0.1919862177193763
DEBUG:root:-0.1919862177193763
DEBUG:root:-0.2268928027592627
DEBUG:root:-0.2268928027592627
DEBUG:root:-0.2268928027592627
DEBUG:root:-0.2268928027592627
DEBUG:root:-0.2268928027592627
DEBUG:root:-0.2268928027592627
DEBUG:root:-0.2268928027592627
DEBUG:root:-0.2268928027592627
DEBUG:root:-0.2268928027592627
DEBUG:root:-0.2268928027592627
DEBUG:root:-0.2268928027592627
DEBUG:root:-0.2268928027592627
DEBUG:root:-0.2268928027592627
DEBUG:root:-0.2268928027592627
DEBUG:root:-0.2268928027592627
DEBUG:root:-0.2268928027592627
DEBUG:root:-0.2268928027592627
DEBUG:root:-0.2268928027592627
DEBUG:root:-0.2268928027592627
DEBUG:root:-0.2268928027592627
DEBUG:root:-0.2268928027592627
DEBUG:root:-0.2268928027592627
DEBUG:root:-0.2268928027592627
DEBUG:root:-0.2268928027592627
DEBUG:root:-0.2268928027592627
DEBUG:root:-0.2268928027592627
DEBUG:root:-0.2268928027592627
DEBUG:root:-0.2268928027592627
DEBUG:root:-0.2268928027592627
DEBUG:root:-0.24434609527920603
DEBUG:root:-0.24434609527920603
DEBUG:root:-0.24434609527920603
DEBUG:root:-0.24434609527920603
DEBUG:root:-0.24434609527920603
DEBUG:root:-0.24434609527920603
DEBUG:root:-0.24434609527920603
DEBUG:root:-0.24434609527920603
DEBUG:root:-0.24434609527920603
DEBUG:root:-0.24434609527920603
DEBUG:root:-0.24434609527920603
DEBUG:root:-0.24434609527920603
DEBUG:root:-0.24434609527920603
DEBUG:root:-0.24434609527920603
DEBUG:root:-0.24434609527920603
DEBUG:root:-0.24434609527920603
DEBUG:root:-0.24434609527920603
DEBUG:root:-0.24434609527920603
DEBUG:root:-0.24434609527920603
DEBUG:root:-0.24434609527920603
DEBUG:root:-0.24434609527920603
DEBUG:root:-0.24434609527920603
DEBUG:root:-0.24434609527920603
DEBUG:root:-0.24434609527920603
DEBUG:root:-0.24434609527920603
DEBUG:root:-0.24434609527920603
DEBUG:root:-0.24434609527920603
DEBUG:root:-0.24434609527920603
DEBUG:root:-0.27925268031909267
DEBUG:root:-0.27925268031909267
DEBUG:root:-0.27925268031909267
DEBUG:root:-0.27925268031909267
DEBUG:root:-0.27925268031909267
DEBUG:root:-0.27925268031909267
DEBUG:root:-0.27925268031909267
DEBUG:root:-0.27925268031909267
DEBUG:root:-0.27925268031909267
DEBUG:root:-0.27925268031909267
DEBUG:root:-0.27925268031909267
DEBUG:root:-0.27925268031909267
DEBUG:root:-0.27925268031909267
DEBUG:root:-0.27925268031909267
DEBUG:root:-0.27925268031909267
DEBUG:root:-0.27925268031909267
DEBUG:root:-0.27925268031909267
DEBUG:root:-0.27925268031909267
DEBUG:root:-0.27925268031909267
DEBUG:root:-0.27925268031909267
DEBUG:root:-0.27925268031909267
DEBUG:root:-0.27925268031909267
DEBUG:root:-0.27925268031909267
DEBUG:root:-0.27925268031909267
DEBUG:root:-0.27925268031909267
DEBUG:root:-0.27925268031909267
DEBUG:root:-0.27925268031909267
DEBUG:root:-0.27925268031909267
DEBUG:root:-0.296705972839036
DEBUG:root:-0.296705972839036
DEBUG:root:-0.296705972839036
DEBUG:root:-0.296705972839036
DEBUG:root:-0.296705972839036
DEBUG:root:-0.296705972839036
DEBUG:root:-0.296705972839036
DEBUG:root:-0.296705972839036
DEBUG:root:-0.296705972839036
DEBUG:root:-0.296705972839036
DEBUG:root:-0.296705972839036
DEBUG:root:-0.296705972839036
DEBUG:root:-0.296705972839036
DEBUG:root:-0.296705972839036
DEBUG:root:-0.296705972839036
DEBUG:root:-0.296705972839036
DEBUG:root:-0.296705972839036
DEBUG:root:-0.296705972839036
DEBUG:root:-0.296705972839036
DEBUG:root:-0.296705972839036
DEBUG:root:-0.296705972839036
DEBUG:root:-0.296705972839036
DEBUG:root:-0.296705972839036
DEBUG:root:-0.296705972839036
DEBUG:root:-0.296705972839036
DEBUG:root:-0.296705972839036
DEBUG:root:-0.296705972839036
DEBUG:root:-0.3141592653589793
DEBUG:root:-0.3141592653589793
DEBUG:root:-0.3141592653589793
DEBUG:root:-0.3141592653589793
DEBUG:root:-0.3141592653589793
DEBUG:root:-0.3141592653589793
DEBUG:root:-0.3141592653589793
DEBUG:root:-0.3141592653589793
DEBUG:root:-0.3141592653589793
DEBUG:root:-0.3141592653589793
DEBUG:root:-0.3141592653589793
DEBUG:root:-0.3141592653589793
DEBUG:root:-0.3141592653589793
DEBUG:root:-0.3141592653589793
DEBUG:root:-0.3141592653589793
DEBUG:root:-0.3141592653589793
DEBUG:root:-0.3141592653589793
DEBUG:root:-0.3141592653589793
DEBUG:root:-0.3141592653589793
DEBUG:root:-0.3141592653589793
DEBUG:root:-0.3141592653589793
DEBUG:root:-0.3141592653589793
DEBUG:root:-0.3141592653589793
DEBUG:root:-0.3141592653589793
DEBUG:root:-0.3141592653589793
DEBUG:root:-0.3141592653589793
DEBUG:root:-0.3141592653589793
DEBUG:root:-0.3141592653589793
DEBUG:root:-0.34906585039886595
DEBUG:root:-0.34906585039886595
DEBUG:root:-0.34906585039886595
DEBUG:root:-0.34906585039886595
DEBUG:root:-0.34906585039886595
DEBUG:root:-0.34906585039886595
DEBUG:root:-0.34906585039886595
DEBUG:root:-0.34906585039886595
DEBUG:root:-0.34906585039886595
DEBUG:root:-0.34906585039886595
DEBUG:root:-0.34906585039886595
DEBUG:root:-0.34906585039886595
DEBUG:root:-0.34906585039886595
DEBUG:root:-0.34906585039886595
DEBUG:root:-0.34906585039886595
DEBUG:root:-0.34906585039886595
DEBUG:root:-0.34906585039886595
DEBUG:root:-0.34906585039886595
DEBUG:root:-0.34906585039886595
DEBUG:root:-0.34906585039886595
DEBUG:root:-0.34906585039886595
DEBUG:root:-0.34906585039886595
DEBUG:root:-0.34906585039886595
DEBUG:root:-0.34906585039886595
DEBUG:root:-0.34906585039886595
DEBUG:root:-0.34906585039886595
DEBUG:root:-0.34906585039886595
DEBUG:root:-0.34906585039886595
DEBUG:root:-0.34906585039886595
DEBUG:root:-0.36651914291880927
DEBUG:root:-0.36651914291880927
DEBUG:root:-0.36651914291880927
DEBUG:root:-0.36651914291880927
DEBUG:root:-0.36651914291880927
DEBUG:root:-0.36651914291880927
DEBUG:root:-0.36651914291880927
DEBUG:root:-0.36651914291880927
DEBUG:root:-0.36651914291880927
DEBUG:root:-0.36651914291880927
DEBUG:root:-0.36651914291880927
DEBUG:root:-0.36651914291880927
DEBUG:root:-0.36651914291880927
DEBUG:root:-0.36651914291880927
DEBUG:root:-0.36651914291880927
DEBUG:root:-0.36651914291880927
DEBUG:root:-0.36651914291880927
DEBUG:root:-0.36651914291880927
DEBUG:root:-0.36651914291880927
DEBUG:root:-0.36651914291880927
DEBUG:root:-0.36651914291880927
DEBUG:root:-0.36651914291880927
DEBUG:root:-0.36651914291880927
DEBUG:root:-0.36651914291880927
DEBUG:root:-0.36651914291880927
DEBUG:root:-0.36651914291880927
DEBUG:root:-0.36651914291880927
DEBUG:root:-0.4014257279586957
DEBUG:root:-0.4014257279586957
DEBUG:root:-0.4014257279586957
DEBUG:root:-0.4014257279586957
DEBUG:root:-0.4014257279586957
DEBUG:root:-0.4014257279586957
DEBUG:root:-0.4014257279586957
DEBUG:root:-0.4014257279586957
DEBUG:root:-0.4014257279586957
DEBUG:root:-0.4014257279586957
DEBUG:root:-0.4014257279586957
DEBUG:root:-0.4014257279586957
DEBUG:root:-0.4014257279586957
DEBUG:root:-0.4014257279586957
DEBUG:root:-0.4014257279586957
DEBUG:root:-0.4014257279586957
DEBUG:root:-0.4014257279586957
DEBUG:root:-0.4014257279586957
DEBUG:root:-0.4014257279586957
DEBUG:root:-0.4014257279586957
DEBUG:root:-0.4014257279586957
DEBUG:root:-0.4014257279586957
DEBUG:root:-0.4014257279586957
DEBUG:root:-0.4014257279586957
DEBUG:root:-0.4014257279586957
DEBUG:root:-0.4014257279586957
DEBUG:root:-0.4014257279586957
DEBUG:root:-0.4014257279586957
DEBUG:root:-0.4014257279586957
DEBUG:root:-0.4014257279586957
DEBUG:root:-0.4014257279586957
DEBUG:root:-0.4014257279586957
DEBUG:root:-0.418879020478639
DEBUG:root:-0.418879020478639
DEBUG:root:-0.418879020478639
DEBUG:root:-0.418879020478639
DEBUG:root:-0.418879020478639
DEBUG:root:-0.418879020478639
DEBUG:root:-0.418879020478639
DEBUG:root:-0.418879020478639
DEBUG:root:-0.418879020478639
DEBUG:root:-0.418879020478639
DEBUG:root:-0.418879020478639
DEBUG:root:-0.418879020478639
DEBUG:root:-0.418879020478639
DEBUG:root:-0.418879020478639
DEBUG:root:-0.418879020478639
DEBUG:root:-0.418879020478639
DEBUG:root:-0.418879020478639
DEBUG:root:-0.418879020478639
DEBUG:root:-0.418879020478639
DEBUG:root:-0.418879020478639
DEBUG:root:-0.418879020478639
DEBUG:root:-0.418879020478639
DEBUG:root:-0.418879020478639
DEBUG:root:-0.45378560551852565
DEBUG:root:-0.45378560551852565
DEBUG:root:-0.45378560551852565
DEBUG:root:-0.45378560551852565
DEBUG:root:-0.45378560551852565
DEBUG:root:-0.45378560551852565
DEBUG:root:-0.45378560551852565
DEBUG:root:-0.45378560551852565
DEBUG:root:-0.45378560551852565
DEBUG:root:-0.45378560551852565
DEBUG:root:-0.45378560551852565
DEBUG:root:-0.45378560551852565
DEBUG:root:-0.45378560551852565
DEBUG:root:-0.45378560551852565
DEBUG:root:-0.45378560551852565
DEBUG:root:-0.45378560551852565
DEBUG:root:-0.45378560551852565
DEBUG:root:-0.45378560551852565
DEBUG:root:-0.45378560551852565
DEBUG:root:-0.45378560551852565
DEBUG:root:-0.45378560551852565
DEBUG:root:-0.45378560551852565
DEBUG:root:-0.45378560551852565
DEBUG:root:-0.45378560551852565
DEBUG:root:-0.45378560551852565
DEBUG:root:-0.45378560551852565
DEBUG:root:-0.45378560551852565
DEBUG:root:-0.45378560551852565
DEBUG:root:-0.45378560551852565
DEBUG:root:-0.4886921905584123
DEBUG:root:-0.4886921905584123
DEBUG:root:-0.4886921905584123
DEBUG:root:-0.4886921905584123
DEBUG:root:-0.4886921905584123
DEBUG:root:-0.4886921905584123
DEBUG:root:-0.4886921905584123
DEBUG:root:-0.4886921905584123
DEBUG:root:-0.4886921905584123
DEBUG:root:-0.4886921905584123
DEBUG:root:-0.4886921905584123
DEBUG:root:-0.4886921905584123
DEBUG:root:-0.4886921905584123
DEBUG:root:-0.4886921905584123
DEBUG:root:-0.4886921905584123
DEBUG:root:-0.4886921905584123
DEBUG:root:-0.4886921905584123
DEBUG:root:-0.4886921905584123
DEBUG:root:-0.4886921905584123
DEBUG:root:-0.4886921905584123
DEBUG:root:-0.4886921905584123
DEBUG:root:-0.4886921905584123
DEBUG:root:-0.4886921905584123
DEBUG:root:-0.4886921905584123
DEBUG:root:-0.4886921905584123
DEBUG:root:-0.4886921905584123
DEBUG:root:-0.4886921905584123
DEBUG:root:-0.4886921905584123
DEBUG:root:-0.4886921905584123
DEBUG:root:-0.4886921905584123
DEBUG:root:-0.4886921905584123
DEBUG:root:-0.4886921905584123
DEBUG:root:-0.5235987755982989
DEBUG:root:-0.5235987755982989
DEBUG:root:-0.5235987755982989
DEBUG:root:-0.5235987755982989
DEBUG:root:-0.5235987755982989
DEBUG:root:-0.5235987755982989
DEBUG:root:-0.5235987755982989
DEBUG:root:-0.5235987755982989
DEBUG:root:-0.5235987755982989
DEBUG:root:-0.5235987755982989
DEBUG:root:-0.5235987755982989
DEBUG:root:-0.5235987755982989
DEBUG:root:-0.5235987755982989
DEBUG:root:-0.5235987755982989
DEBUG:root:-0.5235987755982989
DEBUG:root:-0.5235987755982989
DEBUG:root:-0.5235987755982989
DEBUG:root:-0.5235987755982989
DEBUG:root:-0.5235987755982989
DEBUG:root:-0.5235987755982989
DEBUG:root:-0.5235987755982989
DEBUG:root:-0.5235987755982989
DEBUG:root:-0.5235987755982989
DEBUG:root:-0.541052068118242
DEBUG:root:-0.541052068118242
DEBUG:root:-0.541052068118242
DEBUG:root:-0.541052068118242
DEBUG:root:-0.541052068118242
DEBUG:root:-0.541052068118242
DEBUG:root:-0.541052068118242
DEBUG:root:-0.541052068118242
DEBUG:root:-0.541052068118242
DEBUG:root:-0.541052068118242
DEBUG:root:-0.541052068118242
DEBUG:root:-0.541052068118242
DEBUG:root:-0.541052068118242
DEBUG:root:-0.541052068118242
DEBUG:root:-0.541052068118242
DEBUG:root:-0.541052068118242
DEBUG:root:-0.541052068118242
DEBUG:root:-0.541052068118242
DEBUG:root:-0.541052068118242
DEBUG:root:-0.541052068118242
DEBUG:root:-0.541052068118242
DEBUG:root:-0.541052068118242
DEBUG:root:-0.541052068118242
DEBUG:root:-0.541052068118242
DEBUG:root:-0.541052068118242
DEBUG:root:-0.5759586531581287
DEBUG:root:-0.5759586531581287
DEBUG:root:-0.5759586531581287
DEBUG:root:-0.5759586531581287
DEBUG:root:-0.5759586531581287
DEBUG:root:-0.5759586531581287
DEBUG:root:-0.5759586531581287
DEBUG:root:-0.5759586531581287
DEBUG:root:-0.5759586531581287
DEBUG:root:-0.5759586531581287
DEBUG:root:-0.5759586531581287
DEBUG:root:-0.5759586531581287
DEBUG:root:-0.5759586531581287
DEBUG:root:-0.5759586531581287
DEBUG:root:-0.5759586531581287
DEBUG:root:-0.5759586531581287
DEBUG:root:-0.5759586531581287
DEBUG:root:-0.5759586531581287
DEBUG:root:-0.5759586531581287
DEBUG:root:-0.5759586531581287
DEBUG:root:-0.5759586531581287
DEBUG:root:-0.5759586531581287
DEBUG:root:-0.5759586531581287
DEBUG:root:-0.6108652381980153
DEBUG:root:-0.6108652381980153
DEBUG:root:-0.6108652381980153
DEBUG:root:-0.6108652381980153
DEBUG:root:-0.6108652381980153
DEBUG:root:-0.6108652381980153
DEBUG:root:-0.6108652381980153
DEBUG:root:-0.6108652381980153
DEBUG:root:-0.6108652381980153
DEBUG:root:-0.6108652381980153
DEBUG:root:-0.6108652381980153
DEBUG:root:-0.6108652381980153
DEBUG:root:-0.6108652381980153
DEBUG:root:-0.6108652381980153
DEBUG:root:-0.6108652381980153
DEBUG:root:-0.6108652381980153
DEBUG:root:-0.6108652381980153
DEBUG:root:-0.6108652381980153
DEBUG:root:-0.6108652381980153
DEBUG:root:-0.6108652381980153
DEBUG:root:-0.6108652381980153
DEBUG:root:-0.6108652381980153
DEBUG:root:-0.6283185307179586
DEBUG:root:-0.6283185307179586
DEBUG:root:-0.6283185307179586
DEBUG:root:-0.6283185307179586
DEBUG:root:-0.6283185307179586
DEBUG:root:-0.6283185307179586
DEBUG:root:-0.6283185307179586
DEBUG:root:-0.6283185307179586
DEBUG:root:-0.6283185307179586
DEBUG:root:-0.6283185307179586
DEBUG:root:-0.6283185307179586
DEBUG:root:-0.6283185307179586
DEBUG:root:-0.6283185307179586
DEBUG:root:-0.6283185307179586
DEBUG:root:-0.6283185307179586
DEBUG:root:-0.6283185307179586
DEBUG:root:-0.6283185307179586
DEBUG:root:-0.6283185307179586
DEBUG:root:-0.6283185307179586
DEBUG:root:-0.6283185307179586
DEBUG:root:-0.6283185307179586
DEBUG:root:-0.6283185307179586
DEBUG:root:-0.6457718232379019
DEBUG:root:-0.6457718232379019
DEBUG:root:-0.6457718232379019
DEBUG:root:-0.6457718232379019
DEBUG:root:-0.6457718232379019
DEBUG:root:-0.6457718232379019
DEBUG:root:-0.6457718232379019
DEBUG:root:-0.6457718232379019
DEBUG:root:-0.6457718232379019
DEBUG:root:-0.6457718232379019
DEBUG:root:-0.6457718232379019
DEBUG:root:-0.6457718232379019
DEBUG:root:-0.6457718232379019
DEBUG:root:-0.6457718232379019
DEBUG:root:-0.6457718232379019
DEBUG:root:-0.6457718232379019
DEBUG:root:-0.6457718232379019
DEBUG:root:-0.6457718232379019
DEBUG:root:-0.6457718232379019
DEBUG:root:-0.6457718232379019
DEBUG:root:-0.6457718232379019
DEBUG:root:-0.6457718232379019
DEBUG:root:-0.6457718232379019
DEBUG:root:-0.6457718232379019
DEBUG:root:-0.6806784082777885
DEBUG:root:-0.6806784082777885
DEBUG:root:-0.6806784082777885
DEBUG:root:-0.6806784082777885
DEBUG:root:-0.6806784082777885
DEBUG:root:-0.6806784082777885
DEBUG:root:-0.6806784082777885
DEBUG:root:-0.6806784082777885
DEBUG:root:-0.6806784082777885
DEBUG:root:-0.6806784082777885
DEBUG:root:-0.6806784082777885
DEBUG:root:-0.6806784082777885
DEBUG:root:-0.6806784082777885
DEBUG:root:-0.6806784082777885
DEBUG:root:-0.6806784082777885
DEBUG:root:-0.6806784082777885
DEBUG:root:-0.6806784082777885
DEBUG:root:-0.6806784082777885
DEBUG:root:-0.6806784082777885
DEBUG:root:-0.6806784082777885
DEBUG:root:-0.6806784082777885
DEBUG:root:-0.6806784082777885
DEBUG:root:-0.6806784082777885
DEBUG:root:-0.6806784082777885
DEBUG:root:-0.6806784082777885
DEBUG:root:-0.6806784082777885
DEBUG:root:-0.6806784082777885
DEBUG:root:-0.6806784082777885
DEBUG:root:-0.6806784082777885
DEBUG:root:-0.6981317007977318
DEBUG:root:-0.6981317007977318
DEBUG:root:-0.6981317007977318
DEBUG:root:-0.6981317007977318
DEBUG:root:-0.6981317007977318
DEBUG:root:-0.6981317007977318
DEBUG:root:-0.6981317007977318
DEBUG:root:-0.6981317007977318
DEBUG:root:-0.6981317007977318
DEBUG:root:-0.6981317007977318
DEBUG:root:-0.6981317007977318
DEBUG:root:-0.6981317007977318
DEBUG:root:-0.6981317007977318
DEBUG:root:-0.6981317007977318
DEBUG:root:-0.6981317007977318
DEBUG:root:-0.6981317007977318
DEBUG:root:-0.6981317007977318
DEBUG:root:-0.6981317007977318
DEBUG:root:-0.6981317007977318
DEBUG:root:-0.6981317007977318
DEBUG:root:-0.6981317007977318
DEBUG:root:-0.6981317007977318
DEBUG:root:-0.6981317007977318
DEBUG:root:-0.6981317007977318
DEBUG:root:-0.6981317007977318
DEBUG:root:-0.6981317007977318
DEBUG:root:-0.6981317007977318
DEBUG:root:-0.6981317007977318
DEBUG:root:-0.7330382858376183
DEBUG:root:-0.7330382858376183
DEBUG:root:-0.7330382858376183
DEBUG:root:-0.7330382858376183
DEBUG:root:-0.7330382858376183
DEBUG:root:-0.7330382858376183
DEBUG:root:-0.7330382858376183
DEBUG:root:-0.7330382858376183
DEBUG:root:-0.7330382858376183
DEBUG:root:-0.7330382858376183
DEBUG:root:-0.7330382858376183
DEBUG:root:-0.7330382858376183
DEBUG:root:-0.7330382858376183
DEBUG:root:-0.7330382858376183
DEBUG:root:-0.7330382858376183
DEBUG:root:-0.7330382858376183
DEBUG:root:-0.7330382858376183
DEBUG:root:-0.7330382858376183
DEBUG:root:-0.7330382858376183
DEBUG:root:-0.7330382858376183
DEBUG:root:-0.7330382858376183
DEBUG:root:-0.7330382858376183
DEBUG:root:-0.7330382858376183
DEBUG:root:-0.7330382858376183
DEBUG:root:-0.7330382858376183
DEBUG:root:-0.7330382858376183
DEBUG:root:-0.7330382858376183
DEBUG:root:-0.7330382858376183
DEBUG:root:-0.7330382858376183
DEBUG:root:-0.7330382858376183
DEBUG:root:-0.7504915783575616
DEBUG:root:-0.7504915783575616
DEBUG:root:-0.7504915783575616
DEBUG:root:-0.7504915783575616
DEBUG:root:-0.7504915783575616
DEBUG:root:-0.7504915783575616
DEBUG:root:-0.7504915783575616
DEBUG:root:-0.7504915783575616
DEBUG:root:-0.7504915783575616
DEBUG:root:-0.7504915783575616
DEBUG:root:-0.7504915783575616
DEBUG:root:-0.7504915783575616
DEBUG:root:-0.7504915783575616
DEBUG:root:-0.7504915783575616
DEBUG:root:-0.7504915783575616
DEBUG:root:-0.7504915783575616
DEBUG:root:-0.7504915783575616
DEBUG:root:-0.7504915783575616
DEBUG:root:-0.7504915783575616
DEBUG:root:-0.7504915783575616
DEBUG:root:-0.7504915783575616
DEBUG:root:-0.7504915783575616
DEBUG:root:-0.7504915783575616
DEBUG:root:-0.7504915783575616
DEBUG:root:-0.7504915783575616
DEBUG:root:-0.7504915783575616
DEBUG:root:-0.7853981633974483
DEBUG:root:-0.7853981633974483
DEBUG:root:-0.7853981633974483
DEBUG:root:-0.7853981633974483
DEBUG:root:-0.7853981633974483
DEBUG:root:-0.7853981633974483
DEBUG:root:-0.7853981633974483
DEBUG:root:-0.7853981633974483
DEBUG:root:-0.7853981633974483
DEBUG:root:-0.7853981633974483
DEBUG:root:-0.7853981633974483
DEBUG:root:-0.7853981633974483
DEBUG:root:-0.7853981633974483
DEBUG:root:-0.7853981633974483
DEBUG:root:-0.7853981633974483
DEBUG:root:-0.7853981633974483
DEBUG:root:-0.7853981633974483
DEBUG:root:-0.7853981633974483
DEBUG:root:-0.7853981633974483
DEBUG:root:-0.7853981633974483
DEBUG:root:-0.8028514559173916
DEBUG:root:-0.8028514559173916
DEBUG:root:-0.8028514559173916
DEBUG:root:-0.8028514559173916
DEBUG:root:-0.8028514559173916
DEBUG:root:-0.8028514559173916
DEBUG:root:-0.8028514559173916
DEBUG:root:-0.8028514559173916
DEBUG:root:-0.8028514559173916
DEBUG:root:-0.8028514559173916
DEBUG:root:-0.8028514559173916
DEBUG:root:-0.8028514559173916
DEBUG:root:-0.8028514559173916
DEBUG:root:-0.8028514559173916
DEBUG:root:-0.8028514559173916
DEBUG:root:-0.8028514559173916
DEBUG:root:-0.8028514559173916
DEBUG:root:-0.8028514559173916
DEBUG:root:-0.8028514559173916
DEBUG:root:-0.8028514559173916
DEBUG:root:-0.8377580409572781
DEBUG:root:-0.8377580409572781
DEBUG:root:-0.8377580409572781
DEBUG:root:-0.8377580409572781
DEBUG:root:-0.8377580409572781
DEBUG:root:-0.8377580409572781
DEBUG:root:-0.8377580409572781
DEBUG:root:-0.8377580409572781
DEBUG:root:-0.8377580409572781
DEBUG:root:-0.8377580409572781
DEBUG:root:-0.8377580409572781
DEBUG:root:-0.8377580409572781
DEBUG:root:-0.8377580409572781
DEBUG:root:-0.8377580409572781
DEBUG:root:-0.8377580409572781
DEBUG:root:-0.8377580409572781
DEBUG:root:-0.8377580409572781
DEBUG:root:-0.8377580409572781
DEBUG:root:-0.8377580409572781
DEBUG:root:-0.8377580409572781
DEBUG:root:-0.8377580409572781
DEBUG:root:-0.8377580409572781
DEBUG:root:-0.8377580409572781
DEBUG:root:-0.8377580409572781
DEBUG:root:-0.8377580409572781
DEBUG:root:-0.8377580409572781
DEBUG:root:-0.8377580409572781
DEBUG:root:-0.8726646259971648
DEBUG:root:-0.8726646259971648
DEBUG:root:-0.8726646259971648
DEBUG:root:-0.8726646259971648
DEBUG:root:-0.8726646259971648
DEBUG:root:-0.8726646259971648
DEBUG:root:-0.8726646259971648
DEBUG:root:-0.8726646259971648
DEBUG:root:-0.8726646259971648
DEBUG:root:-0.8726646259971648
DEBUG:root:-0.8726646259971648
DEBUG:root:-0.8726646259971648
DEBUG:root:-0.8726646259971648
DEBUG:root:-0.8726646259971648
DEBUG:root:-0.8726646259971648
DEBUG:root:-0.8726646259971648
DEBUG:root:-0.8726646259971648
DEBUG:root:-0.8726646259971648
DEBUG:root:-0.8726646259971648
DEBUG:root:-0.8726646259971648
DEBUG:root:-0.8726646259971648
DEBUG:root:-0.8726646259971648
DEBUG:root:-0.8726646259971648
DEBUG:root:-0.9075712110370513
DEBUG:root:-0.9075712110370513
DEBUG:root:-0.9075712110370513
DEBUG:root:-0.9075712110370513
DEBUG:root:-0.9075712110370513
DEBUG:root:-0.9075712110370513
DEBUG:root:-0.9075712110370513
DEBUG:root:-0.9075712110370513
DEBUG:root:-0.9075712110370513
DEBUG:root:-0.9075712110370513
DEBUG:root:-0.9075712110370513
DEBUG:root:-0.9075712110370513
DEBUG:root:-0.9075712110370513
DEBUG:root:-0.9075712110370513
DEBUG:root:-0.9075712110370513
DEBUG:root:-0.9075712110370513
DEBUG:root:-0.9075712110370513
DEBUG:root:-0.9075712110370513
DEBUG:root:-0.9075712110370513
DEBUG:root:-0.9075712110370513
DEBUG:root:-0.9075712110370513
DEBUG:root:-0.9075712110370513
DEBUG:root:-0.9075712110370513
DEBUG:root:-0.9075712110370513
DEBUG:root:-0.9250245035569946
DEBUG:root:-0.9250245035569946
DEBUG:root:-0.9250245035569946
DEBUG:root:-0.9250245035569946
DEBUG:root:-0.9250245035569946
DEBUG:root:-0.9250245035569946
DEBUG:root:-0.9250245035569946
DEBUG:root:-0.9250245035569946
DEBUG:root:-0.9250245035569946
DEBUG:root:-0.9250245035569946
DEBUG:root:-0.9250245035569946
DEBUG:root:-0.9250245035569946
DEBUG:root:-0.9250245035569946
DEBUG:root:-0.9250245035569946
DEBUG:root:-0.9250245035569946
DEBUG:root:-0.9250245035569946
DEBUG:root:-0.9250245035569946
DEBUG:root:-0.9250245035569946
DEBUG:root:-0.9250245035569946
DEBUG:root:-0.9599310885968813
DEBUG:root:-0.9599310885968813
DEBUG:root:-0.9599310885968813
DEBUG:root:-0.9599310885968813
DEBUG:root:-0.9599310885968813
DEBUG:root:-0.9599310885968813
DEBUG:root:-0.9599310885968813
DEBUG:root:-0.9599310885968813
DEBUG:root:-0.9599310885968813
DEBUG:root:-0.9599310885968813
DEBUG:root:-0.9599310885968813
DEBUG:root:-0.9599310885968813
DEBUG:root:-0.9599310885968813
DEBUG:root:-0.9599310885968813
DEBUG:root:-0.9599310885968813
DEBUG:root:-0.9599310885968813
DEBUG:root:-0.9599310885968813
DEBUG:root:-0.9599310885968813
DEBUG:root:-0.9599310885968813
DEBUG:root:-0.9599310885968813
DEBUG:root:-0.9599310885968813
DEBUG:root:-0.9599310885968813
DEBUG:root:-0.9773843811168245
DEBUG:root:-0.9773843811168245
DEBUG:root:-0.9773843811168245
DEBUG:root:-0.9773843811168245
DEBUG:root:-0.9773843811168245
DEBUG:root:-0.9773843811168245
DEBUG:root:-0.9773843811168245
DEBUG:root:-0.9773843811168245
DEBUG:root:-0.9773843811168245
DEBUG:root:-0.9773843811168245
DEBUG:root:-0.9773843811168245
DEBUG:root:-0.9773843811168245
DEBUG:root:-0.9773843811168245
DEBUG:root:-0.9773843811168245
DEBUG:root:-0.9773843811168245
DEBUG:root:-0.9773843811168245
DEBUG:root:-0.9773843811168245
DEBUG:root:-0.9773843811168245
DEBUG:root:-0.9773843811168245
DEBUG:root:-0.9773843811168245
DEBUG:root:-0.9773843811168245
DEBUG:root:-1.0122909661567112
DEBUG:root:-1.0122909661567112
DEBUG:root:-1.0122909661567112
DEBUG:root:-1.0122909661567112
DEBUG:root:-1.0122909661567112
DEBUG:root:-1.0122909661567112
DEBUG:root:-1.0122909661567112
DEBUG:root:-1.0122909661567112
DEBUG:root:-1.0122909661567112
DEBUG:root:-1.0122909661567112
DEBUG:root:-1.0122909661567112
DEBUG:root:-1.0122909661567112
DEBUG:root:-1.0122909661567112
DEBUG:root:-1.0122909661567112
DEBUG:root:-1.0122909661567112
DEBUG:root:-1.0122909661567112
DEBUG:root:-1.0122909661567112
DEBUG:root:-1.0122909661567112
DEBUG:root:-1.0122909661567112
DEBUG:root:-1.0122909661567112
DEBUG:root:-1.0122909661567112
DEBUG:root:-1.0122909661567112
DEBUG:root:-1.0122909661567112
DEBUG:root:-1.0122909661567112
DEBUG:root:-1.0122909661567112
DEBUG:root:-1.0122909661567112
DEBUG:root:-1.0122909661567112
DEBUG:root:-1.0122909661567112
DEBUG:root:-1.0122909661567112
DEBUG:root:-1.0122909661567112
DEBUG:root:-1.0297442586766543
DEBUG:root:-1.0297442586766543
DEBUG:root:-1.0297442586766543
DEBUG:root:-1.0297442586766543
DEBUG:root:-1.0297442586766543
DEBUG:root:-1.0297442586766543
DEBUG:root:-1.0297442586766543
DEBUG:root:-1.0297442586766543
DEBUG:root:-1.0297442586766543
DEBUG:root:-1.0297442586766543
DEBUG:root:-1.0297442586766543
DEBUG:root:-1.0297442586766543
DEBUG:root:-1.0297442586766543
DEBUG:root:-1.0297442586766543
DEBUG:root:-1.0297442586766543
DEBUG:root:-1.0297442586766543
DEBUG:root:-1.0297442586766543
DEBUG:root:-1.0297442586766543
DEBUG:root:-1.0297442586766543
DEBUG:root:-1.0297442586766543
DEBUG:root:-1.0297442586766543
DEBUG:root:-1.0297442586766543
DEBUG:root:-1.0297442586766543
DEBUG:root:-1.0297442586766543
DEBUG:root:-1.0297442586766543
DEBUG:root:-1.0297442586766543
DEBUG:root:-1.0297442586766543
DEBUG:root:-1.0297442586766543
DEBUG:root:-1.0297442586766543
DEBUG:root:-1.0297442586766543
DEBUG:root:-1.0297442586766543
DEBUG:root:-1.0297442586766543
DEBUG:root:-1.064650843716541
DEBUG:root:-1.064650843716541
DEBUG:root:-1.064650843716541
DEBUG:root:-1.064650843716541
DEBUG:root:-1.064650843716541
DEBUG:root:-1.064650843716541
DEBUG:root:-1.064650843716541
DEBUG:root:-1.064650843716541
DEBUG:root:-1.064650843716541
DEBUG:root:-1.064650843716541
DEBUG:root:-1.064650843716541
DEBUG:root:-1.064650843716541
DEBUG:root:-1.064650843716541
DEBUG:root:-1.064650843716541
DEBUG:root:-1.064650843716541
DEBUG:root:-1.064650843716541
DEBUG:root:-1.064650843716541
DEBUG:root:-1.064650843716541
DEBUG:root:-1.064650843716541
DEBUG:root:-1.064650843716541
DEBUG:root:-1.064650843716541
DEBUG:root:-1.064650843716541
DEBUG:root:-1.064650843716541
DEBUG:root:-1.064650843716541
DEBUG:root:-1.064650843716541
DEBUG:root:-1.064650843716541
DEBUG:root:-1.064650843716541
DEBUG:root:-1.064650843716541
DEBUG:root:-1.064650843716541
DEBUG:root:-1.064650843716541
DEBUG:root:-1.064650843716541
DEBUG:root:-1.064650843716541
DEBUG:root:-1.0995574287564276
DEBUG:root:-1.0995574287564276
DEBUG:root:-1.0995574287564276
DEBUG:root:-1.0995574287564276
DEBUG:root:-1.0995574287564276
DEBUG:root:-1.0995574287564276
DEBUG:root:-1.0995574287564276
DEBUG:root:-1.0995574287564276
DEBUG:root:-1.0995574287564276
DEBUG:root:-1.0995574287564276
DEBUG:root:-1.0995574287564276
DEBUG:root:-1.0995574287564276
DEBUG:root:-1.0995574287564276
DEBUG:root:-1.0995574287564276
DEBUG:root:-1.0995574287564276
DEBUG:root:-1.0995574287564276
DEBUG:root:-1.0995574287564276
DEBUG:root:-1.0995574287564276
DEBUG:root:-1.0995574287564276
DEBUG:root:-1.0995574287564276
DEBUG:root:-1.0995574287564276
DEBUG:root:-1.0995574287564276
DEBUG:root:-1.0995574287564276
DEBUG:root:-1.0995574287564276
DEBUG:root:-1.0995574287564276
DEBUG:root:-1.0995574287564276
DEBUG:root:-1.0995574287564276
DEBUG:root:-1.0995574287564276
DEBUG:root:-1.0995574287564276
DEBUG:root:-1.0995574287564276
DEBUG:root:-1.0995574287564276
DEBUG:root:-1.0995574287564276
DEBUG:root:-1.0995574287564276
DEBUG:root:-1.0995574287564276
DEBUG:root:-1.117010721276371
DEBUG:root:-1.117010721276371
DEBUG:root:-1.117010721276371
DEBUG:root:-1.117010721276371
DEBUG:root:-1.117010721276371
DEBUG:root:-1.117010721276371
DEBUG:root:-1.117010721276371
DEBUG:root:-1.117010721276371
DEBUG:root:-1.117010721276371
DEBUG:root:-1.117010721276371
DEBUG:root:-1.117010721276371
DEBUG:root:-1.117010721276371
DEBUG:root:-1.117010721276371
DEBUG:root:-1.117010721276371
DEBUG:root:-1.117010721276371
DEBUG:root:-1.117010721276371
DEBUG:root:-1.117010721276371
DEBUG:root:-1.117010721276371
DEBUG:root:-1.117010721276371
DEBUG:root:-1.117010721276371
DEBUG:root:-1.117010721276371
DEBUG:root:-1.117010721276371
DEBUG:root:-1.117010721276371
DEBUG:root:-1.117010721276371
DEBUG:root:-1.117010721276371
DEBUG:root:-1.117010721276371
DEBUG:root:-1.117010721276371
DEBUG:root:-1.117010721276371
DEBUG:root:-1.117010721276371
DEBUG:root:-1.117010721276371
DEBUG:root:-1.117010721276371
DEBUG:root:-1.117010721276371
DEBUG:root:-1.117010721276371
DEBUG:root:-1.117010721276371
DEBUG:root:-1.117010721276371
DEBUG:root:-1.117010721276371
DEBUG:root:-1.117010721276371
DEBUG:root:-1.117010721276371
DEBUG:root:-1.1519173063162573
DEBUG:root:-1.1519173063162573
DEBUG:root:-1.1519173063162573
DEBUG:root:-1.1519173063162573
DEBUG:root:-1.1519173063162573
DEBUG:root:-1.1519173063162573
DEBUG:root:-1.1519173063162573
DEBUG:root:-1.1519173063162573
DEBUG:root:-1.1519173063162573
DEBUG:root:-1.1519173063162573
DEBUG:root:-1.1519173063162573
DEBUG:root:-1.1519173063162573
DEBUG:root:-1.1519173063162573
DEBUG:root:-1.1519173063162573
DEBUG:root:-1.1519173063162573
DEBUG:root:-1.1519173063162573
DEBUG:root:-1.1519173063162573
DEBUG:root:-1.1519173063162573
DEBUG:root:-1.1519173063162573
DEBUG:root:-1.1519173063162573
DEBUG:root:-1.1519173063162573
DEBUG:root:-1.1519173063162573
DEBUG:root:-1.1519173063162573
DEBUG:root:-1.1519173063162573
DEBUG:root:-1.1519173063162573
DEBUG:root:-1.1519173063162573
DEBUG:root:-1.1519173063162573
DEBUG:root:-1.1519173063162573
DEBUG:root:-1.1519173063162573
DEBUG:root:-1.1519173063162573
DEBUG:root:-1.1519173063162573
DEBUG:root:-1.1519173063162573
DEBUG:root:-1.1519173063162573
DEBUG:root:-1.1519173063162573
DEBUG:root:-1.186823891356144
DEBUG:root:-1.186823891356144
DEBUG:root:-1.186823891356144
DEBUG:root:-1.186823891356144
DEBUG:root:-1.186823891356144
DEBUG:root:-1.186823891356144
DEBUG:root:-1.186823891356144
DEBUG:root:-1.186823891356144
DEBUG:root:-1.186823891356144
DEBUG:root:-1.186823891356144
DEBUG:root:-1.186823891356144
DEBUG:root:-1.186823891356144
DEBUG:root:-1.186823891356144
DEBUG:root:-1.186823891356144
DEBUG:root:-1.186823891356144
DEBUG:root:-1.186823891356144
DEBUG:root:-1.186823891356144
DEBUG:root:-1.186823891356144
DEBUG:root:-1.186823891356144
DEBUG:root:-1.186823891356144
DEBUG:root:-1.186823891356144
DEBUG:root:-1.186823891356144
DEBUG:root:-1.186823891356144
DEBUG:root:-1.186823891356144
DEBUG:root:-1.186823891356144
DEBUG:root:-1.186823891356144
DEBUG:root:-1.2042771838760873
DEBUG:root:-1.2042771838760873
DEBUG:root:-1.2042771838760873
DEBUG:root:-1.2042771838760873
DEBUG:root:-1.2042771838760873
DEBUG:root:-1.2042771838760873
DEBUG:root:-1.2042771838760873
DEBUG:root:-1.2042771838760873
DEBUG:root:-1.2042771838760873
DEBUG:root:-1.2042771838760873
DEBUG:root:-1.2042771838760873
DEBUG:root:-1.2042771838760873
DEBUG:root:-1.2042771838760873
DEBUG:root:-1.2042771838760873
DEBUG:root:-1.2042771838760873
DEBUG:root:-1.2042771838760873
DEBUG:root:-1.2042771838760873
DEBUG:root:-1.2042771838760873
DEBUG:root:-1.2042771838760873
DEBUG:root:-1.2042771838760873
DEBUG:root:-1.2042771838760873
DEBUG:root:-1.2042771838760873
DEBUG:root:-1.2042771838760873
DEBUG:root:-1.2042771838760873
DEBUG:root:-1.2042771838760873
DEBUG:root:-1.2042771838760873
DEBUG:root:-1.2042771838760873
DEBUG:root:-1.239183768915974
DEBUG:root:-1.239183768915974
DEBUG:root:-1.239183768915974
DEBUG:root:-1.239183768915974
DEBUG:root:-1.239183768915974
DEBUG:root:-1.239183768915974
DEBUG:root:-1.239183768915974
DEBUG:root:-1.239183768915974
DEBUG:root:-1.239183768915974
DEBUG:root:-1.239183768915974
DEBUG:root:-1.239183768915974
DEBUG:root:-1.239183768915974
DEBUG:root:-1.239183768915974
DEBUG:root:-1.239183768915974
DEBUG:root:-1.239183768915974
DEBUG:root:-1.239183768915974
DEBUG:root:-1.239183768915974
DEBUG:root:-1.239183768915974
DEBUG:root:-1.239183768915974
DEBUG:root:-1.239183768915974
DEBUG:root:-1.239183768915974
DEBUG:root:-1.239183768915974
DEBUG:root:-1.239183768915974
DEBUG:root:-1.239183768915974
DEBUG:root:-1.239183768915974
DEBUG:root:-1.239183768915974
DEBUG:root:-1.239183768915974
DEBUG:root:-1.239183768915974
DEBUG:root:-1.2566370614359172
DEBUG:root:-1.2566370614359172
DEBUG:root:-1.2566370614359172
DEBUG:root:-1.2566370614359172
DEBUG:root:-1.2566370614359172
DEBUG:root:-1.2566370614359172
DEBUG:root:-1.2566370614359172
DEBUG:root:-1.2566370614359172
DEBUG:root:-1.2566370614359172
DEBUG:root:-1.2566370614359172
DEBUG:root:-1.2566370614359172
DEBUG:root:-1.2566370614359172
DEBUG:root:-1.2566370614359172
DEBUG:root:-1.2566370614359172
DEBUG:root:-1.2566370614359172
DEBUG:root:-1.2566370614359172
DEBUG:root:-1.2566370614359172
DEBUG:root:-1.2566370614359172
DEBUG:root:-1.2566370614359172
DEBUG:root:-1.2566370614359172
DEBUG:root:-1.2566370614359172
DEBUG:root:-1.2566370614359172
DEBUG:root:-1.2566370614359172
DEBUG:root:-1.2566370614359172
DEBUG:root:-1.2566370614359172
DEBUG:root:-1.2566370614359172
DEBUG:root:-1.2915436464758039
DEBUG:root:-1.2915436464758039
DEBUG:root:-1.2915436464758039
DEBUG:root:-1.2915436464758039
DEBUG:root:-1.2915436464758039
DEBUG:root:-1.2915436464758039
DEBUG:root:-1.2915436464758039
DEBUG:root:-1.2915436464758039
DEBUG:root:-1.2915436464758039
DEBUG:root:-1.2915436464758039
DEBUG:root:-1.2915436464758039
DEBUG:root:-1.2915436464758039
DEBUG:root:-1.2915436464758039
DEBUG:root:-1.2915436464758039
DEBUG:root:-1.2915436464758039
DEBUG:root:-1.2915436464758039
DEBUG:root:-1.2915436464758039
DEBUG:root:-1.2915436464758039
DEBUG:root:-1.2915436464758039
DEBUG:root:-1.2915436464758039
DEBUG:root:-1.2915436464758039
DEBUG:root:-1.2915436464758039
DEBUG:root:-1.2915436464758039
DEBUG:root:-1.2915436464758039
DEBUG:root:-1.2915436464758039
DEBUG:root:-1.2915436464758039
DEBUG:root:-1.2915436464758039
DEBUG:root:-1.2915436464758039
DEBUG:root:-1.2915436464758039
DEBUG:root:-1.2915436464758039
DEBUG:root:-1.2915436464758039
DEBUG:root:-1.3264502315156905
DEBUG:root:-1.3264502315156905
DEBUG:root:-1.3264502315156905
DEBUG:root:-1.3264502315156905
DEBUG:root:-1.3264502315156905
DEBUG:root:-1.3264502315156905
DEBUG:root:-1.3264502315156905
DEBUG:root:-1.3264502315156905
DEBUG:root:-1.3264502315156905
DEBUG:root:-1.3264502315156905
DEBUG:root:-1.3264502315156905
DEBUG:root:-1.3264502315156905
DEBUG:root:-1.3264502315156905
DEBUG:root:-1.3264502315156905
DEBUG:root:-1.3264502315156905
DEBUG:root:-1.3264502315156905
DEBUG:root:-1.3264502315156905
DEBUG:root:-1.3264502315156905
DEBUG:root:-1.3264502315156905
DEBUG:root:-1.3264502315156905
DEBUG:root:-1.3264502315156905
DEBUG:root:-1.3264502315156905
DEBUG:root:-1.3264502315156905
DEBUG:root:-1.3264502315156905
DEBUG:root:-1.3264502315156905
DEBUG:root:-1.3264502315156905
DEBUG:root:-1.3264502315156905
DEBUG:root:-1.3264502315156905
DEBUG:root:-1.3264502315156905
DEBUG:root:-1.3439035240356336
DEBUG:root:-1.3439035240356336
DEBUG:root:-1.3439035240356336
DEBUG:root:-1.3439035240356336
DEBUG:root:-1.3439035240356336
DEBUG:root:-1.3439035240356336
DEBUG:root:-1.3439035240356336
DEBUG:root:-1.3439035240356336
DEBUG:root:-1.3439035240356336
DEBUG:root:-1.3439035240356336
DEBUG:root:-1.3439035240356336
DEBUG:root:-1.3439035240356336
DEBUG:root:-1.3439035240356336
DEBUG:root:-1.3439035240356336
DEBUG:root:-1.3439035240356336
DEBUG:root:-1.3439035240356336
DEBUG:root:-1.3439035240356336
DEBUG:root:-1.3439035240356336
DEBUG:root:-1.3439035240356336
DEBUG:root:-1.3439035240356336
DEBUG:root:-1.3439035240356336
DEBUG:root:-1.3439035240356336
DEBUG:root:-1.3439035240356336
DEBUG:root:-1.3439035240356336
DEBUG:root:-1.3439035240356336
DEBUG:root:-1.3439035240356336
DEBUG:root:-1.3439035240356336
DEBUG:root:-1.3439035240356336
DEBUG:root:-1.3439035240356336
DEBUG:root:-1.3439035240356336
DEBUG:root:-1.3439035240356336
DEBUG:root:-1.3788101090755203
DEBUG:root:-1.3788101090755203
DEBUG:root:-1.3788101090755203
DEBUG:root:-1.3788101090755203
DEBUG:root:-1.3788101090755203
DEBUG:root:-1.3788101090755203
DEBUG:root:-1.3788101090755203
DEBUG:root:-1.3788101090755203
DEBUG:root:-1.3788101090755203
DEBUG:root:-1.3788101090755203
DEBUG:root:-1.3788101090755203
DEBUG:root:-1.3788101090755203
DEBUG:root:-1.3788101090755203
DEBUG:root:-1.3788101090755203
DEBUG:root:-1.3788101090755203
DEBUG:root:-1.3788101090755203
DEBUG:root:-1.3788101090755203
DEBUG:root:-1.3788101090755203
DEBUG:root:-1.3788101090755203
DEBUG:root:-1.3788101090755203
DEBUG:root:-1.3788101090755203
DEBUG:root:-1.3788101090755203
DEBUG:root:-1.3788101090755203
DEBUG:root:-1.3788101090755203
DEBUG:root:-1.3788101090755203
DEBUG:root:-1.3788101090755203
DEBUG:root:-1.3788101090755203
DEBUG:root:-1.3788101090755203
DEBUG:root:-1.3788101090755203
DEBUG:root:-1.3788101090755203
DEBUG:root:-1.3962634015954636
DEBUG:root:-1.3962634015954636
DEBUG:root:-1.3962634015954636
DEBUG:root:-1.3962634015954636
DEBUG:root:-1.3962634015954636
DEBUG:root:-1.3962634015954636
DEBUG:root:-1.3962634015954636
DEBUG:root:-1.3962634015954636
DEBUG:root:-1.3962634015954636
DEBUG:root:-1.3962634015954636
DEBUG:root:-1.3962634015954636
DEBUG:root:-1.3962634015954636
DEBUG:root:-1.3962634015954636
DEBUG:root:-1.3962634015954636
DEBUG:root:-1.3962634015954636
DEBUG:root:-1.3962634015954636
DEBUG:root:-1.3962634015954636
DEBUG:root:-1.3962634015954636
DEBUG:root:-1.3962634015954636
DEBUG:root:-1.3962634015954636
DEBUG:root:-1.3962634015954636
DEBUG:root:-1.3962634015954636
DEBUG:root:-1.3962634015954636
DEBUG:root:-1.3962634015954636
DEBUG:root:-1.3962634015954636
DEBUG:root:-1.3962634015954636
DEBUG:root:-1.3962634015954636
DEBUG:root:-1.3962634015954636
DEBUG:root:-1.3962634015954636
DEBUG:root:-1.3962634015954636
DEBUG:root:-1.3962634015954636
DEBUG:root:-1.3962634015954636
DEBUG:root:-1.4311699866353502
DEBUG:root:-1.4311699866353502
DEBUG:root:-1.4311699866353502
DEBUG:root:-1.4311699866353502
DEBUG:root:-1.4311699866353502
DEBUG:root:-1.4311699866353502
DEBUG:root:-1.4311699866353502
DEBUG:root:-1.4311699866353502
DEBUG:root:-1.4311699866353502
DEBUG:root:-1.4311699866353502
DEBUG:root:-1.4311699866353502
DEBUG:root:-1.4311699866353502
DEBUG:root:-1.4311699866353502
DEBUG:root:-1.4311699866353502
DEBUG:root:-1.4311699866353502
DEBUG:root:-1.4311699866353502
DEBUG:root:-1.4311699866353502
DEBUG:root:-1.4311699866353502
DEBUG:root:-1.4311699866353502
DEBUG:root:-1.4311699866353502
DEBUG:root:-1.4311699866353502
DEBUG:root:-1.4311699866353502
DEBUG:root:-1.4311699866353502
DEBUG:root:-1.4311699866353502
DEBUG:root:-1.4311699866353502
DEBUG:root:-1.4311699866353502
DEBUG:root:-1.4311699866353502
DEBUG:root:-1.4311699866353502
DEBUG:root:-1.4486232791552935
DEBUG:root:-1.4486232791552935
DEBUG:root:-1.4486232791552935
DEBUG:root:-1.4486232791552935
DEBUG:root:-1.4486232791552935
DEBUG:root:-1.4486232791552935
DEBUG:root:-1.4486232791552935
DEBUG:root:-1.4486232791552935
DEBUG:root:-1.4486232791552935
DEBUG:root:-1.4486232791552935
DEBUG:root:-1.4486232791552935
DEBUG:root:-1.4486232791552935
DEBUG:root:-1.4486232791552935
DEBUG:root:-1.4486232791552935
DEBUG:root:-1.4486232791552935
DEBUG:root:-1.4486232791552935
DEBUG:root:-1.4486232791552935
DEBUG:root:-1.4486232791552935
DEBUG:root:-1.4486232791552935
DEBUG:root:-1.4486232791552935
DEBUG:root:-1.4486232791552935
DEBUG:root:-1.4486232791552935
DEBUG:root:-1.4486232791552935
DEBUG:root:-1.4486232791552935
DEBUG:root:-1.4486232791552935
DEBUG:root:-1.4486232791552935
DEBUG:root:-1.4486232791552935
DEBUG:root:-1.4486232791552935
DEBUG:root:-1.4486232791552935
DEBUG:root:-1.4486232791552935
DEBUG:root:-1.4486232791552935
DEBUG:root:-1.4486232791552935
DEBUG:root:-1.4486232791552935
DEBUG:root:-1.4835298641951802
DEBUG:root:-1.4835298641951802
DEBUG:root:-1.4835298641951802
DEBUG:root:-1.4835298641951802
DEBUG:root:-1.4835298641951802
DEBUG:root:-1.4835298641951802
DEBUG:root:-1.4835298641951802
DEBUG:root:-1.4835298641951802
DEBUG:root:-1.4835298641951802
DEBUG:root:-1.4835298641951802
DEBUG:root:-1.4835298641951802
DEBUG:root:-1.4835298641951802
DEBUG:root:-1.4835298641951802
DEBUG:root:-1.4835298641951802
DEBUG:root:-1.4835298641951802
DEBUG:root:-1.4835298641951802
DEBUG:root:-1.4835298641951802
DEBUG:root:-1.4835298641951802
DEBUG:root:-1.4835298641951802
DEBUG:root:-1.4835298641951802
DEBUG:root:-1.4835298641951802
DEBUG:root:-1.4835298641951802
DEBUG:root:-1.4835298641951802
DEBUG:root:-1.4835298641951802
DEBUG:root:-1.4835298641951802
DEBUG:root:-1.4835298641951802
DEBUG:root:-1.4835298641951802
DEBUG:root:-1.4835298641951802
DEBUG:root:-1.4835298641951802
DEBUG:root:-1.4835298641951802
DEBUG:root:-1.4835298641951802
DEBUG:root:-1.5009831567151233
DEBUG:root:-1.5009831567151233
DEBUG:root:-1.5009831567151233
DEBUG:root:-1.5009831567151233
DEBUG:root:-1.5009831567151233
DEBUG:root:-1.5009831567151233
DEBUG:root:-1.5009831567151233
DEBUG:root:-1.5009831567151233
DEBUG:root:-1.5009831567151233
DEBUG:root:-1.5009831567151233
DEBUG:root:-1.5009831567151233
DEBUG:root:-1.5009831567151233
DEBUG:root:-1.5009831567151233
DEBUG:root:-1.5009831567151233
DEBUG:root:-1.5009831567151233
DEBUG:root:-1.5009831567151233
DEBUG:root:-1.5009831567151233
DEBUG:root:-1.5009831567151233
DEBUG:root:-1.5009831567151233
DEBUG:root:-1.5009831567151233
DEBUG:root:-1.5009831567151233
DEBUG:root:-1.5009831567151233
DEBUG:root:-1.5009831567151233
DEBUG:root:-1.5009831567151233
DEBUG:root:-1.5009831567151233
DEBUG:root:-1.5009831567151233
DEBUG:root:-1.5009831567151233
DEBUG:root:-1.5009831567151233
DEBUG:root:-1.5009831567151233
DEBUG:root:-1.5009831567151233
DEBUG:root:-1.5009831567151233
DEBUG:root:-1.5009831567151233
DEBUG:root:-1.5009831567151233
INFO:root:HALF_EIGHT_SHORT: done!
DEBUG:root:GENERATE_GRID: goal_k is: [7. 7.]
 goals: [array([7., 7.]), array([ 7., 13.])]
DEBUG:root:GENERATE_GRID: grid is:
[[-1. -1. -1. 15. -1. -1. -1.  7. -1. -1. -1. -1. -1. 13. -1.]
 [-1. 16. 15. 14. 13. 12. -1.  6.  7.  8.  9. 10. 11. 12. -1.]
 [-1. 15. 16. -1. 12. 11. -1.  5.  6.  7.  8.  9. 10. 11. -1.]
 [-1. 14. -1. -1. -1. 10. -1.  4.  5.  6.  7.  8.  9. 10. -1.]
 [-1. 13. 12. -1. 10.  9. -1.  3.  4.  5.  6.  7.  8.  9. -1.]
 [-1. 12. 11. 10.  9.  8. -1.  2.  3.  4.  5.  6.  7.  8. -1.]
 [-1. 11. 12. -1.  8.  7. -1.  1.  2.  3.  4.  5.  6.  7. -1.]
 [-1. 10. -1. -1. -1.  6. -1.  0.  1.  2.  3.  4.  5.  6. -1.]
 [-1.  9.  8. -1.  6.  5. -1.  1. -1. -1. -1. -1. -1.  7. -1.]
 [-1.  8.  7.  6.  5.  4.  3.  2.  3.  4.  5.  6.  7.  8. -1.]
 [-1.  9.  8.  7.  6.  5.  4.  3.  4.  5.  6.  7.  8.  9. -1.]
 [-1. 10.  9.  8.  7.  6.  5.  4.  5.  6.  7.  8.  9. 10. -1.]
 [-1. 11. 10.  9.  8.  7.  6.  5.  6.  7.  8.  9. 10. 11. -1.]
 [-1. 12. 11. 10.  9.  8.  7.  6.  7.  8.  9. 10. 11. 12. -1.]
 [-1. -1. -1. -1. -1. -1. -1. -1. -1. -1. -1. -1. -1. -1. -1.]]
DEBUG:root:GENERATE_GRID: goal_k is: [ 7. 13.]
 goals: [array([7., 7.]), array([ 7., 13.])]
DEBUG:root:GENERATE_GRID: grid is:
[[-1. -1. -1. 21. -1. -1. -1. 13. -1. -1. -1. -1. -1.  7. -1.]
 [-1. 22. 21. 20. 19. 18. -1. 12. 11. 10.  9.  8.  7.  6. -1.]
 [-1. 21. 22. -1. 18. 17. -1. 11. 10.  9.  8.  7.  6.  5. -1.]
 [-1. 20. -1. -1. -1. 16. -1. 10.  9.  8.  7.  6.  5.  4. -1.]
 [-1. 19. 18. -1. 16. 15. -1.  9.  8.  7.  6.  5.  4.  3. -1.]
 [-1. 18. 17. 16. 15. 14. -1.  8.  7.  6.  5.  4.  3.  2. -1.]
 [-1. 17. 18. -1. 14. 13. -1.  7.  6.  5.  4.  3.  2.  1. -1.]
 [-1. 16. -1. -1. -1. 12. -1.  6.  5.  4.  3.  2.  1.  0. -1.]
 [-1. 15. 14. -1. 12. 11. -1.  7. -1. -1. -1. -1. -1.  1. -1.]
 [-1. 14. 13. 12. 11. 10.  9.  8.  7.  6.  5.  4.  3.  2. -1.]
 [-1. 15. 14. 13. 12. 11. 10.  9.  8.  7.  6.  5.  4.  3. -1.]
 [-1. 16. 15. 14. 13. 12. 11. 10.  9.  8.  7.  6.  5.  4. -1.]
 [-1. 17. 16. 15. 14. 13. 12. 11. 10.  9.  8.  7.  6.  5. -1.]
 [-1. 18. 17. 16. 15. 14. 13. 12. 11. 10.  9.  8.  7.  6. -1.]
 [-1. -1. -1. -1. -1. -1. -1. -1. -1. -1. -1. -1. -1. -1. -1.]]
DEBUG:root:GENERATE_GRID: voy a mezclar 2 grids
DEBUG:root:MIX_GRIDS: im in
DEBUG:root:MIX_GRIDS: comprobando grid 2
DEBUG:root:GENERATE_GRID: final grid value:
 [[-1. -1. -1. 15. -1. -1. -1.  7. -1. -1. -1. -1. -1.  7. -1.]
 [-1. 16. 15. 14. 13. 12. -1.  6.  7.  8.  9.  8.  7.  6. -1.]
 [-1. 15. 16. -1. 12. 11. -1.  5.  6.  7.  8.  7.  6.  5. -1.]
 [-1. 14. -1. -1. -1. 10. -1.  4.  5.  6.  7.  6.  5.  4. -1.]
 [-1. 13. 12. -1. 10.  9. -1.  3.  4.  5.  6.  5.  4.  3. -1.]
 [-1. 12. 11. 10.  9.  8. -1.  2.  3.  4.  5.  4.  3.  2. -1.]
 [-1. 11. 12. -1.  8.  7. -1.  1.  2.  3.  4.  3.  2.  1. -1.]
 [-1. 10. -1. -1. -1.  6. -1.  0.  1.  2.  3.  2.  1.  0. -1.]
 [-1.  9.  8. -1.  6.  5. -1.  1. -1. -1. -1. -1. -1.  1. -1.]
 [-1.  8.  7.  6.  5.  4.  3.  2.  3.  4.  5.  4.  3.  2. -1.]
 [-1.  9.  8.  7.  6.  5.  4.  3.  4.  5.  6.  5.  4.  3. -1.]
 [-1. 10.  9.  8.  7.  6.  5.  4.  5.  6.  7.  6.  5.  4. -1.]
 [-1. 11. 10.  9.  8.  7.  6.  5.  6.  7.  8.  7.  6.  5. -1.]
 [-1. 12. 11. 10.  9.  8.  7.  6.  7.  8.  9.  8.  7.  6. -1.]
 [-1. -1. -1. -1. -1. -1. -1. -1. -1. -1. -1. -1. -1. -1. -1.]]
DEBUG:root:
###################### NAVIGATE_MAP ######################
 my turbogoal is: [array([7., 7.]), array([ 7., 13.])](array)
DEBUG:root:Y 
 
o  X
DEBUG:root:+---+----+---+----+---+----+---+---+---+---+---+---+---+---+---+
|  |   |  |     |  |   |  |    |  |  |  |  |  |    |  |
+---+----+---+----+---+----+---+---+---+---+---+---+---+---+---+
|  | 16 |    | 14 |    | 12 |  | 6 |    | 8 |    | 8 |    | 6 |  |
+---+----+---+----+---+----+---+---+---+---+---+---+---+---+---+
|  |     |    |   |    |     |  |    |    |    |    |    |    |    |  |
+---+----+---+----+---+----+---+---+---+---+---+---+---+---+---+
|  | 14 |  |   |  | 10 |  | 4 |    | 6 |    | 6 |    | 4 |  |
+---+----+---+----+---+----+---+---+---+---+---+---+---+---+---+
|  |     |    |   |    |     |  |    |    |    |    |    |    |    |  |
+---+----+---+----+---+----+---+---+---+---+---+---+---+---+---+
|  | 12 |    | 10 |    | 8  |  | 2 |    | 4 |    | 4 |    | 2 |  |
+---+----+---+----+---+----+---+---+---+---+---+---+---+---+---+
|  |     |    |   |    |     |  |    |    |    |    |    |    |    |  |
+---+----+---+----+---+----+---+---+---+---+---+---+---+---+---+
|  | 10 |  |   |  |   |  | 0 |    | 2 |    | 2 |    | 0 |  |
+---+----+---+----+---+----+---+---+---+---+---+---+---+---+---+
|  |     |    |   |    |     |  |    |  |  |  |  |  |    |  |
+---+----+---+----+---+----+---+---+---+---+---+---+---+---+---+
|  | 8  |    | 6  |    | 4  |    | 2 |    | 4 |    | 4 |    | 2 |  |
+---+----+---+----+---+----+---+---+---+---+---+---+---+---+---+
|  |     |    |     |    |     |    |    |    |    |    |    |    |    |  |
+---+----+---+----+---+----+---+---+---+---+---+---+---+---+---+
|  | 10 |    | 8  |    | 6  |    | 4 |    | 6 |    | 6 |    | 4 |  |
+---+----+---+----+---+----+---+---+---+---+---+---+---+---+---+
|  |     |    |     |    |     |    |    |    |    |    |    |    |    |  |
+---+----+---+----+---+----+---+---+---+---+---+---+---+---+---+
|  | 12 |    | 10 |    | 8  |    | 6 |    | 8 |    | 8 |    | 6 |  |
+---+----+---+----+---+----+---+---+---+---+---+---+---+---+---+
|  |   |  |   |  |   |  |  |  |  |  |  |  |  |  |
+---+----+---+----+---+----+---+---+---+---+---+---+---+---+---+
DEBUG:root:GO_TO_CELL: relative move: 0
DEBUG:root:GO_TO_CELL: voy recto
DEBUG:root:
----------------------------------------------------------------------------

DEBUG:root:Y 
 
o  X
DEBUG:root:+---+----+---+----+---+----+---+---+---+---+---+---+---+---+---+
|  |   |  |     |  |   |  |    |  |  |  |  |  |    |  |
+---+----+---+----+---+----+---+---+---+---+---+---+---+---+---+
|  | 16 |    | 14 |    | 12 |  | 6 |    | 8 |    | 8 |    | 6 |  |
+---+----+---+----+---+----+---+---+---+---+---+---+---+---+---+
|  |     |    |   |    |     |  |    |    |    |    |    |    |    |  |
+---+----+---+----+---+----+---+---+---+---+---+---+---+---+---+
|  | 14 |  |   |  | 10 |  | 4 |    | 6 |    | 6 |    | 4 |  |
+---+----+---+----+---+----+---+---+---+---+---+---+---+---+---+
|  |     |    |   |    |     |  |    |    |    |    |    |    |    |  |
+---+----+---+----+---+----+---+---+---+---+---+---+---+---+---+
|  | 12 |    | 10 |    | 8  |  | 2 |    | 4 |    | 4 |    | 2 |  |
+---+----+---+----+---+----+---+---+---+---+---+---+---+---+---+
|  |     |    |   |    |     |  |    |    |    |    |    |    |    |  |
+---+----+---+----+---+----+---+---+---+---+---+---+---+---+---+
|  | 10 |  |   |  | 6  |  | 0 |    | 2 |    | 2 |    | 0 |  |
+---+----+---+----+---+----+---+---+---+---+---+---+---+---+---+
|  |     |    |   |    |     |  |    |  |  |  |  |  |    |  |
+---+----+---+----+---+----+---+---+---+---+---+---+---+---+---+
|  | 8  |    | 6  |    |   |    | 2 |    | 4 |    | 4 |    | 2 |  |
+---+----+---+----+---+----+---+---+---+---+---+---+---+---+---+
|  |     |    |     |    |     |    |    |    |    |    |    |    |    |  |
+---+----+---+----+---+----+---+---+---+---+---+---+---+---+---+
|  | 10 |    | 8  |    | 6  |    | 4 |    | 6 |    | 6 |    | 4 |  |
+---+----+---+----+---+----+---+---+---+---+---+---+---+---+---+
|  |     |    |     |    |     |    |    |    |    |    |    |    |    |  |
+---+----+---+----+---+----+---+---+---+---+---+---+---+---+---+
|  | 12 |    | 10 |    | 8  |    | 6 |    | 8 |    | 8 |    | 6 |  |
+---+----+---+----+---+----+---+---+---+---+---+---+---+---+---+
|  |   |  |   |  |   |  |  |  |  |  |  |  |  |  |
+---+----+---+----+---+----+---+---+---+---+---+---+---+---+---+
DEBUG:root:GO_TO_CELL: relative move: 6
DEBUG:root:GO_TO_CELL: giro izquierda y voy recto
DEBUG:root:
----------------------------------------------------------------------------

DEBUG:root:Y 
 
o  X
DEBUG:root:+---+----+---+----+---+----+---+---+---+---+---+---+---+---+---+
|  |   |  |     |  |   |  |    |  |  |  |  |  |    |  |
+---+----+---+----+---+----+---+---+---+---+---+---+---+---+---+
|  | 16 |    | 14 |    | 12 |  | 6 |    | 8 |    | 8 |    | 6 |  |
+---+----+---+----+---+----+---+---+---+---+---+---+---+---+---+
|  |     |    |   |    |     |  |    |    |    |    |    |    |    |  |
+---+----+---+----+---+----+---+---+---+---+---+---+---+---+---+
|  | 14 |  |   |  | 10 |  | 4 |    | 6 |    | 6 |    | 4 |  |
+---+----+---+----+---+----+---+---+---+---+---+---+---+---+---+
|  |     |    |   |    |     |  |    |    |    |    |    |    |    |  |
+---+----+---+----+---+----+---+---+---+---+---+---+---+---+---+
|  | 12 |    | 10 |    | 8  |  | 2 |    | 4 |    | 4 |    | 2 |  |
+---+----+---+----+---+----+---+---+---+---+---+---+---+---+---+
|  |     |    |   |    |     |  |    |    |    |    |    |    |    |  |
+---+----+---+----+---+----+---+---+---+---+---+---+---+---+---+
|  | 10 |  |   |  | 6  |  | 0 |    | 2 |    | 2 |    | 0 |  |
+---+----+---+----+---+----+---+---+---+---+---+---+---+---+---+
|  |     |    |   |    |     |  |    |  |  |  |  |  |    |  |
+---+----+---+----+---+----+---+---+---+---+---+---+---+---+---+
|  | 8  |    | 6  |    | 4  |    |  |    | 4 |    | 4 |    | 2 |  |
+---+----+---+----+---+----+---+---+---+---+---+---+---+---+---+
|  |     |    |     |    |     |    |    |    |    |    |    |    |    |  |
+---+----+---+----+---+----+---+---+---+---+---+---+---+---+---+
|  | 10 |    | 8  |    | 6  |    | 4 |    | 6 |    | 6 |    | 4 |  |
+---+----+---+----+---+----+---+---+---+---+---+---+---+---+---+
|  |     |    |     |    |     |    |    |    |    |    |    |    |    |  |
+---+----+---+----+---+----+---+---+---+---+---+---+---+---+---+
|  | 12 |    | 10 |    | 8  |    | 6 |    | 8 |    | 8 |    | 6 |  |
+---+----+---+----+---+----+---+---+---+---+---+---+---+---+---+
|  |   |  |   |  |   |  |  |  |  |  |  |  |  |  |
+---+----+---+----+---+----+---+---+---+---+---+---+---+---+---+
DEBUG:root:GO_TO_CELL: relative move: 6
DEBUG:root:GO_TO_CELL: giro izquierda y voy recto
DEBUG:root:
----------------------------------------------------------------------------

INFO:root:NAVIGATE_MAP: I've reached my goal
WARNING:root:KeyboardInterrupt raised
WARNING:root:Abruptly stopped the robot!
DEBUG:matplotlib.font_manager:findfont: Matching :family=sans-serif:style=normal:variant=normal:weight=normal:stretch=normal:size=10.0 to DejaVu Sans ('/home/pi/.local/lib/python3.5/site-packages/matplotlib/mpl-data/fonts/ttf/DejaVuSans.ttf') with score of 0.050000.
DEBUG:matplotlib.axes._base:update_title_pos
DEBUG:matplotlib.axes._base:update_title_pos
DEBUG:matplotlib.axes._base:update_title_pos
