INFO:root:MAIN: Program started
DEBUG:root:GENERATE_GRID: no hay que mezclar
INFO:root:ROBOT: Robot set up!
INFO:root:ROBOT: Odometry was started, PID: 29421:
INFO:root:MAIN: Initial location: 2.2, 2.6, -1.5707963267948966
INFO:root:*---------------------------------------------------------------------------*
INFO:root:MAIN: The floor is BLACK
INFO:root:ROBOT setMapByColor: Tile color is black, setting map B
INFO:root:ROBOT forceNewPosition: Updating position to [2.2, 3]
INFO:root:HALF_EIGHT: done!
INFO:root:*---------------------------------------------------------------------------*
WARNING:root:Traceback (most recent call last):
  File "/home/pi/oscar/main.py", line 99, in main
    actions.map.center_in_cell(oscar)
  File "/home/pi/oscar/actions/map.py", line 25, in center_in_cell
    logging.debug('im in {}, id like to be in {}'.format(location, desired_location))
NameError: name 'location' is not defined

WARNING:root:ABRUPT_STOP: abruptly stopped the robot!
INFO:root:Odometry was stopped
DEBUG:matplotlib.axes._base:update_title_pos
DEBUG:matplotlib.font_manager:findfont: Matching :family=sans-serif:style=normal:variant=normal:weight=normal:stretch=normal:size=10.0 to DejaVu Sans ('/home/pi/.local/lib/python3.5/site-packages/matplotlib/mpl-data/fonts/ttf/DejaVuSans.ttf') with score of 0.050000.
DEBUG:matplotlib.axes._base:update_title_pos
