INFO:root:MAIN: Program started
DEBUG:root:GENERATE_GRID: no hay que mezclar
INFO:root:ROBOT: Robot set up!
INFO:root:ROBOT: Odometry was started, PID: 5195:
INFO:root:MAIN: Initial location: 2.2, 2.6, -1.5707963267948966
INFO:root:*---------------------------------------------------------------------------*
INFO:root:Found the ball! Approaching...
INFO:root:Close enough to the ball, size is: 40.55426025390625
INFO:root:Centering the ball...
INFO:root:The ball's x position is: 98.35832977294922
INFO:root:The ball's x position is: 96.94347381591797
INFO:root:The ball's x position is: 94.20709228515625
INFO:root:The ball's x position is: 88.48652648925781
INFO:root:The ball's x position is: 85.36819458007812
INFO:root:The ball's x position is: 80.38935852050781
INFO:root:Ball centered and ready to be catched!
INFO:root:The distance to be covered is: 0.17 meters
DEBUG:root:ENCODER VALUES: 0 -- 1
INFO:root:Odometry was stopped
DEBUG:matplotlib.font_manager:findfont: Matching :family=sans-serif:style=normal:variant=normal:weight=normal:stretch=normal:size=10.0 to DejaVu Sans ('/home/pi/.local/lib/python3.5/site-packages/matplotlib/mpl-data/fonts/ttf/DejaVuSans.ttf') with score of 0.050000.
DEBUG:matplotlib.axes._base:update_title_pos
DEBUG:matplotlib.axes._base:update_title_pos
DEBUG:matplotlib.axes._base:update_title_pos
