INFO:root:MAIN: Program started
DEBUG:root:GENERATE_GRID: no hay que mezclar
INFO:root:ROBOT: Robot set up!
INFO:root:ROBOT: Odometry was started, PID: 17672:
INFO:root:MAIN: Initial location: 2.2, 2.6, -1.5707963267948966
INFO:root:*---------------------------------------------------------------------------*
INFO:root:Searching the ball...
INFO:root:Found the ball! Approaching...
INFO:root:Approaching the ball...
WARNING:root:Lost the ball! Searching again...
INFO:root:Searching the ball...
INFO:root:Found the ball! Approaching...
INFO:root:Approaching the ball...
INFO:root:Close enough to the ball, size is: 33.17830276489258
INFO:root:Centering the ball...
INFO:root:The ball's x position is: 17.045324325561523
INFO:root:The ball's x position is: 28.477895736694336
INFO:root:The ball's x position is: 26.456205368041992
INFO:root:The ball's x position is: 24.702890396118164
INFO:root:The ball's x position is: 21.41436767578125
INFO:root:The ball's x position is: 20.144664764404297
INFO:root:The ball's x position is: 19.3653621673584
INFO:root:The ball's x position is: 17.357227325439453
INFO:root:The ball's x position is: 14.774332046508789
INFO:root:The ball's x position is: 12.58279800415039
INFO:root:The ball's x position is: 16.65653419494629
INFO:root:The ball's x position is: 20.382801055908203
INFO:root:The ball's x position is: 25.207441329956055
INFO:root:The ball's x position is: 29.60675811767578
INFO:root:The ball's x position is: 35.042049407958984
INFO:root:The ball's x position is: 42.000282287597656
INFO:root:The ball's x position is: 45.891571044921875
INFO:root:The ball's x position is: 49.68100357055664
INFO:root:The ball's x position is: 53.720703125
INFO:root:The ball's x position is: 57.08170700073242
INFO:root:The ball's x position is: 5.590258598327637
INFO:root:The ball's x position is: 5.28097677230835
INFO:root:The ball's x position is: 5.621726989746094
INFO:root:The ball's x position is: 4.904900550842285
INFO:root:The ball's x position is: 4.846909999847412
INFO:root:The ball's x position is: 4.988480567932129
INFO:root:The ball's x position is: 5.111266136169434
INFO:root:The ball's x position is: 5.016260623931885
INFO:root:The ball's x position is: 5.02967643737793
INFO:root:The ball's x position is: 5.06768274307251
INFO:root:The ball's x position is: 5.381255626678467
INFO:root:The ball's x position is: 5.190186500549316
INFO:root:The ball's x position is: 5.585321426391602
INFO:root:The ball's x position is: 5.9319257736206055
INFO:root:The ball's x position is: 6.8544602394104
INFO:root:The ball's x position is: 7.630950450897217
INFO:root:The ball's x position is: 8.644425392150879
INFO:root:The ball's x position is: 9.471085548400879
INFO:root:The ball's x position is: 10.359613418579102
INFO:root:The ball's x position is: 11.630156517028809
INFO:root:The ball's x position is: 13.385725975036621
INFO:root:The ball's x position is: 16.431804656982422
INFO:root:The ball's x position is: 17.912351608276367
INFO:root:The ball's x position is: 19.322547912597656
INFO:root:The ball's x position is: 21.445228576660156
INFO:root:The ball's x position is: 23.373125076293945
INFO:root:The ball's x position is: 24.982498168945312
INFO:root:The ball's x position is: 28.016878128051758
INFO:root:The ball's x position is: 29.747943878173828
INFO:root:The ball's x position is: 31.266788482666016
INFO:root:The ball's x position is: 33.223262786865234
INFO:root:The ball's x position is: 35.057552337646484
INFO:root:The ball's x position is: 37.23573684692383
INFO:root:The ball's x position is: 14.103821754455566
INFO:root:The ball's x position is: 31.532976150512695
INFO:root:The ball's x position is: 39.03524398803711
INFO:root:The ball's x position is: 45.72123336791992
INFO:root:The ball's x position is: 53.23564529418945
INFO:root:The ball's x position is: 57.83346176147461
INFO:root:The ball's x position is: 62.8963623046875
INFO:root:The ball's x position is: 64.26668548583984
INFO:root:The ball's x position is: 64.18212890625
INFO:root:The ball's x position is: 65.55536651611328
INFO:root:The ball's x position is: 69.16259765625
INFO:root:The ball's x position is: 71.34754943847656
INFO:root:The ball's x position is: 72.07086944580078
INFO:root:The ball's x position is: 75.26715850830078
INFO:root:The ball's x position is: 80.68712615966797
INFO:root:Ball centered and ready to be catched!
INFO:root:Grabbing the ball...
INFO:root:Searching the ball...
INFO:root:Found the ball! Approaching...
INFO:root:Approaching the ball...
INFO:root:Close enough to the ball, size is: 34.655723571777344
INFO:root:Centering the ball...
INFO:root:The ball's x position is: 85.69874572753906
INFO:root:The ball's x position is: 87.59668731689453
INFO:root:The ball's x position is: 93.15223693847656
WARNING:root:Lost the ball! Searching agan...
INFO:root:Searching the ball...
INFO:root:Found the ball! Approaching...
INFO:root:Approaching the ball...
WARNING:root:Lost the ball! Searching again...
INFO:root:Searching the ball...
INFO:root:Found the ball! Approaching...
INFO:root:Approaching the ball...
WARNING:root:Lost the ball! Searching again...
INFO:root:Searching the ball...
INFO:root:Found the ball! Approaching...
INFO:root:Approaching the ball...
INFO:root:Close enough to the ball, size is: 30.152999877929688
INFO:root:Centering the ball...
INFO:root:The ball's x position is: 88.64915466308594
INFO:root:The ball's x position is: 89.03653717041016
INFO:root:The ball's x position is: 89.25544738769531
INFO:root:The ball's x position is: 89.93013763427734
INFO:root:The ball's x position is: 90.09236907958984
INFO:root:The ball's x position is: 91.02732849121094
INFO:root:The ball's x position is: 91.62788391113281
INFO:root:The ball's x position is: 92.09440612792969
INFO:root:The ball's x position is: 92.18771362304688
INFO:root:The ball's x position is: 91.28382110595703
INFO:root:The ball's x position is: 90.43939971923828
INFO:root:The ball's x position is: 89.12035369873047
INFO:root:The ball's x position is: 87.2216796875
INFO:root:The ball's x position is: 85.83519744873047
INFO:root:The ball's x position is: 81.43518829345703
INFO:root:Ball centered and ready to be catched!
INFO:root:Grabbing the ball...
INFO:root:The distance to be covered is: 0.22 meters
DEBUG:root:BALL grab_ball: encoder value is 0
WARNING:root:Didn't get the ball :(
INFO:root:Searching the ball...
INFO:root:Found the ball! Approaching...
INFO:root:Approaching the ball...
WARNING:root:Lost the ball! Searching again...
INFO:root:Searching the ball...
INFO:root:Found the ball! Approaching...
INFO:root:Approaching the ball...
INFO:root:Close enough to the ball, size is: 36.1920166015625
INFO:root:Centering the ball...
INFO:root:The ball's x position is: 73.76026916503906
INFO:root:The ball's x position is: 70.65998840332031
INFO:root:The ball's x position is: 72.01126098632812
INFO:root:The ball's x position is: 73.0578384399414
INFO:root:The ball's x position is: 75.39004516601562
INFO:root:The ball's x position is: 101.47586822509766
INFO:root:The ball's x position is: 103.12704467773438
INFO:root:The ball's x position is: 104.17603302001953
INFO:root:The ball's x position is: 75.74441528320312
INFO:root:The ball's x position is: 74.99545288085938
INFO:root:The ball's x position is: 106.34223937988281
INFO:root:The ball's x position is: 108.93817901611328
INFO:root:The ball's x position is: 110.83505249023438
INFO:root:The ball's x position is: 110.77672576904297
INFO:root:The ball's x position is: 111.53377532958984
INFO:root:The ball's x position is: 111.6106185913086
INFO:root:The ball's x position is: 111.09024047851562
INFO:root:The ball's x position is: 111.19998168945312
INFO:root:The ball's x position is: 110.86328125
INFO:root:The ball's x position is: 111.50313568115234
INFO:root:The ball's x position is: 109.83941650390625
INFO:root:The ball's x position is: 108.30777740478516
INFO:root:The ball's x position is: 105.92118835449219
INFO:root:The ball's x position is: 101.34521484375
INFO:root:The ball's x position is: 99.5513687133789
INFO:root:The ball's x position is: 97.2737045288086
INFO:root:The ball's x position is: 95.36079406738281
INFO:root:The ball's x position is: 93.37346649169922
INFO:root:The ball's x position is: 88.07100677490234
INFO:root:The ball's x position is: 85.92951965332031
INFO:root:The ball's x position is: 82.79634094238281
INFO:root:The ball's x position is: 80.28275299072266
INFO:root:Ball centered and ready to be catched!
INFO:root:Grabbing the ball...
INFO:root:Searching the ball...
INFO:root:Found the ball! Approaching...
INFO:root:Approaching the ball...
WARNING:root:Lost the ball! Searching again...
INFO:root:Searching the ball...
INFO:root:Found the ball! Approaching...
INFO:root:Approaching the ball...
WARNING:root:Lost the ball! Searching again...
INFO:root:Searching the ball...
INFO:root:Found the ball! Approaching...
INFO:root:Approaching the ball...
INFO:root:Close enough to the ball, size is: 34.17192459106445
INFO:root:Centering the ball...
INFO:root:The ball's x position is: 73.94709777832031
INFO:root:The ball's x position is: 70.41239929199219
INFO:root:The ball's x position is: 75.68389129638672
INFO:root:The ball's x position is: 76.11235046386719
INFO:root:The ball's x position is: 70.28699493408203
INFO:root:The ball's x position is: 65.22687530517578
INFO:root:The ball's x position is: 89.26358795166016
INFO:root:The ball's x position is: 78.22864532470703
INFO:root:Ball centered and ready to be catched!
INFO:root:Grabbing the ball...
INFO:root:The distance to be covered is: 0.15 meters
DEBUG:root:BALL grab_ball: encoder value is 1
WARNING:root:Didn't get the ball :(
INFO:root:Searching the ball...
INFO:root:Found the ball! Approaching...
INFO:root:Approaching the ball...
WARNING:root:Lost the ball! Searching again...
INFO:root:Searching the ball...
INFO:root:Found the ball! Approaching...
INFO:root:Approaching the ball...
INFO:root:Close enough to the ball, size is: 33.11209487915039
INFO:root:Centering the ball...
INFO:root:The ball's x position is: 84.70491027832031
INFO:root:The ball's x position is: 81.64828491210938
INFO:root:Ball centered and ready to be catched!
INFO:root:Grabbing the ball...
INFO:root:The distance to be covered is: 0.23 meters
DEBUG:root:BALL grab_ball: encoder value is 1
WARNING:root:Didn't get the ball :(
INFO:root:Searching the ball...
INFO:root:Found the ball! Approaching...
INFO:root:Approaching the ball...
INFO:root:Close enough to the ball, size is: 30.846113204956055
INFO:root:Centering the ball...
INFO:root:The ball's x position is: 73.83963775634766
INFO:root:The ball's x position is: 72.91790008544922
INFO:root:The ball's x position is: 69.5091323852539
WARNING:root:Lost the ball! Searching agan...
INFO:root:Searching the ball...
INFO:root:Found the ball! Approaching...
INFO:root:Approaching the ball...
INFO:root:Close enough to the ball, size is: 30.382030487060547
INFO:root:Centering the ball...
INFO:root:The ball's x position is: 102.15027618408203
INFO:root:The ball's x position is: 102.83139038085938
INFO:root:The ball's x position is: 38.52720260620117
INFO:root:The ball's x position is: 75.76777648925781
INFO:root:The ball's x position is: 83.17822265625
INFO:root:The ball's x position is: 34.9188346862793
INFO:root:The ball's x position is: 105.51884460449219
INFO:root:The ball's x position is: 108.46035766601562
INFO:root:The ball's x position is: 108.45387268066406
INFO:root:The ball's x position is: 103.92977142333984
INFO:root:The ball's x position is: 101.80548095703125
INFO:root:The ball's x position is: 110.1961441040039
INFO:root:The ball's x position is: 114.54252624511719
INFO:root:The ball's x position is: 116.3635025024414
INFO:root:The ball's x position is: 114.78370666503906
INFO:root:The ball's x position is: 118.32598114013672
INFO:root:The ball's x position is: 113.72550964355469
INFO:root:The ball's x position is: 85.70851135253906
INFO:root:The ball's x position is: 81.70769500732422
INFO:root:Ball centered and ready to be catched!
INFO:root:Grabbing the ball...
INFO:root:Searching the ball...
INFO:root:Found the ball! Approaching...
INFO:root:Approaching the ball...
INFO:root:Close enough to the ball, size is: 46.94766616821289
INFO:root:Centering the ball...
INFO:root:The ball's x position is: 67.80548095703125
INFO:root:The ball's x position is: 65.99597930908203
INFO:root:The ball's x position is: 62.97297668457031
INFO:root:The ball's x position is: 56.84425354003906
INFO:root:The ball's x position is: 56.69272994995117
INFO:root:The ball's x position is: 56.06156921386719
INFO:root:The ball's x position is: 56.026405334472656
INFO:root:The ball's x position is: 55.698097229003906
INFO:root:The ball's x position is: 55.48959732055664
INFO:root:The ball's x position is: 55.887939453125
INFO:root:The ball's x position is: 56.79842758178711
INFO:root:The ball's x position is: 57.40836715698242
INFO:root:The ball's x position is: 59.56325912475586
INFO:root:The ball's x position is: 61.1991081237793
INFO:root:The ball's x position is: 63.483612060546875
INFO:root:The ball's x position is: 65.35383605957031
INFO:root:The ball's x position is: 67.3347396850586
INFO:root:The ball's x position is: 69.18860626220703
INFO:root:The ball's x position is: 70.80156707763672
INFO:root:The ball's x position is: 75.72932434082031
INFO:root:The ball's x position is: 78.36894989013672
INFO:root:Ball centered and ready to be catched!
INFO:root:Grabbing the ball...
INFO:root:The distance to be covered is: 0.24999999999999997 meters
DEBUG:root:BALL grab_ball: encoder value is 1
WARNING:root:Didn't get the ball :(
INFO:root:Searching the ball...
INFO:root:Found the ball! Approaching...
INFO:root:Approaching the ball...
INFO:root:Close enough to the ball, size is: 45.154842376708984
INFO:root:Centering the ball...
INFO:root:The ball's x position is: 86.16946411132812
INFO:root:The ball's x position is: 88.62702941894531
INFO:root:The ball's x position is: 90.857177734375
INFO:root:The ball's x position is: 147.04551696777344
INFO:root:The ball's x position is: 147.22897338867188
INFO:root:The ball's x position is: 147.16065979003906
INFO:root:The ball's x position is: 147.18850708007812
INFO:root:The ball's x position is: 146.73788452148438
INFO:root:The ball's x position is: 146.18272399902344
INFO:root:The ball's x position is: 145.7549285888672
INFO:root:The ball's x position is: 145.3807830810547
INFO:root:The ball's x position is: 144.88092041015625
INFO:root:The ball's x position is: 141.69525146484375
INFO:root:The ball's x position is: 139.96136474609375
INFO:root:The ball's x position is: 138.5044708251953
INFO:root:The ball's x position is: 137.29019165039062
INFO:root:The ball's x position is: 136.1728973388672
INFO:root:The ball's x position is: 134.35211181640625
INFO:root:The ball's x position is: 128.39451599121094
INFO:root:The ball's x position is: 126.01837921142578
INFO:root:The ball's x position is: 123.76930236816406
INFO:root:The ball's x position is: 120.8759994506836
INFO:root:The ball's x position is: 118.25814819335938
INFO:root:The ball's x position is: 112.28948974609375
INFO:root:The ball's x position is: 109.92243957519531
INFO:root:The ball's x position is: 107.0698013305664
INFO:root:The ball's x position is: 104.68600463867188
INFO:root:The ball's x position is: 101.8783187866211
INFO:root:The ball's x position is: 98.38701629638672
INFO:root:The ball's x position is: 94.01751708984375
INFO:root:The ball's x position is: 90.1618881225586
INFO:root:The ball's x position is: 87.1952896118164
INFO:root:The ball's x position is: 85.413330078125
INFO:root:The ball's x position is: 84.06482696533203
INFO:root:The ball's x position is: 83.27812957763672
INFO:root:The ball's x position is: 82.59812927246094
INFO:root:The ball's x position is: 80.88988494873047
INFO:root:Ball centered and ready to be catched!
INFO:root:Grabbing the ball...
INFO:root:Searching the ball...
INFO:root:Found the ball! Approaching...
INFO:root:Approaching the ball...
INFO:root:Close enough to the ball, size is: 56.81360626220703
INFO:root:Centering the ball...
INFO:root:The ball's x position is: 72.31437683105469
INFO:root:The ball's x position is: 67.02660369873047
INFO:root:The ball's x position is: 62.87163543701172
WARNING:root:Lost the ball! Searching agan...
INFO:root:Searching the ball...
INFO:root:*---------------------------------------------------------------------------*
WARNING:root:KeyboardInterrupt raised
WARNING:root:Abruptly stopped the robot!
DEBUG:matplotlib.axes._base:update_title_pos
DEBUG:matplotlib.font_manager:findfont: Matching :family=sans-serif:style=normal:variant=normal:weight=normal:stretch=normal:size=10.0 to DejaVu Sans ('/home/pi/.local/lib/python3.5/site-packages/matplotlib/mpl-data/fonts/ttf/DejaVuSans.ttf') with score of 0.050000.
DEBUG:matplotlib.axes._base:update_title_pos
