INFO:root:MAIN: Program started
INFO:root:ROBOT: Robot set up!
INFO:root:ROBOT: Odometry was started, PID: 30818:
INFO:root:MAIN: Initial location: 2.2, 2.6, -1.5707963267948966


INFO:root:Found the ball! Approaching...
WARNING:root:Lost the ball! Searching again...
INFO:root:Found the ball! Approaching...
INFO:root:Close enough to the ball, size is: 29.289899826049805
INFO:root:Centering the ball...
INFO:root:The ball's x position is: 82.01708221435547
INFO:root:Ball centered and ready to be catched!
INFO:root:Found the ball! Approaching...
INFO:root:Close enough to the ball, size is: 31.209632873535156
INFO:root:Centering the ball...
INFO:root:The ball's x position is: 82.3724594116211
INFO:root:Ball centered and ready to be catched!
INFO:root:Found the ball! Approaching...
INFO:root:Close enough to the ball, size is: 28.79458999633789
INFO:root:Centering the ball...
INFO:root:The ball's x position is: 99.66915893554688
INFO:root:The ball's x position is: 99.5904312133789
INFO:root:The ball's x position is: 96.79871368408203
INFO:root:The ball's x position is: 98.58973693847656
INFO:root:The ball's x position is: 100.6251220703125
INFO:root:The ball's x position is: 101.91766357421875
INFO:root:The ball's x position is: 97.87474060058594
INFO:root:The ball's x position is: 99.85327911376953
INFO:root:The ball's x position is: 97.16474914550781
INFO:root:The ball's x position is: 97.72098541259766
INFO:root:The ball's x position is: 95.42367553710938
INFO:root:The ball's x position is: 92.77918243408203
INFO:root:The ball's x position is: 92.03216552734375
INFO:root:The ball's x position is: 91.03652954101562
INFO:root:The ball's x position is: 89.27223205566406
INFO:root:The ball's x position is: 88.47489166259766
INFO:root:The ball's x position is: 86.34931182861328
INFO:root:The ball's x position is: 85.84076690673828
INFO:root:The ball's x position is: 85.0873031616211
INFO:root:The ball's x position is: 84.72871398925781
INFO:root:Ball centered and ready to be catched!
INFO:root:Found the ball! Approaching...
INFO:root:Close enough to the ball, size is: 33.82392501831055
INFO:root:Centering the ball...
INFO:root:The ball's x position is: 82.19998931884766
INFO:root:Ball centered and ready to be catched!
INFO:root:Frontasonic took an invalid value, repeating...
INFO:root:Found the ball! Approaching...
INFO:root:Close enough to the ball, size is: 33.16029357910156
INFO:root:Centering the ball...
INFO:root:The ball's x position is: 91.05133819580078
INFO:root:The ball's x position is: 88.39862060546875
INFO:root:The ball's x position is: 88.63996887207031
INFO:root:The ball's x position is: 85.5839614868164
INFO:root:The ball's x position is: 86.39744567871094
INFO:root:The ball's x position is: 86.67060089111328
INFO:root:The ball's x position is: 87.26294708251953
INFO:root:The ball's x position is: 85.31684112548828
INFO:root:The ball's x position is: 85.0407485961914
INFO:root:The ball's x position is: 85.80852508544922
INFO:root:The ball's x position is: 84.01040649414062
INFO:root:Ball centered and ready to be catched!
INFO:root:Found the ball! Approaching...
INFO:root:Close enough to the ball, size is: 35.757568359375
INFO:root:Centering the ball...
INFO:root:The ball's x position is: 80.19620513916016
INFO:root:Ball centered and ready to be catched!
INFO:root:Found the ball! Approaching...
INFO:root:Close enough to the ball, size is: 35.30036163330078
INFO:root:Centering the ball...
INFO:root:The ball's x position is: 77.33338165283203
INFO:root:Ball centered and ready to be catched!
INFO:root:Found the ball! Approaching...
INFO:root:Close enough to the ball, size is: 36.33155822753906
INFO:root:Centering the ball...
INFO:root:The ball's x position is: 80.60359191894531
INFO:root:Ball centered and ready to be catched!
INFO:root:Found the ball! Approaching...
INFO:root:Close enough to the ball, size is: 35.6857795715332
INFO:root:Centering the ball...
INFO:root:The ball's x position is: 83.0031509399414
INFO:root:Ball centered and ready to be catched!
INFO:root:Found the ball! Approaching...
INFO:root:Close enough to the ball, size is: 36.95915222167969
INFO:root:Centering the ball...
INFO:root:The ball's x position is: 81.15441131591797
INFO:root:Ball centered and ready to be catched!
INFO:root:Found the ball! Approaching...
INFO:root:Close enough to the ball, size is: 37.23139572143555
INFO:root:Centering the ball...
INFO:root:The ball's x position is: 86.41568756103516
INFO:root:The ball's x position is: 85.68171691894531
INFO:root:The ball's x position is: 86.71803283691406
INFO:root:The ball's x position is: 87.41094207763672
INFO:root:The ball's x position is: 87.82102966308594
INFO:root:The ball's x position is: 88.16949462890625
INFO:root:The ball's x position is: 87.15047454833984
INFO:root:The ball's x position is: 88.47550964355469
INFO:root:The ball's x position is: 87.34620666503906
INFO:root:The ball's x position is: 88.55742645263672
INFO:root:The ball's x position is: 87.03791809082031
INFO:root:The ball's x position is: 83.22476196289062
INFO:root:Ball centered and ready to be catched!
INFO:root:Found the ball! Approaching...
WARNING:root:Lost the ball! Searching again...
INFO:root:Found the ball! Approaching...
WARNING:root:Lost the ball! Searching again...
INFO:root:Found the ball! Approaching...
WARNING:root:Lost the ball! Searching again...
INFO:root:Found the ball! Approaching...
INFO:root:Close enough to the ball, size is: 28.790876388549805
INFO:root:Centering the ball...
INFO:root:The ball's x position is: 70.1285400390625
INFO:root:The ball's x position is: 69.95387268066406
INFO:root:The ball's x position is: 70.21158599853516
INFO:root:The ball's x position is: 70.4190902709961
INFO:root:The ball's x position is: 70.38249969482422
INFO:root:The ball's x position is: 70.68499755859375
INFO:root:The ball's x position is: 70.31702423095703
INFO:root:The ball's x position is: 69.24376678466797
INFO:root:The ball's x position is: 68.83824920654297
INFO:root:The ball's x position is: 68.38420104980469
INFO:root:The ball's x position is: 67.7130126953125
INFO:root:The ball's x position is: 67.53886413574219
INFO:root:The ball's x position is: 68.75543975830078
INFO:root:The ball's x position is: 69.31924438476562
INFO:root:The ball's x position is: 68.4353256225586
WARNING:root:Lost the ball! Searching agan...
INFO:root:Found the ball! Approaching...
WARNING:root:Lost the ball! Searching again...
INFO:root:Found the ball! Approaching...
WARNING:root:Lost the ball! Searching again...
INFO:root:Found the ball! Approaching...
WARNING:root:Lost the ball! Searching again...
INFO:root:Found the ball! Approaching...
WARNING:root:Lost the ball! Searching again...
INFO:root:Found the ball! Approaching...
WARNING:root:Lost the ball! Searching again...
INFO:root:Found the ball! Approaching...
WARNING:root:Lost the ball! Searching again...
INFO:root:Found the ball! Approaching...
WARNING:root:Lost the ball! Searching again...
INFO:root:Found the ball! Approaching...
WARNING:root:Lost the ball! Searching again...
INFO:root:Found the ball! Approaching...
INFO:root:Close enough to the ball, size is: 27.048513412475586
INFO:root:Centering the ball...
INFO:root:The ball's x position is: 78.88917541503906
INFO:root:Ball centered and ready to be catched!
INFO:root:The distance to be covered is: 0.18999999999999997 meters
INFO:root:Odometry was stopped
DEBUG:matplotlib.font_manager:findfont: Matching :family=sans-serif:style=normal:variant=normal:weight=normal:stretch=normal:size=10.0 to DejaVu Sans ('/home/pi/.local/lib/python3.5/site-packages/matplotlib/mpl-data/fonts/ttf/DejaVuSans.ttf') with score of 0.050000.
DEBUG:matplotlib.axes._base:update_title_pos
DEBUG:matplotlib.axes._base:update_title_pos
DEBUG:matplotlib.axes._base:update_title_pos
