INFO:root:MAIN: Program started
DEBUG:root:GENERATE_GRID: no hay que mezclar
INFO:root:ROBOT: Robot set up!
INFO:root:ROBOT: Odometry was started, PID: 20558:
INFO:root:MAIN: Initial location: 2.2, 2.6, -1.5707963267948966
INFO:root:*---------------------------------------------------------------------------*
INFO:root:Searching the ball...
INFO:root:Found the ball! Approaching...
INFO:root:Approaching the ball...
WARNING:root:Lost the ball! Searching again...
INFO:root:Searching the ball...
INFO:root:Found the ball! Approaching...
INFO:root:Approaching the ball...
INFO:root:Close enough to the ball, size is: 30.144805908203125
INFO:root:Centering the ball...
INFO:root:The ball's x position is: 64.72148895263672
INFO:root:The ball's x position is: 64.68843078613281
INFO:root:The ball's x position is: 64.46131896972656
INFO:root:The ball's x position is: 64.4833755493164
INFO:root:The ball's x position is: 64.70616912841797
INFO:root:The ball's x position is: 64.36543273925781
INFO:root:The ball's x position is: 64.16590118408203
INFO:root:The ball's x position is: 63.440650939941406
INFO:root:The ball's x position is: 63.01905822753906
INFO:root:The ball's x position is: 63.00323486328125
INFO:root:The ball's x position is: 62.9597282409668
INFO:root:The ball's x position is: 63.12404251098633
INFO:root:The ball's x position is: 63.69404602050781
INFO:root:The ball's x position is: 65.3917465209961
INFO:root:The ball's x position is: 65.9983139038086
INFO:root:The ball's x position is: 66.7793197631836
INFO:root:The ball's x position is: 67.50086212158203
INFO:root:The ball's x position is: 68.42377471923828
INFO:root:The ball's x position is: 69.45967864990234
INFO:root:The ball's x position is: 71.53532409667969
INFO:root:The ball's x position is: 73.07579040527344
INFO:root:The ball's x position is: 74.1222152709961
INFO:root:The ball's x position is: 75.01224517822266
INFO:root:The ball's x position is: 76.57182312011719
INFO:root:The ball's x position is: 77.87943267822266
INFO:root:The ball's x position is: 79.0479736328125
INFO:root:The ball's x position is: 82.1019287109375
INFO:root:The ball's x position is: 83.4049072265625
INFO:root:The ball's x position is: 84.6680679321289
INFO:root:The ball's x position is: 86.05107116699219
INFO:root:The ball's x position is: 87.42790985107422
INFO:root:The ball's x position is: 89.15259552001953
INFO:root:The ball's x position is: 91.62491607666016
INFO:root:The ball's x position is: 91.98707580566406
INFO:root:The ball's x position is: 91.72111511230469
INFO:root:The ball's x position is: 91.34613037109375
INFO:root:The ball's x position is: 90.9322509765625
INFO:root:The ball's x position is: 90.69226837158203
INFO:root:The ball's x position is: 90.36297607421875
INFO:root:The ball's x position is: 87.9552001953125
INFO:root:The ball's x position is: 86.8149642944336
INFO:root:The ball's x position is: 85.21268463134766
INFO:root:The ball's x position is: 84.05542755126953
INFO:root:The ball's x position is: 81.88273620605469
INFO:root:The ball's x position is: 77.8845443725586
INFO:root:The ball's x position is: 75.872314453125
INFO:root:The ball's x position is: 74.60983276367188
INFO:root:The ball's x position is: 73.12156677246094
INFO:root:The ball's x position is: 71.5827865600586
INFO:root:The ball's x position is: 69.4901351928711
INFO:root:The ball's x position is: 65.27569580078125
INFO:root:The ball's x position is: 64.5603256225586
INFO:root:The ball's x position is: 64.27621459960938
INFO:root:The ball's x position is: 64.1529312133789
INFO:root:The ball's x position is: 63.51958084106445
INFO:root:The ball's x position is: 63.442142486572266
INFO:root:The ball's x position is: 63.107540130615234
INFO:root:The ball's x position is: 63.156471252441406
INFO:root:The ball's x position is: 63.440093994140625
INFO:root:The ball's x position is: 63.955345153808594
INFO:root:The ball's x position is: 66.06446838378906
INFO:root:The ball's x position is: 67.33968353271484
INFO:root:The ball's x position is: 68.91966247558594
INFO:root:The ball's x position is: 70.46827697753906
INFO:root:The ball's x position is: 71.30461883544922
INFO:root:The ball's x position is: 72.75053405761719
INFO:root:The ball's x position is: 75.49437713623047
INFO:root:The ball's x position is: 77.2593002319336
INFO:root:The ball's x position is: 78.9281005859375
INFO:root:The ball's x position is: 80.92111206054688
INFO:root:Ball centered and ready to be catched!
INFO:root:Grabbing the ball...
INFO:root:The distance to be covered is: 0.18000000000000002 meters
DEBUG:root:BALL grab_ball: encoder value is 0
WARNING:root:Didn't get the ball :(
INFO:root:Searching the ball...
INFO:root:Found the ball! Approaching...
INFO:root:Approaching the ball...
INFO:root:Close enough to the ball, size is: 31.567171096801758
INFO:root:Centering the ball...
INFO:root:The ball's x position is: 87.94829559326172
INFO:root:The ball's x position is: 90.02981567382812
INFO:root:The ball's x position is: 92.122802734375
INFO:root:The ball's x position is: 23.792713165283203
INFO:root:The ball's x position is: 9.10000991821289
WARNING:root:Lost the ball! Searching agan...
INFO:root:Searching the ball...
INFO:root:Found the ball! Approaching...
INFO:root:Approaching the ball...
INFO:root:Close enough to the ball, size is: 30.788753509521484
INFO:root:Centering the ball...
INFO:root:The ball's x position is: 17.992170333862305
INFO:root:The ball's x position is: 19.89764404296875
INFO:root:The ball's x position is: 21.54520606994629
INFO:root:The ball's x position is: 22.52483367919922
INFO:root:The ball's x position is: 23.393964767456055
INFO:root:The ball's x position is: 23.7753849029541
INFO:root:The ball's x position is: 20.425777435302734
WARNING:root:Lost the ball! Searching agan...
INFO:root:Searching the ball...
INFO:root:Found the ball! Approaching...
INFO:root:Approaching the ball...
WARNING:root:Lost the ball! Searching again...
INFO:root:Searching the ball...
INFO:root:Found the ball! Approaching...
INFO:root:Approaching the ball...
INFO:root:Close enough to the ball, size is: 60.767269134521484
INFO:root:Centering the ball...
INFO:root:The ball's x position is: 15.592360496520996
INFO:root:The ball's x position is: 20.40365982055664
INFO:root:The ball's x position is: 21.347763061523438
INFO:root:The ball's x position is: 21.48516845703125
INFO:root:The ball's x position is: 22.662202835083008
INFO:root:The ball's x position is: 27.03388023376465
INFO:root:The ball's x position is: 30.300432205200195
INFO:root:The ball's x position is: 15.830652236938477
INFO:root:The ball's x position is: 31.5997371673584
INFO:root:The ball's x position is: 40.205867767333984
INFO:root:The ball's x position is: 40.09394836425781
INFO:root:The ball's x position is: 32.84635543823242
INFO:root:The ball's x position is: 24.88396644592285
INFO:root:The ball's x position is: 25.318918228149414
INFO:root:The ball's x position is: 29.57988166809082
INFO:root:The ball's x position is: 25.851316452026367
INFO:root:The ball's x position is: 23.4759578704834
INFO:root:The ball's x position is: 21.67426872253418
INFO:root:The ball's x position is: 7.034205913543701
INFO:root:The ball's x position is: 24.2301025390625
INFO:root:The ball's x position is: 17.92483901977539
INFO:root:The ball's x position is: 4.467221736907959
WARNING:root:Lost the ball! Searching agan...
INFO:root:Searching the ball...
INFO:root:Found the ball! Approaching...
INFO:root:Approaching the ball...
INFO:root:Close enough to the ball, size is: 30.297321319580078
INFO:root:Centering the ball...
INFO:root:The ball's x position is: 66.29642486572266
INFO:root:The ball's x position is: 67.45316314697266
INFO:root:The ball's x position is: 68.78162384033203
INFO:root:The ball's x position is: 70.21461486816406
INFO:root:The ball's x position is: 72.01844787597656
INFO:root:The ball's x position is: 74.84712219238281
INFO:root:The ball's x position is: 75.84111785888672
INFO:root:The ball's x position is: 76.49011993408203
INFO:root:The ball's x position is: 77.49676513671875
INFO:root:The ball's x position is: 78.58851623535156
INFO:root:The ball's x position is: 80.40318298339844
INFO:root:Ball centered and ready to be catched!
INFO:root:Grabbing the ball...
INFO:root:The distance to be covered is: 0.18999999999999997 meters
DEBUG:root:BALL grab_ball: encoder value is 0
WARNING:root:Didn't get the ball :(
INFO:root:Searching the ball...
INFO:root:Found the ball! Approaching...
INFO:root:Approaching the ball...
INFO:root:Close enough to the ball, size is: 32.06324768066406
INFO:root:Centering the ball...
INFO:root:The ball's x position is: 88.14372253417969
INFO:root:The ball's x position is: 90.63684844970703
INFO:root:The ball's x position is: 93.0390625
WARNING:root:Lost the ball! Searching agan...
INFO:root:Searching the ball...
INFO:root:Found the ball! Approaching...
INFO:root:Approaching the ball...
INFO:root:Close enough to the ball, size is: 31.14764976501465
INFO:root:Centering the ball...
INFO:root:The ball's x position is: 138.4971466064453
INFO:root:The ball's x position is: 133.67196655273438
INFO:root:The ball's x position is: 130.4933319091797
INFO:root:The ball's x position is: 127.22695922851562
INFO:root:The ball's x position is: 123.70881652832031
INFO:root:The ball's x position is: 121.44445037841797
INFO:root:The ball's x position is: 119.69584655761719
INFO:root:The ball's x position is: 113.62730407714844
INFO:root:The ball's x position is: 114.98149108886719
INFO:root:The ball's x position is: 115.61634063720703
INFO:root:The ball's x position is: 116.21745300292969
INFO:root:The ball's x position is: 116.88720703125
INFO:root:The ball's x position is: 116.73434448242188
INFO:root:The ball's x position is: 115.96836853027344
INFO:root:The ball's x position is: 115.64897918701172
INFO:root:The ball's x position is: 115.77306365966797
INFO:root:The ball's x position is: 115.73853302001953
INFO:root:The ball's x position is: 115.4338607788086
INFO:root:The ball's x position is: 115.76703643798828
INFO:root:The ball's x position is: 115.16606140136719
INFO:root:The ball's x position is: 115.16129302978516
INFO:root:The ball's x position is: 115.2092056274414
INFO:root:The ball's x position is: 114.40760040283203
INFO:root:The ball's x position is: 114.47660064697266
INFO:root:The ball's x position is: 113.899169921875
INFO:root:The ball's x position is: 113.8547592163086
INFO:root:The ball's x position is: 113.73693084716797
INFO:root:The ball's x position is: 113.85653686523438
INFO:root:The ball's x position is: 113.83673095703125
INFO:root:The ball's x position is: 113.02515411376953
INFO:root:The ball's x position is: 113.05730438232422
INFO:root:The ball's x position is: 112.9225082397461
INFO:root:The ball's x position is: 113.14964294433594
INFO:root:The ball's x position is: 113.21460723876953
INFO:root:The ball's x position is: 112.76840209960938
INFO:root:The ball's x position is: 112.62166595458984
INFO:root:The ball's x position is: 111.56907653808594
INFO:root:The ball's x position is: 111.19783020019531
INFO:root:The ball's x position is: 110.46133422851562
INFO:root:The ball's x position is: 109.82386016845703
INFO:root:The ball's x position is: 108.02806091308594
INFO:root:The ball's x position is: 107.01732635498047
INFO:root:The ball's x position is: 105.88939666748047
INFO:root:The ball's x position is: 104.8196792602539
INFO:root:The ball's x position is: 102.20220947265625
INFO:root:The ball's x position is: 100.85964965820312
INFO:root:The ball's x position is: 99.3397445678711
INFO:root:The ball's x position is: 97.4218978881836
INFO:root:The ball's x position is: 95.61677551269531
INFO:root:The ball's x position is: 93.61837768554688
INFO:root:The ball's x position is: 88.68347930908203
INFO:root:The ball's x position is: 86.35107421875
INFO:root:The ball's x position is: 83.7094497680664
INFO:root:The ball's x position is: 81.50057983398438
INFO:root:The ball's x position is: 78.79048156738281
INFO:root:Ball centered and ready to be catched!
INFO:root:Grabbing the ball...
INFO:root:The distance to be covered is: 0.19999999999999998 meters
DEBUG:root:BALL grab_ball: encoder value is 0
WARNING:root:Didn't get the ball :(
INFO:root:Searching the ball...
INFO:root:Found the ball! Approaching...
INFO:root:Approaching the ball...
INFO:root:Close enough to the ball, size is: 30.48808479309082
INFO:root:Centering the ball...
INFO:root:The ball's x position is: 61.462650299072266
WARNING:root:Lost the ball! Searching agan...
INFO:root:Searching the ball...
INFO:root:Found the ball! Approaching...
INFO:root:Approaching the ball...
INFO:root:Close enough to the ball, size is: 35.300296783447266
INFO:root:Centering the ball...
INFO:root:The ball's x position is: 80.91554260253906
INFO:root:The ball's x position is: 103.75852966308594
INFO:root:The ball's x position is: 135.95265197753906
INFO:root:The ball's x position is: 144.82391357421875
INFO:root:The ball's x position is: 153.81016540527344
WARNING:root:Lost the ball! Searching agan...
INFO:root:Searching the ball...
INFO:root:Found the ball! Approaching...
INFO:root:Approaching the ball...
INFO:root:Close enough to the ball, size is: 40.63361740112305
INFO:root:Centering the ball...
INFO:root:The ball's x position is: 8.432721138000488
WARNING:root:Lost the ball! Searching agan...
INFO:root:Searching the ball...
INFO:root:Found the ball! Approaching...
INFO:root:Approaching the ball...
INFO:root:Close enough to the ball, size is: 30.216859817504883
INFO:root:Centering the ball...
INFO:root:The ball's x position is: 80.0328598022461
INFO:root:The ball's x position is: 79.22502136230469
INFO:root:Ball centered and ready to be catched!
INFO:root:Grabbing the ball...
INFO:root:The distance to be covered is: 0.16 meters
DEBUG:root:BALL grab_ball: encoder value is 0
WARNING:root:Didn't get the ball :(
INFO:root:Searching the ball...
INFO:root:Found the ball! Approaching...
INFO:root:Approaching the ball...
INFO:root:Close enough to the ball, size is: 30.719505310058594
INFO:root:Centering the ball...
INFO:root:The ball's x position is: 78.19435119628906
INFO:root:The ball's x position is: 78.00833892822266
INFO:root:Ball centered and ready to be catched!
INFO:root:Grabbing the ball...
INFO:root:Searching the ball...
INFO:root:Found the ball! Approaching...
INFO:root:Approaching the ball...
WARNING:root:Lost the ball! Searching again...
INFO:root:Searching the ball...
INFO:root:Found the ball! Approaching...
INFO:root:Approaching the ball...
INFO:root:Close enough to the ball, size is: 30.03179359436035
INFO:root:Centering the ball...
INFO:root:The ball's x position is: 69.5203857421875
INFO:root:The ball's x position is: 70.49144744873047
INFO:root:The ball's x position is: 72.8775634765625
INFO:root:The ball's x position is: 74.6533432006836
INFO:root:The ball's x position is: 76.11650085449219
INFO:root:The ball's x position is: 77.9236831665039
INFO:root:The ball's x position is: 79.81507873535156
INFO:root:The ball's x position is: 81.17173767089844
INFO:root:Ball centered and ready to be catched!
INFO:root:Grabbing the ball...
INFO:root:The distance to be covered is: 0.19999999999999998 meters
INFO:root:*---------------------------------------------------------------------------*
WARNING:root:KeyboardInterrupt raised
WARNING:root:Abruptly stopped the robot!
