INFO:root:MAIN: Program started
DEBUG:root:GENERATE_GRID: no hay que mezclar
INFO:root:ROBOT: Robot set up!
INFO:root:ROBOT: Odometry was started, PID: 10356:
INFO:root:MAIN: Initial location: 2.2, 2.6, -1.5707963267948966
INFO:root:*---------------------------------------------------------------------------*
INFO:root:Found the ball! Approaching...
WARNING:root:Lost the ball! Searching again...
INFO:root:Found the ball! Approaching...
WARNING:root:Lost the ball! Searching again...
INFO:root:Found the ball! Approaching...
INFO:root:Close enough to the ball, size is: 27.42120361328125
INFO:root:Centering the ball...
INFO:root:The ball's x position is: 107.29915618896484
INFO:root:The ball's x position is: 108.65171813964844
INFO:root:The ball's x position is: 109.99374389648438
INFO:root:The ball's x position is: 111.45574951171875
INFO:root:The ball's x position is: 113.14265441894531
INFO:root:The ball's x position is: 114.78864288330078
INFO:root:The ball's x position is: 116.4955825805664
INFO:root:The ball's x position is: 119.30217742919922
INFO:root:The ball's x position is: 126.133544921875
INFO:root:The ball's x position is: 128.82241821289062
INFO:root:The ball's x position is: 133.48052978515625
INFO:root:The ball's x position is: 137.13865661621094
WARNING:root:Lost the ball! Searching agan...
INFO:root:Found the ball! Approaching...
INFO:root:Close enough to the ball, size is: 28.051984786987305
INFO:root:Centering the ball...
INFO:root:The ball's x position is: 127.94161224365234
INFO:root:The ball's x position is: 129.608154296875
INFO:root:The ball's x position is: 130.84027099609375
INFO:root:The ball's x position is: 132.36045837402344
INFO:root:The ball's x position is: 135.9589080810547
INFO:root:The ball's x position is: 137.5308380126953
INFO:root:The ball's x position is: 139.27000427246094
INFO:root:The ball's x position is: 142.0629119873047
INFO:root:The ball's x position is: 144.47999572753906
INFO:root:The ball's x position is: 147.03907775878906
INFO:root:The ball's x position is: 149.43112182617188
INFO:root:The ball's x position is: 152.73471069335938
INFO:root:The ball's x position is: 153.769775390625
INFO:root:The ball's x position is: 154.672119140625
INFO:root:The ball's x position is: 155.64686584472656
WARNING:root:Lost the ball! Searching agan...
INFO:root:Found the ball! Approaching...
WARNING:root:Lost the ball! Searching again...
INFO:root:Found the ball! Approaching...
INFO:root:Close enough to the ball, size is: 28.148332595825195
INFO:root:Centering the ball...
INFO:root:The ball's x position is: 105.78791809082031
INFO:root:The ball's x position is: 105.77375793457031
INFO:root:The ball's x position is: 105.72871398925781
INFO:root:The ball's x position is: 105.79682159423828
INFO:root:The ball's x position is: 105.93556213378906
INFO:root:The ball's x position is: 106.06360626220703
INFO:root:The ball's x position is: 106.92809295654297
INFO:root:The ball's x position is: 108.0167465209961
INFO:root:The ball's x position is: 109.26338958740234
INFO:root:The ball's x position is: 110.31832885742188
INFO:root:The ball's x position is: 111.5479736328125
INFO:root:The ball's x position is: 112.2380142211914
INFO:root:The ball's x position is: 113.16454315185547
INFO:root:The ball's x position is: 113.32013702392578
INFO:root:The ball's x position is: 113.5492172241211
INFO:root:The ball's x position is: 113.64918518066406
INFO:root:The ball's x position is: 112.95585632324219
INFO:root:The ball's x position is: 112.78418731689453
INFO:root:The ball's x position is: 112.41987609863281
INFO:root:The ball's x position is: 111.15902709960938
INFO:root:The ball's x position is: 110.42434692382812
INFO:root:The ball's x position is: 110.01319122314453
INFO:root:The ball's x position is: 109.48027801513672
INFO:root:The ball's x position is: 108.64115142822266
INFO:root:The ball's x position is: 108.41644287109375
INFO:root:The ball's x position is: 107.9814224243164
INFO:root:The ball's x position is: 106.78760528564453
INFO:root:The ball's x position is: 106.39779663085938
INFO:root:The ball's x position is: 106.02447509765625
INFO:root:The ball's x position is: 106.23426055908203
INFO:root:The ball's x position is: 105.84777069091797
INFO:root:The ball's x position is: 105.6297378540039
INFO:root:The ball's x position is: 104.71746826171875
INFO:root:The ball's x position is: 103.99469757080078
INFO:root:The ball's x position is: 103.63690185546875
INFO:root:The ball's x position is: 103.15132141113281
INFO:root:The ball's x position is: 102.8790054321289
INFO:root:The ball's x position is: 102.51274108886719
INFO:root:The ball's x position is: 102.63613891601562
INFO:root:The ball's x position is: 102.29312133789062
INFO:root:The ball's x position is: 102.07030487060547
INFO:root:The ball's x position is: 101.08777618408203
INFO:root:The ball's x position is: 100.49827575683594
INFO:root:The ball's x position is: 99.95015716552734
INFO:root:The ball's x position is: 99.23027801513672
INFO:root:The ball's x position is: 98.81593322753906
INFO:root:The ball's x position is: 98.2495346069336
INFO:root:The ball's x position is: 98.12026977539062
INFO:root:The ball's x position is: 97.7514877319336
INFO:root:The ball's x position is: 97.27421569824219
INFO:root:The ball's x position is: 96.43913269042969
INFO:root:The ball's x position is: 95.7974853515625
INFO:root:The ball's x position is: 95.06336975097656
INFO:root:The ball's x position is: 93.650146484375
INFO:root:The ball's x position is: 93.49540710449219
INFO:root:The ball's x position is: 92.60946655273438
INFO:root:The ball's x position is: 91.73355865478516
INFO:root:The ball's x position is: 91.25318145751953
INFO:root:The ball's x position is: 90.30398559570312
INFO:root:The ball's x position is: 90.14347076416016
INFO:root:The ball's x position is: 88.93724060058594
INFO:root:The ball's x position is: 87.34388732910156
INFO:root:The ball's x position is: 85.28864288330078
INFO:root:The ball's x position is: 84.3944320678711
INFO:root:Ball centered and ready to be catched!
INFO:root:Found the ball! Approaching...
INFO:root:Close enough to the ball, size is: 27.999343872070312
INFO:root:Centering the ball...
INFO:root:The ball's x position is: 108.02738189697266
INFO:root:The ball's x position is: 107.73888397216797
INFO:root:The ball's x position is: 107.05667877197266
INFO:root:The ball's x position is: 106.91368103027344
INFO:root:The ball's x position is: 106.9012680053711
INFO:root:The ball's x position is: 106.52056121826172
INFO:root:The ball's x position is: 106.45588684082031
INFO:root:The ball's x position is: 107.43561553955078
INFO:root:The ball's x position is: 108.73466491699219
INFO:root:The ball's x position is: 109.8096923828125
INFO:root:The ball's x position is: 111.68929290771484
INFO:root:The ball's x position is: 113.58012390136719
INFO:root:The ball's x position is: 114.15968322753906
INFO:root:The ball's x position is: 114.34327697753906
INFO:root:The ball's x position is: 114.3097915649414
INFO:root:The ball's x position is: 113.87213134765625
INFO:root:The ball's x position is: 112.7325210571289
INFO:root:The ball's x position is: 112.4880142211914
INFO:root:The ball's x position is: 111.5853042602539
INFO:root:The ball's x position is: 111.44783020019531
INFO:root:The ball's x position is: 110.97654724121094
INFO:root:The ball's x position is: 109.28067016601562
INFO:root:The ball's x position is: 108.49223327636719
INFO:root:The ball's x position is: 107.70703125
INFO:root:The ball's x position is: 107.21331024169922
INFO:root:The ball's x position is: 106.56169891357422
INFO:root:The ball's x position is: 105.69239044189453
INFO:root:The ball's x position is: 104.4085464477539
INFO:root:The ball's x position is: 104.08888244628906
INFO:root:The ball's x position is: 103.91608428955078
INFO:root:The ball's x position is: 103.16567993164062
INFO:root:The ball's x position is: 102.5328140258789
INFO:root:The ball's x position is: 101.73587036132812
INFO:root:The ball's x position is: 101.54342651367188
INFO:root:The ball's x position is: 100.30560302734375
INFO:root:The ball's x position is: 99.75648498535156
INFO:root:The ball's x position is: 99.6038818359375
INFO:root:The ball's x position is: 98.79510498046875
INFO:root:The ball's x position is: 98.17393493652344
INFO:root:The ball's x position is: 98.07164764404297
INFO:root:The ball's x position is: 97.9345703125
INFO:root:The ball's x position is: 97.23763275146484
INFO:root:The ball's x position is: 97.06179809570312
INFO:root:The ball's x position is: 96.73188781738281
INFO:root:The ball's x position is: 96.7694320678711
INFO:root:The ball's x position is: 96.14892578125
INFO:root:The ball's x position is: 96.2478256225586
INFO:root:The ball's x position is: 95.89542388916016
INFO:root:The ball's x position is: 95.78730010986328
INFO:root:The ball's x position is: 95.46269226074219
INFO:root:The ball's x position is: 94.73014831542969
INFO:root:The ball's x position is: 94.5022201538086
INFO:root:The ball's x position is: 94.04524230957031
INFO:root:The ball's x position is: 93.71359252929688
INFO:root:The ball's x position is: 92.5391845703125
INFO:root:The ball's x position is: 90.79857635498047
INFO:root:The ball's x position is: 89.74819946289062
INFO:root:The ball's x position is: 88.87801361083984
INFO:root:The ball's x position is: 86.96165466308594
INFO:root:The ball's x position is: 86.18452453613281
INFO:root:The ball's x position is: 85.14167785644531
INFO:root:The ball's x position is: 84.17330169677734
INFO:root:Ball centered and ready to be catched!
INFO:root:The distance to be covered is: 0.15 meters
DEBUG:root:ENCODER VALUES: 0 -- 0
INFO:root:Odometry was stopped
DEBUG:matplotlib.font_manager:findfont: Matching :family=sans-serif:style=normal:variant=normal:weight=normal:stretch=normal:size=10.0 to DejaVu Sans ('/home/pi/.local/lib/python3.5/site-packages/matplotlib/mpl-data/fonts/ttf/DejaVuSans.ttf') with score of 0.050000.
DEBUG:matplotlib.axes._base:update_title_pos
DEBUG:matplotlib.axes._base:update_title_pos
DEBUG:matplotlib.axes._base:update_title_pos
