INFO:root:MAIN: Program started
INFO:root:ROBOT: Robot set up!
INFO:root:ROBOT: Odometry was started, PID: 31459:
INFO:root:MAIN: Initial location: 2.2, 2.6, -1.5707963267948966


INFO:root:Found the ball! Approaching...
WARNING:root:Lost the ball! Searching again...
INFO:root:Found the ball! Approaching...
WARNING:root:Lost the ball! Searching again...
INFO:root:Found the ball! Approaching...
WARNING:root:Lost the ball! Searching again...
INFO:root:Found the ball! Approaching...
WARNING:root:Lost the ball! Searching again...
INFO:root:Found the ball! Approaching...
INFO:root:Close enough to the ball, size is: 27.065383911132812
INFO:root:Centering the ball...
INFO:root:The ball's x position is: 89.27391052246094
INFO:root:The ball's x position is: 89.84028625488281
INFO:root:The ball's x position is: 89.99723815917969
INFO:root:The ball's x position is: 90.26932525634766
INFO:root:The ball's x position is: 90.26834106445312
INFO:root:The ball's x position is: 90.41149139404297
INFO:root:The ball's x position is: 90.37435913085938
INFO:root:The ball's x position is: 90.4027328491211
INFO:root:The ball's x position is: 90.94312286376953
INFO:root:The ball's x position is: 91.30631256103516
INFO:root:The ball's x position is: 91.72937774658203
INFO:root:The ball's x position is: 91.31739807128906
INFO:root:The ball's x position is: 90.74076080322266
INFO:root:The ball's x position is: 89.94432067871094
INFO:root:The ball's x position is: 89.67596435546875
INFO:root:The ball's x position is: 89.22547149658203
INFO:root:The ball's x position is: 88.94374084472656
INFO:root:The ball's x position is: 88.51385498046875
INFO:root:The ball's x position is: 87.62814331054688
INFO:root:The ball's x position is: 87.38044738769531
INFO:root:The ball's x position is: 86.9631576538086
INFO:root:The ball's x position is: 86.2712631225586
INFO:root:The ball's x position is: 85.8450927734375
INFO:root:The ball's x position is: 85.3629379272461
INFO:root:The ball's x position is: 84.56074523925781
INFO:root:Ball centered and ready to be catched!
INFO:root:The distance to be covered is: 0.19999999999999998 meters
INFO:root:Odometry was stopped
DEBUG:matplotlib.font_manager:findfont: Matching :family=sans-serif:style=normal:variant=normal:weight=normal:stretch=normal:size=10.0 to DejaVu Sans ('/home/pi/.local/lib/python3.5/site-packages/matplotlib/mpl-data/fonts/ttf/DejaVuSans.ttf') with score of 0.050000.
DEBUG:matplotlib.axes._base:update_title_pos
DEBUG:matplotlib.axes._base:update_title_pos
DEBUG:matplotlib.axes._base:update_title_pos
