INFO:root:MAIN: Program started
DEBUG:root:GENERATE_GRID: no hay que mezclar
INFO:root:ROBOT: Robot set up!
INFO:root:ROBOT: Odometry was started, PID: 7817:
INFO:root:MAIN: Initial location: 2.2, 2.6, -1.5707963267948966
INFO:root:*---------------------------------------------------------------------------*
INFO:root:Searching the ball...
INFO:root:Found the ball! Approaching...
INFO:root:Approaching the ball...
INFO:root:Close enough to the ball, size is: 31.51186752319336
INFO:root:Centering the ball...
INFO:root:The ball's x position is: 138.81683349609375
INFO:root:The ball's x position is: 140.57240295410156
INFO:root:The ball's x position is: 145.20452880859375
INFO:root:The ball's x position is: 148.99478149414062
INFO:root:The ball's x position is: 151.1237030029297
INFO:root:The ball's x position is: 155.94728088378906
WARNING:root:Lost the ball! Searching agan...
INFO:root:Searching the ball...
INFO:root:Found the ball! Approaching...
INFO:root:Approaching the ball...
WARNING:root:Lost the ball! Searching again...
INFO:root:Searching the ball...
INFO:root:Found the ball! Approaching...
INFO:root:Approaching the ball...
INFO:root:Close enough to the ball, size is: 31.096311569213867
INFO:root:Centering the ball...
INFO:root:The ball's x position is: 110.70596313476562
INFO:root:The ball's x position is: 111.7894058227539
INFO:root:The ball's x position is: 113.22187805175781
INFO:root:The ball's x position is: 114.68482971191406
INFO:root:The ball's x position is: 117.12193298339844
INFO:root:The ball's x position is: 119.14503479003906
INFO:root:The ball's x position is: 120.83781433105469
INFO:root:The ball's x position is: 123.47319030761719
INFO:root:The ball's x position is: 126.192626953125
INFO:root:The ball's x position is: 129.38365173339844
INFO:root:The ball's x position is: 130.56617736816406
INFO:root:The ball's x position is: 131.61231994628906
INFO:root:The ball's x position is: 132.93991088867188
INFO:root:The ball's x position is: 132.8839569091797
INFO:root:The ball's x position is: 134.32643127441406
INFO:root:The ball's x position is: 135.88856506347656
INFO:root:The ball's x position is: 137.38168334960938
INFO:root:The ball's x position is: 142.586181640625
INFO:root:The ball's x position is: 144.37281799316406
INFO:root:The ball's x position is: 146.15805053710938
INFO:root:The ball's x position is: 147.1226348876953
INFO:root:The ball's x position is: 147.69630432128906
INFO:root:The ball's x position is: 147.91416931152344
INFO:root:The ball's x position is: 148.93496704101562
INFO:root:The ball's x position is: 149.49618530273438
INFO:root:The ball's x position is: 150.8385772705078
INFO:root:The ball's x position is: 150.93833923339844
INFO:root:The ball's x position is: 151.51136779785156
INFO:root:The ball's x position is: 152.16380310058594
INFO:root:The ball's x position is: 152.9190216064453
INFO:root:The ball's x position is: 153.56578063964844
INFO:root:The ball's x position is: 154.69876098632812
INFO:root:The ball's x position is: 156.79661560058594
WARNING:root:Lost the ball! Searching agan...
INFO:root:Searching the ball...
INFO:root:Found the ball! Approaching...
INFO:root:Approaching the ball...
INFO:root:Close enough to the ball, size is: 30.114641189575195
INFO:root:Centering the ball...
INFO:root:The ball's x position is: 74.69696807861328
INFO:root:The ball's x position is: 74.6445541381836
INFO:root:The ball's x position is: 74.67973327636719
INFO:root:The ball's x position is: 74.58951568603516
INFO:root:The ball's x position is: 74.69385528564453
INFO:root:The ball's x position is: 74.48503875732422
INFO:root:The ball's x position is: 74.42536163330078
INFO:root:The ball's x position is: 74.07589721679688
INFO:root:The ball's x position is: 73.89386749267578
INFO:root:The ball's x position is: 75.11874389648438
INFO:root:The ball's x position is: 76.09126281738281
INFO:root:The ball's x position is: 77.02660369873047
INFO:root:The ball's x position is: 78.48594665527344
INFO:root:Ball centered and ready to be catched!
INFO:root:Grabbing the ball...
INFO:root:The distance to be covered is: 0.16 meters
DEBUG:root:BALL grab_ball: encoder value is 0
WARNING:root:Didn't get the ball :(
INFO:root:Searching the ball...
INFO:root:Found the ball! Approaching...
INFO:root:Approaching the ball...
INFO:root:Close enough to the ball, size is: 34.003028869628906
INFO:root:Centering the ball...
INFO:root:The ball's x position is: 85.62709045410156
INFO:root:The ball's x position is: 87.57535552978516
INFO:root:The ball's x position is: 92.13841247558594
WARNING:root:Lost the ball! Searching agan...
INFO:root:Searching the ball...
INFO:root:Found the ball! Approaching...
INFO:root:Approaching the ball...
WARNING:root:Lost the ball! Searching again...
INFO:root:Searching the ball...
INFO:root:Found the ball! Approaching...
INFO:root:Approaching the ball...
WARNING:root:Lost the ball! Searching again...
INFO:root:Searching the ball...
INFO:root:Found the ball! Approaching...
INFO:root:Approaching the ball...
WARNING:root:Lost the ball! Searching again...
INFO:root:Searching the ball...
INFO:root:Found the ball! Approaching...
INFO:root:Approaching the ball...
INFO:root:Close enough to the ball, size is: 30.148962020874023
INFO:root:Centering the ball...
INFO:root:The ball's x position is: 80.31755065917969
INFO:root:Ball centered and ready to be catched!
INFO:root:Grabbing the ball...
INFO:root:The distance to be covered is: 0.21 meters
DEBUG:root:BALL grab_ball: encoder value is 2
INFO:root:Got the ball!
INFO:root:Odometry was stopped
DEBUG:matplotlib.font_manager:findfont: Matching :family=sans-serif:style=normal:variant=normal:weight=normal:stretch=normal:size=10.0 to DejaVu Sans ('/home/pi/.local/lib/python3.5/site-packages/matplotlib/mpl-data/fonts/ttf/DejaVuSans.ttf') with score of 0.050000.
DEBUG:matplotlib.axes._base:update_title_pos
DEBUG:matplotlib.axes._base:update_title_pos
DEBUG:matplotlib.axes._base:update_title_pos
INFO:root:*---------------------------------------------------------------------------*
WARNING:root:KeyboardInterrupt raised
WARNING:root:Abruptly stopped the robot!
DEBUG:matplotlib.axes._base:update_title_pos
DEBUG:matplotlib.axes._base:update_title_pos
DEBUG:matplotlib.axes._base:update_title_pos
DEBUG:matplotlib.axes._base:update_title_pos
