INFO:root:MAIN: Program started
DEBUG:root:GENERATE_GRID: no hay que mezclar
INFO:root:ROBOT: Robot set up!
INFO:root:ROBOT: Odometry was started, PID: 15597:
INFO:root:MAIN: Initial location: 2.2, 2.6, -1.5707963267948966
INFO:root:*---------------------------------------------------------------------------*
INFO:root:SEARCH_BALL: Searching for the ball...
INFO:root:SEARCH_BALL: Found the ball! Approaching...
INFO:root:APPROACH_BALL: Approaching the ball...
WARNING:root:Lost the ball! Searching again...
INFO:root:SEARCH_BALL: Searching for the ball...
INFO:root:SEARCH_BALL: Found the ball! Approaching...
INFO:root:APPROACH_BALL: Approaching the ball...
WARNING:root:Lost the ball! Searching again...
INFO:root:SEARCH_BALL: Searching for the ball...
INFO:root:SEARCH_BALL: Found the ball! Approaching...
INFO:root:APPROACH_BALL: Approaching the ball...
WARNING:root:Lost the ball! Searching again...
INFO:root:SEARCH_BALL: Searching for the ball...
INFO:root:SEARCH_BALL: Found the ball! Approaching...
INFO:root:APPROACH_BALL: Approaching the ball...
WARNING:root:Lost the ball! Searching again...
INFO:root:SEARCH_BALL: Searching for the ball...
INFO:root:SEARCH_BALL: Found the ball! Approaching...
INFO:root:APPROACH_BALL: Approaching the ball...
WARNING:root:Lost the ball! Searching again...
INFO:root:SEARCH_BALL: Searching for the ball...
INFO:root:SEARCH_BALL: Found the ball! Approaching...
INFO:root:APPROACH_BALL: Approaching the ball...
WARNING:root:Lost the ball! Searching again...
INFO:root:SEARCH_BALL: Searching for the ball...
INFO:root:SEARCH_BALL: Found the ball! Approaching...
INFO:root:APPROACH_BALL: Approaching the ball...
INFO:root:Close enough to the ball, size is: 30.074111938476562
INFO:root:Centering the ball...
INFO:root:Ball centered and ready to be catched!
INFO:root:Grabbing the ball...
INFO:root:The distance to be covered is: 0.18000000000000002 meters
DEBUG:root:BALL grab_ball: encoder value is 0
WARNING:root:Didn't get the ball :(
INFO:root:SEARCH_BALL: Searching for the ball...
INFO:root:SEARCH_BALL: Found the ball! Approaching...
INFO:root:APPROACH_BALL: Approaching the ball...
INFO:root:Close enough to the ball, size is: 30.003150939941406
INFO:root:Centering the ball...
WARNING:root:Lost the ball! Searching agan...
INFO:root:SEARCH_BALL: Searching for the ball...
INFO:root:SEARCH_BALL: Found the ball! Approaching...
INFO:root:APPROACH_BALL: Approaching the ball...
WARNING:root:Lost the ball! Searching again...
INFO:root:SEARCH_BALL: Searching for the ball...
INFO:root:SEARCH_BALL: Found the ball! Approaching...
INFO:root:APPROACH_BALL: Approaching the ball...
WARNING:root:Lost the ball! Searching again...
INFO:root:SEARCH_BALL: Searching for the ball...
INFO:root:SEARCH_BALL: Found the ball! Approaching...
INFO:root:APPROACH_BALL: Approaching the ball...
WARNING:root:Lost the ball! Searching again...
INFO:root:SEARCH_BALL: Searching for the ball...
INFO:root:SEARCH_BALL: Found the ball! Approaching...
INFO:root:APPROACH_BALL: Approaching the ball...
INFO:root:Close enough to the ball, size is: 30.066308975219727
INFO:root:Centering the ball...
INFO:root:Ball centered and ready to be catched!
INFO:root:Grabbing the ball...
INFO:root:The distance to be covered is: 0.18000000000000002 meters
DEBUG:root:BALL grab_ball: encoder value is 0
WARNING:root:Didn't get the ball :(
INFO:root:SEARCH_BALL: Searching for the ball...
INFO:root:SEARCH_BALL: Found the ball! Approaching...
INFO:root:APPROACH_BALL: Approaching the ball...
INFO:root:Close enough to the ball, size is: 30.02680206298828
INFO:root:Centering the ball...
WARNING:root:Lost the ball! Searching agan...
INFO:root:SEARCH_BALL: Searching for the ball...
INFO:root:SEARCH_BALL: Found the ball! Approaching...
INFO:root:APPROACH_BALL: Approaching the ball...
WARNING:root:Lost the ball! Searching again...
INFO:root:SEARCH_BALL: Searching for the ball...
INFO:root:SEARCH_BALL: Found the ball! Approaching...
INFO:root:APPROACH_BALL: Approaching the ball...
INFO:root:Close enough to the ball, size is: 30.01023292541504
INFO:root:Centering the ball...
INFO:root:Ball centered and ready to be catched!
INFO:root:Grabbing the ball...
INFO:root:The distance to be covered is: 0.18999999999999997 meters
DEBUG:root:BALL grab_ball: encoder value is 0
WARNING:root:Didn't get the ball :(
INFO:root:SEARCH_BALL: Searching for the ball...
INFO:root:SEARCH_BALL: Found the ball! Approaching...
INFO:root:APPROACH_BALL: Approaching the ball...
INFO:root:Close enough to the ball, size is: 30.163047790527344
INFO:root:Centering the ball...
INFO:root:Ball centered and ready to be catched!
INFO:root:Grabbing the ball...
INFO:root:SEARCH_BALL: Searching for the ball...
INFO:root:SEARCH_BALL: Found the ball! Approaching...
INFO:root:APPROACH_BALL: Approaching the ball...
INFO:root:Close enough to the ball, size is: 51.806392669677734
INFO:root:Centering the ball...
WARNING:root:Lost the ball! Searching agan...
INFO:root:SEARCH_BALL: Searching for the ball...
INFO:root:SEARCH_BALL: Found the ball! Approaching...
INFO:root:APPROACH_BALL: Approaching the ball...
INFO:root:Close enough to the ball, size is: 30.40576934814453
INFO:root:Centering the ball...
INFO:root:Ball centered and ready to be catched!
INFO:root:Grabbing the ball...
INFO:root:The distance to be covered is: 0.17 meters
DEBUG:root:BALL grab_ball: encoder value is 0
WARNING:root:Didn't get the ball :(
INFO:root:SEARCH_BALL: Searching for the ball...
INFO:root:SEARCH_BALL: Found the ball! Approaching...
INFO:root:APPROACH_BALL: Approaching the ball...
INFO:root:Close enough to the ball, size is: 31.016387939453125
INFO:root:Centering the ball...
WARNING:root:Lost the ball! Searching agan...
INFO:root:SEARCH_BALL: Searching for the ball...
INFO:root:SEARCH_BALL: Found the ball! Approaching...
INFO:root:APPROACH_BALL: Approaching the ball...
INFO:root:Close enough to the ball, size is: 30.1846923828125
INFO:root:Centering the ball...
INFO:root:Ball centered and ready to be catched!
INFO:root:Grabbing the ball...
INFO:root:The distance to be covered is: 0.17 meters
DEBUG:root:BALL grab_ball: encoder value is 0
WARNING:root:Didn't get the ball :(
INFO:root:SEARCH_BALL: Searching for the ball...
INFO:root:SEARCH_BALL: Found the ball! Approaching...
INFO:root:APPROACH_BALL: Approaching the ball...
INFO:root:Close enough to the ball, size is: 31.567007064819336
INFO:root:Centering the ball...
WARNING:root:Lost the ball! Searching agan...
INFO:root:SEARCH_BALL: Searching for the ball...
INFO:root:SEARCH_BALL: Found the ball! Approaching...
INFO:root:APPROACH_BALL: Approaching the ball...
WARNING:root:Lost the ball! Searching again...
INFO:root:SEARCH_BALL: Searching for the ball...
INFO:root:SEARCH_BALL: Found the ball! Approaching...
INFO:root:APPROACH_BALL: Approaching the ball...
INFO:root:Close enough to the ball, size is: 32.54661178588867
INFO:root:Centering the ball...
WARNING:root:Lost the ball! Searching agan...
INFO:root:SEARCH_BALL: Searching for the ball...
INFO:root:SEARCH_BALL: Found the ball! Approaching...
INFO:root:APPROACH_BALL: Approaching the ball...
WARNING:root:Lost the ball! Searching again...
INFO:root:SEARCH_BALL: Searching for the ball...
INFO:root:SEARCH_BALL: Found the ball! Approaching...
INFO:root:APPROACH_BALL: Approaching the ball...
WARNING:root:Lost the ball! Searching again...
INFO:root:SEARCH_BALL: Searching for the ball...
INFO:root:SEARCH_BALL: Found the ball! Approaching...
INFO:root:APPROACH_BALL: Approaching the ball...
WARNING:root:Lost the ball! Searching again...
INFO:root:SEARCH_BALL: Searching for the ball...
INFO:root:SEARCH_BALL: Found the ball! Approaching...
INFO:root:APPROACH_BALL: Approaching the ball...
INFO:root:Close enough to the ball, size is: 30.082529067993164
INFO:root:Centering the ball...
INFO:root:Ball centered and ready to be catched!
INFO:root:Grabbing the ball...
INFO:root:The distance to be covered is: 0.18999999999999997 meters
DEBUG:root:BALL grab_ball: encoder value is 0
WARNING:root:Didn't get the ball :(
INFO:root:SEARCH_BALL: Searching for the ball...
INFO:root:SEARCH_BALL: Found the ball! Approaching...
INFO:root:APPROACH_BALL: Approaching the ball...
INFO:root:Close enough to the ball, size is: 30.678163528442383
INFO:root:Centering the ball...
WARNING:root:Lost the ball! Searching agan...
INFO:root:SEARCH_BALL: Searching for the ball...
INFO:root:SEARCH_BALL: Found the ball! Approaching...
INFO:root:APPROACH_BALL: Approaching the ball...
INFO:root:Close enough to the ball, size is: 32.258583068847656
INFO:root:Centering the ball...
WARNING:root:Lost the ball! Searching agan...
INFO:root:SEARCH_BALL: Searching for the ball...
INFO:root:SEARCH_BALL: Found the ball! Approaching...
INFO:root:APPROACH_BALL: Approaching the ball...
INFO:root:Close enough to the ball, size is: 44.61132049560547
INFO:root:Centering the ball...
WARNING:root:Lost the ball! Searching agan...
INFO:root:SEARCH_BALL: Searching for the ball...
INFO:root:SEARCH_BALL: Found the ball! Approaching...
INFO:root:APPROACH_BALL: Approaching the ball...
INFO:root:Close enough to the ball, size is: 45.53270721435547
INFO:root:Centering the ball...
WARNING:root:Lost the ball! Searching agan...
INFO:root:SEARCH_BALL: Searching for the ball...
INFO:root:SEARCH_BALL: Found the ball! Approaching...
INFO:root:APPROACH_BALL: Approaching the ball...
INFO:root:Close enough to the ball, size is: 32.17769241333008
INFO:root:Centering the ball...
WARNING:root:Lost the ball! Searching agan...
INFO:root:SEARCH_BALL: Searching for the ball...
INFO:root:SEARCH_BALL: Found the ball! Approaching...
INFO:root:APPROACH_BALL: Approaching the ball...
INFO:root:Close enough to the ball, size is: 31.194177627563477
INFO:root:Centering the ball...
WARNING:root:Lost the ball! Searching agan...
INFO:root:SEARCH_BALL: Searching for the ball...
INFO:root:SEARCH_BALL: Found the ball! Approaching...
INFO:root:APPROACH_BALL: Approaching the ball...
INFO:root:Close enough to the ball, size is: 31.063148498535156
INFO:root:Centering the ball...
WARNING:root:Lost the ball! Searching agan...
INFO:root:SEARCH_BALL: Searching for the ball...
INFO:root:SEARCH_BALL: Found the ball! Approaching...
INFO:root:APPROACH_BALL: Approaching the ball...
WARNING:root:Lost the ball! Searching again...
INFO:root:SEARCH_BALL: Searching for the ball...
INFO:root:SEARCH_BALL: Found the ball! Approaching...
INFO:root:APPROACH_BALL: Approaching the ball...
WARNING:root:Lost the ball! Searching again...
INFO:root:SEARCH_BALL: Searching for the ball...
INFO:root:SEARCH_BALL: Found the ball! Approaching...
INFO:root:APPROACH_BALL: Approaching the ball...
WARNING:root:Lost the ball! Searching again...
INFO:root:SEARCH_BALL: Searching for the ball...
INFO:root:SEARCH_BALL: Found the ball! Approaching...
INFO:root:APPROACH_BALL: Approaching the ball...
INFO:root:Close enough to the ball, size is: 33.81525421142578
INFO:root:Centering the ball...
INFO:root:Ball centered and ready to be catched!
INFO:root:Grabbing the ball...
INFO:root:The distance to be covered is: 0.26 meters
DEBUG:root:BALL grab_ball: encoder value is 0
WARNING:root:Didn't get the ball :(
INFO:root:SEARCH_BALL: Searching for the ball...
INFO:root:SEARCH_BALL: Found the ball! Approaching...
INFO:root:APPROACH_BALL: Approaching the ball...
WARNING:root:Lost the ball! Searching again...
INFO:root:SEARCH_BALL: Searching for the ball...
INFO:root:SEARCH_BALL: Found the ball! Approaching...
INFO:root:APPROACH_BALL: Approaching the ball...
WARNING:root:Lost the ball! Searching again...
INFO:root:SEARCH_BALL: Searching for the ball...
INFO:root:SEARCH_BALL: Found the ball! Approaching...
INFO:root:APPROACH_BALL: Approaching the ball...
WARNING:root:Lost the ball! Searching again...
INFO:root:SEARCH_BALL: Searching for the ball...
INFO:root:SEARCH_BALL: Found the ball! Approaching...
INFO:root:APPROACH_BALL: Approaching the ball...
INFO:root:Close enough to the ball, size is: 30.023710250854492
INFO:root:Centering the ball...
INFO:root:Ball centered and ready to be catched!
INFO:root:Grabbing the ball...
INFO:root:The distance to be covered is: 0.18999999999999997 meters
DEBUG:root:BALL grab_ball: encoder value is 1
WARNING:root:Didn't get the ball :(
INFO:root:SEARCH_BALL: Searching for the ball...
INFO:root:SEARCH_BALL: Found the ball! Approaching...
INFO:root:APPROACH_BALL: Approaching the ball...
WARNING:root:Lost the ball! Searching again...
INFO:root:SEARCH_BALL: Searching for the ball...
INFO:root:SEARCH_BALL: Found the ball! Approaching...
INFO:root:APPROACH_BALL: Approaching the ball...
WARNING:root:Lost the ball! Searching again...
INFO:root:SEARCH_BALL: Searching for the ball...
INFO:root:SEARCH_BALL: Found the ball! Approaching...
INFO:root:APPROACH_BALL: Approaching the ball...
WARNING:root:Lost the ball! Searching again...
INFO:root:SEARCH_BALL: Searching for the ball...
INFO:root:SEARCH_BALL: Found the ball! Approaching...
INFO:root:APPROACH_BALL: Approaching the ball...
WARNING:root:Lost the ball! Searching again...
INFO:root:SEARCH_BALL: Searching for the ball...
INFO:root:SEARCH_BALL: Found the ball! Approaching...
INFO:root:APPROACH_BALL: Approaching the ball...
WARNING:root:Lost the ball! Searching again...
INFO:root:SEARCH_BALL: Searching for the ball...
INFO:root:SEARCH_BALL: Found the ball! Approaching...
INFO:root:APPROACH_BALL: Approaching the ball...
WARNING:root:Lost the ball! Searching again...
INFO:root:SEARCH_BALL: Searching for the ball...
INFO:root:SEARCH_BALL: Found the ball! Approaching...
INFO:root:APPROACH_BALL: Approaching the ball...
INFO:root:Close enough to the ball, size is: 37.53623580932617
INFO:root:Centering the ball...
INFO:root:Ball centered and ready to be catched!
INFO:root:Grabbing the ball...
INFO:root:The distance to be covered is: 0.18000000000000002 meters
DEBUG:root:BALL grab_ball: encoder value is -1
WARNING:root:Didn't get the ball :(
INFO:root:SEARCH_BALL: Searching for the ball...
INFO:root:SEARCH_BALL: Found the ball! Approaching...
INFO:root:APPROACH_BALL: Approaching the ball...
WARNING:root:Lost the ball! Searching again...
INFO:root:SEARCH_BALL: Searching for the ball...
INFO:root:SEARCH_BALL: Found the ball! Approaching...
INFO:root:APPROACH_BALL: Approaching the ball...
WARNING:root:Lost the ball! Searching again...
INFO:root:SEARCH_BALL: Searching for the ball...
INFO:root:SEARCH_BALL: Found the ball! Approaching...
INFO:root:APPROACH_BALL: Approaching the ball...
WARNING:root:Lost the ball! Searching again...
INFO:root:SEARCH_BALL: Searching for the ball...
INFO:root:SEARCH_BALL: Found the ball! Approaching...
INFO:root:APPROACH_BALL: Approaching the ball...
WARNING:root:Lost the ball! Searching again...
INFO:root:SEARCH_BALL: Searching for the ball...
INFO:root:*---------------------------------------------------------------------------*
WARNING:root:KeyboardInterrupt raised
WARNING:root:ABRUPT_STOP: abruptly stopped the robot!
DEBUG:matplotlib.axes._base:update_title_pos
DEBUG:matplotlib.font_manager:findfont: Matching :family=sans-serif:style=normal:variant=normal:weight=normal:stretch=normal:size=10.0 to DejaVu Sans ('/home/pi/.local/lib/python3.5/site-packages/matplotlib/mpl-data/fonts/ttf/DejaVuSans.ttf') with score of 0.050000.
DEBUG:matplotlib.axes._base:update_title_pos
