INFO:root:MAIN: Program started
DEBUG:root:GENERATE_GRID: no hay que mezclar
INFO:root:ROBOT: Robot set up!
INFO:root:ROBOT: Odometry was started, PID: 13914:
INFO:root:MAIN: Initial location: 2.2, 2.6, -1.5707963267948966
INFO:root:*---------------------------------------------------------------------------*
INFO:root:SEARCH_BALL: Searching for the ball...
INFO:root:SEARCH_BALL: Found the ball! Approaching...
INFO:root:APPROACH_BALL: Approaching the ball...
INFO:root:Close enough to the ball, size is: 31.130483627319336
INFO:root:Centering the ball...
WARNING:root:Lost the ball! Searching agan...
INFO:root:SEARCH_BALL: Searching for the ball...
INFO:root:SEARCH_BALL: Found the ball! Approaching...
INFO:root:APPROACH_BALL: Approaching the ball...
WARNING:root:Lost the ball! Searching again...
INFO:root:SEARCH_BALL: Searching for the ball...
INFO:root:SEARCH_BALL: Found the ball! Approaching...
INFO:root:APPROACH_BALL: Approaching the ball...
WARNING:root:Lost the ball! Searching again...
INFO:root:SEARCH_BALL: Searching for the ball...
INFO:root:SEARCH_BALL: Found the ball! Approaching...
INFO:root:APPROACH_BALL: Approaching the ball...
INFO:root:Close enough to the ball, size is: 30.206722259521484
INFO:root:Centering the ball...
INFO:root:Ball centered and ready to be catched!
INFO:root:Grabbing the ball...
INFO:root:SEARCH_BALL: Searching for the ball...
INFO:root:SEARCH_BALL: Found the ball! Approaching...
INFO:root:APPROACH_BALL: Approaching the ball...
INFO:root:Close enough to the ball, size is: 30.952451705932617
INFO:root:Centering the ball...
INFO:root:Ball centered and ready to be catched!
INFO:root:Grabbing the ball...
INFO:root:The distance to be covered is: 0.23 meters
DEBUG:root:BALL grab_ball: encoder value is 0
WARNING:root:Didn't get the ball :(
INFO:root:SEARCH_BALL: Searching for the ball...
INFO:root:SEARCH_BALL: Found the ball! Approaching...
INFO:root:APPROACH_BALL: Approaching the ball...
INFO:root:Close enough to the ball, size is: 39.4686393737793
INFO:root:Centering the ball...
WARNING:root:Lost the ball! Searching agan...
INFO:root:SEARCH_BALL: Searching for the ball...
INFO:root:SEARCH_BALL: Found the ball! Approaching...
INFO:root:APPROACH_BALL: Approaching the ball...
WARNING:root:Lost the ball! Searching again...
INFO:root:SEARCH_BALL: Searching for the ball...
INFO:root:SEARCH_BALL: Found the ball! Approaching...
INFO:root:APPROACH_BALL: Approaching the ball...
WARNING:root:Lost the ball! Searching again...
INFO:root:SEARCH_BALL: Searching for the ball...
INFO:root:SEARCH_BALL: Found the ball! Approaching...
INFO:root:APPROACH_BALL: Approaching the ball...
INFO:root:Close enough to the ball, size is: 30.922626495361328
INFO:root:Centering the ball...
INFO:root:Ball centered and ready to be catched!
INFO:root:Grabbing the ball...
INFO:root:The distance to be covered is: 0.19999999999999998 meters
DEBUG:root:BALL grab_ball: encoder value is 0
WARNING:root:Didn't get the ball :(
INFO:root:SEARCH_BALL: Searching for the ball...
INFO:root:SEARCH_BALL: Found the ball! Approaching...
INFO:root:APPROACH_BALL: Approaching the ball...
WARNING:root:Lost the ball! Searching again...
INFO:root:SEARCH_BALL: Searching for the ball...
INFO:root:SEARCH_BALL: Found the ball! Approaching...
INFO:root:APPROACH_BALL: Approaching the ball...
WARNING:root:Lost the ball! Searching again...
INFO:root:SEARCH_BALL: Searching for the ball...
INFO:root:SEARCH_BALL: Found the ball! Approaching...
INFO:root:APPROACH_BALL: Approaching the ball...
INFO:root:Close enough to the ball, size is: 34.063018798828125
INFO:root:Centering the ball...
WARNING:root:Lost the ball! Searching agan...
INFO:root:SEARCH_BALL: Searching for the ball...
INFO:root:SEARCH_BALL: Found the ball! Approaching...
INFO:root:APPROACH_BALL: Approaching the ball...
WARNING:root:Lost the ball! Searching again...
INFO:root:SEARCH_BALL: Searching for the ball...
INFO:root:SEARCH_BALL: Found the ball! Approaching...
INFO:root:APPROACH_BALL: Approaching the ball...
INFO:root:Close enough to the ball, size is: 36.08795166015625
INFO:root:Centering the ball...
INFO:root:Ball centered and ready to be catched!
INFO:root:Grabbing the ball...
INFO:root:The distance to be covered is: 0.22 meters
DEBUG:root:BALL grab_ball: encoder value is 0
WARNING:root:Didn't get the ball :(
INFO:root:SEARCH_BALL: Searching for the ball...
INFO:root:SEARCH_BALL: Found the ball! Approaching...
INFO:root:APPROACH_BALL: Approaching the ball...
INFO:root:Close enough to the ball, size is: 38.3658332824707
INFO:root:Centering the ball...
WARNING:root:Lost the ball! Searching agan...
INFO:root:SEARCH_BALL: Searching for the ball...
INFO:root:SEARCH_BALL: Found the ball! Approaching...
INFO:root:APPROACH_BALL: Approaching the ball...
INFO:root:Close enough to the ball, size is: 30.036685943603516
INFO:root:Centering the ball...
INFO:root:Ball centered and ready to be catched!
INFO:root:Grabbing the ball...
INFO:root:The distance to be covered is: 0.18000000000000002 meters
DEBUG:root:BALL grab_ball: encoder value is 2
INFO:root:Got the ball!
INFO:root:Odometry was stopped
DEBUG:matplotlib.axes._base:update_title_pos
DEBUG:matplotlib.font_manager:findfont: Matching :family=sans-serif:style=normal:variant=normal:weight=normal:stretch=normal:size=10.0 to DejaVu Sans ('/home/pi/.local/lib/python3.5/site-packages/matplotlib/mpl-data/fonts/ttf/DejaVuSans.ttf') with score of 0.050000.
DEBUG:matplotlib.axes._base:update_title_pos
