INFO:root:MAIN: Program started
DEBUG:root:GENERATE_GRID: no hay que mezclar
INFO:root:ROBOT: Robot set up!
INFO:root:ROBOT: Odometry was started, PID: 18249:
INFO:root:MAIN: Initial location: 2.2, 2.6, -1.5707963267948966
INFO:root:*---------------------------------------------------------------------------*
INFO:root:Searching the ball...
INFO:root:Found the ball! Approaching...
INFO:root:Approaching the ball...
INFO:root:Close enough to the ball, size is: 30.56611442565918
INFO:root:Centering the ball...
INFO:root:The ball's x position is: 77.04403686523438
INFO:root:The ball's x position is: 77.28870391845703
INFO:root:The ball's x position is: 77.70915985107422
INFO:root:The ball's x position is: 77.98627471923828
INFO:root:The ball's x position is: 78.2898178100586
INFO:root:Ball centered and ready to be catched!
INFO:root:Grabbing the ball...
INFO:root:The distance to be covered is: 0.18000000000000002 meters
DEBUG:root:BALL grab_ball: encoder value is 0
WARNING:root:Didn't get the ball :(
INFO:root:Searching the ball...
INFO:root:Found the ball! Approaching...
INFO:root:Approaching the ball...
INFO:root:Close enough to the ball, size is: 31.654056549072266
INFO:root:Centering the ball...
INFO:root:The ball's x position is: 79.18010711669922
INFO:root:Ball centered and ready to be catched!
INFO:root:Grabbing the ball...
INFO:root:Searching the ball...
INFO:root:Found the ball! Approaching...
INFO:root:Approaching the ball...
INFO:root:Close enough to the ball, size is: 31.610872268676758
INFO:root:Centering the ball...
WARNING:root:Lost the ball! Searching agan...
INFO:root:Searching the ball...
INFO:root:Found the ball! Approaching...
INFO:root:Approaching the ball...
INFO:root:Close enough to the ball, size is: 30.418903350830078
INFO:root:Centering the ball...
INFO:root:The ball's x position is: 85.7730484008789
INFO:root:The ball's x position is: 85.71571350097656
INFO:root:The ball's x position is: 85.619873046875
INFO:root:The ball's x position is: 85.90841674804688
INFO:root:The ball's x position is: 85.35236358642578
INFO:root:The ball's x position is: 84.52869415283203
INFO:root:The ball's x position is: 83.82102966308594
INFO:root:The ball's x position is: 84.00785827636719
INFO:root:The ball's x position is: 83.3720932006836
INFO:root:The ball's x position is: 82.43973541259766
INFO:root:The ball's x position is: 81.33228302001953
INFO:root:Ball centered and ready to be catched!
INFO:root:Grabbing the ball...
INFO:root:The distance to be covered is: 0.22 meters
DEBUG:root:BALL grab_ball: encoder value is 0
WARNING:root:Didn't get the ball :(
INFO:root:Searching the ball...
INFO:root:Found the ball! Approaching...
INFO:root:Approaching the ball...
INFO:root:Close enough to the ball, size is: 30.593156814575195
INFO:root:Centering the ball...
INFO:root:The ball's x position is: 75.04254913330078
INFO:root:The ball's x position is: 76.70755004882812
INFO:root:The ball's x position is: 77.40725708007812
INFO:root:The ball's x position is: 78.09610748291016
INFO:root:Ball centered and ready to be catched!
INFO:root:Grabbing the ball...
INFO:root:Searching the ball...
INFO:root:Found the ball! Approaching...
INFO:root:Approaching the ball...
INFO:root:Close enough to the ball, size is: 31.398902893066406
INFO:root:Centering the ball...
INFO:root:The ball's x position is: 75.60985565185547
INFO:root:The ball's x position is: 78.55750274658203
INFO:root:Ball centered and ready to be catched!
INFO:root:Grabbing the ball...
INFO:root:Searching the ball...
INFO:root:Found the ball! Approaching...
INFO:root:Approaching the ball...
INFO:root:Close enough to the ball, size is: 30.878780364990234
INFO:root:Centering the ball...
INFO:root:The ball's x position is: 96.7015380859375
INFO:root:The ball's x position is: 98.5357894897461
INFO:root:The ball's x position is: 99.55284118652344
INFO:root:The ball's x position is: 98.56914520263672
INFO:root:The ball's x position is: 97.53237915039062
INFO:root:The ball's x position is: 93.31498718261719
INFO:root:The ball's x position is: 90.24397277832031
INFO:root:The ball's x position is: 88.15878295898438
INFO:root:The ball's x position is: 85.67255401611328
INFO:root:The ball's x position is: 80.13421630859375
INFO:root:Ball centered and ready to be catched!
INFO:root:Grabbing the ball...
INFO:root:Searching the ball...
INFO:root:Found the ball! Approaching...
INFO:root:Approaching the ball...
INFO:root:Close enough to the ball, size is: 48.708763122558594
INFO:root:Centering the ball...
INFO:root:The ball's x position is: 62.28411102294922
INFO:root:The ball's x position is: 57.22549819946289
INFO:root:The ball's x position is: 55.0794563293457
INFO:root:The ball's x position is: 52.3071174621582
INFO:root:The ball's x position is: 50.95801544189453
INFO:root:The ball's x position is: 50.60871887207031
INFO:root:The ball's x position is: 51.771732330322266
INFO:root:The ball's x position is: 51.591583251953125
INFO:root:The ball's x position is: 51.184574127197266
INFO:root:The ball's x position is: 51.412227630615234
INFO:root:The ball's x position is: 53.716949462890625
INFO:root:The ball's x position is: 55.54880142211914
INFO:root:The ball's x position is: 58.22917175292969
INFO:root:The ball's x position is: 61.46962356567383
INFO:root:The ball's x position is: 68.04907989501953
INFO:root:The ball's x position is: 70.61931610107422
INFO:root:The ball's x position is: 75.32353210449219
INFO:root:The ball's x position is: 80.87400817871094
INFO:root:Ball centered and ready to be catched!
INFO:root:Grabbing the ball...
INFO:root:Searching the ball...
INFO:root:Found the ball! Approaching...
INFO:root:Approaching the ball...
INFO:root:Close enough to the ball, size is: 42.483585357666016
INFO:root:Centering the ball...
INFO:root:The ball's x position is: 104.5928726196289
INFO:root:The ball's x position is: 110.49372100830078
INFO:root:The ball's x position is: 116.38177490234375
WARNING:root:Lost the ball! Searching agan...
INFO:root:Searching the ball...
INFO:root:Found the ball! Approaching...
INFO:root:Approaching the ball...
WARNING:root:Lost the ball! Searching again...
INFO:root:Searching the ball...
INFO:root:Found the ball! Approaching...
INFO:root:Approaching the ball...
WARNING:root:Lost the ball! Searching again...
INFO:root:Searching the ball...
INFO:root:Found the ball! Approaching...
INFO:root:Approaching the ball...
INFO:root:Close enough to the ball, size is: 30.305166244506836
INFO:root:Centering the ball...
INFO:root:The ball's x position is: 78.29627990722656
INFO:root:Ball centered and ready to be catched!
INFO:root:Grabbing the ball...
INFO:root:The distance to be covered is: 0.19999999999999998 meters
DEBUG:root:BALL grab_ball: encoder value is 2
INFO:root:Got the ball!
INFO:root:Odometry was stopped
DEBUG:matplotlib.axes._base:update_title_pos
DEBUG:matplotlib.font_manager:findfont: Matching :family=sans-serif:style=normal:variant=normal:weight=normal:stretch=normal:size=10.0 to DejaVu Sans ('/home/pi/.local/lib/python3.5/site-packages/matplotlib/mpl-data/fonts/ttf/DejaVuSans.ttf') with score of 0.050000.
DEBUG:matplotlib.axes._base:update_title_pos
