INFO:root:MAIN: Program started
INFO:root:ROBOT: Robot set up!
INFO:root:ROBOT: Odometry was started, PID: 19613:
INFO:root:MAIN: Initial location: 2.2, 2.6, -1.5707963267948966


INFO:root:A PICTURE WAS MADE
INFO:root:Found the ball! Approaching...
INFO:root:A PICTURE WAS MADE
INFO:root:Close enough to the ball, size is: 75.17082977294922
INFO:root:Centering the ball...
INFO:root:A PICTURE WAS MADE
INFO:root:The ball's x position is: 396.4203186035156
INFO:root:A PICTURE WAS MADE
INFO:root:The ball's x position is: 402.1013488769531
INFO:root:A PICTURE WAS MADE
INFO:root:The ball's x position is: 37.02777862548828
INFO:root:A PICTURE WAS MADE
INFO:root:A PICTURE WAS MADE
INFO:root:A PICTURE WAS MADE
INFO:root:A PICTURE WAS MADE
INFO:root:A PICTURE WAS MADE
INFO:root:A PICTURE WAS MADE
INFO:root:A PICTURE WAS MADE
INFO:root:The ball's x position is: 612.730712890625
INFO:root:A PICTURE WAS MADE
INFO:root:The ball's x position is: 142.34414672851562
INFO:root:A PICTURE WAS MADE
INFO:root:The ball's x position is: 352.4887390136719
WARNING:root:KeyboardInterrupt raised
WARNING:root:Abruptly stopped the robot!
DEBUG:matplotlib.font_manager:findfont: Matching :family=sans-serif:style=normal:variant=normal:weight=normal:stretch=normal:size=10.0 to DejaVu Sans ('/home/pi/.local/lib/python3.5/site-packages/matplotlib/mpl-data/fonts/ttf/DejaVuSans.ttf') with score of 0.050000.
DEBUG:matplotlib.axes._base:update_title_pos
DEBUG:matplotlib.axes._base:update_title_pos
DEBUG:matplotlib.axes._base:update_title_pos
