INFO:root:MAIN: Program started
DEBUG:root:GENERATE_GRID: no hay que mezclar
INFO:root:ROBOT: Robot set up!
INFO:root:ROBOT: Odometry was started, PID: 14223:
INFO:root:MAIN: Initial location: 2.2, 2.6, -1.5707963267948966
INFO:root:*---------------------------------------------------------------------------*
INFO:root:Searching the ball...
INFO:root:Found the ball! Approaching...
INFO:root:Approaching the ball...
INFO:root:Close enough to the ball, size is: 27.37123680114746
INFO:root:Centering the ball...
INFO:root:The ball's x position is: 74.54771423339844
INFO:root:The ball's x position is: 74.65780639648438
INFO:root:The ball's x position is: 75.0698013305664
INFO:root:Ball centered and ready to be catched!
INFO:root:Grabbing the ball...
INFO:root:The distance to be covered is: 0.18999999999999997 meters
DEBUG:root:BALL grab_ball: encoder value is 0
WARNING:root:Didn't get the ball :(
INFO:root:Searching the ball...
INFO:root:Found the ball! Approaching...
INFO:root:Approaching the ball...
INFO:root:Close enough to the ball, size is: 29.1805477142334
INFO:root:Centering the ball...
INFO:root:The ball's x position is: 77.01655578613281
INFO:root:Ball centered and ready to be catched!
INFO:root:Grabbing the ball...
INFO:root:Searching the ball...
INFO:root:Found the ball! Approaching...
INFO:root:Approaching the ball...
INFO:root:Close enough to the ball, size is: 30.052940368652344
INFO:root:Centering the ball...
WARNING:root:Lost the ball! Searching agan...
INFO:root:Searching the ball...
INFO:root:Found the ball! Approaching...
INFO:root:Approaching the ball...
INFO:root:Close enough to the ball, size is: 29.7873477935791
INFO:root:Centering the ball...
INFO:root:The ball's x position is: 124.13333129882812
INFO:root:The ball's x position is: 126.21417999267578
INFO:root:The ball's x position is: 133.1262969970703
INFO:root:The ball's x position is: 138.22500610351562
INFO:root:The ball's x position is: 141.0725555419922
INFO:root:The ball's x position is: 141.03822326660156
INFO:root:The ball's x position is: 139.4259490966797
INFO:root:The ball's x position is: 138.74729919433594
INFO:root:The ball's x position is: 138.02981567382812
INFO:root:The ball's x position is: 137.679443359375
INFO:root:The ball's x position is: 135.94757080078125
INFO:root:The ball's x position is: 135.55625915527344
INFO:root:The ball's x position is: 134.92141723632812
INFO:root:The ball's x position is: 130.9915008544922
INFO:root:The ball's x position is: 129.56939697265625
INFO:root:The ball's x position is: 128.15179443359375
INFO:root:The ball's x position is: 127.09270477294922
INFO:root:The ball's x position is: 125.79828643798828
INFO:root:The ball's x position is: 124.68980407714844
INFO:root:The ball's x position is: 121.6697998046875
INFO:root:The ball's x position is: 119.49232482910156
INFO:root:The ball's x position is: 117.60737609863281
INFO:root:The ball's x position is: 114.57650756835938
INFO:root:The ball's x position is: 112.64774322509766
INFO:root:The ball's x position is: 112.21922302246094
INFO:root:The ball's x position is: 107.07594299316406
INFO:root:The ball's x position is: 105.0949478149414
INFO:root:The ball's x position is: 106.87047576904297
INFO:root:The ball's x position is: 105.83514404296875
INFO:root:The ball's x position is: 99.33218383789062
INFO:root:The ball's x position is: 98.2906723022461
INFO:root:The ball's x position is: 97.39408111572266
INFO:root:The ball's x position is: 92.7245101928711
INFO:root:The ball's x position is: 90.95355224609375
INFO:root:The ball's x position is: 129.7578582763672
INFO:root:The ball's x position is: 86.3190689086914
INFO:root:The ball's x position is: 84.51878356933594
INFO:root:Ball centered and ready to be catched!
INFO:root:Grabbing the ball...
INFO:root:The distance to be covered is: 0.28 meters
DEBUG:root:BALL grab_ball: encoder value is 0
WARNING:root:Didn't get the ball :(
INFO:root:Searching the ball...
INFO:root:Found the ball! Approaching...
INFO:root:Approaching the ball...
WARNING:root:Lost the ball! Searching again...
INFO:root:Searching the ball...
INFO:root:Found the ball! Approaching...
INFO:root:Approaching the ball...
WARNING:root:Lost the ball! Searching again...
INFO:root:Searching the ball...
INFO:root:Found the ball! Approaching...
INFO:root:Approaching the ball...
INFO:root:Close enough to the ball, size is: 27.28533363342285
INFO:root:Centering the ball...
INFO:root:The ball's x position is: 95.7498550415039
INFO:root:The ball's x position is: 95.86966705322266
INFO:root:The ball's x position is: 95.84412384033203
INFO:root:The ball's x position is: 95.73535919189453
INFO:root:The ball's x position is: 95.50894927978516
INFO:root:The ball's x position is: 94.90904998779297
INFO:root:The ball's x position is: 94.66007995605469
INFO:root:The ball's x position is: 95.2663345336914
INFO:root:The ball's x position is: 97.21432495117188
INFO:root:The ball's x position is: 97.29202270507812
INFO:root:The ball's x position is: 97.70408630371094
INFO:root:The ball's x position is: 97.70207977294922
INFO:root:The ball's x position is: 97.1147232055664
INFO:root:The ball's x position is: 95.96566772460938
INFO:root:The ball's x position is: 95.22488403320312
INFO:root:The ball's x position is: 94.62010192871094
INFO:root:The ball's x position is: 93.44668579101562
INFO:root:The ball's x position is: 92.12793731689453
INFO:root:The ball's x position is: 91.00647735595703
INFO:root:The ball's x position is: 87.82444763183594
INFO:root:The ball's x position is: 86.56864929199219
INFO:root:The ball's x position is: 85.03849792480469
INFO:root:The ball's x position is: 83.59445190429688
INFO:root:Ball centered and ready to be catched!
INFO:root:Grabbing the ball...
INFO:root:The distance to be covered is: 0.21 meters
DEBUG:root:BALL grab_ball: encoder value is 1
WARNING:root:Didn't get the ball :(
INFO:root:Searching the ball...
INFO:root:Found the ball! Approaching...
INFO:root:Approaching the ball...
INFO:root:Close enough to the ball, size is: 29.39455795288086
INFO:root:Centering the ball...
INFO:root:The ball's x position is: 78.86808776855469
INFO:root:Ball centered and ready to be catched!
INFO:root:Grabbing the ball...
INFO:root:The distance to be covered is: 0.19999999999999998 meters
DEBUG:root:BALL grab_ball: encoder value is 0
WARNING:root:Didn't get the ball :(
INFO:root:Searching the ball...
INFO:root:Found the ball! Approaching...
INFO:root:Approaching the ball...
INFO:root:Close enough to the ball, size is: 27.677953720092773
INFO:root:Centering the ball...
INFO:root:The ball's x position is: 95.92684936523438
INFO:root:The ball's x position is: 95.95205688476562
INFO:root:The ball's x position is: 95.93383026123047
WARNING:root:Lost the ball! Searching agan...
INFO:root:Searching the ball...
INFO:root:Found the ball! Approaching...
INFO:root:Approaching the ball...
INFO:root:Close enough to the ball, size is: 29.01386070251465
INFO:root:Centering the ball...
INFO:root:The ball's x position is: 61.85687255859375
INFO:root:The ball's x position is: 61.15793991088867
INFO:root:The ball's x position is: 60.54054641723633
INFO:root:The ball's x position is: 59.81932830810547
INFO:root:The ball's x position is: 58.394264221191406
INFO:root:The ball's x position is: 57.68386459350586
INFO:root:The ball's x position is: 56.9802360534668
INFO:root:The ball's x position is: 56.169437408447266
INFO:root:The ball's x position is: 54.139060974121094
INFO:root:The ball's x position is: 53.210350036621094
INFO:root:The ball's x position is: 52.58576583862305
INFO:root:The ball's x position is: 52.15213394165039
INFO:root:The ball's x position is: 52.414798736572266
INFO:root:The ball's x position is: 53.768062591552734
INFO:root:The ball's x position is: 54.45340347290039
INFO:root:The ball's x position is: 55.61206817626953
INFO:root:The ball's x position is: 56.812278747558594
INFO:root:The ball's x position is: 59.601322174072266
INFO:root:The ball's x position is: 61.047630310058594
INFO:root:The ball's x position is: 62.55144500732422
INFO:root:The ball's x position is: 64.10032653808594
INFO:root:The ball's x position is: 65.92683410644531
INFO:root:The ball's x position is: 70.5972671508789
INFO:root:The ball's x position is: 73.02159118652344
INFO:root:The ball's x position is: 75.39603424072266
INFO:root:Ball centered and ready to be catched!
INFO:root:Grabbing the ball...
INFO:root:The distance to be covered is: 0.16 meters
DEBUG:root:BALL grab_ball: encoder value is 0
WARNING:root:Didn't get the ball :(
INFO:root:Searching the ball...
INFO:root:Found the ball! Approaching...
INFO:root:Approaching the ball...
INFO:root:Close enough to the ball, size is: 28.421016693115234
INFO:root:Centering the ball...
INFO:root:The ball's x position is: 84.62681579589844
INFO:root:Ball centered and ready to be catched!
INFO:root:Grabbing the ball...
INFO:root:The distance to be covered is: 0.28 meters
DEBUG:root:BALL grab_ball: encoder value is -1
WARNING:root:Didn't get the ball :(
INFO:root:Searching the ball...
INFO:root:Found the ball! Approaching...
INFO:root:Approaching the ball...
WARNING:root:Lost the ball! Searching again...
INFO:root:Searching the ball...
INFO:root:Searching the ball...
INFO:root:Searching the ball...
INFO:root:Found the ball! Approaching...
INFO:root:Approaching the ball...
INFO:root:Close enough to the ball, size is: 27.170387268066406
INFO:root:Centering the ball...
INFO:root:The ball's x position is: 75.17864227294922
INFO:root:Ball centered and ready to be catched!
INFO:root:Grabbing the ball...
INFO:root:The distance to be covered is: 0.15 meters
DEBUG:root:BALL grab_ball: encoder value is 3
INFO:root:Got the ball!
INFO:root:Odometry was stopped
DEBUG:matplotlib.font_manager:findfont: Matching :family=sans-serif:style=normal:variant=normal:weight=normal:stretch=normal:size=10.0 to DejaVu Sans ('/home/pi/.local/lib/python3.5/site-packages/matplotlib/mpl-data/fonts/ttf/DejaVuSans.ttf') with score of 0.050000.
DEBUG:matplotlib.axes._base:update_title_pos
DEBUG:matplotlib.axes._base:update_title_pos
DEBUG:matplotlib.axes._base:update_title_pos
