INFO:root:MAIN: Program started
DEBUG:root:GENERATE_GRID: no hay que mezclar
INFO:root:ROBOT: Robot set up!
INFO:root:ROBOT: Odometry was started, PID: 7037:
INFO:root:MAIN: Initial location: 2.2, 2.6, -1.5707963267948966
INFO:root:*---------------------------------------------------------------------------*
INFO:root:SEARCH_BALL: Searching for the ball...
INFO:root:SEARCH_BALL: Found the ball! Approaching...
INFO:root:APPROACH_BALL: Approaching the ball...
WARNING:root:Lost the ball! Searching again...
INFO:root:SEARCH_BALL: Searching for the ball...
INFO:root:SEARCH_BALL: Found the ball! Approaching...
INFO:root:APPROACH_BALL: Approaching the ball...
WARNING:root:Lost the ball! Searching again...
INFO:root:SEARCH_BALL: Searching for the ball...
INFO:root:SEARCH_BALL: Found the ball! Approaching...
INFO:root:APPROACH_BALL: Approaching the ball...
INFO:root:Close enough to the ball, size is: 30.330766677856445
INFO:root:Centering the ball...
WARNING:root:Lost the ball! Searching agan...
INFO:root:SEARCH_BALL: Searching for the ball...
INFO:root:SEARCH_BALL: Found the ball! Approaching...
INFO:root:APPROACH_BALL: Approaching the ball...
WARNING:root:Lost the ball! Searching again...
INFO:root:SEARCH_BALL: Searching for the ball...
INFO:root:SEARCH_BALL: Found the ball! Approaching...
INFO:root:APPROACH_BALL: Approaching the ball...
WARNING:root:Lost the ball! Searching again...
INFO:root:SEARCH_BALL: Searching for the ball...
INFO:root:SEARCH_BALL: Found the ball! Approaching...
INFO:root:APPROACH_BALL: Approaching the ball...
WARNING:root:Lost the ball! Searching again...
INFO:root:SEARCH_BALL: Searching for the ball...
INFO:root:SEARCH_BALL: Found the ball! Approaching...
INFO:root:APPROACH_BALL: Approaching the ball...
WARNING:root:Lost the ball! Searching again...
INFO:root:SEARCH_BALL: Searching for the ball...
INFO:root:SEARCH_BALL: Found the ball! Approaching...
INFO:root:APPROACH_BALL: Approaching the ball...
WARNING:root:Lost the ball! Searching again...
INFO:root:SEARCH_BALL: Searching for the ball...
INFO:root:SEARCH_BALL: Found the ball! Approaching...
INFO:root:APPROACH_BALL: Approaching the ball...
WARNING:root:Lost the ball! Searching again...
INFO:root:SEARCH_BALL: Searching for the ball...
INFO:root:SEARCH_BALL: Found the ball! Approaching...
INFO:root:APPROACH_BALL: Approaching the ball...
WARNING:root:Lost the ball! Searching again...
INFO:root:SEARCH_BALL: Searching for the ball...
INFO:root:SEARCH_BALL: Found the ball! Approaching...
INFO:root:APPROACH_BALL: Approaching the ball...
INFO:root:Close enough to the ball, size is: 31.214330673217773
INFO:root:Centering the ball...
WARNING:root:Lost the ball! Searching agan...
INFO:root:SEARCH_BALL: Searching for the ball...
INFO:root:SEARCH_BALL: Found the ball! Approaching...
INFO:root:APPROACH_BALL: Approaching the ball...
WARNING:root:Lost the ball! Searching again...
INFO:root:SEARCH_BALL: Searching for the ball...
INFO:root:SEARCH_BALL: Found the ball! Approaching...
INFO:root:APPROACH_BALL: Approaching the ball...
INFO:root:Close enough to the ball, size is: 30.443145751953125
INFO:root:Centering the ball...
INFO:root:Ball centered and ready to be catched!
INFO:root:Grabbing the ball...
INFO:root:The distance to be covered is: 0.15 meters
DEBUG:root:BALL grab_ball: encoder value is 1
WARNING:root:Didn't get the ball :(
INFO:root:SEARCH_BALL: Searching for the ball...
INFO:root:SEARCH_BALL: Found the ball! Approaching...
INFO:root:APPROACH_BALL: Approaching the ball...
INFO:root:Close enough to the ball, size is: 31.143383026123047
INFO:root:Centering the ball...
INFO:root:Ball centered and ready to be catched!
INFO:root:Grabbing the ball...
INFO:root:SEARCH_BALL: Searching for the ball...
INFO:root:SEARCH_BALL: Found the ball! Approaching...
INFO:root:APPROACH_BALL: Approaching the ball...
INFO:root:Close enough to the ball, size is: 30.246780395507812
INFO:root:Centering the ball...
WARNING:root:Lost the ball! Searching agan...
INFO:root:SEARCH_BALL: Searching for the ball...
INFO:root:SEARCH_BALL: Found the ball! Approaching...
INFO:root:APPROACH_BALL: Approaching the ball...
INFO:root:Close enough to the ball, size is: 30.10442543029785
INFO:root:Centering the ball...
INFO:root:Ball centered and ready to be catched!
INFO:root:Grabbing the ball...
INFO:root:The distance to be covered is: 0.18000000000000002 meters
DEBUG:root:BALL grab_ball: encoder value is 0
WARNING:root:Didn't get the ball :(
INFO:root:SEARCH_BALL: Searching for the ball...
INFO:root:SEARCH_BALL: Found the ball! Approaching...
INFO:root:APPROACH_BALL: Approaching the ball...
INFO:root:Close enough to the ball, size is: 30.376007080078125
INFO:root:Centering the ball...
WARNING:root:Lost the ball! Searching agan...
INFO:root:SEARCH_BALL: Searching for the ball...
INFO:root:SEARCH_BALL: Found the ball! Approaching...
INFO:root:APPROACH_BALL: Approaching the ball...
INFO:root:Close enough to the ball, size is: 30.34500503540039
INFO:root:Centering the ball...
INFO:root:Ball centered and ready to be catched!
INFO:root:Grabbing the ball...
INFO:root:The distance to be covered is: 0.13999999999999999 meters
DEBUG:root:BALL grab_ball: encoder value is 3
INFO:root:Got the ball!
INFO:root:Odometry was stopped
DEBUG:matplotlib.axes._base:update_title_pos
DEBUG:matplotlib.font_manager:findfont: Matching :family=sans-serif:style=normal:variant=normal:weight=normal:stretch=normal:size=10.0 to DejaVu Sans ('/home/pi/.local/lib/python3.5/site-packages/matplotlib/mpl-data/fonts/ttf/DejaVuSans.ttf') with score of 0.050000.
DEBUG:matplotlib.axes._base:update_title_pos
