INFO:root:MAIN: Program started
DEBUG:root:GENERATE_GRID: no hay que mezclar
INFO:root:ROBOT: Robot set up!
INFO:root:ROBOT: Odometry was started, PID: 5009:
INFO:root:MAIN: Initial location: 2.2, 2.6, -1.5707963267948966
INFO:root:*---------------------------------------------------------------------------*
INFO:root:Searching the ball...
INFO:root:Found the ball! Approaching...
INFO:root:Approaching the ball...
INFO:root:Close enough to the ball, size is: 27.043088912963867
INFO:root:Centering the ball...
INFO:root:The ball's x position is: 80.95917510986328
INFO:root:Ball centered and ready to be catched!
INFO:root:Grabbing the ball...
INFO:root:The distance to be covered is: 0.24999999999999997 meters
DEBUG:root:BALL grab_ball: encoder value is 1
WARNING:root:Didn't get the ball :(
INFO:root:Searching the ball...
INFO:root:Found the ball! Approaching...
INFO:root:Approaching the ball...
INFO:root:Close enough to the ball, size is: 27.163938522338867
INFO:root:Centering the ball...
INFO:root:The ball's x position is: 80.32875061035156
INFO:root:Ball centered and ready to be catched!
INFO:root:Grabbing the ball...
INFO:root:The distance to be covered is: 0.13999999999999999 meters
DEBUG:root:BALL grab_ball: encoder value is 0
WARNING:root:Didn't get the ball :(
INFO:root:Searching the ball...
INFO:root:Found the ball! Approaching...
INFO:root:Approaching the ball...
INFO:root:Close enough to the ball, size is: 29.425851821899414
INFO:root:Centering the ball...
INFO:root:The ball's x position is: 149.10659790039062
INFO:root:The ball's x position is: 147.0724639892578
INFO:root:The ball's x position is: 144.1787109375
WARNING:root:Lost the ball! Searching agan...
INFO:root:Searching the ball...
INFO:root:Found the ball! Approaching...
INFO:root:Approaching the ball...
INFO:root:Close enough to the ball, size is: 27.17125129699707
INFO:root:Centering the ball...
INFO:root:The ball's x position is: 101.75939178466797
INFO:root:The ball's x position is: 101.4531021118164
INFO:root:The ball's x position is: 100.63594055175781
INFO:root:The ball's x position is: 100.0541763305664
INFO:root:The ball's x position is: 98.76107025146484
INFO:root:The ball's x position is: 97.27738189697266
INFO:root:The ball's x position is: 95.90162658691406
INFO:root:The ball's x position is: 95.03520965576172
INFO:root:The ball's x position is: 94.94334411621094
INFO:root:The ball's x position is: 94.47663879394531
INFO:root:The ball's x position is: 94.63226318359375
INFO:root:The ball's x position is: 92.5401611328125
INFO:root:The ball's x position is: 90.42011260986328
INFO:root:The ball's x position is: 87.7558364868164
INFO:root:The ball's x position is: 85.86236572265625
INFO:root:The ball's x position is: 83.3243637084961
INFO:root:Ball centered and ready to be catched!
INFO:root:Grabbing the ball...
INFO:root:Searching the ball...
INFO:root:Found the ball! Approaching...
INFO:root:Approaching the ball...
INFO:root:Close enough to the ball, size is: 27.05457305908203
INFO:root:Centering the ball...
INFO:root:The ball's x position is: 36.38967514038086
INFO:root:The ball's x position is: 40.33041763305664
INFO:root:The ball's x position is: 43.85623550415039
INFO:root:The ball's x position is: 47.99860763549805
INFO:root:The ball's x position is: 56.07537078857422
INFO:root:The ball's x position is: 60.443626403808594
INFO:root:The ball's x position is: 63.630767822265625
INFO:root:The ball's x position is: 65.81939697265625
INFO:root:The ball's x position is: 67.096435546875
INFO:root:The ball's x position is: 67.83598327636719
INFO:root:The ball's x position is: 69.90253448486328
INFO:root:The ball's x position is: 71.693359375
INFO:root:The ball's x position is: 73.97257232666016
INFO:root:The ball's x position is: 76.30253601074219
INFO:root:Ball centered and ready to be catched!
INFO:root:Grabbing the ball...
INFO:root:Searching the ball...
INFO:root:Found the ball! Approaching...
INFO:root:Approaching the ball...
INFO:root:Close enough to the ball, size is: 27.010778427124023
INFO:root:Centering the ball...
INFO:root:The ball's x position is: 82.0002670288086
INFO:root:Ball centered and ready to be catched!
INFO:root:Grabbing the ball...
INFO:root:Searching the ball...
INFO:root:Found the ball! Approaching...
INFO:root:Approaching the ball...
INFO:root:Close enough to the ball, size is: 27.192184448242188
INFO:root:Centering the ball...
INFO:root:The ball's x position is: 73.37040710449219
INFO:root:The ball's x position is: 71.72959899902344
INFO:root:The ball's x position is: 69.80074310302734
INFO:root:The ball's x position is: 49.59895324707031
INFO:root:The ball's x position is: 47.70793533325195
INFO:root:The ball's x position is: 47.20691680908203
INFO:root:The ball's x position is: 46.46908187866211
INFO:root:The ball's x position is: 45.43773651123047
INFO:root:The ball's x position is: 43.691078186035156
INFO:root:The ball's x position is: 43.46337127685547
INFO:root:The ball's x position is: 43.455726623535156
INFO:root:The ball's x position is: 43.703670501708984
INFO:root:The ball's x position is: 44.31456756591797
INFO:root:The ball's x position is: 45.29191589355469
INFO:root:The ball's x position is: 45.78376007080078
INFO:root:The ball's x position is: 46.62242889404297
INFO:root:The ball's x position is: 48.183815002441406
INFO:root:The ball's x position is: 49.26148986816406
INFO:root:The ball's x position is: 50.42658615112305
INFO:root:The ball's x position is: 52.161251068115234
INFO:root:The ball's x position is: 54.167293548583984
INFO:root:The ball's x position is: 57.05552291870117
INFO:root:The ball's x position is: 58.55671691894531
INFO:root:The ball's x position is: 59.085811614990234
INFO:root:The ball's x position is: 62.41914367675781
INFO:root:The ball's x position is: 64.151611328125
INFO:root:The ball's x position is: 65.95572662353516
INFO:root:The ball's x position is: 70.05785369873047
INFO:root:The ball's x position is: 72.35294342041016
INFO:root:The ball's x position is: 73.68221282958984
INFO:root:The ball's x position is: 78.16217041015625
INFO:root:Ball centered and ready to be catched!
INFO:root:Grabbing the ball...
INFO:root:The distance to be covered is: 0.26 meters
DEBUG:root:BALL grab_ball: encoder value is 0
WARNING:root:Didn't get the ball :(
INFO:root:Searching the ball...
INFO:root:Found the ball! Approaching...
INFO:root:Approaching the ball...
INFO:root:Close enough to the ball, size is: 28.969898223876953
INFO:root:Centering the ball...
INFO:root:The ball's x position is: 86.41110229492188
INFO:root:The ball's x position is: 91.64147186279297
INFO:root:The ball's x position is: 94.2730941772461
WARNING:root:Lost the ball! Searching agan...
INFO:root:Searching the ball...
INFO:root:*---------------------------------------------------------------------------*
WARNING:root:KeyboardInterrupt raised
WARNING:root:Abruptly stopped the robot!
DEBUG:matplotlib.font_manager:findfont: Matching :family=sans-serif:style=normal:variant=normal:weight=normal:stretch=normal:size=10.0 to DejaVu Sans ('/home/pi/.local/lib/python3.5/site-packages/matplotlib/mpl-data/fonts/ttf/DejaVuSans.ttf') with score of 0.050000.
DEBUG:matplotlib.axes._base:update_title_pos
DEBUG:matplotlib.axes._base:update_title_pos
DEBUG:matplotlib.axes._base:update_title_pos
