INFO:root:MAIN: Program started
DEBUG:root:GENERATE_GRID: no hay que mezclar
INFO:root:ROBOT: Robot set up!
INFO:root:ROBOT: Odometry was started, PID: 13727:
INFO:root:MAIN: Initial location: 2.2, 2.6, -1.5707963267948966
INFO:root:*---------------------------------------------------------------------------*
INFO:root:Searching the ball...
INFO:root:Searching the ball...
INFO:root:Searching the ball...
INFO:root:Searching the ball...
INFO:root:Found the ball! Approaching...
INFO:root:Approaching the ball...
INFO:root:Close enough to the ball, size is: 27.413026809692383
INFO:root:Centering the ball...
INFO:root:The ball's x position is: 79.4594497680664
INFO:root:Ball centered and ready to be catched!
INFO:root:Grabbing the ball...
INFO:root:The distance to be covered is: 0.21 meters
DEBUG:root:BALL grab_ball: encoder value is 0
WARNING:root:Didn't get the ball :(
INFO:root:Searching the ball...
INFO:root:Found the ball! Approaching...
INFO:root:Approaching the ball...
INFO:root:Close enough to the ball, size is: 27.947961807250977
INFO:root:Centering the ball...
INFO:root:The ball's x position is: 80.24159240722656
INFO:root:Ball centered and ready to be catched!
INFO:root:Grabbing the ball...
INFO:root:Searching the ball...
INFO:root:Found the ball! Approaching...
INFO:root:Approaching the ball...
INFO:root:Close enough to the ball, size is: 29.210651397705078
INFO:root:Centering the ball...
WARNING:root:Lost the ball! Searching agan...
INFO:root:Searching the ball...
INFO:root:Searching the ball...
INFO:root:Searching the ball...
INFO:root:Searching the ball...
INFO:root:Searching the ball...
INFO:root:Searching the ball...
INFO:root:Searching the ball...
INFO:root:Searching the ball...
INFO:root:Searching the ball...
INFO:root:Searching the ball...
INFO:root:Searching the ball...
INFO:root:Searching the ball...
INFO:root:Searching the ball...
INFO:root:Searching the ball...
INFO:root:Searching the ball...
INFO:root:Searching the ball...
INFO:root:Searching the ball...
INFO:root:Searching the ball...
INFO:root:Searching the ball...
INFO:root:Searching the ball...
INFO:root:Searching the ball...
INFO:root:Searching the ball...
INFO:root:Searching the ball...
INFO:root:Searching the ball...
INFO:root:Searching the ball...
INFO:root:Searching the ball...
INFO:root:Searching the ball...
INFO:root:Searching the ball...
INFO:root:Searching the ball...
INFO:root:Searching the ball...
INFO:root:Searching the ball...
INFO:root:Searching the ball...
INFO:root:Searching the ball...
INFO:root:Searching the ball...
INFO:root:Searching the ball...
INFO:root:Searching the ball...
INFO:root:Searching the ball...
INFO:root:Searching the ball...
INFO:root:Searching the ball...
INFO:root:Searching the ball...
INFO:root:Searching the ball...
INFO:root:Searching the ball...
INFO:root:Searching the ball...
INFO:root:Searching the ball...
INFO:root:Searching the ball...
INFO:root:Searching the ball...
INFO:root:Searching the ball...
INFO:root:Searching the ball...
INFO:root:Searching the ball...
INFO:root:Searching the ball...
INFO:root:Searching the ball...
INFO:root:Searching the ball...
INFO:root:Searching the ball...
INFO:root:Searching the ball...
INFO:root:Searching the ball...
INFO:root:Searching the ball...
INFO:root:Searching the ball...
INFO:root:Searching the ball...
INFO:root:Searching the ball...
INFO:root:Searching the ball...
INFO:root:Searching the ball...
INFO:root:Searching the ball...
INFO:root:Searching the ball...
INFO:root:Searching the ball...
INFO:root:Searching the ball...
INFO:root:Searching the ball...
INFO:root:Searching the ball...
INFO:root:Searching the ball...
INFO:root:Searching the ball...
INFO:root:Searching the ball...
INFO:root:Searching the ball...
INFO:root:Searching the ball...
INFO:root:Searching the ball...
INFO:root:Searching the ball...
INFO:root:Searching the ball...
INFO:root:Searching the ball...
INFO:root:Searching the ball...
INFO:root:Searching the ball...
INFO:root:Searching the ball...
INFO:root:Searching the ball...
INFO:root:Searching the ball...
INFO:root:Searching the ball...
INFO:root:Searching the ball...
INFO:root:Searching the ball...
INFO:root:Searching the ball...
INFO:root:Searching the ball...
INFO:root:Searching the ball...
INFO:root:Searching the ball...
INFO:root:Searching the ball...
INFO:root:Searching the ball...
INFO:root:Searching the ball...
INFO:root:Searching the ball...
INFO:root:Searching the ball...
INFO:root:Searching the ball...
INFO:root:Searching the ball...
INFO:root:Searching the ball...
INFO:root:Searching the ball...
INFO:root:Searching the ball...
INFO:root:Searching the ball...
INFO:root:Searching the ball...
INFO:root:Searching the ball...
INFO:root:Searching the ball...
INFO:root:Searching the ball...
INFO:root:Searching the ball...
INFO:root:Searching the ball...
INFO:root:Searching the ball...
INFO:root:Searching the ball...
INFO:root:Searching the ball...
INFO:root:Searching the ball...
INFO:root:Searching the ball...
INFO:root:Searching the ball...
INFO:root:Searching the ball...
INFO:root:Searching the ball...
INFO:root:Searching the ball...
INFO:root:Searching the ball...
INFO:root:Searching the ball...
INFO:root:Searching the ball...
INFO:root:Searching the ball...
INFO:root:Searching the ball...
INFO:root:Searching the ball...
INFO:root:Searching the ball...
INFO:root:Searching the ball...
INFO:root:Searching the ball...
INFO:root:Searching the ball...
INFO:root:Searching the ball...
INFO:root:Searching the ball...
INFO:root:Searching the ball...
INFO:root:Searching the ball...
INFO:root:Searching the ball...
INFO:root:Searching the ball...
INFO:root:Searching the ball...
INFO:root:Searching the ball...
INFO:root:Searching the ball...
INFO:root:Searching the ball...
INFO:root:Searching the ball...
INFO:root:Searching the ball...
INFO:root:Searching the ball...
INFO:root:Searching the ball...
INFO:root:Searching the ball...
INFO:root:Searching the ball...
INFO:root:Searching the ball...
INFO:root:Searching the ball...
INFO:root:Searching the ball...
INFO:root:Searching the ball...
INFO:root:Searching the ball...
INFO:root:Searching the ball...
INFO:root:Searching the ball...
INFO:root:Searching the ball...
INFO:root:Searching the ball...
INFO:root:Searching the ball...
INFO:root:Searching the ball...
INFO:root:Searching the ball...
INFO:root:Searching the ball...
INFO:root:Searching the ball...
INFO:root:Searching the ball...
INFO:root:Searching the ball...
INFO:root:Searching the ball...
INFO:root:Searching the ball...
INFO:root:Searching the ball...
INFO:root:Searching the ball...
INFO:root:Searching the ball...
INFO:root:Searching the ball...
INFO:root:Searching the ball...
INFO:root:Searching the ball...
INFO:root:Searching the ball...
INFO:root:Searching the ball...
INFO:root:Searching the ball...
INFO:root:Searching the ball...
INFO:root:Searching the ball...
INFO:root:Searching the ball...
INFO:root:Searching the ball...
INFO:root:Searching the ball...
INFO:root:Searching the ball...
INFO:root:Searching the ball...
INFO:root:Searching the ball...
INFO:root:Searching the ball...
INFO:root:Searching the ball...
INFO:root:Searching the ball...
INFO:root:Searching the ball...
INFO:root:Searching the ball...
INFO:root:Searching the ball...
INFO:root:Searching the ball...
INFO:root:Searching the ball...
INFO:root:Searching the ball...
INFO:root:Searching the ball...
INFO:root:Searching the ball...
INFO:root:Searching the ball...
INFO:root:Searching the ball...
INFO:root:Searching the ball...
INFO:root:Searching the ball...
INFO:root:Searching the ball...
INFO:root:Searching the ball...
INFO:root:Searching the ball...
INFO:root:Searching the ball...
INFO:root:Searching the ball...
INFO:root:Searching the ball...
INFO:root:Searching the ball...
INFO:root:Searching the ball...
INFO:root:Searching the ball...
INFO:root:Searching the ball...
INFO:root:Searching the ball...
INFO:root:Searching the ball...
INFO:root:Searching the ball...
INFO:root:Searching the ball...
INFO:root:Searching the ball...
INFO:root:Searching the ball...
INFO:root:Searching the ball...
INFO:root:Searching the ball...
INFO:root:Searching the ball...
INFO:root:Searching the ball...
INFO:root:Searching the ball...
INFO:root:Searching the ball...
INFO:root:Searching the ball...
INFO:root:Searching the ball...
INFO:root:Searching the ball...
INFO:root:Searching the ball...
INFO:root:Searching the ball...
INFO:root:Searching the ball...
INFO:root:Searching the ball...
INFO:root:Searching the ball...
INFO:root:Searching the ball...
INFO:root:Searching the ball...
INFO:root:Searching the ball...
INFO:root:Searching the ball...
INFO:root:Searching the ball...
INFO:root:Searching the ball...
INFO:root:Searching the ball...
INFO:root:Searching the ball...
INFO:root:Searching the ball...
INFO:root:Searching the ball...
INFO:root:Searching the ball...
INFO:root:Searching the ball...
INFO:root:Searching the ball...
INFO:root:Searching the ball...
INFO:root:Searching the ball...
INFO:root:Searching the ball...
INFO:root:Searching the ball...
INFO:root:Searching the ball...
INFO:root:Searching the ball...
INFO:root:Searching the ball...
INFO:root:Searching the ball...
INFO:root:Searching the ball...
INFO:root:Searching the ball...
INFO:root:Searching the ball...
INFO:root:Searching the ball...
INFO:root:Searching the ball...
INFO:root:Searching the ball...
INFO:root:Searching the ball...
INFO:root:Searching the ball...
INFO:root:Searching the ball...
INFO:root:Searching the ball...
INFO:root:Searching the ball...
INFO:root:Searching the ball...
INFO:root:Searching the ball...
INFO:root:Searching the ball...
INFO:root:Searching the ball...
INFO:root:Searching the ball...
INFO:root:Searching the ball...
INFO:root:Searching the ball...
INFO:root:Searching the ball...
INFO:root:Searching the ball...
INFO:root:Searching the ball...
INFO:root:Searching the ball...
INFO:root:Searching the ball...
INFO:root:Searching the ball...
INFO:root:Searching the ball...
INFO:root:Searching the ball...
INFO:root:Searching the ball...
INFO:root:Searching the ball...
INFO:root:Searching the ball...
INFO:root:Searching the ball...
INFO:root:Searching the ball...
INFO:root:Searching the ball...
INFO:root:Searching the ball...
INFO:root:Searching the ball...
INFO:root:Searching the ball...
INFO:root:Searching the ball...
INFO:root:Searching the ball...
INFO:root:Searching the ball...
INFO:root:Searching the ball...
INFO:root:Searching the ball...
INFO:root:Searching the ball...
INFO:root:Searching the ball...
INFO:root:Searching the ball...
INFO:root:Searching the ball...
INFO:root:Searching the ball...
INFO:root:Searching the ball...
INFO:root:Searching the ball...
INFO:root:Searching the ball...
INFO:root:Searching the ball...
INFO:root:Searching the ball...
INFO:root:Searching the ball...
INFO:root:Searching the ball...
INFO:root:Searching the ball...
INFO:root:Searching the ball...
INFO:root:Searching the ball...
INFO:root:Searching the ball...
INFO:root:Searching the ball...
INFO:root:Searching the ball...
INFO:root:Searching the ball...
INFO:root:Searching the ball...
INFO:root:Searching the ball...
INFO:root:Searching the ball...
INFO:root:Searching the ball...
INFO:root:Searching the ball...
INFO:root:Searching the ball...
INFO:root:Searching the ball...
INFO:root:Searching the ball...
INFO:root:Searching the ball...
INFO:root:Searching the ball...
INFO:root:Searching the ball...
INFO:root:Searching the ball...
INFO:root:Searching the ball...
INFO:root:Searching the ball...
INFO:root:Searching the ball...
INFO:root:Searching the ball...
INFO:root:Searching the ball...
INFO:root:Searching the ball...
INFO:root:Searching the ball...
INFO:root:Searching the ball...
INFO:root:Searching the ball...
INFO:root:Searching the ball...
INFO:root:Searching the ball...
INFO:root:Searching the ball...
INFO:root:Searching the ball...
INFO:root:Searching the ball...
INFO:root:Searching the ball...
INFO:root:Searching the ball...
INFO:root:Searching the ball...
INFO:root:Searching the ball...
INFO:root:Searching the ball...
INFO:root:Searching the ball...
INFO:root:Searching the ball...
INFO:root:Searching the ball...
INFO:root:Searching the ball...
INFO:root:Searching the ball...
INFO:root:Searching the ball...
INFO:root:Searching the ball...
INFO:root:Searching the ball...
INFO:root:Searching the ball...
INFO:root:Searching the ball...
INFO:root:Searching the ball...
INFO:root:Searching the ball...
INFO:root:Searching the ball...
INFO:root:Searching the ball...
INFO:root:Searching the ball...
INFO:root:Searching the ball...
INFO:root:Searching the ball...
INFO:root:Searching the ball...
INFO:root:Searching the ball...
INFO:root:Searching the ball...
INFO:root:Searching the ball...
INFO:root:Searching the ball...
INFO:root:Searching the ball...
INFO:root:Searching the ball...
INFO:root:Searching the ball...
INFO:root:Searching the ball...
INFO:root:Searching the ball...
INFO:root:Searching the ball...
INFO:root:Searching the ball...
INFO:root:Searching the ball...
INFO:root:Searching the ball...
INFO:root:Searching the ball...
INFO:root:Searching the ball...
INFO:root:Searching the ball...
INFO:root:Searching the ball...
INFO:root:Searching the ball...
INFO:root:Searching the ball...
INFO:root:Searching the ball...
INFO:root:Searching the ball...
INFO:root:Searching the ball...
INFO:root:Searching the ball...
INFO:root:Searching the ball...
INFO:root:Searching the ball...
INFO:root:Searching the ball...
INFO:root:Searching the ball...
INFO:root:Searching the ball...
INFO:root:Searching the ball...
INFO:root:Searching the ball...
INFO:root:Searching the ball...
INFO:root:Searching the ball...
INFO:root:Searching the ball...
INFO:root:Searching the ball...
INFO:root:Searching the ball...
INFO:root:Searching the ball...
INFO:root:Searching the ball...
INFO:root:Searching the ball...
INFO:root:Searching the ball...
INFO:root:Searching the ball...
INFO:root:Searching the ball...
INFO:root:Searching the ball...
INFO:root:Searching the ball...
INFO:root:Searching the ball...
INFO:root:Searching the ball...
INFO:root:Searching the ball...
INFO:root:Searching the ball...
INFO:root:Searching the ball...
INFO:root:Searching the ball...
INFO:root:Searching the ball...
INFO:root:Searching the ball...
INFO:root:Searching the ball...
INFO:root:Searching the ball...
INFO:root:Searching the ball...
INFO:root:Searching the ball...
INFO:root:Searching the ball...
INFO:root:Searching the ball...
INFO:root:Searching the ball...
INFO:root:Searching the ball...
INFO:root:Searching the ball...
INFO:root:Searching the ball...
INFO:root:Searching the ball...
INFO:root:Searching the ball...
INFO:root:Searching the ball...
INFO:root:Searching the ball...
INFO:root:Searching the ball...
INFO:root:Searching the ball...
INFO:root:Searching the ball...
INFO:root:Searching the ball...
INFO:root:Searching the ball...
INFO:root:Searching the ball...
INFO:root:Searching the ball...
INFO:root:Searching the ball...
INFO:root:Searching the ball...
INFO:root:Searching the ball...
INFO:root:Searching the ball...
INFO:root:Searching the ball...
INFO:root:Searching the ball...
INFO:root:Searching the ball...
INFO:root:Searching the ball...
INFO:root:Searching the ball...
INFO:root:Searching the ball...
INFO:root:Searching the ball...
INFO:root:Searching the ball...
INFO:root:Searching the ball...
INFO:root:Searching the ball...
INFO:root:Searching the ball...
INFO:root:Searching the ball...
INFO:root:Searching the ball...
INFO:root:Searching the ball...
INFO:root:Searching the ball...
INFO:root:Searching the ball...
INFO:root:Searching the ball...
INFO:root:Searching the ball...
INFO:root:Searching the ball...
INFO:root:Searching the ball...
INFO:root:Searching the ball...
INFO:root:Searching the ball...
INFO:root:Searching the ball...
INFO:root:Searching the ball...
INFO:root:Searching the ball...
INFO:root:Searching the ball...
INFO:root:Searching the ball...
INFO:root:Searching the ball...
INFO:root:Searching the ball...
INFO:root:Searching the ball...
INFO:root:Searching the ball...
INFO:root:Searching the ball...
INFO:root:Searching the ball...
INFO:root:Searching the ball...
INFO:root:Searching the ball...
INFO:root:Searching the ball...
INFO:root:Searching the ball...
INFO:root:Searching the ball...
INFO:root:Searching the ball...
INFO:root:Searching the ball...
INFO:root:Searching the ball...
INFO:root:Searching the ball...
INFO:root:Searching the ball...
INFO:root:Searching the ball...
INFO:root:Searching the ball...
INFO:root:Searching the ball...
INFO:root:Searching the ball...
INFO:root:Searching the ball...
INFO:root:Searching the ball...
INFO:root:Searching the ball...
INFO:root:Searching the ball...
INFO:root:Searching the ball...
INFO:root:Searching the ball...
INFO:root:Searching the ball...
INFO:root:Searching the ball...
INFO:root:Searching the ball...
INFO:root:Searching the ball...
INFO:root:Searching the ball...
INFO:root:Searching the ball...
INFO:root:Searching the ball...
INFO:root:Searching the ball...
INFO:root:Searching the ball...
INFO:root:Searching the ball...
INFO:root:Searching the ball...
INFO:root:Searching the ball...
INFO:root:Searching the ball...
INFO:root:Searching the ball...
INFO:root:Searching the ball...
INFO:root:Searching the ball...
INFO:root:Searching the ball...
INFO:root:Searching the ball...
INFO:root:Searching the ball...
INFO:root:Searching the ball...
INFO:root:Searching the ball...
INFO:root:Searching the ball...
INFO:root:Searching the ball...
INFO:root:Searching the ball...
INFO:root:Searching the ball...
INFO:root:Searching the ball...
INFO:root:Searching the ball...
INFO:root:Searching the ball...
INFO:root:Searching the ball...
INFO:root:Searching the ball...
INFO:root:Searching the ball...
INFO:root:Searching the ball...
INFO:root:Searching the ball...
INFO:root:Searching the ball...
INFO:root:Searching the ball...
INFO:root:Searching the ball...
INFO:root:Searching the ball...
INFO:root:Searching the ball...
INFO:root:Searching the ball...
INFO:root:Searching the ball...
INFO:root:Searching the ball...
INFO:root:Searching the ball...
INFO:root:Searching the ball...
INFO:root:Searching the ball...
INFO:root:Searching the ball...
INFO:root:Searching the ball...
INFO:root:Searching the ball...
INFO:root:Searching the ball...
INFO:root:Searching the ball...
INFO:root:Searching the ball...
INFO:root:Searching the ball...
INFO:root:Searching the ball...
INFO:root:Searching the ball...
INFO:root:Searching the ball...
INFO:root:Searching the ball...
INFO:root:Searching the ball...
INFO:root:Searching the ball...
INFO:root:Searching the ball...
INFO:root:Searching the ball...
INFO:root:Searching the ball...
INFO:root:Searching the ball...
INFO:root:Searching the ball...
INFO:root:Searching the ball...
INFO:root:Searching the ball...
INFO:root:Searching the ball...
INFO:root:Searching the ball...
INFO:root:Searching the ball...
INFO:root:Searching the ball...
INFO:root:Searching the ball...
INFO:root:Searching the ball...
INFO:root:Searching the ball...
INFO:root:Searching the ball...
INFO:root:Searching the ball...
INFO:root:Searching the ball...
INFO:root:Searching the ball...
INFO:root:Searching the ball...
INFO:root:Searching the ball...
INFO:root:Searching the ball...
INFO:root:Searching the ball...
INFO:root:Searching the ball...
INFO:root:Searching the ball...
INFO:root:Searching the ball...
INFO:root:Searching the ball...
INFO:root:Searching the ball...
INFO:root:Searching the ball...
INFO:root:Searching the ball...
INFO:root:Searching the ball...
INFO:root:Searching the ball...
INFO:root:Searching the ball...
INFO:root:Searching the ball...
INFO:root:Searching the ball...
INFO:root:Searching the ball...
INFO:root:Searching the ball...
INFO:root:Searching the ball...
INFO:root:Searching the ball...
INFO:root:Searching the ball...
INFO:root:Searching the ball...
INFO:root:Searching the ball...
INFO:root:Searching the ball...
INFO:root:Searching the ball...
INFO:root:Searching the ball...
INFO:root:Searching the ball...
INFO:root:Searching the ball...
INFO:root:Searching the ball...
INFO:root:Searching the ball...
INFO:root:Searching the ball...
INFO:root:Searching the ball...
INFO:root:Searching the ball...
INFO:root:Searching the ball...
INFO:root:Searching the ball...
INFO:root:Searching the ball...
INFO:root:Searching the ball...
INFO:root:Searching the ball...
INFO:root:Searching the ball...
INFO:root:Searching the ball...
INFO:root:Searching the ball...
INFO:root:Searching the ball...
INFO:root:Searching the ball...
INFO:root:Searching the ball...
INFO:root:Searching the ball...
INFO:root:Searching the ball...
INFO:root:Searching the ball...
INFO:root:Searching the ball...
INFO:root:Searching the ball...
INFO:root:Searching the ball...
INFO:root:Searching the ball...
INFO:root:Searching the ball...
INFO:root:Searching the ball...
INFO:root:Searching the ball...
INFO:root:Searching the ball...
INFO:root:Searching the ball...
INFO:root:Searching the ball...
INFO:root:Searching the ball...
INFO:root:Searching the ball...
INFO:root:Searching the ball...
INFO:root:Searching the ball...
INFO:root:Searching the ball...
INFO:root:Searching the ball...
INFO:root:Searching the ball...
INFO:root:Searching the ball...
INFO:root:Searching the ball...
INFO:root:Searching the ball...
INFO:root:Searching the ball...
INFO:root:Searching the ball...
INFO:root:Searching the ball...
INFO:root:Searching the ball...
INFO:root:Searching the ball...
INFO:root:Searching the ball...
INFO:root:Searching the ball...
INFO:root:Searching the ball...
INFO:root:Searching the ball...
INFO:root:Searching the ball...
INFO:root:Searching the ball...
INFO:root:Searching the ball...
INFO:root:Searching the ball...
INFO:root:Searching the ball...
INFO:root:Searching the ball...
INFO:root:Searching the ball...
INFO:root:Searching the ball...
INFO:root:Searching the ball...
INFO:root:Searching the ball...
INFO:root:Searching the ball...
INFO:root:Searching the ball...
INFO:root:Searching the ball...
INFO:root:Searching the ball...
INFO:root:Searching the ball...
INFO:root:Searching the ball...
INFO:root:Searching the ball...
INFO:root:Searching the ball...
INFO:root:Searching the ball...
INFO:root:Searching the ball...
INFO:root:Searching the ball...
INFO:root:Searching the ball...
INFO:root:Searching the ball...
INFO:root:Searching the ball...
INFO:root:Searching the ball...
INFO:root:Searching the ball...
INFO:root:Searching the ball...
INFO:root:Searching the ball...
INFO:root:Searching the ball...
INFO:root:Searching the ball...
INFO:root:Searching the ball...
INFO:root:Searching the ball...
INFO:root:Searching the ball...
INFO:root:Searching the ball...
INFO:root:Searching the ball...
INFO:root:Searching the ball...
INFO:root:Searching the ball...
INFO:root:Searching the ball...
INFO:root:Searching the ball...
INFO:root:Searching the ball...
INFO:root:Searching the ball...
INFO:root:Searching the ball...
INFO:root:Searching the ball...
INFO:root:Searching the ball...
INFO:root:Searching the ball...
INFO:root:Searching the ball...
INFO:root:Searching the ball...
INFO:root:Searching the ball...
INFO:root:Searching the ball...
INFO:root:Searching the ball...
INFO:root:Searching the ball...
INFO:root:Searching the ball...
INFO:root:Searching the ball...
INFO:root:Searching the ball...
INFO:root:Searching the ball...
INFO:root:Searching the ball...
INFO:root:Searching the ball...
INFO:root:Searching the ball...
INFO:root:Searching the ball...
INFO:root:Searching the ball...
INFO:root:Searching the ball...
INFO:root:Searching the ball...
INFO:root:Searching the ball...
INFO:root:Searching the ball...
INFO:root:Searching the ball...
INFO:root:Searching the ball...
INFO:root:Searching the ball...
INFO:root:Searching the ball...
INFO:root:Searching the ball...
INFO:root:Searching the ball...
INFO:root:Searching the ball...
INFO:root:Searching the ball...
INFO:root:Searching the ball...
INFO:root:Searching the ball...
INFO:root:Searching the ball...
INFO:root:Searching the ball...
INFO:root:Searching the ball...
INFO:root:Searching the ball...
INFO:root:Searching the ball...
INFO:root:Searching the ball...
INFO:root:Searching the ball...
INFO:root:Searching the ball...
INFO:root:Searching the ball...
INFO:root:Searching the ball...
INFO:root:Searching the ball...
INFO:root:Searching the ball...
INFO:root:Searching the ball...
INFO:root:Searching the ball...
INFO:root:Searching the ball...
INFO:root:Searching the ball...
INFO:root:Searching the ball...
INFO:root:Searching the ball...
INFO:root:Searching the ball...
INFO:root:Searching the ball...
INFO:root:Searching the ball...
INFO:root:Searching the ball...
INFO:root:Searching the ball...
INFO:root:Searching the ball...
INFO:root:Searching the ball...
INFO:root:Searching the ball...
INFO:root:Searching the ball...
INFO:root:Searching the ball...
INFO:root:Searching the ball...
INFO:root:Searching the ball...
INFO:root:Searching the ball...
INFO:root:Searching the ball...
INFO:root:Searching the ball...
INFO:root:Searching the ball...
INFO:root:Searching the ball...
INFO:root:Searching the ball...
INFO:root:Searching the ball...
INFO:root:Searching the ball...
INFO:root:Searching the ball...
INFO:root:Searching the ball...
INFO:root:Searching the ball...
INFO:root:Searching the ball...
INFO:root:Searching the ball...
INFO:root:Searching the ball...
INFO:root:Searching the ball...
INFO:root:Searching the ball...
INFO:root:Searching the ball...
INFO:root:Searching the ball...
INFO:root:Searching the ball...
INFO:root:Searching the ball...
INFO:root:Searching the ball...
INFO:root:Searching the ball...
INFO:root:Searching the ball...
INFO:root:Searching the ball...
INFO:root:Searching the ball...
INFO:root:Searching the ball...
INFO:root:Searching the ball...
INFO:root:Searching the ball...
INFO:root:Searching the ball...
INFO:root:Searching the ball...
INFO:root:Searching the ball...
INFO:root:Searching the ball...
INFO:root:Searching the ball...
INFO:root:Searching the ball...
INFO:root:Searching the ball...
INFO:root:Searching the ball...
INFO:root:Searching the ball...
INFO:root:Searching the ball...
INFO:root:Searching the ball...
INFO:root:Searching the ball...
INFO:root:Searching the ball...
INFO:root:Searching the ball...
INFO:root:Searching the ball...
INFO:root:Searching the ball...
INFO:root:Searching the ball...
INFO:root:Searching the ball...
INFO:root:Searching the ball...
INFO:root:Searching the ball...
INFO:root:Searching the ball...
INFO:root:Searching the ball...
INFO:root:Searching the ball...
INFO:root:Searching the ball...
INFO:root:Searching the ball...
INFO:root:Searching the ball...
INFO:root:Searching the ball...
INFO:root:Searching the ball...
INFO:root:Searching the ball...
INFO:root:Searching the ball...
INFO:root:Searching the ball...
INFO:root:Searching the ball...
INFO:root:Searching the ball...
INFO:root:Searching the ball...
INFO:root:Searching the ball...
INFO:root:Searching the ball...
INFO:root:Searching the ball...
INFO:root:Searching the ball...
INFO:root:Searching the ball...
INFO:root:Searching the ball...
INFO:root:Searching the ball...
INFO:root:Searching the ball...
INFO:root:Searching the ball...
INFO:root:Searching the ball...
INFO:root:Searching the ball...
INFO:root:Searching the ball...
INFO:root:Searching the ball...
INFO:root:Searching the ball...
INFO:root:Searching the ball...
INFO:root:Searching the ball...
INFO:root:Searching the ball...
INFO:root:Searching the ball...
INFO:root:Searching the ball...
INFO:root:Searching the ball...
INFO:root:Searching the ball...
INFO:root:Searching the ball...
INFO:root:Searching the ball...
INFO:root:Searching the ball...
INFO:root:Searching the ball...
INFO:root:Searching the ball...
INFO:root:Searching the ball...
INFO:root:Searching the ball...
INFO:root:Searching the ball...
INFO:root:Searching the ball...
INFO:root:Searching the ball...
INFO:root:Searching the ball...
INFO:root:Searching the ball...
INFO:root:Searching the ball...
INFO:root:Searching the ball...
INFO:root:Searching the ball...
INFO:root:Searching the ball...
INFO:root:Searching the ball...
INFO:root:Searching the ball...
INFO:root:Searching the ball...
INFO:root:Searching the ball...
INFO:root:Searching the ball...
INFO:root:Searching the ball...
INFO:root:Searching the ball...
INFO:root:Searching the ball...
INFO:root:Searching the ball...
INFO:root:Searching the ball...
INFO:root:Searching the ball...
INFO:root:Searching the ball...
INFO:root:Searching the ball...
INFO:root:Searching the ball...
INFO:root:Searching the ball...
INFO:root:Searching the ball...
INFO:root:Searching the ball...
INFO:root:Searching the ball...
INFO:root:Searching the ball...
INFO:root:Searching the ball...
INFO:root:Searching the ball...
INFO:root:Searching the ball...
INFO:root:Searching the ball...
INFO:root:Searching the ball...
INFO:root:Searching the ball...
INFO:root:Searching the ball...
INFO:root:Searching the ball...
INFO:root:Searching the ball...
INFO:root:Searching the ball...
INFO:root:Searching the ball...
INFO:root:Searching the ball...
INFO:root:Searching the ball...
INFO:root:Searching the ball...
INFO:root:Searching the ball...
INFO:root:Searching the ball...
INFO:root:Searching the ball...
INFO:root:Searching the ball...
INFO:root:Searching the ball...
INFO:root:Searching the ball...
INFO:root:Searching the ball...
INFO:root:Searching the ball...
INFO:root:Searching the ball...
INFO:root:Searching the ball...
INFO:root:Searching the ball...
INFO:root:Searching the ball...
INFO:root:Searching the ball...
INFO:root:Searching the ball...
INFO:root:Searching the ball...
INFO:root:Searching the ball...
INFO:root:Searching the ball...
INFO:root:Searching the ball...
INFO:root:Searching the ball...
INFO:root:Searching the ball...
INFO:root:Searching the ball...
INFO:root:Searching the ball...
INFO:root:Searching the ball...
INFO:root:Searching the ball...
INFO:root:Searching the ball...
INFO:root:Searching the ball...
INFO:root:Searching the ball...
INFO:root:Searching the ball...
INFO:root:Searching the ball...
INFO:root:Searching the ball...
INFO:root:Searching the ball...
INFO:root:Searching the ball...
INFO:root:Searching the ball...
INFO:root:Searching the ball...
INFO:root:Searching the ball...
INFO:root:Searching the ball...
INFO:root:Searching the ball...
INFO:root:Searching the ball...
INFO:root:Searching the ball...
INFO:root:Searching the ball...
INFO:root:Searching the ball...
INFO:root:Searching the ball...
INFO:root:Searching the ball...
INFO:root:Searching the ball...
INFO:root:Searching the ball...
INFO:root:Searching the ball...
INFO:root:Searching the ball...
INFO:root:Searching the ball...
INFO:root:Searching the ball...
INFO:root:Searching the ball...
INFO:root:Searching the ball...
INFO:root:Searching the ball...
INFO:root:Searching the ball...
INFO:root:Searching the ball...
INFO:root:Searching the ball...
INFO:root:Searching the ball...
INFO:root:Searching the ball...
INFO:root:Searching the ball...
INFO:root:Searching the ball...
INFO:root:Searching the ball...
INFO:root:Searching the ball...
INFO:root:Searching the ball...
INFO:root:Searching the ball...
INFO:root:Searching the ball...
INFO:root:Searching the ball...
INFO:root:Searching the ball...
INFO:root:Searching the ball...
INFO:root:Searching the ball...
INFO:root:Searching the ball...
INFO:root:Searching the ball...
INFO:root:Searching the ball...
INFO:root:Searching the ball...
INFO:root:Searching the ball...
INFO:root:Searching the ball...
INFO:root:Searching the ball...
INFO:root:Searching the ball...
INFO:root:Searching the ball...
INFO:root:Searching the ball...
INFO:root:Searching the ball...
INFO:root:Searching the ball...
INFO:root:Searching the ball...
INFO:root:Searching the ball...
INFO:root:Searching the ball...
INFO:root:Searching the ball...
INFO:root:Searching the ball...
INFO:root:Searching the ball...
INFO:root:Searching the ball...
INFO:root:Searching the ball...
INFO:root:Searching the ball...
INFO:root:Searching the ball...
INFO:root:Searching the ball...
INFO:root:Searching the ball...
INFO:root:Searching the ball...
INFO:root:Searching the ball...
INFO:root:Searching the ball...
INFO:root:Searching the ball...
INFO:root:Searching the ball...
INFO:root:Searching the ball...
INFO:root:Searching the ball...
INFO:root:Searching the ball...
INFO:root:Searching the ball...
INFO:root:Searching the ball...
INFO:root:Searching the ball...
INFO:root:Searching the ball...
INFO:root:Searching the ball...
INFO:root:Searching the ball...
INFO:root:Searching the ball...
INFO:root:Searching the ball...
INFO:root:Searching the ball...
INFO:root:Searching the ball...
INFO:root:Searching the ball...
INFO:root:Searching the ball...
INFO:root:Searching the ball...
INFO:root:Searching the ball...
INFO:root:Searching the ball...
INFO:root:Searching the ball...
INFO:root:Searching the ball...
INFO:root:Searching the ball...
INFO:root:Searching the ball...
INFO:root:Searching the ball...
INFO:root:Searching the ball...
INFO:root:Searching the ball...
INFO:root:Searching the ball...
INFO:root:Searching the ball...
INFO:root:Searching the ball...
INFO:root:Searching the ball...
INFO:root:Searching the ball...
INFO:root:Searching the ball...
INFO:root:Searching the ball...
INFO:root:Searching the ball...
INFO:root:Searching the ball...
INFO:root:Searching the ball...
INFO:root:Searching the ball...
INFO:root:Searching the ball...
INFO:root:Searching the ball...
INFO:root:Searching the ball...
INFO:root:Searching the ball...
INFO:root:Searching the ball...
INFO:root:Searching the ball...
INFO:root:Searching the ball...
INFO:root:Searching the ball...
INFO:root:Searching the ball...
INFO:root:Searching the ball...
INFO:root:Searching the ball...
INFO:root:Searching the ball...
INFO:root:Searching the ball...
INFO:root:Searching the ball...
INFO:root:Searching the ball...
INFO:root:Searching the ball...
INFO:root:Searching the ball...
INFO:root:Searching the ball...
INFO:root:Searching the ball...
INFO:root:Searching the ball...
INFO:root:Searching the ball...
INFO:root:Searching the ball...
INFO:root:Searching the ball...
INFO:root:Searching the ball...
INFO:root:Searching the ball...
INFO:root:Searching the ball...
INFO:root:Searching the ball...
INFO:root:Searching the ball...
INFO:root:Searching the ball...
INFO:root:Searching the ball...
INFO:root:Searching the ball...
INFO:root:Searching the ball...
INFO:root:Searching the ball...
INFO:root:Searching the ball...
INFO:root:Searching the ball...
INFO:root:Searching the ball...
INFO:root:Searching the ball...
INFO:root:Searching the ball...
INFO:root:Searching the ball...
INFO:root:Searching the ball...
INFO:root:Searching the ball...
INFO:root:Searching the ball...
INFO:root:Searching the ball...
INFO:root:Searching the ball...
INFO:root:Searching the ball...
INFO:root:Searching the ball...
INFO:root:Searching the ball...
INFO:root:Searching the ball...
INFO:root:Searching the ball...
INFO:root:Searching the ball...
INFO:root:Searching the ball...
INFO:root:Searching the ball...
INFO:root:Searching the ball...
INFO:root:Searching the ball...
INFO:root:Searching the ball...
INFO:root:Searching the ball...
INFO:root:Searching the ball...
INFO:root:Searching the ball...
INFO:root:Searching the ball...
INFO:root:Searching the ball...
INFO:root:Searching the ball...
INFO:root:Searching the ball...
INFO:root:Searching the ball...
INFO:root:Searching the ball...
INFO:root:Searching the ball...
INFO:root:Searching the ball...
INFO:root:Searching the ball...
INFO:root:Searching the ball...
INFO:root:Searching the ball...
INFO:root:Searching the ball...
INFO:root:Searching the ball...
INFO:root:Searching the ball...
INFO:root:Searching the ball...
INFO:root:Searching the ball...
INFO:root:Searching the ball...
INFO:root:Searching the ball...
INFO:root:Searching the ball...
INFO:root:Searching the ball...
INFO:root:Searching the ball...
INFO:root:Searching the ball...
INFO:root:Searching the ball...
INFO:root:Searching the ball...
INFO:root:Searching the ball...
INFO:root:Searching the ball...
INFO:root:Searching the ball...
INFO:root:Searching the ball...
INFO:root:Searching the ball...
INFO:root:Searching the ball...
INFO:root:Searching the ball...
INFO:root:Searching the ball...
INFO:root:Searching the ball...
INFO:root:Searching the ball...
INFO:root:Searching the ball...
INFO:root:Searching the ball...
INFO:root:Searching the ball...
INFO:root:Searching the ball...
INFO:root:Searching the ball...
INFO:root:Searching the ball...
INFO:root:Searching the ball...
INFO:root:Searching the ball...
INFO:root:Searching the ball...
INFO:root:Searching the ball...
INFO:root:Searching the ball...
INFO:root:Searching the ball...
INFO:root:Searching the ball...
INFO:root:Searching the ball...
INFO:root:Searching the ball...
INFO:root:Searching the ball...
INFO:root:Searching the ball...
INFO:root:Searching the ball...
INFO:root:Searching the ball...
INFO:root:Searching the ball...
INFO:root:Searching the ball...
INFO:root:Searching the ball...
INFO:root:Searching the ball...
INFO:root:Searching the ball...
INFO:root:Searching the ball...
INFO:root:Searching the ball...
INFO:root:Searching the ball...
INFO:root:Searching the ball...
INFO:root:Searching the ball...
INFO:root:Searching the ball...
INFO:root:*---------------------------------------------------------------------------*
WARNING:root:KeyboardInterrupt raised
WARNING:root:Abruptly stopped the robot!
DEBUG:matplotlib.font_manager:findfont: Matching :family=sans-serif:style=normal:variant=normal:weight=normal:stretch=normal:size=10.0 to DejaVu Sans ('/home/pi/.local/lib/python3.5/site-packages/matplotlib/mpl-data/fonts/ttf/DejaVuSans.ttf') with score of 0.050000.
DEBUG:matplotlib.axes._base:update_title_pos
DEBUG:matplotlib.axes._base:update_title_pos
DEBUG:matplotlib.axes._base:update_title_pos
