INFO:root:MAIN: Program started
INFO:root:ROBOT: Robot set up!
INFO:root:ROBOT: Odometry was started, PID: 21431:
INFO:root:MAIN: Initial location: 2.2, 2.6, -1.5707963267948966


INFO:root:A PICTURE WAS MADE
INFO:root:A PICTURE WAS MADE
INFO:root:A PICTURE WAS MADE
INFO:root:A PICTURE WAS MADE
INFO:root:Found the ball! Approaching...
INFO:root:A PICTURE WAS MADE
INFO:root:A PICTURE WAS MADE
INFO:root:A PICTURE WAS MADE
INFO:root:A PICTURE WAS MADE
INFO:root:A PICTURE WAS MADE
INFO:root:A PICTURE WAS MADE
WARNING:root:Lost the ball! Searching again...
INFO:root:A PICTURE WAS MADE
INFO:root:Found the ball! Approaching...
INFO:root:A PICTURE WAS MADE
INFO:root:A PICTURE WAS MADE
WARNING:root:Lost the ball! Searching again...
INFO:root:A PICTURE WAS MADE
INFO:root:Found the ball! Approaching...
INFO:root:A PICTURE WAS MADE
INFO:root:A PICTURE WAS MADE
INFO:root:A PICTURE WAS MADE
INFO:root:A PICTURE WAS MADE
WARNING:root:Lost the ball! Searching again...
INFO:root:A PICTURE WAS MADE
INFO:root:A PICTURE WAS MADE
INFO:root:A PICTURE WAS MADE
INFO:root:Found the ball! Approaching...
INFO:root:A PICTURE WAS MADE
INFO:root:Close enough to the ball, size is: 28.70562744140625
INFO:root:Centering the ball...
INFO:root:A PICTURE WAS MADE
INFO:root:The ball's x position is: 48.13880157470703
INFO:root:A PICTURE WAS MADE
INFO:root:The ball's x position is: 48.8265495300293
INFO:root:A PICTURE WAS MADE
INFO:root:The ball's x position is: 74.35205078125
INFO:root:A PICTURE WAS MADE
INFO:root:The ball's x position is: 112.83333587646484
INFO:root:A PICTURE WAS MADE
INFO:root:A PICTURE WAS MADE
WARNING:root:Lost the ball! Searching agan...
INFO:root:A PICTURE WAS MADE
INFO:root:Found the ball! Approaching...
INFO:root:A PICTURE WAS MADE
WARNING:root:Lost the ball! Searching again...
INFO:root:A PICTURE WAS MADE
INFO:root:A PICTURE WAS MADE
INFO:root:A PICTURE WAS MADE
INFO:root:A PICTURE WAS MADE
INFO:root:A PICTURE WAS MADE
INFO:root:A PICTURE WAS MADE
INFO:root:A PICTURE WAS MADE
INFO:root:A PICTURE WAS MADE
INFO:root:A PICTURE WAS MADE
INFO:root:A PICTURE WAS MADE
INFO:root:A PICTURE WAS MADE
INFO:root:Found the ball! Approaching...
INFO:root:A PICTURE WAS MADE
WARNING:root:Lost the ball! Searching again...
INFO:root:A PICTURE WAS MADE
INFO:root:A PICTURE WAS MADE
INFO:root:A PICTURE WAS MADE
INFO:root:A PICTURE WAS MADE
INFO:root:A PICTURE WAS MADE
INFO:root:Found the ball! Approaching...
WARNING:root:KeyboardInterrupt raised
WARNING:root:Abruptly stopped the robot!
DEBUG:matplotlib.font_manager:findfont: Matching :family=sans-serif:style=normal:variant=normal:weight=normal:stretch=normal:size=10.0 to DejaVu Sans ('/home/pi/.local/lib/python3.5/site-packages/matplotlib/mpl-data/fonts/ttf/DejaVuSans.ttf') with score of 0.050000.
DEBUG:matplotlib.axes._base:update_title_pos
DEBUG:matplotlib.axes._base:update_title_pos
DEBUG:matplotlib.axes._base:update_title_pos
