INFO:root:MAIN: Program started
DEBUG:root:GENERATE_GRID: no hay que mezclar
INFO:root:ROBOT: Robot set up!
INFO:root:ROBOT: Odometry was started, PID: 12802:
INFO:root:MAIN: Initial location: 2.2, 2.6, -1.5707963267948966
INFO:root:*---------------------------------------------------------------------------*
INFO:root:Found the ball! Approaching...
INFO:root:Close enough to the ball, size is: 27.350439071655273
INFO:root:Centering the ball...
INFO:root:The ball's x position is: 82.65496826171875
INFO:root:Ball centered and ready to be catched!
INFO:root:The distance to be covered is: 0.29000000000000004 meters
INFO:root:BALL grab_ball: encoder value is 0
INFO:root:Found the ball! Approaching...
INFO:root:Close enough to the ball, size is: 27.527639389038086
INFO:root:Centering the ball...
INFO:root:The ball's x position is: 79.5186538696289
INFO:root:Ball centered and ready to be catched!
INFO:root:Found the ball! Approaching...
INFO:root:Close enough to the ball, size is: 27.50106430053711
INFO:root:Centering the ball...
INFO:root:The ball's x position is: 81.9479751586914
INFO:root:Ball centered and ready to be catched!
INFO:root:The distance to be covered is: 0.17 meters
INFO:root:BALL grab_ball: encoder value is 3
INFO:root:Odometry was stopped
DEBUG:matplotlib.font_manager:findfont: Matching :family=sans-serif:style=normal:variant=normal:weight=normal:stretch=normal:size=10.0 to DejaVu Sans ('/home/pi/.local/lib/python3.5/site-packages/matplotlib/mpl-data/fonts/ttf/DejaVuSans.ttf') with score of 0.050000.
DEBUG:matplotlib.axes._base:update_title_pos
DEBUG:matplotlib.axes._base:update_title_pos
DEBUG:matplotlib.axes._base:update_title_pos
