INFO:root:MAIN: Program started
INFO:root:ROBOT: Robot set up!
INFO:root:ROBOT: Odometry was started, PID: 30327:
INFO:root:MAIN: Initial location: 2.2, 2.6, -1.5707963267948966


INFO:root:Found the ball! Approaching...
WARNING:root:Lost the ball! Searching again...
INFO:root:Found the ball! Approaching...
INFO:root:Close enough to the ball, size is: 27.83152961730957
INFO:root:Centering the ball...
INFO:root:The ball's x position is: 65.75753021240234
INFO:root:The ball's x position is: 66.71253204345703
INFO:root:The ball's x position is: 67.38117980957031
INFO:root:The ball's x position is: 67.99958038330078
INFO:root:The ball's x position is: 68.63370513916016
INFO:root:The ball's x position is: 69.4990463256836
INFO:root:The ball's x position is: 70.11184692382812
INFO:root:The ball's x position is: 70.5289535522461
INFO:root:The ball's x position is: 70.73139190673828
INFO:root:The ball's x position is: 70.83773803710938
INFO:root:The ball's x position is: 71.33812713623047
INFO:root:The ball's x position is: 72.07454681396484
INFO:root:The ball's x position is: 73.6631851196289
INFO:root:The ball's x position is: 75.83118438720703
INFO:root:Ball centered and ready to be catched!
INFO:root:Found the ball! Approaching...
INFO:root:Close enough to the ball, size is: 29.829265594482422
INFO:root:Centering the ball...
INFO:root:The ball's x position is: 82.28243255615234
INFO:root:Ball centered and ready to be catched!
INFO:root:Found the ball! Approaching...
INFO:root:Close enough to the ball, size is: 30.530643463134766
INFO:root:Centering the ball...
WARNING:root:Lost the ball! Searching agan...
INFO:root:Found the ball! Approaching...
INFO:root:Close enough to the ball, size is: 28.520734786987305
INFO:root:Centering the ball...
INFO:root:The ball's x position is: 110.04043579101562
INFO:root:The ball's x position is: 106.81172943115234
INFO:root:The ball's x position is: 103.39116668701172
INFO:root:The ball's x position is: 99.38603973388672
INFO:root:The ball's x position is: 119.66606140136719
INFO:root:The ball's x position is: 111.96605682373047
INFO:root:The ball's x position is: 109.5759506225586
INFO:root:The ball's x position is: 108.57609558105469
INFO:root:The ball's x position is: 108.88432312011719
INFO:root:The ball's x position is: 82.35546875
INFO:root:Ball centered and ready to be catched!
INFO:root:Found the ball! Approaching...
INFO:root:Close enough to the ball, size is: 28.987337112426758
INFO:root:Centering the ball...
INFO:root:The ball's x position is: 116.27963256835938
INFO:root:The ball's x position is: 124.0827407836914
WARNING:root:Lost the ball! Searching agan...
INFO:root:Found the ball! Approaching...
WARNING:root:Lost the ball! Searching again...
INFO:root:Found the ball! Approaching...
INFO:root:Close enough to the ball, size is: 28.6463565826416
INFO:root:Centering the ball...
INFO:root:The ball's x position is: 51.87702941894531
INFO:root:The ball's x position is: 59.59245300292969
INFO:root:The ball's x position is: 62.4161262512207
INFO:root:The ball's x position is: 66.66020202636719
INFO:root:The ball's x position is: 74.87132263183594
INFO:root:The ball's x position is: 76.7806625366211
INFO:root:Ball centered and ready to be catched!
INFO:root:Found the ball! Approaching...
INFO:root:Close enough to the ball, size is: 28.94568634033203
INFO:root:Centering the ball...
INFO:root:The ball's x position is: 76.31410217285156
INFO:root:Ball centered and ready to be catched!
INFO:root:Found the ball! Approaching...
INFO:root:Close enough to the ball, size is: 43.27573776245117
INFO:root:Centering the ball...
INFO:root:The ball's x position is: 75.35426330566406
INFO:root:Ball centered and ready to be catched!
INFO:root:Found the ball! Approaching...
WARNING:root:Lost the ball! Searching again...
INFO:root:Found the ball! Approaching...
WARNING:root:Lost the ball! Searching again...
INFO:root:Found the ball! Approaching...
WARNING:root:Lost the ball! Searching again...
INFO:root:Found the ball! Approaching...
WARNING:root:Lost the ball! Searching again...
INFO:root:Found the ball! Approaching...
INFO:root:Close enough to the ball, size is: 28.574665069580078
INFO:root:Centering the ball...
INFO:root:The ball's x position is: 73.67556762695312
INFO:root:The ball's x position is: 75.32005310058594
INFO:root:Ball centered and ready to be catched!
INFO:root:Frontasonic took an invalid value, repeating...
INFO:root:The distance to be covered is: 0.17 meters
INFO:root:Odometry was stopped
DEBUG:matplotlib.font_manager:findfont: Matching :family=sans-serif:style=normal:variant=normal:weight=normal:stretch=normal:size=10.0 to DejaVu Sans ('/home/pi/.local/lib/python3.5/site-packages/matplotlib/mpl-data/fonts/ttf/DejaVuSans.ttf') with score of 0.050000.
DEBUG:matplotlib.axes._base:update_title_pos
DEBUG:matplotlib.axes._base:update_title_pos
DEBUG:matplotlib.axes._base:update_title_pos
