INFO:root:MAIN: Program started
DEBUG:root:GENERATE_GRID: no hay que mezclar
INFO:root:ROBOT: Robot set up!
INFO:root:ROBOT: Odometry was started, PID: 12413:
INFO:root:MAIN: Initial location: 2.2, 2.6, -1.5707963267948966
INFO:root:*---------------------------------------------------------------------------*
INFO:root:Searching the ball...
INFO:root:Found the ball! Approaching...
INFO:root:Approaching the ball...
INFO:root:*---------------------------------------------------------------------------*
WARNING:root:KeyboardInterrupt raised
WARNING:root:Abruptly stopped the robot!
DEBUG:root:pared horizontal en: [0, 3]
DEBUG:root:pared horizontal en: [0, 5]
DEBUG:root:pared horizontal en: [0, 9]
DEBUG:root:pared horizontal en: [0, 13]
DEBUG:root:pared vertical en: [1, 0]
DEBUG:root:pared vertical en: [1, 8]
DEBUG:root:pared vertical en: [1, 14]
DEBUG:root:pared vertical en: [3, 0]
DEBUG:root:pared vertical en: [3, 8]
DEBUG:root:columna en: [3, 11]
DEBUG:root:pared vertical en: [3, 14]
DEBUG:root:pared vertical en: [5, 0]
DEBUG:root:pared vertical en: [5, 8]
DEBUG:root:pared vertical en: [5, 14]
DEBUG:root:pared vertical en: [7, 0]
DEBUG:root:pared vertical en: [7, 8]
DEBUG:root:columna en: [7, 11]
DEBUG:root:pared vertical en: [7, 14]
DEBUG:root:pared horizontal en: [8, 3]
DEBUG:root:pared horizontal en: [8, 5]
DEBUG:root:pared vertical en: [9, 0]
DEBUG:root:pared vertical en: [9, 14]
DEBUG:root:pared vertical en: [11, 0]
DEBUG:root:pared vertical en: [11, 14]
DEBUG:root:pared vertical en: [13, 0]
DEBUG:root:pared vertical en: [13, 14]
DEBUG:root:pared horizontal en: [14, 1]
DEBUG:root:pared horizontal en: [14, 3]
DEBUG:root:pared horizontal en: [14, 5]
DEBUG:root:pared horizontal en: [14, 7]
DEBUG:root:pared horizontal en: [14, 9]
DEBUG:root:pared horizontal en: [14, 11]
DEBUG:root:pared horizontal en: [14, 13]
DEBUG:matplotlib.axes._base:update_title_pos
DEBUG:matplotlib.font_manager:findfont: Matching :family=sans-serif:style=normal:variant=normal:weight=normal:stretch=normal:size=10.0 to DejaVu Sans ('/home/pi/.local/lib/python3.5/site-packages/matplotlib/mpl-data/fonts/ttf/DejaVuSans.ttf') with score of 0.050000.
DEBUG:matplotlib.axes._base:update_title_pos
