INFO:root:MAIN: Program started
DEBUG:root:GENERATE_GRID: no hay que mezclar
INFO:root:ROBOT: Robot set up!
INFO:root:ROBOT: Odometry was started, PID: 4488:
INFO:root:MAIN: Initial location: 2.2, 2.6, -1.5707963267948966
INFO:root:*---------------------------------------------------------------------------*
INFO:root:Searching the ball...
INFO:root:Found the ball! Approaching...
INFO:root:Approaching the ball...
WARNING:root:Lost the ball! Searching again...
INFO:root:Searching the ball...
INFO:root:Found the ball! Approaching...
INFO:root:Approaching the ball...
WARNING:root:Lost the ball! Searching again...
INFO:root:Searching the ball...
INFO:root:Found the ball! Approaching...
INFO:root:Approaching the ball...
WARNING:root:Lost the ball! Searching again...
INFO:root:Searching the ball...
INFO:root:Found the ball! Approaching...
INFO:root:Approaching the ball...
INFO:root:Close enough to the ball, size is: 27.8284854888916
INFO:root:Centering the ball...
INFO:root:The ball's x position is: 70.07405090332031
INFO:root:The ball's x position is: 71.71571350097656
INFO:root:The ball's x position is: 72.06388092041016
INFO:root:The ball's x position is: 73.23281860351562
INFO:root:The ball's x position is: 74.03244018554688
INFO:root:The ball's x position is: 76.02767944335938
INFO:root:Ball centered and ready to be catched!
INFO:root:Grabbing the ball...
INFO:root:The distance to be covered is: 0.18999999999999997 meters
DEBUG:root:BALL grab_ball: encoder value is 1
WARNING:root:Didn't get the ball :(
INFO:root:Searching the ball...
INFO:root:Found the ball! Approaching...
INFO:root:Approaching the ball...
INFO:root:Close enough to the ball, size is: 31.13028335571289
INFO:root:Centering the ball...
INFO:root:The ball's x position is: 78.39656066894531
INFO:root:Ball centered and ready to be catched!
INFO:root:Grabbing the ball...
INFO:root:Searching the ball...
INFO:root:Found the ball! Approaching...
INFO:root:Approaching the ball...
INFO:root:Close enough to the ball, size is: 31.699508666992188
INFO:root:Centering the ball...
WARNING:root:Lost the ball! Searching agan...
INFO:root:Searching the ball...
INFO:root:Found the ball! Approaching...
INFO:root:Approaching the ball...
INFO:root:Close enough to the ball, size is: 45.91859436035156
INFO:root:Centering the ball...
INFO:root:The ball's x position is: 134.0
WARNING:root:Lost the ball! Searching agan...
INFO:root:Searching the ball...
INFO:root:Found the ball! Approaching...
INFO:root:Approaching the ball...
INFO:root:Close enough to the ball, size is: 27.14710807800293
INFO:root:Centering the ball...
INFO:root:The ball's x position is: 61.352699279785156
INFO:root:The ball's x position is: 61.420597076416016
INFO:root:The ball's x position is: 62.08468246459961
INFO:root:The ball's x position is: 62.37117004394531
INFO:root:The ball's x position is: 62.544830322265625
INFO:root:The ball's x position is: 62.900062561035156
INFO:root:The ball's x position is: 62.663978576660156
INFO:root:The ball's x position is: 61.55576705932617
INFO:root:The ball's x position is: 60.48360061645508
INFO:root:The ball's x position is: 59.811153411865234
INFO:root:The ball's x position is: 59.33211135864258
INFO:root:The ball's x position is: 60.78218460083008
INFO:root:The ball's x position is: 61.66921615600586
INFO:root:The ball's x position is: 62.52155303955078
INFO:root:The ball's x position is: 63.444061279296875
INFO:root:The ball's x position is: 64.14599609375
INFO:root:The ball's x position is: 67.65387725830078
INFO:root:The ball's x position is: 69.35037994384766
INFO:root:The ball's x position is: 70.45967864990234
INFO:root:The ball's x position is: 72.11433410644531
INFO:root:The ball's x position is: 73.96810913085938
INFO:root:The ball's x position is: 77.8335189819336
INFO:root:Ball centered and ready to be catched!
INFO:root:Grabbing the ball...
INFO:root:The distance to be covered is: 0.23 meters
DEBUG:root:BALL grab_ball: encoder value is 0
WARNING:root:Didn't get the ball :(
INFO:root:Searching the ball...
INFO:root:Found the ball! Approaching...
INFO:root:Approaching the ball...
INFO:root:Close enough to the ball, size is: 31.412561416625977
INFO:root:Centering the ball...
INFO:root:The ball's x position is: 89.6203842163086
INFO:root:The ball's x position is: 93.32333374023438
INFO:root:The ball's x position is: 96.35282135009766
WARNING:root:Lost the ball! Searching agan...
INFO:root:Searching the ball...
INFO:root:Found the ball! Approaching...
INFO:root:Approaching the ball...
INFO:root:Close enough to the ball, size is: 27.06831932067871
INFO:root:Centering the ball...
INFO:root:The ball's x position is: 87.8838119506836
INFO:root:The ball's x position is: 89.44329833984375
INFO:root:The ball's x position is: 90.15142822265625
INFO:root:The ball's x position is: 90.99453735351562
INFO:root:The ball's x position is: 92.369140625
INFO:root:The ball's x position is: 93.01170349121094
INFO:root:The ball's x position is: 93.7400131225586
INFO:root:The ball's x position is: 94.45947265625
INFO:root:The ball's x position is: 95.43275451660156
INFO:root:The ball's x position is: 96.09365844726562
INFO:root:The ball's x position is: 95.58690643310547
INFO:root:The ball's x position is: 95.7635498046875
INFO:root:The ball's x position is: 95.9590072631836
INFO:root:The ball's x position is: 94.37748718261719
INFO:root:The ball's x position is: 92.91339874267578
INFO:root:The ball's x position is: 93.05445098876953
INFO:root:The ball's x position is: 92.19934844970703
INFO:root:The ball's x position is: 91.25041961669922
INFO:root:The ball's x position is: 90.42249298095703
INFO:root:The ball's x position is: 88.27165985107422
INFO:root:The ball's x position is: 86.5405044555664
INFO:root:The ball's x position is: 85.00199127197266
INFO:root:The ball's x position is: 83.79624938964844
INFO:root:Ball centered and ready to be catched!
INFO:root:Grabbing the ball...
INFO:root:The distance to be covered is: 0.16 meters
DEBUG:root:BALL grab_ball: encoder value is 0
WARNING:root:Didn't get the ball :(
INFO:root:Searching the ball...
INFO:root:Found the ball! Approaching...
INFO:root:Approaching the ball...
INFO:root:Close enough to the ball, size is: 34.69882583618164
INFO:root:Centering the ball...
INFO:root:The ball's x position is: 79.3427505493164
INFO:root:Ball centered and ready to be catched!
INFO:root:Grabbing the ball...
INFO:root:The distance to be covered is: 0.009999999999999995 meters
DEBUG:root:BALL grab_ball: encoder value is 0
WARNING:root:Didn't get the ball :(
INFO:root:Searching the ball...
INFO:root:Found the ball! Approaching...
INFO:root:Approaching the ball...
INFO:root:Close enough to the ball, size is: 34.48017501831055
INFO:root:Centering the ball...
INFO:root:The ball's x position is: 86.97000885009766
INFO:root:The ball's x position is: 101.08413696289062
INFO:root:The ball's x position is: 115.8550033569336
WARNING:root:Lost the ball! Searching agan...
INFO:root:Searching the ball...
INFO:root:Found the ball! Approaching...
INFO:root:Approaching the ball...
INFO:root:Close enough to the ball, size is: 42.757225036621094
INFO:root:Centering the ball...
INFO:root:The ball's x position is: 136.1133270263672
WARNING:root:Lost the ball! Searching agan...
INFO:root:Searching the ball...
INFO:root:Found the ball! Approaching...
INFO:root:Approaching the ball...
WARNING:root:Lost the ball! Searching again...
INFO:root:Searching the ball...
INFO:root:Found the ball! Approaching...
INFO:root:Approaching the ball...
WARNING:root:Lost the ball! Searching again...
INFO:root:Searching the ball...
INFO:root:Found the ball! Approaching...
INFO:root:Approaching the ball...
WARNING:root:Lost the ball! Searching again...
INFO:root:Searching the ball...
INFO:root:Found the ball! Approaching...
INFO:root:Approaching the ball...
WARNING:root:Lost the ball! Searching again...
INFO:root:Searching the ball...
INFO:root:Found the ball! Approaching...
INFO:root:Approaching the ball...
WARNING:root:Lost the ball! Searching again...
INFO:root:Searching the ball...
INFO:root:Found the ball! Approaching...
INFO:root:Approaching the ball...
WARNING:root:Lost the ball! Searching again...
INFO:root:Searching the ball...
INFO:root:Found the ball! Approaching...
INFO:root:Approaching the ball...
WARNING:root:Lost the ball! Searching again...
INFO:root:Searching the ball...
INFO:root:Found the ball! Approaching...
INFO:root:Approaching the ball...
WARNING:root:Lost the ball! Searching again...
INFO:root:Searching the ball...
INFO:root:Found the ball! Approaching...
INFO:root:Approaching the ball...
WARNING:root:Lost the ball! Searching again...
INFO:root:Searching the ball...
INFO:root:Found the ball! Approaching...
INFO:root:Approaching the ball...
INFO:root:Close enough to the ball, size is: 27.22344207763672
INFO:root:Centering the ball...
INFO:root:The ball's x position is: 12.844432830810547
INFO:root:The ball's x position is: 77.82877349853516
INFO:root:Ball centered and ready to be catched!
INFO:root:Grabbing the ball...
INFO:root:Searching the ball...
INFO:root:Found the ball! Approaching...
INFO:root:Approaching the ball...
INFO:root:Close enough to the ball, size is: 27.131629943847656
INFO:root:Centering the ball...
INFO:root:The ball's x position is: 76.59262084960938
INFO:root:Ball centered and ready to be catched!
INFO:root:Grabbing the ball...
INFO:root:The distance to be covered is: 0.24000000000000002 meters
DEBUG:root:BALL grab_ball: encoder value is 3
INFO:root:Got the ball!
INFO:root:Odometry was stopped
DEBUG:matplotlib.font_manager:findfont: Matching :family=sans-serif:style=normal:variant=normal:weight=normal:stretch=normal:size=10.0 to DejaVu Sans ('/home/pi/.local/lib/python3.5/site-packages/matplotlib/mpl-data/fonts/ttf/DejaVuSans.ttf') with score of 0.050000.
DEBUG:matplotlib.axes._base:update_title_pos
DEBUG:matplotlib.axes._base:update_title_pos
DEBUG:matplotlib.axes._base:update_title_pos
