INFO:root:MAIN: Program started
DEBUG:root:GENERATE_GRID: no hay que mezclar
INFO:root:ROBOT: Robot set up!
INFO:root:ROBOT: Odometry was started, PID: 6714:
INFO:root:MAIN: Initial location: 2.2, 2.6, -1.5707963267948966
INFO:root:*---------------------------------------------------------------------------*
INFO:root:Found the ball! Approaching...
INFO:root:Close enough to the ball, size is: 27.32870101928711
INFO:root:Centering the ball...
INFO:root:The ball's x position is: 73.14287567138672
INFO:root:The ball's x position is: 72.79660034179688
INFO:root:The ball's x position is: 72.48164367675781
INFO:root:The ball's x position is: 72.70955657958984
INFO:root:The ball's x position is: 72.89739227294922
INFO:root:The ball's x position is: 72.89058685302734
INFO:root:The ball's x position is: 72.95133209228516
INFO:root:The ball's x position is: 73.11052703857422
INFO:root:The ball's x position is: 73.40887451171875
INFO:root:The ball's x position is: 73.63319396972656
INFO:root:The ball's x position is: 74.38885498046875
INFO:root:The ball's x position is: 75.12322998046875
INFO:root:Ball centered and ready to be catched!
INFO:root:The distance to be covered is: 0.15 meters
DEBUG:root:ENCODER VALUES: 0 -- 0
INFO:root:Odometry was stopped
DEBUG:matplotlib.font_manager:findfont: Matching :family=sans-serif:style=normal:variant=normal:weight=normal:stretch=normal:size=10.0 to DejaVu Sans ('/home/pi/.local/lib/python3.5/site-packages/matplotlib/mpl-data/fonts/ttf/DejaVuSans.ttf') with score of 0.050000.
DEBUG:matplotlib.axes._base:update_title_pos
DEBUG:matplotlib.axes._base:update_title_pos
DEBUG:matplotlib.axes._base:update_title_pos
