INFO:root:MAIN: Program started
DEBUG:root:GENERATE_GRID: no hay que mezclar
INFO:root:ROBOT: Robot set up!
INFO:root:ROBOT: Odometry was started, PID: 11128:
INFO:root:MAIN: Initial location: 2.2, 2.6, -1.5707963267948966
INFO:root:*---------------------------------------------------------------------------*
INFO:root:Found the ball! Approaching...
INFO:root:Close enough to the ball, size is: 27.00653839111328
INFO:root:Centering the ball...
INFO:root:The ball's x position is: 79.40013122558594
INFO:root:Ball centered and ready to be catched!
INFO:root:The distance to be covered is: 0.19999999999999998 meters
INFO:root:Found the ball! Approaching...
INFO:root:Close enough to the ball, size is: 27.644941329956055
INFO:root:Centering the ball...
INFO:root:The ball's x position is: 79.30237579345703
INFO:root:Ball centered and ready to be catched!
INFO:root:Found the ball! Approaching...
INFO:root:Close enough to the ball, size is: 28.37203025817871
INFO:root:Centering the ball...
WARNING:root:Lost the ball! Searching agan...
INFO:root:Found the ball! Approaching...
INFO:root:Close enough to the ball, size is: 27.0960636138916
INFO:root:Centering the ball...
INFO:root:The ball's x position is: 85.57614135742188
INFO:root:The ball's x position is: 85.84188079833984
INFO:root:The ball's x position is: 85.97444152832031
INFO:root:The ball's x position is: 86.09722137451172
INFO:root:The ball's x position is: 86.02287292480469
INFO:root:The ball's x position is: 85.8733139038086
INFO:root:The ball's x position is: 85.74147033691406
INFO:root:The ball's x position is: 86.13533020019531
INFO:root:The ball's x position is: 86.0557861328125
INFO:root:The ball's x position is: 85.26883697509766
INFO:root:The ball's x position is: 84.38846588134766
INFO:root:Ball centered and ready to be catched!
INFO:root:The distance to be covered is: 0.24000000000000002 meters
INFO:root:Found the ball! Approaching...
INFO:root:Close enough to the ball, size is: 28.88825225830078
INFO:root:Centering the ball...
INFO:root:The ball's x position is: 80.66703033447266
INFO:root:Ball centered and ready to be catched!
INFO:root:Found the ball! Approaching...
INFO:root:Close enough to the ball, size is: 28.691957473754883
INFO:root:Centering the ball...
WARNING:root:Lost the ball! Searching agan...
INFO:root:Found the ball! Approaching...
WARNING:root:Lost the ball! Searching again...
INFO:root:Found the ball! Approaching...
INFO:root:Close enough to the ball, size is: 27.683847427368164
INFO:root:Centering the ball...
INFO:root:The ball's x position is: 78.23454284667969
INFO:root:Ball centered and ready to be catched!
INFO:root:The distance to be covered is: 0.18000000000000002 meters
INFO:root:Found the ball! Approaching...
INFO:root:Close enough to the ball, size is: 27.153911590576172
INFO:root:Centering the ball...
INFO:root:The ball's x position is: 78.99949645996094
INFO:root:Ball centered and ready to be catched!
INFO:root:Found the ball! Approaching...
INFO:root:Close enough to the ball, size is: 28.08778190612793
INFO:root:Centering the ball...
WARNING:root:Lost the ball! Searching agan...
INFO:root:Found the ball! Approaching...
INFO:root:Close enough to the ball, size is: 80.7409439086914
INFO:root:Centering the ball...
INFO:root:The ball's x position is: 89.7423095703125
INFO:root:The ball's x position is: 11.31344985961914
INFO:root:The ball's x position is: 85.06385040283203
INFO:root:The ball's x position is: 76.08167266845703
INFO:root:Ball centered and ready to be catched!
INFO:root:Found the ball! Approaching...
INFO:root:Close enough to the ball, size is: 36.84939193725586
INFO:root:Centering the ball...
INFO:root:The ball's x position is: 18.96354103088379
INFO:root:The ball's x position is: 16.093936920166016
INFO:root:The ball's x position is: 13.290616035461426
WARNING:root:Lost the ball! Searching agan...
INFO:root:Found the ball! Approaching...
INFO:root:Close enough to the ball, size is: 27.12506675720215
INFO:root:Centering the ball...
INFO:root:The ball's x position is: 82.08686065673828
INFO:root:Ball centered and ready to be catched!
INFO:root:The distance to be covered is: 0.23 meters
INFO:root:Found the ball! Approaching...
INFO:root:Close enough to the ball, size is: 27.865171432495117
INFO:root:Centering the ball...
INFO:root:The ball's x position is: 83.32118225097656
INFO:root:Ball centered and ready to be catched!
INFO:root:Found the ball! Approaching...
INFO:root:Close enough to the ball, size is: 28.065826416015625
INFO:root:Centering the ball...
WARNING:root:Lost the ball! Searching agan...
INFO:root:*---------------------------------------------------------------------------*
WARNING:root:KeyboardInterrupt raised
WARNING:root:Abruptly stopped the robot!
DEBUG:matplotlib.font_manager:findfont: Matching :family=sans-serif:style=normal:variant=normal:weight=normal:stretch=normal:size=10.0 to DejaVu Sans ('/home/pi/.local/lib/python3.5/site-packages/matplotlib/mpl-data/fonts/ttf/DejaVuSans.ttf') with score of 0.050000.
DEBUG:matplotlib.axes._base:update_title_pos
DEBUG:matplotlib.axes._base:update_title_pos
DEBUG:matplotlib.axes._base:update_title_pos
