INFO:root:MAIN: Program started
DEBUG:root:GENERATE_GRID: no hay que mezclar
INFO:root:ROBOT: Robot set up!
INFO:root:ROBOT: Odometry was started, PID: 12351:
INFO:root:MAIN: Initial location: 2.2, 2.6, -1.5707963267948966
INFO:root:*---------------------------------------------------------------------------*
INFO:root:Found the ball! Approaching...
INFO:root:Close enough to the ball, size is: 27.270301818847656
INFO:root:Centering the ball...
INFO:root:The ball's x position is: 80.32672882080078
INFO:root:Ball centered and ready to be catched!
INFO:root:The distance to be covered is: 0.18999999999999997 meters
INFO:root:BALL grab_ball: encoder value is 0
INFO:root:Found the ball! Approaching...
INFO:root:Close enough to the ball, size is: 28.516376495361328
INFO:root:Centering the ball...
INFO:root:The ball's x position is: 80.31858825683594
INFO:root:Ball centered and ready to be catched!
INFO:root:Found the ball! Approaching...
INFO:root:Close enough to the ball, size is: 30.483154296875
INFO:root:Centering the ball...
WARNING:root:Lost the ball! Searching agan...
INFO:root:Found the ball! Approaching...
INFO:root:Close enough to the ball, size is: 27.230249404907227
INFO:root:Centering the ball...
INFO:root:The ball's x position is: 78.72351837158203
INFO:root:Ball centered and ready to be catched!
INFO:root:The distance to be covered is: 0.22 meters
INFO:root:BALL grab_ball: encoder value is 0
INFO:root:Found the ball! Approaching...
INFO:root:Close enough to the ball, size is: 28.340436935424805
INFO:root:Centering the ball...
INFO:root:The ball's x position is: 79.58940887451172
INFO:root:Ball centered and ready to be catched!
INFO:root:Found the ball! Approaching...
INFO:root:Close enough to the ball, size is: 29.227928161621094
INFO:root:Centering the ball...
WARNING:root:Lost the ball! Searching agan...
INFO:root:Found the ball! Approaching...
INFO:root:Close enough to the ball, size is: 27.10812759399414
INFO:root:Centering the ball...
INFO:root:The ball's x position is: 74.84761810302734
INFO:root:The ball's x position is: 75.42822265625
INFO:root:Ball centered and ready to be catched!
INFO:root:The distance to be covered is: 0.21 meters
INFO:root:BALL grab_ball: encoder value is 1
INFO:root:Odometry was stopped
DEBUG:matplotlib.font_manager:findfont: Matching :family=sans-serif:style=normal:variant=normal:weight=normal:stretch=normal:size=10.0 to DejaVu Sans ('/home/pi/.local/lib/python3.5/site-packages/matplotlib/mpl-data/fonts/ttf/DejaVuSans.ttf') with score of 0.050000.
DEBUG:matplotlib.axes._base:update_title_pos
DEBUG:matplotlib.axes._base:update_title_pos
DEBUG:matplotlib.axes._base:update_title_pos
