INFO:root:MAIN: Program started
DEBUG:root:GENERATE_GRID: no hay que mezclar
INFO:root:ROBOT: Robot set up!
INFO:root:ROBOT: Odometry was started, PID: 4038:
INFO:root:MAIN: Initial location: 2.2, 2.6, -1.5707963267948966
INFO:root:*---------------------------------------------------------------------------*
INFO:root:Searching the ball...
INFO:root:Found the ball! Approaching...
INFO:root:Approaching the ball...
INFO:root:Close enough to the ball, size is: 27.115764617919922
INFO:root:Centering the ball...
INFO:root:The ball's x position is: 53.33974075317383
INFO:root:The ball's x position is: 52.159000396728516
INFO:root:The ball's x position is: 51.21143341064453
INFO:root:The ball's x position is: 50.13467025756836
INFO:root:The ball's x position is: 48.21204376220703
INFO:root:The ball's x position is: 47.53044891357422
INFO:root:The ball's x position is: 45.914634704589844
INFO:root:The ball's x position is: 44.8254508972168
INFO:root:The ball's x position is: 43.198150634765625
INFO:root:The ball's x position is: 39.74872589111328
INFO:root:The ball's x position is: 38.169212341308594
INFO:root:The ball's x position is: 37.038143157958984
INFO:root:The ball's x position is: 35.82351303100586
INFO:root:The ball's x position is: 35.746070861816406
INFO:root:The ball's x position is: 35.2347297668457
INFO:root:The ball's x position is: 35.38585662841797
INFO:root:The ball's x position is: 35.739864349365234
INFO:root:The ball's x position is: 36.47430419921875
INFO:root:The ball's x position is: 37.40679168701172
INFO:root:The ball's x position is: 38.78496170043945
INFO:root:The ball's x position is: 39.686038970947266
INFO:root:The ball's x position is: 41.30611038208008
INFO:root:The ball's x position is: 42.46293640136719
INFO:root:The ball's x position is: 43.48878479003906
INFO:root:The ball's x position is: 45.15815353393555
INFO:root:The ball's x position is: 46.206844329833984
INFO:root:The ball's x position is: 47.66359329223633
INFO:root:The ball's x position is: 49.29170608520508
INFO:root:The ball's x position is: 52.04871368408203
INFO:root:The ball's x position is: 53.404754638671875
INFO:root:The ball's x position is: 54.88969421386719
INFO:root:The ball's x position is: 57.55378341674805
INFO:root:The ball's x position is: 58.864601135253906
INFO:root:The ball's x position is: 59.74809265136719
INFO:root:The ball's x position is: 61.954959869384766
INFO:root:The ball's x position is: 63.81753921508789
INFO:root:The ball's x position is: 64.82711791992188
INFO:root:The ball's x position is: 68.04205322265625
INFO:root:The ball's x position is: 69.35773468017578
INFO:root:The ball's x position is: 72.439453125
INFO:root:The ball's x position is: 73.92919158935547
INFO:root:The ball's x position is: 74.8797836303711
INFO:root:The ball's x position is: 77.67484283447266
INFO:root:Ball centered and ready to be catched!
INFO:root:Grabbing the ball...
INFO:root:Searching the ball...
INFO:root:Found the ball! Approaching...
INFO:root:Approaching the ball...
INFO:root:Close enough to the ball, size is: 27.086755752563477
INFO:root:Centering the ball...
INFO:root:The ball's x position is: 76.37358856201172
INFO:root:Ball centered and ready to be catched!
INFO:root:Grabbing the ball...
INFO:root:The distance to be covered is: 0.19999999999999998 meters
DEBUG:root:BALL grab_ball: encoder value is 0
WARNING:root:Didn't get the ball :(
INFO:root:Searching the ball...
INFO:root:Found the ball! Approaching...
INFO:root:Approaching the ball...
INFO:root:Close enough to the ball, size is: 28.10137939453125
INFO:root:Centering the ball...
INFO:root:The ball's x position is: 76.23967742919922
INFO:root:Ball centered and ready to be catched!
INFO:root:Grabbing the ball...
INFO:root:The distance to be covered is: 0.15 meters
DEBUG:root:BALL grab_ball: encoder value is 0
WARNING:root:Didn't get the ball :(
INFO:root:Searching the ball...
INFO:root:Found the ball! Approaching...
INFO:root:Approaching the ball...
INFO:root:Close enough to the ball, size is: 29.522497177124023
INFO:root:Centering the ball...
INFO:root:The ball's x position is: 10.737918853759766
INFO:root:The ball's x position is: 10.919695854187012
INFO:root:The ball's x position is: 11.170260429382324
WARNING:root:Lost the ball! Searching agan...
INFO:root:Searching the ball...
INFO:root:Found the ball! Approaching...
INFO:root:Approaching the ball...
WARNING:root:Lost the ball! Searching again...
INFO:root:Searching the ball...
INFO:root:Found the ball! Approaching...
INFO:root:Approaching the ball...
INFO:root:Close enough to the ball, size is: 27.185094833374023
INFO:root:Centering the ball...
INFO:root:The ball's x position is: 49.84268569946289
INFO:root:The ball's x position is: 49.16154861450195
INFO:root:The ball's x position is: 48.40291213989258
INFO:root:The ball's x position is: 48.18885803222656
INFO:root:The ball's x position is: 47.557647705078125
INFO:root:The ball's x position is: 46.8836784362793
INFO:root:The ball's x position is: 46.05535888671875
INFO:root:The ball's x position is: 45.47697067260742
INFO:root:The ball's x position is: 44.08539962768555
INFO:root:The ball's x position is: 42.251590728759766
INFO:root:The ball's x position is: 41.11767578125
INFO:root:The ball's x position is: 39.790069580078125
INFO:root:The ball's x position is: 38.88743209838867
INFO:root:The ball's x position is: 37.023590087890625
INFO:root:The ball's x position is: 36.351051330566406
INFO:root:The ball's x position is: 36.38105773925781
INFO:root:The ball's x position is: 36.56072998046875
INFO:root:The ball's x position is: 36.68532180786133
INFO:root:The ball's x position is: 37.32938766479492
INFO:root:The ball's x position is: 37.933250427246094
INFO:root:The ball's x position is: 38.81135177612305
WARNING:root:Lost the ball! Searching agan...
INFO:root:Searching the ball...
INFO:root:Found the ball! Approaching...
INFO:root:Approaching the ball...
INFO:root:Close enough to the ball, size is: 27.34752082824707
INFO:root:Centering the ball...
INFO:root:The ball's x position is: 77.77423095703125
INFO:root:Ball centered and ready to be catched!
INFO:root:Grabbing the ball...
INFO:root:The distance to be covered is: 0.26 meters
DEBUG:root:BALL grab_ball: encoder value is 3
INFO:root:Got the ball!
INFO:root:Odometry was stopped
DEBUG:matplotlib.font_manager:findfont: Matching :family=sans-serif:style=normal:variant=normal:weight=normal:stretch=normal:size=10.0 to DejaVu Sans ('/home/pi/.local/lib/python3.5/site-packages/matplotlib/mpl-data/fonts/ttf/DejaVuSans.ttf') with score of 0.050000.
DEBUG:matplotlib.axes._base:update_title_pos
DEBUG:matplotlib.axes._base:update_title_pos
DEBUG:matplotlib.axes._base:update_title_pos
