INFO:root:MAIN: Program started
DEBUG:root:GENERATE_GRID: goal_k is: 0
INFO:root:ROBOT: Robot set up!
INFO:root:ROBOT: Odometry was started, PID: 12669:
INFO:root:MAIN: Initial location: 2.2, 2.6, -1.5707963267948966


INFO:root:MAIN: The floor is WHITE
INFO:root:ROBOT setMapByColor:Tile color is white, setting map A
INFO:root:ROBOT forceNewPosition: Updating position to [0.6, 3]
WARNING:root:KeyboardInterrupt raised
WARNING:root:Abruptly stopped the robot!
DEBUG:matplotlib.font_manager:findfont: Matching :family=sans-serif:style=normal:variant=normal:weight=normal:stretch=normal:size=10.0 to DejaVu Sans ('/home/pi/.local/lib/python3.5/site-packages/matplotlib/mpl-data/fonts/ttf/DejaVuSans.ttf') with score of 0.050000.
DEBUG:matplotlib.axes._base:update_title_pos
DEBUG:root:PLOT: INDICES I, J: 1.0, 1.0
DEBUG:root:PLOT: INDICES I, J: 1, 3.0
DEBUG:root:PLOT: INDICES I, J: 1, 5.0
DEBUG:root:PLOT: INDICES I, J: 1, 7.0
DEBUG:root:PLOT: INDICES I, J: 1, 9.0
DEBUG:root:PLOT: INDICES I, J: 1, 11.0
DEBUG:root:PLOT: INDICES I, J: 1, 13.0
DEBUG:root:PLOT: INDICES I, J: 3.0, 1.0
DEBUG:root:PLOT: INDICES I, J: 3, 3.0
DEBUG:root:PLOT: INDICES I, J: 3, 5.0
DEBUG:root:PLOT: INDICES I, J: 3, 7.0
DEBUG:root:PLOT: INDICES I, J: 3, 9.0
DEBUG:root:PLOT: INDICES I, J: 3, 11.0
DEBUG:root:PLOT: INDICES I, J: 3, 13.0
DEBUG:root:PLOT: INDICES I, J: 5.0, 1.0
DEBUG:root:PLOT: INDICES I, J: 5, 3.0
DEBUG:root:PLOT: INDICES I, J: 5, 5.0
DEBUG:root:PLOT: INDICES I, J: 5, 7.0
DEBUG:root:PLOT: INDICES I, J: 5, 9.0
DEBUG:root:PLOT: INDICES I, J: 5, 11.0
DEBUG:root:PLOT: INDICES I, J: 5, 13.0
DEBUG:root:PLOT: INDICES I, J: 7.0, 1.0
DEBUG:root:PLOT: INDICES I, J: 7, 3.0
DEBUG:root:PLOT: INDICES I, J: 7, 5.0
DEBUG:root:PLOT: INDICES I, J: 7, 7.0
DEBUG:root:PLOT: INDICES I, J: 7, 9.0
DEBUG:root:PLOT: INDICES I, J: 7, 11.0
DEBUG:root:PLOT: INDICES I, J: 7, 13.0
DEBUG:root:PLOT: INDICES I, J: 9.0, 1.0
DEBUG:root:PLOT: INDICES I, J: 9, 3.0
DEBUG:root:PLOT: INDICES I, J: 9, 5.0
DEBUG:root:PLOT: INDICES I, J: 9, 7.0
DEBUG:root:PLOT: INDICES I, J: 9, 9.0
DEBUG:root:PLOT: INDICES I, J: 9, 11.0
DEBUG:root:PLOT: INDICES I, J: 9, 13.0
DEBUG:root:PLOT: INDICES I, J: 11.0, 1.0
DEBUG:root:PLOT: INDICES I, J: 11, 3.0
DEBUG:root:PLOT: INDICES I, J: 11, 5.0
DEBUG:root:PLOT: INDICES I, J: 11, 7.0
DEBUG:root:PLOT: INDICES I, J: 11, 9.0
DEBUG:root:PLOT: INDICES I, J: 11, 11.0
DEBUG:root:PLOT: INDICES I, J: 11, 13.0
DEBUG:root:PLOT: INDICES I, J: 13.0, 1.0
DEBUG:root:PLOT: INDICES I, J: 13, 3.0
DEBUG:root:PLOT: INDICES I, J: 13, 5.0
DEBUG:root:PLOT: INDICES I, J: 13, 7.0
DEBUG:root:PLOT: INDICES I, J: 13, 9.0
DEBUG:root:PLOT: INDICES I, J: 13, 11.0
DEBUG:root:PLOT: INDICES I, J: 13, 13.0
