INFO:root:MAIN: Program started
DEBUG:root:GENERATE_GRID: no hay que mezclar
INFO:root:ROBOT: Robot set up!
INFO:root:ROBOT: Odometry was started, PID: 21368:
INFO:root:MAIN: Initial location: 2.2, 2.6, -1.5707963267948966
INFO:root:*---------------------------------------------------------------------------*
INFO:root:Searching the ball...
INFO:root:Found the ball! Approaching...
INFO:root:Approaching the ball...
INFO:root:Close enough to the ball, size is: 30.153139114379883
INFO:root:Centering the ball...
INFO:root:The ball's x position is: 65.12004089355469
INFO:root:The ball's x position is: 65.73897552490234
INFO:root:The ball's x position is: 66.23751068115234
INFO:root:The ball's x position is: 67.13788604736328
INFO:root:The ball's x position is: 69.4122543334961
INFO:root:The ball's x position is: 70.23343658447266
INFO:root:The ball's x position is: 71.20056915283203
INFO:root:The ball's x position is: 71.67713928222656
INFO:root:The ball's x position is: 72.38230895996094
INFO:root:The ball's x position is: 72.73640441894531
INFO:root:The ball's x position is: 73.35869598388672
INFO:root:The ball's x position is: 74.81663513183594
INFO:root:The ball's x position is: 75.90741729736328
INFO:root:The ball's x position is: 76.92008972167969
INFO:root:The ball's x position is: 78.6246566772461
INFO:root:The ball's x position is: 80.11376190185547
INFO:root:Ball centered and ready to be catched!
INFO:root:Grabbing the ball...
INFO:root:The distance to be covered is: 0.22 meters
DEBUG:root:BALL grab_ball: encoder value is 0
WARNING:root:Didn't get the ball :(
INFO:root:Searching the ball...
INFO:root:Found the ball! Approaching...
INFO:root:Approaching the ball...
WARNING:root:Lost the ball! Searching again...
INFO:root:Searching the ball...
INFO:root:Found the ball! Approaching...
INFO:root:Approaching the ball...
WARNING:root:Lost the ball! Searching again...
INFO:root:Searching the ball...
INFO:root:Found the ball! Approaching...
INFO:root:Approaching the ball...
WARNING:root:Lost the ball! Searching again...
INFO:root:Searching the ball...
INFO:root:Found the ball! Approaching...
INFO:root:Approaching the ball...
INFO:root:Close enough to the ball, size is: 30.414968490600586
INFO:root:Centering the ball...
INFO:root:The ball's x position is: 130.2026824951172
INFO:root:The ball's x position is: 129.03598022460938
INFO:root:The ball's x position is: 128.229736328125
INFO:root:The ball's x position is: 125.2994155883789
INFO:root:The ball's x position is: 121.18872833251953
INFO:root:The ball's x position is: 115.76903533935547
INFO:root:The ball's x position is: 110.51038360595703
INFO:root:The ball's x position is: 102.12020111083984
INFO:root:The ball's x position is: 100.80404663085938
INFO:root:The ball's x position is: 100.9621810913086
INFO:root:The ball's x position is: 100.61225128173828
INFO:root:The ball's x position is: 99.82008361816406
INFO:root:The ball's x position is: 98.33099365234375
INFO:root:The ball's x position is: 96.41315460205078
INFO:root:The ball's x position is: 92.14588165283203
INFO:root:The ball's x position is: 90.21855163574219
INFO:root:The ball's x position is: 87.59062957763672
INFO:root:The ball's x position is: 84.92137145996094
INFO:root:The ball's x position is: 82.27222442626953
INFO:root:The ball's x position is: 79.89325714111328
INFO:root:The ball's x position is: 77.88640594482422
INFO:root:The ball's x position is: 73.56217956542969
INFO:root:The ball's x position is: 71.40090942382812
INFO:root:The ball's x position is: 68.9339828491211
INFO:root:The ball's x position is: 66.47734832763672
INFO:root:The ball's x position is: 64.24642181396484
INFO:root:The ball's x position is: 61.904422760009766
INFO:root:The ball's x position is: 59.44150924682617
INFO:root:The ball's x position is: 58.92323303222656
INFO:root:The ball's x position is: 58.279136657714844
INFO:root:The ball's x position is: 58.51402282714844
INFO:root:The ball's x position is: 58.23918533325195
INFO:root:The ball's x position is: 56.98237991333008
INFO:root:The ball's x position is: 54.79765701293945
INFO:root:The ball's x position is: 48.87491226196289
INFO:root:The ball's x position is: 45.207489013671875
INFO:root:The ball's x position is: 41.88670349121094
INFO:root:The ball's x position is: 38.787147521972656
INFO:root:The ball's x position is: 35.42976379394531
INFO:root:The ball's x position is: 28.810504913330078
INFO:root:The ball's x position is: 24.753202438354492
INFO:root:The ball's x position is: 20.41168212890625
INFO:root:The ball's x position is: 17.529695510864258
INFO:root:The ball's x position is: 14.869183540344238
INFO:root:The ball's x position is: 9.41720962524414
INFO:root:The ball's x position is: 8.572432518005371
INFO:root:The ball's x position is: 7.006808280944824
INFO:root:The ball's x position is: 4.745818614959717
INFO:root:The ball's x position is: 3.2336783409118652
WARNING:root:Lost the ball! Searching agan...
INFO:root:Searching the ball...
INFO:root:Found the ball! Approaching...
INFO:root:Approaching the ball...
INFO:root:Close enough to the ball, size is: 33.497962951660156
INFO:root:Centering the ball...
INFO:root:The ball's x position is: 23.52788543701172
INFO:root:The ball's x position is: 29.932004928588867
INFO:root:The ball's x position is: 36.11235046386719
INFO:root:The ball's x position is: 41.69519805908203
INFO:root:The ball's x position is: 46.07222366333008
INFO:root:The ball's x position is: 51.6999626159668
INFO:root:The ball's x position is: 67.11978149414062
INFO:root:The ball's x position is: 73.89094543457031
INFO:root:The ball's x position is: 79.37515258789062
INFO:root:The ball's x position is: 83.54428100585938
INFO:root:The ball's x position is: 88.28690338134766
INFO:root:The ball's x position is: 92.8213882446289
INFO:root:The ball's x position is: 102.76598358154297
INFO:root:The ball's x position is: 108.0761489868164
INFO:root:The ball's x position is: 113.17324829101562
INFO:root:The ball's x position is: 118.0674057006836
INFO:root:The ball's x position is: 122.37886810302734
INFO:root:The ball's x position is: 125.89473724365234
INFO:root:The ball's x position is: 132.1872100830078
INFO:root:The ball's x position is: 135.53024291992188
INFO:root:The ball's x position is: 138.93829345703125
INFO:root:The ball's x position is: 142.96754455566406
INFO:root:The ball's x position is: 145.8388214111328
INFO:root:The ball's x position is: 147.7859344482422
INFO:root:The ball's x position is: 149.205322265625
INFO:root:The ball's x position is: 152.16629028320312
INFO:root:The ball's x position is: 152.65975952148438
INFO:root:The ball's x position is: 152.66387939453125
INFO:root:The ball's x position is: 153.80209350585938
INFO:root:The ball's x position is: 153.90089416503906
INFO:root:The ball's x position is: 155.2820281982422
WARNING:root:Lost the ball! Searching agan...
INFO:root:Searching the ball...
INFO:root:Found the ball! Approaching...
INFO:root:Approaching the ball...
INFO:root:Close enough to the ball, size is: 35.626930236816406
INFO:root:Centering the ball...
INFO:root:The ball's x position is: 42.299034118652344
INFO:root:The ball's x position is: 47.49886703491211
INFO:root:The ball's x position is: 52.549095153808594
INFO:root:The ball's x position is: 63.714988708496094
INFO:root:The ball's x position is: 71.97398376464844
INFO:root:The ball's x position is: 79.06207275390625
INFO:root:The ball's x position is: 78.53680419921875
INFO:root:Ball centered and ready to be catched!
INFO:root:Grabbing the ball...
INFO:root:Searching the ball...
INFO:root:Found the ball! Approaching...
INFO:root:Approaching the ball...
INFO:root:Close enough to the ball, size is: 31.551969528198242
INFO:root:Centering the ball...
INFO:root:The ball's x position is: 67.15357208251953
INFO:root:The ball's x position is: 63.98276138305664
INFO:root:The ball's x position is: 55.15119171142578
INFO:root:The ball's x position is: 81.63121795654297
INFO:root:The ball's x position is: 80.7768783569336
INFO:root:Ball centered and ready to be catched!
INFO:root:Grabbing the ball...
INFO:root:Searching the ball...
INFO:root:Found the ball! Approaching...
INFO:root:Approaching the ball...
INFO:root:Close enough to the ball, size is: 30.391944885253906
INFO:root:Centering the ball...
INFO:root:The ball's x position is: 96.50436401367188
INFO:root:The ball's x position is: 95.99819946289062
INFO:root:The ball's x position is: 95.6483383178711
INFO:root:The ball's x position is: 95.65913391113281
INFO:root:The ball's x position is: 95.43096160888672
INFO:root:The ball's x position is: 95.31050109863281
INFO:root:The ball's x position is: 96.52206420898438
INFO:root:The ball's x position is: 97.95718383789062
INFO:root:The ball's x position is: 98.99251556396484
INFO:root:The ball's x position is: 100.27052307128906
INFO:root:The ball's x position is: 101.21913146972656
INFO:root:The ball's x position is: 102.58464813232422
INFO:root:The ball's x position is: 102.69373321533203
INFO:root:The ball's x position is: 103.29855346679688
INFO:root:The ball's x position is: 104.01158142089844
INFO:root:The ball's x position is: 104.53433227539062
INFO:root:The ball's x position is: 105.44284057617188
INFO:root:The ball's x position is: 106.5763931274414
INFO:root:The ball's x position is: 107.10781860351562
INFO:root:The ball's x position is: 107.73746490478516
INFO:root:The ball's x position is: 108.60044860839844
INFO:root:The ball's x position is: 108.59562683105469
INFO:root:The ball's x position is: 109.16726684570312
WARNING:root:Lost the ball! Searching agan...
INFO:root:Searching the ball...
INFO:root:Found the ball! Approaching...
INFO:root:Approaching the ball...
INFO:root:Close enough to the ball, size is: 30.083589553833008
INFO:root:Centering the ball...
INFO:root:The ball's x position is: 36.06067657470703
INFO:root:The ball's x position is: 41.91356658935547
INFO:root:The ball's x position is: 42.9571647644043
INFO:root:The ball's x position is: 9.054304122924805
INFO:root:The ball's x position is: 3.862144708633423
INFO:root:The ball's x position is: 30.384815216064453
INFO:root:The ball's x position is: 30.929166793823242
INFO:root:The ball's x position is: 35.25178146362305
INFO:root:The ball's x position is: 46.48707962036133
INFO:root:The ball's x position is: 55.79878234863281
INFO:root:The ball's x position is: 60.83346939086914
INFO:root:The ball's x position is: 66.98719787597656
INFO:root:The ball's x position is: 73.53008270263672
INFO:root:The ball's x position is: 70.54232025146484
INFO:root:The ball's x position is: 67.40650177001953
INFO:root:The ball's x position is: 35.09944152832031
INFO:root:The ball's x position is: 51.00767517089844
INFO:root:The ball's x position is: 49.11623001098633
INFO:root:The ball's x position is: 42.49388885498047
INFO:root:The ball's x position is: 26.859764099121094
INFO:root:The ball's x position is: 19.153867721557617
INFO:root:The ball's x position is: 11.523941040039062
INFO:root:The ball's x position is: 9.153489112854004
INFO:root:The ball's x position is: 3.0926830768585205
WARNING:root:Lost the ball! Searching agan...
INFO:root:Searching the ball...
INFO:root:Found the ball! Approaching...
INFO:root:Approaching the ball...
WARNING:root:Lost the ball! Searching again...
INFO:root:Searching the ball...
INFO:root:Found the ball! Approaching...
INFO:root:Approaching the ball...
WARNING:root:Lost the ball! Searching again...
INFO:root:Searching the ball...
INFO:root:Found the ball! Approaching...
INFO:root:Approaching the ball...
INFO:root:Close enough to the ball, size is: 30.468965530395508
INFO:root:Centering the ball...
INFO:root:The ball's x position is: 69.85309600830078
INFO:root:The ball's x position is: 73.65753173828125
INFO:root:The ball's x position is: 79.19591522216797
INFO:root:The ball's x position is: 81.49085998535156
INFO:root:Ball centered and ready to be catched!
INFO:root:Grabbing the ball...
INFO:root:Searching the ball...
INFO:root:Found the ball! Approaching...
INFO:root:Approaching the ball...
INFO:root:Close enough to the ball, size is: 30.04117202758789
INFO:root:Centering the ball...
INFO:root:The ball's x position is: 90.96662139892578
INFO:root:The ball's x position is: 90.44577026367188
INFO:root:The ball's x position is: 90.43917083740234
INFO:root:The ball's x position is: 87.58729553222656
INFO:root:The ball's x position is: 87.75009155273438
INFO:root:The ball's x position is: 88.27936553955078
INFO:root:The ball's x position is: 94.86282348632812
INFO:root:The ball's x position is: 95.54635620117188
INFO:root:The ball's x position is: 95.55196380615234
INFO:root:The ball's x position is: 94.24408721923828
INFO:root:The ball's x position is: 93.62674713134766
INFO:root:The ball's x position is: 93.27439880371094
INFO:root:The ball's x position is: 92.46485900878906
INFO:root:The ball's x position is: 91.5075912475586
INFO:root:The ball's x position is: 88.50569915771484
INFO:root:The ball's x position is: 86.8840103149414
INFO:root:The ball's x position is: 85.27645874023438
INFO:root:The ball's x position is: 83.56350708007812
INFO:root:The ball's x position is: 81.89012908935547
INFO:root:The ball's x position is: 78.50147247314453
INFO:root:Ball centered and ready to be catched!
INFO:root:Grabbing the ball...
INFO:root:Searching the ball...
INFO:root:Found the ball! Approaching...
INFO:root:Approaching the ball...
INFO:root:Close enough to the ball, size is: 38.57137680053711
INFO:root:Centering the ball...
INFO:root:The ball's x position is: 92.78901672363281
INFO:root:The ball's x position is: 90.6773910522461
INFO:root:The ball's x position is: 83.56892395019531
INFO:root:The ball's x position is: 69.96753692626953
INFO:root:The ball's x position is: 87.41193389892578
INFO:root:The ball's x position is: 90.05915832519531
INFO:root:The ball's x position is: 93.21723937988281
INFO:root:The ball's x position is: 98.41712188720703
INFO:root:The ball's x position is: 101.7722396850586
INFO:root:The ball's x position is: 61.37158203125
INFO:root:The ball's x position is: 60.65547561645508
INFO:root:The ball's x position is: 60.27199172973633
INFO:root:The ball's x position is: 59.994468688964844
INFO:root:The ball's x position is: 59.123779296875
INFO:root:The ball's x position is: 57.88417434692383
INFO:root:The ball's x position is: 55.859004974365234
INFO:root:The ball's x position is: 53.71194839477539
INFO:root:The ball's x position is: 53.400840759277344
INFO:root:The ball's x position is: 53.88722610473633
INFO:root:The ball's x position is: 54.97264862060547
INFO:root:The ball's x position is: 55.62284851074219
INFO:root:The ball's x position is: 56.21221923828125
INFO:root:The ball's x position is: 57.50772476196289
INFO:root:The ball's x position is: 58.73202133178711
INFO:root:The ball's x position is: 63.1164436340332
INFO:root:The ball's x position is: 65.84371948242188
INFO:root:The ball's x position is: 67.84950256347656
INFO:root:The ball's x position is: 70.66062927246094
INFO:root:The ball's x position is: 73.4600601196289
INFO:root:The ball's x position is: 75.615478515625
INFO:root:The ball's x position is: 78.2143325805664
INFO:root:The ball's x position is: 83.5571060180664
INFO:root:The ball's x position is: 85.93292999267578
INFO:root:The ball's x position is: 88.36934661865234
INFO:root:The ball's x position is: 90.71269989013672
INFO:root:The ball's x position is: 93.1640396118164
INFO:root:The ball's x position is: 98.36458587646484
INFO:root:The ball's x position is: 100.86743927001953
INFO:root:The ball's x position is: 102.00677490234375
INFO:root:The ball's x position is: 102.55873107910156
INFO:root:The ball's x position is: 103.13182830810547
INFO:root:The ball's x position is: 103.8328857421875
INFO:root:The ball's x position is: 104.21813201904297
INFO:root:The ball's x position is: 104.97924041748047
INFO:root:The ball's x position is: 105.47903442382812
INFO:root:The ball's x position is: 105.88984680175781
INFO:root:The ball's x position is: 105.44915771484375
INFO:root:The ball's x position is: 104.8225326538086
INFO:root:The ball's x position is: 103.90817260742188
INFO:root:The ball's x position is: 103.5079345703125
INFO:root:The ball's x position is: 102.49349975585938
INFO:root:The ball's x position is: 102.0326156616211
INFO:root:The ball's x position is: 101.64815521240234
INFO:root:The ball's x position is: 100.94803619384766
INFO:root:The ball's x position is: 100.464599609375
INFO:root:The ball's x position is: 99.4705581665039
INFO:root:The ball's x position is: 98.6820068359375
INFO:root:The ball's x position is: 97.50810241699219
INFO:root:The ball's x position is: 96.81660461425781
INFO:root:The ball's x position is: 96.04022979736328
INFO:root:The ball's x position is: 95.30352783203125
INFO:root:The ball's x position is: 93.59335327148438
INFO:root:The ball's x position is: 92.5569076538086
INFO:root:The ball's x position is: 91.80144500732422
INFO:root:The ball's x position is: 90.60537719726562
INFO:root:The ball's x position is: 89.50037384033203
INFO:root:The ball's x position is: 88.44833374023438
INFO:root:The ball's x position is: 87.34187316894531
INFO:root:The ball's x position is: 86.58032989501953
INFO:root:The ball's x position is: 85.41644287109375
INFO:root:The ball's x position is: 83.92622375488281
INFO:root:The ball's x position is: 82.5555419921875
INFO:root:The ball's x position is: 80.81243896484375
INFO:root:The ball's x position is: 79.53141021728516
INFO:root:Ball centered and ready to be catched!
INFO:root:Grabbing the ball...
INFO:root:The distance to be covered is: 0.16 meters
DEBUG:root:BALL grab_ball: encoder value is 0
WARNING:root:Didn't get the ball :(
INFO:root:Searching the ball...
INFO:root:Found the ball! Approaching...
INFO:root:Approaching the ball...
INFO:root:Close enough to the ball, size is: 31.439294815063477
INFO:root:Centering the ball...
INFO:root:The ball's x position is: 73.67180633544922
INFO:root:The ball's x position is: 71.56575012207031
INFO:root:The ball's x position is: 67.09679412841797
WARNING:root:Lost the ball! Searching agan...
INFO:root:Searching the ball...
INFO:root:Found the ball! Approaching...
INFO:root:Approaching the ball...
INFO:root:Close enough to the ball, size is: 30.099672317504883
INFO:root:Centering the ball...
INFO:root:The ball's x position is: 27.2780704498291
INFO:root:The ball's x position is: 25.814287185668945
INFO:root:The ball's x position is: 24.253385543823242
INFO:root:The ball's x position is: 23.719959259033203
INFO:root:The ball's x position is: 23.463842391967773
INFO:root:The ball's x position is: 23.76860237121582
INFO:root:The ball's x position is: 24.335546493530273
INFO:root:The ball's x position is: 21.18134117126465
INFO:root:The ball's x position is: 14.635290145874023
INFO:root:The ball's x position is: 12.761632919311523
INFO:root:The ball's x position is: 11.859241485595703
INFO:root:The ball's x position is: 10.569966316223145
INFO:root:The ball's x position is: 9.500269889831543
INFO:root:The ball's x position is: 8.55124568939209
INFO:root:The ball's x position is: 7.899767875671387
INFO:root:The ball's x position is: 7.804866790771484
INFO:root:The ball's x position is: 6.6201276779174805
INFO:root:The ball's x position is: 6.290936470031738
INFO:root:The ball's x position is: 5.936010837554932
INFO:root:The ball's x position is: 5.574769020080566
INFO:root:The ball's x position is: 4.816007137298584
INFO:root:The ball's x position is: 4.2922749519348145
INFO:root:The ball's x position is: 3.930870532989502
INFO:root:The ball's x position is: 3.3064184188842773
WARNING:root:Lost the ball! Searching agan...
INFO:root:Searching the ball...
INFO:root:Found the ball! Approaching...
INFO:root:Approaching the ball...
INFO:root:Close enough to the ball, size is: 30.118183135986328
INFO:root:Centering the ball...
INFO:root:The ball's x position is: 17.772356033325195
INFO:root:The ball's x position is: 24.705121994018555
INFO:root:The ball's x position is: 24.987777709960938
INFO:root:The ball's x position is: 26.122989654541016
INFO:root:The ball's x position is: 33.23213195800781
INFO:root:The ball's x position is: 38.035545349121094
INFO:root:The ball's x position is: 42.12065124511719
INFO:root:The ball's x position is: 44.28206253051758
INFO:root:The ball's x position is: 44.34501647949219
INFO:root:The ball's x position is: 41.3566780090332
INFO:root:The ball's x position is: 37.63419723510742
INFO:root:The ball's x position is: 36.58330154418945
INFO:root:The ball's x position is: 36.22193908691406
INFO:root:The ball's x position is: 36.214637756347656
INFO:root:The ball's x position is: 36.34418869018555
INFO:root:The ball's x position is: 36.45730972290039
INFO:root:The ball's x position is: 36.55224609375
INFO:root:The ball's x position is: 36.66101837158203
INFO:root:The ball's x position is: 36.83488082885742
INFO:root:The ball's x position is: 37.52629089355469
INFO:root:The ball's x position is: 38.19517135620117
INFO:root:The ball's x position is: 38.72903060913086
INFO:root:The ball's x position is: 39.259647369384766
INFO:root:The ball's x position is: 40.44166564941406
INFO:root:The ball's x position is: 41.279075622558594
INFO:root:The ball's x position is: 42.78938674926758
INFO:root:The ball's x position is: 43.82179641723633
INFO:root:The ball's x position is: 44.64580535888672
INFO:root:The ball's x position is: 45.430973052978516
INFO:root:The ball's x position is: 46.36784362792969
INFO:root:The ball's x position is: 48.09969711303711
INFO:root:The ball's x position is: 49.12010955810547
INFO:root:The ball's x position is: 50.524295806884766
INFO:root:The ball's x position is: 51.98208236694336
INFO:root:The ball's x position is: 53.41920471191406
INFO:root:The ball's x position is: 56.106056213378906
INFO:root:The ball's x position is: 57.84614944458008
INFO:root:The ball's x position is: 59.071048736572266
INFO:root:The ball's x position is: 60.55870056152344
INFO:root:The ball's x position is: 61.992347717285156
INFO:root:The ball's x position is: 64.49104309082031
INFO:root:The ball's x position is: 66.27003479003906
INFO:root:The ball's x position is: 67.63220977783203
INFO:root:The ball's x position is: 69.71808624267578
INFO:root:The ball's x position is: 71.84772491455078
INFO:root:The ball's x position is: 76.43865966796875
INFO:root:The ball's x position is: 78.82626342773438
INFO:root:The ball's x position is: 81.5108413696289
INFO:root:Ball centered and ready to be catched!
INFO:root:Grabbing the ball...
INFO:root:Searching the ball...
INFO:root:Found the ball! Approaching...
INFO:root:Approaching the ball...
WARNING:root:Lost the ball! Searching again...
INFO:root:Searching the ball...
INFO:root:Found the ball! Approaching...
INFO:root:Approaching the ball...
INFO:root:Close enough to the ball, size is: 31.487943649291992
INFO:root:Centering the ball...
INFO:root:The ball's x position is: 78.25818634033203
INFO:root:The ball's x position is: 76.6810073852539
INFO:root:The ball's x position is: 75.42557525634766
INFO:root:The ball's x position is: 73.00550842285156
INFO:root:The ball's x position is: 71.69684600830078
INFO:root:The ball's x position is: 70.67317199707031
INFO:root:The ball's x position is: 69.37731170654297
INFO:root:The ball's x position is: 66.86809539794922
INFO:root:The ball's x position is: 65.411865234375
INFO:root:The ball's x position is: 64.45028686523438
INFO:root:The ball's x position is: 63.51297378540039
INFO:root:The ball's x position is: 62.932071685791016
INFO:root:The ball's x position is: 61.63746643066406
INFO:root:The ball's x position is: 60.689300537109375
INFO:root:The ball's x position is: 60.61458969116211
INFO:root:The ball's x position is: 60.48250961303711
INFO:root:The ball's x position is: 60.561580657958984
INFO:root:The ball's x position is: 60.679691314697266
INFO:root:The ball's x position is: 60.461463928222656
INFO:root:The ball's x position is: 60.686336517333984
INFO:root:The ball's x position is: 61.365074157714844
INFO:root:The ball's x position is: 61.857547760009766
INFO:root:The ball's x position is: 61.93977737426758
INFO:root:The ball's x position is: 63.046836853027344
INFO:root:The ball's x position is: 63.295955657958984
INFO:root:The ball's x position is: 63.05409240722656
INFO:root:The ball's x position is: 64.042236328125
INFO:root:The ball's x position is: 64.34762573242188
INFO:root:The ball's x position is: 65.48716735839844
INFO:root:The ball's x position is: 67.05239868164062
INFO:root:The ball's x position is: 68.43561553955078
INFO:root:The ball's x position is: 70.14710235595703
INFO:root:The ball's x position is: 73.20486450195312
INFO:root:The ball's x position is: 74.9406967163086
INFO:root:The ball's x position is: 76.01541900634766
INFO:root:The ball's x position is: 77.8123779296875
INFO:root:The ball's x position is: 79.46292114257812
INFO:root:The ball's x position is: 82.94336700439453
INFO:root:The ball's x position is: 85.04205322265625
INFO:root:The ball's x position is: 87.02359771728516
INFO:root:The ball's x position is: 89.77241516113281
INFO:root:The ball's x position is: 92.51862335205078
INFO:root:The ball's x position is: 95.5339126586914
INFO:root:The ball's x position is: 98.46583557128906
INFO:root:The ball's x position is: 102.47183227539062
INFO:root:The ball's x position is: 104.02848052978516
INFO:root:The ball's x position is: 104.96743774414062
INFO:root:The ball's x position is: 106.45342254638672
INFO:root:The ball's x position is: 108.21129608154297
INFO:root:The ball's x position is: 111.38280487060547
INFO:root:The ball's x position is: 112.13011932373047
INFO:root:The ball's x position is: 113.09254455566406
INFO:root:The ball's x position is: 113.44447326660156
INFO:root:The ball's x position is: 114.64212799072266
INFO:root:The ball's x position is: 114.7021713256836
INFO:root:The ball's x position is: 114.70812225341797
INFO:root:The ball's x position is: 114.10465240478516
INFO:root:The ball's x position is: 114.63330078125
INFO:root:The ball's x position is: 115.71932983398438
INFO:root:The ball's x position is: 115.97450256347656
INFO:root:The ball's x position is: 116.18057250976562
INFO:root:The ball's x position is: 116.34380340576172
INFO:root:The ball's x position is: 116.49193572998047
INFO:root:The ball's x position is: 115.799560546875
INFO:root:The ball's x position is: 115.44029998779297
INFO:root:The ball's x position is: 115.08403778076172
INFO:root:The ball's x position is: 114.9693374633789
INFO:root:The ball's x position is: 114.99110412597656
INFO:root:The ball's x position is: 115.17105865478516
INFO:root:The ball's x position is: 115.40670013427734
INFO:root:The ball's x position is: 115.63841247558594
INFO:root:The ball's x position is: 115.78160858154297
INFO:root:The ball's x position is: 116.14927673339844
INFO:root:The ball's x position is: 116.17443084716797
INFO:root:The ball's x position is: 116.15579986572266
INFO:root:The ball's x position is: 115.238525390625
INFO:root:The ball's x position is: 114.93525695800781
INFO:root:The ball's x position is: 114.24040222167969
INFO:root:The ball's x position is: 113.30941009521484
INFO:root:The ball's x position is: 112.88729095458984
INFO:root:The ball's x position is: 111.44780731201172
INFO:root:The ball's x position is: 110.79669189453125
INFO:root:The ball's x position is: 109.46759033203125
INFO:root:The ball's x position is: 108.40011596679688
INFO:root:The ball's x position is: 107.39812469482422
INFO:root:The ball's x position is: 106.16738891601562
INFO:root:The ball's x position is: 104.98389434814453
INFO:root:The ball's x position is: 102.47261047363281
INFO:root:The ball's x position is: 100.82799530029297
INFO:root:The ball's x position is: 99.39115142822266
INFO:root:The ball's x position is: 97.70671844482422
INFO:root:The ball's x position is: 95.81220245361328
INFO:root:The ball's x position is: 94.19902038574219
INFO:root:The ball's x position is: 90.09841918945312
INFO:root:The ball's x position is: 88.19435119628906
INFO:root:The ball's x position is: 86.1839599609375
INFO:root:The ball's x position is: 84.19391632080078
INFO:root:The ball's x position is: 82.2498779296875
INFO:root:The ball's x position is: 80.70780181884766
INFO:root:The ball's x position is: 76.69097900390625
INFO:root:The ball's x position is: 74.52232360839844
INFO:root:The ball's x position is: 72.25629425048828
INFO:root:The ball's x position is: 70.02799224853516
INFO:root:The ball's x position is: 67.57929992675781
INFO:root:The ball's x position is: 62.7574348449707
INFO:root:The ball's x position is: 60.369468688964844
INFO:root:The ball's x position is: 59.17013168334961
INFO:root:The ball's x position is: 59.106605529785156
INFO:root:The ball's x position is: 58.747032165527344
INFO:root:The ball's x position is: 58.74614334106445
INFO:root:The ball's x position is: 58.46720504760742
INFO:root:The ball's x position is: 58.024513244628906
INFO:root:The ball's x position is: 57.998382568359375
INFO:root:The ball's x position is: 58.699729919433594
INFO:root:The ball's x position is: 59.698970794677734
INFO:root:The ball's x position is: 60.671966552734375
INFO:root:The ball's x position is: 61.89212417602539
INFO:root:The ball's x position is: 63.28059005737305
INFO:root:The ball's x position is: 66.33426666259766
INFO:root:The ball's x position is: 67.69100189208984
INFO:root:The ball's x position is: 69.39891052246094
INFO:root:The ball's x position is: 70.15238189697266
INFO:root:The ball's x position is: 71.06742095947266
INFO:root:The ball's x position is: 72.25041961669922
INFO:root:The ball's x position is: 73.00931549072266
INFO:root:The ball's x position is: 75.78305053710938
INFO:root:The ball's x position is: 77.15902709960938
INFO:root:The ball's x position is: 78.5033950805664
INFO:root:The ball's x position is: 79.92240142822266
INFO:root:Ball centered and ready to be catched!
INFO:root:Grabbing the ball...
INFO:root:Searching the ball...
INFO:root:Found the ball! Approaching...
INFO:root:Approaching the ball...
INFO:root:Close enough to the ball, size is: 30.545270919799805
INFO:root:Centering the ball...
INFO:root:The ball's x position is: 106.80921936035156
INFO:root:The ball's x position is: 107.07586669921875
INFO:root:The ball's x position is: 107.67877197265625
INFO:root:The ball's x position is: 108.1688232421875
INFO:root:The ball's x position is: 108.76754760742188
INFO:root:The ball's x position is: 108.87348175048828
INFO:root:The ball's x position is: 108.63896179199219
INFO:root:The ball's x position is: 109.1725845336914
INFO:root:The ball's x position is: 109.78810119628906
INFO:root:The ball's x position is: 109.3268051147461
INFO:root:The ball's x position is: 107.88982391357422
INFO:root:The ball's x position is: 106.9552993774414
INFO:root:The ball's x position is: 105.92977142333984
INFO:root:The ball's x position is: 104.8673324584961
INFO:root:The ball's x position is: 103.98412322998047
INFO:root:The ball's x position is: 102.30008697509766
INFO:root:The ball's x position is: 100.98902130126953
INFO:root:The ball's x position is: 100.24280548095703
INFO:root:The ball's x position is: 99.20587921142578
INFO:root:The ball's x position is: 97.87212371826172
INFO:root:The ball's x position is: 96.54633331298828
INFO:root:The ball's x position is: 93.5374984741211
INFO:root:The ball's x position is: 93.09903717041016
INFO:root:The ball's x position is: 91.82157897949219
INFO:root:The ball's x position is: 89.12191772460938
INFO:root:The ball's x position is: 87.60285186767578
INFO:root:The ball's x position is: 84.83763885498047
INFO:root:The ball's x position is: 83.00946044921875
INFO:root:The ball's x position is: 79.03626251220703
INFO:root:The ball's x position is: 77.86930084228516
INFO:root:The ball's x position is: 75.01170349121094
INFO:root:The ball's x position is: 73.30307006835938
INFO:root:The ball's x position is: 71.56216430664062
INFO:root:The ball's x position is: 68.99052429199219
INFO:root:The ball's x position is: 67.17973327636719
INFO:root:The ball's x position is: 65.86027526855469
INFO:root:The ball's x position is: 64.97364044189453
INFO:root:The ball's x position is: 65.67359161376953
INFO:root:The ball's x position is: 66.14616394042969
INFO:root:The ball's x position is: 66.6736068725586
INFO:root:The ball's x position is: 68.23235321044922
INFO:root:The ball's x position is: 68.3011703491211
INFO:root:The ball's x position is: 69.56460571289062
INFO:root:The ball's x position is: 70.98521423339844
INFO:root:The ball's x position is: 75.09014892578125
INFO:root:The ball's x position is: 77.34144592285156
INFO:root:The ball's x position is: 79.53632354736328
WARNING:root:Lost the ball! Searching agan...
INFO:root:Searching the ball...
INFO:root:Found the ball! Approaching...
INFO:root:Approaching the ball...
WARNING:root:Lost the ball! Searching again...
INFO:root:Searching the ball...
INFO:root:Found the ball! Approaching...
INFO:root:Approaching the ball...
INFO:root:Close enough to the ball, size is: 30.89322280883789
INFO:root:Centering the ball...
INFO:root:The ball's x position is: 121.32231140136719
INFO:root:The ball's x position is: 114.97575378417969
INFO:root:The ball's x position is: 110.89318084716797
INFO:root:The ball's x position is: 106.27201843261719
INFO:root:The ball's x position is: 101.20535278320312
INFO:root:The ball's x position is: 97.11140441894531
INFO:root:The ball's x position is: 89.81709289550781
INFO:root:The ball's x position is: 87.96154022216797
INFO:root:The ball's x position is: 87.25021362304688
INFO:root:The ball's x position is: 86.43746185302734
INFO:root:The ball's x position is: 86.42237854003906
INFO:root:The ball's x position is: 84.99502563476562
INFO:root:The ball's x position is: 83.413818359375
INFO:root:The ball's x position is: 80.75631713867188
INFO:root:The ball's x position is: 79.60391235351562
INFO:root:Ball centered and ready to be catched!
INFO:root:Grabbing the ball...
INFO:root:The distance to be covered is: 0.15 meters
DEBUG:root:BALL grab_ball: encoder value is 3
INFO:root:Got the ball!
INFO:root:Odometry was stopped
DEBUG:matplotlib.axes._base:update_title_pos
DEBUG:matplotlib.font_manager:findfont: Matching :family=sans-serif:style=normal:variant=normal:weight=normal:stretch=normal:size=10.0 to DejaVu Sans ('/home/pi/.local/lib/python3.5/site-packages/matplotlib/mpl-data/fonts/ttf/DejaVuSans.ttf') with score of 0.050000.
DEBUG:matplotlib.axes._base:update_title_pos
