INFO:root:MAIN: Program started
DEBUG:root:GENERATE_GRID: no hay que mezclar
INFO:root:ROBOT: Robot set up!
INFO:root:ROBOT: Odometry was started, PID: 3912:
INFO:root:MAIN: Initial location: 2.2, 2.6, -1.5707963267948966
INFO:root:*---------------------------------------------------------------------------*
INFO:root:Found the ball! Approaching...
INFO:root:Close enough to the ball, size is: 27.03736114501953
INFO:root:Centering the ball...
INFO:root:The ball's x position is: 63.76593017578125
INFO:root:The ball's x position is: 63.50886535644531
INFO:root:The ball's x position is: 62.958805084228516
INFO:root:The ball's x position is: 62.96455001831055
INFO:root:The ball's x position is: 62.984432220458984
INFO:root:The ball's x position is: 63.13703918457031
INFO:root:The ball's x position is: 63.38028335571289
INFO:root:The ball's x position is: 63.44259262084961
INFO:root:The ball's x position is: 63.08330535888672
INFO:root:The ball's x position is: 62.299652099609375
INFO:root:The ball's x position is: 62.440128326416016
INFO:root:The ball's x position is: 62.30952835083008
INFO:root:The ball's x position is: 63.13502502441406
INFO:root:The ball's x position is: 63.89924621582031
INFO:root:The ball's x position is: 64.5666275024414
INFO:root:The ball's x position is: 65.75640869140625
INFO:root:The ball's x position is: 67.1352310180664
INFO:root:The ball's x position is: 69.71391296386719
INFO:root:The ball's x position is: 70.81810760498047
INFO:root:The ball's x position is: 72.3958511352539
INFO:root:The ball's x position is: 73.68028259277344
INFO:root:The ball's x position is: 75.47150421142578
INFO:root:Ball centered and ready to be catched!
INFO:root:The distance to be covered is: 0.24000000000000002 meters
DEBUG:root:FINAL ENCODER VALUE: 45
INFO:root:Odometry was stopped
DEBUG:matplotlib.font_manager:findfont: Matching :family=sans-serif:style=normal:variant=normal:weight=normal:stretch=normal:size=10.0 to DejaVu Sans ('/home/pi/.local/lib/python3.5/site-packages/matplotlib/mpl-data/fonts/ttf/DejaVuSans.ttf') with score of 0.050000.
DEBUG:matplotlib.axes._base:update_title_pos
DEBUG:matplotlib.axes._base:update_title_pos
DEBUG:matplotlib.axes._base:update_title_pos
