INFO:root:MAIN: Program started
DEBUG:root:GENERATE_GRID: goal_k is: 0
 goals: [0, 0, 0]
DEBUG:root:GENERATE_GRID: no hay que mezclar
DEBUG:root:GENERATE_GRID: final grid value:
 [[ 0.  1. -1. -1. -1. -1. -1.  9. -1. -1. -1. 29. -1. -1. -1.]
 [-1.  2.  3.  4.  5.  6.  7.  8. -1. 26. 27. 28. 29. 30. -1.]
 [-1.  3.  4.  5.  6.  7.  8.  9. -1. 25. 26. -1. 30. 29. -1.]
 [-1.  4.  5.  6.  7.  8.  9. 10. -1. 24. -1. -1. -1. 28. -1.]
 [-1.  5.  6.  7.  8.  9. 10. 11. -1. 23. 24. -1. 26. 27. -1.]
 [-1.  6.  7.  8.  9. 10. 11. 12. -1. 22. 23. 24. 25. 26. -1.]
 [-1.  7.  8.  9. 10. 11. 12. 13. -1. 21. 22. -1. 26. 25. -1.]
 [-1.  8.  9. 10. 11. 12. 13. 14. -1. 20. -1. -1. -1. 24. -1.]
 [-1.  9. -1. -1. -1. -1. -1. 15. -1. 19. 20. -1. 22. 23. -1.]
 [-1. 10. 11. 12. 13. 14. 15. 16. 17. 18. 19. 20. 21. 22. -1.]
 [-1. 11. 12. 13. 14. 15. 16. 17. 18. 19. 20. 21. 22. 23. -1.]
 [-1. 12. 13. 14. 15. 16. 17. 18. 19. 20. 21. 22. 23. 24. -1.]
 [-1. 13. 14. 15. 16. 17. 18. 19. 20. 21. 22. 23. 24. 25. -1.]
 [-1. 14. 15. 16. 17. 18. 19. 20. 21. 22. 23. 24. 25. 26. -1.]
 [-1. -1. -1. -1. -1. -1. -1. -1. -1. -1. -1. -1. -1. -1. -1.]]
INFO:root:ROBOT: Robot set up!
INFO:root:ROBOT: Odometry was started, PID: 19484:
INFO:root:MAIN: Initial location: 2.2, 2.6, -1.5707963267948966


INFO:root:MAIN: The floor is WHITE
INFO:root:ROBOT setMapByColor:Tile color is white, setting map A
INFO:root:ROBOT forceNewPosition: Updating position to [0.6, 3]
INFO:root:HALF_EIGHT_SHORT: done!
DEBUG:root:GENERATE_GRID: goal_k is: [7. 7.]
 goals: [array([7., 7.]), array([ 7., 13.])]
DEBUG:root:GENERATE_GRID: grid is:
[[-1. -1. -1. 15. -1. -1. -1.  7. -1. -1. -1. -1. -1. 13. -1.]
 [-1. 16. 15. 14. 13. 12. -1.  6.  7.  8.  9. 10. 11. 12. -1.]
 [-1. 15. 16. -1. 12. 11. -1.  5.  6.  7.  8.  9. 10. 11. -1.]
 [-1. 14. -1. -1. -1. 10. -1.  4.  5.  6.  7.  8.  9. 10. -1.]
 [-1. 13. 12. -1. 10.  9. -1.  3.  4.  5.  6.  7.  8.  9. -1.]
 [-1. 12. 11. 10.  9.  8. -1.  2.  3.  4.  5.  6.  7.  8. -1.]
 [-1. 11. 12. -1.  8.  7. -1.  1.  2.  3.  4.  5.  6.  7. -1.]
 [-1. 10. -1. -1. -1.  6. -1.  0.  1.  2.  3.  4.  5.  6. -1.]
 [-1.  9.  8. -1.  6.  5. -1.  1. -1. -1. -1. -1. -1.  7. -1.]
 [-1.  8.  7.  6.  5.  4.  3.  2.  3.  4.  5.  6.  7.  8. -1.]
 [-1.  9.  8.  7.  6.  5.  4.  3.  4.  5.  6.  7.  8.  9. -1.]
 [-1. 10.  9.  8.  7.  6.  5.  4.  5.  6.  7.  8.  9. 10. -1.]
 [-1. 11. 10.  9.  8.  7.  6.  5.  6.  7.  8.  9. 10. 11. -1.]
 [-1. 12. 11. 10.  9.  8.  7.  6.  7.  8.  9. 10. 11. 12. -1.]
 [-1. -1. -1. -1. -1. -1. -1. -1. -1. -1. -1. -1. -1. -1. -1.]]
DEBUG:root:GENERATE_GRID: goal_k is: [ 7. 13.]
 goals: [array([7., 7.]), array([ 7., 13.])]
DEBUG:root:GENERATE_GRID: grid is:
[[-1. -1. -1. 21. -1. -1. -1. 13. -1. -1. -1. -1. -1.  7. -1.]
 [-1. 22. 21. 20. 19. 18. -1. 12. 11. 10.  9.  8.  7.  6. -1.]
 [-1. 21. 22. -1. 18. 17. -1. 11. 10.  9.  8.  7.  6.  5. -1.]
 [-1. 20. -1. -1. -1. 16. -1. 10.  9.  8.  7.  6.  5.  4. -1.]
 [-1. 19. 18. -1. 16. 15. -1.  9.  8.  7.  6.  5.  4.  3. -1.]
 [-1. 18. 17. 16. 15. 14. -1.  8.  7.  6.  5.  4.  3.  2. -1.]
 [-1. 17. 18. -1. 14. 13. -1.  7.  6.  5.  4.  3.  2.  1. -1.]
 [-1. 16. -1. -1. -1. 12. -1.  6.  5.  4.  3.  2.  1.  0. -1.]
 [-1. 15. 14. -1. 12. 11. -1.  7. -1. -1. -1. -1. -1.  1. -1.]
 [-1. 14. 13. 12. 11. 10.  9.  8.  7.  6.  5.  4.  3.  2. -1.]
 [-1. 15. 14. 13. 12. 11. 10.  9.  8.  7.  6.  5.  4.  3. -1.]
 [-1. 16. 15. 14. 13. 12. 11. 10.  9.  8.  7.  6.  5.  4. -1.]
 [-1. 17. 16. 15. 14. 13. 12. 11. 10.  9.  8.  7.  6.  5. -1.]
 [-1. 18. 17. 16. 15. 14. 13. 12. 11. 10.  9.  8.  7.  6. -1.]
 [-1. -1. -1. -1. -1. -1. -1. -1. -1. -1. -1. -1. -1. -1. -1.]]
DEBUG:root:GENERATE_GRID: voy a mezclar 2 grids
DEBUG:root:MIX_GRIDS: im in
DEBUG:root:MIX_GRIDS: comprobando grid 2
DEBUG:root:MIXED_GRID: *n* no *n* he actualizado el grid
DEBUG:root:MIXED_GRID: *n* no *n* he actualizado el grid
DEBUG:root:MIXED_GRID: *n* no *n* he actualizado el grid
DEBUG:root:MIXED_GRID: *n* no *n* he actualizado el grid
DEBUG:root:MIXED_GRID: *n* no *n* he actualizado el grid
DEBUG:root:MIXED_GRID: *n* no *n* he actualizado el grid
DEBUG:root:MIXED_GRID: *n* no *n* he actualizado el grid
DEBUG:root:MIXED_GRID: *n* no *n* he actualizado el grid
DEBUG:root:MIXED_GRID: *n* no *n* he actualizado el grid
DEBUG:root:MIXED_GRID: *n* no *n* he actualizado el grid
DEBUG:root:MIXED_GRID: *n* no *n* he actualizado el grid
DEBUG:root:MIXED_GRID: *n* no *n* he actualizado el grid
DEBUG:root:MIXED_GRID: *n* no *n* he actualizado el grid
DEBUG:root:MIXED_GRID: he actualizado el grid:
[[-1. -1. -1. 15. -1. -1. -1.  7. -1. -1. -1. -1. -1.  7. -1.]
 [-1. 16. 15. 14. 13. 12. -1.  6.  7.  8.  9. 10. 11. 12. -1.]
 [-1. 15. 16. -1. 12. 11. -1.  5.  6.  7.  8.  9. 10. 11. -1.]
 [-1. 14. -1. -1. -1. 10. -1.  4.  5.  6.  7.  8.  9. 10. -1.]
 [-1. 13. 12. -1. 10.  9. -1.  3.  4.  5.  6.  7.  8.  9. -1.]
 [-1. 12. 11. 10.  9.  8. -1.  2.  3.  4.  5.  6.  7.  8. -1.]
 [-1. 11. 12. -1.  8.  7. -1.  1.  2.  3.  4.  5.  6.  7. -1.]
 [-1. 10. -1. -1. -1.  6. -1.  0.  1.  2.  3.  4.  5.  6. -1.]
 [-1.  9.  8. -1.  6.  5. -1.  1. -1. -1. -1. -1. -1.  7. -1.]
 [-1.  8.  7.  6.  5.  4.  3.  2.  3.  4.  5.  6.  7.  8. -1.]
 [-1.  9.  8.  7.  6.  5.  4.  3.  4.  5.  6.  7.  8.  9. -1.]
 [-1. 10.  9.  8.  7.  6.  5.  4.  5.  6.  7.  8.  9. 10. -1.]
 [-1. 11. 10.  9.  8.  7.  6.  5.  6.  7.  8.  9. 10. 11. -1.]
 [-1. 12. 11. 10.  9.  8.  7.  6.  7.  8.  9. 10. 11. 12. -1.]
 [-1. -1. -1. -1. -1. -1. -1. -1. -1. -1. -1. -1. -1. -1. -1.]]
DEBUG:root:MIXED_GRID: *n* no *n* he actualizado el grid
DEBUG:root:MIXED_GRID: *n* no *n* he actualizado el grid
DEBUG:root:MIXED_GRID: *n* no *n* he actualizado el grid
DEBUG:root:MIXED_GRID: *n* no *n* he actualizado el grid
DEBUG:root:MIXED_GRID: *n* no *n* he actualizado el grid
DEBUG:root:MIXED_GRID: *n* no *n* he actualizado el grid
DEBUG:root:MIXED_GRID: *n* no *n* he actualizado el grid
DEBUG:root:MIXED_GRID: *n* no *n* he actualizado el grid
DEBUG:root:MIXED_GRID: *n* no *n* he actualizado el grid
DEBUG:root:MIXED_GRID: *n* no *n* he actualizado el grid
DEBUG:root:MIXED_GRID: *n* no *n* he actualizado el grid
DEBUG:root:MIXED_GRID: *n* no *n* he actualizado el grid
DEBUG:root:MIXED_GRID: he actualizado el grid:
[[-1. -1. -1. 15. -1. -1. -1.  7. -1. -1. -1. -1. -1.  7. -1.]
 [-1. 16. 15. 14. 13. 12. -1.  6.  7.  8.  9.  8. 11. 12. -1.]
 [-1. 15. 16. -1. 12. 11. -1.  5.  6.  7.  8.  9. 10. 11. -1.]
 [-1. 14. -1. -1. -1. 10. -1.  4.  5.  6.  7.  8.  9. 10. -1.]
 [-1. 13. 12. -1. 10.  9. -1.  3.  4.  5.  6.  7.  8.  9. -1.]
 [-1. 12. 11. 10.  9.  8. -1.  2.  3.  4.  5.  6.  7.  8. -1.]
 [-1. 11. 12. -1.  8.  7. -1.  1.  2.  3.  4.  5.  6.  7. -1.]
 [-1. 10. -1. -1. -1.  6. -1.  0.  1.  2.  3.  4.  5.  6. -1.]
 [-1.  9.  8. -1.  6.  5. -1.  1. -1. -1. -1. -1. -1.  7. -1.]
 [-1.  8.  7.  6.  5.  4.  3.  2.  3.  4.  5.  6.  7.  8. -1.]
 [-1.  9.  8.  7.  6.  5.  4.  3.  4.  5.  6.  7.  8.  9. -1.]
 [-1. 10.  9.  8.  7.  6.  5.  4.  5.  6.  7.  8.  9. 10. -1.]
 [-1. 11. 10.  9.  8.  7.  6.  5.  6.  7.  8.  9. 10. 11. -1.]
 [-1. 12. 11. 10.  9.  8.  7.  6.  7.  8.  9. 10. 11. 12. -1.]
 [-1. -1. -1. -1. -1. -1. -1. -1. -1. -1. -1. -1. -1. -1. -1.]]
DEBUG:root:MIXED_GRID: he actualizado el grid:
[[-1. -1. -1. 15. -1. -1. -1.  7. -1. -1. -1. -1. -1.  7. -1.]
 [-1. 16. 15. 14. 13. 12. -1.  6.  7.  8.  9.  8.  7. 12. -1.]
 [-1. 15. 16. -1. 12. 11. -1.  5.  6.  7.  8.  9. 10. 11. -1.]
 [-1. 14. -1. -1. -1. 10. -1.  4.  5.  6.  7.  8.  9. 10. -1.]
 [-1. 13. 12. -1. 10.  9. -1.  3.  4.  5.  6.  7.  8.  9. -1.]
 [-1. 12. 11. 10.  9.  8. -1.  2.  3.  4.  5.  6.  7.  8. -1.]
 [-1. 11. 12. -1.  8.  7. -1.  1.  2.  3.  4.  5.  6.  7. -1.]
 [-1. 10. -1. -1. -1.  6. -1.  0.  1.  2.  3.  4.  5.  6. -1.]
 [-1.  9.  8. -1.  6.  5. -1.  1. -1. -1. -1. -1. -1.  7. -1.]
 [-1.  8.  7.  6.  5.  4.  3.  2.  3.  4.  5.  6.  7.  8. -1.]
 [-1.  9.  8.  7.  6.  5.  4.  3.  4.  5.  6.  7.  8.  9. -1.]
 [-1. 10.  9.  8.  7.  6.  5.  4.  5.  6.  7.  8.  9. 10. -1.]
 [-1. 11. 10.  9.  8.  7.  6.  5.  6.  7.  8.  9. 10. 11. -1.]
 [-1. 12. 11. 10.  9.  8.  7.  6.  7.  8.  9. 10. 11. 12. -1.]
 [-1. -1. -1. -1. -1. -1. -1. -1. -1. -1. -1. -1. -1. -1. -1.]]
DEBUG:root:MIXED_GRID: he actualizado el grid:
[[-1. -1. -1. 15. -1. -1. -1.  7. -1. -1. -1. -1. -1.  7. -1.]
 [-1. 16. 15. 14. 13. 12. -1.  6.  7.  8.  9.  8.  7.  6. -1.]
 [-1. 15. 16. -1. 12. 11. -1.  5.  6.  7.  8.  9. 10. 11. -1.]
 [-1. 14. -1. -1. -1. 10. -1.  4.  5.  6.  7.  8.  9. 10. -1.]
 [-1. 13. 12. -1. 10.  9. -1.  3.  4.  5.  6.  7.  8.  9. -1.]
 [-1. 12. 11. 10.  9.  8. -1.  2.  3.  4.  5.  6.  7.  8. -1.]
 [-1. 11. 12. -1.  8.  7. -1.  1.  2.  3.  4.  5.  6.  7. -1.]
 [-1. 10. -1. -1. -1.  6. -1.  0.  1.  2.  3.  4.  5.  6. -1.]
 [-1.  9.  8. -1.  6.  5. -1.  1. -1. -1. -1. -1. -1.  7. -1.]
 [-1.  8.  7.  6.  5.  4.  3.  2.  3.  4.  5.  6.  7.  8. -1.]
 [-1.  9.  8.  7.  6.  5.  4.  3.  4.  5.  6.  7.  8.  9. -1.]
 [-1. 10.  9.  8.  7.  6.  5.  4.  5.  6.  7.  8.  9. 10. -1.]
 [-1. 11. 10.  9.  8.  7.  6.  5.  6.  7.  8.  9. 10. 11. -1.]
 [-1. 12. 11. 10.  9.  8.  7.  6.  7.  8.  9. 10. 11. 12. -1.]
 [-1. -1. -1. -1. -1. -1. -1. -1. -1. -1. -1. -1. -1. -1. -1.]]
DEBUG:root:MIXED_GRID: *n* no *n* he actualizado el grid
DEBUG:root:MIXED_GRID: *n* no *n* he actualizado el grid
DEBUG:root:MIXED_GRID: *n* no *n* he actualizado el grid
DEBUG:root:MIXED_GRID: *n* no *n* he actualizado el grid
DEBUG:root:MIXED_GRID: *n* no *n* he actualizado el grid
DEBUG:root:MIXED_GRID: *n* no *n* he actualizado el grid
DEBUG:root:MIXED_GRID: *n* no *n* he actualizado el grid
DEBUG:root:MIXED_GRID: *n* no *n* he actualizado el grid
DEBUG:root:MIXED_GRID: *n* no *n* he actualizado el grid
DEBUG:root:MIXED_GRID: *n* no *n* he actualizado el grid
DEBUG:root:MIXED_GRID: *n* no *n* he actualizado el grid
DEBUG:root:MIXED_GRID: *n* no *n* he actualizado el grid
DEBUG:root:MIXED_GRID: he actualizado el grid:
[[-1. -1. -1. 15. -1. -1. -1.  7. -1. -1. -1. -1. -1.  7. -1.]
 [-1. 16. 15. 14. 13. 12. -1.  6.  7.  8.  9.  8.  7.  6. -1.]
 [-1. 15. 16. -1. 12. 11. -1.  5.  6.  7.  8.  7. 10. 11. -1.]
 [-1. 14. -1. -1. -1. 10. -1.  4.  5.  6.  7.  8.  9. 10. -1.]
 [-1. 13. 12. -1. 10.  9. -1.  3.  4.  5.  6.  7.  8.  9. -1.]
 [-1. 12. 11. 10.  9.  8. -1.  2.  3.  4.  5.  6.  7.  8. -1.]
 [-1. 11. 12. -1.  8.  7. -1.  1.  2.  3.  4.  5.  6.  7. -1.]
 [-1. 10. -1. -1. -1.  6. -1.  0.  1.  2.  3.  4.  5.  6. -1.]
 [-1.  9.  8. -1.  6.  5. -1.  1. -1. -1. -1. -1. -1.  7. -1.]
 [-1.  8.  7.  6.  5.  4.  3.  2.  3.  4.  5.  6.  7.  8. -1.]
 [-1.  9.  8.  7.  6.  5.  4.  3.  4.  5.  6.  7.  8.  9. -1.]
 [-1. 10.  9.  8.  7.  6.  5.  4.  5.  6.  7.  8.  9. 10. -1.]
 [-1. 11. 10.  9.  8.  7.  6.  5.  6.  7.  8.  9. 10. 11. -1.]
 [-1. 12. 11. 10.  9.  8.  7.  6.  7.  8.  9. 10. 11. 12. -1.]
 [-1. -1. -1. -1. -1. -1. -1. -1. -1. -1. -1. -1. -1. -1. -1.]]
DEBUG:root:MIXED_GRID: he actualizado el grid:
[[-1. -1. -1. 15. -1. -1. -1.  7. -1. -1. -1. -1. -1.  7. -1.]
 [-1. 16. 15. 14. 13. 12. -1.  6.  7.  8.  9.  8.  7.  6. -1.]
 [-1. 15. 16. -1. 12. 11. -1.  5.  6.  7.  8.  7.  6. 11. -1.]
 [-1. 14. -1. -1. -1. 10. -1.  4.  5.  6.  7.  8.  9. 10. -1.]
 [-1. 13. 12. -1. 10.  9. -1.  3.  4.  5.  6.  7.  8.  9. -1.]
 [-1. 12. 11. 10.  9.  8. -1.  2.  3.  4.  5.  6.  7.  8. -1.]
 [-1. 11. 12. -1.  8.  7. -1.  1.  2.  3.  4.  5.  6.  7. -1.]
 [-1. 10. -1. -1. -1.  6. -1.  0.  1.  2.  3.  4.  5.  6. -1.]
 [-1.  9.  8. -1.  6.  5. -1.  1. -1. -1. -1. -1. -1.  7. -1.]
 [-1.  8.  7.  6.  5.  4.  3.  2.  3.  4.  5.  6.  7.  8. -1.]
 [-1.  9.  8.  7.  6.  5.  4.  3.  4.  5.  6.  7.  8.  9. -1.]
 [-1. 10.  9.  8.  7.  6.  5.  4.  5.  6.  7.  8.  9. 10. -1.]
 [-1. 11. 10.  9.  8.  7.  6.  5.  6.  7.  8.  9. 10. 11. -1.]
 [-1. 12. 11. 10.  9.  8.  7.  6.  7.  8.  9. 10. 11. 12. -1.]
 [-1. -1. -1. -1. -1. -1. -1. -1. -1. -1. -1. -1. -1. -1. -1.]]
DEBUG:root:MIXED_GRID: he actualizado el grid:
[[-1. -1. -1. 15. -1. -1. -1.  7. -1. -1. -1. -1. -1.  7. -1.]
 [-1. 16. 15. 14. 13. 12. -1.  6.  7.  8.  9.  8.  7.  6. -1.]
 [-1. 15. 16. -1. 12. 11. -1.  5.  6.  7.  8.  7.  6.  5. -1.]
 [-1. 14. -1. -1. -1. 10. -1.  4.  5.  6.  7.  8.  9. 10. -1.]
 [-1. 13. 12. -1. 10.  9. -1.  3.  4.  5.  6.  7.  8.  9. -1.]
 [-1. 12. 11. 10.  9.  8. -1.  2.  3.  4.  5.  6.  7.  8. -1.]
 [-1. 11. 12. -1.  8.  7. -1.  1.  2.  3.  4.  5.  6.  7. -1.]
 [-1. 10. -1. -1. -1.  6. -1.  0.  1.  2.  3.  4.  5.  6. -1.]
 [-1.  9.  8. -1.  6.  5. -1.  1. -1. -1. -1. -1. -1.  7. -1.]
 [-1.  8.  7.  6.  5.  4.  3.  2.  3.  4.  5.  6.  7.  8. -1.]
 [-1.  9.  8.  7.  6.  5.  4.  3.  4.  5.  6.  7.  8.  9. -1.]
 [-1. 10.  9.  8.  7.  6.  5.  4.  5.  6.  7.  8.  9. 10. -1.]
 [-1. 11. 10.  9.  8.  7.  6.  5.  6.  7.  8.  9. 10. 11. -1.]
 [-1. 12. 11. 10.  9.  8.  7.  6.  7.  8.  9. 10. 11. 12. -1.]
 [-1. -1. -1. -1. -1. -1. -1. -1. -1. -1. -1. -1. -1. -1. -1.]]
DEBUG:root:MIXED_GRID: *n* no *n* he actualizado el grid
DEBUG:root:MIXED_GRID: *n* no *n* he actualizado el grid
DEBUG:root:MIXED_GRID: *n* no *n* he actualizado el grid
DEBUG:root:MIXED_GRID: *n* no *n* he actualizado el grid
DEBUG:root:MIXED_GRID: *n* no *n* he actualizado el grid
DEBUG:root:MIXED_GRID: *n* no *n* he actualizado el grid
DEBUG:root:MIXED_GRID: *n* no *n* he actualizado el grid
DEBUG:root:MIXED_GRID: *n* no *n* he actualizado el grid
DEBUG:root:MIXED_GRID: *n* no *n* he actualizado el grid
DEBUG:root:MIXED_GRID: *n* no *n* he actualizado el grid
DEBUG:root:MIXED_GRID: *n* no *n* he actualizado el grid
DEBUG:root:MIXED_GRID: *n* no *n* he actualizado el grid
DEBUG:root:MIXED_GRID: he actualizado el grid:
[[-1. -1. -1. 15. -1. -1. -1.  7. -1. -1. -1. -1. -1.  7. -1.]
 [-1. 16. 15. 14. 13. 12. -1.  6.  7.  8.  9.  8.  7.  6. -1.]
 [-1. 15. 16. -1. 12. 11. -1.  5.  6.  7.  8.  7.  6.  5. -1.]
 [-1. 14. -1. -1. -1. 10. -1.  4.  5.  6.  7.  6.  9. 10. -1.]
 [-1. 13. 12. -1. 10.  9. -1.  3.  4.  5.  6.  7.  8.  9. -1.]
 [-1. 12. 11. 10.  9.  8. -1.  2.  3.  4.  5.  6.  7.  8. -1.]
 [-1. 11. 12. -1.  8.  7. -1.  1.  2.  3.  4.  5.  6.  7. -1.]
 [-1. 10. -1. -1. -1.  6. -1.  0.  1.  2.  3.  4.  5.  6. -1.]
 [-1.  9.  8. -1.  6.  5. -1.  1. -1. -1. -1. -1. -1.  7. -1.]
 [-1.  8.  7.  6.  5.  4.  3.  2.  3.  4.  5.  6.  7.  8. -1.]
 [-1.  9.  8.  7.  6.  5.  4.  3.  4.  5.  6.  7.  8.  9. -1.]
 [-1. 10.  9.  8.  7.  6.  5.  4.  5.  6.  7.  8.  9. 10. -1.]
 [-1. 11. 10.  9.  8.  7.  6.  5.  6.  7.  8.  9. 10. 11. -1.]
 [-1. 12. 11. 10.  9.  8.  7.  6.  7.  8.  9. 10. 11. 12. -1.]
 [-1. -1. -1. -1. -1. -1. -1. -1. -1. -1. -1. -1. -1. -1. -1.]]
DEBUG:root:MIXED_GRID: he actualizado el grid:
[[-1. -1. -1. 15. -1. -1. -1.  7. -1. -1. -1. -1. -1.  7. -1.]
 [-1. 16. 15. 14. 13. 12. -1.  6.  7.  8.  9.  8.  7.  6. -1.]
 [-1. 15. 16. -1. 12. 11. -1.  5.  6.  7.  8.  7.  6.  5. -1.]
 [-1. 14. -1. -1. -1. 10. -1.  4.  5.  6.  7.  6.  5. 10. -1.]
 [-1. 13. 12. -1. 10.  9. -1.  3.  4.  5.  6.  7.  8.  9. -1.]
 [-1. 12. 11. 10.  9.  8. -1.  2.  3.  4.  5.  6.  7.  8. -1.]
 [-1. 11. 12. -1.  8.  7. -1.  1.  2.  3.  4.  5.  6.  7. -1.]
 [-1. 10. -1. -1. -1.  6. -1.  0.  1.  2.  3.  4.  5.  6. -1.]
 [-1.  9.  8. -1.  6.  5. -1.  1. -1. -1. -1. -1. -1.  7. -1.]
 [-1.  8.  7.  6.  5.  4.  3.  2.  3.  4.  5.  6.  7.  8. -1.]
 [-1.  9.  8.  7.  6.  5.  4.  3.  4.  5.  6.  7.  8.  9. -1.]
 [-1. 10.  9.  8.  7.  6.  5.  4.  5.  6.  7.  8.  9. 10. -1.]
 [-1. 11. 10.  9.  8.  7.  6.  5.  6.  7.  8.  9. 10. 11. -1.]
 [-1. 12. 11. 10.  9.  8.  7.  6.  7.  8.  9. 10. 11. 12. -1.]
 [-1. -1. -1. -1. -1. -1. -1. -1. -1. -1. -1. -1. -1. -1. -1.]]
DEBUG:root:MIXED_GRID: he actualizado el grid:
[[-1. -1. -1. 15. -1. -1. -1.  7. -1. -1. -1. -1. -1.  7. -1.]
 [-1. 16. 15. 14. 13. 12. -1.  6.  7.  8.  9.  8.  7.  6. -1.]
 [-1. 15. 16. -1. 12. 11. -1.  5.  6.  7.  8.  7.  6.  5. -1.]
 [-1. 14. -1. -1. -1. 10. -1.  4.  5.  6.  7.  6.  5.  4. -1.]
 [-1. 13. 12. -1. 10.  9. -1.  3.  4.  5.  6.  7.  8.  9. -1.]
 [-1. 12. 11. 10.  9.  8. -1.  2.  3.  4.  5.  6.  7.  8. -1.]
 [-1. 11. 12. -1.  8.  7. -1.  1.  2.  3.  4.  5.  6.  7. -1.]
 [-1. 10. -1. -1. -1.  6. -1.  0.  1.  2.  3.  4.  5.  6. -1.]
 [-1.  9.  8. -1.  6.  5. -1.  1. -1. -1. -1. -1. -1.  7. -1.]
 [-1.  8.  7.  6.  5.  4.  3.  2.  3.  4.  5.  6.  7.  8. -1.]
 [-1.  9.  8.  7.  6.  5.  4.  3.  4.  5.  6.  7.  8.  9. -1.]
 [-1. 10.  9.  8.  7.  6.  5.  4.  5.  6.  7.  8.  9. 10. -1.]
 [-1. 11. 10.  9.  8.  7.  6.  5.  6.  7.  8.  9. 10. 11. -1.]
 [-1. 12. 11. 10.  9.  8.  7.  6.  7.  8.  9. 10. 11. 12. -1.]
 [-1. -1. -1. -1. -1. -1. -1. -1. -1. -1. -1. -1. -1. -1. -1.]]
DEBUG:root:MIXED_GRID: *n* no *n* he actualizado el grid
DEBUG:root:MIXED_GRID: *n* no *n* he actualizado el grid
DEBUG:root:MIXED_GRID: *n* no *n* he actualizado el grid
DEBUG:root:MIXED_GRID: *n* no *n* he actualizado el grid
DEBUG:root:MIXED_GRID: *n* no *n* he actualizado el grid
DEBUG:root:MIXED_GRID: *n* no *n* he actualizado el grid
DEBUG:root:MIXED_GRID: *n* no *n* he actualizado el grid
DEBUG:root:MIXED_GRID: *n* no *n* he actualizado el grid
DEBUG:root:MIXED_GRID: *n* no *n* he actualizado el grid
DEBUG:root:MIXED_GRID: *n* no *n* he actualizado el grid
DEBUG:root:MIXED_GRID: *n* no *n* he actualizado el grid
DEBUG:root:MIXED_GRID: *n* no *n* he actualizado el grid
DEBUG:root:MIXED_GRID: he actualizado el grid:
[[-1. -1. -1. 15. -1. -1. -1.  7. -1. -1. -1. -1. -1.  7. -1.]
 [-1. 16. 15. 14. 13. 12. -1.  6.  7.  8.  9.  8.  7.  6. -1.]
 [-1. 15. 16. -1. 12. 11. -1.  5.  6.  7.  8.  7.  6.  5. -1.]
 [-1. 14. -1. -1. -1. 10. -1.  4.  5.  6.  7.  6.  5.  4. -1.]
 [-1. 13. 12. -1. 10.  9. -1.  3.  4.  5.  6.  5.  8.  9. -1.]
 [-1. 12. 11. 10.  9.  8. -1.  2.  3.  4.  5.  6.  7.  8. -1.]
 [-1. 11. 12. -1.  8.  7. -1.  1.  2.  3.  4.  5.  6.  7. -1.]
 [-1. 10. -1. -1. -1.  6. -1.  0.  1.  2.  3.  4.  5.  6. -1.]
 [-1.  9.  8. -1.  6.  5. -1.  1. -1. -1. -1. -1. -1.  7. -1.]
 [-1.  8.  7.  6.  5.  4.  3.  2.  3.  4.  5.  6.  7.  8. -1.]
 [-1.  9.  8.  7.  6.  5.  4.  3.  4.  5.  6.  7.  8.  9. -1.]
 [-1. 10.  9.  8.  7.  6.  5.  4.  5.  6.  7.  8.  9. 10. -1.]
 [-1. 11. 10.  9.  8.  7.  6.  5.  6.  7.  8.  9. 10. 11. -1.]
 [-1. 12. 11. 10.  9.  8.  7.  6.  7.  8.  9. 10. 11. 12. -1.]
 [-1. -1. -1. -1. -1. -1. -1. -1. -1. -1. -1. -1. -1. -1. -1.]]
DEBUG:root:MIXED_GRID: he actualizado el grid:
[[-1. -1. -1. 15. -1. -1. -1.  7. -1. -1. -1. -1. -1.  7. -1.]
 [-1. 16. 15. 14. 13. 12. -1.  6.  7.  8.  9.  8.  7.  6. -1.]
 [-1. 15. 16. -1. 12. 11. -1.  5.  6.  7.  8.  7.  6.  5. -1.]
 [-1. 14. -1. -1. -1. 10. -1.  4.  5.  6.  7.  6.  5.  4. -1.]
 [-1. 13. 12. -1. 10.  9. -1.  3.  4.  5.  6.  5.  4.  9. -1.]
 [-1. 12. 11. 10.  9.  8. -1.  2.  3.  4.  5.  6.  7.  8. -1.]
 [-1. 11. 12. -1.  8.  7. -1.  1.  2.  3.  4.  5.  6.  7. -1.]
 [-1. 10. -1. -1. -1.  6. -1.  0.  1.  2.  3.  4.  5.  6. -1.]
 [-1.  9.  8. -1.  6.  5. -1.  1. -1. -1. -1. -1. -1.  7. -1.]
 [-1.  8.  7.  6.  5.  4.  3.  2.  3.  4.  5.  6.  7.  8. -1.]
 [-1.  9.  8.  7.  6.  5.  4.  3.  4.  5.  6.  7.  8.  9. -1.]
 [-1. 10.  9.  8.  7.  6.  5.  4.  5.  6.  7.  8.  9. 10. -1.]
 [-1. 11. 10.  9.  8.  7.  6.  5.  6.  7.  8.  9. 10. 11. -1.]
 [-1. 12. 11. 10.  9.  8.  7.  6.  7.  8.  9. 10. 11. 12. -1.]
 [-1. -1. -1. -1. -1. -1. -1. -1. -1. -1. -1. -1. -1. -1. -1.]]
DEBUG:root:MIXED_GRID: he actualizado el grid:
[[-1. -1. -1. 15. -1. -1. -1.  7. -1. -1. -1. -1. -1.  7. -1.]
 [-1. 16. 15. 14. 13. 12. -1.  6.  7.  8.  9.  8.  7.  6. -1.]
 [-1. 15. 16. -1. 12. 11. -1.  5.  6.  7.  8.  7.  6.  5. -1.]
 [-1. 14. -1. -1. -1. 10. -1.  4.  5.  6.  7.  6.  5.  4. -1.]
 [-1. 13. 12. -1. 10.  9. -1.  3.  4.  5.  6.  5.  4.  3. -1.]
 [-1. 12. 11. 10.  9.  8. -1.  2.  3.  4.  5.  6.  7.  8. -1.]
 [-1. 11. 12. -1.  8.  7. -1.  1.  2.  3.  4.  5.  6.  7. -1.]
 [-1. 10. -1. -1. -1.  6. -1.  0.  1.  2.  3.  4.  5.  6. -1.]
 [-1.  9.  8. -1.  6.  5. -1.  1. -1. -1. -1. -1. -1.  7. -1.]
 [-1.  8.  7.  6.  5.  4.  3.  2.  3.  4.  5.  6.  7.  8. -1.]
 [-1.  9.  8.  7.  6.  5.  4.  3.  4.  5.  6.  7.  8.  9. -1.]
 [-1. 10.  9.  8.  7.  6.  5.  4.  5.  6.  7.  8.  9. 10. -1.]
 [-1. 11. 10.  9.  8.  7.  6.  5.  6.  7.  8.  9. 10. 11. -1.]
 [-1. 12. 11. 10.  9.  8.  7.  6.  7.  8.  9. 10. 11. 12. -1.]
 [-1. -1. -1. -1. -1. -1. -1. -1. -1. -1. -1. -1. -1. -1. -1.]]
DEBUG:root:MIXED_GRID: *n* no *n* he actualizado el grid
DEBUG:root:MIXED_GRID: *n* no *n* he actualizado el grid
DEBUG:root:MIXED_GRID: *n* no *n* he actualizado el grid
DEBUG:root:MIXED_GRID: *n* no *n* he actualizado el grid
DEBUG:root:MIXED_GRID: *n* no *n* he actualizado el grid
DEBUG:root:MIXED_GRID: *n* no *n* he actualizado el grid
DEBUG:root:MIXED_GRID: *n* no *n* he actualizado el grid
DEBUG:root:MIXED_GRID: *n* no *n* he actualizado el grid
DEBUG:root:MIXED_GRID: *n* no *n* he actualizado el grid
DEBUG:root:MIXED_GRID: *n* no *n* he actualizado el grid
DEBUG:root:MIXED_GRID: *n* no *n* he actualizado el grid
DEBUG:root:MIXED_GRID: *n* no *n* he actualizado el grid
DEBUG:root:MIXED_GRID: he actualizado el grid:
[[-1. -1. -1. 15. -1. -1. -1.  7. -1. -1. -1. -1. -1.  7. -1.]
 [-1. 16. 15. 14. 13. 12. -1.  6.  7.  8.  9.  8.  7.  6. -1.]
 [-1. 15. 16. -1. 12. 11. -1.  5.  6.  7.  8.  7.  6.  5. -1.]
 [-1. 14. -1. -1. -1. 10. -1.  4.  5.  6.  7.  6.  5.  4. -1.]
 [-1. 13. 12. -1. 10.  9. -1.  3.  4.  5.  6.  5.  4.  3. -1.]
 [-1. 12. 11. 10.  9.  8. -1.  2.  3.  4.  5.  4.  7.  8. -1.]
 [-1. 11. 12. -1.  8.  7. -1.  1.  2.  3.  4.  5.  6.  7. -1.]
 [-1. 10. -1. -1. -1.  6. -1.  0.  1.  2.  3.  4.  5.  6. -1.]
 [-1.  9.  8. -1.  6.  5. -1.  1. -1. -1. -1. -1. -1.  7. -1.]
 [-1.  8.  7.  6.  5.  4.  3.  2.  3.  4.  5.  6.  7.  8. -1.]
 [-1.  9.  8.  7.  6.  5.  4.  3.  4.  5.  6.  7.  8.  9. -1.]
 [-1. 10.  9.  8.  7.  6.  5.  4.  5.  6.  7.  8.  9. 10. -1.]
 [-1. 11. 10.  9.  8.  7.  6.  5.  6.  7.  8.  9. 10. 11. -1.]
 [-1. 12. 11. 10.  9.  8.  7.  6.  7.  8.  9. 10. 11. 12. -1.]
 [-1. -1. -1. -1. -1. -1. -1. -1. -1. -1. -1. -1. -1. -1. -1.]]
DEBUG:root:MIXED_GRID: he actualizado el grid:
[[-1. -1. -1. 15. -1. -1. -1.  7. -1. -1. -1. -1. -1.  7. -1.]
 [-1. 16. 15. 14. 13. 12. -1.  6.  7.  8.  9.  8.  7.  6. -1.]
 [-1. 15. 16. -1. 12. 11. -1.  5.  6.  7.  8.  7.  6.  5. -1.]
 [-1. 14. -1. -1. -1. 10. -1.  4.  5.  6.  7.  6.  5.  4. -1.]
 [-1. 13. 12. -1. 10.  9. -1.  3.  4.  5.  6.  5.  4.  3. -1.]
 [-1. 12. 11. 10.  9.  8. -1.  2.  3.  4.  5.  4.  3.  8. -1.]
 [-1. 11. 12. -1.  8.  7. -1.  1.  2.  3.  4.  5.  6.  7. -1.]
 [-1. 10. -1. -1. -1.  6. -1.  0.  1.  2.  3.  4.  5.  6. -1.]
 [-1.  9.  8. -1.  6.  5. -1.  1. -1. -1. -1. -1. -1.  7. -1.]
 [-1.  8.  7.  6.  5.  4.  3.  2.  3.  4.  5.  6.  7.  8. -1.]
 [-1.  9.  8.  7.  6.  5.  4.  3.  4.  5.  6.  7.  8.  9. -1.]
 [-1. 10.  9.  8.  7.  6.  5.  4.  5.  6.  7.  8.  9. 10. -1.]
 [-1. 11. 10.  9.  8.  7.  6.  5.  6.  7.  8.  9. 10. 11. -1.]
 [-1. 12. 11. 10.  9.  8.  7.  6.  7.  8.  9. 10. 11. 12. -1.]
 [-1. -1. -1. -1. -1. -1. -1. -1. -1. -1. -1. -1. -1. -1. -1.]]
DEBUG:root:MIXED_GRID: he actualizado el grid:
[[-1. -1. -1. 15. -1. -1. -1.  7. -1. -1. -1. -1. -1.  7. -1.]
 [-1. 16. 15. 14. 13. 12. -1.  6.  7.  8.  9.  8.  7.  6. -1.]
 [-1. 15. 16. -1. 12. 11. -1.  5.  6.  7.  8.  7.  6.  5. -1.]
 [-1. 14. -1. -1. -1. 10. -1.  4.  5.  6.  7.  6.  5.  4. -1.]
 [-1. 13. 12. -1. 10.  9. -1.  3.  4.  5.  6.  5.  4.  3. -1.]
 [-1. 12. 11. 10.  9.  8. -1.  2.  3.  4.  5.  4.  3.  2. -1.]
 [-1. 11. 12. -1.  8.  7. -1.  1.  2.  3.  4.  5.  6.  7. -1.]
 [-1. 10. -1. -1. -1.  6. -1.  0.  1.  2.  3.  4.  5.  6. -1.]
 [-1.  9.  8. -1.  6.  5. -1.  1. -1. -1. -1. -1. -1.  7. -1.]
 [-1.  8.  7.  6.  5.  4.  3.  2.  3.  4.  5.  6.  7.  8. -1.]
 [-1.  9.  8.  7.  6.  5.  4.  3.  4.  5.  6.  7.  8.  9. -1.]
 [-1. 10.  9.  8.  7.  6.  5.  4.  5.  6.  7.  8.  9. 10. -1.]
 [-1. 11. 10.  9.  8.  7.  6.  5.  6.  7.  8.  9. 10. 11. -1.]
 [-1. 12. 11. 10.  9.  8.  7.  6.  7.  8.  9. 10. 11. 12. -1.]
 [-1. -1. -1. -1. -1. -1. -1. -1. -1. -1. -1. -1. -1. -1. -1.]]
DEBUG:root:MIXED_GRID: *n* no *n* he actualizado el grid
DEBUG:root:MIXED_GRID: *n* no *n* he actualizado el grid
DEBUG:root:MIXED_GRID: *n* no *n* he actualizado el grid
DEBUG:root:MIXED_GRID: *n* no *n* he actualizado el grid
DEBUG:root:MIXED_GRID: *n* no *n* he actualizado el grid
DEBUG:root:MIXED_GRID: *n* no *n* he actualizado el grid
DEBUG:root:MIXED_GRID: *n* no *n* he actualizado el grid
DEBUG:root:MIXED_GRID: *n* no *n* he actualizado el grid
DEBUG:root:MIXED_GRID: *n* no *n* he actualizado el grid
DEBUG:root:MIXED_GRID: *n* no *n* he actualizado el grid
DEBUG:root:MIXED_GRID: *n* no *n* he actualizado el grid
DEBUG:root:MIXED_GRID: *n* no *n* he actualizado el grid
DEBUG:root:MIXED_GRID: he actualizado el grid:
[[-1. -1. -1. 15. -1. -1. -1.  7. -1. -1. -1. -1. -1.  7. -1.]
 [-1. 16. 15. 14. 13. 12. -1.  6.  7.  8.  9.  8.  7.  6. -1.]
 [-1. 15. 16. -1. 12. 11. -1.  5.  6.  7.  8.  7.  6.  5. -1.]
 [-1. 14. -1. -1. -1. 10. -1.  4.  5.  6.  7.  6.  5.  4. -1.]
 [-1. 13. 12. -1. 10.  9. -1.  3.  4.  5.  6.  5.  4.  3. -1.]
 [-1. 12. 11. 10.  9.  8. -1.  2.  3.  4.  5.  4.  3.  2. -1.]
 [-1. 11. 12. -1.  8.  7. -1.  1.  2.  3.  4.  3.  6.  7. -1.]
 [-1. 10. -1. -1. -1.  6. -1.  0.  1.  2.  3.  4.  5.  6. -1.]
 [-1.  9.  8. -1.  6.  5. -1.  1. -1. -1. -1. -1. -1.  7. -1.]
 [-1.  8.  7.  6.  5.  4.  3.  2.  3.  4.  5.  6.  7.  8. -1.]
 [-1.  9.  8.  7.  6.  5.  4.  3.  4.  5.  6.  7.  8.  9. -1.]
 [-1. 10.  9.  8.  7.  6.  5.  4.  5.  6.  7.  8.  9. 10. -1.]
 [-1. 11. 10.  9.  8.  7.  6.  5.  6.  7.  8.  9. 10. 11. -1.]
 [-1. 12. 11. 10.  9.  8.  7.  6.  7.  8.  9. 10. 11. 12. -1.]
 [-1. -1. -1. -1. -1. -1. -1. -1. -1. -1. -1. -1. -1. -1. -1.]]
DEBUG:root:MIXED_GRID: he actualizado el grid:
[[-1. -1. -1. 15. -1. -1. -1.  7. -1. -1. -1. -1. -1.  7. -1.]
 [-1. 16. 15. 14. 13. 12. -1.  6.  7.  8.  9.  8.  7.  6. -1.]
 [-1. 15. 16. -1. 12. 11. -1.  5.  6.  7.  8.  7.  6.  5. -1.]
 [-1. 14. -1. -1. -1. 10. -1.  4.  5.  6.  7.  6.  5.  4. -1.]
 [-1. 13. 12. -1. 10.  9. -1.  3.  4.  5.  6.  5.  4.  3. -1.]
 [-1. 12. 11. 10.  9.  8. -1.  2.  3.  4.  5.  4.  3.  2. -1.]
 [-1. 11. 12. -1.  8.  7. -1.  1.  2.  3.  4.  3.  2.  7. -1.]
 [-1. 10. -1. -1. -1.  6. -1.  0.  1.  2.  3.  4.  5.  6. -1.]
 [-1.  9.  8. -1.  6.  5. -1.  1. -1. -1. -1. -1. -1.  7. -1.]
 [-1.  8.  7.  6.  5.  4.  3.  2.  3.  4.  5.  6.  7.  8. -1.]
 [-1.  9.  8.  7.  6.  5.  4.  3.  4.  5.  6.  7.  8.  9. -1.]
 [-1. 10.  9.  8.  7.  6.  5.  4.  5.  6.  7.  8.  9. 10. -1.]
 [-1. 11. 10.  9.  8.  7.  6.  5.  6.  7.  8.  9. 10. 11. -1.]
 [-1. 12. 11. 10.  9.  8.  7.  6.  7.  8.  9. 10. 11. 12. -1.]
 [-1. -1. -1. -1. -1. -1. -1. -1. -1. -1. -1. -1. -1. -1. -1.]]
DEBUG:root:MIXED_GRID: he actualizado el grid:
[[-1. -1. -1. 15. -1. -1. -1.  7. -1. -1. -1. -1. -1.  7. -1.]
 [-1. 16. 15. 14. 13. 12. -1.  6.  7.  8.  9.  8.  7.  6. -1.]
 [-1. 15. 16. -1. 12. 11. -1.  5.  6.  7.  8.  7.  6.  5. -1.]
 [-1. 14. -1. -1. -1. 10. -1.  4.  5.  6.  7.  6.  5.  4. -1.]
 [-1. 13. 12. -1. 10.  9. -1.  3.  4.  5.  6.  5.  4.  3. -1.]
 [-1. 12. 11. 10.  9.  8. -1.  2.  3.  4.  5.  4.  3.  2. -1.]
 [-1. 11. 12. -1.  8.  7. -1.  1.  2.  3.  4.  3.  2.  1. -1.]
 [-1. 10. -1. -1. -1.  6. -1.  0.  1.  2.  3.  4.  5.  6. -1.]
 [-1.  9.  8. -1.  6.  5. -1.  1. -1. -1. -1. -1. -1.  7. -1.]
 [-1.  8.  7.  6.  5.  4.  3.  2.  3.  4.  5.  6.  7.  8. -1.]
 [-1.  9.  8.  7.  6.  5.  4.  3.  4.  5.  6.  7.  8.  9. -1.]
 [-1. 10.  9.  8.  7.  6.  5.  4.  5.  6.  7.  8.  9. 10. -1.]
 [-1. 11. 10.  9.  8.  7.  6.  5.  6.  7.  8.  9. 10. 11. -1.]
 [-1. 12. 11. 10.  9.  8.  7.  6.  7.  8.  9. 10. 11. 12. -1.]
 [-1. -1. -1. -1. -1. -1. -1. -1. -1. -1. -1. -1. -1. -1. -1.]]
DEBUG:root:MIXED_GRID: *n* no *n* he actualizado el grid
DEBUG:root:MIXED_GRID: *n* no *n* he actualizado el grid
DEBUG:root:MIXED_GRID: *n* no *n* he actualizado el grid
DEBUG:root:MIXED_GRID: *n* no *n* he actualizado el grid
DEBUG:root:MIXED_GRID: *n* no *n* he actualizado el grid
DEBUG:root:MIXED_GRID: *n* no *n* he actualizado el grid
DEBUG:root:MIXED_GRID: *n* no *n* he actualizado el grid
DEBUG:root:MIXED_GRID: *n* no *n* he actualizado el grid
DEBUG:root:MIXED_GRID: *n* no *n* he actualizado el grid
DEBUG:root:MIXED_GRID: *n* no *n* he actualizado el grid
DEBUG:root:MIXED_GRID: *n* no *n* he actualizado el grid
DEBUG:root:MIXED_GRID: *n* no *n* he actualizado el grid
DEBUG:root:MIXED_GRID: he actualizado el grid:
[[-1. -1. -1. 15. -1. -1. -1.  7. -1. -1. -1. -1. -1.  7. -1.]
 [-1. 16. 15. 14. 13. 12. -1.  6.  7.  8.  9.  8.  7.  6. -1.]
 [-1. 15. 16. -1. 12. 11. -1.  5.  6.  7.  8.  7.  6.  5. -1.]
 [-1. 14. -1. -1. -1. 10. -1.  4.  5.  6.  7.  6.  5.  4. -1.]
 [-1. 13. 12. -1. 10.  9. -1.  3.  4.  5.  6.  5.  4.  3. -1.]
 [-1. 12. 11. 10.  9.  8. -1.  2.  3.  4.  5.  4.  3.  2. -1.]
 [-1. 11. 12. -1.  8.  7. -1.  1.  2.  3.  4.  3.  2.  1. -1.]
 [-1. 10. -1. -1. -1.  6. -1.  0.  1.  2.  3.  2.  5.  6. -1.]
 [-1.  9.  8. -1.  6.  5. -1.  1. -1. -1. -1. -1. -1.  7. -1.]
 [-1.  8.  7.  6.  5.  4.  3.  2.  3.  4.  5.  6.  7.  8. -1.]
 [-1.  9.  8.  7.  6.  5.  4.  3.  4.  5.  6.  7.  8.  9. -1.]
 [-1. 10.  9.  8.  7.  6.  5.  4.  5.  6.  7.  8.  9. 10. -1.]
 [-1. 11. 10.  9.  8.  7.  6.  5.  6.  7.  8.  9. 10. 11. -1.]
 [-1. 12. 11. 10.  9.  8.  7.  6.  7.  8.  9. 10. 11. 12. -1.]
 [-1. -1. -1. -1. -1. -1. -1. -1. -1. -1. -1. -1. -1. -1. -1.]]
DEBUG:root:MIXED_GRID: he actualizado el grid:
[[-1. -1. -1. 15. -1. -1. -1.  7. -1. -1. -1. -1. -1.  7. -1.]
 [-1. 16. 15. 14. 13. 12. -1.  6.  7.  8.  9.  8.  7.  6. -1.]
 [-1. 15. 16. -1. 12. 11. -1.  5.  6.  7.  8.  7.  6.  5. -1.]
 [-1. 14. -1. -1. -1. 10. -1.  4.  5.  6.  7.  6.  5.  4. -1.]
 [-1. 13. 12. -1. 10.  9. -1.  3.  4.  5.  6.  5.  4.  3. -1.]
 [-1. 12. 11. 10.  9.  8. -1.  2.  3.  4.  5.  4.  3.  2. -1.]
 [-1. 11. 12. -1.  8.  7. -1.  1.  2.  3.  4.  3.  2.  1. -1.]
 [-1. 10. -1. -1. -1.  6. -1.  0.  1.  2.  3.  2.  1.  6. -1.]
 [-1.  9.  8. -1.  6.  5. -1.  1. -1. -1. -1. -1. -1.  7. -1.]
 [-1.  8.  7.  6.  5.  4.  3.  2.  3.  4.  5.  6.  7.  8. -1.]
 [-1.  9.  8.  7.  6.  5.  4.  3.  4.  5.  6.  7.  8.  9. -1.]
 [-1. 10.  9.  8.  7.  6.  5.  4.  5.  6.  7.  8.  9. 10. -1.]
 [-1. 11. 10.  9.  8.  7.  6.  5.  6.  7.  8.  9. 10. 11. -1.]
 [-1. 12. 11. 10.  9.  8.  7.  6.  7.  8.  9. 10. 11. 12. -1.]
 [-1. -1. -1. -1. -1. -1. -1. -1. -1. -1. -1. -1. -1. -1. -1.]]
DEBUG:root:MIXED_GRID: he actualizado el grid:
[[-1. -1. -1. 15. -1. -1. -1.  7. -1. -1. -1. -1. -1.  7. -1.]
 [-1. 16. 15. 14. 13. 12. -1.  6.  7.  8.  9.  8.  7.  6. -1.]
 [-1. 15. 16. -1. 12. 11. -1.  5.  6.  7.  8.  7.  6.  5. -1.]
 [-1. 14. -1. -1. -1. 10. -1.  4.  5.  6.  7.  6.  5.  4. -1.]
 [-1. 13. 12. -1. 10.  9. -1.  3.  4.  5.  6.  5.  4.  3. -1.]
 [-1. 12. 11. 10.  9.  8. -1.  2.  3.  4.  5.  4.  3.  2. -1.]
 [-1. 11. 12. -1.  8.  7. -1.  1.  2.  3.  4.  3.  2.  1. -1.]
 [-1. 10. -1. -1. -1.  6. -1.  0.  1.  2.  3.  2.  1.  0. -1.]
 [-1.  9.  8. -1.  6.  5. -1.  1. -1. -1. -1. -1. -1.  7. -1.]
 [-1.  8.  7.  6.  5.  4.  3.  2.  3.  4.  5.  6.  7.  8. -1.]
 [-1.  9.  8.  7.  6.  5.  4.  3.  4.  5.  6.  7.  8.  9. -1.]
 [-1. 10.  9.  8.  7.  6.  5.  4.  5.  6.  7.  8.  9. 10. -1.]
 [-1. 11. 10.  9.  8.  7.  6.  5.  6.  7.  8.  9. 10. 11. -1.]
 [-1. 12. 11. 10.  9.  8.  7.  6.  7.  8.  9. 10. 11. 12. -1.]
 [-1. -1. -1. -1. -1. -1. -1. -1. -1. -1. -1. -1. -1. -1. -1.]]
DEBUG:root:MIXED_GRID: *n* no *n* he actualizado el grid
DEBUG:root:MIXED_GRID: *n* no *n* he actualizado el grid
DEBUG:root:MIXED_GRID: *n* no *n* he actualizado el grid
DEBUG:root:MIXED_GRID: *n* no *n* he actualizado el grid
DEBUG:root:MIXED_GRID: *n* no *n* he actualizado el grid
DEBUG:root:MIXED_GRID: *n* no *n* he actualizado el grid
DEBUG:root:MIXED_GRID: *n* no *n* he actualizado el grid
DEBUG:root:MIXED_GRID: *n* no *n* he actualizado el grid
DEBUG:root:MIXED_GRID: *n* no *n* he actualizado el grid
DEBUG:root:MIXED_GRID: *n* no *n* he actualizado el grid
DEBUG:root:MIXED_GRID: *n* no *n* he actualizado el grid
DEBUG:root:MIXED_GRID: *n* no *n* he actualizado el grid
DEBUG:root:MIXED_GRID: *n* no *n* he actualizado el grid
DEBUG:root:MIXED_GRID: *n* no *n* he actualizado el grid
DEBUG:root:MIXED_GRID: he actualizado el grid:
[[-1. -1. -1. 15. -1. -1. -1.  7. -1. -1. -1. -1. -1.  7. -1.]
 [-1. 16. 15. 14. 13. 12. -1.  6.  7.  8.  9.  8.  7.  6. -1.]
 [-1. 15. 16. -1. 12. 11. -1.  5.  6.  7.  8.  7.  6.  5. -1.]
 [-1. 14. -1. -1. -1. 10. -1.  4.  5.  6.  7.  6.  5.  4. -1.]
 [-1. 13. 12. -1. 10.  9. -1.  3.  4.  5.  6.  5.  4.  3. -1.]
 [-1. 12. 11. 10.  9.  8. -1.  2.  3.  4.  5.  4.  3.  2. -1.]
 [-1. 11. 12. -1.  8.  7. -1.  1.  2.  3.  4.  3.  2.  1. -1.]
 [-1. 10. -1. -1. -1.  6. -1.  0.  1.  2.  3.  2.  1.  0. -1.]
 [-1.  9.  8. -1.  6.  5. -1.  1. -1. -1. -1. -1. -1.  1. -1.]
 [-1.  8.  7.  6.  5.  4.  3.  2.  3.  4.  5.  6.  7.  8. -1.]
 [-1.  9.  8.  7.  6.  5.  4.  3.  4.  5.  6.  7.  8.  9. -1.]
 [-1. 10.  9.  8.  7.  6.  5.  4.  5.  6.  7.  8.  9. 10. -1.]
 [-1. 11. 10.  9.  8.  7.  6.  5.  6.  7.  8.  9. 10. 11. -1.]
 [-1. 12. 11. 10.  9.  8.  7.  6.  7.  8.  9. 10. 11. 12. -1.]
 [-1. -1. -1. -1. -1. -1. -1. -1. -1. -1. -1. -1. -1. -1. -1.]]
DEBUG:root:MIXED_GRID: *n* no *n* he actualizado el grid
DEBUG:root:MIXED_GRID: *n* no *n* he actualizado el grid
DEBUG:root:MIXED_GRID: *n* no *n* he actualizado el grid
DEBUG:root:MIXED_GRID: *n* no *n* he actualizado el grid
DEBUG:root:MIXED_GRID: *n* no *n* he actualizado el grid
DEBUG:root:MIXED_GRID: *n* no *n* he actualizado el grid
DEBUG:root:MIXED_GRID: *n* no *n* he actualizado el grid
DEBUG:root:MIXED_GRID: *n* no *n* he actualizado el grid
DEBUG:root:MIXED_GRID: *n* no *n* he actualizado el grid
DEBUG:root:MIXED_GRID: *n* no *n* he actualizado el grid
DEBUG:root:MIXED_GRID: *n* no *n* he actualizado el grid
DEBUG:root:MIXED_GRID: *n* no *n* he actualizado el grid
DEBUG:root:MIXED_GRID: he actualizado el grid:
[[-1. -1. -1. 15. -1. -1. -1.  7. -1. -1. -1. -1. -1.  7. -1.]
 [-1. 16. 15. 14. 13. 12. -1.  6.  7.  8.  9.  8.  7.  6. -1.]
 [-1. 15. 16. -1. 12. 11. -1.  5.  6.  7.  8.  7.  6.  5. -1.]
 [-1. 14. -1. -1. -1. 10. -1.  4.  5.  6.  7.  6.  5.  4. -1.]
 [-1. 13. 12. -1. 10.  9. -1.  3.  4.  5.  6.  5.  4.  3. -1.]
 [-1. 12. 11. 10.  9.  8. -1.  2.  3.  4.  5.  4.  3.  2. -1.]
 [-1. 11. 12. -1.  8.  7. -1.  1.  2.  3.  4.  3.  2.  1. -1.]
 [-1. 10. -1. -1. -1.  6. -1.  0.  1.  2.  3.  2.  1.  0. -1.]
 [-1.  9.  8. -1.  6.  5. -1.  1. -1. -1. -1. -1. -1.  1. -1.]
 [-1.  8.  7.  6.  5.  4.  3.  2.  3.  4.  5.  4.  7.  8. -1.]
 [-1.  9.  8.  7.  6.  5.  4.  3.  4.  5.  6.  7.  8.  9. -1.]
 [-1. 10.  9.  8.  7.  6.  5.  4.  5.  6.  7.  8.  9. 10. -1.]
 [-1. 11. 10.  9.  8.  7.  6.  5.  6.  7.  8.  9. 10. 11. -1.]
 [-1. 12. 11. 10.  9.  8.  7.  6.  7.  8.  9. 10. 11. 12. -1.]
 [-1. -1. -1. -1. -1. -1. -1. -1. -1. -1. -1. -1. -1. -1. -1.]]
DEBUG:root:MIXED_GRID: he actualizado el grid:
[[-1. -1. -1. 15. -1. -1. -1.  7. -1. -1. -1. -1. -1.  7. -1.]
 [-1. 16. 15. 14. 13. 12. -1.  6.  7.  8.  9.  8.  7.  6. -1.]
 [-1. 15. 16. -1. 12. 11. -1.  5.  6.  7.  8.  7.  6.  5. -1.]
 [-1. 14. -1. -1. -1. 10. -1.  4.  5.  6.  7.  6.  5.  4. -1.]
 [-1. 13. 12. -1. 10.  9. -1.  3.  4.  5.  6.  5.  4.  3. -1.]
 [-1. 12. 11. 10.  9.  8. -1.  2.  3.  4.  5.  4.  3.  2. -1.]
 [-1. 11. 12. -1.  8.  7. -1.  1.  2.  3.  4.  3.  2.  1. -1.]
 [-1. 10. -1. -1. -1.  6. -1.  0.  1.  2.  3.  2.  1.  0. -1.]
 [-1.  9.  8. -1.  6.  5. -1.  1. -1. -1. -1. -1. -1.  1. -1.]
 [-1.  8.  7.  6.  5.  4.  3.  2.  3.  4.  5.  4.  3.  8. -1.]
 [-1.  9.  8.  7.  6.  5.  4.  3.  4.  5.  6.  7.  8.  9. -1.]
 [-1. 10.  9.  8.  7.  6.  5.  4.  5.  6.  7.  8.  9. 10. -1.]
 [-1. 11. 10.  9.  8.  7.  6.  5.  6.  7.  8.  9. 10. 11. -1.]
 [-1. 12. 11. 10.  9.  8.  7.  6.  7.  8.  9. 10. 11. 12. -1.]
 [-1. -1. -1. -1. -1. -1. -1. -1. -1. -1. -1. -1. -1. -1. -1.]]
DEBUG:root:MIXED_GRID: he actualizado el grid:
[[-1. -1. -1. 15. -1. -1. -1.  7. -1. -1. -1. -1. -1.  7. -1.]
 [-1. 16. 15. 14. 13. 12. -1.  6.  7.  8.  9.  8.  7.  6. -1.]
 [-1. 15. 16. -1. 12. 11. -1.  5.  6.  7.  8.  7.  6.  5. -1.]
 [-1. 14. -1. -1. -1. 10. -1.  4.  5.  6.  7.  6.  5.  4. -1.]
 [-1. 13. 12. -1. 10.  9. -1.  3.  4.  5.  6.  5.  4.  3. -1.]
 [-1. 12. 11. 10.  9.  8. -1.  2.  3.  4.  5.  4.  3.  2. -1.]
 [-1. 11. 12. -1.  8.  7. -1.  1.  2.  3.  4.  3.  2.  1. -1.]
 [-1. 10. -1. -1. -1.  6. -1.  0.  1.  2.  3.  2.  1.  0. -1.]
 [-1.  9.  8. -1.  6.  5. -1.  1. -1. -1. -1. -1. -1.  1. -1.]
 [-1.  8.  7.  6.  5.  4.  3.  2.  3.  4.  5.  4.  3.  2. -1.]
 [-1.  9.  8.  7.  6.  5.  4.  3.  4.  5.  6.  7.  8.  9. -1.]
 [-1. 10.  9.  8.  7.  6.  5.  4.  5.  6.  7.  8.  9. 10. -1.]
 [-1. 11. 10.  9.  8.  7.  6.  5.  6.  7.  8.  9. 10. 11. -1.]
 [-1. 12. 11. 10.  9.  8.  7.  6.  7.  8.  9. 10. 11. 12. -1.]
 [-1. -1. -1. -1. -1. -1. -1. -1. -1. -1. -1. -1. -1. -1. -1.]]
DEBUG:root:MIXED_GRID: *n* no *n* he actualizado el grid
DEBUG:root:MIXED_GRID: *n* no *n* he actualizado el grid
DEBUG:root:MIXED_GRID: *n* no *n* he actualizado el grid
DEBUG:root:MIXED_GRID: *n* no *n* he actualizado el grid
DEBUG:root:MIXED_GRID: *n* no *n* he actualizado el grid
DEBUG:root:MIXED_GRID: *n* no *n* he actualizado el grid
DEBUG:root:MIXED_GRID: *n* no *n* he actualizado el grid
DEBUG:root:MIXED_GRID: *n* no *n* he actualizado el grid
DEBUG:root:MIXED_GRID: *n* no *n* he actualizado el grid
DEBUG:root:MIXED_GRID: *n* no *n* he actualizado el grid
DEBUG:root:MIXED_GRID: *n* no *n* he actualizado el grid
DEBUG:root:MIXED_GRID: *n* no *n* he actualizado el grid
DEBUG:root:MIXED_GRID: he actualizado el grid:
[[-1. -1. -1. 15. -1. -1. -1.  7. -1. -1. -1. -1. -1.  7. -1.]
 [-1. 16. 15. 14. 13. 12. -1.  6.  7.  8.  9.  8.  7.  6. -1.]
 [-1. 15. 16. -1. 12. 11. -1.  5.  6.  7.  8.  7.  6.  5. -1.]
 [-1. 14. -1. -1. -1. 10. -1.  4.  5.  6.  7.  6.  5.  4. -1.]
 [-1. 13. 12. -1. 10.  9. -1.  3.  4.  5.  6.  5.  4.  3. -1.]
 [-1. 12. 11. 10.  9.  8. -1.  2.  3.  4.  5.  4.  3.  2. -1.]
 [-1. 11. 12. -1.  8.  7. -1.  1.  2.  3.  4.  3.  2.  1. -1.]
 [-1. 10. -1. -1. -1.  6. -1.  0.  1.  2.  3.  2.  1.  0. -1.]
 [-1.  9.  8. -1.  6.  5. -1.  1. -1. -1. -1. -1. -1.  1. -1.]
 [-1.  8.  7.  6.  5.  4.  3.  2.  3.  4.  5.  4.  3.  2. -1.]
 [-1.  9.  8.  7.  6.  5.  4.  3.  4.  5.  6.  5.  8.  9. -1.]
 [-1. 10.  9.  8.  7.  6.  5.  4.  5.  6.  7.  8.  9. 10. -1.]
 [-1. 11. 10.  9.  8.  7.  6.  5.  6.  7.  8.  9. 10. 11. -1.]
 [-1. 12. 11. 10.  9.  8.  7.  6.  7.  8.  9. 10. 11. 12. -1.]
 [-1. -1. -1. -1. -1. -1. -1. -1. -1. -1. -1. -1. -1. -1. -1.]]
DEBUG:root:MIXED_GRID: he actualizado el grid:
[[-1. -1. -1. 15. -1. -1. -1.  7. -1. -1. -1. -1. -1.  7. -1.]
 [-1. 16. 15. 14. 13. 12. -1.  6.  7.  8.  9.  8.  7.  6. -1.]
 [-1. 15. 16. -1. 12. 11. -1.  5.  6.  7.  8.  7.  6.  5. -1.]
 [-1. 14. -1. -1. -1. 10. -1.  4.  5.  6.  7.  6.  5.  4. -1.]
 [-1. 13. 12. -1. 10.  9. -1.  3.  4.  5.  6.  5.  4.  3. -1.]
 [-1. 12. 11. 10.  9.  8. -1.  2.  3.  4.  5.  4.  3.  2. -1.]
 [-1. 11. 12. -1.  8.  7. -1.  1.  2.  3.  4.  3.  2.  1. -1.]
 [-1. 10. -1. -1. -1.  6. -1.  0.  1.  2.  3.  2.  1.  0. -1.]
 [-1.  9.  8. -1.  6.  5. -1.  1. -1. -1. -1. -1. -1.  1. -1.]
 [-1.  8.  7.  6.  5.  4.  3.  2.  3.  4.  5.  4.  3.  2. -1.]
 [-1.  9.  8.  7.  6.  5.  4.  3.  4.  5.  6.  5.  4.  9. -1.]
 [-1. 10.  9.  8.  7.  6.  5.  4.  5.  6.  7.  8.  9. 10. -1.]
 [-1. 11. 10.  9.  8.  7.  6.  5.  6.  7.  8.  9. 10. 11. -1.]
 [-1. 12. 11. 10.  9.  8.  7.  6.  7.  8.  9. 10. 11. 12. -1.]
 [-1. -1. -1. -1. -1. -1. -1. -1. -1. -1. -1. -1. -1. -1. -1.]]
DEBUG:root:MIXED_GRID: he actualizado el grid:
[[-1. -1. -1. 15. -1. -1. -1.  7. -1. -1. -1. -1. -1.  7. -1.]
 [-1. 16. 15. 14. 13. 12. -1.  6.  7.  8.  9.  8.  7.  6. -1.]
 [-1. 15. 16. -1. 12. 11. -1.  5.  6.  7.  8.  7.  6.  5. -1.]
 [-1. 14. -1. -1. -1. 10. -1.  4.  5.  6.  7.  6.  5.  4. -1.]
 [-1. 13. 12. -1. 10.  9. -1.  3.  4.  5.  6.  5.  4.  3. -1.]
 [-1. 12. 11. 10.  9.  8. -1.  2.  3.  4.  5.  4.  3.  2. -1.]
 [-1. 11. 12. -1.  8.  7. -1.  1.  2.  3.  4.  3.  2.  1. -1.]
 [-1. 10. -1. -1. -1.  6. -1.  0.  1.  2.  3.  2.  1.  0. -1.]
 [-1.  9.  8. -1.  6.  5. -1.  1. -1. -1. -1. -1. -1.  1. -1.]
 [-1.  8.  7.  6.  5.  4.  3.  2.  3.  4.  5.  4.  3.  2. -1.]
 [-1.  9.  8.  7.  6.  5.  4.  3.  4.  5.  6.  5.  4.  3. -1.]
 [-1. 10.  9.  8.  7.  6.  5.  4.  5.  6.  7.  8.  9. 10. -1.]
 [-1. 11. 10.  9.  8.  7.  6.  5.  6.  7.  8.  9. 10. 11. -1.]
 [-1. 12. 11. 10.  9.  8.  7.  6.  7.  8.  9. 10. 11. 12. -1.]
 [-1. -1. -1. -1. -1. -1. -1. -1. -1. -1. -1. -1. -1. -1. -1.]]
DEBUG:root:MIXED_GRID: *n* no *n* he actualizado el grid
DEBUG:root:MIXED_GRID: *n* no *n* he actualizado el grid
DEBUG:root:MIXED_GRID: *n* no *n* he actualizado el grid
DEBUG:root:MIXED_GRID: *n* no *n* he actualizado el grid
DEBUG:root:MIXED_GRID: *n* no *n* he actualizado el grid
DEBUG:root:MIXED_GRID: *n* no *n* he actualizado el grid
DEBUG:root:MIXED_GRID: *n* no *n* he actualizado el grid
DEBUG:root:MIXED_GRID: *n* no *n* he actualizado el grid
DEBUG:root:MIXED_GRID: *n* no *n* he actualizado el grid
DEBUG:root:MIXED_GRID: *n* no *n* he actualizado el grid
DEBUG:root:MIXED_GRID: *n* no *n* he actualizado el grid
DEBUG:root:MIXED_GRID: *n* no *n* he actualizado el grid
DEBUG:root:MIXED_GRID: he actualizado el grid:
[[-1. -1. -1. 15. -1. -1. -1.  7. -1. -1. -1. -1. -1.  7. -1.]
 [-1. 16. 15. 14. 13. 12. -1.  6.  7.  8.  9.  8.  7.  6. -1.]
 [-1. 15. 16. -1. 12. 11. -1.  5.  6.  7.  8.  7.  6.  5. -1.]
 [-1. 14. -1. -1. -1. 10. -1.  4.  5.  6.  7.  6.  5.  4. -1.]
 [-1. 13. 12. -1. 10.  9. -1.  3.  4.  5.  6.  5.  4.  3. -1.]
 [-1. 12. 11. 10.  9.  8. -1.  2.  3.  4.  5.  4.  3.  2. -1.]
 [-1. 11. 12. -1.  8.  7. -1.  1.  2.  3.  4.  3.  2.  1. -1.]
 [-1. 10. -1. -1. -1.  6. -1.  0.  1.  2.  3.  2.  1.  0. -1.]
 [-1.  9.  8. -1.  6.  5. -1.  1. -1. -1. -1. -1. -1.  1. -1.]
 [-1.  8.  7.  6.  5.  4.  3.  2.  3.  4.  5.  4.  3.  2. -1.]
 [-1.  9.  8.  7.  6.  5.  4.  3.  4.  5.  6.  5.  4.  3. -1.]
 [-1. 10.  9.  8.  7.  6.  5.  4.  5.  6.  7.  6.  9. 10. -1.]
 [-1. 11. 10.  9.  8.  7.  6.  5.  6.  7.  8.  9. 10. 11. -1.]
 [-1. 12. 11. 10.  9.  8.  7.  6.  7.  8.  9. 10. 11. 12. -1.]
 [-1. -1. -1. -1. -1. -1. -1. -1. -1. -1. -1. -1. -1. -1. -1.]]
DEBUG:root:MIXED_GRID: he actualizado el grid:
[[-1. -1. -1. 15. -1. -1. -1.  7. -1. -1. -1. -1. -1.  7. -1.]
 [-1. 16. 15. 14. 13. 12. -1.  6.  7.  8.  9.  8.  7.  6. -1.]
 [-1. 15. 16. -1. 12. 11. -1.  5.  6.  7.  8.  7.  6.  5. -1.]
 [-1. 14. -1. -1. -1. 10. -1.  4.  5.  6.  7.  6.  5.  4. -1.]
 [-1. 13. 12. -1. 10.  9. -1.  3.  4.  5.  6.  5.  4.  3. -1.]
 [-1. 12. 11. 10.  9.  8. -1.  2.  3.  4.  5.  4.  3.  2. -1.]
 [-1. 11. 12. -1.  8.  7. -1.  1.  2.  3.  4.  3.  2.  1. -1.]
 [-1. 10. -1. -1. -1.  6. -1.  0.  1.  2.  3.  2.  1.  0. -1.]
 [-1.  9.  8. -1.  6.  5. -1.  1. -1. -1. -1. -1. -1.  1. -1.]
 [-1.  8.  7.  6.  5.  4.  3.  2.  3.  4.  5.  4.  3.  2. -1.]
 [-1.  9.  8.  7.  6.  5.  4.  3.  4.  5.  6.  5.  4.  3. -1.]
 [-1. 10.  9.  8.  7.  6.  5.  4.  5.  6.  7.  6.  5. 10. -1.]
 [-1. 11. 10.  9.  8.  7.  6.  5.  6.  7.  8.  9. 10. 11. -1.]
 [-1. 12. 11. 10.  9.  8.  7.  6.  7.  8.  9. 10. 11. 12. -1.]
 [-1. -1. -1. -1. -1. -1. -1. -1. -1. -1. -1. -1. -1. -1. -1.]]
DEBUG:root:MIXED_GRID: he actualizado el grid:
[[-1. -1. -1. 15. -1. -1. -1.  7. -1. -1. -1. -1. -1.  7. -1.]
 [-1. 16. 15. 14. 13. 12. -1.  6.  7.  8.  9.  8.  7.  6. -1.]
 [-1. 15. 16. -1. 12. 11. -1.  5.  6.  7.  8.  7.  6.  5. -1.]
 [-1. 14. -1. -1. -1. 10. -1.  4.  5.  6.  7.  6.  5.  4. -1.]
 [-1. 13. 12. -1. 10.  9. -1.  3.  4.  5.  6.  5.  4.  3. -1.]
 [-1. 12. 11. 10.  9.  8. -1.  2.  3.  4.  5.  4.  3.  2. -1.]
 [-1. 11. 12. -1.  8.  7. -1.  1.  2.  3.  4.  3.  2.  1. -1.]
 [-1. 10. -1. -1. -1.  6. -1.  0.  1.  2.  3.  2.  1.  0. -1.]
 [-1.  9.  8. -1.  6.  5. -1.  1. -1. -1. -1. -1. -1.  1. -1.]
 [-1.  8.  7.  6.  5.  4.  3.  2.  3.  4.  5.  4.  3.  2. -1.]
 [-1.  9.  8.  7.  6.  5.  4.  3.  4.  5.  6.  5.  4.  3. -1.]
 [-1. 10.  9.  8.  7.  6.  5.  4.  5.  6.  7.  6.  5.  4. -1.]
 [-1. 11. 10.  9.  8.  7.  6.  5.  6.  7.  8.  9. 10. 11. -1.]
 [-1. 12. 11. 10.  9.  8.  7.  6.  7.  8.  9. 10. 11. 12. -1.]
 [-1. -1. -1. -1. -1. -1. -1. -1. -1. -1. -1. -1. -1. -1. -1.]]
DEBUG:root:MIXED_GRID: *n* no *n* he actualizado el grid
DEBUG:root:MIXED_GRID: *n* no *n* he actualizado el grid
DEBUG:root:MIXED_GRID: *n* no *n* he actualizado el grid
DEBUG:root:MIXED_GRID: *n* no *n* he actualizado el grid
DEBUG:root:MIXED_GRID: *n* no *n* he actualizado el grid
DEBUG:root:MIXED_GRID: *n* no *n* he actualizado el grid
DEBUG:root:MIXED_GRID: *n* no *n* he actualizado el grid
DEBUG:root:MIXED_GRID: *n* no *n* he actualizado el grid
DEBUG:root:MIXED_GRID: *n* no *n* he actualizado el grid
DEBUG:root:MIXED_GRID: *n* no *n* he actualizado el grid
DEBUG:root:MIXED_GRID: *n* no *n* he actualizado el grid
DEBUG:root:MIXED_GRID: *n* no *n* he actualizado el grid
DEBUG:root:MIXED_GRID: he actualizado el grid:
[[-1. -1. -1. 15. -1. -1. -1.  7. -1. -1. -1. -1. -1.  7. -1.]
 [-1. 16. 15. 14. 13. 12. -1.  6.  7.  8.  9.  8.  7.  6. -1.]
 [-1. 15. 16. -1. 12. 11. -1.  5.  6.  7.  8.  7.  6.  5. -1.]
 [-1. 14. -1. -1. -1. 10. -1.  4.  5.  6.  7.  6.  5.  4. -1.]
 [-1. 13. 12. -1. 10.  9. -1.  3.  4.  5.  6.  5.  4.  3. -1.]
 [-1. 12. 11. 10.  9.  8. -1.  2.  3.  4.  5.  4.  3.  2. -1.]
 [-1. 11. 12. -1.  8.  7. -1.  1.  2.  3.  4.  3.  2.  1. -1.]
 [-1. 10. -1. -1. -1.  6. -1.  0.  1.  2.  3.  2.  1.  0. -1.]
 [-1.  9.  8. -1.  6.  5. -1.  1. -1. -1. -1. -1. -1.  1. -1.]
 [-1.  8.  7.  6.  5.  4.  3.  2.  3.  4.  5.  4.  3.  2. -1.]
 [-1.  9.  8.  7.  6.  5.  4.  3.  4.  5.  6.  5.  4.  3. -1.]
 [-1. 10.  9.  8.  7.  6.  5.  4.  5.  6.  7.  6.  5.  4. -1.]
 [-1. 11. 10.  9.  8.  7.  6.  5.  6.  7.  8.  7. 10. 11. -1.]
 [-1. 12. 11. 10.  9.  8.  7.  6.  7.  8.  9. 10. 11. 12. -1.]
 [-1. -1. -1. -1. -1. -1. -1. -1. -1. -1. -1. -1. -1. -1. -1.]]
DEBUG:root:MIXED_GRID: he actualizado el grid:
[[-1. -1. -1. 15. -1. -1. -1.  7. -1. -1. -1. -1. -1.  7. -1.]
 [-1. 16. 15. 14. 13. 12. -1.  6.  7.  8.  9.  8.  7.  6. -1.]
 [-1. 15. 16. -1. 12. 11. -1.  5.  6.  7.  8.  7.  6.  5. -1.]
 [-1. 14. -1. -1. -1. 10. -1.  4.  5.  6.  7.  6.  5.  4. -1.]
 [-1. 13. 12. -1. 10.  9. -1.  3.  4.  5.  6.  5.  4.  3. -1.]
 [-1. 12. 11. 10.  9.  8. -1.  2.  3.  4.  5.  4.  3.  2. -1.]
 [-1. 11. 12. -1.  8.  7. -1.  1.  2.  3.  4.  3.  2.  1. -1.]
 [-1. 10. -1. -1. -1.  6. -1.  0.  1.  2.  3.  2.  1.  0. -1.]
 [-1.  9.  8. -1.  6.  5. -1.  1. -1. -1. -1. -1. -1.  1. -1.]
 [-1.  8.  7.  6.  5.  4.  3.  2.  3.  4.  5.  4.  3.  2. -1.]
 [-1.  9.  8.  7.  6.  5.  4.  3.  4.  5.  6.  5.  4.  3. -1.]
 [-1. 10.  9.  8.  7.  6.  5.  4.  5.  6.  7.  6.  5.  4. -1.]
 [-1. 11. 10.  9.  8.  7.  6.  5.  6.  7.  8.  7.  6. 11. -1.]
 [-1. 12. 11. 10.  9.  8.  7.  6.  7.  8.  9. 10. 11. 12. -1.]
 [-1. -1. -1. -1. -1. -1. -1. -1. -1. -1. -1. -1. -1. -1. -1.]]
DEBUG:root:MIXED_GRID: he actualizado el grid:
[[-1. -1. -1. 15. -1. -1. -1.  7. -1. -1. -1. -1. -1.  7. -1.]
 [-1. 16. 15. 14. 13. 12. -1.  6.  7.  8.  9.  8.  7.  6. -1.]
 [-1. 15. 16. -1. 12. 11. -1.  5.  6.  7.  8.  7.  6.  5. -1.]
 [-1. 14. -1. -1. -1. 10. -1.  4.  5.  6.  7.  6.  5.  4. -1.]
 [-1. 13. 12. -1. 10.  9. -1.  3.  4.  5.  6.  5.  4.  3. -1.]
 [-1. 12. 11. 10.  9.  8. -1.  2.  3.  4.  5.  4.  3.  2. -1.]
 [-1. 11. 12. -1.  8.  7. -1.  1.  2.  3.  4.  3.  2.  1. -1.]
 [-1. 10. -1. -1. -1.  6. -1.  0.  1.  2.  3.  2.  1.  0. -1.]
 [-1.  9.  8. -1.  6.  5. -1.  1. -1. -1. -1. -1. -1.  1. -1.]
 [-1.  8.  7.  6.  5.  4.  3.  2.  3.  4.  5.  4.  3.  2. -1.]
 [-1.  9.  8.  7.  6.  5.  4.  3.  4.  5.  6.  5.  4.  3. -1.]
 [-1. 10.  9.  8.  7.  6.  5.  4.  5.  6.  7.  6.  5.  4. -1.]
 [-1. 11. 10.  9.  8.  7.  6.  5.  6.  7.  8.  7.  6.  5. -1.]
 [-1. 12. 11. 10.  9.  8.  7.  6.  7.  8.  9. 10. 11. 12. -1.]
 [-1. -1. -1. -1. -1. -1. -1. -1. -1. -1. -1. -1. -1. -1. -1.]]
DEBUG:root:MIXED_GRID: *n* no *n* he actualizado el grid
DEBUG:root:MIXED_GRID: *n* no *n* he actualizado el grid
DEBUG:root:MIXED_GRID: *n* no *n* he actualizado el grid
DEBUG:root:MIXED_GRID: *n* no *n* he actualizado el grid
DEBUG:root:MIXED_GRID: *n* no *n* he actualizado el grid
DEBUG:root:MIXED_GRID: *n* no *n* he actualizado el grid
DEBUG:root:MIXED_GRID: *n* no *n* he actualizado el grid
DEBUG:root:MIXED_GRID: *n* no *n* he actualizado el grid
DEBUG:root:MIXED_GRID: *n* no *n* he actualizado el grid
DEBUG:root:MIXED_GRID: *n* no *n* he actualizado el grid
DEBUG:root:MIXED_GRID: *n* no *n* he actualizado el grid
DEBUG:root:MIXED_GRID: *n* no *n* he actualizado el grid
DEBUG:root:MIXED_GRID: he actualizado el grid:
[[-1. -1. -1. 15. -1. -1. -1.  7. -1. -1. -1. -1. -1.  7. -1.]
 [-1. 16. 15. 14. 13. 12. -1.  6.  7.  8.  9.  8.  7.  6. -1.]
 [-1. 15. 16. -1. 12. 11. -1.  5.  6.  7.  8.  7.  6.  5. -1.]
 [-1. 14. -1. -1. -1. 10. -1.  4.  5.  6.  7.  6.  5.  4. -1.]
 [-1. 13. 12. -1. 10.  9. -1.  3.  4.  5.  6.  5.  4.  3. -1.]
 [-1. 12. 11. 10.  9.  8. -1.  2.  3.  4.  5.  4.  3.  2. -1.]
 [-1. 11. 12. -1.  8.  7. -1.  1.  2.  3.  4.  3.  2.  1. -1.]
 [-1. 10. -1. -1. -1.  6. -1.  0.  1.  2.  3.  2.  1.  0. -1.]
 [-1.  9.  8. -1.  6.  5. -1.  1. -1. -1. -1. -1. -1.  1. -1.]
 [-1.  8.  7.  6.  5.  4.  3.  2.  3.  4.  5.  4.  3.  2. -1.]
 [-1.  9.  8.  7.  6.  5.  4.  3.  4.  5.  6.  5.  4.  3. -1.]
 [-1. 10.  9.  8.  7.  6.  5.  4.  5.  6.  7.  6.  5.  4. -1.]
 [-1. 11. 10.  9.  8.  7.  6.  5.  6.  7.  8.  7.  6.  5. -1.]
 [-1. 12. 11. 10.  9.  8.  7.  6.  7.  8.  9.  8. 11. 12. -1.]
 [-1. -1. -1. -1. -1. -1. -1. -1. -1. -1. -1. -1. -1. -1. -1.]]
DEBUG:root:MIXED_GRID: he actualizado el grid:
[[-1. -1. -1. 15. -1. -1. -1.  7. -1. -1. -1. -1. -1.  7. -1.]
 [-1. 16. 15. 14. 13. 12. -1.  6.  7.  8.  9.  8.  7.  6. -1.]
 [-1. 15. 16. -1. 12. 11. -1.  5.  6.  7.  8.  7.  6.  5. -1.]
 [-1. 14. -1. -1. -1. 10. -1.  4.  5.  6.  7.  6.  5.  4. -1.]
 [-1. 13. 12. -1. 10.  9. -1.  3.  4.  5.  6.  5.  4.  3. -1.]
 [-1. 12. 11. 10.  9.  8. -1.  2.  3.  4.  5.  4.  3.  2. -1.]
 [-1. 11. 12. -1.  8.  7. -1.  1.  2.  3.  4.  3.  2.  1. -1.]
 [-1. 10. -1. -1. -1.  6. -1.  0.  1.  2.  3.  2.  1.  0. -1.]
 [-1.  9.  8. -1.  6.  5. -1.  1. -1. -1. -1. -1. -1.  1. -1.]
 [-1.  8.  7.  6.  5.  4.  3.  2.  3.  4.  5.  4.  3.  2. -1.]
 [-1.  9.  8.  7.  6.  5.  4.  3.  4.  5.  6.  5.  4.  3. -1.]
 [-1. 10.  9.  8.  7.  6.  5.  4.  5.  6.  7.  6.  5.  4. -1.]
 [-1. 11. 10.  9.  8.  7.  6.  5.  6.  7.  8.  7.  6.  5. -1.]
 [-1. 12. 11. 10.  9.  8.  7.  6.  7.  8.  9.  8.  7. 12. -1.]
 [-1. -1. -1. -1. -1. -1. -1. -1. -1. -1. -1. -1. -1. -1. -1.]]
DEBUG:root:MIXED_GRID: he actualizado el grid:
[[-1. -1. -1. 15. -1. -1. -1.  7. -1. -1. -1. -1. -1.  7. -1.]
 [-1. 16. 15. 14. 13. 12. -1.  6.  7.  8.  9.  8.  7.  6. -1.]
 [-1. 15. 16. -1. 12. 11. -1.  5.  6.  7.  8.  7.  6.  5. -1.]
 [-1. 14. -1. -1. -1. 10. -1.  4.  5.  6.  7.  6.  5.  4. -1.]
 [-1. 13. 12. -1. 10.  9. -1.  3.  4.  5.  6.  5.  4.  3. -1.]
 [-1. 12. 11. 10.  9.  8. -1.  2.  3.  4.  5.  4.  3.  2. -1.]
 [-1. 11. 12. -1.  8.  7. -1.  1.  2.  3.  4.  3.  2.  1. -1.]
 [-1. 10. -1. -1. -1.  6. -1.  0.  1.  2.  3.  2.  1.  0. -1.]
 [-1.  9.  8. -1.  6.  5. -1.  1. -1. -1. -1. -1. -1.  1. -1.]
 [-1.  8.  7.  6.  5.  4.  3.  2.  3.  4.  5.  4.  3.  2. -1.]
 [-1.  9.  8.  7.  6.  5.  4.  3.  4.  5.  6.  5.  4.  3. -1.]
 [-1. 10.  9.  8.  7.  6.  5.  4.  5.  6.  7.  6.  5.  4. -1.]
 [-1. 11. 10.  9.  8.  7.  6.  5.  6.  7.  8.  7.  6.  5. -1.]
 [-1. 12. 11. 10.  9.  8.  7.  6.  7.  8.  9.  8.  7.  6. -1.]
 [-1. -1. -1. -1. -1. -1. -1. -1. -1. -1. -1. -1. -1. -1. -1.]]
DEBUG:root:MIXED_GRID: *n* no *n* he actualizado el grid
DEBUG:root:MIXED_GRID: *n* no *n* he actualizado el grid
DEBUG:root:MIXED_GRID: *n* no *n* he actualizado el grid
DEBUG:root:MIXED_GRID: *n* no *n* he actualizado el grid
DEBUG:root:MIXED_GRID: *n* no *n* he actualizado el grid
DEBUG:root:MIXED_GRID: *n* no *n* he actualizado el grid
DEBUG:root:MIXED_GRID: *n* no *n* he actualizado el grid
DEBUG:root:MIXED_GRID: *n* no *n* he actualizado el grid
DEBUG:root:MIXED_GRID: *n* no *n* he actualizado el grid
DEBUG:root:MIXED_GRID: *n* no *n* he actualizado el grid
DEBUG:root:MIXED_GRID: *n* no *n* he actualizado el grid
DEBUG:root:MIXED_GRID: *n* no *n* he actualizado el grid
DEBUG:root:MIXED_GRID: *n* no *n* he actualizado el grid
DEBUG:root:MIXED_GRID: *n* no *n* he actualizado el grid
DEBUG:root:MIXED_GRID: *n* no *n* he actualizado el grid
DEBUG:root:MIXED_GRID: *n* no *n* he actualizado el grid
DEBUG:root:GENERATE_GRID: final grid value:
 [[-1. -1. -1. 15. -1. -1. -1.  7. -1. -1. -1. -1. -1.  7. -1.]
 [-1. 16. 15. 14. 13. 12. -1.  6.  7.  8.  9.  8.  7.  6. -1.]
 [-1. 15. 16. -1. 12. 11. -1.  5.  6.  7.  8.  7.  6.  5. -1.]
 [-1. 14. -1. -1. -1. 10. -1.  4.  5.  6.  7.  6.  5.  4. -1.]
 [-1. 13. 12. -1. 10.  9. -1.  3.  4.  5.  6.  5.  4.  3. -1.]
 [-1. 12. 11. 10.  9.  8. -1.  2.  3.  4.  5.  4.  3.  2. -1.]
 [-1. 11. 12. -1.  8.  7. -1.  1.  2.  3.  4.  3.  2.  1. -1.]
 [-1. 10. -1. -1. -1.  6. -1.  0.  1.  2.  3.  2.  1.  0. -1.]
 [-1.  9.  8. -1.  6.  5. -1.  1. -1. -1. -1. -1. -1.  1. -1.]
 [-1.  8.  7.  6.  5.  4.  3.  2.  3.  4.  5.  4.  3.  2. -1.]
 [-1.  9.  8.  7.  6.  5.  4.  3.  4.  5.  6.  5.  4.  3. -1.]
 [-1. 10.  9.  8.  7.  6.  5.  4.  5.  6.  7.  6.  5.  4. -1.]
 [-1. 11. 10.  9.  8.  7.  6.  5.  6.  7.  8.  7.  6.  5. -1.]
 [-1. 12. 11. 10.  9.  8.  7.  6.  7.  8.  9.  8.  7.  6. -1.]
 [-1. -1. -1. -1. -1. -1. -1. -1. -1. -1. -1. -1. -1. -1. -1.]]
DEBUG:root:
###################### NAVIGATE_MAP ######################
 my turbogoal is: [array([7., 7.]), array([ 7., 13.])](array)
DEBUG:root:Y 
 
o  X
DEBUG:root:+---+----+---+----+---+----+---+---+---+---+---+---+---+---+---+
|  |   |  |     |  |   |  |    |  |  |  |  |  |    |  |
+---+----+---+----+---+----+---+---+---+---+---+---+---+---+---+
|  | 16 |    | 14 |    | 12 |  | 6 |    | 8 |    | 8 |    | 6 |  |
+---+----+---+----+---+----+---+---+---+---+---+---+---+---+---+
|  |     |    |   |    |     |  |    |    |    |    |    |    |    |  |
+---+----+---+----+---+----+---+---+---+---+---+---+---+---+---+
|  | 14 |  |   |  | 10 |  | 4 |    | 6 |    | 6 |    | 4 |  |
+---+----+---+----+---+----+---+---+---+---+---+---+---+---+---+
|  |     |    |   |    |     |  |    |    |    |    |    |    |    |  |
+---+----+---+----+---+----+---+---+---+---+---+---+---+---+---+
|  | 12 |    | 10 |    | 8  |  | 2 |    | 4 |    | 4 |    | 2 |  |
+---+----+---+----+---+----+---+---+---+---+---+---+---+---+---+
|  |     |    |   |    |     |  |    |    |    |    |    |    |    |  |
+---+----+---+----+---+----+---+---+---+---+---+---+---+---+---+
|  | 10 |  |   |  | 6  |  | 0 |    | 2 |    | 2 |    | 0 |  |
+---+----+---+----+---+----+---+---+---+---+---+---+---+---+---+
|  |     |    |   |    |     |  |    |  |  |  |  |  |    |  |
+---+----+---+----+---+----+---+---+---+---+---+---+---+---+---+
|  | 8  |    | 6  |    | 4  |    | 2 |    | 4 |    | 4 |    | 2 |  |
+---+----+---+----+---+----+---+---+---+---+---+---+---+---+---+
|  |     |    |     |    |     |    |    |    |    |    |    |    |    |  |
+---+----+---+----+---+----+---+---+---+---+---+---+---+---+---+
|  | 10 |    | 8  |    | 6  |    | 4 |    | 6 |    | 6 |    | 4 |  |
+---+----+---+----+---+----+---+---+---+---+---+---+---+---+---+
|  |     |    |     |    |     |    |    |    |    |    |    |    |    |  |
+---+----+---+----+---+----+---+---+---+---+---+---+---+---+---+
|  | 12 |    | 10 |    | 8  |    | 6 |    | 8 |    | 8 |    | 6 |  |
+---+----+---+----+---+----+---+---+---+---+---+---+---+---+---+
|  |   |  |   |  |   |  |  |  |  |  |  |  |  |  |
+---+----+---+----+---+----+---+---+---+---+---+---+---+---+---+
DEBUG:root:GO_TO_CELL: relative move: 2
DEBUG:root:GO_TO_CELL: giro derecha y voy recto
DEBUG:root:
----------------------------------------------------------------------------

DEBUG:root:Y 
 
o  X
DEBUG:root:+---+----+---+----+---+----+---+---+---+---+---+---+---+---+---+
|  |   |  |     |  |   |  |    |  |  |  |  |  |    |  |
+---+----+---+----+---+----+---+---+---+---+---+---+---+---+---+
|  | 16 |    | 14 |    | 12 |  | 6 |    | 8 |    | 8 |    | 6 |  |
+---+----+---+----+---+----+---+---+---+---+---+---+---+---+---+
|  |     |    |   |    |     |  |    |    |    |    |    |    |    |  |
+---+----+---+----+---+----+---+---+---+---+---+---+---+---+---+
|  | 14 |  |   |  | 10 |  | 4 |    | 6 |    | 6 |    | 4 |  |
+---+----+---+----+---+----+---+---+---+---+---+---+---+---+---+
|  |     |    |   |    |     |  |    |    |    |    |    |    |    |  |
+---+----+---+----+---+----+---+---+---+---+---+---+---+---+---+
|  | 12 |    | 10 |    | 8  |  | 2 |    | 4 |    | 4 |    | 2 |  |
+---+----+---+----+---+----+---+---+---+---+---+---+---+---+---+
|  |     |    |   |    |     |  |    |    |    |    |    |    |    |  |
+---+----+---+----+---+----+---+---+---+---+---+---+---+---+---+
|  | 10 |  |   |  |   |  | 0 |    | 2 |    | 2 |    | 0 |  |
+---+----+---+----+---+----+---+---+---+---+---+---+---+---+---+
|  |     |    |   |    |     |  |    |  |  |  |  |  |    |  |
+---+----+---+----+---+----+---+---+---+---+---+---+---+---+---+
|  | 8  |    | 6  |    | 4  |    | 2 |    | 4 |    | 4 |    | 2 |  |
+---+----+---+----+---+----+---+---+---+---+---+---+---+---+---+
|  |     |    |     |    |     |    |    |    |    |    |    |    |    |  |
+---+----+---+----+---+----+---+---+---+---+---+---+---+---+---+
|  | 10 |    | 8  |    | 6  |    | 4 |    | 6 |    | 6 |    | 4 |  |
+---+----+---+----+---+----+---+---+---+---+---+---+---+---+---+
|  |     |    |     |    |     |    |    |    |    |    |    |    |    |  |
+---+----+---+----+---+----+---+---+---+---+---+---+---+---+---+
|  | 12 |    | 10 |    | 8  |    | 6 |    | 8 |    | 8 |    | 6 |  |
+---+----+---+----+---+----+---+---+---+---+---+---+---+---+---+
|  |   |  |   |  |   |  |  |  |  |  |  |  |  |  |
+---+----+---+----+---+----+---+---+---+---+---+---+---+---+---+
DEBUG:root:GO_TO_CELL: relative move: 6
DEBUG:root:GO_TO_CELL: giro izquierda y voy recto
WARNING:root:KeyboardInterrupt raised
WARNING:root:Abruptly stopped the robot!
DEBUG:matplotlib.font_manager:findfont: Matching :family=sans-serif:style=normal:variant=normal:weight=normal:stretch=normal:size=10.0 to DejaVu Sans ('/home/pi/.local/lib/python3.5/site-packages/matplotlib/mpl-data/fonts/ttf/DejaVuSans.ttf') with score of 0.050000.
DEBUG:matplotlib.axes._base:update_title_pos
DEBUG:matplotlib.axes._base:update_title_pos
DEBUG:matplotlib.axes._base:update_title_pos
